This file contains any messages produced by compilers while
running configure, to aid debugging if configure makes a mistake.

It was created by configure, which was
generated by GNU Autoconf 2.68.  Invocation command line was

  $ ./configure --with-gnome-prefix=/usr --prefix=/usr

## --------- ##
## Platform. ##
## --------- ##

hostname = solaris11.3
uname -m = i86pc
uname -r = 5.11
uname -s = SunOS
uname -v = 11.3

/usr/bin/uname -p = i386
/bin/uname -X     = System = SunOS
Node = solaris11.3
Release = 5.11
KernelID = 11.3
Machine = i86pc
BusType = <unknown>
Serial = <unknown>
Users = <unknown>
OEM# = 0
Origin# = 1
NumCPU = 1

/bin/arch              = i86pc
/usr/bin/arch -k       = i86pc
/usr/convex/getsysinfo = unknown
/usr/bin/hostinfo      = unknown
/bin/machine           = unknown
/usr/bin/oslevel       = unknown
/bin/universe          = unknown

PATH: /usr/gnu/bin
PATH: /opt/onbld/bin
PATH: /opt/onbld/bin/i386
PATH: /opt/developerstudio12.4/bin
PATH: .
PATH: /usr/bin
PATH: /usr/sbin


## ----------- ##
## Core tests. ##
## ----------- ##

configure:2282: checking for a BSD-compatible install
configure:2350: result: /usr/gnu/bin/install -c
configure:2361: checking whether build environment is sane
configure:2398: result: yes
configure:2423: checking for a thread-safe mkdir -p
configure:2462: result: /usr/gnu/bin/mkdir -p
configure:2475: checking for gawk
configure:2491: found /usr/bin/gawk
configure:2502: result: gawk
configure:2513: checking whether make sets $(MAKE)
configure:2535: result: yes
configure:2718: checking whether to enable maintainer-specific portions of Makefiles
configure:2727: result: no
configure:2753: checking for style of include used by make
configure:2781: result: GNU
configure:2851: checking for gcc
configure:2867: found /usr/bin/gcc
configure:2878: result: gcc
configure:3107: checking for C compiler version
configure:3116: gcc --version >&5
gcc (GCC) 4.7.3
Copyright (C) 2012 Free Software Foundation, Inc.
This is free software; see the source for copying conditions.  There is NO
warranty; not even for MERCHANTABILITY or FITNESS FOR A PARTICULAR PURPOSE.

configure:3127: $? = 0
configure:3116: gcc -v >&5
Using built-in specs.
COLLECT_GCC=gcc
COLLECT_LTO_WRAPPER=/usr/gcc/4.7/lib/gcc/i386-pc-solaris2.11/4.7.3/lto-wrapper
Target: i386-pc-solaris2.11
Configured with: /builds/hudson/workspace/nightly-update/build/i386/components/gcc47/gcc-4.7.3/configure CC=/ws/on11update-tools/SUNWspro/sunstudio12.1/bin/cc CXX=/ws/on11update-tools/SUNWspro/sunstudio12.1/bin/CC --prefix=/usr/gcc/4.7 --mandir=/usr/gcc/4.7/share/man --bindir=/usr/gcc/4.7/bin --libdir=/usr/gcc/4.7/lib --sbindir=/usr/gcc/4.7/sbin --infodir=/usr/gcc/4.7/share/info --libexecdir=/usr/gcc/4.7/lib --enable-languages=c,c++,fortran,objc --enable-shared --with-gmp-include=/usr/include/gmp --with-mpfr-include=/usr/include/mpfr --without-gnu-ld --with-ld=/usr/bin/ld --with-gnu-as --with-as=/usr/gnu/bin/as CFLAGS='-g -O2 ' CXXFLAGS='-g -O2 '
Thread model: posix
gcc version 4.7.3 (GCC) 
configure:3127: $? = 0
configure:3116: gcc -V >&5
gcc: error: unrecognized command line option '-V'
gcc: fatal error: no input files
compilation terminated.
configure:3127: $? = 1
configure:3116: gcc -qversion >&5
gcc: error: unrecognized command line option '-qversion'
gcc: fatal error: no input files
compilation terminated.
configure:3127: $? = 1
configure:3147: checking whether the C compiler works
configure:3169: gcc -g -m64    -Wl,-zignore -Wl,-zcombreloc -Wl,-Bdirect  conftest.c  >&5
configure:3173: $? = 0
configure:3221: result: yes
configure:3224: checking for C compiler default output file name
configure:3226: result: a.out
configure:3232: checking for suffix of executables
configure:3239: gcc -o conftest -g -m64    -Wl,-zignore -Wl,-zcombreloc -Wl,-Bdirect  conftest.c  >&5
configure:3243: $? = 0
configure:3265: result: 
configure:3287: checking whether we are cross compiling
configure:3295: gcc -o conftest -g -m64    -Wl,-zignore -Wl,-zcombreloc -Wl,-Bdirect  conftest.c  >&5
configure:3299: $? = 0
configure:3306: ./conftest
configure:3310: $? = 0
configure:3325: result: no
configure:3330: checking for suffix of object files
configure:3352: gcc -c -g -m64  conftest.c >&5
configure:3356: $? = 0
configure:3377: result: o
configure:3381: checking whether we are using the GNU C compiler
configure:3400: gcc -c -g -m64  conftest.c >&5
configure:3400: $? = 0
configure:3409: result: yes
configure:3418: checking whether gcc accepts -g
configure:3438: gcc -c -g  conftest.c >&5
configure:3438: $? = 0
configure:3479: result: yes
configure:3496: checking for gcc option to accept ISO C89
configure:3560: gcc  -c -g -m64  conftest.c >&5
configure:3560: $? = 0
configure:3573: result: none needed
configure:3595: checking dependency style of gcc
configure:3686: result: gcc3
configure:3702: checking for library containing strerror
configure:3733: gcc -o conftest -g -m64    -Wl,-zignore -Wl,-zcombreloc -Wl,-Bdirect  conftest.c  >&5
configure:3733: $? = 0
configure:3750: result: none required
configure:3806: checking for gcc
configure:3833: result: gcc
configure:4062: checking for C compiler version
configure:4071: gcc --version >&5
gcc (GCC) 4.7.3
Copyright (C) 2012 Free Software Foundation, Inc.
This is free software; see the source for copying conditions.  There is NO
warranty; not even for MERCHANTABILITY or FITNESS FOR A PARTICULAR PURPOSE.

configure:4082: $? = 0
configure:4071: gcc -v >&5
Using built-in specs.
COLLECT_GCC=gcc
COLLECT_LTO_WRAPPER=/usr/gcc/4.7/lib/gcc/i386-pc-solaris2.11/4.7.3/lto-wrapper
Target: i386-pc-solaris2.11
Configured with: /builds/hudson/workspace/nightly-update/build/i386/components/gcc47/gcc-4.7.3/configure CC=/ws/on11update-tools/SUNWspro/sunstudio12.1/bin/cc CXX=/ws/on11update-tools/SUNWspro/sunstudio12.1/bin/CC --prefix=/usr/gcc/4.7 --mandir=/usr/gcc/4.7/share/man --bindir=/usr/gcc/4.7/bin --libdir=/usr/gcc/4.7/lib --sbindir=/usr/gcc/4.7/sbin --infodir=/usr/gcc/4.7/share/info --libexecdir=/usr/gcc/4.7/lib --enable-languages=c,c++,fortran,objc --enable-shared --with-gmp-include=/usr/include/gmp --with-mpfr-include=/usr/include/mpfr --without-gnu-ld --with-ld=/usr/bin/ld --with-gnu-as --with-as=/usr/gnu/bin/as CFLAGS='-g -O2 ' CXXFLAGS='-g -O2 '
Thread model: posix
gcc version 4.7.3 (GCC) 
configure:4082: $? = 0
configure:4071: gcc -V >&5
gcc: error: unrecognized command line option '-V'
gcc: fatal error: no input files
compilation terminated.
configure:4082: $? = 1
configure:4071: gcc -qversion >&5
gcc: error: unrecognized command line option '-qversion'
gcc: fatal error: no input files
compilation terminated.
configure:4082: $? = 1
configure:4086: checking whether we are using the GNU C compiler
configure:4114: result: yes
configure:4123: checking whether gcc accepts -g
configure:4184: result: yes
configure:4201: checking for gcc option to accept ISO C89
configure:4278: result: none needed
configure:4300: checking dependency style of gcc
configure:4391: result: gcc3
configure:4435: checking build system type
configure:4449: result: i386-pc-solaris2.11
configure:4469: checking host system type
configure:4482: result: i386-pc-solaris2.11
configure:4523: checking how to print strings
configure:4552: result: print -r
configure:4571: checking for a sed that does not truncate output
configure:4635: result: /usr/gnu/bin/sed
configure:4653: checking for grep that handles long lines and -e
configure:4711: result: /usr/gnu/bin/grep
configure:4716: checking for egrep
configure:4778: result: /usr/gnu/bin/grep -E
configure:4783: checking for fgrep
configure:4845: result: /usr/gnu/bin/grep -F
configure:4880: checking for ld used by gcc
configure:4947: result: /usr/bin/ld
configure:4954: checking if the linker (/usr/bin/ld) is GNU ld
configure:4969: result: no
configure:4981: checking for BSD- or MS-compatible name lister (nm)
configure:5030: result: /usr/gnu/bin/nm -B
configure:5160: checking the name lister (/usr/gnu/bin/nm -B) interface
configure:5167: gcc -c -g -m64  conftest.c >&5
configure:5170: /usr/gnu/bin/nm -B "conftest.o"
configure:5173: output
0000000000000000 B some_variable
configure:5180: result: BSD nm
configure:5183: checking whether ln -s works
configure:5187: result: yes
configure:5195: checking the maximum length of command line arguments
configure:5325: result: 786240
configure:5342: checking whether the shell understands some XSI constructs
configure:5352: result: yes
configure:5356: checking whether the shell understands "+="
configure:5362: result: yes
configure:5397: checking how to convert i386-pc-solaris2.11 file names to i386-pc-solaris2.11 format
configure:5437: result: func_convert_file_noop
configure:5444: checking how to convert i386-pc-solaris2.11 file names to toolchain format
configure:5464: result: func_convert_file_noop
configure:5471: checking for /usr/bin/ld option to reload object files
configure:5478: result: -r
configure:5552: checking for objdump
configure:5568: found /usr/gnu/bin/objdump
configure:5579: result: objdump
configure:5611: checking how to recognize dependent libraries
configure:5813: result: pass_all
configure:5898: checking for dlltool
configure:5928: result: no
configure:5958: checking how to associate runtime and link libraries
configure:5985: result: print -r --
configure:6045: checking for ar
configure:6061: found /usr/gnu/bin/ar
configure:6072: result: ar
configure:6109: checking for archiver @FILE support
configure:6126: gcc -c -g -m64  conftest.c >&5
configure:6126: $? = 0
configure:6129: ar cru libconftest.a @conftest.lst >&5
configure:6132: $? = 0
configure:6137: ar cru libconftest.a @conftest.lst >&5
ar: conftest.o: No such file or directory
configure:6140: $? = 1
configure:6152: result: @
configure:6210: checking for strip
configure:6226: found /usr/bin/strip
configure:6237: result: strip
configure:6309: checking for ranlib
configure:6325: found /usr/gnu/bin/ranlib
configure:6336: result: ranlib
configure:6438: checking command to parse /usr/gnu/bin/nm -B output from gcc object
configure:6558: gcc -c -g -m64  conftest.c >&5
configure:6561: $? = 0
configure:6565: /usr/gnu/bin/nm -B conftest.o \| sed -n -e 's/^.*[ ]\([ABCDGIRSTW][ABCDGIRSTW]*\)[ ][ ]*\([_A-Za-z][_A-Za-z0-9]*\)$/\1 \2 \2/p' | sed '/ __gnu_lto/d' \> conftest.nm
configure:6568: $? = 0
configure:6634: gcc -o conftest -g -m64    -Wl,-zignore -Wl,-zcombreloc -Wl,-Bdirect  conftest.c conftstm.o >&5
configure:6637: $? = 0
configure:6675: result: ok
configure:6712: checking for sysroot
configure:6742: result: no
configure:6918: gcc -c -g -m64  conftest.c >&5
configure:6921: $? = 0
configure:6998: checking for mt
configure:7014: found /usr/bin/mt
configure:7025: result: mt
configure:7048: checking if mt is a manifest tool
configure:7054: mt '-?'
mt: unknown command: -?
configure:7062: result: no
configure:7704: checking how to run the C preprocessor
configure:7735: gcc -E  conftest.c
configure:7735: $? = 0
configure:7749: gcc -E  conftest.c
conftest.c:11:28: fatal error: ac_nonexistent.h: No such file or directory
compilation terminated.
configure:7749: $? = 1
configure: failed program was:
| /* confdefs.h */
| #define PACKAGE_NAME ""
| #define PACKAGE_TARNAME ""
| #define PACKAGE_VERSION ""
| #define PACKAGE_STRING ""
| #define PACKAGE_BUGREPORT ""
| #define PACKAGE_URL ""
| #define PACKAGE "libgnometsol"
| #define VERSION "0.6.2"
| /* end confdefs.h.  */
| #include <ac_nonexistent.h>
configure:7774: result: gcc -E
configure:7794: gcc -E  conftest.c
configure:7794: $? = 0
configure:7808: gcc -E  conftest.c
conftest.c:11:28: fatal error: ac_nonexistent.h: No such file or directory
compilation terminated.
configure:7808: $? = 1
configure: failed program was:
| /* confdefs.h */
| #define PACKAGE_NAME ""
| #define PACKAGE_TARNAME ""
| #define PACKAGE_VERSION ""
| #define PACKAGE_STRING ""
| #define PACKAGE_BUGREPORT ""
| #define PACKAGE_URL ""
| #define PACKAGE "libgnometsol"
| #define VERSION "0.6.2"
| /* end confdefs.h.  */
| #include <ac_nonexistent.h>
configure:7837: checking for ANSI C header files
configure:7857: gcc -c -g -m64  conftest.c >&5
configure:7857: $? = 0
configure:7930: gcc -o conftest -g -m64    -Wl,-zignore -Wl,-zcombreloc -Wl,-Bdirect  conftest.c  >&5
configure:7930: $? = 0
configure:7930: ./conftest
configure:7930: $? = 0
configure:7941: result: yes
configure:7954: checking for sys/types.h
configure:7954: gcc -c -g -m64  conftest.c >&5
configure:7954: $? = 0
configure:7954: result: yes
configure:7954: checking for sys/stat.h
configure:7954: gcc -c -g -m64  conftest.c >&5
configure:7954: $? = 0
configure:7954: result: yes
configure:7954: checking for stdlib.h
configure:7954: gcc -c -g -m64  conftest.c >&5
configure:7954: $? = 0
configure:7954: result: yes
configure:7954: checking for string.h
configure:7954: gcc -c -g -m64  conftest.c >&5
configure:7954: $? = 0
configure:7954: result: yes
configure:7954: checking for memory.h
configure:7954: gcc -c -g -m64  conftest.c >&5
configure:7954: $? = 0
configure:7954: result: yes
configure:7954: checking for strings.h
configure:7954: gcc -c -g -m64  conftest.c >&5
configure:7954: $? = 0
configure:7954: result: yes
configure:7954: checking for inttypes.h
configure:7954: gcc -c -g -m64  conftest.c >&5
configure:7954: $? = 0
configure:7954: result: yes
configure:7954: checking for stdint.h
configure:7954: gcc -c -g -m64  conftest.c >&5
configure:7954: $? = 0
configure:7954: result: yes
configure:7954: checking for unistd.h
configure:7954: gcc -c -g -m64  conftest.c >&5
configure:7954: $? = 0
configure:7954: result: yes
configure:7968: checking for dlfcn.h
configure:7968: gcc -c -g -m64  conftest.c >&5
configure:7968: $? = 0
configure:7968: result: yes
configure:8174: checking for objdir
configure:8189: result: .libs
configure:8456: checking if gcc supports -fno-rtti -fno-exceptions
configure:8474: gcc -c -g -m64  -fno-rtti -fno-exceptions conftest.c >&5
cc1: warning: command line option '-fno-rtti' is valid for C++/ObjC++ but not for C [enabled by default]
configure:8478: $? = 0
configure:8491: result: no
configure:8818: checking for gcc option to produce PIC
configure:8825: result: -fPIC -DPIC
configure:8833: checking if gcc PIC flag -fPIC -DPIC works
configure:8851: gcc -c -g -m64  -fPIC -DPIC -DPIC conftest.c >&5
configure:8855: $? = 0
configure:8868: result: yes
configure:8897: checking if gcc static flag -static works
configure:8925: result: no
configure:8940: checking if gcc supports -c -o file.o
configure:8961: gcc -c -g -m64  -o out/conftest2.o conftest.c >&5
configure:8965: $? = 0
configure:8987: result: yes
configure:8995: checking if gcc supports -c -o file.o
configure:9042: result: yes
configure:9075: checking whether the gcc linker (/usr/bin/ld -64) supports shared libraries
configure:10228: result: yes
configure:10265: checking whether -lc should be explicitly linked in
configure:10273: gcc -c -g -m64  conftest.c >&5
configure:10276: $? = 0
configure:10291: gcc -shared  -fPIC -DPIC -Wl,-z -Wl,text -Wl,-h -Wl,conftest -o conftest conftest.o  -v 2\>\&1 \| /usr/gnu/bin/grep  -lc  \>/dev/null 2\>\&1
configure:10294: $? = 0
configure:10308: result: no
configure:10468: checking dynamic linker characteristics
configure:11201: result: solaris2.11 ld.so
configure:11308: checking how to hardcode library paths into programs
configure:11333: result: immediate
configure:11873: checking whether stripping libraries is possible
configure:11895: result: no
configure:11913: checking if libtool supports shared libraries
configure:11915: result: yes
configure:11918: checking whether to build shared libraries
configure:11939: result: yes
configure:11942: checking whether to build static libraries
configure:11946: result: yes
configure:11984: checking whether NLS is requested
configure:11993: result: yes
configure:12008: checking for intltool >= 0.35.5
configure:12015: result: 0.40.6 found
configure:12023: checking for intltool-update
configure:12041: found /usr/bin/intltool-update
configure:12053: result: /usr/bin/intltool-update
configure:12063: checking for intltool-merge
configure:12081: found /usr/bin/intltool-merge
configure:12093: result: /usr/bin/intltool-merge
configure:12103: checking for intltool-extract
configure:12121: found /usr/bin/intltool-extract
configure:12133: result: /usr/bin/intltool-extract
configure:12264: checking for xgettext
configure:12282: found /usr/gnu/bin/xgettext
configure:12294: result: /usr/gnu/bin/xgettext
configure:12304: checking for msgmerge
configure:12322: found /usr/bin/msgmerge
configure:12334: result: /usr/bin/msgmerge
configure:12344: checking for msgfmt
configure:12362: found /usr/gnu/bin/msgfmt
configure:12374: result: /usr/gnu/bin/msgfmt
configure:12384: checking for gmsgfmt
configure:12402: found /usr/bin/gmsgfmt
configure:12415: result: /usr/bin/gmsgfmt
configure:12434: checking for perl
configure:12452: found /usr/bin/perl
configure:12464: result: /usr/bin/perl
configure:12475: checking for perl >= 5.8.1
configure:12482: result: 5.12.5
configure:12486: checking for XML::Parser
configure:12489: result: ok
configure:12514: gcc -o conftest -g -m64    -Wl,-zignore -Wl,-zcombreloc -Wl,-Bdirect  conftest.c  >&5
configure:12514: $? = 0
configure:12613: checking what warning flags to pass to the C compiler
configure:12615: result: -Wall -Wmissing-prototypes
configure:12626: checking what language compliance flags to pass to the C compiler
configure:12641: result: 
configure:12698: checking for pkg-config
configure:12716: found /usr/bin/pkg-config
configure:12728: result: /usr/bin/pkg-config
configure:12753: checking pkg-config is at least version 0.9.0
configure:12756: result: yes
configure:12767: checking for LIBGNOMETSOL
configure:12774: $PKG_CONFIG --exists --print-errors "glib-2.0 gtk+-2.0 libgnomeui-2.0"
configure:12777: $? = 0
configure:12790: $PKG_CONFIG --exists --print-errors "glib-2.0 gtk+-2.0 libgnomeui-2.0"
configure:12793: $? = 0
configure:12847: result: yes
configure:12860: checking for pam_start in -lpam
configure:12885: gcc -o conftest -g -m64    -Wl,-zignore -Wl,-zcombreloc -Wl,-Bdirect  -L/usr/openwin/lib -R/usr/openwin/lib conftest.c -lpam -lsecdb -lcontract -lcmd  >&5
configure:12885: $? = 0
configure:12894: result: yes
configure:12930: checking locale.h usability
configure:12930: gcc -c -g -m64  conftest.c >&5
configure:12930: $? = 0
configure:12930: result: yes
configure:12930: checking locale.h presence
configure:12930: gcc -E  conftest.c
configure:12930: $? = 0
configure:12930: result: yes
configure:12930: checking for locale.h
configure:12930: result: yes
configure:12941: checking for LC_MESSAGES
configure:12957: gcc -o conftest -g -m64    -Wl,-zignore -Wl,-zcombreloc -Wl,-Bdirect  -lsecdb -lpam -lcontract -lcmd conftest.c  >&5
configure:12957: $? = 0
configure:12965: result: yes
configure:12982: checking libintl.h usability
configure:12982: gcc -c -g -m64  conftest.c >&5
configure:12982: $? = 0
configure:12982: result: yes
configure:12982: checking libintl.h presence
configure:12982: gcc -E  conftest.c
configure:12982: $? = 0
configure:12982: result: yes
configure:12982: checking for libintl.h
configure:12982: result: yes
configure:12990: checking for ngettext in libc
configure:13008: gcc -o conftest -g -m64    -Wl,-zignore -Wl,-zcombreloc -Wl,-Bdirect  -lsecdb -lpam -lcontract -lcmd conftest.c  >&5
configure:13008: $? = 0
configure:13017: result: yes
configure:13021: checking for dgettext in libc
configure:13039: gcc -o conftest -g -m64    -Wl,-zignore -Wl,-zcombreloc -Wl,-Bdirect  -lsecdb -lpam -lcontract -lcmd conftest.c  >&5
configure:13039: $? = 0
configure:13048: result: yes
configure:13055: checking for bind_textdomain_codeset
configure:13055: gcc -o conftest -g -m64    -Wl,-zignore -Wl,-zcombreloc -Wl,-Bdirect  -lsecdb -lpam -lcontract -lcmd conftest.c  >&5
configure:13055: $? = 0
configure:13055: result: yes
configure:13331: checking for msgfmt
configure:13358: result: /usr/gnu/bin/msgfmt
configure:13369: checking for dcgettext
configure:13369: gcc -o conftest -g -m64    -Wl,-zignore -Wl,-zcombreloc -Wl,-Bdirect  -lsecdb -lpam -lcontract -lcmd conftest.c   >&5
conftest.c:51:6: warning: conflicting types for built-in function 'dcgettext' [enabled by default]
configure:13369: $? = 0
configure:13369: result: yes
configure:13379: checking if msgfmt accepts -c
configure:13394: $MSGFMT -c -o /dev/null conftest.foo
configure:13397: $? = 0
configure:13399: result: yes
configure:13409: checking for gmsgfmt
configure:13440: result: /usr/bin/gmsgfmt
configure:13450: checking for xgettext
configure:13477: result: /usr/gnu/bin/xgettext
configure:13496: gcc -o conftest -g -m64    -Wl,-zignore -Wl,-zcombreloc -Wl,-Bdirect  -lsecdb -lpam -lcontract -lcmd conftest.c   >&5
configure:13496: $? = 0
configure:13779: creating ./config.status

## ---------------------- ##
## Running config.status. ##
## ---------------------- ##

This file was extended by config.status, which was
generated by GNU Autoconf 2.68.  Invocation command line was

  CONFIG_FILES    = 
  CONFIG_HEADERS  = 
  CONFIG_LINKS    = 
  CONFIG_COMMANDS = 
  $ ./config.status 

on solaris11.3

config.status:1173: creating Makefile
config.status:1173: creating po/Makefile.in
config.status:1173: creating src/Makefile
config.status:1173: creating libgnometsol.pc
config.status:1173: creating config.h
config.status:1401: executing depfiles commands
config.status:1401: executing libtool commands
config.status:1401: executing default-1 commands
config.status:1401: executing po/stamp-it commands
configure:16030: WARNING: unrecognized options: --with-gnome-prefix

## ---------------- ##
## Cache variables. ##
## ---------------- ##

ac_cv_build=i386-pc-solaris2.11
ac_cv_c_compiler_gnu=yes
ac_cv_env_CC_set=''
ac_cv_env_CC_value=''
ac_cv_env_CFLAGS_set=set
ac_cv_env_CFLAGS_value='-g -m64'
ac_cv_env_CPPFLAGS_set=''
ac_cv_env_CPPFLAGS_value=''
ac_cv_env_CPP_set=''
ac_cv_env_CPP_value=''
ac_cv_env_LDFLAGS_set=set
ac_cv_env_LDFLAGS_value='  -Wl,-zignore -Wl,-zcombreloc -Wl,-Bdirect '
ac_cv_env_LIBGNOMETSOL_CFLAGS_set=''
ac_cv_env_LIBGNOMETSOL_CFLAGS_value=''
ac_cv_env_LIBGNOMETSOL_LIBS_set=''
ac_cv_env_LIBGNOMETSOL_LIBS_value=''
ac_cv_env_LIBS_set=''
ac_cv_env_LIBS_value=''
ac_cv_env_PKG_CONFIG_set=''
ac_cv_env_PKG_CONFIG_value=''
ac_cv_env_build_alias_set=''
ac_cv_env_build_alias_value=''
ac_cv_env_host_alias_set=''
ac_cv_env_host_alias_value=''
ac_cv_env_target_alias_set=''
ac_cv_env_target_alias_value=''
ac_cv_func_bind_textdomain_codeset=yes
ac_cv_func_dcgettext=yes
ac_cv_header_dlfcn_h=yes
ac_cv_header_inttypes_h=yes
ac_cv_header_libintl_h=yes
ac_cv_header_locale_h=yes
ac_cv_header_memory_h=yes
ac_cv_header_stdc=yes
ac_cv_header_stdint_h=yes
ac_cv_header_stdlib_h=yes
ac_cv_header_string_h=yes
ac_cv_header_strings_h=yes
ac_cv_header_sys_stat_h=yes
ac_cv_header_sys_types_h=yes
ac_cv_header_unistd_h=yes
ac_cv_host=i386-pc-solaris2.11
ac_cv_lib_pam_pam_start=yes
ac_cv_objext=o
ac_cv_path_EGREP='/usr/gnu/bin/grep -E'
ac_cv_path_FGREP='/usr/gnu/bin/grep -F'
ac_cv_path_GMSGFMT=/usr/bin/gmsgfmt
ac_cv_path_GREP=/usr/gnu/bin/grep
ac_cv_path_INTLTOOL_EXTRACT=/usr/bin/intltool-extract
ac_cv_path_INTLTOOL_MERGE=/usr/bin/intltool-merge
ac_cv_path_INTLTOOL_PERL=/usr/bin/perl
ac_cv_path_INTLTOOL_UPDATE=/usr/bin/intltool-update
ac_cv_path_MSGFMT=/usr/gnu/bin/msgfmt
ac_cv_path_MSGMERGE=/usr/bin/msgmerge
ac_cv_path_SED=/usr/gnu/bin/sed
ac_cv_path_XGETTEXT=/usr/gnu/bin/xgettext
ac_cv_path_ac_pt_PKG_CONFIG=/usr/bin/pkg-config
ac_cv_path_install='/usr/gnu/bin/install -c'
ac_cv_path_mkdir=/usr/gnu/bin/mkdir
ac_cv_prog_AWK=gawk
ac_cv_prog_CPP='gcc -E'
ac_cv_prog_ac_ct_AR=ar
ac_cv_prog_ac_ct_CC=gcc
ac_cv_prog_ac_ct_MANIFEST_TOOL=mt
ac_cv_prog_ac_ct_OBJDUMP=objdump
ac_cv_prog_ac_ct_RANLIB=ranlib
ac_cv_prog_ac_ct_STRIP=strip
ac_cv_prog_cc_c89=''
ac_cv_prog_cc_g=yes
ac_cv_prog_make_make_set=yes
ac_cv_search_strerror='none required'
am_cv_CC_dependencies_compiler_type=gcc3
am_cv_val_LC_MESSAGES=yes
gt_cv_func_dgettext_libc=yes
gt_cv_func_dgettext_libintl=no
gt_cv_func_ngettext_libc=yes
gt_cv_have_gettext=yes
lt_cv_ar_at_file=@
lt_cv_archive_cmds_need_lc=no
lt_cv_deplibs_check_method=pass_all
lt_cv_file_magic_cmd='$MAGIC_CMD'
lt_cv_file_magic_test_file=''
lt_cv_ld_reload_flag=-r
lt_cv_nm_interface='BSD nm'
lt_cv_objdir=.libs
lt_cv_path_LD=/usr/bin/ld
lt_cv_path_NM='/usr/gnu/bin/nm -B'
lt_cv_path_mainfest_tool=no
lt_cv_prog_compiler_c_o=yes
lt_cv_prog_compiler_pic='-fPIC -DPIC'
lt_cv_prog_compiler_pic_works=yes
lt_cv_prog_compiler_rtti_exceptions=no
lt_cv_prog_compiler_static_works=no
lt_cv_prog_gnu_ld=no
lt_cv_sharedlib_from_linklib_cmd='print -r --'
lt_cv_sys_global_symbol_pipe=$'sed -n -e \'s/^.*[\t ]\\([ABCDGIRSTW][ABCDGIRSTW]*\\)[\t ][\t ]*\\([_A-Za-z][_A-Za-z0-9]*\\)$/\\1 \\2 \\2/p\' | sed \'/ __gnu_lto/d\''
lt_cv_sys_global_symbol_to_c_name_address=$'sed -n -e \'s/^: \\([^ ]*\\)[ ]*$/  {\\"\\1\\", (void *) 0},/p\' -e \'s/^[ABCDGIRSTW]* \\([^ ]*\\) \\([^ ]*\\)$/  {"\\2", (void *) \\&\\2},/p\''
lt_cv_sys_global_symbol_to_c_name_address_lib_prefix=$'sed -n -e \'s/^: \\([^ ]*\\)[ ]*$/  {\\"\\1\\", (void *) 0},/p\' -e \'s/^[ABCDGIRSTW]* \\([^ ]*\\) \\(lib[^ ]*\\)$/  {"\\2", (void *) \\&\\2},/p\' -e \'s/^[ABCDGIRSTW]* \\([^ ]*\\) \\([^ ]*\\)$/  {"lib\\2", (void *) \\&\\2},/p\''
lt_cv_sys_global_symbol_to_cdecl=$'sed -n -e \'s/^T .* \\(.*\\)$/extern int \\1();/p\' -e \'s/^[ABCDGIRSTW]* .* \\(.*\\)$/extern char \\1;/p\''
lt_cv_sys_max_cmd_len=786240
lt_cv_to_host_file_cmd=func_convert_file_noop
lt_cv_to_tool_file_cmd=func_convert_file_noop
pkg_cv_LIBGNOMETSOL_CFLAGS='-D_REENTRANT -D_POSIX_PTHREAD_SEMANTICS -D_PTHREADS -DORBIT2=1 -I/usr/include/glib-2.0 -I/usr/lib/amd64/glib-2.0/include -I/usr/include/gtk-2.0 -I/usr/lib/amd64/gtk-2.0/include -I/usr/include/atk-1.0 -I/usr/include/cairo -I/usr/include/pango-1.0 -I/usr/include/gio-unix-2.0/ -I/usr/include/pixman-1 -I/usr/include/freetype2 -I/usr/include/libpng12 -I/usr/include/libgnomeui-2.0 -I/usr/include/libart-2.0 -I/usr/include/gconf/2 -I/usr/include/gnome-keyring-1 -I/usr/include/libgnome-2.0 -I/usr/include/libbonoboui-2.0 -I/usr/include/libgnomecanvas-2.0 -I/usr/include/gnome-vfs-2.0 -I/usr/lib/amd64/gnome-vfs-2.0/include -I/usr/include/orbit-2.0 -I/usr/include/dbus-1.0 -I/usr/lib/amd64/dbus-1.0/include -I/usr/include/libbonobo-2.0 -I/usr/include/bonobo-activation-2.0 -I/usr/include/libxml2 -I/usr/include/gail-1.0  '
pkg_cv_LIBGNOMETSOL_LIBS='-L/usr/lib/amd64 -lgnomeui-2 -lSM -lICE -lbonoboui-2 -lgnomevfs-2 -lgnomecanvas-2 -lgnome-2 -lpopt -lbonobo-2 -lbonobo-activation -lORBit-2 -lart_lgpl_2 -lgtk-x11-2.0 -lsecdb -ltsol -lgdk-x11-2.0 -latk-1.0 -lpangoft2-1.0 -lgdk_pixbuf-2.0 -lm -lpangocairo-1.0 -lXext -lXrender -lXinerama -lXi -lXrandr -lXcursor -lXcomposite -lXdamage -lgio-2.0 -lXfixes -lcairo -lX11 -lpango-1.0 -lfreetype -lfontconfig -lgconf-2 -lgmodule-2.0 -lgobject-2.0 -lgthread-2.0 -lpthread -lglib-2.0  '

## ----------------- ##
## Output variables. ##
## ----------------- ##

ACLOCAL='${SHELL} /export/home/gfaden/packages/BUILD/libgnometsol-0.6.2/missing --run aclocal-1.10'
ALL_LINGUAS=''
AMDEPBACKSLASH='\'
AMDEP_FALSE='#'
AMDEP_TRUE=''
AMTAR='${SHELL} /export/home/gfaden/packages/BUILD/libgnometsol-0.6.2/missing --run tar'
AR='ar'
AUTOCONF='${SHELL} /export/home/gfaden/packages/BUILD/libgnometsol-0.6.2/missing --run autoconf'
AUTOHEADER='${SHELL} /export/home/gfaden/packages/BUILD/libgnometsol-0.6.2/missing --run autoheader'
AUTOMAKE='${SHELL} /export/home/gfaden/packages/BUILD/libgnometsol-0.6.2/missing --run automake-1.10'
AWK='gawk'
CATALOGS=''
CATOBJEXT='.gmo'
CC='gcc'
CCDEPMODE='depmode=gcc3'
CFLAGS='-g -m64'
CPP='gcc -E'
CPPFLAGS=''
CYGPATH_W='echo'
DATADIRNAME='share'
DEFS='-DHAVE_CONFIG_H'
DEPDIR='.deps'
DLLTOOL='false'
DSYMUTIL=''
DUMPBIN=''
ECHO_C='\c'
ECHO_N=''
ECHO_T=''
EGREP='/usr/gnu/bin/grep -E'
EXEEXT=''
FGREP='/usr/gnu/bin/grep -F'
GETTEXT_PACKAGE='libgnometsol-0.5'
GMOFILES=''
GMSGFMT='/usr/bin/gmsgfmt'
GREP='/usr/gnu/bin/grep'
INSTALL_DATA='${INSTALL} -m 644'
INSTALL_PROGRAM='${INSTALL}'
INSTALL_SCRIPT='${INSTALL}'
INSTALL_STRIP_PROGRAM='$(install_sh) -c -s'
INSTOBJEXT='.mo'
INTLLIBS=''
INTLTOOL_CAVES_RULE='%.caves:     %.caves.in     $(INTLTOOL_MERGE) $(wildcard $(top_srcdir)/po/*.po) ; LC_ALL=C $(INTLTOOL_MERGE) -d -u -c $(top_builddir)/po/.intltool-merge-cache $(top_srcdir)/po $< $@'
INTLTOOL_DESKTOP_RULE='%.desktop:   %.desktop.in   $(INTLTOOL_MERGE) $(wildcard $(top_srcdir)/po/*.po) ; LC_ALL=C $(INTLTOOL_MERGE) -d -u -c $(top_builddir)/po/.intltool-merge-cache $(top_srcdir)/po $< $@'
INTLTOOL_DIRECTORY_RULE='%.directory: %.directory.in $(INTLTOOL_MERGE) $(wildcard $(top_srcdir)/po/*.po) ; LC_ALL=C $(INTLTOOL_MERGE) -d -u -c $(top_builddir)/po/.intltool-merge-cache $(top_srcdir)/po $< $@'
INTLTOOL_EXTRACT='/usr/bin/intltool-extract'
INTLTOOL_KBD_RULE='%.kbd:       %.kbd.in       $(INTLTOOL_MERGE) $(wildcard $(top_srcdir)/po/*.po) ; LC_ALL=C $(INTLTOOL_MERGE) -x -u -m -c $(top_builddir)/po/.intltool-merge-cache $(top_srcdir)/po $< $@'
INTLTOOL_KEYS_RULE='%.keys:      %.keys.in      $(INTLTOOL_MERGE) $(wildcard $(top_srcdir)/po/*.po) ; LC_ALL=C $(INTLTOOL_MERGE) -k -u -c $(top_builddir)/po/.intltool-merge-cache $(top_srcdir)/po $< $@'
INTLTOOL_MERGE='/usr/bin/intltool-merge'
INTLTOOL_OAF_RULE='%.oaf:       %.oaf.in       $(INTLTOOL_MERGE) $(wildcard $(top_srcdir)/po/*.po) ; LC_ALL=C $(INTLTOOL_MERGE) -o -p $(top_srcdir)/po $< $@'
INTLTOOL_PERL='/usr/bin/perl'
INTLTOOL_POLICY_RULE='%.policy:    %.policy.in    $(INTLTOOL_MERGE) $(wildcard $(top_srcdir)/po/*.po) ; LC_ALL=C $(INTLTOOL_MERGE) -x -u -c $(top_builddir)/po/.intltool-merge-cache $(top_srcdir)/po $< $@'
INTLTOOL_PONG_RULE='%.pong:      %.pong.in      $(INTLTOOL_MERGE) $(wildcard $(top_srcdir)/po/*.po) ; LC_ALL=C $(INTLTOOL_MERGE) -x -u -c $(top_builddir)/po/.intltool-merge-cache $(top_srcdir)/po $< $@'
INTLTOOL_PROP_RULE='%.prop:      %.prop.in      $(INTLTOOL_MERGE) $(wildcard $(top_srcdir)/po/*.po) ; LC_ALL=C $(INTLTOOL_MERGE) -d -u -c $(top_builddir)/po/.intltool-merge-cache $(top_srcdir)/po $< $@'
INTLTOOL_SCHEMAS_RULE='%.schemas:   %.schemas.in   $(INTLTOOL_MERGE) $(wildcard $(top_srcdir)/po/*.po) ; LC_ALL=C $(INTLTOOL_MERGE) -s -u -c $(top_builddir)/po/.intltool-merge-cache $(top_srcdir)/po $< $@'
INTLTOOL_SERVER_RULE='%.server:    %.server.in    $(INTLTOOL_MERGE) $(wildcard $(top_srcdir)/po/*.po) ; LC_ALL=C $(INTLTOOL_MERGE) -o -u -c $(top_builddir)/po/.intltool-merge-cache $(top_srcdir)/po $< $@'
INTLTOOL_SERVICE_RULE='%.service: %.service.in   $(INTLTOOL_MERGE) $(wildcard $(top_srcdir)/po/*.po) ; LC_ALL=C $(INTLTOOL_MERGE) -d -u -c $(top_builddir)/po/.intltool-merge-cache $(top_srcdir)/po $< $@'
INTLTOOL_SHEET_RULE='%.sheet:     %.sheet.in     $(INTLTOOL_MERGE) $(wildcard $(top_srcdir)/po/*.po) ; LC_ALL=C $(INTLTOOL_MERGE) -x -u -c $(top_builddir)/po/.intltool-merge-cache $(top_srcdir)/po $< $@'
INTLTOOL_SOUNDLIST_RULE='%.soundlist: %.soundlist.in $(INTLTOOL_MERGE) $(wildcard $(top_srcdir)/po/*.po) ; LC_ALL=C $(INTLTOOL_MERGE) -d -u -c $(top_builddir)/po/.intltool-merge-cache $(top_srcdir)/po $< $@'
INTLTOOL_THEME_RULE='%.theme:     %.theme.in     $(INTLTOOL_MERGE) $(wildcard $(top_srcdir)/po/*.po) ; LC_ALL=C $(INTLTOOL_MERGE) -d -u -c $(top_builddir)/po/.intltool-merge-cache $(top_srcdir)/po $< $@'
INTLTOOL_UI_RULE='%.ui:        %.ui.in        $(INTLTOOL_MERGE) $(wildcard $(top_srcdir)/po/*.po) ; LC_ALL=C $(INTLTOOL_MERGE) -x -u -c $(top_builddir)/po/.intltool-merge-cache $(top_srcdir)/po $< $@'
INTLTOOL_UPDATE='/usr/bin/intltool-update'
INTLTOOL_XAM_RULE='%.xam:       %.xml.in       $(INTLTOOL_MERGE) $(wildcard $(top_srcdir)/po/*.po) ; LC_ALL=C $(INTLTOOL_MERGE) -x -u -c $(top_builddir)/po/.intltool-merge-cache $(top_srcdir)/po $< $@'
INTLTOOL_XML_NOMERGE_RULE='%.xml:       %.xml.in       $(INTLTOOL_MERGE) ; LC_ALL=C $(INTLTOOL_MERGE) -x -u /tmp $< $@'
INTLTOOL_XML_RULE='%.xml:       %.xml.in       $(INTLTOOL_MERGE) $(wildcard $(top_srcdir)/po/*.po) ; LC_ALL=C $(INTLTOOL_MERGE) -x -u -c $(top_builddir)/po/.intltool-merge-cache $(top_srcdir)/po $< $@'
LD='/usr/bin/ld -64'
LDFLAGS='  -Wl,-zignore -Wl,-zcombreloc -Wl,-Bdirect  -lsecdb -lpam -lcontract -lcmd'
LIBGNOMETSOL_CFLAGS='-D_REENTRANT -D_POSIX_PTHREAD_SEMANTICS -D_PTHREADS -DORBIT2=1 -I/usr/include/glib-2.0 -I/usr/lib/amd64/glib-2.0/include -I/usr/include/gtk-2.0 -I/usr/lib/amd64/gtk-2.0/include -I/usr/include/atk-1.0 -I/usr/include/cairo -I/usr/include/pango-1.0 -I/usr/include/gio-unix-2.0/ -I/usr/include/pixman-1 -I/usr/include/freetype2 -I/usr/include/libpng12 -I/usr/include/libgnomeui-2.0 -I/usr/include/libart-2.0 -I/usr/include/gconf/2 -I/usr/include/gnome-keyring-1 -I/usr/include/libgnome-2.0 -I/usr/include/libbonoboui-2.0 -I/usr/include/libgnomecanvas-2.0 -I/usr/include/gnome-vfs-2.0 -I/usr/lib/amd64/gnome-vfs-2.0/include -I/usr/include/orbit-2.0 -I/usr/include/dbus-1.0 -I/usr/lib/amd64/dbus-1.0/include -I/usr/include/libbonobo-2.0 -I/usr/include/bonobo-activation-2.0 -I/usr/include/libxml2 -I/usr/include/gail-1.0  '
LIBGNOMETSOL_LIBS='-L/usr/lib/amd64 -lgnomeui-2 -lSM -lICE -lbonoboui-2 -lgnomevfs-2 -lgnomecanvas-2 -lgnome-2 -lpopt -lbonobo-2 -lbonobo-activation -lORBit-2 -lart_lgpl_2 -lgtk-x11-2.0 -lsecdb -ltsol -lgdk-x11-2.0 -latk-1.0 -lpangoft2-1.0 -lgdk_pixbuf-2.0 -lm -lpangocairo-1.0 -lXext -lXrender -lXinerama -lXi -lXrandr -lXcursor -lXcomposite -lXdamage -lgio-2.0 -lXfixes -lcairo -lX11 -lpango-1.0 -lfreetype -lfontconfig -lgconf-2 -lgmodule-2.0 -lgobject-2.0 -lgthread-2.0 -lpthread -lglib-2.0  '
LIBOBJS=''
LIBS=''
LIBTOOL='$(SHELL) $(top_builddir)/libtool'
LIPO=''
LN_S='ln -s'
LTLIBOBJS=''
MAINT='#'
MAINTAINER_MODE_FALSE=''
MAINTAINER_MODE_TRUE='#'
MAKEINFO='${SHELL} /export/home/gfaden/packages/BUILD/libgnometsol-0.6.2/missing --run makeinfo'
MANIFEST_TOOL=':'
MKDIR_P='/usr/gnu/bin/mkdir -p'
MKINSTALLDIRS='./mkinstalldirs'
MSGFMT='/usr/gnu/bin/msgfmt'
MSGFMT_OPTS='-c'
MSGMERGE='/usr/bin/msgmerge'
NM='/usr/gnu/bin/nm -B'
NMEDIT=''
OBJDUMP='objdump'
OBJEXT='o'
OTOOL64=''
OTOOL=''
PACKAGE='libgnometsol'
PACKAGE_BUGREPORT=''
PACKAGE_NAME=''
PACKAGE_STRING=''
PACKAGE_TARNAME=''
PACKAGE_URL=''
PACKAGE_VERSION=''
PAM_DEFINED_FALSE='#'
PAM_DEFINED_TRUE=''
PATH_SEPARATOR=':'
PKG_CONFIG='/usr/bin/pkg-config'
POFILES=''
POSUB='po'
PO_IN_DATADIR_FALSE=''
PO_IN_DATADIR_TRUE=''
RANLIB='ranlib'
SED='/usr/gnu/bin/sed'
SET_MAKE=''
SHELL='/bin/sh'
STRIP='strip'
USE_NLS='yes'
VERSION='0.6.2'
WARN_CFLAGS='-Wall -Wmissing-prototypes '
XGETTEXT='/usr/gnu/bin/xgettext'
ac_ct_AR='ar'
ac_ct_CC='gcc'
ac_ct_DUMPBIN=''
am__fastdepCC_FALSE='#'
am__fastdepCC_TRUE=''
am__include='include'
am__isrc=''
am__leading_dot='.'
am__quote=''
am__tar='${AMTAR} chof - "$$tardir"'
am__untar='${AMTAR} xf -'
bindir='${exec_prefix}/bin'
build='i386-pc-solaris2.11'
build_alias=''
build_cpu='i386'
build_os='solaris2.11'
build_vendor='pc'
datadir='${datarootdir}'
datarootdir='${prefix}/share'
docdir='${datarootdir}/doc/${PACKAGE}'
dvidir='${docdir}'
exec_prefix='${prefix}'
host='i386-pc-solaris2.11'
host_alias=''
host_cpu='i386'
host_os='solaris2.11'
host_vendor='pc'
htmldir='${docdir}'
includedir='${prefix}/include'
infodir='${datarootdir}/info'
install_sh='$(SHELL) /export/home/gfaden/packages/BUILD/libgnometsol-0.6.2/install-sh'
libdir='${exec_prefix}/lib'
libexecdir='${exec_prefix}/libexec'
localedir='${datarootdir}/locale'
localstatedir='${prefix}/var'
mandir='${datarootdir}/man'
mkdir_p='/usr/gnu/bin/mkdir -p'
oldincludedir='/usr/include'
pdfdir='${docdir}'
prefix='/usr'
program_transform_name='s,x,x,'
psdir='${docdir}'
sbindir='${exec_prefix}/sbin'
sharedstatedir='${prefix}/com'
sysconfdir='${prefix}/etc'
target_alias=''

## ----------- ##
## confdefs.h. ##
## ----------- ##

/* confdefs.h */
#define PACKAGE_NAME ""
#define PACKAGE_TARNAME ""
#define PACKAGE_VERSION ""
#define PACKAGE_STRING ""
#define PACKAGE_BUGREPORT ""
#define PACKAGE_URL ""
#define PACKAGE "libgnometsol"
#define VERSION "0.6.2"
#define STDC_HEADERS 1
#define HAVE_SYS_TYPES_H 1
#define HAVE_SYS_STAT_H 1
#define HAVE_STDLIB_H 1
#define HAVE_STRING_H 1
#define HAVE_MEMORY_H 1
#define HAVE_STRINGS_H 1
#define HAVE_INTTYPES_H 1
#define HAVE_STDINT_H 1
#define HAVE_UNISTD_H 1
#define HAVE_DLFCN_H 1
#define LT_OBJDIR ".libs/"
#define HAVE_PAM /**/
#define HAVE_LOCALE_H 1
#define HAVE_LC_MESSAGES 1
#define HAVE_BIND_TEXTDOMAIN_CODESET 1
#define HAVE_GETTEXT 1
#define HAVE_DCGETTEXT 1
#define ENABLE_NLS 1
#define GETTEXT_PACKAGE "libgnometsol-0.5"

configure: exit 0

## ---------------------- ##
## Running config.status. ##
## ---------------------- ##

This file was extended by config.status, which was
generated by GNU Autoconf 2.68.  Invocation command line was

  CONFIG_FILES    = po/Makefile.in
  CONFIG_HEADERS  = 
  CONFIG_LINKS    = 
  CONFIG_COMMANDS = 
  $ ./config.status 

on solaris11.3

config.status:1173: creating po/Makefile.in
config.status:1401: executing depfiles commands
config.status:1401: executing libtool commands
config.status:1401: executing default-1 commands
config.status:1401: executing po/stamp-it commands
