This file contains any messages produced by compilers while
running configure, to aid debugging if configure makes a mistake.

It was created by configure, which was
generated by GNU Autoconf 2.68.  Invocation command line was

  $ ./configure CFLAGS=-g -m64 --no-create --no-recursion

## --------- ##
## Platform. ##
## --------- ##

hostname = build-svr
uname -m = i86pc
uname -r = 5.11
uname -s = SunOS
uname -v = 11.4.0.15.0

/usr/bin/uname -p = i386
/bin/uname -X     = System = SunOS
Node = build-svr
Release = 5.11
KernelID = 11.4.0.15.0
Machine = i86pc
BusType = <unknown>
Serial = <unknown>
Users = <unknown>
OEM# = 0
Origin# = 1
NumCPU = 2

/bin/arch              = i86pc
/usr/bin/arch -k       = i86pc
/usr/convex/getsysinfo = unknown
/usr/bin/hostinfo      = unknown
/bin/machine           = unknown
/usr/bin/oslevel       = unknown
/bin/universe          = unknown

PATH: /usr/gnu/bin
PATH: /opt/onbld/bin
PATH: /opt/onbld/bin/i386
PATH: /opt/developerstudio12.4/bin
PATH: /usr/bin
PATH: /usr/sbin


## ----------- ##
## Core tests. ##
## ----------- ##

configure:2280: checking for a BSD-compatible install
configure:2348: result: /usr/gnu/bin/install -c
configure:2359: checking whether build environment is sane
configure:2396: result: yes
configure:2421: checking for a thread-safe mkdir -p
configure:2460: result: /usr/gnu/bin/mkdir -p
configure:2473: checking for gawk
configure:2489: found /usr/bin/gawk
configure:2500: result: gawk
configure:2511: checking whether make sets $(MAKE)
configure:2533: result: yes
configure:2716: checking whether to enable maintainer-specific portions of Makefiles
configure:2725: result: no
configure:2751: checking for style of include used by make
configure:2779: result: GNU
configure:2849: checking for gcc
configure:2865: found /usr/bin/gcc
configure:2876: result: gcc
configure:3105: checking for C compiler version
configure:3114: gcc --version >&5
gcc (GCC) 7.3.0
Copyright (C) 2017 Free Software Foundation, Inc.
This is free software; see the source for copying conditions.  There is NO
warranty; not even for MERCHANTABILITY or FITNESS FOR A PARTICULAR PURPOSE.

configure:3125: $? = 0
configure:3114: gcc -v >&5
Using built-in specs.
COLLECT_GCC=gcc
COLLECT_LTO_WRAPPER=/usr/gcc/7/lib/gcc/x86_64-pc-solaris2.11/7.3.0/lto-wrapper
Target: x86_64-pc-solaris2.11
Configured with: /builds/ulhg/workspace/Solaris_11u4/Userland/full-build/02a-build-i386/components/gcc7/gcc-7.3.0/configure --prefix=/usr/gcc/7 --mandir=/usr/gcc/7/share/man --bindir=/usr/gcc/7/bin --sbindir=/usr/gcc/7/sbin --libdir=/usr/gcc/7/lib --infodir=/usr/gcc/7/share/info --libexecdir=/usr/gcc/7/lib --enable-languages=c,c++,fortran,objc --enable-shared --enable-initfini-array --disable-rpath --with-system-zlib --with-build-config=no --with-gmp-include=/usr/include --with-mpfr-include=/usr/include --without-gnu-ld --with-ld=/usr/bin/ld --with-gnu-as --with-as=/usr/gnu/bin/as --disable-bootstrap 'BOOT_CFLAGS=-g -O2' x86_64-pc-solaris2.11
Thread model: posix
gcc version 7.3.0 (GCC) 
configure:3125: $? = 0
configure:3114: gcc -V >&5
gcc: error: unrecognized command line option '-V'
gcc: fatal error: no input files
compilation terminated.
configure:3125: $? = 1
configure:3114: gcc -qversion >&5
gcc: error: unrecognized command line option '-qversion'; did you mean '--version'?
gcc: fatal error: no input files
compilation terminated.
configure:3125: $? = 1
configure:3145: checking whether the C compiler works
configure:3167: gcc -g -m64   conftest.c  >&5
configure:3171: $? = 0
configure:3219: result: yes
configure:3222: checking for C compiler default output file name
configure:3224: result: a.out
configure:3230: checking for suffix of executables
configure:3237: gcc -o conftest -g -m64   conftest.c  >&5
configure:3241: $? = 0
configure:3263: result: 
configure:3285: checking whether we are cross compiling
configure:3293: gcc -o conftest -g -m64   conftest.c  >&5
configure:3297: $? = 0
configure:3304: ./conftest
configure:3308: $? = 0
configure:3323: result: no
configure:3328: checking for suffix of object files
configure:3350: gcc -c -g -m64  conftest.c >&5
configure:3354: $? = 0
configure:3375: result: o
configure:3379: checking whether we are using the GNU C compiler
configure:3398: gcc -c -g -m64  conftest.c >&5
configure:3398: $? = 0
configure:3407: result: yes
configure:3416: checking whether gcc accepts -g
configure:3436: gcc -c -g  conftest.c >&5
configure:3436: $? = 0
configure:3477: result: yes
configure:3494: checking for gcc option to accept ISO C89
configure:3558: gcc  -c -g -m64  conftest.c >&5
configure:3558: $? = 0
configure:3571: result: none needed
configure:3593: checking dependency style of gcc
configure:3684: result: gcc3
configure:3700: checking for library containing strerror
configure:3731: gcc -o conftest -g -m64   conftest.c  >&5
configure:3731: $? = 0
configure:3748: result: none required
configure:3804: checking for gcc
configure:3831: result: gcc
configure:4060: checking for C compiler version
configure:4069: gcc --version >&5
gcc (GCC) 7.3.0
Copyright (C) 2017 Free Software Foundation, Inc.
This is free software; see the source for copying conditions.  There is NO
warranty; not even for MERCHANTABILITY or FITNESS FOR A PARTICULAR PURPOSE.

configure:4080: $? = 0
configure:4069: gcc -v >&5
Using built-in specs.
COLLECT_GCC=gcc
COLLECT_LTO_WRAPPER=/usr/gcc/7/lib/gcc/x86_64-pc-solaris2.11/7.3.0/lto-wrapper
Target: x86_64-pc-solaris2.11
Configured with: /builds/ulhg/workspace/Solaris_11u4/Userland/full-build/02a-build-i386/components/gcc7/gcc-7.3.0/configure --prefix=/usr/gcc/7 --mandir=/usr/gcc/7/share/man --bindir=/usr/gcc/7/bin --sbindir=/usr/gcc/7/sbin --libdir=/usr/gcc/7/lib --infodir=/usr/gcc/7/share/info --libexecdir=/usr/gcc/7/lib --enable-languages=c,c++,fortran,objc --enable-shared --enable-initfini-array --disable-rpath --with-system-zlib --with-build-config=no --with-gmp-include=/usr/include --with-mpfr-include=/usr/include --without-gnu-ld --with-ld=/usr/bin/ld --with-gnu-as --with-as=/usr/gnu/bin/as --disable-bootstrap 'BOOT_CFLAGS=-g -O2' x86_64-pc-solaris2.11
Thread model: posix
gcc version 7.3.0 (GCC) 
configure:4080: $? = 0
configure:4069: gcc -V >&5
gcc: error: unrecognized command line option '-V'
gcc: fatal error: no input files
compilation terminated.
configure:4080: $? = 1
configure:4069: gcc -qversion >&5
gcc: error: unrecognized command line option '-qversion'; did you mean '--version'?
gcc: fatal error: no input files
compilation terminated.
configure:4080: $? = 1
configure:4084: checking whether we are using the GNU C compiler
configure:4112: result: yes
configure:4121: checking whether gcc accepts -g
configure:4182: result: yes
configure:4199: checking for gcc option to accept ISO C89
configure:4276: result: none needed
configure:4298: checking dependency style of gcc
configure:4389: result: gcc3
configure:4433: checking build system type
configure:4447: result: i386-pc-solaris2.11
configure:4467: checking host system type
configure:4480: result: i386-pc-solaris2.11
configure:4521: checking how to print strings
configure:4550: result: print -r
configure:4569: checking for a sed that does not truncate output
configure:4633: result: /usr/gnu/bin/sed
configure:4651: checking for grep that handles long lines and -e
configure:4709: result: /usr/gnu/bin/grep
configure:4714: checking for egrep
configure:4776: result: /usr/gnu/bin/grep -E
configure:4781: checking for fgrep
configure:4843: result: /usr/gnu/bin/grep -F
configure:4878: checking for ld used by gcc
configure:4945: result: /usr/bin/ld
configure:4952: checking if the linker (/usr/bin/ld) is GNU ld
configure:4967: result: no
configure:4979: checking for BSD- or MS-compatible name lister (nm)
configure:5028: result: /usr/gnu/bin/nm -B
configure:5158: checking the name lister (/usr/gnu/bin/nm -B) interface
configure:5165: gcc -c -g -m64  conftest.c >&5
configure:5168: /usr/gnu/bin/nm -B "conftest.o"
configure:5171: output
0000000000000000 B some_variable
configure:5178: result: BSD nm
configure:5181: checking whether ln -s works
configure:5185: result: yes
configure:5193: checking the maximum length of command line arguments
configure:5323: result: 1572480
configure:5340: checking whether the shell understands some XSI constructs
configure:5350: result: yes
configure:5354: checking whether the shell understands "+="
configure:5360: result: yes
configure:5395: checking how to convert i386-pc-solaris2.11 file names to i386-pc-solaris2.11 format
configure:5435: result: func_convert_file_noop
configure:5442: checking how to convert i386-pc-solaris2.11 file names to toolchain format
configure:5462: result: func_convert_file_noop
configure:5469: checking for /usr/bin/ld option to reload object files
configure:5476: result: -r
configure:5550: checking for objdump
configure:5566: found /usr/gnu/bin/objdump
configure:5577: result: objdump
configure:5609: checking how to recognize dependent libraries
configure:5811: result: pass_all
configure:5896: checking for dlltool
configure:5926: result: no
configure:5956: checking how to associate runtime and link libraries
configure:5983: result: print -r --
configure:6043: checking for ar
configure:6059: found /usr/gnu/bin/ar
configure:6070: result: ar
configure:6107: checking for archiver @FILE support
configure:6124: gcc -c -g -m64  conftest.c >&5
configure:6124: $? = 0
configure:6127: ar cru libconftest.a @conftest.lst >&5
ar: `u' modifier ignored since `D' is the default (see `U')
configure:6130: $? = 0
configure:6135: ar cru libconftest.a @conftest.lst >&5
ar: `u' modifier ignored since `D' is the default (see `U')
ar: conftest.o: No such file or directory
configure:6138: $? = 1
configure:6150: result: @
configure:6208: checking for strip
configure:6224: found /usr/bin/strip
configure:6235: result: strip
configure:6307: checking for ranlib
configure:6323: found /usr/gnu/bin/ranlib
configure:6334: result: ranlib
configure:6436: checking command to parse /usr/gnu/bin/nm -B output from gcc object
configure:6556: gcc -c -g -m64  conftest.c >&5
configure:6559: $? = 0
configure:6563: /usr/gnu/bin/nm -B conftest.o \| sed -n -e 's/^.*[ ]\([ABCDGIRSTW][ABCDGIRSTW]*\)[ ][ ]*\([_A-Za-z][_A-Za-z0-9]*\)$/\1 \2 \2/p' | sed '/ __gnu_lto/d' \> conftest.nm
configure:6566: $? = 0
configure:6632: gcc -o conftest -g -m64   conftest.c conftstm.o >&5
configure:6635: $? = 0
configure:6673: result: ok
configure:6710: checking for sysroot
configure:6740: result: no
configure:6916: gcc -c -g -m64  conftest.c >&5
configure:6919: $? = 0
configure:6996: checking for mt
configure:7012: found /usr/bin/mt
configure:7023: result: mt
configure:7046: checking if mt is a manifest tool
configure:7052: mt '-?'
mt: unknown command: -?
configure:7060: result: no
configure:7702: checking how to run the C preprocessor
configure:7733: gcc -E  conftest.c
configure:7733: $? = 0
configure:7747: gcc -E  conftest.c
conftest.c:11:10: fatal error: ac_nonexistent.h: No such file or directory
 #include <ac_nonexistent.h>
          ^~~~~~~~~~~~~~~~~~
compilation terminated.
configure:7747: $? = 1
configure: failed program was:
| /* confdefs.h */
| #define PACKAGE_NAME ""
| #define PACKAGE_TARNAME ""
| #define PACKAGE_VERSION ""
| #define PACKAGE_STRING ""
| #define PACKAGE_BUGREPORT ""
| #define PACKAGE_URL ""
| #define PACKAGE "tsoljdsdevmgr"
| #define VERSION "0.6.4"
| /* end confdefs.h.  */
| #include <ac_nonexistent.h>
configure:7772: result: gcc -E
configure:7792: gcc -E  conftest.c
configure:7792: $? = 0
configure:7806: gcc -E  conftest.c
conftest.c:11:10: fatal error: ac_nonexistent.h: No such file or directory
 #include <ac_nonexistent.h>
          ^~~~~~~~~~~~~~~~~~
compilation terminated.
configure:7806: $? = 1
configure: failed program was:
| /* confdefs.h */
| #define PACKAGE_NAME ""
| #define PACKAGE_TARNAME ""
| #define PACKAGE_VERSION ""
| #define PACKAGE_STRING ""
| #define PACKAGE_BUGREPORT ""
| #define PACKAGE_URL ""
| #define PACKAGE "tsoljdsdevmgr"
| #define VERSION "0.6.4"
| /* end confdefs.h.  */
| #include <ac_nonexistent.h>
configure:7835: checking for ANSI C header files
configure:7855: gcc -c -g -m64  conftest.c >&5
configure:7855: $? = 0
configure:7928: gcc -o conftest -g -m64   conftest.c  >&5
configure:7928: $? = 0
configure:7928: ./conftest
configure:7928: $? = 0
configure:7939: result: yes
configure:7952: checking for sys/types.h
configure:7952: gcc -c -g -m64  conftest.c >&5
configure:7952: $? = 0
configure:7952: result: yes
configure:7952: checking for sys/stat.h
configure:7952: gcc -c -g -m64  conftest.c >&5
configure:7952: $? = 0
configure:7952: result: yes
configure:7952: checking for stdlib.h
configure:7952: gcc -c -g -m64  conftest.c >&5
configure:7952: $? = 0
configure:7952: result: yes
configure:7952: checking for string.h
configure:7952: gcc -c -g -m64  conftest.c >&5
configure:7952: $? = 0
configure:7952: result: yes
configure:7952: checking for memory.h
configure:7952: gcc -c -g -m64  conftest.c >&5
configure:7952: $? = 0
configure:7952: result: yes
configure:7952: checking for strings.h
configure:7952: gcc -c -g -m64  conftest.c >&5
configure:7952: $? = 0
configure:7952: result: yes
configure:7952: checking for inttypes.h
configure:7952: gcc -c -g -m64  conftest.c >&5
configure:7952: $? = 0
configure:7952: result: yes
configure:7952: checking for stdint.h
configure:7952: gcc -c -g -m64  conftest.c >&5
configure:7952: $? = 0
configure:7952: result: yes
configure:7952: checking for unistd.h
configure:7952: gcc -c -g -m64  conftest.c >&5
configure:7952: $? = 0
configure:7952: result: yes
configure:7966: checking for dlfcn.h
configure:7966: gcc -c -g -m64  conftest.c >&5
configure:7966: $? = 0
configure:7966: result: yes
configure:8172: checking for objdir
configure:8187: result: .libs
configure:8454: checking if gcc supports -fno-rtti -fno-exceptions
configure:8472: gcc -c -g -m64  -fno-rtti -fno-exceptions conftest.c >&5
cc1: warning: command line option '-fno-rtti' is valid for C++/ObjC++ but not for C
configure:8476: $? = 0
configure:8489: result: no
configure:8816: checking for gcc option to produce PIC
configure:8823: result: -fPIC -DPIC
configure:8831: checking if gcc PIC flag -fPIC -DPIC works
configure:8849: gcc -c -g -m64  -fPIC -DPIC -DPIC conftest.c >&5
configure:8853: $? = 0
configure:8866: result: yes
configure:8895: checking if gcc static flag -static works
configure:8923: result: no
configure:8938: checking if gcc supports -c -o file.o
configure:8959: gcc -c -g -m64  -o out/conftest2.o conftest.c >&5
configure:8963: $? = 0
configure:8985: result: yes
configure:8993: checking if gcc supports -c -o file.o
configure:9040: result: yes
configure:9073: checking whether the gcc linker (/usr/bin/ld -64) supports shared libraries
configure:10226: result: yes
configure:10263: checking whether -lc should be explicitly linked in
configure:10271: gcc -c -g -m64  conftest.c >&5
configure:10274: $? = 0
configure:10289: gcc -shared  -fPIC -DPIC -Wl,-z -Wl,text -Wl,-h -Wl,conftest -o conftest conftest.o  -v 2\>\&1 \| /usr/gnu/bin/grep  -lc  \>/dev/null 2\>\&1
configure:10292: $? = 0
configure:10306: result: no
configure:10466: checking dynamic linker characteristics
configure:11199: result: solaris2.11 ld.so
configure:11306: checking how to hardcode library paths into programs
configure:11331: result: immediate
configure:11871: checking whether stripping libraries is possible
configure:11893: result: no
configure:11911: checking if libtool supports shared libraries
configure:11913: result: yes
configure:11916: checking whether to build shared libraries
configure:11937: result: yes
configure:11940: checking whether to build static libraries
configure:11944: result: yes
configure:11982: checking whether NLS is requested
configure:11991: result: yes
configure:12006: checking for intltool >= 0.35.0
configure:12013: result: 0.51.0 found
configure:12021: checking for intltool-update
configure:12039: found /usr/bin/intltool-update
configure:12051: result: /usr/bin/intltool-update
configure:12061: checking for intltool-merge
configure:12079: found /usr/bin/intltool-merge
configure:12091: result: /usr/bin/intltool-merge
configure:12101: checking for intltool-extract
configure:12119: found /usr/bin/intltool-extract
configure:12131: result: /usr/bin/intltool-extract
configure:12262: checking for xgettext
configure:12280: found /usr/gnu/bin/xgettext
configure:12292: result: /usr/gnu/bin/xgettext
configure:12302: checking for msgmerge
configure:12320: found /usr/bin/msgmerge
configure:12332: result: /usr/bin/msgmerge
configure:12342: checking for msgfmt
configure:12360: found /usr/gnu/bin/msgfmt
configure:12372: result: /usr/gnu/bin/msgfmt
configure:12382: checking for gmsgfmt
configure:12400: found /usr/bin/gmsgfmt
configure:12413: result: /usr/bin/gmsgfmt
configure:12432: checking for perl
configure:12450: found /usr/bin/perl
configure:12462: result: /usr/bin/perl
configure:12473: checking for perl >= 5.8.1
configure:12480: result: 5.22.1
configure:12484: checking for XML::Parser
configure:12487: result: ok
configure:12512: gcc -o conftest -g -m64   conftest.c  >&5
configure:12512: $? = 0
configure:12611: checking what warning flags to pass to the C compiler
configure:12613: result: -Wall -Wmissing-prototypes
configure:12624: checking what language compliance flags to pass to the C compiler
configure:12639: result: 
configure:12696: checking for pkg-config
configure:12714: found /usr/bin/pkg-config
configure:12726: result: /usr/bin/pkg-config
configure:12751: checking pkg-config is at least version 0.9.0
configure:12754: result: yes
configure:12765: checking for TSOLJDSDEVMGR
configure:12772: $PKG_CONFIG --exists --print-errors "glib-2.0 gtk+-3.0 libwnck-3.0 libgnometsol "
configure:12775: $? = 0
configure:12788: $PKG_CONFIG --exists --print-errors "glib-2.0 gtk+-3.0 libwnck-3.0 libgnometsol "
configure:12791: $? = 0
configure:12845: result: yes
configure:12860: checking locale.h usability
configure:12860: gcc -c -g -m64  conftest.c >&5
configure:12860: $? = 0
configure:12860: result: yes
configure:12860: checking locale.h presence
configure:12860: gcc -E  conftest.c
configure:12860: $? = 0
configure:12860: result: yes
configure:12860: checking for locale.h
configure:12860: result: yes
configure:12871: checking for LC_MESSAGES
configure:12887: gcc -o conftest -g -m64   conftest.c  >&5
configure:12887: $? = 0
configure:12895: result: yes
configure:12912: checking libintl.h usability
configure:12912: gcc -c -g -m64  conftest.c >&5
configure:12912: $? = 0
configure:12912: result: yes
configure:12912: checking libintl.h presence
configure:12912: gcc -E  conftest.c
configure:12912: $? = 0
configure:12912: result: yes
configure:12912: checking for libintl.h
configure:12912: result: yes
configure:12920: checking for ngettext in libc
configure:12938: gcc -o conftest -g -m64   conftest.c  >&5
configure:12938: $? = 0
configure:12947: result: yes
configure:12951: checking for dgettext in libc
configure:12969: gcc -o conftest -g -m64   conftest.c  >&5
configure:12969: $? = 0
configure:12978: result: yes
configure:12985: checking for bind_textdomain_codeset
configure:12985: gcc -o conftest -g -m64   conftest.c  >&5
configure:12985: $? = 0
configure:12985: result: yes
configure:13261: checking for msgfmt
configure:13288: result: /usr/gnu/bin/msgfmt
configure:13299: checking for dcgettext
configure:13299: gcc -o conftest -g -m64   conftest.c   >&5
conftest.c:50:6: warning: conflicting types for built-in function 'dcgettext' [-Wbuiltin-declaration-mismatch]
 char dcgettext ();
      ^~~~~~~~~
configure:13299: $? = 0
configure:13299: result: yes
configure:13309: checking if msgfmt accepts -c
configure:13324: $MSGFMT -c -o /dev/null conftest.foo
conftest.foo:3: warning: header field 'Language' missing in header
configure:13327: $? = 0
configure:13329: result: yes
configure:13339: checking for gmsgfmt
configure:13370: result: /usr/bin/gmsgfmt
configure:13380: checking for xgettext
configure:13407: result: /usr/gnu/bin/xgettext
configure:13426: gcc -o conftest -g -m64   conftest.c   >&5
configure:13426: $? = 0
configure:13705: creating ./config.status

## ---------------- ##
## Cache variables. ##
## ---------------- ##

ac_cv_build=i386-pc-solaris2.11
ac_cv_c_compiler_gnu=yes
ac_cv_env_CC_set=''
ac_cv_env_CC_value=''
ac_cv_env_CFLAGS_set=set
ac_cv_env_CFLAGS_value='-g -m64'
ac_cv_env_CPPFLAGS_set=''
ac_cv_env_CPPFLAGS_value=''
ac_cv_env_CPP_set=''
ac_cv_env_CPP_value=''
ac_cv_env_LDFLAGS_set=''
ac_cv_env_LDFLAGS_value=''
ac_cv_env_LIBS_set=''
ac_cv_env_LIBS_value=''
ac_cv_env_PKG_CONFIG_set=''
ac_cv_env_PKG_CONFIG_value=''
ac_cv_env_TSOLJDSDEVMGR_CFLAGS_set=''
ac_cv_env_TSOLJDSDEVMGR_CFLAGS_value=''
ac_cv_env_TSOLJDSDEVMGR_LIBS_set=''
ac_cv_env_TSOLJDSDEVMGR_LIBS_value=''
ac_cv_env_build_alias_set=''
ac_cv_env_build_alias_value=''
ac_cv_env_host_alias_set=''
ac_cv_env_host_alias_value=''
ac_cv_env_target_alias_set=''
ac_cv_env_target_alias_value=''
ac_cv_func_bind_textdomain_codeset=yes
ac_cv_func_dcgettext=yes
ac_cv_header_dlfcn_h=yes
ac_cv_header_inttypes_h=yes
ac_cv_header_libintl_h=yes
ac_cv_header_locale_h=yes
ac_cv_header_memory_h=yes
ac_cv_header_stdc=yes
ac_cv_header_stdint_h=yes
ac_cv_header_stdlib_h=yes
ac_cv_header_string_h=yes
ac_cv_header_strings_h=yes
ac_cv_header_sys_stat_h=yes
ac_cv_header_sys_types_h=yes
ac_cv_header_unistd_h=yes
ac_cv_host=i386-pc-solaris2.11
ac_cv_objext=o
ac_cv_path_EGREP='/usr/gnu/bin/grep -E'
ac_cv_path_FGREP='/usr/gnu/bin/grep -F'
ac_cv_path_GMSGFMT=/usr/bin/gmsgfmt
ac_cv_path_GREP=/usr/gnu/bin/grep
ac_cv_path_INTLTOOL_EXTRACT=/usr/bin/intltool-extract
ac_cv_path_INTLTOOL_MERGE=/usr/bin/intltool-merge
ac_cv_path_INTLTOOL_PERL=/usr/bin/perl
ac_cv_path_INTLTOOL_UPDATE=/usr/bin/intltool-update
ac_cv_path_MSGFMT=/usr/gnu/bin/msgfmt
ac_cv_path_MSGMERGE=/usr/bin/msgmerge
ac_cv_path_SED=/usr/gnu/bin/sed
ac_cv_path_XGETTEXT=/usr/gnu/bin/xgettext
ac_cv_path_ac_pt_PKG_CONFIG=/usr/bin/pkg-config
ac_cv_path_install='/usr/gnu/bin/install -c'
ac_cv_path_mkdir=/usr/gnu/bin/mkdir
ac_cv_prog_AWK=gawk
ac_cv_prog_CPP='gcc -E'
ac_cv_prog_ac_ct_AR=ar
ac_cv_prog_ac_ct_CC=gcc
ac_cv_prog_ac_ct_MANIFEST_TOOL=mt
ac_cv_prog_ac_ct_OBJDUMP=objdump
ac_cv_prog_ac_ct_RANLIB=ranlib
ac_cv_prog_ac_ct_STRIP=strip
ac_cv_prog_cc_c89=''
ac_cv_prog_cc_g=yes
ac_cv_prog_make_make_set=yes
ac_cv_search_strerror='none required'
am_cv_CC_dependencies_compiler_type=gcc3
am_cv_val_LC_MESSAGES=yes
gt_cv_func_dgettext_libc=yes
gt_cv_func_dgettext_libintl=no
gt_cv_func_ngettext_libc=yes
gt_cv_have_gettext=yes
lt_cv_ar_at_file=@
lt_cv_archive_cmds_need_lc=no
lt_cv_deplibs_check_method=pass_all
lt_cv_file_magic_cmd='$MAGIC_CMD'
lt_cv_file_magic_test_file=''
lt_cv_ld_reload_flag=-r
lt_cv_nm_interface='BSD nm'
lt_cv_objdir=.libs
lt_cv_path_LD=/usr/bin/ld
lt_cv_path_NM='/usr/gnu/bin/nm -B'
lt_cv_path_mainfest_tool=no
lt_cv_prog_compiler_c_o=yes
lt_cv_prog_compiler_pic='-fPIC -DPIC'
lt_cv_prog_compiler_pic_works=yes
lt_cv_prog_compiler_rtti_exceptions=no
lt_cv_prog_compiler_static_works=no
lt_cv_prog_gnu_ld=no
lt_cv_sharedlib_from_linklib_cmd='print -r --'
lt_cv_sys_global_symbol_pipe=$'sed -n -e \'s/^.*[\t ]\\([ABCDGIRSTW][ABCDGIRSTW]*\\)[\t ][\t ]*\\([_A-Za-z][_A-Za-z0-9]*\\)$/\\1 \\2 \\2/p\' | sed \'/ __gnu_lto/d\''
lt_cv_sys_global_symbol_to_c_name_address=$'sed -n -e \'s/^: \\([^ ]*\\)[ ]*$/  {\\"\\1\\", (void *) 0},/p\' -e \'s/^[ABCDGIRSTW]* \\([^ ]*\\) \\([^ ]*\\)$/  {"\\2", (void *) \\&\\2},/p\''
lt_cv_sys_global_symbol_to_c_name_address_lib_prefix=$'sed -n -e \'s/^: \\([^ ]*\\)[ ]*$/  {\\"\\1\\", (void *) 0},/p\' -e \'s/^[ABCDGIRSTW]* \\([^ ]*\\) \\(lib[^ ]*\\)$/  {"\\2", (void *) \\&\\2},/p\' -e \'s/^[ABCDGIRSTW]* \\([^ ]*\\) \\([^ ]*\\)$/  {"lib\\2", (void *) \\&\\2},/p\''
lt_cv_sys_global_symbol_to_cdecl=$'sed -n -e \'s/^T .* \\(.*\\)$/extern int \\1();/p\' -e \'s/^[ABCDGIRSTW]* .* \\(.*\\)$/extern char \\1;/p\''
lt_cv_sys_max_cmd_len=1572480
lt_cv_to_host_file_cmd=func_convert_file_noop
lt_cv_to_tool_file_cmd=func_convert_file_noop
pkg_cv_TSOLJDSDEVMGR_CFLAGS='-D_REENTRANT -D_POSIX_PTHREAD_SEMANTICS -D_REENTRANT -I/usr/include/libwnck-3.0 -I/usr/include/startup-notification-1.0 -I/usr/include/gtk-3.0 -I/usr/include/at-spi2-atk/2.0 -I/usr/include/at-spi-2.0 -I/usr/include/dbus-1.0 -I/usr/lib/amd64/dbus-1.0/include -I/usr/include/gtk-3.0 -I/usr/include/gio-unix-2.0/ -I/usr/include/cairo -I/usr/include/gtk-2.0 -I/usr/lib/amd64/gtk-2.0/include -I/usr/include/pango-1.0 -I/usr/include/atk-1.0 -I/usr/include/cairo -I/usr/include/pixman-1 -I/usr/include/libdrm -I/usr/include/gdk-pixbuf-2.0 -I/usr/include/libpng14 -I/usr/include/pango-1.0 -I/usr/include/harfbuzz -I/usr/include/pango-1.0 -I/usr/include/glib-2.0 -I/usr/lib/amd64/glib-2.0/include -I/usr/include/pcre -I/usr/include/freetype2 -I/usr/include/libpng14 -I/usr/include/libgnometsol'
pkg_cv_TSOLJDSDEVMGR_LIBS='-L/usr/lib/amd64 -lwnck-3 -lgtk-3 -lgdk-3 -lcairo-gobject -lgnometsol -lpam -lgtk-x11-2.0 -lgdk-x11-2.0 -lpangocairo-1.0 -latk-1.0 -lcairo -lgdk_pixbuf-2.0 -lgio-2.0 -lpangoft2-1.0 -lpango-1.0 -lgobject-2.0 -lglib-2.0 -lfontconfig -lfreetype'

## ----------------- ##
## Output variables. ##
## ----------------- ##

ACLOCAL='${SHELL} /trusted-desktop/tsoljds/packages/BUILD/tsoljdsdevmgr-0.6.4/missing --run aclocal-1.10'
ALL_LINGUAS=''
AMDEPBACKSLASH='\'
AMDEP_FALSE='#'
AMDEP_TRUE=''
AMTAR='${SHELL} /trusted-desktop/tsoljds/packages/BUILD/tsoljdsdevmgr-0.6.4/missing --run tar'
AR='ar'
AUTOCONF='${SHELL} /trusted-desktop/tsoljds/packages/BUILD/tsoljdsdevmgr-0.6.4/missing --run autoconf'
AUTOHEADER='${SHELL} /trusted-desktop/tsoljds/packages/BUILD/tsoljdsdevmgr-0.6.4/missing --run autoheader'
AUTOMAKE='${SHELL} /trusted-desktop/tsoljds/packages/BUILD/tsoljdsdevmgr-0.6.4/missing --run automake-1.10'
AWK='gawk'
CATALOGS=''
CATOBJEXT='.gmo'
CC='gcc'
CCDEPMODE='depmode=gcc3'
CFLAGS='-g -m64'
CPP='gcc -E'
CPPFLAGS=''
CYGPATH_W='echo'
DATADIRNAME='share'
DEFS='-DHAVE_CONFIG_H'
DEPDIR='.deps'
DLLTOOL='false'
DSYMUTIL=''
DUMPBIN=''
ECHO_C='\c'
ECHO_N=''
ECHO_T=''
EGREP='/usr/gnu/bin/grep -E'
EXEEXT=''
FGREP='/usr/gnu/bin/grep -F'
GETTEXT_PACKAGE='tsoljdsdevmgr-0.0.1'
GMOFILES=''
GMSGFMT='/usr/bin/gmsgfmt'
GREP='/usr/gnu/bin/grep'
INSTALL_DATA='${INSTALL} -m 644'
INSTALL_PROGRAM='${INSTALL}'
INSTALL_SCRIPT='${INSTALL}'
INSTALL_STRIP_PROGRAM='$(install_sh) -c -s'
INSTOBJEXT='.mo'
INTLLIBS=''
INTLTOOL_CAVES_RULE='%.caves:     %.caves.in     $(INTLTOOL_MERGE) $(wildcard $(top_srcdir)/po/*.po) ; LC_ALL=C $(INTLTOOL_MERGE) -d -u -c $(top_builddir)/po/.intltool-merge-cache $(top_srcdir)/po $< $@'
INTLTOOL_DESKTOP_RULE='%.desktop:   %.desktop.in   $(INTLTOOL_MERGE) $(wildcard $(top_srcdir)/po/*.po) ; LC_ALL=C $(INTLTOOL_MERGE) -d -u -c $(top_builddir)/po/.intltool-merge-cache $(top_srcdir)/po $< $@'
INTLTOOL_DIRECTORY_RULE='%.directory: %.directory.in $(INTLTOOL_MERGE) $(wildcard $(top_srcdir)/po/*.po) ; LC_ALL=C $(INTLTOOL_MERGE) -d -u -c $(top_builddir)/po/.intltool-merge-cache $(top_srcdir)/po $< $@'
INTLTOOL_EXTRACT='/usr/bin/intltool-extract'
INTLTOOL_KBD_RULE='%.kbd:       %.kbd.in       $(INTLTOOL_MERGE) $(wildcard $(top_srcdir)/po/*.po) ; LC_ALL=C $(INTLTOOL_MERGE) -x -u -m -c $(top_builddir)/po/.intltool-merge-cache $(top_srcdir)/po $< $@'
INTLTOOL_KEYS_RULE='%.keys:      %.keys.in      $(INTLTOOL_MERGE) $(wildcard $(top_srcdir)/po/*.po) ; LC_ALL=C $(INTLTOOL_MERGE) -k -u -c $(top_builddir)/po/.intltool-merge-cache $(top_srcdir)/po $< $@'
INTLTOOL_MERGE='/usr/bin/intltool-merge'
INTLTOOL_OAF_RULE='%.oaf:       %.oaf.in       $(INTLTOOL_MERGE) $(wildcard $(top_srcdir)/po/*.po) ; LC_ALL=C $(INTLTOOL_MERGE) -o -p $(top_srcdir)/po $< $@'
INTLTOOL_PERL='/usr/bin/perl'
INTLTOOL_POLICY_RULE='%.policy:    %.policy.in    $(INTLTOOL_MERGE) $(wildcard $(top_srcdir)/po/*.po) ; LC_ALL=C $(INTLTOOL_MERGE) -x -u -c $(top_builddir)/po/.intltool-merge-cache $(top_srcdir)/po $< $@'
INTLTOOL_PONG_RULE='%.pong:      %.pong.in      $(INTLTOOL_MERGE) $(wildcard $(top_srcdir)/po/*.po) ; LC_ALL=C $(INTLTOOL_MERGE) -x -u -c $(top_builddir)/po/.intltool-merge-cache $(top_srcdir)/po $< $@'
INTLTOOL_PROP_RULE='%.prop:      %.prop.in      $(INTLTOOL_MERGE) $(wildcard $(top_srcdir)/po/*.po) ; LC_ALL=C $(INTLTOOL_MERGE) -d -u -c $(top_builddir)/po/.intltool-merge-cache $(top_srcdir)/po $< $@'
INTLTOOL_SCHEMAS_RULE='%.schemas:   %.schemas.in   $(INTLTOOL_MERGE) $(wildcard $(top_srcdir)/po/*.po) ; LC_ALL=C $(INTLTOOL_MERGE) -s -u -c $(top_builddir)/po/.intltool-merge-cache $(top_srcdir)/po $< $@'
INTLTOOL_SERVER_RULE='%.server:    %.server.in    $(INTLTOOL_MERGE) $(wildcard $(top_srcdir)/po/*.po) ; LC_ALL=C $(INTLTOOL_MERGE) -o -u -c $(top_builddir)/po/.intltool-merge-cache $(top_srcdir)/po $< $@'
INTLTOOL_SERVICE_RULE='%.service: %.service.in   $(INTLTOOL_MERGE) $(wildcard $(top_srcdir)/po/*.po) ; LC_ALL=C $(INTLTOOL_MERGE) -d -u -c $(top_builddir)/po/.intltool-merge-cache $(top_srcdir)/po $< $@'
INTLTOOL_SHEET_RULE='%.sheet:     %.sheet.in     $(INTLTOOL_MERGE) $(wildcard $(top_srcdir)/po/*.po) ; LC_ALL=C $(INTLTOOL_MERGE) -x -u -c $(top_builddir)/po/.intltool-merge-cache $(top_srcdir)/po $< $@'
INTLTOOL_SOUNDLIST_RULE='%.soundlist: %.soundlist.in $(INTLTOOL_MERGE) $(wildcard $(top_srcdir)/po/*.po) ; LC_ALL=C $(INTLTOOL_MERGE) -d -u -c $(top_builddir)/po/.intltool-merge-cache $(top_srcdir)/po $< $@'
INTLTOOL_THEME_RULE='%.theme:     %.theme.in     $(INTLTOOL_MERGE) $(wildcard $(top_srcdir)/po/*.po) ; LC_ALL=C $(INTLTOOL_MERGE) -d -u -c $(top_builddir)/po/.intltool-merge-cache $(top_srcdir)/po $< $@'
INTLTOOL_UI_RULE='%.ui:        %.ui.in        $(INTLTOOL_MERGE) $(wildcard $(top_srcdir)/po/*.po) ; LC_ALL=C $(INTLTOOL_MERGE) -x -u -c $(top_builddir)/po/.intltool-merge-cache $(top_srcdir)/po $< $@'
INTLTOOL_UPDATE='/usr/bin/intltool-update'
INTLTOOL_XAM_RULE='%.xam:       %.xml.in       $(INTLTOOL_MERGE) $(wildcard $(top_srcdir)/po/*.po) ; LC_ALL=C $(INTLTOOL_MERGE) -x -u -c $(top_builddir)/po/.intltool-merge-cache $(top_srcdir)/po $< $@'
INTLTOOL_XML_NOMERGE_RULE='%.xml:       %.xml.in       $(INTLTOOL_MERGE) ; LC_ALL=C $(INTLTOOL_MERGE) -x -u /tmp $< $@'
INTLTOOL_XML_RULE='%.xml:       %.xml.in       $(INTLTOOL_MERGE) $(wildcard $(top_srcdir)/po/*.po) ; LC_ALL=C $(INTLTOOL_MERGE) -x -u -c $(top_builddir)/po/.intltool-merge-cache $(top_srcdir)/po $< $@'
LD='/usr/bin/ld -64'
LDFLAGS=''
LIBOBJS=''
LIBS=''
LIBTOOL='$(SHELL) $(top_builddir)/libtool'
LIPO=''
LN_S='ln -s'
LTLIBOBJS=''
MAINT='#'
MAINTAINER_MODE_FALSE=''
MAINTAINER_MODE_TRUE='#'
MAKEINFO='${SHELL} /trusted-desktop/tsoljds/packages/BUILD/tsoljdsdevmgr-0.6.4/missing --run makeinfo'
MANIFEST_TOOL=':'
MKDIR_P='/usr/gnu/bin/mkdir -p'
MKINSTALLDIRS='./mkinstalldirs'
MSGFMT='/usr/gnu/bin/msgfmt'
MSGFMT_OPTS='-c'
MSGMERGE='/usr/bin/msgmerge'
NM='/usr/gnu/bin/nm -B'
NMEDIT=''
OBJDUMP='objdump'
OBJEXT='o'
OTOOL64=''
OTOOL=''
PACKAGE='tsoljdsdevmgr'
PACKAGE_BUGREPORT=''
PACKAGE_NAME=''
PACKAGE_STRING=''
PACKAGE_TARNAME=''
PACKAGE_URL=''
PACKAGE_VERSION=''
PATH_SEPARATOR=':'
PKG_CONFIG='/usr/bin/pkg-config'
POFILES=''
POSUB='po'
PO_IN_DATADIR_FALSE=''
PO_IN_DATADIR_TRUE=''
RANLIB='ranlib'
SED='/usr/gnu/bin/sed'
SET_MAKE=''
SHELL='/bin/sh'
STRIP='strip'
TSOLJDSDEVMGR_CFLAGS='-D_REENTRANT -D_POSIX_PTHREAD_SEMANTICS -D_REENTRANT -I/usr/include/libwnck-3.0 -I/usr/include/startup-notification-1.0 -I/usr/include/gtk-3.0 -I/usr/include/at-spi2-atk/2.0 -I/usr/include/at-spi-2.0 -I/usr/include/dbus-1.0 -I/usr/lib/amd64/dbus-1.0/include -I/usr/include/gtk-3.0 -I/usr/include/gio-unix-2.0/ -I/usr/include/cairo -I/usr/include/gtk-2.0 -I/usr/lib/amd64/gtk-2.0/include -I/usr/include/pango-1.0 -I/usr/include/atk-1.0 -I/usr/include/cairo -I/usr/include/pixman-1 -I/usr/include/libdrm -I/usr/include/gdk-pixbuf-2.0 -I/usr/include/libpng14 -I/usr/include/pango-1.0 -I/usr/include/harfbuzz -I/usr/include/pango-1.0 -I/usr/include/glib-2.0 -I/usr/lib/amd64/glib-2.0/include -I/usr/include/pcre -I/usr/include/freetype2 -I/usr/include/libpng14 -I/usr/include/libgnometsol'
TSOLJDSDEVMGR_LIBS='-L/usr/lib/amd64 -lwnck-3 -lgtk-3 -lgdk-3 -lcairo-gobject -lgnometsol -lpam -lgtk-x11-2.0 -lgdk-x11-2.0 -lpangocairo-1.0 -latk-1.0 -lcairo -lgdk_pixbuf-2.0 -lgio-2.0 -lpangoft2-1.0 -lpango-1.0 -lgobject-2.0 -lglib-2.0 -lfontconfig -lfreetype'
USE_NLS='yes'
VERSION='0.6.4'
WARN_CFLAGS='-Wall -Wmissing-prototypes '
XGETTEXT='/usr/gnu/bin/xgettext'
ac_ct_AR='ar'
ac_ct_CC='gcc'
ac_ct_DUMPBIN=''
am__fastdepCC_FALSE='#'
am__fastdepCC_TRUE=''
am__include='include'
am__isrc=''
am__leading_dot='.'
am__quote=''
am__tar='${AMTAR} chof - "$$tardir"'
am__untar='${AMTAR} xf -'
bindir='${exec_prefix}/bin'
build='i386-pc-solaris2.11'
build_alias=''
build_cpu='i386'
build_os='solaris2.11'
build_vendor='pc'
datadir='${datarootdir}'
datarootdir='${prefix}/share'
docdir='${datarootdir}/doc/${PACKAGE}'
dvidir='${docdir}'
exec_prefix='${prefix}'
host='i386-pc-solaris2.11'
host_alias=''
host_cpu='i386'
host_os='solaris2.11'
host_vendor='pc'
htmldir='${docdir}'
includedir='${prefix}/include'
infodir='${datarootdir}/info'
install_sh='$(SHELL) /trusted-desktop/tsoljds/packages/BUILD/tsoljdsdevmgr-0.6.4/install-sh'
libdir='${exec_prefix}/lib'
libexecdir='${exec_prefix}/libexec'
localedir='${datarootdir}/locale'
localstatedir='${prefix}/var'
mandir='${datarootdir}/man'
mkdir_p='/usr/gnu/bin/mkdir -p'
oldincludedir='/usr/include'
pdfdir='${docdir}'
prefix='/usr'
program_transform_name='s,x,x,'
psdir='${docdir}'
sbindir='${exec_prefix}/sbin'
sharedstatedir='${prefix}/com'
sysconfdir='${prefix}/etc'
target_alias=''

## ----------- ##
## confdefs.h. ##
## ----------- ##

/* confdefs.h */
#define PACKAGE_NAME ""
#define PACKAGE_TARNAME ""
#define PACKAGE_VERSION ""
#define PACKAGE_STRING ""
#define PACKAGE_BUGREPORT ""
#define PACKAGE_URL ""
#define PACKAGE "tsoljdsdevmgr"
#define VERSION "0.6.4"
#define STDC_HEADERS 1
#define HAVE_SYS_TYPES_H 1
#define HAVE_SYS_STAT_H 1
#define HAVE_STDLIB_H 1
#define HAVE_STRING_H 1
#define HAVE_MEMORY_H 1
#define HAVE_STRINGS_H 1
#define HAVE_INTTYPES_H 1
#define HAVE_STDINT_H 1
#define HAVE_UNISTD_H 1
#define HAVE_DLFCN_H 1
#define LT_OBJDIR ".libs/"
#define HAVE_LOCALE_H 1
#define HAVE_LC_MESSAGES 1
#define HAVE_BIND_TEXTDOMAIN_CODESET 1
#define HAVE_GETTEXT 1
#define HAVE_DCGETTEXT 1
#define ENABLE_NLS 1
#define GETTEXT_PACKAGE "tsoljdsdevmgr-0.0.1"

configure: exit 0

## ---------------------- ##
## Running config.status. ##
## ---------------------- ##

This file was extended by config.status, which was
generated by GNU Autoconf 2.68.  Invocation command line was

  CONFIG_FILES    = 
  CONFIG_HEADERS  = 
  CONFIG_LINKS    = 
  CONFIG_COMMANDS = 
  $ ./config.status 

on build-svr

config.status:1167: creating Makefile
config.status:1167: creating po/Makefile.in
config.status:1167: creating src/Makefile
config.status:1167: creating config.h
config.status:1348: config.h is unchanged
config.status:1395: executing depfiles commands
config.status:1395: executing libtool commands
config.status:1395: executing default-1 commands
config.status:1395: executing po/stamp-it commands
