This file contains any messages produced by compilers while
running configure, to aid debugging if configure makes a mistake.

It was created by configure, which was
generated by GNU Autoconf 2.68.  Invocation command line was

  $ ./configure 

## --------- ##
## Platform. ##
## --------- ##

hostname = solaris11.3
uname -m = i86pc
uname -r = 5.11
uname -s = SunOS
uname -v = 11.3

/usr/bin/uname -p = i386
/bin/uname -X     = System = SunOS
Node = solaris11.3
Release = 5.11
KernelID = 11.3
Machine = i86pc
BusType = <unknown>
Serial = <unknown>
Users = <unknown>
OEM# = 0
Origin# = 1
NumCPU = 1

/bin/arch              = i86pc
/usr/bin/arch -k       = i86pc
/usr/convex/getsysinfo = unknown
/usr/bin/hostinfo      = unknown
/bin/machine           = unknown
/usr/bin/oslevel       = unknown
/bin/universe          = unknown

PATH: /usr/gnu/bin
PATH: /opt/onbld/bin
PATH: /opt/onbld/bin/i386
PATH: /opt/developerstudio12.4/bin
PATH: .
PATH: /usr/bin
PATH: /usr/sbin


## ----------- ##
## Core tests. ##
## ----------- ##

configure:2274: checking for a BSD-compatible install
configure:2342: result: /usr/gnu/bin/install -c
configure:2353: checking whether build environment is sane
configure:2390: result: yes
configure:2415: checking for a thread-safe mkdir -p
configure:2454: result: /usr/gnu/bin/mkdir -p
configure:2467: checking for gawk
configure:2483: found /usr/bin/gawk
configure:2494: result: gawk
configure:2505: checking whether make sets $(MAKE)
configure:2527: result: yes
configure:2709: checking whether to enable maintainer-specific portions of Makefiles
configure:2718: result: no
configure:2746: checking for style of include used by make
configure:2774: result: GNU
configure:2844: checking for gcc
configure:2860: found /usr/bin/gcc
configure:2871: result: gcc
configure:3100: checking for C compiler version
configure:3109: gcc --version >&5
gcc (GCC) 4.7.3
Copyright (C) 2012 Free Software Foundation, Inc.
This is free software; see the source for copying conditions.  There is NO
warranty; not even for MERCHANTABILITY or FITNESS FOR A PARTICULAR PURPOSE.

configure:3120: $? = 0
configure:3109: gcc -v >&5
Using built-in specs.
COLLECT_GCC=gcc
COLLECT_LTO_WRAPPER=/usr/gcc/4.7/lib/gcc/i386-pc-solaris2.11/4.7.3/lto-wrapper
Target: i386-pc-solaris2.11
Configured with: /builds/hudson/workspace/nightly-update/build/i386/components/gcc47/gcc-4.7.3/configure CC=/ws/on11update-tools/SUNWspro/sunstudio12.1/bin/cc CXX=/ws/on11update-tools/SUNWspro/sunstudio12.1/bin/CC --prefix=/usr/gcc/4.7 --mandir=/usr/gcc/4.7/share/man --bindir=/usr/gcc/4.7/bin --libdir=/usr/gcc/4.7/lib --sbindir=/usr/gcc/4.7/sbin --infodir=/usr/gcc/4.7/share/info --libexecdir=/usr/gcc/4.7/lib --enable-languages=c,c++,fortran,objc --enable-shared --with-gmp-include=/usr/include/gmp --with-mpfr-include=/usr/include/mpfr --without-gnu-ld --with-ld=/usr/bin/ld --with-gnu-as --with-as=/usr/gnu/bin/as CFLAGS='-g -O2 ' CXXFLAGS='-g -O2 '
Thread model: posix
gcc version 4.7.3 (GCC) 
configure:3120: $? = 0
configure:3109: gcc -V >&5
gcc: error: unrecognized command line option '-V'
gcc: fatal error: no input files
compilation terminated.
configure:3120: $? = 1
configure:3109: gcc -qversion >&5
gcc: error: unrecognized command line option '-qversion'
gcc: fatal error: no input files
compilation terminated.
configure:3120: $? = 1
configure:3140: checking whether the C compiler works
configure:3162: gcc -g -m64   conftest.c  >&5
configure:3166: $? = 0
configure:3214: result: yes
configure:3217: checking for C compiler default output file name
configure:3219: result: a.out
configure:3225: checking for suffix of executables
configure:3232: gcc -o conftest -g -m64   conftest.c  >&5
configure:3236: $? = 0
configure:3258: result: 
configure:3280: checking whether we are cross compiling
configure:3288: gcc -o conftest -g -m64   conftest.c  >&5
configure:3292: $? = 0
configure:3299: ./conftest
configure:3303: $? = 0
configure:3318: result: no
configure:3323: checking for suffix of object files
configure:3345: gcc -c -g -m64  conftest.c >&5
configure:3349: $? = 0
configure:3370: result: o
configure:3374: checking whether we are using the GNU C compiler
configure:3393: gcc -c -g -m64  conftest.c >&5
configure:3393: $? = 0
configure:3402: result: yes
configure:3411: checking whether gcc accepts -g
configure:3431: gcc -c -g  conftest.c >&5
configure:3431: $? = 0
configure:3472: result: yes
configure:3489: checking for gcc option to accept ISO C89
configure:3553: gcc  -c -g -m64  conftest.c >&5
configure:3553: $? = 0
configure:3566: result: none needed
configure:3588: checking dependency style of gcc
configure:3679: result: gcc3
configure:3695: checking for library containing strerror
configure:3726: gcc -o conftest -g -m64   conftest.c  >&5
configure:3726: $? = 0
configure:3743: result: none required
configure:3799: checking for gcc
configure:3826: result: gcc
configure:4055: checking for C compiler version
configure:4064: gcc --version >&5
gcc (GCC) 4.7.3
Copyright (C) 2012 Free Software Foundation, Inc.
This is free software; see the source for copying conditions.  There is NO
warranty; not even for MERCHANTABILITY or FITNESS FOR A PARTICULAR PURPOSE.

configure:4075: $? = 0
configure:4064: gcc -v >&5
Using built-in specs.
COLLECT_GCC=gcc
COLLECT_LTO_WRAPPER=/usr/gcc/4.7/lib/gcc/i386-pc-solaris2.11/4.7.3/lto-wrapper
Target: i386-pc-solaris2.11
Configured with: /builds/hudson/workspace/nightly-update/build/i386/components/gcc47/gcc-4.7.3/configure CC=/ws/on11update-tools/SUNWspro/sunstudio12.1/bin/cc CXX=/ws/on11update-tools/SUNWspro/sunstudio12.1/bin/CC --prefix=/usr/gcc/4.7 --mandir=/usr/gcc/4.7/share/man --bindir=/usr/gcc/4.7/bin --libdir=/usr/gcc/4.7/lib --sbindir=/usr/gcc/4.7/sbin --infodir=/usr/gcc/4.7/share/info --libexecdir=/usr/gcc/4.7/lib --enable-languages=c,c++,fortran,objc --enable-shared --with-gmp-include=/usr/include/gmp --with-mpfr-include=/usr/include/mpfr --without-gnu-ld --with-ld=/usr/bin/ld --with-gnu-as --with-as=/usr/gnu/bin/as CFLAGS='-g -O2 ' CXXFLAGS='-g -O2 '
Thread model: posix
gcc version 4.7.3 (GCC) 
configure:4075: $? = 0
configure:4064: gcc -V >&5
gcc: error: unrecognized command line option '-V'
gcc: fatal error: no input files
compilation terminated.
configure:4075: $? = 1
configure:4064: gcc -qversion >&5
gcc: error: unrecognized command line option '-qversion'
gcc: fatal error: no input files
compilation terminated.
configure:4075: $? = 1
configure:4079: checking whether we are using the GNU C compiler
configure:4107: result: yes
configure:4116: checking whether gcc accepts -g
configure:4177: result: yes
configure:4194: checking for gcc option to accept ISO C89
configure:4271: result: none needed
configure:4293: checking dependency style of gcc
configure:4384: result: gcc3
configure:4447: checking for gcc
configure:4474: result: gcc
configure:4703: checking for C compiler version
configure:4712: gcc --version >&5
gcc (GCC) 4.7.3
Copyright (C) 2012 Free Software Foundation, Inc.
This is free software; see the source for copying conditions.  There is NO
warranty; not even for MERCHANTABILITY or FITNESS FOR A PARTICULAR PURPOSE.

configure:4723: $? = 0
configure:4712: gcc -v >&5
Using built-in specs.
COLLECT_GCC=gcc
COLLECT_LTO_WRAPPER=/usr/gcc/4.7/lib/gcc/i386-pc-solaris2.11/4.7.3/lto-wrapper
Target: i386-pc-solaris2.11
Configured with: /builds/hudson/workspace/nightly-update/build/i386/components/gcc47/gcc-4.7.3/configure CC=/ws/on11update-tools/SUNWspro/sunstudio12.1/bin/cc CXX=/ws/on11update-tools/SUNWspro/sunstudio12.1/bin/CC --prefix=/usr/gcc/4.7 --mandir=/usr/gcc/4.7/share/man --bindir=/usr/gcc/4.7/bin --libdir=/usr/gcc/4.7/lib --sbindir=/usr/gcc/4.7/sbin --infodir=/usr/gcc/4.7/share/info --libexecdir=/usr/gcc/4.7/lib --enable-languages=c,c++,fortran,objc --enable-shared --with-gmp-include=/usr/include/gmp --with-mpfr-include=/usr/include/mpfr --without-gnu-ld --with-ld=/usr/bin/ld --with-gnu-as --with-as=/usr/gnu/bin/as CFLAGS='-g -O2 ' CXXFLAGS='-g -O2 '
Thread model: posix
gcc version 4.7.3 (GCC) 
configure:4723: $? = 0
configure:4712: gcc -V >&5
gcc: error: unrecognized command line option '-V'
gcc: fatal error: no input files
compilation terminated.
configure:4723: $? = 1
configure:4712: gcc -qversion >&5
gcc: error: unrecognized command line option '-qversion'
gcc: fatal error: no input files
compilation terminated.
configure:4723: $? = 1
configure:4727: checking whether we are using the GNU C compiler
configure:4755: result: yes
configure:4764: checking whether gcc accepts -g
configure:4825: result: yes
configure:4842: checking for gcc option to accept ISO C89
configure:4919: result: none needed
configure:4941: checking dependency style of gcc
configure:5032: result: gcc3
configure:5055: checking how to run the C preprocessor
configure:5086: gcc -E  conftest.c
configure:5086: $? = 0
configure:5100: gcc -E  conftest.c
conftest.c:11:28: fatal error: ac_nonexistent.h: No such file or directory
compilation terminated.
configure:5100: $? = 1
configure: failed program was:
| /* confdefs.h */
| #define PACKAGE_NAME ""
| #define PACKAGE_TARNAME ""
| #define PACKAGE_VERSION ""
| #define PACKAGE_STRING ""
| #define PACKAGE_BUGREPORT ""
| #define PACKAGE_URL ""
| #define PACKAGE "tsoljds-tstripe"
| #define VERSION "0.6.8"
| /* end confdefs.h.  */
| #include <ac_nonexistent.h>
configure:5125: result: gcc -E
configure:5145: gcc -E  conftest.c
configure:5145: $? = 0
configure:5159: gcc -E  conftest.c
conftest.c:11:28: fatal error: ac_nonexistent.h: No such file or directory
compilation terminated.
configure:5159: $? = 1
configure: failed program was:
| /* confdefs.h */
| #define PACKAGE_NAME ""
| #define PACKAGE_TARNAME ""
| #define PACKAGE_VERSION ""
| #define PACKAGE_STRING ""
| #define PACKAGE_BUGREPORT ""
| #define PACKAGE_URL ""
| #define PACKAGE "tsoljds-tstripe"
| #define VERSION "0.6.8"
| /* end confdefs.h.  */
| #include <ac_nonexistent.h>
configure:5188: checking for grep that handles long lines and -e
configure:5246: result: /usr/gnu/bin/grep
configure:5251: checking for egrep
configure:5313: result: /usr/gnu/bin/grep -E
configure:5318: checking for ANSI C header files
configure:5338: gcc -c -g -m64  conftest.c >&5
configure:5338: $? = 0
configure:5411: gcc -o conftest -g -m64   conftest.c  >&5
configure:5411: $? = 0
configure:5411: ./conftest
configure:5411: $? = 0
configure:5422: result: yes
configure:5459: checking build system type
configure:5473: result: i386-pc-solaris2.11
configure:5493: checking host system type
configure:5506: result: i386-pc-solaris2.11
configure:5547: checking how to print strings
configure:5576: result: print -r
configure:5595: checking for a sed that does not truncate output
configure:5659: result: /usr/gnu/bin/sed
configure:5677: checking for fgrep
configure:5739: result: /usr/gnu/bin/grep -F
configure:5774: checking for ld used by gcc
configure:5841: result: /usr/bin/ld
configure:5848: checking if the linker (/usr/bin/ld) is GNU ld
configure:5863: result: no
configure:5875: checking for BSD- or MS-compatible name lister (nm)
configure:5924: result: /usr/gnu/bin/nm -B
configure:6054: checking the name lister (/usr/gnu/bin/nm -B) interface
configure:6061: gcc -c -g -m64  conftest.c >&5
configure:6064: /usr/gnu/bin/nm -B "conftest.o"
configure:6067: output
0000000000000000 B some_variable
configure:6074: result: BSD nm
configure:6077: checking whether ln -s works
configure:6081: result: yes
configure:6089: checking the maximum length of command line arguments
configure:6219: result: 786240
configure:6236: checking whether the shell understands some XSI constructs
configure:6246: result: yes
configure:6250: checking whether the shell understands "+="
configure:6256: result: yes
configure:6291: checking how to convert i386-pc-solaris2.11 file names to i386-pc-solaris2.11 format
configure:6331: result: func_convert_file_noop
configure:6338: checking how to convert i386-pc-solaris2.11 file names to toolchain format
configure:6358: result: func_convert_file_noop
configure:6365: checking for /usr/bin/ld option to reload object files
configure:6372: result: -r
configure:6446: checking for objdump
configure:6462: found /usr/gnu/bin/objdump
configure:6473: result: objdump
configure:6505: checking how to recognize dependent libraries
configure:6707: result: pass_all
configure:6792: checking for dlltool
configure:6822: result: no
configure:6852: checking how to associate runtime and link libraries
configure:6879: result: print -r --
configure:6939: checking for ar
configure:6955: found /usr/gnu/bin/ar
configure:6966: result: ar
configure:7003: checking for archiver @FILE support
configure:7020: gcc -c -g -m64  conftest.c >&5
configure:7020: $? = 0
configure:7023: ar cru libconftest.a @conftest.lst >&5
configure:7026: $? = 0
configure:7031: ar cru libconftest.a @conftest.lst >&5
ar: conftest.o: No such file or directory
configure:7034: $? = 1
configure:7046: result: @
configure:7104: checking for strip
configure:7120: found /usr/bin/strip
configure:7131: result: strip
configure:7203: checking for ranlib
configure:7219: found /usr/gnu/bin/ranlib
configure:7230: result: ranlib
configure:7332: checking command to parse /usr/gnu/bin/nm -B output from gcc object
configure:7452: gcc -c -g -m64  conftest.c >&5
configure:7455: $? = 0
configure:7459: /usr/gnu/bin/nm -B conftest.o \| sed -n -e 's/^.*[ ]\([ABCDGIRSTW][ABCDGIRSTW]*\)[ ][ ]*\([_A-Za-z][_A-Za-z0-9]*\)$/\1 \2 \2/p' | sed '/ __gnu_lto/d' \> conftest.nm
configure:7462: $? = 0
configure:7528: gcc -o conftest -g -m64   conftest.c conftstm.o >&5
configure:7531: $? = 0
configure:7569: result: ok
configure:7606: checking for sysroot
configure:7636: result: no
configure:7812: gcc -c -g -m64  conftest.c >&5
configure:7815: $? = 0
configure:7892: checking for mt
configure:7908: found /usr/bin/mt
configure:7919: result: mt
configure:7942: checking if mt is a manifest tool
configure:7948: mt '-?'
mt: unknown command: -?
configure:7956: result: no
configure:8598: checking for sys/types.h
configure:8598: gcc -c -g -m64  conftest.c >&5
configure:8598: $? = 0
configure:8598: result: yes
configure:8598: checking for sys/stat.h
configure:8598: gcc -c -g -m64  conftest.c >&5
configure:8598: $? = 0
configure:8598: result: yes
configure:8598: checking for stdlib.h
configure:8598: gcc -c -g -m64  conftest.c >&5
configure:8598: $? = 0
configure:8598: result: yes
configure:8598: checking for string.h
configure:8598: gcc -c -g -m64  conftest.c >&5
configure:8598: $? = 0
configure:8598: result: yes
configure:8598: checking for memory.h
configure:8598: gcc -c -g -m64  conftest.c >&5
configure:8598: $? = 0
configure:8598: result: yes
configure:8598: checking for strings.h
configure:8598: gcc -c -g -m64  conftest.c >&5
configure:8598: $? = 0
configure:8598: result: yes
configure:8598: checking for inttypes.h
configure:8598: gcc -c -g -m64  conftest.c >&5
configure:8598: $? = 0
configure:8598: result: yes
configure:8598: checking for stdint.h
configure:8598: gcc -c -g -m64  conftest.c >&5
configure:8598: $? = 0
configure:8598: result: yes
configure:8598: checking for unistd.h
configure:8598: gcc -c -g -m64  conftest.c >&5
configure:8598: $? = 0
configure:8598: result: yes
configure:8612: checking for dlfcn.h
configure:8612: gcc -c -g -m64  conftest.c >&5
configure:8612: $? = 0
configure:8612: result: yes
configure:8818: checking for objdir
configure:8833: result: .libs
configure:9100: checking if gcc supports -fno-rtti -fno-exceptions
configure:9118: gcc -c -g -m64  -fno-rtti -fno-exceptions conftest.c >&5
cc1: warning: command line option '-fno-rtti' is valid for C++/ObjC++ but not for C [enabled by default]
configure:9122: $? = 0
configure:9135: result: no
configure:9462: checking for gcc option to produce PIC
configure:9469: result: -fPIC -DPIC
configure:9477: checking if gcc PIC flag -fPIC -DPIC works
configure:9495: gcc -c -g -m64  -fPIC -DPIC -DPIC conftest.c >&5
configure:9499: $? = 0
configure:9512: result: yes
configure:9541: checking if gcc static flag -static works
configure:9569: result: no
configure:9584: checking if gcc supports -c -o file.o
configure:9605: gcc -c -g -m64  -o out/conftest2.o conftest.c >&5
configure:9609: $? = 0
configure:9631: result: yes
configure:9639: checking if gcc supports -c -o file.o
configure:9686: result: yes
configure:9719: checking whether the gcc linker (/usr/bin/ld -64) supports shared libraries
configure:10872: result: yes
configure:10909: checking whether -lc should be explicitly linked in
configure:10917: gcc -c -g -m64  conftest.c >&5
configure:10920: $? = 0
configure:10935: gcc -shared  -fPIC -DPIC -Wl,-z -Wl,text -Wl,-h -Wl,conftest -o conftest conftest.o  -v 2\>\&1 \| /usr/gnu/bin/grep  -lc  \>/dev/null 2\>\&1
configure:10938: $? = 0
configure:10952: result: no
configure:11112: checking dynamic linker characteristics
configure:11845: result: solaris2.11 ld.so
configure:11952: checking how to hardcode library paths into programs
configure:11977: result: immediate
configure:12517: checking whether stripping libraries is possible
configure:12539: result: no
configure:12557: checking if libtool supports shared libraries
configure:12559: result: yes
configure:12562: checking whether to build shared libraries
configure:12583: result: yes
configure:12586: checking whether to build static libraries
configure:12590: result: yes
configure:12628: checking whether NLS is requested
configure:12637: result: yes
configure:12652: checking for intltool >= 0.35.0
configure:12659: result: 0.40.6 found
configure:12667: checking for intltool-update
configure:12685: found /usr/bin/intltool-update
configure:12697: result: /usr/bin/intltool-update
configure:12707: checking for intltool-merge
configure:12725: found /usr/bin/intltool-merge
configure:12737: result: /usr/bin/intltool-merge
configure:12747: checking for intltool-extract
configure:12765: found /usr/bin/intltool-extract
configure:12777: result: /usr/bin/intltool-extract
configure:12908: checking for xgettext
configure:12926: found /usr/gnu/bin/xgettext
configure:12938: result: /usr/gnu/bin/xgettext
configure:12948: checking for msgmerge
configure:12966: found /usr/bin/msgmerge
configure:12978: result: /usr/bin/msgmerge
configure:12988: checking for msgfmt
configure:13006: found /usr/gnu/bin/msgfmt
configure:13018: result: /usr/gnu/bin/msgfmt
configure:13028: checking for gmsgfmt
configure:13046: found /usr/bin/gmsgfmt
configure:13059: result: /usr/bin/gmsgfmt
configure:13078: checking for perl
configure:13096: found /usr/bin/perl
configure:13108: result: /usr/bin/perl
configure:13119: checking for perl >= 5.8.1
configure:13126: result: 5.12.5
configure:13130: checking for XML::Parser
configure:13133: result: ok
configure:13158: gcc -o conftest -g -m64   conftest.c  >&5
configure:13158: $? = 0
configure:13235: checking for pkg-config
configure:13253: found /usr/bin/pkg-config
configure:13265: result: /usr/bin/pkg-config
configure:13290: checking pkg-config is at least version 0.9.0
configure:13293: result: yes
configure:13304: checking for PACKAGE
configure:13311: $PKG_CONFIG --exists --print-errors "$pkg_modules"
configure:13314: $? = 0
configure:13327: $PKG_CONFIG --exists --print-errors "$pkg_modules"
configure:13330: $? = 0
configure:13384: result: yes
configure:13410: checking for XTSOLIsWindowTrusted in -lXtsol
configure:13435: gcc -o conftest -g -m64   -L/usr/openwin/lib -R/usr/openwin/lib conftest.c -lXtsol -lX11 -ltsol  >&5
configure:13435: $? = 0
configure:13444: result: yes
configure:13477: checking for XRRUpdateConfiguration in -lXrandr
configure:13502: gcc -o conftest -g -m64   conftest.c -lXrandr -lXrender -lXext   >&5
configure:13502: $? = 0
configure:13511: result: yes
configure:13514: checking for X11/extensions/Xrandr.h
configure:13514: gcc -c -g -m64  conftest.c >&5
configure:13514: $? = 0
configure:13514: result: yes
configure:13543: checking locale.h usability
configure:13543: gcc -c -g -m64  conftest.c >&5
configure:13543: $? = 0
configure:13543: result: yes
configure:13543: checking locale.h presence
configure:13543: gcc -E  conftest.c
configure:13543: $? = 0
configure:13543: result: yes
configure:13543: checking for locale.h
configure:13543: result: yes
configure:13554: checking for LC_MESSAGES
configure:13570: gcc -o conftest -g -m64   conftest.c  >&5
configure:13570: $? = 0
configure:13578: result: yes
configure:13595: checking libintl.h usability
configure:13595: gcc -c -g -m64  conftest.c >&5
configure:13595: $? = 0
configure:13595: result: yes
configure:13595: checking libintl.h presence
configure:13595: gcc -E  conftest.c
configure:13595: $? = 0
configure:13595: result: yes
configure:13595: checking for libintl.h
configure:13595: result: yes
configure:13603: checking for ngettext in libc
configure:13621: gcc -o conftest -g -m64   conftest.c  >&5
configure:13621: $? = 0
configure:13630: result: yes
configure:13634: checking for dgettext in libc
configure:13652: gcc -o conftest -g -m64   conftest.c  >&5
configure:13652: $? = 0
configure:13661: result: yes
configure:13668: checking for bind_textdomain_codeset
configure:13668: gcc -o conftest -g -m64   conftest.c  >&5
configure:13668: $? = 0
configure:13668: result: yes
configure:13944: checking for msgfmt
configure:13971: result: /usr/gnu/bin/msgfmt
configure:13982: checking for dcgettext
configure:13982: gcc -o conftest -g -m64   conftest.c   >&5
conftest.c:53:6: warning: conflicting types for built-in function 'dcgettext' [enabled by default]
configure:13982: $? = 0
configure:13982: result: yes
configure:13992: checking if msgfmt accepts -c
configure:14007: $MSGFMT -c -o /dev/null conftest.foo
configure:14010: $? = 0
configure:14012: result: yes
configure:14022: checking for gmsgfmt
configure:14053: result: /usr/bin/gmsgfmt
configure:14063: checking for xgettext
configure:14090: result: /usr/gnu/bin/xgettext
configure:14109: gcc -o conftest -g -m64   conftest.c   >&5
configure:14109: $? = 0
configure:14389: creating ./config.status

## ---------------------- ##
## Running config.status. ##
## ---------------------- ##

This file was extended by config.status, which was
generated by GNU Autoconf 2.68.  Invocation command line was

  CONFIG_FILES    = 
  CONFIG_HEADERS  = 
  CONFIG_LINKS    = 
  CONFIG_COMMANDS = 
  $ ./config.status 

on solaris11.3

config.status:1174: creating Makefile
config.status:1174: creating po/Makefile.in
config.status:1174: creating src/Makefile
config.status:1174: creating config.h
config.status:1402: executing depfiles commands
config.status:1402: executing libtool commands
config.status:1402: executing default-1 commands
config.status:1402: executing po/stamp-it commands

## ---------------- ##
## Cache variables. ##
## ---------------- ##

ac_cv_build=i386-pc-solaris2.11
ac_cv_c_compiler_gnu=yes
ac_cv_env_CC_set=''
ac_cv_env_CC_value=''
ac_cv_env_CFLAGS_set=set
ac_cv_env_CFLAGS_value='-g -m64'
ac_cv_env_CPPFLAGS_set=''
ac_cv_env_CPPFLAGS_value=''
ac_cv_env_CPP_set=''
ac_cv_env_CPP_value=''
ac_cv_env_LDFLAGS_set=''
ac_cv_env_LDFLAGS_value=''
ac_cv_env_LIBS_set=''
ac_cv_env_LIBS_value=''
ac_cv_env_PACKAGE_CFLAGS_set=''
ac_cv_env_PACKAGE_CFLAGS_value=''
ac_cv_env_PACKAGE_LIBS_set=''
ac_cv_env_PACKAGE_LIBS_value=''
ac_cv_env_PKG_CONFIG_set=''
ac_cv_env_PKG_CONFIG_value=''
ac_cv_env_build_alias_set=''
ac_cv_env_build_alias_value=''
ac_cv_env_host_alias_set=''
ac_cv_env_host_alias_value=''
ac_cv_env_target_alias_set=''
ac_cv_env_target_alias_value=''
ac_cv_func_bind_textdomain_codeset=yes
ac_cv_func_dcgettext=yes
ac_cv_header_X11_extensions_Xrandr_h=yes
ac_cv_header_dlfcn_h=yes
ac_cv_header_inttypes_h=yes
ac_cv_header_libintl_h=yes
ac_cv_header_locale_h=yes
ac_cv_header_memory_h=yes
ac_cv_header_stdc=yes
ac_cv_header_stdint_h=yes
ac_cv_header_stdlib_h=yes
ac_cv_header_string_h=yes
ac_cv_header_strings_h=yes
ac_cv_header_sys_stat_h=yes
ac_cv_header_sys_types_h=yes
ac_cv_header_unistd_h=yes
ac_cv_host=i386-pc-solaris2.11
ac_cv_lib_Xrandr_XRRUpdateConfiguration=yes
ac_cv_lib_Xtsol_XTSOLIsWindowTrusted=yes
ac_cv_objext=o
ac_cv_path_EGREP='/usr/gnu/bin/grep -E'
ac_cv_path_FGREP='/usr/gnu/bin/grep -F'
ac_cv_path_GMSGFMT=/usr/bin/gmsgfmt
ac_cv_path_GREP=/usr/gnu/bin/grep
ac_cv_path_INTLTOOL_EXTRACT=/usr/bin/intltool-extract
ac_cv_path_INTLTOOL_MERGE=/usr/bin/intltool-merge
ac_cv_path_INTLTOOL_PERL=/usr/bin/perl
ac_cv_path_INTLTOOL_UPDATE=/usr/bin/intltool-update
ac_cv_path_MSGFMT=/usr/gnu/bin/msgfmt
ac_cv_path_MSGMERGE=/usr/bin/msgmerge
ac_cv_path_SED=/usr/gnu/bin/sed
ac_cv_path_XGETTEXT=/usr/gnu/bin/xgettext
ac_cv_path_ac_pt_PKG_CONFIG=/usr/bin/pkg-config
ac_cv_path_install='/usr/gnu/bin/install -c'
ac_cv_path_mkdir=/usr/gnu/bin/mkdir
ac_cv_prog_AWK=gawk
ac_cv_prog_CPP='gcc -E'
ac_cv_prog_ac_ct_AR=ar
ac_cv_prog_ac_ct_CC=gcc
ac_cv_prog_ac_ct_MANIFEST_TOOL=mt
ac_cv_prog_ac_ct_OBJDUMP=objdump
ac_cv_prog_ac_ct_RANLIB=ranlib
ac_cv_prog_ac_ct_STRIP=strip
ac_cv_prog_cc_c89=''
ac_cv_prog_cc_g=yes
ac_cv_prog_make_make_set=yes
ac_cv_search_strerror='none required'
am_cv_CC_dependencies_compiler_type=gcc3
am_cv_prog_cc_stdc=''
am_cv_val_LC_MESSAGES=yes
gt_cv_func_dgettext_libc=yes
gt_cv_func_dgettext_libintl=no
gt_cv_func_ngettext_libc=yes
gt_cv_have_gettext=yes
lt_cv_ar_at_file=@
lt_cv_archive_cmds_need_lc=no
lt_cv_deplibs_check_method=pass_all
lt_cv_file_magic_cmd='$MAGIC_CMD'
lt_cv_file_magic_test_file=''
lt_cv_ld_reload_flag=-r
lt_cv_nm_interface='BSD nm'
lt_cv_objdir=.libs
lt_cv_path_LD=/usr/bin/ld
lt_cv_path_NM='/usr/gnu/bin/nm -B'
lt_cv_path_mainfest_tool=no
lt_cv_prog_compiler_c_o=yes
lt_cv_prog_compiler_pic='-fPIC -DPIC'
lt_cv_prog_compiler_pic_works=yes
lt_cv_prog_compiler_rtti_exceptions=no
lt_cv_prog_compiler_static_works=no
lt_cv_prog_gnu_ld=no
lt_cv_sharedlib_from_linklib_cmd='print -r --'
lt_cv_sys_global_symbol_pipe=$'sed -n -e \'s/^.*[\t ]\\([ABCDGIRSTW][ABCDGIRSTW]*\\)[\t ][\t ]*\\([_A-Za-z][_A-Za-z0-9]*\\)$/\\1 \\2 \\2/p\' | sed \'/ __gnu_lto/d\''
lt_cv_sys_global_symbol_to_c_name_address=$'sed -n -e \'s/^: \\([^ ]*\\)[ ]*$/  {\\"\\1\\", (void *) 0},/p\' -e \'s/^[ABCDGIRSTW]* \\([^ ]*\\) \\([^ ]*\\)$/  {"\\2", (void *) \\&\\2},/p\''
lt_cv_sys_global_symbol_to_c_name_address_lib_prefix=$'sed -n -e \'s/^: \\([^ ]*\\)[ ]*$/  {\\"\\1\\", (void *) 0},/p\' -e \'s/^[ABCDGIRSTW]* \\([^ ]*\\) \\(lib[^ ]*\\)$/  {"\\2", (void *) \\&\\2},/p\' -e \'s/^[ABCDGIRSTW]* \\([^ ]*\\) \\([^ ]*\\)$/  {"lib\\2", (void *) \\&\\2},/p\''
lt_cv_sys_global_symbol_to_cdecl=$'sed -n -e \'s/^T .* \\(.*\\)$/extern int \\1();/p\' -e \'s/^[ABCDGIRSTW]* .* \\(.*\\)$/extern char \\1;/p\''
lt_cv_sys_max_cmd_len=786240
lt_cv_to_host_file_cmd=func_convert_file_noop
lt_cv_to_tool_file_cmd=func_convert_file_noop
pkg_cv_PACKAGE_CFLAGS='-DORBIT2=1 -D_REENTRANT -D_PTHREADS -D_POSIX_PTHREAD_SEMANTICS -I/usr/include/libgnomeui-2.0 -I/usr/include/libart-2.0 -I/usr/include/gconf/2 -I/usr/include/gnome-keyring-1 -I/usr/include/libgnome-2.0 -I/usr/include/libbonoboui-2.0 -I/usr/include/libgnomecanvas-2.0 -I/usr/include/gtk-2.0 -I/usr/include/gnome-vfs-2.0 -I/usr/lib/amd64/gnome-vfs-2.0/include -I/usr/include/orbit-2.0 -I/usr/include/dbus-1.0 -I/usr/lib/amd64/dbus-1.0/include -I/usr/include/glib-2.0 -I/usr/lib/amd64/glib-2.0/include -I/usr/include/libbonobo-2.0 -I/usr/include/bonobo-activation-2.0 -I/usr/include/libxml2 -I/usr/include/pango-1.0 -I/usr/include/gail-1.0 -I/usr/include/freetype2 -I/usr/include/atk-1.0 -I/usr/lib/amd64/gtk-2.0/include -I/usr/include/cairo -I/usr/include/gio-unix-2.0/ -I/usr/include/pixman-1 -I/usr/include/libpng12 -I/usr/include/startup-notification-1.0 -I/usr/include/libwnck-1.0 -I/usr/include/libgnometsol  '
pkg_cv_PACKAGE_LIBS='-L/usr/lib/amd64 -lgnomeui-2 -lSM -lICE -lbonoboui-2 -lgnomevfs-2 -lgnomecanvas-2 -lgnome-2 -lpopt -lbonobo-2 -lbonobo-activation -lORBit-2 -lart_lgpl_2 -lgconf-2 -lwnck-1 -lgnometsol -lpam -lgtk-x11-2.0 -lsecdb -ltsol -lgdk-x11-2.0 -latk-1.0 -lpangoft2-1.0 -lgdk_pixbuf-2.0 -lm -lpangocairo-1.0 -lXext -lXrender -lXinerama -lXi -lXrandr -lXcursor -lXcomposite -lXdamage -lgio-2.0 -lXfixes -lcairo -lX11 -lpango-1.0 -lfreetype -lfontconfig -lgobject-2.0 -lgmodule-2.0 -lgthread-2.0 -lpthread -lglib-2.0  '

## ----------------- ##
## Output variables. ##
## ----------------- ##

ACLOCAL='${SHELL} /export/home/gfaden/packages/BUILD/tsoljds-tstripe-0.6.8/missing --run aclocal-1.10'
ALL_LINGUAS=''
AMDEPBACKSLASH='\'
AMDEP_FALSE='#'
AMDEP_TRUE=''
AMTAR='${SHELL} /export/home/gfaden/packages/BUILD/tsoljds-tstripe-0.6.8/missing --run tar'
AR='ar'
AUTOCONF='${SHELL} /export/home/gfaden/packages/BUILD/tsoljds-tstripe-0.6.8/missing --run autoconf'
AUTOHEADER='${SHELL} /export/home/gfaden/packages/BUILD/tsoljds-tstripe-0.6.8/missing --run autoheader'
AUTOMAKE='${SHELL} /export/home/gfaden/packages/BUILD/tsoljds-tstripe-0.6.8/missing --run automake-1.10'
AWK='gawk'
CATALOGS=''
CATOBJEXT='.gmo'
CC='gcc'
CCDEPMODE='depmode=gcc3'
CFLAGS='-g -m64'
CPP='gcc -E'
CPPFLAGS=''
CYGPATH_W='echo'
DATADIRNAME='share'
DEFS='-DHAVE_CONFIG_H'
DEPDIR='.deps'
DLLTOOL='false'
DSYMUTIL=''
DUMPBIN=''
ECHO_C='\c'
ECHO_N=''
ECHO_T=''
EGREP='/usr/gnu/bin/grep -E'
EXEEXT=''
FGREP='/usr/gnu/bin/grep -F'
GETTEXT_PACKAGE='tsoljds-tstripe'
GMOFILES=''
GMSGFMT='/usr/bin/gmsgfmt'
GREP='/usr/gnu/bin/grep'
INSTALL_DATA='${INSTALL} -m 644'
INSTALL_PROGRAM='${INSTALL}'
INSTALL_SCRIPT='${INSTALL}'
INSTALL_STRIP_PROGRAM='$(install_sh) -c -s'
INSTOBJEXT='.mo'
INTLLIBS=''
INTLTOOL_CAVES_RULE='%.caves:     %.caves.in     $(INTLTOOL_MERGE) $(wildcard $(top_srcdir)/po/*.po) ; LC_ALL=C $(INTLTOOL_MERGE) -d -u -c $(top_builddir)/po/.intltool-merge-cache $(top_srcdir)/po $< $@'
INTLTOOL_DESKTOP_RULE='%.desktop:   %.desktop.in   $(INTLTOOL_MERGE) $(wildcard $(top_srcdir)/po/*.po) ; LC_ALL=C $(INTLTOOL_MERGE) -d -u -c $(top_builddir)/po/.intltool-merge-cache $(top_srcdir)/po $< $@'
INTLTOOL_DIRECTORY_RULE='%.directory: %.directory.in $(INTLTOOL_MERGE) $(wildcard $(top_srcdir)/po/*.po) ; LC_ALL=C $(INTLTOOL_MERGE) -d -u -c $(top_builddir)/po/.intltool-merge-cache $(top_srcdir)/po $< $@'
INTLTOOL_EXTRACT='/usr/bin/intltool-extract'
INTLTOOL_KBD_RULE='%.kbd:       %.kbd.in       $(INTLTOOL_MERGE) $(wildcard $(top_srcdir)/po/*.po) ; LC_ALL=C $(INTLTOOL_MERGE) -x -u -m -c $(top_builddir)/po/.intltool-merge-cache $(top_srcdir)/po $< $@'
INTLTOOL_KEYS_RULE='%.keys:      %.keys.in      $(INTLTOOL_MERGE) $(wildcard $(top_srcdir)/po/*.po) ; LC_ALL=C $(INTLTOOL_MERGE) -k -u -c $(top_builddir)/po/.intltool-merge-cache $(top_srcdir)/po $< $@'
INTLTOOL_MERGE='/usr/bin/intltool-merge'
INTLTOOL_OAF_RULE='%.oaf:       %.oaf.in       $(INTLTOOL_MERGE) $(wildcard $(top_srcdir)/po/*.po) ; LC_ALL=C $(INTLTOOL_MERGE) -o -p $(top_srcdir)/po $< $@'
INTLTOOL_PERL='/usr/bin/perl'
INTLTOOL_POLICY_RULE='%.policy:    %.policy.in    $(INTLTOOL_MERGE) $(wildcard $(top_srcdir)/po/*.po) ; LC_ALL=C $(INTLTOOL_MERGE) -x -u -c $(top_builddir)/po/.intltool-merge-cache $(top_srcdir)/po $< $@'
INTLTOOL_PONG_RULE='%.pong:      %.pong.in      $(INTLTOOL_MERGE) $(wildcard $(top_srcdir)/po/*.po) ; LC_ALL=C $(INTLTOOL_MERGE) -x -u -c $(top_builddir)/po/.intltool-merge-cache $(top_srcdir)/po $< $@'
INTLTOOL_PROP_RULE='%.prop:      %.prop.in      $(INTLTOOL_MERGE) $(wildcard $(top_srcdir)/po/*.po) ; LC_ALL=C $(INTLTOOL_MERGE) -d -u -c $(top_builddir)/po/.intltool-merge-cache $(top_srcdir)/po $< $@'
INTLTOOL_SCHEMAS_RULE='%.schemas:   %.schemas.in   $(INTLTOOL_MERGE) $(wildcard $(top_srcdir)/po/*.po) ; LC_ALL=C $(INTLTOOL_MERGE) -s -u -c $(top_builddir)/po/.intltool-merge-cache $(top_srcdir)/po $< $@'
INTLTOOL_SERVER_RULE='%.server:    %.server.in    $(INTLTOOL_MERGE) $(wildcard $(top_srcdir)/po/*.po) ; LC_ALL=C $(INTLTOOL_MERGE) -o -u -c $(top_builddir)/po/.intltool-merge-cache $(top_srcdir)/po $< $@'
INTLTOOL_SERVICE_RULE='%.service: %.service.in   $(INTLTOOL_MERGE) $(wildcard $(top_srcdir)/po/*.po) ; LC_ALL=C $(INTLTOOL_MERGE) -d -u -c $(top_builddir)/po/.intltool-merge-cache $(top_srcdir)/po $< $@'
INTLTOOL_SHEET_RULE='%.sheet:     %.sheet.in     $(INTLTOOL_MERGE) $(wildcard $(top_srcdir)/po/*.po) ; LC_ALL=C $(INTLTOOL_MERGE) -x -u -c $(top_builddir)/po/.intltool-merge-cache $(top_srcdir)/po $< $@'
INTLTOOL_SOUNDLIST_RULE='%.soundlist: %.soundlist.in $(INTLTOOL_MERGE) $(wildcard $(top_srcdir)/po/*.po) ; LC_ALL=C $(INTLTOOL_MERGE) -d -u -c $(top_builddir)/po/.intltool-merge-cache $(top_srcdir)/po $< $@'
INTLTOOL_THEME_RULE='%.theme:     %.theme.in     $(INTLTOOL_MERGE) $(wildcard $(top_srcdir)/po/*.po) ; LC_ALL=C $(INTLTOOL_MERGE) -d -u -c $(top_builddir)/po/.intltool-merge-cache $(top_srcdir)/po $< $@'
INTLTOOL_UI_RULE='%.ui:        %.ui.in        $(INTLTOOL_MERGE) $(wildcard $(top_srcdir)/po/*.po) ; LC_ALL=C $(INTLTOOL_MERGE) -x -u -c $(top_builddir)/po/.intltool-merge-cache $(top_srcdir)/po $< $@'
INTLTOOL_UPDATE='/usr/bin/intltool-update'
INTLTOOL_XAM_RULE='%.xam:       %.xml.in       $(INTLTOOL_MERGE) $(wildcard $(top_srcdir)/po/*.po) ; LC_ALL=C $(INTLTOOL_MERGE) -x -u -c $(top_builddir)/po/.intltool-merge-cache $(top_srcdir)/po $< $@'
INTLTOOL_XML_NOMERGE_RULE='%.xml:       %.xml.in       $(INTLTOOL_MERGE) ; LC_ALL=C $(INTLTOOL_MERGE) -x -u /tmp $< $@'
INTLTOOL_XML_RULE='%.xml:       %.xml.in       $(INTLTOOL_MERGE) $(wildcard $(top_srcdir)/po/*.po) ; LC_ALL=C $(INTLTOOL_MERGE) -x -u -c $(top_builddir)/po/.intltool-merge-cache $(top_srcdir)/po $< $@'
LD='/usr/bin/ld -64'
LDFLAGS=''
LIBOBJS=''
LIBS=''
LIBTOOL='$(SHELL) $(top_builddir)/libtool'
LIPO=''
LN_S='ln -s'
LTLIBOBJS=''
MAINT='#'
MAINTAINER_MODE_FALSE=''
MAINTAINER_MODE_TRUE='#'
MAKEINFO='${SHELL} /export/home/gfaden/packages/BUILD/tsoljds-tstripe-0.6.8/missing --run makeinfo'
MANIFEST_TOOL=':'
MKDIR_P='/usr/gnu/bin/mkdir -p'
MKINSTALLDIRS='./mkinstalldirs'
MSGFMT='/usr/gnu/bin/msgfmt'
MSGFMT_OPTS='-c'
MSGMERGE='/usr/bin/msgmerge'
NM='/usr/gnu/bin/nm -B'
NMEDIT=''
OBJDUMP='objdump'
OBJEXT='o'
OTOOL64=''
OTOOL=''
PACKAGE='tsoljds-tstripe'
PACKAGE_BUGREPORT=''
PACKAGE_CFLAGS='-DORBIT2=1 -D_REENTRANT -D_PTHREADS -D_POSIX_PTHREAD_SEMANTICS -I/usr/include/libgnomeui-2.0 -I/usr/include/libart-2.0 -I/usr/include/gconf/2 -I/usr/include/gnome-keyring-1 -I/usr/include/libgnome-2.0 -I/usr/include/libbonoboui-2.0 -I/usr/include/libgnomecanvas-2.0 -I/usr/include/gtk-2.0 -I/usr/include/gnome-vfs-2.0 -I/usr/lib/amd64/gnome-vfs-2.0/include -I/usr/include/orbit-2.0 -I/usr/include/dbus-1.0 -I/usr/lib/amd64/dbus-1.0/include -I/usr/include/glib-2.0 -I/usr/lib/amd64/glib-2.0/include -I/usr/include/libbonobo-2.0 -I/usr/include/bonobo-activation-2.0 -I/usr/include/libxml2 -I/usr/include/pango-1.0 -I/usr/include/gail-1.0 -I/usr/include/freetype2 -I/usr/include/atk-1.0 -I/usr/lib/amd64/gtk-2.0/include -I/usr/include/cairo -I/usr/include/gio-unix-2.0/ -I/usr/include/pixman-1 -I/usr/include/libpng12 -I/usr/include/startup-notification-1.0 -I/usr/include/libwnck-1.0 -I/usr/include/libgnometsol  '
PACKAGE_LIBS='-L/usr/openwin/lib -R/usr/openwin/lib -lXtsol -ltsol -lsecdb -lpam -lbsm -lcontract -lcmd -lXmu -lX11 -lXrandr -L/usr/lib/amd64 -lgnomeui-2 -lSM -lICE -lbonoboui-2 -lgnomevfs-2 -lgnomecanvas-2 -lgnome-2 -lpopt -lbonobo-2 -lbonobo-activation -lORBit-2 -lart_lgpl_2 -lgconf-2 -lwnck-1 -lgnometsol -lpam -lgtk-x11-2.0 -lsecdb -ltsol -lgdk-x11-2.0 -latk-1.0 -lpangoft2-1.0 -lgdk_pixbuf-2.0 -lm -lpangocairo-1.0 -lXext -lXrender -lXinerama -lXi -lXrandr -lXcursor -lXcomposite -lXdamage -lgio-2.0 -lXfixes -lcairo -lX11 -lpango-1.0 -lfreetype -lfontconfig -lgobject-2.0 -lgmodule-2.0 -lgthread-2.0 -lpthread -lglib-2.0  '
PACKAGE_NAME=''
PACKAGE_STRING=''
PACKAGE_TARNAME=''
PACKAGE_URL=''
PACKAGE_VERSION=''
PATH_SEPARATOR=':'
PKG_CONFIG='/usr/bin/pkg-config'
POFILES=''
POSUB='po'
PO_IN_DATADIR_FALSE=''
PO_IN_DATADIR_TRUE=''
RANLIB='ranlib'
SED='/usr/gnu/bin/sed'
SET_MAKE=''
SHELL='/bin/sh'
STRIP='strip'
USE_NLS='yes'
VERSION='0.6.8'
XGETTEXT='/usr/gnu/bin/xgettext'
XTSOL_DEFINED_FALSE='#'
XTSOL_DEFINED_TRUE=''
ac_ct_AR='ar'
ac_ct_CC='gcc'
ac_ct_DUMPBIN=''
am__fastdepCC_FALSE='#'
am__fastdepCC_TRUE=''
am__include='include'
am__isrc=''
am__leading_dot='.'
am__quote=''
am__tar='${AMTAR} chof - "$$tardir"'
am__untar='${AMTAR} xf -'
bindir='${exec_prefix}/bin'
build='i386-pc-solaris2.11'
build_alias=''
build_cpu='i386'
build_os='solaris2.11'
build_vendor='pc'
datadir='${datarootdir}'
datarootdir='${prefix}/share'
docdir='${datarootdir}/doc/${PACKAGE}'
dvidir='${docdir}'
exec_prefix='${prefix}'
host='i386-pc-solaris2.11'
host_alias=''
host_cpu='i386'
host_os='solaris2.11'
host_vendor='pc'
htmldir='${docdir}'
includedir='${prefix}/include'
infodir='${datarootdir}/info'
install_sh='$(SHELL) /export/home/gfaden/packages/BUILD/tsoljds-tstripe-0.6.8/install-sh'
libdir='${exec_prefix}/lib'
libexecdir='${exec_prefix}/libexec'
localedir='${datarootdir}/locale'
localstatedir='${prefix}/var'
mandir='${datarootdir}/man'
mkdir_p='/usr/gnu/bin/mkdir -p'
oldincludedir='/usr/include'
pdfdir='${docdir}'
prefix='/usr/local'
program_transform_name='s,x,x,'
psdir='${docdir}'
sbindir='${exec_prefix}/sbin'
sharedstatedir='${prefix}/com'
sysconfdir='${prefix}/etc'
target_alias=''

## ----------- ##
## confdefs.h. ##
## ----------- ##

/* confdefs.h */
#define PACKAGE_NAME ""
#define PACKAGE_TARNAME ""
#define PACKAGE_VERSION ""
#define PACKAGE_STRING ""
#define PACKAGE_BUGREPORT ""
#define PACKAGE_URL ""
#define PACKAGE "tsoljds-tstripe"
#define VERSION "0.6.8"
#define STDC_HEADERS 1
#define HAVE_SYS_TYPES_H 1
#define HAVE_SYS_STAT_H 1
#define HAVE_STDLIB_H 1
#define HAVE_STRING_H 1
#define HAVE_MEMORY_H 1
#define HAVE_STRINGS_H 1
#define HAVE_INTTYPES_H 1
#define HAVE_STDINT_H 1
#define HAVE_UNISTD_H 1
#define HAVE_DLFCN_H 1
#define LT_OBJDIR ".libs/"
#define GETTEXT_PACKAGE "tsoljds-tstripe"
#define HAVE_XTSOL /**/
#define HAVE_RANDR /**/
#define HAVE_LOCALE_H 1
#define HAVE_LC_MESSAGES 1
#define HAVE_BIND_TEXTDOMAIN_CODESET 1
#define HAVE_GETTEXT 1
#define HAVE_DCGETTEXT 1
#define ENABLE_NLS 1

configure: exit 0
