This file contains any messages produced by compilers while
running configure, to aid debugging if configure makes a mistake.

It was created by configure, which was
generated by GNU Autoconf 2.68.  Invocation command line was

  $ ./configure 

## --------- ##
## Platform. ##
## --------- ##

hostname = solaris11.3
uname -m = i86pc
uname -r = 5.11
uname -s = SunOS
uname -v = 11.3

/usr/bin/uname -p = i386
/bin/uname -X     = System = SunOS
Node = solaris11.3
Release = 5.11
KernelID = 11.3
Machine = i86pc
BusType = <unknown>
Serial = <unknown>
Users = <unknown>
OEM# = 0
Origin# = 1
NumCPU = 1

/bin/arch              = i86pc
/usr/bin/arch -k       = i86pc
/usr/convex/getsysinfo = unknown
/usr/bin/hostinfo      = unknown
/bin/machine           = unknown
/usr/bin/oslevel       = unknown
/bin/universe          = unknown

PATH: /usr/gnu/bin
PATH: /opt/onbld/bin
PATH: /opt/onbld/bin/i386
PATH: /opt/developerstudio12.4/bin
PATH: .
PATH: /usr/bin
PATH: /usr/sbin


## ----------- ##
## Core tests. ##
## ----------- ##

configure:2281: checking for a BSD-compatible install
configure:2349: result: /usr/gnu/bin/install -c
configure:2360: checking whether build environment is sane
configure:2397: result: yes
configure:2422: checking for a thread-safe mkdir -p
configure:2461: result: /usr/gnu/bin/mkdir -p
configure:2474: checking for gawk
configure:2490: found /usr/bin/gawk
configure:2501: result: gawk
configure:2512: checking whether make sets $(MAKE)
configure:2534: result: yes
configure:2717: checking whether to enable maintainer-specific portions of Makefiles
configure:2726: result: no
configure:2752: checking for style of include used by make
configure:2780: result: GNU
configure:2850: checking for gcc
configure:2866: found /usr/bin/gcc
configure:2877: result: gcc
configure:3106: checking for C compiler version
configure:3115: gcc --version >&5
gcc (GCC) 4.7.3
Copyright (C) 2012 Free Software Foundation, Inc.
This is free software; see the source for copying conditions.  There is NO
warranty; not even for MERCHANTABILITY or FITNESS FOR A PARTICULAR PURPOSE.

configure:3126: $? = 0
configure:3115: gcc -v >&5
Using built-in specs.
COLLECT_GCC=gcc
COLLECT_LTO_WRAPPER=/usr/gcc/4.7/lib/gcc/i386-pc-solaris2.11/4.7.3/lto-wrapper
Target: i386-pc-solaris2.11
Configured with: /builds/hudson/workspace/nightly-update/build/i386/components/gcc47/gcc-4.7.3/configure CC=/ws/on11update-tools/SUNWspro/sunstudio12.1/bin/cc CXX=/ws/on11update-tools/SUNWspro/sunstudio12.1/bin/CC --prefix=/usr/gcc/4.7 --mandir=/usr/gcc/4.7/share/man --bindir=/usr/gcc/4.7/bin --libdir=/usr/gcc/4.7/lib --sbindir=/usr/gcc/4.7/sbin --infodir=/usr/gcc/4.7/share/info --libexecdir=/usr/gcc/4.7/lib --enable-languages=c,c++,fortran,objc --enable-shared --with-gmp-include=/usr/include/gmp --with-mpfr-include=/usr/include/mpfr --without-gnu-ld --with-ld=/usr/bin/ld --with-gnu-as --with-as=/usr/gnu/bin/as CFLAGS='-g -O2 ' CXXFLAGS='-g -O2 '
Thread model: posix
gcc version 4.7.3 (GCC) 
configure:3126: $? = 0
configure:3115: gcc -V >&5
gcc: error: unrecognized command line option '-V'
gcc: fatal error: no input files
compilation terminated.
configure:3126: $? = 1
configure:3115: gcc -qversion >&5
gcc: error: unrecognized command line option '-qversion'
gcc: fatal error: no input files
compilation terminated.
configure:3126: $? = 1
configure:3146: checking whether the C compiler works
configure:3168: gcc -g -m64   conftest.c  >&5
configure:3172: $? = 0
configure:3220: result: yes
configure:3223: checking for C compiler default output file name
configure:3225: result: a.out
configure:3231: checking for suffix of executables
configure:3238: gcc -o conftest -g -m64   conftest.c  >&5
configure:3242: $? = 0
configure:3264: result: 
configure:3286: checking whether we are cross compiling
configure:3294: gcc -o conftest -g -m64   conftest.c  >&5
configure:3298: $? = 0
configure:3305: ./conftest
configure:3309: $? = 0
configure:3324: result: no
configure:3329: checking for suffix of object files
configure:3351: gcc -c -g -m64  conftest.c >&5
configure:3355: $? = 0
configure:3376: result: o
configure:3380: checking whether we are using the GNU C compiler
configure:3399: gcc -c -g -m64  conftest.c >&5
configure:3399: $? = 0
configure:3408: result: yes
configure:3417: checking whether gcc accepts -g
configure:3437: gcc -c -g  conftest.c >&5
configure:3437: $? = 0
configure:3478: result: yes
configure:3495: checking for gcc option to accept ISO C89
configure:3559: gcc  -c -g -m64  conftest.c >&5
configure:3559: $? = 0
configure:3572: result: none needed
configure:3594: checking dependency style of gcc
configure:3685: result: gcc3
configure:3701: checking for library containing strerror
configure:3732: gcc -o conftest -g -m64   conftest.c  >&5
configure:3732: $? = 0
configure:3749: result: none required
configure:3805: checking for gcc
configure:3832: result: gcc
configure:4061: checking for C compiler version
configure:4070: gcc --version >&5
gcc (GCC) 4.7.3
Copyright (C) 2012 Free Software Foundation, Inc.
This is free software; see the source for copying conditions.  There is NO
warranty; not even for MERCHANTABILITY or FITNESS FOR A PARTICULAR PURPOSE.

configure:4081: $? = 0
configure:4070: gcc -v >&5
Using built-in specs.
COLLECT_GCC=gcc
COLLECT_LTO_WRAPPER=/usr/gcc/4.7/lib/gcc/i386-pc-solaris2.11/4.7.3/lto-wrapper
Target: i386-pc-solaris2.11
Configured with: /builds/hudson/workspace/nightly-update/build/i386/components/gcc47/gcc-4.7.3/configure CC=/ws/on11update-tools/SUNWspro/sunstudio12.1/bin/cc CXX=/ws/on11update-tools/SUNWspro/sunstudio12.1/bin/CC --prefix=/usr/gcc/4.7 --mandir=/usr/gcc/4.7/share/man --bindir=/usr/gcc/4.7/bin --libdir=/usr/gcc/4.7/lib --sbindir=/usr/gcc/4.7/sbin --infodir=/usr/gcc/4.7/share/info --libexecdir=/usr/gcc/4.7/lib --enable-languages=c,c++,fortran,objc --enable-shared --with-gmp-include=/usr/include/gmp --with-mpfr-include=/usr/include/mpfr --without-gnu-ld --with-ld=/usr/bin/ld --with-gnu-as --with-as=/usr/gnu/bin/as CFLAGS='-g -O2 ' CXXFLAGS='-g -O2 '
Thread model: posix
gcc version 4.7.3 (GCC) 
configure:4081: $? = 0
configure:4070: gcc -V >&5
gcc: error: unrecognized command line option '-V'
gcc: fatal error: no input files
compilation terminated.
configure:4081: $? = 1
configure:4070: gcc -qversion >&5
gcc: error: unrecognized command line option '-qversion'
gcc: fatal error: no input files
compilation terminated.
configure:4081: $? = 1
configure:4085: checking whether we are using the GNU C compiler
configure:4113: result: yes
configure:4122: checking whether gcc accepts -g
configure:4183: result: yes
configure:4200: checking for gcc option to accept ISO C89
configure:4277: result: none needed
configure:4299: checking dependency style of gcc
configure:4390: result: gcc3
configure:4434: checking build system type
configure:4448: result: i386-pc-solaris2.11
configure:4468: checking host system type
configure:4481: result: i386-pc-solaris2.11
configure:4522: checking how to print strings
configure:4551: result: print -r
configure:4570: checking for a sed that does not truncate output
configure:4634: result: /usr/gnu/bin/sed
configure:4652: checking for grep that handles long lines and -e
configure:4710: result: /usr/gnu/bin/grep
configure:4715: checking for egrep
configure:4777: result: /usr/gnu/bin/grep -E
configure:4782: checking for fgrep
configure:4844: result: /usr/gnu/bin/grep -F
configure:4879: checking for ld used by gcc
configure:4946: result: /usr/bin/ld
configure:4953: checking if the linker (/usr/bin/ld) is GNU ld
configure:4968: result: no
configure:4980: checking for BSD- or MS-compatible name lister (nm)
configure:5029: result: /usr/gnu/bin/nm -B
configure:5159: checking the name lister (/usr/gnu/bin/nm -B) interface
configure:5166: gcc -c -g -m64  conftest.c >&5
configure:5169: /usr/gnu/bin/nm -B "conftest.o"
configure:5172: output
0000000000000000 B some_variable
configure:5179: result: BSD nm
configure:5182: checking whether ln -s works
configure:5186: result: yes
configure:5194: checking the maximum length of command line arguments
configure:5324: result: 786240
configure:5341: checking whether the shell understands some XSI constructs
configure:5351: result: yes
configure:5355: checking whether the shell understands "+="
configure:5361: result: yes
configure:5396: checking how to convert i386-pc-solaris2.11 file names to i386-pc-solaris2.11 format
configure:5436: result: func_convert_file_noop
configure:5443: checking how to convert i386-pc-solaris2.11 file names to toolchain format
configure:5463: result: func_convert_file_noop
configure:5470: checking for /usr/bin/ld option to reload object files
configure:5477: result: -r
configure:5551: checking for objdump
configure:5567: found /usr/gnu/bin/objdump
configure:5578: result: objdump
configure:5610: checking how to recognize dependent libraries
configure:5812: result: pass_all
configure:5897: checking for dlltool
configure:5927: result: no
configure:5957: checking how to associate runtime and link libraries
configure:5984: result: print -r --
configure:6044: checking for ar
configure:6060: found /usr/gnu/bin/ar
configure:6071: result: ar
configure:6108: checking for archiver @FILE support
configure:6125: gcc -c -g -m64  conftest.c >&5
configure:6125: $? = 0
configure:6128: ar cru libconftest.a @conftest.lst >&5
configure:6131: $? = 0
configure:6136: ar cru libconftest.a @conftest.lst >&5
ar: conftest.o: No such file or directory
configure:6139: $? = 1
configure:6151: result: @
configure:6209: checking for strip
configure:6225: found /usr/bin/strip
configure:6236: result: strip
configure:6308: checking for ranlib
configure:6324: found /usr/gnu/bin/ranlib
configure:6335: result: ranlib
configure:6437: checking command to parse /usr/gnu/bin/nm -B output from gcc object
configure:6557: gcc -c -g -m64  conftest.c >&5
configure:6560: $? = 0
configure:6564: /usr/gnu/bin/nm -B conftest.o \| sed -n -e 's/^.*[ ]\([ABCDGIRSTW][ABCDGIRSTW]*\)[ ][ ]*\([_A-Za-z][_A-Za-z0-9]*\)$/\1 \2 \2/p' | sed '/ __gnu_lto/d' \> conftest.nm
configure:6567: $? = 0
configure:6633: gcc -o conftest -g -m64   conftest.c conftstm.o >&5
configure:6636: $? = 0
configure:6674: result: ok
configure:6711: checking for sysroot
configure:6741: result: no
configure:6917: gcc -c -g -m64  conftest.c >&5
configure:6920: $? = 0
configure:6997: checking for mt
configure:7013: found /usr/bin/mt
configure:7024: result: mt
configure:7047: checking if mt is a manifest tool
configure:7053: mt '-?'
mt: unknown command: -?
configure:7061: result: no
configure:7703: checking how to run the C preprocessor
configure:7734: gcc -E  conftest.c
configure:7734: $? = 0
configure:7748: gcc -E  conftest.c
conftest.c:11:28: fatal error: ac_nonexistent.h: No such file or directory
compilation terminated.
configure:7748: $? = 1
configure: failed program was:
| /* confdefs.h */
| #define PACKAGE_NAME ""
| #define PACKAGE_TARNAME ""
| #define PACKAGE_VERSION ""
| #define PACKAGE_STRING ""
| #define PACKAGE_BUGREPORT ""
| #define PACKAGE_URL ""
| #define PACKAGE "tsoljdslabel"
| #define VERSION "0.6.5"
| /* end confdefs.h.  */
| #include <ac_nonexistent.h>
configure:7773: result: gcc -E
configure:7793: gcc -E  conftest.c
configure:7793: $? = 0
configure:7807: gcc -E  conftest.c
conftest.c:11:28: fatal error: ac_nonexistent.h: No such file or directory
compilation terminated.
configure:7807: $? = 1
configure: failed program was:
| /* confdefs.h */
| #define PACKAGE_NAME ""
| #define PACKAGE_TARNAME ""
| #define PACKAGE_VERSION ""
| #define PACKAGE_STRING ""
| #define PACKAGE_BUGREPORT ""
| #define PACKAGE_URL ""
| #define PACKAGE "tsoljdslabel"
| #define VERSION "0.6.5"
| /* end confdefs.h.  */
| #include <ac_nonexistent.h>
configure:7836: checking for ANSI C header files
configure:7856: gcc -c -g -m64  conftest.c >&5
configure:7856: $? = 0
configure:7929: gcc -o conftest -g -m64   conftest.c  >&5
configure:7929: $? = 0
configure:7929: ./conftest
configure:7929: $? = 0
configure:7940: result: yes
configure:7953: checking for sys/types.h
configure:7953: gcc -c -g -m64  conftest.c >&5
configure:7953: $? = 0
configure:7953: result: yes
configure:7953: checking for sys/stat.h
configure:7953: gcc -c -g -m64  conftest.c >&5
configure:7953: $? = 0
configure:7953: result: yes
configure:7953: checking for stdlib.h
configure:7953: gcc -c -g -m64  conftest.c >&5
configure:7953: $? = 0
configure:7953: result: yes
configure:7953: checking for string.h
configure:7953: gcc -c -g -m64  conftest.c >&5
configure:7953: $? = 0
configure:7953: result: yes
configure:7953: checking for memory.h
configure:7953: gcc -c -g -m64  conftest.c >&5
configure:7953: $? = 0
configure:7953: result: yes
configure:7953: checking for strings.h
configure:7953: gcc -c -g -m64  conftest.c >&5
configure:7953: $? = 0
configure:7953: result: yes
configure:7953: checking for inttypes.h
configure:7953: gcc -c -g -m64  conftest.c >&5
configure:7953: $? = 0
configure:7953: result: yes
configure:7953: checking for stdint.h
configure:7953: gcc -c -g -m64  conftest.c >&5
configure:7953: $? = 0
configure:7953: result: yes
configure:7953: checking for unistd.h
configure:7953: gcc -c -g -m64  conftest.c >&5
configure:7953: $? = 0
configure:7953: result: yes
configure:7967: checking for dlfcn.h
configure:7967: gcc -c -g -m64  conftest.c >&5
configure:7967: $? = 0
configure:7967: result: yes
configure:8173: checking for objdir
configure:8188: result: .libs
configure:8455: checking if gcc supports -fno-rtti -fno-exceptions
configure:8473: gcc -c -g -m64  -fno-rtti -fno-exceptions conftest.c >&5
cc1: warning: command line option '-fno-rtti' is valid for C++/ObjC++ but not for C [enabled by default]
configure:8477: $? = 0
configure:8490: result: no
configure:8817: checking for gcc option to produce PIC
configure:8824: result: -fPIC -DPIC
configure:8832: checking if gcc PIC flag -fPIC -DPIC works
configure:8850: gcc -c -g -m64  -fPIC -DPIC -DPIC conftest.c >&5
configure:8854: $? = 0
configure:8867: result: yes
configure:8896: checking if gcc static flag -static works
configure:8924: result: no
configure:8939: checking if gcc supports -c -o file.o
configure:8960: gcc -c -g -m64  -o out/conftest2.o conftest.c >&5
configure:8964: $? = 0
configure:8986: result: yes
configure:8994: checking if gcc supports -c -o file.o
configure:9041: result: yes
configure:9074: checking whether the gcc linker (/usr/bin/ld -64) supports shared libraries
configure:10227: result: yes
configure:10264: checking whether -lc should be explicitly linked in
configure:10272: gcc -c -g -m64  conftest.c >&5
configure:10275: $? = 0
configure:10290: gcc -shared  -fPIC -DPIC -Wl,-z -Wl,text -Wl,-h -Wl,conftest -o conftest conftest.o  -v 2\>\&1 \| /usr/gnu/bin/grep  -lc  \>/dev/null 2\>\&1
configure:10293: $? = 0
configure:10307: result: no
configure:10467: checking dynamic linker characteristics
configure:11200: result: solaris2.11 ld.so
configure:11307: checking how to hardcode library paths into programs
configure:11332: result: immediate
configure:11872: checking whether stripping libraries is possible
configure:11894: result: no
configure:11912: checking if libtool supports shared libraries
configure:11914: result: yes
configure:11917: checking whether to build shared libraries
configure:11938: result: yes
configure:11941: checking whether to build static libraries
configure:11945: result: yes
configure:11983: checking whether NLS is requested
configure:11992: result: yes
configure:12007: checking for intltool >= 0.35.5
configure:12014: result: 0.40.6 found
configure:12022: checking for intltool-update
configure:12040: found /usr/bin/intltool-update
configure:12052: result: /usr/bin/intltool-update
configure:12062: checking for intltool-merge
configure:12080: found /usr/bin/intltool-merge
configure:12092: result: /usr/bin/intltool-merge
configure:12102: checking for intltool-extract
configure:12120: found /usr/bin/intltool-extract
configure:12132: result: /usr/bin/intltool-extract
configure:12263: checking for xgettext
configure:12281: found /usr/gnu/bin/xgettext
configure:12293: result: /usr/gnu/bin/xgettext
configure:12303: checking for msgmerge
configure:12321: found /usr/bin/msgmerge
configure:12333: result: /usr/bin/msgmerge
configure:12343: checking for msgfmt
configure:12361: found /usr/gnu/bin/msgfmt
configure:12373: result: /usr/gnu/bin/msgfmt
configure:12383: checking for gmsgfmt
configure:12401: found /usr/bin/gmsgfmt
configure:12414: result: /usr/bin/gmsgfmt
configure:12433: checking for perl
configure:12451: found /usr/bin/perl
configure:12463: result: /usr/bin/perl
configure:12474: checking for perl >= 5.8.1
configure:12481: result: 5.12.5
configure:12485: checking for XML::Parser
configure:12488: result: ok
configure:12513: gcc -o conftest -g -m64   conftest.c  >&5
configure:12513: $? = 0
configure:12612: checking what warning flags to pass to the C compiler
configure:12614: result: -Wall -Wmissing-prototypes
configure:12625: checking what language compliance flags to pass to the C compiler
configure:12640: result: 
configure:12697: checking for pkg-config
configure:12715: found /usr/bin/pkg-config
configure:12727: result: /usr/bin/pkg-config
configure:12752: checking pkg-config is at least version 0.9.0
configure:12755: result: yes
configure:12766: checking for TSOLJDSLABEL
configure:12773: $PKG_CONFIG --exists --print-errors "glib-2.0 gtk+-2.0 libgnometsol libgnomeui-2.0"
configure:12776: $? = 0
configure:12789: $PKG_CONFIG --exists --print-errors "glib-2.0 gtk+-2.0 libgnometsol libgnomeui-2.0"
configure:12792: $? = 0
configure:12846: result: yes
configure:12863: checking locale.h usability
configure:12863: gcc -c -g -m64  conftest.c >&5
configure:12863: $? = 0
configure:12863: result: yes
configure:12863: checking locale.h presence
configure:12863: gcc -E  conftest.c
configure:12863: $? = 0
configure:12863: result: yes
configure:12863: checking for locale.h
configure:12863: result: yes
configure:12874: checking for LC_MESSAGES
configure:12890: gcc -o conftest -g -m64   conftest.c  >&5
configure:12890: $? = 0
configure:12898: result: yes
configure:12915: checking libintl.h usability
configure:12915: gcc -c -g -m64  conftest.c >&5
configure:12915: $? = 0
configure:12915: result: yes
configure:12915: checking libintl.h presence
configure:12915: gcc -E  conftest.c
configure:12915: $? = 0
configure:12915: result: yes
configure:12915: checking for libintl.h
configure:12915: result: yes
configure:12923: checking for ngettext in libc
configure:12941: gcc -o conftest -g -m64   conftest.c  >&5
configure:12941: $? = 0
configure:12950: result: yes
configure:12954: checking for dgettext in libc
configure:12972: gcc -o conftest -g -m64   conftest.c  >&5
configure:12972: $? = 0
configure:12981: result: yes
configure:12988: checking for bind_textdomain_codeset
configure:12988: gcc -o conftest -g -m64   conftest.c  >&5
configure:12988: $? = 0
configure:12988: result: yes
configure:13264: checking for msgfmt
configure:13291: result: /usr/gnu/bin/msgfmt
configure:13302: checking for dcgettext
configure:13302: gcc -o conftest -g -m64   conftest.c   >&5
conftest.c:50:6: warning: conflicting types for built-in function 'dcgettext' [enabled by default]
configure:13302: $? = 0
configure:13302: result: yes
configure:13312: checking if msgfmt accepts -c
configure:13327: $MSGFMT -c -o /dev/null conftest.foo
configure:13330: $? = 0
configure:13332: result: yes
configure:13342: checking for gmsgfmt
configure:13373: result: /usr/bin/gmsgfmt
configure:13383: checking for xgettext
configure:13410: result: /usr/gnu/bin/xgettext
configure:13429: gcc -o conftest -g -m64   conftest.c   >&5
configure:13429: $? = 0
configure:13708: creating ./config.status

## ---------------------- ##
## Running config.status. ##
## ---------------------- ##

This file was extended by config.status, which was
generated by GNU Autoconf 2.68.  Invocation command line was

  CONFIG_FILES    = 
  CONFIG_HEADERS  = 
  CONFIG_LINKS    = 
  CONFIG_COMMANDS = 
  $ ./config.status 

on solaris11.3

config.status:1171: creating Makefile
config.status:1171: creating tgnome.desktop
config.status:1171: creating po/Makefile.in
config.status:1171: creating src/Makefile
config.status:1171: creating config.h
config.status:1352: config.h is unchanged
config.status:1399: executing depfiles commands
config.status:1399: executing libtool commands
config.status:1399: executing default-1 commands
config.status:1399: executing po/stamp-it commands

## ---------------- ##
## Cache variables. ##
## ---------------- ##

ac_cv_build=i386-pc-solaris2.11
ac_cv_c_compiler_gnu=yes
ac_cv_env_CC_set=''
ac_cv_env_CC_value=''
ac_cv_env_CFLAGS_set=set
ac_cv_env_CFLAGS_value='-g -m64'
ac_cv_env_CPPFLAGS_set=''
ac_cv_env_CPPFLAGS_value=''
ac_cv_env_CPP_set=''
ac_cv_env_CPP_value=''
ac_cv_env_LDFLAGS_set=''
ac_cv_env_LDFLAGS_value=''
ac_cv_env_LIBS_set=''
ac_cv_env_LIBS_value=''
ac_cv_env_PKG_CONFIG_set=''
ac_cv_env_PKG_CONFIG_value=''
ac_cv_env_TSOLJDSLABEL_CFLAGS_set=''
ac_cv_env_TSOLJDSLABEL_CFLAGS_value=''
ac_cv_env_TSOLJDSLABEL_LIBS_set=''
ac_cv_env_TSOLJDSLABEL_LIBS_value=''
ac_cv_env_build_alias_set=''
ac_cv_env_build_alias_value=''
ac_cv_env_host_alias_set=''
ac_cv_env_host_alias_value=''
ac_cv_env_target_alias_set=''
ac_cv_env_target_alias_value=''
ac_cv_func_bind_textdomain_codeset=yes
ac_cv_func_dcgettext=yes
ac_cv_header_dlfcn_h=yes
ac_cv_header_inttypes_h=yes
ac_cv_header_libintl_h=yes
ac_cv_header_locale_h=yes
ac_cv_header_memory_h=yes
ac_cv_header_stdc=yes
ac_cv_header_stdint_h=yes
ac_cv_header_stdlib_h=yes
ac_cv_header_string_h=yes
ac_cv_header_strings_h=yes
ac_cv_header_sys_stat_h=yes
ac_cv_header_sys_types_h=yes
ac_cv_header_unistd_h=yes
ac_cv_host=i386-pc-solaris2.11
ac_cv_objext=o
ac_cv_path_EGREP='/usr/gnu/bin/grep -E'
ac_cv_path_FGREP='/usr/gnu/bin/grep -F'
ac_cv_path_GMSGFMT=/usr/bin/gmsgfmt
ac_cv_path_GREP=/usr/gnu/bin/grep
ac_cv_path_INTLTOOL_EXTRACT=/usr/bin/intltool-extract
ac_cv_path_INTLTOOL_MERGE=/usr/bin/intltool-merge
ac_cv_path_INTLTOOL_PERL=/usr/bin/perl
ac_cv_path_INTLTOOL_UPDATE=/usr/bin/intltool-update
ac_cv_path_MSGFMT=/usr/gnu/bin/msgfmt
ac_cv_path_MSGMERGE=/usr/bin/msgmerge
ac_cv_path_SED=/usr/gnu/bin/sed
ac_cv_path_XGETTEXT=/usr/gnu/bin/xgettext
ac_cv_path_ac_pt_PKG_CONFIG=/usr/bin/pkg-config
ac_cv_path_install='/usr/gnu/bin/install -c'
ac_cv_path_mkdir=/usr/gnu/bin/mkdir
ac_cv_prog_AWK=gawk
ac_cv_prog_CPP='gcc -E'
ac_cv_prog_ac_ct_AR=ar
ac_cv_prog_ac_ct_CC=gcc
ac_cv_prog_ac_ct_MANIFEST_TOOL=mt
ac_cv_prog_ac_ct_OBJDUMP=objdump
ac_cv_prog_ac_ct_RANLIB=ranlib
ac_cv_prog_ac_ct_STRIP=strip
ac_cv_prog_cc_c89=''
ac_cv_prog_cc_g=yes
ac_cv_prog_make_make_set=yes
ac_cv_search_strerror='none required'
am_cv_CC_dependencies_compiler_type=gcc3
am_cv_val_LC_MESSAGES=yes
gt_cv_func_dgettext_libc=yes
gt_cv_func_dgettext_libintl=no
gt_cv_func_ngettext_libc=yes
gt_cv_have_gettext=yes
lt_cv_ar_at_file=@
lt_cv_archive_cmds_need_lc=no
lt_cv_deplibs_check_method=pass_all
lt_cv_file_magic_cmd='$MAGIC_CMD'
lt_cv_file_magic_test_file=''
lt_cv_ld_reload_flag=-r
lt_cv_nm_interface='BSD nm'
lt_cv_objdir=.libs
lt_cv_path_LD=/usr/bin/ld
lt_cv_path_NM='/usr/gnu/bin/nm -B'
lt_cv_path_mainfest_tool=no
lt_cv_prog_compiler_c_o=yes
lt_cv_prog_compiler_pic='-fPIC -DPIC'
lt_cv_prog_compiler_pic_works=yes
lt_cv_prog_compiler_rtti_exceptions=no
lt_cv_prog_compiler_static_works=no
lt_cv_prog_gnu_ld=no
lt_cv_sharedlib_from_linklib_cmd='print -r --'
lt_cv_sys_global_symbol_pipe=$'sed -n -e \'s/^.*[\t ]\\([ABCDGIRSTW][ABCDGIRSTW]*\\)[\t ][\t ]*\\([_A-Za-z][_A-Za-z0-9]*\\)$/\\1 \\2 \\2/p\' | sed \'/ __gnu_lto/d\''
lt_cv_sys_global_symbol_to_c_name_address=$'sed -n -e \'s/^: \\([^ ]*\\)[ ]*$/  {\\"\\1\\", (void *) 0},/p\' -e \'s/^[ABCDGIRSTW]* \\([^ ]*\\) \\([^ ]*\\)$/  {"\\2", (void *) \\&\\2},/p\''
lt_cv_sys_global_symbol_to_c_name_address_lib_prefix=$'sed -n -e \'s/^: \\([^ ]*\\)[ ]*$/  {\\"\\1\\", (void *) 0},/p\' -e \'s/^[ABCDGIRSTW]* \\([^ ]*\\) \\(lib[^ ]*\\)$/  {"\\2", (void *) \\&\\2},/p\' -e \'s/^[ABCDGIRSTW]* \\([^ ]*\\) \\([^ ]*\\)$/  {"lib\\2", (void *) \\&\\2},/p\''
lt_cv_sys_global_symbol_to_cdecl=$'sed -n -e \'s/^T .* \\(.*\\)$/extern int \\1();/p\' -e \'s/^[ABCDGIRSTW]* .* \\(.*\\)$/extern char \\1;/p\''
lt_cv_sys_max_cmd_len=786240
lt_cv_to_host_file_cmd=func_convert_file_noop
lt_cv_to_tool_file_cmd=func_convert_file_noop
pkg_cv_TSOLJDSLABEL_CFLAGS='-D_REENTRANT -D_POSIX_PTHREAD_SEMANTICS -D_PTHREADS -DORBIT2=1 -I/usr/include/glib-2.0 -I/usr/lib/amd64/glib-2.0/include -I/usr/include/gtk-2.0 -I/usr/lib/amd64/gtk-2.0/include -I/usr/include/atk-1.0 -I/usr/include/cairo -I/usr/include/pango-1.0 -I/usr/include/gio-unix-2.0/ -I/usr/include/pixman-1 -I/usr/include/freetype2 -I/usr/include/libpng12 -I/usr/include/libgnomeui-2.0 -I/usr/include/libart-2.0 -I/usr/include/gconf/2 -I/usr/include/gnome-keyring-1 -I/usr/include/libgnome-2.0 -I/usr/include/libbonoboui-2.0 -I/usr/include/libgnomecanvas-2.0 -I/usr/include/gnome-vfs-2.0 -I/usr/lib/amd64/gnome-vfs-2.0/include -I/usr/include/orbit-2.0 -I/usr/include/dbus-1.0 -I/usr/lib/amd64/dbus-1.0/include -I/usr/include/libbonobo-2.0 -I/usr/include/bonobo-activation-2.0 -I/usr/include/libxml2 -I/usr/include/gail-1.0 -I/usr/include/libgnometsol  '
pkg_cv_TSOLJDSLABEL_LIBS='-L/usr/lib/amd64 -lgnometsol -lpam -lgnomeui-2 -lSM -lICE -lbonoboui-2 -lgnomevfs-2 -lgnomecanvas-2 -lgnome-2 -lpopt -lbonobo-2 -lbonobo-activation -lORBit-2 -lart_lgpl_2 -lgtk-x11-2.0 -lsecdb -ltsol -lgdk-x11-2.0 -latk-1.0 -lpangoft2-1.0 -lgdk_pixbuf-2.0 -lm -lpangocairo-1.0 -lXext -lXrender -lXinerama -lXi -lXrandr -lXcursor -lXcomposite -lXdamage -lgio-2.0 -lXfixes -lcairo -lX11 -lpango-1.0 -lfreetype -lfontconfig -lgconf-2 -lgmodule-2.0 -lgobject-2.0 -lgthread-2.0 -lpthread -lglib-2.0  '

## ----------------- ##
## Output variables. ##
## ----------------- ##

ACLOCAL='${SHELL} /export/home/gfaden/packages/BUILD/tsoljdslabel-0.6.5/missing --run aclocal-1.10'
ALL_LINGUAS=''
AMDEPBACKSLASH='\'
AMDEP_FALSE='#'
AMDEP_TRUE=''
AMTAR='${SHELL} /export/home/gfaden/packages/BUILD/tsoljdslabel-0.6.5/missing --run tar'
AR='ar'
AUTOCONF='${SHELL} /export/home/gfaden/packages/BUILD/tsoljdslabel-0.6.5/missing --run autoconf'
AUTOHEADER='${SHELL} /export/home/gfaden/packages/BUILD/tsoljdslabel-0.6.5/missing --run autoheader'
AUTOMAKE='${SHELL} /export/home/gfaden/packages/BUILD/tsoljdslabel-0.6.5/missing --run automake-1.10'
AWK='gawk'
CATALOGS=''
CATOBJEXT='.gmo'
CC='gcc'
CCDEPMODE='depmode=gcc3'
CFLAGS='-g -m64'
CPP='gcc -E'
CPPFLAGS=''
CYGPATH_W='echo'
DATADIRNAME='share'
DEFS='-DHAVE_CONFIG_H'
DEPDIR='.deps'
DLLTOOL='false'
DSYMUTIL=''
DUMPBIN=''
ECHO_C='\c'
ECHO_N=''
ECHO_T=''
EGREP='/usr/gnu/bin/grep -E'
EXEEXT=''
FGREP='/usr/gnu/bin/grep -F'
GETTEXT_PACKAGE='tsoljdslabel-0.5'
GMOFILES=''
GMSGFMT='/usr/bin/gmsgfmt'
GREP='/usr/gnu/bin/grep'
INSTALL_DATA='${INSTALL} -m 644'
INSTALL_PROGRAM='${INSTALL}'
INSTALL_SCRIPT='${INSTALL}'
INSTALL_STRIP_PROGRAM='$(install_sh) -c -s'
INSTOBJEXT='.mo'
INTLLIBS=''
INTLTOOL_CAVES_RULE='%.caves:     %.caves.in     $(INTLTOOL_MERGE) $(wildcard $(top_srcdir)/po/*.po) ; LC_ALL=C $(INTLTOOL_MERGE) -d -u -c $(top_builddir)/po/.intltool-merge-cache $(top_srcdir)/po $< $@'
INTLTOOL_DESKTOP_RULE='%.desktop:   %.desktop.in   $(INTLTOOL_MERGE) $(wildcard $(top_srcdir)/po/*.po) ; LC_ALL=C $(INTLTOOL_MERGE) -d -u -c $(top_builddir)/po/.intltool-merge-cache $(top_srcdir)/po $< $@'
INTLTOOL_DIRECTORY_RULE='%.directory: %.directory.in $(INTLTOOL_MERGE) $(wildcard $(top_srcdir)/po/*.po) ; LC_ALL=C $(INTLTOOL_MERGE) -d -u -c $(top_builddir)/po/.intltool-merge-cache $(top_srcdir)/po $< $@'
INTLTOOL_EXTRACT='/usr/bin/intltool-extract'
INTLTOOL_KBD_RULE='%.kbd:       %.kbd.in       $(INTLTOOL_MERGE) $(wildcard $(top_srcdir)/po/*.po) ; LC_ALL=C $(INTLTOOL_MERGE) -x -u -m -c $(top_builddir)/po/.intltool-merge-cache $(top_srcdir)/po $< $@'
INTLTOOL_KEYS_RULE='%.keys:      %.keys.in      $(INTLTOOL_MERGE) $(wildcard $(top_srcdir)/po/*.po) ; LC_ALL=C $(INTLTOOL_MERGE) -k -u -c $(top_builddir)/po/.intltool-merge-cache $(top_srcdir)/po $< $@'
INTLTOOL_MERGE='/usr/bin/intltool-merge'
INTLTOOL_OAF_RULE='%.oaf:       %.oaf.in       $(INTLTOOL_MERGE) $(wildcard $(top_srcdir)/po/*.po) ; LC_ALL=C $(INTLTOOL_MERGE) -o -p $(top_srcdir)/po $< $@'
INTLTOOL_PERL='/usr/bin/perl'
INTLTOOL_POLICY_RULE='%.policy:    %.policy.in    $(INTLTOOL_MERGE) $(wildcard $(top_srcdir)/po/*.po) ; LC_ALL=C $(INTLTOOL_MERGE) -x -u -c $(top_builddir)/po/.intltool-merge-cache $(top_srcdir)/po $< $@'
INTLTOOL_PONG_RULE='%.pong:      %.pong.in      $(INTLTOOL_MERGE) $(wildcard $(top_srcdir)/po/*.po) ; LC_ALL=C $(INTLTOOL_MERGE) -x -u -c $(top_builddir)/po/.intltool-merge-cache $(top_srcdir)/po $< $@'
INTLTOOL_PROP_RULE='%.prop:      %.prop.in      $(INTLTOOL_MERGE) $(wildcard $(top_srcdir)/po/*.po) ; LC_ALL=C $(INTLTOOL_MERGE) -d -u -c $(top_builddir)/po/.intltool-merge-cache $(top_srcdir)/po $< $@'
INTLTOOL_SCHEMAS_RULE='%.schemas:   %.schemas.in   $(INTLTOOL_MERGE) $(wildcard $(top_srcdir)/po/*.po) ; LC_ALL=C $(INTLTOOL_MERGE) -s -u -c $(top_builddir)/po/.intltool-merge-cache $(top_srcdir)/po $< $@'
INTLTOOL_SERVER_RULE='%.server:    %.server.in    $(INTLTOOL_MERGE) $(wildcard $(top_srcdir)/po/*.po) ; LC_ALL=C $(INTLTOOL_MERGE) -o -u -c $(top_builddir)/po/.intltool-merge-cache $(top_srcdir)/po $< $@'
INTLTOOL_SERVICE_RULE='%.service: %.service.in   $(INTLTOOL_MERGE) $(wildcard $(top_srcdir)/po/*.po) ; LC_ALL=C $(INTLTOOL_MERGE) -d -u -c $(top_builddir)/po/.intltool-merge-cache $(top_srcdir)/po $< $@'
INTLTOOL_SHEET_RULE='%.sheet:     %.sheet.in     $(INTLTOOL_MERGE) $(wildcard $(top_srcdir)/po/*.po) ; LC_ALL=C $(INTLTOOL_MERGE) -x -u -c $(top_builddir)/po/.intltool-merge-cache $(top_srcdir)/po $< $@'
INTLTOOL_SOUNDLIST_RULE='%.soundlist: %.soundlist.in $(INTLTOOL_MERGE) $(wildcard $(top_srcdir)/po/*.po) ; LC_ALL=C $(INTLTOOL_MERGE) -d -u -c $(top_builddir)/po/.intltool-merge-cache $(top_srcdir)/po $< $@'
INTLTOOL_THEME_RULE='%.theme:     %.theme.in     $(INTLTOOL_MERGE) $(wildcard $(top_srcdir)/po/*.po) ; LC_ALL=C $(INTLTOOL_MERGE) -d -u -c $(top_builddir)/po/.intltool-merge-cache $(top_srcdir)/po $< $@'
INTLTOOL_UI_RULE='%.ui:        %.ui.in        $(INTLTOOL_MERGE) $(wildcard $(top_srcdir)/po/*.po) ; LC_ALL=C $(INTLTOOL_MERGE) -x -u -c $(top_builddir)/po/.intltool-merge-cache $(top_srcdir)/po $< $@'
INTLTOOL_UPDATE='/usr/bin/intltool-update'
INTLTOOL_XAM_RULE='%.xam:       %.xml.in       $(INTLTOOL_MERGE) $(wildcard $(top_srcdir)/po/*.po) ; LC_ALL=C $(INTLTOOL_MERGE) -x -u -c $(top_builddir)/po/.intltool-merge-cache $(top_srcdir)/po $< $@'
INTLTOOL_XML_NOMERGE_RULE='%.xml:       %.xml.in       $(INTLTOOL_MERGE) ; LC_ALL=C $(INTLTOOL_MERGE) -x -u /tmp $< $@'
INTLTOOL_XML_RULE='%.xml:       %.xml.in       $(INTLTOOL_MERGE) $(wildcard $(top_srcdir)/po/*.po) ; LC_ALL=C $(INTLTOOL_MERGE) -x -u -c $(top_builddir)/po/.intltool-merge-cache $(top_srcdir)/po $< $@'
LD='/usr/bin/ld -64'
LDFLAGS=''
LIBOBJS=''
LIBS=''
LIBTOOL='$(SHELL) $(top_builddir)/libtool'
LIPO=''
LN_S='ln -s'
LTLIBOBJS=''
MAINT='#'
MAINTAINER_MODE_FALSE=''
MAINTAINER_MODE_TRUE='#'
MAKEINFO='${SHELL} /export/home/gfaden/packages/BUILD/tsoljdslabel-0.6.5/missing --run makeinfo'
MANIFEST_TOOL=':'
MKDIR_P='/usr/gnu/bin/mkdir -p'
MKINSTALLDIRS='./mkinstalldirs'
MSGFMT='/usr/gnu/bin/msgfmt'
MSGFMT_OPTS='-c'
MSGMERGE='/usr/bin/msgmerge'
NM='/usr/gnu/bin/nm -B'
NMEDIT=''
OBJDUMP='objdump'
OBJEXT='o'
OTOOL64=''
OTOOL=''
PACKAGE='tsoljdslabel'
PACKAGE_BUGREPORT=''
PACKAGE_NAME=''
PACKAGE_STRING=''
PACKAGE_TARNAME=''
PACKAGE_URL=''
PACKAGE_VERSION=''
PATH_SEPARATOR=':'
PKG_CONFIG='/usr/bin/pkg-config'
POFILES=''
POSUB='po'
PO_IN_DATADIR_FALSE=''
PO_IN_DATADIR_TRUE=''
RANLIB='ranlib'
SED='/usr/gnu/bin/sed'
SET_MAKE=''
SHELL='/bin/sh'
START_COMMAND=''
STRIP='strip'
TSOLJDSLABEL_CFLAGS='-D_REENTRANT -D_POSIX_PTHREAD_SEMANTICS -D_PTHREADS -DORBIT2=1 -I/usr/include/glib-2.0 -I/usr/lib/amd64/glib-2.0/include -I/usr/include/gtk-2.0 -I/usr/lib/amd64/gtk-2.0/include -I/usr/include/atk-1.0 -I/usr/include/cairo -I/usr/include/pango-1.0 -I/usr/include/gio-unix-2.0/ -I/usr/include/pixman-1 -I/usr/include/freetype2 -I/usr/include/libpng12 -I/usr/include/libgnomeui-2.0 -I/usr/include/libart-2.0 -I/usr/include/gconf/2 -I/usr/include/gnome-keyring-1 -I/usr/include/libgnome-2.0 -I/usr/include/libbonoboui-2.0 -I/usr/include/libgnomecanvas-2.0 -I/usr/include/gnome-vfs-2.0 -I/usr/lib/amd64/gnome-vfs-2.0/include -I/usr/include/orbit-2.0 -I/usr/include/dbus-1.0 -I/usr/lib/amd64/dbus-1.0/include -I/usr/include/libbonobo-2.0 -I/usr/include/bonobo-activation-2.0 -I/usr/include/libxml2 -I/usr/include/gail-1.0 -I/usr/include/libgnometsol  '
TSOLJDSLABEL_LIBS='-L/usr/lib/amd64 -lgnometsol -lpam -lgnomeui-2 -lSM -lICE -lbonoboui-2 -lgnomevfs-2 -lgnomecanvas-2 -lgnome-2 -lpopt -lbonobo-2 -lbonobo-activation -lORBit-2 -lart_lgpl_2 -lgtk-x11-2.0 -lsecdb -ltsol -lgdk-x11-2.0 -latk-1.0 -lpangoft2-1.0 -lgdk_pixbuf-2.0 -lm -lpangocairo-1.0 -lXext -lXrender -lXinerama -lXi -lXrandr -lXcursor -lXcomposite -lXdamage -lgio-2.0 -lXfixes -lcairo -lX11 -lpango-1.0 -lfreetype -lfontconfig -lgconf-2 -lgmodule-2.0 -lgobject-2.0 -lgthread-2.0 -lpthread -lglib-2.0  '
USE_NLS='yes'
VERSION='0.6.5'
WARN_CFLAGS='-Wall -Wmissing-prototypes '
XGETTEXT='/usr/gnu/bin/xgettext'
ac_ct_AR='ar'
ac_ct_CC='gcc'
ac_ct_DUMPBIN=''
am__fastdepCC_FALSE='#'
am__fastdepCC_TRUE=''
am__include='include'
am__isrc=''
am__leading_dot='.'
am__quote=''
am__tar='${AMTAR} chof - "$$tardir"'
am__untar='${AMTAR} xf -'
bindir='${exec_prefix}/bin'
build='i386-pc-solaris2.11'
build_alias=''
build_cpu='i386'
build_os='solaris2.11'
build_vendor='pc'
datadir='${datarootdir}'
datarootdir='${prefix}/share'
docdir='${datarootdir}/doc/${PACKAGE}'
dvidir='${docdir}'
exec_prefix='${prefix}'
host='i386-pc-solaris2.11'
host_alias=''
host_cpu='i386'
host_os='solaris2.11'
host_vendor='pc'
htmldir='${docdir}'
includedir='${prefix}/include'
infodir='${datarootdir}/info'
install_sh='$(SHELL) /export/home/gfaden/packages/BUILD/tsoljdslabel-0.6.5/install-sh'
libdir='${exec_prefix}/lib'
libexecdir='${exec_prefix}/libexec'
localedir='${datarootdir}/locale'
localstatedir='${prefix}/var'
mandir='${datarootdir}/man'
mkdir_p='/usr/gnu/bin/mkdir -p'
oldincludedir='/usr/include'
pdfdir='${docdir}'
prefix='/usr/local'
program_transform_name='s,x,x,'
psdir='${docdir}'
sbindir='${exec_prefix}/sbin'
sharedstatedir='${prefix}/com'
sysconfdir='${prefix}/etc'
target_alias=''

## ----------- ##
## confdefs.h. ##
## ----------- ##

/* confdefs.h */
#define PACKAGE_NAME ""
#define PACKAGE_TARNAME ""
#define PACKAGE_VERSION ""
#define PACKAGE_STRING ""
#define PACKAGE_BUGREPORT ""
#define PACKAGE_URL ""
#define PACKAGE "tsoljdslabel"
#define VERSION "0.6.5"
#define STDC_HEADERS 1
#define HAVE_SYS_TYPES_H 1
#define HAVE_SYS_STAT_H 1
#define HAVE_STDLIB_H 1
#define HAVE_STRING_H 1
#define HAVE_MEMORY_H 1
#define HAVE_STRINGS_H 1
#define HAVE_INTTYPES_H 1
#define HAVE_STDINT_H 1
#define HAVE_UNISTD_H 1
#define HAVE_DLFCN_H 1
#define LT_OBJDIR ".libs/"
#define HAVE_LOCALE_H 1
#define HAVE_LC_MESSAGES 1
#define HAVE_BIND_TEXTDOMAIN_CODESET 1
#define HAVE_GETTEXT 1
#define HAVE_DCGETTEXT 1
#define ENABLE_NLS 1
#define GETTEXT_PACKAGE "tsoljdslabel-0.5"

configure: exit 0
