gmake: Entering directory '/ws/userland/src/components/antlr'
/bin/rm -f -r /ws/userland/src/components/antlr/antlr-2.7.7
/usr/bin/env RUBY_VERSION=2.1 /ws/userland/src/tools/userland-unpack  antlr-2.7.7.tar.gz
/usr/bin/touch /ws/userland/src/components/antlr/antlr-2.7.7/.unpacked
/usr/bin/patch -d /ws/userland/src/components/antlr/antlr-2.7.7 --strip=0 --backup --version-control=numbered < patches/antlr-2.7.7-newgcc.patch
patching file ./lib/cpp/antlr/CharScanner.hpp
/usr/bin/touch /ws/userland/src/components/antlr/antlr-2.7.7/.patched-antlr-2.7.7-newgcc.patch
/usr/bin/patch -d /ws/userland/src/components/antlr/antlr-2.7.7 --strip=0 --backup --version-control=numbered < patches/antlr-jedit.patch
patching file extras/antlr-jedit.xml
/usr/bin/touch /ws/userland/src/components/antlr/antlr-2.7.7/.patched-antlr-jedit.patch
/usr/bin/patch -d /ws/userland/src/components/antlr/antlr-2.7.7 --strip=0 --backup --version-control=numbered < patches/antlr-parfait.patch
patching file ./lib/cpp/antlr/TokenRefCount.hpp
patching file ./lib/cpp/antlr/ASTRefCount.hpp
/usr/bin/touch /ws/userland/src/components/antlr/antlr-2.7.7/.patched-antlr-parfait.patch
/usr/bin/touch /ws/userland/src/components/antlr/antlr-2.7.7/.patched
/usr/bin/touch /ws/userland/src/components/antlr/antlr-2.7.7/.prep
(/bin/rm -f -rf /ws/userland/src/components/antlr/build/i86 ; /bin/mkdir -p /ws/userland/src/components/antlr/build/i86)
(cd /ws/userland/src/components/antlr/build/i86 ; /usr/bin/env CONFIG_SHELL="/bin/bash" PKG_CONFIG_PATH="/usr/lib/pkgconfig" CC="/opt/solarisstudio12.4/bin/cc" CXX="/opt/solarisstudio12.4/bin/CC"  CC_FOR_BUILD="/opt/solarisstudio12.4/bin/cc -m32" CXX_FOR_BUILD="/opt/solarisstudio12.4/bin/CC -m32" CPPFLAGS="-m32" "ac_cv_func_realloc_0_nonnull=yes" "NM=/usr/gnu/bin/nm" INTLTOOL_PERL="/usr/perl5/5.22/bin/perl" CFLAGS="-m32 -xO4 -xchip=pentium -xregs=no%frameptr -mt" CXXFLAGS="-norunpath -m32 -xO4 -xchip=pentium -xregs=no%frameptr -std=sun03" LDFLAGS="" /bin/bash \
	/ws/userland/src/components/antlr/antlr-2.7.7/configure --prefix=/usr --mandir=/usr/share/man --bindir=/usr/bin --sbindir=/usr/sbin --libdir=/usr/lib    --without-examples)
checking build system type... i386-pc-solaris2.11
checking host system type... i386-pc-solaris2.11
checking whether this is Cygwin... no
checking whether this is MinGW... no
checking for cygpath... no
checking for /bin/cp... yes
checking for /usr/bin/cp... yes
checking for cp... /usr/bin/cp
checking for /bin/echo... yes
checking for /usr/bin/echo... yes
checking for echo... /usr/bin/echo
checking for /bin/find... yes
checking for /usr/bin/find... yes
checking for find... /usr/bin/find
checking for make... /usr/bin/make
checking for gmake... /usr/bin/gmake
checking for gnumake... no
checking for /bin/make... yes
checking for /usr/bin/make... yes
checking whether /usr/bin/make is GNU make... no
checking whether /usr/bin/gmake is GNU make... yes
checking for make... /usr/bin/make
checking for java... /usr/jdk/instances/jdk1.8.0/bin/java
checking for java... /usr/bin/java
checking for gij... no
checking for jikes... no
checking for javac... /usr/jdk/instances/jdk1.8.0/bin/javac
checking for javac... /usr/bin/javac
checking for gcj... no
checking for fastjar... no
checking for jar... /usr/jdk/instances/jdk1.8.0/bin/jar
checking for jar... /usr/bin/jar
checking for tlib... no
checking for lib... no
checking for ar... /usr/bin/ar
checking for /usr/bin/ar... yes
checking for C++ compiler default output file name... a.out
checking whether the C++ compiler works... yes
checking whether we are cross compiling... no
checking for suffix of executables... 
checking for suffix of object files... o
checking whether we are using the GNU C++ compiler... no
checking whether /opt/solarisstudio12.4/bin/CC accepts -g... yes
checking whether we are using the GNU C compiler... no
checking whether /opt/solarisstudio12.4/bin/cc accepts -g... yes
checking for /opt/solarisstudio12.4/bin/cc option to accept ANSI C... none needed
checking how to run the C preprocessor... /opt/solarisstudio12.4/bin/cc -E
checking for egrep... egrep
checking for ANSI C header files... yes
checking for sys/types.h... yes
checking for sys/stat.h... yes
checking for stdlib.h... yes
checking for string.h... yes
checking for memory.h... yes
checking for strings.h... yes
checking for inttypes.h... yes
checking for stdint.h... yes
checking for unistd.h... yes
checking for stdlib.h... (cached) yes
checking for unistd.h... (cached) yes
checking for an ANSI C-conforming const... yes
checking for inline... inline
checking for stdlib.h... (cached) yes
checking for GNU libc compatible malloc... yes
checking for strcasecmp... yes
checking for doxygen... /usr/bin/doxygen
checking for a BSD-compatible install... /usr/bin/ginstall -c
checking for ranlib... ranlib
checking for mkdir... /usr/bin/mkdir
checking for rm... /usr/bin/rm
checking for gnutar... no
checking for tar... /usr/bin/tar
checking for /bin/touch... yes
checking for /usr/bin/touch... yes
checking for touch... /usr/bin/touch
checking for chmod... /usr/bin/chmod
checking for sed... /usr/bin/sed
checking for cat... /usr/bin/cat
checking for grep... /usr/bin/grep
checking for python... /usr/bin/python
checking for cscc... no
checking for mcs... /usr/bin/mcs
checking for csc... no
checking for /usr/local/bin/cscc... no
checking for /usr/local/bin/mcs... no
checking for /opt/bin/cscc... no
checking for /opt/bin/mcs... no
checking for /usr/bin/mono... no
checking for mono... no
checking for /usr/local/bin/mono... no
checking for /opt/bin/mono... no

============================================================
Warning:
Support for C# has been disabled as I have not been able to
locate a mandatory program. Please change $PATH or run
with option --help on how to overcome this problem.
============================================================

configure: creating ./config.status
config.status: creating scripts/config.vars
config.status: creating scripts/config.deps
config.status: creating scripts/config.make
config.status: creating antlr/Version.java
config.status: creating scripts/python.sh
config.status: creating scripts/pyantlr.sh
config.status: creating lib/python/Makefile
config.status: creating examples/python/Makefile
config.status: creating examples/python/asn1/Makefile
config.status: creating examples/python/ASTsupport/Makefile
config.status: creating examples/python/calc/Makefile
config.status: creating examples/python/columns/Makefile
config.status: creating examples/python/exprAST/Makefile
config.status: creating examples/python/filter/Makefile
config.status: creating examples/python/filterWithRule/Makefile
config.status: creating examples/python/heteroAST/Makefile
config.status: creating examples/python/HTML/Makefile
config.status: creating examples/python/IDL/Makefile
config.status: creating examples/python/imagNodeAST/Makefile
config.status: creating examples/python/includeFile/Makefile
config.status: creating examples/python/inherit.tinyc/Makefile
config.status: creating examples/python/java/Makefile
config.status: creating examples/python/lexerTester/Makefile
config.status: creating examples/python/lexRewrite/Makefile
config.status: creating examples/python/linkChecker/Makefile
config.status: creating examples/python/multiLexer/Makefile
config.status: creating examples/python/multiParser/Makefile
config.status: creating examples/python/parseBinary/Makefile
config.status: creating examples/python/pascal/Makefile
config.status: creating examples/python/cpp/Makefile
config.status: creating examples/python/preserveWhiteSpace/Makefile
config.status: creating examples/python/tinybasic/Makefile
config.status: creating examples/python/tinyc/Makefile
config.status: creating examples/python/transform/Makefile
config.status: creating examples/python/treewalk/Makefile
config.status: creating examples/python/unicode/Makefile
config.status: creating examples/python/unicode.IDENTs/Makefile
config.status: creating examples/python/xml/Makefile
config.status: creating scripts/java.sh
config.status: creating scripts/jar.sh
config.status: creating scripts/javac.sh
config.status: creating scripts/antlr.sh
config.status: creating scripts/cxx.sh
config.status: creating scripts/link.sh
config.status: creating scripts/c.sh
config.status: creating scripts/lib.sh
config.status: creating scripts/cpp.sh
config.status: creating lib/cpp/Makefile
config.status: creating lib/cpp/antlr/Makefile
config.status: creating lib/cpp/src/Makefile
config.status: creating examples/cpp/Makefile
config.status: creating examples/cpp/ASTsupport/Makefile
config.status: creating examples/cpp/calc/Makefile
config.status: creating examples/cpp/exprAST/Makefile
config.status: creating examples/cpp/filter/Makefile
config.status: creating examples/cpp/filterWithRule/Makefile
config.status: creating examples/cpp/flexLexer/Makefile
config.status: creating examples/cpp/HTML/Makefile
config.status: creating examples/cpp/heteroAST/Makefile
config.status: creating examples/cpp/IDL/Makefile
config.status: creating examples/cpp/imagNodeAST/Makefile
config.status: creating examples/cpp/includeFile/Makefile
config.status: creating examples/cpp/inherit.tinyc/Makefile
config.status: creating examples/cpp/java/Makefile
config.status: creating examples/cpp/lexRewrite/Makefile
config.status: creating examples/cpp/multiLexer/Makefile
config.status: creating examples/cpp/multiParser/Makefile
config.status: creating examples/cpp/parseBinary/Makefile
config.status: creating examples/cpp/preserveWhiteSpace/Makefile
config.status: creating examples/cpp/tinyc/Makefile
config.status: creating examples/cpp/tokenStreamRewrite/Makefile
config.status: creating examples/cpp/transform/Makefile
config.status: creating examples/cpp/treewalk/Makefile
config.status: creating examples/cpp/unicode/Makefile
config.status: creating lib/Makefile
config.status: creating examples/Makefile
config.status: creating doc/Makefile
config.status: creating Makefile
config.status: creating scripts/antlr-config
config.status: creating scripts/run-antlr
config.status: creating scripts/antlr.spec
config.status: creating antlr/Makefile
config.status: creating examples/java/ASTsupport/Makefile
config.status: creating examples/java/HTML/Makefile
config.status: creating examples/java/IDL/Makefile
config.status: creating examples/java/calc/Makefile
config.status: creating examples/java/columns/Makefile
config.status: creating examples/java/exprAST/Makefile
config.status: creating examples/java/filter/Makefile
config.status: creating examples/java/filterWithRule/Makefile
config.status: creating examples/java/heteroAST/Makefile
config.status: creating examples/java/imagNodeAST/Makefile
config.status: creating examples/java/includeFile/Makefile
config.status: creating examples/java/inherit.tinyc/Makefile
config.status: creating examples/java/java/Makefile
config.status: creating examples/java/lexRewrite/Makefile
config.status: creating examples/java/linkChecker/Makefile
config.status: creating examples/java/multiLexer/Makefile
config.status: creating examples/java/parseBinary/Makefile
config.status: creating examples/java/pascal/Makefile
config.status: creating examples/java/preserveWhiteSpace/Makefile
config.status: creating examples/java/tinybasic/Makefile
config.status: creating examples/java/tinyc/Makefile
config.status: creating examples/java/transform/Makefile
config.status: creating examples/java/treewalk/Makefile
config.status: creating examples/java/unicode.IDENTs/Makefile
config.status: creating examples/java/unicode/Makefile
config.status: creating examples/java/xml/Makefile
config.status: creating examples/java/Makefile
config.status: creating examples/java/cpp/Makefile
config.status: creating antlr/actions/cpp/ActionLexer.java
config.status: creating antlr/actions/cpp/ActionLexerTokenTypes.java
config.status: creating antlr/actions/csharp/ActionLexer.java
config.status: creating antlr/actions/csharp/ActionLexerTokenTypes.java
config.status: creating antlr/actions/java/ActionLexer.java
config.status: creating antlr/actions/java/ActionLexerTokenTypes.java
config.status: creating antlr/actions/python/ActionLexer.java
config.status: creating antlr/actions/python/ActionLexerTokenTypes.java
config.status: creating antlr/actions/python/CodeLexer.java
config.status: creating antlr/actions/python/CodeLexerTokenTypes.java
config.status: creating antlr/ANTLRParser.java
config.status: creating antlr/ANTLRTokenTypes.java
config.status: creating antlr/ANTLRLexer.java
config.status: creating antlr/ANTLRTokdefParser.java
config.status: creating antlr/ANTLRTokdefLexer.java
config.status: creating antlr/ANTLRTokdefParserTokenTypes.java
config.status: executing notice commands
config.status:
 ---------------------------------------------------------
                   * WARNING *

  This package has been configured to be build by using

   /usr/bin/gmake

  It is very likely that just running "make" from  the
  command line will fail. Please remember therefore to
  use the configured version.
 =========================================================
          
/usr/gnu/bin/sed -i -e 's/env python/python2.7/' /ws/userland/src/components/antlr/build/i86/scripts/pyantlr.sh
/usr/bin/touch /ws/userland/src/components/antlr/build/i86/.configured
(cd /ws/userland/src/components/antlr/build/i86 ; /usr/bin/env LD_OPTIONS="-M /usr/lib/ld/map.noexdata -M /usr/lib/ld/map.pagealign -Bdirect -zignore -zstrip-class=comment" LD_EXEC_OPTIONS=" -zsx=aslr=disable -zsx=nxstack=enable -zsx=nxheap=enable " LD_PIE_OPTIONS="-zsx=aslr=disable -zsx=nxstack=enable -zsx=nxheap=enable "  PKG_CONFIG_PATH="/usr/lib/pkgconfig" "ac_cv_func_realloc_0_nonnull=yes" INTLTOOL_PERL="/usr/perl5/5.22/bin/perl" \
	/usr/gnu/bin/make  )
make[1]: Entering directory '/ws/userland/src/components/antlr/build/i86'
>>>>>>>>>>>>>>>>>>>>>>>>>>>>>>>>>>>>>>>>>>>>>>>>>>>>>>>>>>>>>>
>> /usr/bin/gmake -C ./antlr all                          
>>>>>>>>>>>>>>>>>>>>>>>>>>>>>>>>>>>>>>>>>>>>>>>>>>>>>>>>>>>>>>
gmake[2]: Entering directory '/ws/userland/src/components/antlr/build/i86/antlr'
*** compiling 216 Java file(s)
Note: Some input files use or override a deprecated API.
Note: Recompile with -Xlint:deprecation for details.
Note: Some input files use unchecked or unsafe operations.
Note: Recompile with -Xlint:unchecked for details.
*** creating /ws/userland/src/components/antlr/build/i86/antlr/antlr.jar ..
gmake[2]: Leaving directory '/ws/userland/src/components/antlr/build/i86/antlr'
>>>>>>>>>>>>>>>>>>>>>>>>>>>>>>>>>>>>>>>>>>>>>>>>>>>>>>>>>>>>>>
>> /usr/bin/gmake -C ./lib all                          
>>>>>>>>>>>>>>>>>>>>>>>>>>>>>>>>>>>>>>>>>>>>>>>>>>>>>>>>>>>>>>
gmake[2]: Entering directory '/ws/userland/src/components/antlr/build/i86/lib'
>>>>>>>>>>>>>>>>>>>>>>>>>>>>>>>>>>>>>>>>>>>>>>>>>>>>>>>>>>>>>>
>> /usr/bin/gmake -C lib/cpp all                          
>>>>>>>>>>>>>>>>>>>>>>>>>>>>>>>>>>>>>>>>>>>>>>>>>>>>>>>>>>>>>>
gmake[3]: Entering directory '/ws/userland/src/components/antlr/build/i86/lib/cpp'
>>>>>>>>>>>>>>>>>>>>>>>>>>>>>>>>>>>>>>>>>>>>>>>>>>>>>>>>>>>>>>
>> /usr/bin/gmake -C lib/cpp/antlr all                          
>>>>>>>>>>>>>>>>>>>>>>>>>>>>>>>>>>>>>>>>>>>>>>>>>>>>>>>>>>>>>>
gmake[4]: Entering directory '/ws/userland/src/components/antlr/build/i86/lib/cpp/antlr'
gmake[4]: Nothing to be done for 'all'.
gmake[4]: Leaving directory '/ws/userland/src/components/antlr/build/i86/lib/cpp/antlr'
>>>>>>>>>>>>>>>>>>>>>>>>>>>>>>>>>>>>>>>>>>>>>>>>>>>>>>>>>>>>>>
>> /usr/bin/gmake -C lib/cpp/src all                          
>>>>>>>>>>>>>>>>>>>>>>>>>>>>>>>>>>>>>>>>>>>>>>>>>>>>>>>>>>>>>>
gmake[4]: Entering directory '/ws/userland/src/components/antlr/build/i86/lib/cpp/src'
*** compiling /ws/userland/src/components/antlr/antlr-2.7.7/lib/cpp/src/ANTLRUtil.cpp
*** compiling /ws/userland/src/components/antlr/antlr-2.7.7/lib/cpp/src/ASTFactory.cpp
*** compiling /ws/userland/src/components/antlr/antlr-2.7.7/lib/cpp/src/ASTNULLType.cpp
*** compiling /ws/userland/src/components/antlr/antlr-2.7.7/lib/cpp/src/ASTRefCount.cpp
*** compiling /ws/userland/src/components/antlr/antlr-2.7.7/lib/cpp/src/BaseAST.cpp
*** compiling /ws/userland/src/components/antlr/antlr-2.7.7/lib/cpp/src/BitSet.cpp
*** compiling /ws/userland/src/components/antlr/antlr-2.7.7/lib/cpp/src/CharBuffer.cpp
*** compiling /ws/userland/src/components/antlr/antlr-2.7.7/lib/cpp/src/CharScanner.cpp
*** compiling /ws/userland/src/components/antlr/antlr-2.7.7/lib/cpp/src/CommonAST.cpp
*** compiling /ws/userland/src/components/antlr/antlr-2.7.7/lib/cpp/src/CommonASTWithHiddenTokens.cpp
*** compiling /ws/userland/src/components/antlr/antlr-2.7.7/lib/cpp/src/CommonHiddenStreamToken.cpp
*** compiling /ws/userland/src/components/antlr/antlr-2.7.7/lib/cpp/src/CommonToken.cpp
*** compiling /ws/userland/src/components/antlr/antlr-2.7.7/lib/cpp/src/InputBuffer.cpp
*** compiling /ws/userland/src/components/antlr/antlr-2.7.7/lib/cpp/src/LLkParser.cpp
*** compiling /ws/userland/src/components/antlr/antlr-2.7.7/lib/cpp/src/MismatchedCharException.cpp
*** compiling /ws/userland/src/components/antlr/antlr-2.7.7/lib/cpp/src/MismatchedTokenException.cpp
*** compiling /ws/userland/src/components/antlr/antlr-2.7.7/lib/cpp/src/NoViableAltException.cpp
*** compiling /ws/userland/src/components/antlr/antlr-2.7.7/lib/cpp/src/NoViableAltForCharException.cpp
*** compiling /ws/userland/src/components/antlr/antlr-2.7.7/lib/cpp/src/Parser.cpp
*** compiling /ws/userland/src/components/antlr/antlr-2.7.7/lib/cpp/src/RecognitionException.cpp
*** compiling /ws/userland/src/components/antlr/antlr-2.7.7/lib/cpp/src/String.cpp
*** compiling /ws/userland/src/components/antlr/antlr-2.7.7/lib/cpp/src/Token.cpp
*** compiling /ws/userland/src/components/antlr/antlr-2.7.7/lib/cpp/src/TokenBuffer.cpp
*** compiling /ws/userland/src/components/antlr/antlr-2.7.7/lib/cpp/src/TokenStreamBasicFilter.cpp
*** compiling /ws/userland/src/components/antlr/antlr-2.7.7/lib/cpp/src/TokenStreamHiddenTokenFilter.cpp
*** compiling /ws/userland/src/components/antlr/antlr-2.7.7/lib/cpp/src/TokenStreamSelector.cpp
*** compiling /ws/userland/src/components/antlr/antlr-2.7.7/lib/cpp/src/TokenStreamRewriteEngine.cpp
"/ws/userland/src/components/antlr/antlr-2.7.7/lib/cpp/antlr/TokenStreamRewriteEngine.hpp", line 221: Warning: index hides antlr::TokenStreamRewriteEngine::index.
"/ws/userland/src/components/antlr/antlr-2.7.7/lib/cpp/antlr/TokenStreamRewriteEngine.hpp", line 233: Warning: index hides antlr::TokenStreamRewriteEngine::index.
"/ws/userland/src/components/antlr/antlr-2.7.7/lib/cpp/antlr/TokenStreamRewriteEngine.hpp", line 247: Warning: index hides antlr::TokenStreamRewriteEngine::index.
"/ws/userland/src/components/antlr/antlr-2.7.7/lib/cpp/antlr/TokenStreamRewriteEngine.hpp", line 259: Warning: index hides antlr::TokenStreamRewriteEngine::index.
"/ws/userland/src/components/antlr/antlr-2.7.7/lib/cpp/antlr/TokenStreamRewriteEngine.hpp", line 265: Warning: index hides antlr::TokenStreamRewriteEngine::index.
"/ws/userland/src/components/antlr/antlr-2.7.7/lib/cpp/antlr/TokenStreamRewriteEngine.hpp", line 307: Warning: index hides antlr::TokenStreamRewriteEngine::index.
6 Warning(s) detected.
*** compiling /ws/userland/src/components/antlr/antlr-2.7.7/lib/cpp/src/TreeParser.cpp
*** compiling /ws/userland/src/components/antlr/antlr-2.7.7/lib/cpp/src/TokenRefCount.cpp
*** creating /ws/userland/src/components/antlr/build/i86/lib/cpp/src/libantlr.a
gmake[4]: Leaving directory '/ws/userland/src/components/antlr/build/i86/lib/cpp/src'
gmake[3]: Leaving directory '/ws/userland/src/components/antlr/build/i86/lib/cpp'
>>>>>>>>>>>>>>>>>>>>>>>>>>>>>>>>>>>>>>>>>>>>>>>>>>>>>>>>>>>>>>
>> /usr/bin/gmake -C lib/python all                          
>>>>>>>>>>>>>>>>>>>>>>>>>>>>>>>>>>>>>>>>>>>>>>>>>>>>>>>>>>>>>>
gmake[3]: Entering directory '/ws/userland/src/components/antlr/build/i86/lib/python'
gmake[3]: Nothing to be done for 'all'.
gmake[3]: Leaving directory '/ws/userland/src/components/antlr/build/i86/lib/python'
gmake[2]: Leaving directory '/ws/userland/src/components/antlr/build/i86/lib'
>>>>>>>>>>>>>>>>>>>>>>>>>>>>>>>>>>>>>>>>>>>>>>>>>>>>>>>>>>>>>>
>> /usr/bin/gmake -C ./doc all                          
>>>>>>>>>>>>>>>>>>>>>>>>>>>>>>>>>>>>>>>>>>>>>>>>>>>>>>>>>>>>>>
gmake[2]: Entering directory '/ws/userland/src/components/antlr/build/i86/doc'
gmake[2]: Leaving directory '/ws/userland/src/components/antlr/build/i86/doc'
make[1]: Leaving directory '/ws/userland/src/components/antlr/build/i86'
/usr/bin/touch /ws/userland/src/components/antlr/build/i86/.built
(cd /ws/userland/src/components/antlr/build/i86 ; /usr/bin/env LD_OPTIONS="-M /usr/lib/ld/map.noexdata -M /usr/lib/ld/map.pagealign -Bdirect -zignore -zstrip-class=comment" LD_EXEC_OPTIONS=" -zsx=aslr=disable -zsx=nxstack=enable -zsx=nxheap=enable " LD_PIE_OPTIONS="-zsx=aslr=disable -zsx=nxstack=enable -zsx=nxheap=enable "  /usr/gnu/bin/make \
		 DESTDIR=/ws/userland/src/components/antlr/build/prototype/i386 prefix=/ws/userland/src/components/antlr/build/prototype/i386/usr libdir=/ws/userland/src/components/antlr/build/prototype/i386/usr/lib bindir=/ws/userland/src/components/antlr/build/prototype/i386/usr/bin sbindir=/ws/userland/src/components/antlr/build/prototype/i386/usr/sbin install)
make[1]: Entering directory '/ws/userland/src/components/antlr/build/i86'
>>>>>>>>>>>>>>>>>>>>>>>>>>>>>>>>>>>>>>>>>>>>>>>>>>>>>>>>>>>>>>
>> /usr/bin/gmake -C ./antlr install                          
>>>>>>>>>>>>>>>>>>>>>>>>>>>>>>>>>>>>>>>>>>>>>>>>>>>>>>>>>>>>>>
gmake[2]: Entering directory '/ws/userland/src/components/antlr/build/i86/antlr'
/usr/bin/mkdir -p "/ws/userland/src/components/antlr/build/prototype/i386/usr/lib"
/usr/bin/mkdir -p "/ws/userland/src/components/antlr/build/prototype/i386/usr/share/antlr-2.7.7"
test -f /ws/userland/src/components/antlr/build/i86/antlr/antlr.jar && {\
 /usr/bin/ginstall -c -m 444 /ws/userland/src/components/antlr/build/i86/antlr/antlr.jar "/ws/userland/src/components/antlr/build/prototype/i386/usr/share/antlr-2.7.7" ; \
 /usr/bin/ginstall -c -m 444 /ws/userland/src/components/antlr/build/i86/antlr/antlr.jar "/ws/userland/src/components/antlr/build/prototype/i386/usr/lib" ; \
}
gmake[2]: Leaving directory '/ws/userland/src/components/antlr/build/i86/antlr'
>>>>>>>>>>>>>>>>>>>>>>>>>>>>>>>>>>>>>>>>>>>>>>>>>>>>>>>>>>>>>>
>> /usr/bin/gmake -C ./lib install                          
>>>>>>>>>>>>>>>>>>>>>>>>>>>>>>>>>>>>>>>>>>>>>>>>>>>>>>>>>>>>>>
gmake[2]: Entering directory '/ws/userland/src/components/antlr/build/i86/lib'
>>>>>>>>>>>>>>>>>>>>>>>>>>>>>>>>>>>>>>>>>>>>>>>>>>>>>>>>>>>>>>
>> /usr/bin/gmake -C lib/cpp install                          
>>>>>>>>>>>>>>>>>>>>>>>>>>>>>>>>>>>>>>>>>>>>>>>>>>>>>>>>>>>>>>
gmake[3]: Entering directory '/ws/userland/src/components/antlr/build/i86/lib/cpp'
>>>>>>>>>>>>>>>>>>>>>>>>>>>>>>>>>>>>>>>>>>>>>>>>>>>>>>>>>>>>>>
>> /usr/bin/gmake -C lib/cpp/antlr install                          
>>>>>>>>>>>>>>>>>>>>>>>>>>>>>>>>>>>>>>>>>>>>>>>>>>>>>>>>>>>>>>
gmake[4]: Entering directory '/ws/userland/src/components/antlr/build/i86/lib/cpp/antlr'
install hpp files .. 
install /ws/userland/src/components/antlr/antlr-2.7.7/lib/cpp/antlr/ANTLRException.hpp
install /ws/userland/src/components/antlr/antlr-2.7.7/lib/cpp/antlr/ANTLRUtil.hpp
install /ws/userland/src/components/antlr/antlr-2.7.7/lib/cpp/antlr/ASTArray.hpp
install /ws/userland/src/components/antlr/antlr-2.7.7/lib/cpp/antlr/ASTFactory.hpp
install /ws/userland/src/components/antlr/antlr-2.7.7/lib/cpp/antlr/AST.hpp
install /ws/userland/src/components/antlr/antlr-2.7.7/lib/cpp/antlr/ASTNULLType.hpp
install /ws/userland/src/components/antlr/antlr-2.7.7/lib/cpp/antlr/ASTPair.hpp
install /ws/userland/src/components/antlr/antlr-2.7.7/lib/cpp/antlr/ASTRefCount.hpp
install /ws/userland/src/components/antlr/antlr-2.7.7/lib/cpp/antlr/BaseAST.hpp
install /ws/userland/src/components/antlr/antlr-2.7.7/lib/cpp/antlr/BitSet.hpp
install /ws/userland/src/components/antlr/antlr-2.7.7/lib/cpp/antlr/CharBuffer.hpp
install /ws/userland/src/components/antlr/antlr-2.7.7/lib/cpp/antlr/CharInputBuffer.hpp
install /ws/userland/src/components/antlr/antlr-2.7.7/lib/cpp/antlr/CharScanner.hpp
install /ws/userland/src/components/antlr/antlr-2.7.7/lib/cpp/antlr/CharStreamException.hpp
install /ws/userland/src/components/antlr/antlr-2.7.7/lib/cpp/antlr/CharStreamIOException.hpp
install /ws/userland/src/components/antlr/antlr-2.7.7/lib/cpp/antlr/CircularQueue.hpp
install /ws/userland/src/components/antlr/antlr-2.7.7/lib/cpp/antlr/CommonAST.hpp
install /ws/userland/src/components/antlr/antlr-2.7.7/lib/cpp/antlr/CommonASTWithHiddenTokens.hpp
install /ws/userland/src/components/antlr/antlr-2.7.7/lib/cpp/antlr/CommonHiddenStreamToken.hpp
install /ws/userland/src/components/antlr/antlr-2.7.7/lib/cpp/antlr/CommonToken.hpp
install /ws/userland/src/components/antlr/antlr-2.7.7/lib/cpp/antlr/config.hpp
install /ws/userland/src/components/antlr/antlr-2.7.7/lib/cpp/antlr/Countable.hpp
install /ws/userland/src/components/antlr/antlr-2.7.7/lib/cpp/antlr/InputBuffer.hpp
install /ws/userland/src/components/antlr/antlr-2.7.7/lib/cpp/antlr/IOException.hpp
install /ws/userland/src/components/antlr/antlr-2.7.7/lib/cpp/antlr/LexerSharedInputState.hpp
install /ws/userland/src/components/antlr/antlr-2.7.7/lib/cpp/antlr/LLkParser.hpp
install /ws/userland/src/components/antlr/antlr-2.7.7/lib/cpp/antlr/MismatchedCharException.hpp
install /ws/userland/src/components/antlr/antlr-2.7.7/lib/cpp/antlr/MismatchedTokenException.hpp
install /ws/userland/src/components/antlr/antlr-2.7.7/lib/cpp/antlr/NoViableAltException.hpp
install /ws/userland/src/components/antlr/antlr-2.7.7/lib/cpp/antlr/NoViableAltForCharException.hpp
install /ws/userland/src/components/antlr/antlr-2.7.7/lib/cpp/antlr/Parser.hpp
install /ws/userland/src/components/antlr/antlr-2.7.7/lib/cpp/antlr/ParserSharedInputState.hpp
install /ws/userland/src/components/antlr/antlr-2.7.7/lib/cpp/antlr/RecognitionException.hpp
install /ws/userland/src/components/antlr/antlr-2.7.7/lib/cpp/antlr/RefCount.hpp
install /ws/userland/src/components/antlr/antlr-2.7.7/lib/cpp/antlr/SemanticException.hpp
install /ws/userland/src/components/antlr/antlr-2.7.7/lib/cpp/antlr/String.hpp
install /ws/userland/src/components/antlr/antlr-2.7.7/lib/cpp/antlr/TokenBuffer.hpp
install /ws/userland/src/components/antlr/antlr-2.7.7/lib/cpp/antlr/Token.hpp
install /ws/userland/src/components/antlr/antlr-2.7.7/lib/cpp/antlr/TokenRefCount.hpp
install /ws/userland/src/components/antlr/antlr-2.7.7/lib/cpp/antlr/TokenStreamBasicFilter.hpp
install /ws/userland/src/components/antlr/antlr-2.7.7/lib/cpp/antlr/TokenStreamException.hpp
install /ws/userland/src/components/antlr/antlr-2.7.7/lib/cpp/antlr/TokenStreamHiddenTokenFilter.hpp
install /ws/userland/src/components/antlr/antlr-2.7.7/lib/cpp/antlr/TokenStream.hpp
install /ws/userland/src/components/antlr/antlr-2.7.7/lib/cpp/antlr/TokenStreamIOException.hpp
install /ws/userland/src/components/antlr/antlr-2.7.7/lib/cpp/antlr/TokenStreamRecognitionException.hpp
install /ws/userland/src/components/antlr/antlr-2.7.7/lib/cpp/antlr/TokenStreamRetryException.hpp
install /ws/userland/src/components/antlr/antlr-2.7.7/lib/cpp/antlr/TokenStreamRewriteEngine.hpp
install /ws/userland/src/components/antlr/antlr-2.7.7/lib/cpp/antlr/TokenStreamSelector.hpp
install /ws/userland/src/components/antlr/antlr-2.7.7/lib/cpp/antlr/TokenWithIndex.hpp
install /ws/userland/src/components/antlr/antlr-2.7.7/lib/cpp/antlr/TreeParser.hpp
install /ws/userland/src/components/antlr/antlr-2.7.7/lib/cpp/antlr/TreeParserSharedInputState.hpp
gmake[4]: Leaving directory '/ws/userland/src/components/antlr/build/i86/lib/cpp/antlr'
>>>>>>>>>>>>>>>>>>>>>>>>>>>>>>>>>>>>>>>>>>>>>>>>>>>>>>>>>>>>>>
>> /usr/bin/gmake -C lib/cpp/src install                          
>>>>>>>>>>>>>>>>>>>>>>>>>>>>>>>>>>>>>>>>>>>>>>>>>>>>>>>>>>>>>>
gmake[4]: Entering directory '/ws/userland/src/components/antlr/build/i86/lib/cpp/src'
install C++ core files .. 
install /ws/userland/src/components/antlr/build/i86/lib/cpp/src/libantlr.a
gmake[4]: Leaving directory '/ws/userland/src/components/antlr/build/i86/lib/cpp/src'
gmake[3]: Leaving directory '/ws/userland/src/components/antlr/build/i86/lib/cpp'
>>>>>>>>>>>>>>>>>>>>>>>>>>>>>>>>>>>>>>>>>>>>>>>>>>>>>>>>>>>>>>
>> /usr/bin/gmake -C lib/python install                          
>>>>>>>>>>>>>>>>>>>>>>>>>>>>>>>>>>>>>>>>>>>>>>>>>>>>>>>>>>>>>>
gmake[3]: Entering directory '/ws/userland/src/components/antlr/build/i86/lib/python'
/usr/bin/mkdir -p "/ws/userland/src/components/antlr/build/prototype/i386/usr/share/antlr-2.7.7"
/usr/bin/mkdir -p "/ws/userland/src/components/antlr/build/prototype/i386/usr/lib"
install python files .. 
install /ws/userland/src/components/antlr/antlr-2.7.7/lib/python/antlr/antlr.py
install /ws/userland/src/components/antlr/antlr-2.7.7/lib/python/antlr/__init__.py
install /ws/userland/src/components/antlr/antlr-2.7.7/lib/python/antlr/antlr.py
install Python installer
gmake[3]: Leaving directory '/ws/userland/src/components/antlr/build/i86/lib/python'
gmake[2]: Leaving directory '/ws/userland/src/components/antlr/build/i86/lib'
>>>>>>>>>>>>>>>>>>>>>>>>>>>>>>>>>>>>>>>>>>>>>>>>>>>>>>>>>>>>>>
>> /usr/bin/gmake -C ./doc install                          
>>>>>>>>>>>>>>>>>>>>>>>>>>>>>>>>>>>>>>>>>>>>>>>>>>>>>>>>>>>>>>
gmake[2]: Entering directory '/ws/userland/src/components/antlr/build/i86/doc'
install doc files .. 
install /ws/userland/src/components/antlr/antlr-2.7.7/doc/closure.gif
install /ws/userland/src/components/antlr/antlr-2.7.7/doc/cpp-runtime.html
install /ws/userland/src/components/antlr/antlr-2.7.7/doc/csharp-runtime.html
install /ws/userland/src/components/antlr/antlr-2.7.7/doc/err.html
install /ws/userland/src/components/antlr/antlr-2.7.7/doc/glossary.html
install /ws/userland/src/components/antlr/antlr-2.7.7/doc/hidden.stream.gif
install /ws/userland/src/components/antlr/antlr-2.7.7/doc/index.html
install /ws/userland/src/components/antlr/antlr-2.7.7/doc/inheritance.html
install /ws/userland/src/components/antlr/antlr-2.7.7/doc/j-guru-blue.jpg
install /ws/userland/src/components/antlr/antlr-2.7.7/doc/jguru-logo.gif
install /ws/userland/src/components/antlr/antlr-2.7.7/doc/lexer.html
install /ws/userland/src/components/antlr/antlr-2.7.7/doc/lexer.to.parser.tokens.gif
install /ws/userland/src/components/antlr/antlr-2.7.7/doc/logo.gif
install /ws/userland/src/components/antlr/antlr-2.7.7/doc/metalang.html
install /ws/userland/src/components/antlr/antlr-2.7.7/doc/optional.gif
install /ws/userland/src/components/antlr/antlr-2.7.7/doc/options.html
install /ws/userland/src/components/antlr/antlr-2.7.7/doc/posclosure.gif
install /ws/userland/src/components/antlr/antlr-2.7.7/doc/python-runtime.html
install /ws/userland/src/components/antlr/antlr-2.7.7/doc/runtime.html
install /ws/userland/src/components/antlr/antlr-2.7.7/doc/sor.html
install /ws/userland/src/components/antlr/antlr-2.7.7/doc/stream.perspectives.gif
install /ws/userland/src/components/antlr/antlr-2.7.7/doc/stream.selector.gif
install /ws/userland/src/components/antlr/antlr-2.7.7/doc/streams.html
install /ws/userland/src/components/antlr/antlr-2.7.7/doc/stream.splitter.gif
install /ws/userland/src/components/antlr/antlr-2.7.7/doc/subrule.gif
install /ws/userland/src/components/antlr/antlr-2.7.7/doc/trees.html
install /ws/userland/src/components/antlr/antlr-2.7.7/doc/vocab.html
gmake[2]: Leaving directory '/ws/userland/src/components/antlr/build/i86/doc'
gmake[2]: Entering directory '/ws/userland/src/components/antlr/build/i86/examples'
>>>>>>>>>>>>>>>>>>>>>>>>>>>>>>>>>>>>>>>>>>>>>>>>>>>>>>>>>>>>>>
>> /usr/bin/gmake -C examples/cpp install                          
>>>>>>>>>>>>>>>>>>>>>>>>>>>>>>>>>>>>>>>>>>>>>>>>>>>>>>>>>>>>>>
gmake[3]: Entering directory '/ws/userland/src/components/antlr/build/i86/examples/cpp'
>>>>>>>>>>>>>>>>>>>>>>>>>>>>>>>>>>>>>>>>>>>>>>>>>>>>>>>>>>>>>>
>> /usr/bin/gmake -C examples/cpp/ASTsupport install                          
>>>>>>>>>>>>>>>>>>>>>>>>>>>>>>>>>>>>>>>>>>>>>>>>>>>>>>>>>>>>>>
gmake[4]: Entering directory '/ws/userland/src/components/antlr/build/i86/examples/cpp/ASTsupport'
gmake[4]: Nothing to be done for 'install'.
gmake[4]: Leaving directory '/ws/userland/src/components/antlr/build/i86/examples/cpp/ASTsupport'
>>>>>>>>>>>>>>>>>>>>>>>>>>>>>>>>>>>>>>>>>>>>>>>>>>>>>>>>>>>>>>
>> /usr/bin/gmake -C examples/cpp/HTML install                          
>>>>>>>>>>>>>>>>>>>>>>>>>>>>>>>>>>>>>>>>>>>>>>>>>>>>>>>>>>>>>>
gmake[4]: Entering directory '/ws/userland/src/components/antlr/build/i86/examples/cpp/HTML'
gmake[4]: Nothing to be done for 'install'.
gmake[4]: Leaving directory '/ws/userland/src/components/antlr/build/i86/examples/cpp/HTML'
>>>>>>>>>>>>>>>>>>>>>>>>>>>>>>>>>>>>>>>>>>>>>>>>>>>>>>>>>>>>>>
>> /usr/bin/gmake -C examples/cpp/IDL install                          
>>>>>>>>>>>>>>>>>>>>>>>>>>>>>>>>>>>>>>>>>>>>>>>>>>>>>>>>>>>>>>
gmake[4]: Entering directory '/ws/userland/src/components/antlr/build/i86/examples/cpp/IDL'
gmake[4]: Nothing to be done for 'install'.
gmake[4]: Leaving directory '/ws/userland/src/components/antlr/build/i86/examples/cpp/IDL'
>>>>>>>>>>>>>>>>>>>>>>>>>>>>>>>>>>>>>>>>>>>>>>>>>>>>>>>>>>>>>>
>> /usr/bin/gmake -C examples/cpp/calc install                          
>>>>>>>>>>>>>>>>>>>>>>>>>>>>>>>>>>>>>>>>>>>>>>>>>>>>>>>>>>>>>>
gmake[4]: Entering directory '/ws/userland/src/components/antlr/build/i86/examples/cpp/calc'
gmake[4]: Nothing to be done for 'install'.
gmake[4]: Leaving directory '/ws/userland/src/components/antlr/build/i86/examples/cpp/calc'
>>>>>>>>>>>>>>>>>>>>>>>>>>>>>>>>>>>>>>>>>>>>>>>>>>>>>>>>>>>>>>
>> /usr/bin/gmake -C examples/cpp/exprAST install                          
>>>>>>>>>>>>>>>>>>>>>>>>>>>>>>>>>>>>>>>>>>>>>>>>>>>>>>>>>>>>>>
gmake[4]: Entering directory '/ws/userland/src/components/antlr/build/i86/examples/cpp/exprAST'
gmake[4]: Nothing to be done for 'install'.
gmake[4]: Leaving directory '/ws/userland/src/components/antlr/build/i86/examples/cpp/exprAST'
>>>>>>>>>>>>>>>>>>>>>>>>>>>>>>>>>>>>>>>>>>>>>>>>>>>>>>>>>>>>>>
>> /usr/bin/gmake -C examples/cpp/filter install                          
>>>>>>>>>>>>>>>>>>>>>>>>>>>>>>>>>>>>>>>>>>>>>>>>>>>>>>>>>>>>>>
gmake[4]: Entering directory '/ws/userland/src/components/antlr/build/i86/examples/cpp/filter'
gmake[4]: Nothing to be done for 'install'.
gmake[4]: Leaving directory '/ws/userland/src/components/antlr/build/i86/examples/cpp/filter'
>>>>>>>>>>>>>>>>>>>>>>>>>>>>>>>>>>>>>>>>>>>>>>>>>>>>>>>>>>>>>>
>> /usr/bin/gmake -C examples/cpp/filterWithRule install                          
>>>>>>>>>>>>>>>>>>>>>>>>>>>>>>>>>>>>>>>>>>>>>>>>>>>>>>>>>>>>>>
gmake[4]: Entering directory '/ws/userland/src/components/antlr/build/i86/examples/cpp/filterWithRule'
gmake[4]: Nothing to be done for 'install'.
gmake[4]: Leaving directory '/ws/userland/src/components/antlr/build/i86/examples/cpp/filterWithRule'
>>>>>>>>>>>>>>>>>>>>>>>>>>>>>>>>>>>>>>>>>>>>>>>>>>>>>>>>>>>>>>
>> /usr/bin/gmake -C examples/cpp/heteroAST install                          
>>>>>>>>>>>>>>>>>>>>>>>>>>>>>>>>>>>>>>>>>>>>>>>>>>>>>>>>>>>>>>
gmake[4]: Entering directory '/ws/userland/src/components/antlr/build/i86/examples/cpp/heteroAST'
gmake[4]: Nothing to be done for 'install'.
gmake[4]: Leaving directory '/ws/userland/src/components/antlr/build/i86/examples/cpp/heteroAST'
>>>>>>>>>>>>>>>>>>>>>>>>>>>>>>>>>>>>>>>>>>>>>>>>>>>>>>>>>>>>>>
>> /usr/bin/gmake -C examples/cpp/imagNodeAST install                          
>>>>>>>>>>>>>>>>>>>>>>>>>>>>>>>>>>>>>>>>>>>>>>>>>>>>>>>>>>>>>>
gmake[4]: Entering directory '/ws/userland/src/components/antlr/build/i86/examples/cpp/imagNodeAST'
gmake[4]: Nothing to be done for 'install'.
gmake[4]: Leaving directory '/ws/userland/src/components/antlr/build/i86/examples/cpp/imagNodeAST'
>>>>>>>>>>>>>>>>>>>>>>>>>>>>>>>>>>>>>>>>>>>>>>>>>>>>>>>>>>>>>>
>> /usr/bin/gmake -C examples/cpp/includeFile install                          
>>>>>>>>>>>>>>>>>>>>>>>>>>>>>>>>>>>>>>>>>>>>>>>>>>>>>>>>>>>>>>
gmake[4]: Entering directory '/ws/userland/src/components/antlr/build/i86/examples/cpp/includeFile'
gmake[4]: Nothing to be done for 'install'.
gmake[4]: Leaving directory '/ws/userland/src/components/antlr/build/i86/examples/cpp/includeFile'
>>>>>>>>>>>>>>>>>>>>>>>>>>>>>>>>>>>>>>>>>>>>>>>>>>>>>>>>>>>>>>
>> /usr/bin/gmake -C examples/cpp/java install                          
>>>>>>>>>>>>>>>>>>>>>>>>>>>>>>>>>>>>>>>>>>>>>>>>>>>>>>>>>>>>>>
gmake[4]: Entering directory '/ws/userland/src/components/antlr/build/i86/examples/cpp/java'
gmake[4]: Nothing to be done for 'install'.
gmake[4]: Leaving directory '/ws/userland/src/components/antlr/build/i86/examples/cpp/java'
>>>>>>>>>>>>>>>>>>>>>>>>>>>>>>>>>>>>>>>>>>>>>>>>>>>>>>>>>>>>>>
>> /usr/bin/gmake -C examples/cpp/lexRewrite install                          
>>>>>>>>>>>>>>>>>>>>>>>>>>>>>>>>>>>>>>>>>>>>>>>>>>>>>>>>>>>>>>
gmake[4]: Entering directory '/ws/userland/src/components/antlr/build/i86/examples/cpp/lexRewrite'
gmake[4]: Nothing to be done for 'install'.
gmake[4]: Leaving directory '/ws/userland/src/components/antlr/build/i86/examples/cpp/lexRewrite'
>>>>>>>>>>>>>>>>>>>>>>>>>>>>>>>>>>>>>>>>>>>>>>>>>>>>>>>>>>>>>>
>> /usr/bin/gmake -C examples/cpp/multiParser install                          
>>>>>>>>>>>>>>>>>>>>>>>>>>>>>>>>>>>>>>>>>>>>>>>>>>>>>>>>>>>>>>
gmake[4]: Entering directory '/ws/userland/src/components/antlr/build/i86/examples/cpp/multiParser'
gmake[4]: Nothing to be done for 'install'.
gmake[4]: Leaving directory '/ws/userland/src/components/antlr/build/i86/examples/cpp/multiParser'
>>>>>>>>>>>>>>>>>>>>>>>>>>>>>>>>>>>>>>>>>>>>>>>>>>>>>>>>>>>>>>
>> /usr/bin/gmake -C examples/cpp/parseBinary install                          
>>>>>>>>>>>>>>>>>>>>>>>>>>>>>>>>>>>>>>>>>>>>>>>>>>>>>>>>>>>>>>
gmake[4]: Entering directory '/ws/userland/src/components/antlr/build/i86/examples/cpp/parseBinary'
gmake[4]: Nothing to be done for 'install'.
gmake[4]: Leaving directory '/ws/userland/src/components/antlr/build/i86/examples/cpp/parseBinary'
>>>>>>>>>>>>>>>>>>>>>>>>>>>>>>>>>>>>>>>>>>>>>>>>>>>>>>>>>>>>>>
>> /usr/bin/gmake -C examples/cpp/preserveWhiteSpace install                          
>>>>>>>>>>>>>>>>>>>>>>>>>>>>>>>>>>>>>>>>>>>>>>>>>>>>>>>>>>>>>>
gmake[4]: Entering directory '/ws/userland/src/components/antlr/build/i86/examples/cpp/preserveWhiteSpace'
gmake[4]: Nothing to be done for 'install'.
gmake[4]: Leaving directory '/ws/userland/src/components/antlr/build/i86/examples/cpp/preserveWhiteSpace'
>>>>>>>>>>>>>>>>>>>>>>>>>>>>>>>>>>>>>>>>>>>>>>>>>>>>>>>>>>>>>>
>> /usr/bin/gmake -C examples/cpp/tinyc install                          
>>>>>>>>>>>>>>>>>>>>>>>>>>>>>>>>>>>>>>>>>>>>>>>>>>>>>>>>>>>>>>
gmake[4]: Entering directory '/ws/userland/src/components/antlr/build/i86/examples/cpp/tinyc'
gmake[4]: Nothing to be done for 'install'.
gmake[4]: Leaving directory '/ws/userland/src/components/antlr/build/i86/examples/cpp/tinyc'
>>>>>>>>>>>>>>>>>>>>>>>>>>>>>>>>>>>>>>>>>>>>>>>>>>>>>>>>>>>>>>
>> /usr/bin/gmake -C examples/cpp/tokenStreamRewrite install                          
>>>>>>>>>>>>>>>>>>>>>>>>>>>>>>>>>>>>>>>>>>>>>>>>>>>>>>>>>>>>>>
gmake[4]: Entering directory '/ws/userland/src/components/antlr/build/i86/examples/cpp/tokenStreamRewrite'
gmake[4]: Nothing to be done for 'install'.
gmake[4]: Leaving directory '/ws/userland/src/components/antlr/build/i86/examples/cpp/tokenStreamRewrite'
>>>>>>>>>>>>>>>>>>>>>>>>>>>>>>>>>>>>>>>>>>>>>>>>>>>>>>>>>>>>>>
>> /usr/bin/gmake -C examples/cpp/transform install                          
>>>>>>>>>>>>>>>>>>>>>>>>>>>>>>>>>>>>>>>>>>>>>>>>>>>>>>>>>>>>>>
gmake[4]: Entering directory '/ws/userland/src/components/antlr/build/i86/examples/cpp/transform'
gmake[4]: Nothing to be done for 'install'.
gmake[4]: Leaving directory '/ws/userland/src/components/antlr/build/i86/examples/cpp/transform'
>>>>>>>>>>>>>>>>>>>>>>>>>>>>>>>>>>>>>>>>>>>>>>>>>>>>>>>>>>>>>>
>> /usr/bin/gmake -C examples/cpp/treewalk install                          
>>>>>>>>>>>>>>>>>>>>>>>>>>>>>>>>>>>>>>>>>>>>>>>>>>>>>>>>>>>>>>
gmake[4]: Entering directory '/ws/userland/src/components/antlr/build/i86/examples/cpp/treewalk'
gmake[4]: Nothing to be done for 'install'.
gmake[4]: Leaving directory '/ws/userland/src/components/antlr/build/i86/examples/cpp/treewalk'
>>>>>>>>>>>>>>>>>>>>>>>>>>>>>>>>>>>>>>>>>>>>>>>>>>>>>>>>>>>>>>
>> /usr/bin/gmake -C examples/cpp/unicode install                          
>>>>>>>>>>>>>>>>>>>>>>>>>>>>>>>>>>>>>>>>>>>>>>>>>>>>>>>>>>>>>>
gmake[4]: Entering directory '/ws/userland/src/components/antlr/build/i86/examples/cpp/unicode'
gmake[4]: Nothing to be done for 'install'.
gmake[4]: Leaving directory '/ws/userland/src/components/antlr/build/i86/examples/cpp/unicode'
gmake[3]: Leaving directory '/ws/userland/src/components/antlr/build/i86/examples/cpp'
>>>>>>>>>>>>>>>>>>>>>>>>>>>>>>>>>>>>>>>>>>>>>>>>>>>>>>>>>>>>>>
>> /usr/bin/gmake -C examples/java install                          
>>>>>>>>>>>>>>>>>>>>>>>>>>>>>>>>>>>>>>>>>>>>>>>>>>>>>>>>>>>>>>
gmake[3]: Entering directory '/ws/userland/src/components/antlr/build/i86/examples/java'
>>>>>>>>>>>>>>>>>>>>>>>>>>>>>>>>>>>>>>>>>>>>>>>>>>>>>>>>>>>>>>
>> /usr/bin/gmake -C examples/java/ASTsupport install                          
>>>>>>>>>>>>>>>>>>>>>>>>>>>>>>>>>>>>>>>>>>>>>>>>>>>>>>>>>>>>>>
gmake[4]: Entering directory '/ws/userland/src/components/antlr/build/i86/examples/java/ASTsupport'
gmake[4]: Leaving directory '/ws/userland/src/components/antlr/build/i86/examples/java/ASTsupport'
>>>>>>>>>>>>>>>>>>>>>>>>>>>>>>>>>>>>>>>>>>>>>>>>>>>>>>>>>>>>>>
>> /usr/bin/gmake -C examples/java/HTML install                          
>>>>>>>>>>>>>>>>>>>>>>>>>>>>>>>>>>>>>>>>>>>>>>>>>>>>>>>>>>>>>>
gmake[4]: Entering directory '/ws/userland/src/components/antlr/build/i86/examples/java/HTML'
gmake[4]: Leaving directory '/ws/userland/src/components/antlr/build/i86/examples/java/HTML'
>>>>>>>>>>>>>>>>>>>>>>>>>>>>>>>>>>>>>>>>>>>>>>>>>>>>>>>>>>>>>>
>> /usr/bin/gmake -C examples/java/IDL install                          
>>>>>>>>>>>>>>>>>>>>>>>>>>>>>>>>>>>>>>>>>>>>>>>>>>>>>>>>>>>>>>
gmake[4]: Entering directory '/ws/userland/src/components/antlr/build/i86/examples/java/IDL'
gmake[4]: Leaving directory '/ws/userland/src/components/antlr/build/i86/examples/java/IDL'
>>>>>>>>>>>>>>>>>>>>>>>>>>>>>>>>>>>>>>>>>>>>>>>>>>>>>>>>>>>>>>
>> /usr/bin/gmake -C examples/java/calc install                          
>>>>>>>>>>>>>>>>>>>>>>>>>>>>>>>>>>>>>>>>>>>>>>>>>>>>>>>>>>>>>>
gmake[4]: Entering directory '/ws/userland/src/components/antlr/build/i86/examples/java/calc'
gmake[4]: Nothing to be done for 'install'.
gmake[4]: Leaving directory '/ws/userland/src/components/antlr/build/i86/examples/java/calc'
>>>>>>>>>>>>>>>>>>>>>>>>>>>>>>>>>>>>>>>>>>>>>>>>>>>>>>>>>>>>>>
>> /usr/bin/gmake -C examples/java/columns install                          
>>>>>>>>>>>>>>>>>>>>>>>>>>>>>>>>>>>>>>>>>>>>>>>>>>>>>>>>>>>>>>
gmake[4]: Entering directory '/ws/userland/src/components/antlr/build/i86/examples/java/columns'
gmake[4]: Leaving directory '/ws/userland/src/components/antlr/build/i86/examples/java/columns'
>>>>>>>>>>>>>>>>>>>>>>>>>>>>>>>>>>>>>>>>>>>>>>>>>>>>>>>>>>>>>>
>> /usr/bin/gmake -C examples/java/cpp install                          
>>>>>>>>>>>>>>>>>>>>>>>>>>>>>>>>>>>>>>>>>>>>>>>>>>>>>>>>>>>>>>
gmake[4]: Entering directory '/ws/userland/src/components/antlr/build/i86/examples/java/cpp'
gmake[4]: Nothing to be done for 'install'.
gmake[4]: Leaving directory '/ws/userland/src/components/antlr/build/i86/examples/java/cpp'
>>>>>>>>>>>>>>>>>>>>>>>>>>>>>>>>>>>>>>>>>>>>>>>>>>>>>>>>>>>>>>
>> /usr/bin/gmake -C examples/java/exprAST install                          
>>>>>>>>>>>>>>>>>>>>>>>>>>>>>>>>>>>>>>>>>>>>>>>>>>>>>>>>>>>>>>
gmake[4]: Entering directory '/ws/userland/src/components/antlr/build/i86/examples/java/exprAST'
gmake[4]: Leaving directory '/ws/userland/src/components/antlr/build/i86/examples/java/exprAST'
>>>>>>>>>>>>>>>>>>>>>>>>>>>>>>>>>>>>>>>>>>>>>>>>>>>>>>>>>>>>>>
>> /usr/bin/gmake -C examples/java/filter install                          
>>>>>>>>>>>>>>>>>>>>>>>>>>>>>>>>>>>>>>>>>>>>>>>>>>>>>>>>>>>>>>
gmake[4]: Entering directory '/ws/userland/src/components/antlr/build/i86/examples/java/filter'
gmake[4]: Leaving directory '/ws/userland/src/components/antlr/build/i86/examples/java/filter'
>>>>>>>>>>>>>>>>>>>>>>>>>>>>>>>>>>>>>>>>>>>>>>>>>>>>>>>>>>>>>>
>> /usr/bin/gmake -C examples/java/filterWithRule install                          
>>>>>>>>>>>>>>>>>>>>>>>>>>>>>>>>>>>>>>>>>>>>>>>>>>>>>>>>>>>>>>
gmake[4]: Entering directory '/ws/userland/src/components/antlr/build/i86/examples/java/filterWithRule'
gmake[4]: Leaving directory '/ws/userland/src/components/antlr/build/i86/examples/java/filterWithRule'
>>>>>>>>>>>>>>>>>>>>>>>>>>>>>>>>>>>>>>>>>>>>>>>>>>>>>>>>>>>>>>
>> /usr/bin/gmake -C examples/java/heteroAST install                          
>>>>>>>>>>>>>>>>>>>>>>>>>>>>>>>>>>>>>>>>>>>>>>>>>>>>>>>>>>>>>>
gmake[4]: Entering directory '/ws/userland/src/components/antlr/build/i86/examples/java/heteroAST'
gmake[4]: Leaving directory '/ws/userland/src/components/antlr/build/i86/examples/java/heteroAST'
>>>>>>>>>>>>>>>>>>>>>>>>>>>>>>>>>>>>>>>>>>>>>>>>>>>>>>>>>>>>>>
>> /usr/bin/gmake -C examples/java/imagNodeAST install                          
>>>>>>>>>>>>>>>>>>>>>>>>>>>>>>>>>>>>>>>>>>>>>>>>>>>>>>>>>>>>>>
gmake[4]: Entering directory '/ws/userland/src/components/antlr/build/i86/examples/java/imagNodeAST'
gmake[4]: Leaving directory '/ws/userland/src/components/antlr/build/i86/examples/java/imagNodeAST'
>>>>>>>>>>>>>>>>>>>>>>>>>>>>>>>>>>>>>>>>>>>>>>>>>>>>>>>>>>>>>>
>> /usr/bin/gmake -C examples/java/includeFile install                          
>>>>>>>>>>>>>>>>>>>>>>>>>>>>>>>>>>>>>>>>>>>>>>>>>>>>>>>>>>>>>>
gmake[4]: Entering directory '/ws/userland/src/components/antlr/build/i86/examples/java/includeFile'
gmake[4]: Leaving directory '/ws/userland/src/components/antlr/build/i86/examples/java/includeFile'
>>>>>>>>>>>>>>>>>>>>>>>>>>>>>>>>>>>>>>>>>>>>>>>>>>>>>>>>>>>>>>
>> /usr/bin/gmake -C examples/java/java install                          
>>>>>>>>>>>>>>>>>>>>>>>>>>>>>>>>>>>>>>>>>>>>>>>>>>>>>>>>>>>>>>
gmake[4]: Entering directory '/ws/userland/src/components/antlr/build/i86/examples/java/java'
gmake[4]: Leaving directory '/ws/userland/src/components/antlr/build/i86/examples/java/java'
>>>>>>>>>>>>>>>>>>>>>>>>>>>>>>>>>>>>>>>>>>>>>>>>>>>>>>>>>>>>>>
>> /usr/bin/gmake -C examples/java/lexRewrite install                          
>>>>>>>>>>>>>>>>>>>>>>>>>>>>>>>>>>>>>>>>>>>>>>>>>>>>>>>>>>>>>>
gmake[4]: Entering directory '/ws/userland/src/components/antlr/build/i86/examples/java/lexRewrite'
gmake[4]: Leaving directory '/ws/userland/src/components/antlr/build/i86/examples/java/lexRewrite'
>>>>>>>>>>>>>>>>>>>>>>>>>>>>>>>>>>>>>>>>>>>>>>>>>>>>>>>>>>>>>>
>> /usr/bin/gmake -C examples/java/linkChecker install                          
>>>>>>>>>>>>>>>>>>>>>>>>>>>>>>>>>>>>>>>>>>>>>>>>>>>>>>>>>>>>>>
gmake[4]: Entering directory '/ws/userland/src/components/antlr/build/i86/examples/java/linkChecker'
gmake[4]: Leaving directory '/ws/userland/src/components/antlr/build/i86/examples/java/linkChecker'
>>>>>>>>>>>>>>>>>>>>>>>>>>>>>>>>>>>>>>>>>>>>>>>>>>>>>>>>>>>>>>
>> /usr/bin/gmake -C examples/java/multiLexer install                          
>>>>>>>>>>>>>>>>>>>>>>>>>>>>>>>>>>>>>>>>>>>>>>>>>>>>>>>>>>>>>>
gmake[4]: Entering directory '/ws/userland/src/components/antlr/build/i86/examples/java/multiLexer'
gmake[4]: Leaving directory '/ws/userland/src/components/antlr/build/i86/examples/java/multiLexer'
>>>>>>>>>>>>>>>>>>>>>>>>>>>>>>>>>>>>>>>>>>>>>>>>>>>>>>>>>>>>>>
>> /usr/bin/gmake -C examples/java/parseBinary install                          
>>>>>>>>>>>>>>>>>>>>>>>>>>>>>>>>>>>>>>>>>>>>>>>>>>>>>>>>>>>>>>
gmake[4]: Entering directory '/ws/userland/src/components/antlr/build/i86/examples/java/parseBinary'
gmake[4]: Leaving directory '/ws/userland/src/components/antlr/build/i86/examples/java/parseBinary'
>>>>>>>>>>>>>>>>>>>>>>>>>>>>>>>>>>>>>>>>>>>>>>>>>>>>>>>>>>>>>>
>> /usr/bin/gmake -C examples/java/preserveWhiteSpace install                          
>>>>>>>>>>>>>>>>>>>>>>>>>>>>>>>>>>>>>>>>>>>>>>>>>>>>>>>>>>>>>>
gmake[4]: Entering directory '/ws/userland/src/components/antlr/build/i86/examples/java/preserveWhiteSpace'
gmake[4]: Leaving directory '/ws/userland/src/components/antlr/build/i86/examples/java/preserveWhiteSpace'
>>>>>>>>>>>>>>>>>>>>>>>>>>>>>>>>>>>>>>>>>>>>>>>>>>>>>>>>>>>>>>
>> /usr/bin/gmake -C examples/java/tinybasic install                          
>>>>>>>>>>>>>>>>>>>>>>>>>>>>>>>>>>>>>>>>>>>>>>>>>>>>>>>>>>>>>>
gmake[4]: Entering directory '/ws/userland/src/components/antlr/build/i86/examples/java/tinybasic'
gmake[4]: Leaving directory '/ws/userland/src/components/antlr/build/i86/examples/java/tinybasic'
>>>>>>>>>>>>>>>>>>>>>>>>>>>>>>>>>>>>>>>>>>>>>>>>>>>>>>>>>>>>>>
>> /usr/bin/gmake -C examples/java/tinyc install                          
>>>>>>>>>>>>>>>>>>>>>>>>>>>>>>>>>>>>>>>>>>>>>>>>>>>>>>>>>>>>>>
gmake[4]: Entering directory '/ws/userland/src/components/antlr/build/i86/examples/java/tinyc'
gmake[4]: Leaving directory '/ws/userland/src/components/antlr/build/i86/examples/java/tinyc'
>>>>>>>>>>>>>>>>>>>>>>>>>>>>>>>>>>>>>>>>>>>>>>>>>>>>>>>>>>>>>>
>> /usr/bin/gmake -C examples/java/transform install                          
>>>>>>>>>>>>>>>>>>>>>>>>>>>>>>>>>>>>>>>>>>>>>>>>>>>>>>>>>>>>>>
gmake[4]: Entering directory '/ws/userland/src/components/antlr/build/i86/examples/java/transform'
gmake[4]: Leaving directory '/ws/userland/src/components/antlr/build/i86/examples/java/transform'
>>>>>>>>>>>>>>>>>>>>>>>>>>>>>>>>>>>>>>>>>>>>>>>>>>>>>>>>>>>>>>
>> /usr/bin/gmake -C examples/java/treewalk install                          
>>>>>>>>>>>>>>>>>>>>>>>>>>>>>>>>>>>>>>>>>>>>>>>>>>>>>>>>>>>>>>
gmake[4]: Entering directory '/ws/userland/src/components/antlr/build/i86/examples/java/treewalk'
gmake[4]: Leaving directory '/ws/userland/src/components/antlr/build/i86/examples/java/treewalk'
>>>>>>>>>>>>>>>>>>>>>>>>>>>>>>>>>>>>>>>>>>>>>>>>>>>>>>>>>>>>>>
>> /usr/bin/gmake -C examples/java/unicode install                          
>>>>>>>>>>>>>>>>>>>>>>>>>>>>>>>>>>>>>>>>>>>>>>>>>>>>>>>>>>>>>>
gmake[4]: Entering directory '/ws/userland/src/components/antlr/build/i86/examples/java/unicode'
gmake[4]: Leaving directory '/ws/userland/src/components/antlr/build/i86/examples/java/unicode'
>>>>>>>>>>>>>>>>>>>>>>>>>>>>>>>>>>>>>>>>>>>>>>>>>>>>>>>>>>>>>>
>> /usr/bin/gmake -C examples/java/xml install                          
>>>>>>>>>>>>>>>>>>>>>>>>>>>>>>>>>>>>>>>>>>>>>>>>>>>>>>>>>>>>>>
gmake[4]: Entering directory '/ws/userland/src/components/antlr/build/i86/examples/java/xml'
gmake[4]: Leaving directory '/ws/userland/src/components/antlr/build/i86/examples/java/xml'
gmake[3]: Leaving directory '/ws/userland/src/components/antlr/build/i86/examples/java'
>>>>>>>>>>>>>>>>>>>>>>>>>>>>>>>>>>>>>>>>>>>>>>>>>>>>>>>>>>>>>>
>> /usr/bin/gmake -C examples/python install                          
>>>>>>>>>>>>>>>>>>>>>>>>>>>>>>>>>>>>>>>>>>>>>>>>>>>>>>>>>>>>>>
gmake[3]: Entering directory '/ws/userland/src/components/antlr/build/i86/examples/python'
>>>>>>>>>>>>>>>>>>>>>>>>>>>>>>>>>>>>>>>>>>>>>>>>>>>>>>>>>>>>>>
>> /usr/bin/gmake -C examples/python/ASTsupport install                          
>>>>>>>>>>>>>>>>>>>>>>>>>>>>>>>>>>>>>>>>>>>>>>>>>>>>>>>>>>>>>>
gmake[4]: Entering directory '/ws/userland/src/components/antlr/build/i86/examples/python/ASTsupport'
gmake[4]: Leaving directory '/ws/userland/src/components/antlr/build/i86/examples/python/ASTsupport'
>>>>>>>>>>>>>>>>>>>>>>>>>>>>>>>>>>>>>>>>>>>>>>>>>>>>>>>>>>>>>>
>> /usr/bin/gmake -C examples/python/HTML install                          
>>>>>>>>>>>>>>>>>>>>>>>>>>>>>>>>>>>>>>>>>>>>>>>>>>>>>>>>>>>>>>
gmake[4]: Entering directory '/ws/userland/src/components/antlr/build/i86/examples/python/HTML'
gmake[4]: Leaving directory '/ws/userland/src/components/antlr/build/i86/examples/python/HTML'
>>>>>>>>>>>>>>>>>>>>>>>>>>>>>>>>>>>>>>>>>>>>>>>>>>>>>>>>>>>>>>
>> /usr/bin/gmake -C examples/python/IDL install                          
>>>>>>>>>>>>>>>>>>>>>>>>>>>>>>>>>>>>>>>>>>>>>>>>>>>>>>>>>>>>>>
gmake[4]: Entering directory '/ws/userland/src/components/antlr/build/i86/examples/python/IDL'
gmake[4]: Leaving directory '/ws/userland/src/components/antlr/build/i86/examples/python/IDL'
>>>>>>>>>>>>>>>>>>>>>>>>>>>>>>>>>>>>>>>>>>>>>>>>>>>>>>>>>>>>>>
>> /usr/bin/gmake -C examples/python/asn1 install                          
>>>>>>>>>>>>>>>>>>>>>>>>>>>>>>>>>>>>>>>>>>>>>>>>>>>>>>>>>>>>>>
gmake[4]: Entering directory '/ws/userland/src/components/antlr/build/i86/examples/python/asn1'
gmake[4]: Leaving directory '/ws/userland/src/components/antlr/build/i86/examples/python/asn1'
>>>>>>>>>>>>>>>>>>>>>>>>>>>>>>>>>>>>>>>>>>>>>>>>>>>>>>>>>>>>>>
>> /usr/bin/gmake -C examples/python/calc install                          
>>>>>>>>>>>>>>>>>>>>>>>>>>>>>>>>>>>>>>>>>>>>>>>>>>>>>>>>>>>>>>
gmake[4]: Entering directory '/ws/userland/src/components/antlr/build/i86/examples/python/calc'
gmake[4]: Leaving directory '/ws/userland/src/components/antlr/build/i86/examples/python/calc'
>>>>>>>>>>>>>>>>>>>>>>>>>>>>>>>>>>>>>>>>>>>>>>>>>>>>>>>>>>>>>>
>> /usr/bin/gmake -C examples/python/columns install                          
>>>>>>>>>>>>>>>>>>>>>>>>>>>>>>>>>>>>>>>>>>>>>>>>>>>>>>>>>>>>>>
gmake[4]: Entering directory '/ws/userland/src/components/antlr/build/i86/examples/python/columns'
gmake[4]: Leaving directory '/ws/userland/src/components/antlr/build/i86/examples/python/columns'
>>>>>>>>>>>>>>>>>>>>>>>>>>>>>>>>>>>>>>>>>>>>>>>>>>>>>>>>>>>>>>
>> /usr/bin/gmake -C examples/python/cpp install                          
>>>>>>>>>>>>>>>>>>>>>>>>>>>>>>>>>>>>>>>>>>>>>>>>>>>>>>>>>>>>>>
gmake[4]: Entering directory '/ws/userland/src/components/antlr/build/i86/examples/python/cpp'
gmake[4]: Leaving directory '/ws/userland/src/components/antlr/build/i86/examples/python/cpp'
>>>>>>>>>>>>>>>>>>>>>>>>>>>>>>>>>>>>>>>>>>>>>>>>>>>>>>>>>>>>>>
>> /usr/bin/gmake -C examples/python/exprAST install                          
>>>>>>>>>>>>>>>>>>>>>>>>>>>>>>>>>>>>>>>>>>>>>>>>>>>>>>>>>>>>>>
gmake[4]: Entering directory '/ws/userland/src/components/antlr/build/i86/examples/python/exprAST'
gmake[4]: Leaving directory '/ws/userland/src/components/antlr/build/i86/examples/python/exprAST'
>>>>>>>>>>>>>>>>>>>>>>>>>>>>>>>>>>>>>>>>>>>>>>>>>>>>>>>>>>>>>>
>> /usr/bin/gmake -C examples/python/filter install                          
>>>>>>>>>>>>>>>>>>>>>>>>>>>>>>>>>>>>>>>>>>>>>>>>>>>>>>>>>>>>>>
gmake[4]: Entering directory '/ws/userland/src/components/antlr/build/i86/examples/python/filter'
gmake[4]: Leaving directory '/ws/userland/src/components/antlr/build/i86/examples/python/filter'
>>>>>>>>>>>>>>>>>>>>>>>>>>>>>>>>>>>>>>>>>>>>>>>>>>>>>>>>>>>>>>
>> /usr/bin/gmake -C examples/python/filterWithRule install                          
>>>>>>>>>>>>>>>>>>>>>>>>>>>>>>>>>>>>>>>>>>>>>>>>>>>>>>>>>>>>>>
gmake[4]: Entering directory '/ws/userland/src/components/antlr/build/i86/examples/python/filterWithRule'
gmake[4]: Leaving directory '/ws/userland/src/components/antlr/build/i86/examples/python/filterWithRule'
>>>>>>>>>>>>>>>>>>>>>>>>>>>>>>>>>>>>>>>>>>>>>>>>>>>>>>>>>>>>>>
>> /usr/bin/gmake -C examples/python/heteroAST install                          
>>>>>>>>>>>>>>>>>>>>>>>>>>>>>>>>>>>>>>>>>>>>>>>>>>>>>>>>>>>>>>
gmake[4]: Entering directory '/ws/userland/src/components/antlr/build/i86/examples/python/heteroAST'
gmake[4]: Leaving directory '/ws/userland/src/components/antlr/build/i86/examples/python/heteroAST'
>>>>>>>>>>>>>>>>>>>>>>>>>>>>>>>>>>>>>>>>>>>>>>>>>>>>>>>>>>>>>>
>> /usr/bin/gmake -C examples/python/imagNodeAST install                          
>>>>>>>>>>>>>>>>>>>>>>>>>>>>>>>>>>>>>>>>>>>>>>>>>>>>>>>>>>>>>>
gmake[4]: Entering directory '/ws/userland/src/components/antlr/build/i86/examples/python/imagNodeAST'
gmake[4]: Leaving directory '/ws/userland/src/components/antlr/build/i86/examples/python/imagNodeAST'
>>>>>>>>>>>>>>>>>>>>>>>>>>>>>>>>>>>>>>>>>>>>>>>>>>>>>>>>>>>>>>
>> /usr/bin/gmake -C examples/python/includeFile install                          
>>>>>>>>>>>>>>>>>>>>>>>>>>>>>>>>>>>>>>>>>>>>>>>>>>>>>>>>>>>>>>
gmake[4]: Entering directory '/ws/userland/src/components/antlr/build/i86/examples/python/includeFile'
gmake[4]: Leaving directory '/ws/userland/src/components/antlr/build/i86/examples/python/includeFile'
>>>>>>>>>>>>>>>>>>>>>>>>>>>>>>>>>>>>>>>>>>>>>>>>>>>>>>>>>>>>>>
>> /usr/bin/gmake -C examples/python/java install                          
>>>>>>>>>>>>>>>>>>>>>>>>>>>>>>>>>>>>>>>>>>>>>>>>>>>>>>>>>>>>>>
gmake[4]: Entering directory '/ws/userland/src/components/antlr/build/i86/examples/python/java'
gmake[4]: Leaving directory '/ws/userland/src/components/antlr/build/i86/examples/python/java'
>>>>>>>>>>>>>>>>>>>>>>>>>>>>>>>>>>>>>>>>>>>>>>>>>>>>>>>>>>>>>>
>> /usr/bin/gmake -C examples/python/lexRewrite install                          
>>>>>>>>>>>>>>>>>>>>>>>>>>>>>>>>>>>>>>>>>>>>>>>>>>>>>>>>>>>>>>
gmake[4]: Entering directory '/ws/userland/src/components/antlr/build/i86/examples/python/lexRewrite'
gmake[4]: Leaving directory '/ws/userland/src/components/antlr/build/i86/examples/python/lexRewrite'
>>>>>>>>>>>>>>>>>>>>>>>>>>>>>>>>>>>>>>>>>>>>>>>>>>>>>>>>>>>>>>
>> /usr/bin/gmake -C examples/python/lexerTester install                          
>>>>>>>>>>>>>>>>>>>>>>>>>>>>>>>>>>>>>>>>>>>>>>>>>>>>>>>>>>>>>>
gmake[4]: Entering directory '/ws/userland/src/components/antlr/build/i86/examples/python/lexerTester'
gmake[4]: Leaving directory '/ws/userland/src/components/antlr/build/i86/examples/python/lexerTester'
>>>>>>>>>>>>>>>>>>>>>>>>>>>>>>>>>>>>>>>>>>>>>>>>>>>>>>>>>>>>>>
>> /usr/bin/gmake -C examples/python/linkChecker install                          
>>>>>>>>>>>>>>>>>>>>>>>>>>>>>>>>>>>>>>>>>>>>>>>>>>>>>>>>>>>>>>
gmake[4]: Entering directory '/ws/userland/src/components/antlr/build/i86/examples/python/linkChecker'
gmake[4]: Leaving directory '/ws/userland/src/components/antlr/build/i86/examples/python/linkChecker'
>>>>>>>>>>>>>>>>>>>>>>>>>>>>>>>>>>>>>>>>>>>>>>>>>>>>>>>>>>>>>>
>> /usr/bin/gmake -C examples/python/multiLexer install                          
>>>>>>>>>>>>>>>>>>>>>>>>>>>>>>>>>>>>>>>>>>>>>>>>>>>>>>>>>>>>>>
gmake[4]: Entering directory '/ws/userland/src/components/antlr/build/i86/examples/python/multiLexer'
gmake[4]: Leaving directory '/ws/userland/src/components/antlr/build/i86/examples/python/multiLexer'
>>>>>>>>>>>>>>>>>>>>>>>>>>>>>>>>>>>>>>>>>>>>>>>>>>>>>>>>>>>>>>
>> /usr/bin/gmake -C examples/python/multiParser install                          
>>>>>>>>>>>>>>>>>>>>>>>>>>>>>>>>>>>>>>>>>>>>>>>>>>>>>>>>>>>>>>
gmake[4]: Entering directory '/ws/userland/src/components/antlr/build/i86/examples/python/multiParser'
gmake[4]: Leaving directory '/ws/userland/src/components/antlr/build/i86/examples/python/multiParser'
>>>>>>>>>>>>>>>>>>>>>>>>>>>>>>>>>>>>>>>>>>>>>>>>>>>>>>>>>>>>>>
>> /usr/bin/gmake -C examples/python/parseBinary install                          
>>>>>>>>>>>>>>>>>>>>>>>>>>>>>>>>>>>>>>>>>>>>>>>>>>>>>>>>>>>>>>
gmake[4]: Entering directory '/ws/userland/src/components/antlr/build/i86/examples/python/parseBinary'
gmake[4]: Leaving directory '/ws/userland/src/components/antlr/build/i86/examples/python/parseBinary'
>>>>>>>>>>>>>>>>>>>>>>>>>>>>>>>>>>>>>>>>>>>>>>>>>>>>>>>>>>>>>>
>> /usr/bin/gmake -C examples/python/pascal install                          
>>>>>>>>>>>>>>>>>>>>>>>>>>>>>>>>>>>>>>>>>>>>>>>>>>>>>>>>>>>>>>
gmake[4]: Entering directory '/ws/userland/src/components/antlr/build/i86/examples/python/pascal'
gmake[4]: Leaving directory '/ws/userland/src/components/antlr/build/i86/examples/python/pascal'
>>>>>>>>>>>>>>>>>>>>>>>>>>>>>>>>>>>>>>>>>>>>>>>>>>>>>>>>>>>>>>
>> /usr/bin/gmake -C examples/python/preserveWhiteSpace install                          
>>>>>>>>>>>>>>>>>>>>>>>>>>>>>>>>>>>>>>>>>>>>>>>>>>>>>>>>>>>>>>
gmake[4]: Entering directory '/ws/userland/src/components/antlr/build/i86/examples/python/preserveWhiteSpace'
gmake[4]: Leaving directory '/ws/userland/src/components/antlr/build/i86/examples/python/preserveWhiteSpace'
>>>>>>>>>>>>>>>>>>>>>>>>>>>>>>>>>>>>>>>>>>>>>>>>>>>>>>>>>>>>>>
>> /usr/bin/gmake -C examples/python/tinybasic install                          
>>>>>>>>>>>>>>>>>>>>>>>>>>>>>>>>>>>>>>>>>>>>>>>>>>>>>>>>>>>>>>
gmake[4]: Entering directory '/ws/userland/src/components/antlr/build/i86/examples/python/tinybasic'
gmake[4]: Leaving directory '/ws/userland/src/components/antlr/build/i86/examples/python/tinybasic'
>>>>>>>>>>>>>>>>>>>>>>>>>>>>>>>>>>>>>>>>>>>>>>>>>>>>>>>>>>>>>>
>> /usr/bin/gmake -C examples/python/tinyc install                          
>>>>>>>>>>>>>>>>>>>>>>>>>>>>>>>>>>>>>>>>>>>>>>>>>>>>>>>>>>>>>>
gmake[4]: Entering directory '/ws/userland/src/components/antlr/build/i86/examples/python/tinyc'
gmake[4]: Leaving directory '/ws/userland/src/components/antlr/build/i86/examples/python/tinyc'
>>>>>>>>>>>>>>>>>>>>>>>>>>>>>>>>>>>>>>>>>>>>>>>>>>>>>>>>>>>>>>
>> /usr/bin/gmake -C examples/python/transform install                          
>>>>>>>>>>>>>>>>>>>>>>>>>>>>>>>>>>>>>>>>>>>>>>>>>>>>>>>>>>>>>>
gmake[4]: Entering directory '/ws/userland/src/components/antlr/build/i86/examples/python/transform'
gmake[4]: Leaving directory '/ws/userland/src/components/antlr/build/i86/examples/python/transform'
>>>>>>>>>>>>>>>>>>>>>>>>>>>>>>>>>>>>>>>>>>>>>>>>>>>>>>>>>>>>>>
>> /usr/bin/gmake -C examples/python/treewalk install                          
>>>>>>>>>>>>>>>>>>>>>>>>>>>>>>>>>>>>>>>>>>>>>>>>>>>>>>>>>>>>>>
gmake[4]: Entering directory '/ws/userland/src/components/antlr/build/i86/examples/python/treewalk'
gmake[4]: Leaving directory '/ws/userland/src/components/antlr/build/i86/examples/python/treewalk'
>>>>>>>>>>>>>>>>>>>>>>>>>>>>>>>>>>>>>>>>>>>>>>>>>>>>>>>>>>>>>>
>> /usr/bin/gmake -C examples/python/unicode install                          
>>>>>>>>>>>>>>>>>>>>>>>>>>>>>>>>>>>>>>>>>>>>>>>>>>>>>>>>>>>>>>
gmake[4]: Entering directory '/ws/userland/src/components/antlr/build/i86/examples/python/unicode'
gmake[4]: Leaving directory '/ws/userland/src/components/antlr/build/i86/examples/python/unicode'
>>>>>>>>>>>>>>>>>>>>>>>>>>>>>>>>>>>>>>>>>>>>>>>>>>>>>>>>>>>>>>
>> /usr/bin/gmake -C examples/python/unicode.IDENTs install                          
>>>>>>>>>>>>>>>>>>>>>>>>>>>>>>>>>>>>>>>>>>>>>>>>>>>>>>>>>>>>>>
gmake[4]: Entering directory '/ws/userland/src/components/antlr/build/i86/examples/python/unicode.IDENTs'
gmake[4]: Leaving directory '/ws/userland/src/components/antlr/build/i86/examples/python/unicode.IDENTs'
>>>>>>>>>>>>>>>>>>>>>>>>>>>>>>>>>>>>>>>>>>>>>>>>>>>>>>>>>>>>>>
>> /usr/bin/gmake -C examples/python/xml install                          
>>>>>>>>>>>>>>>>>>>>>>>>>>>>>>>>>>>>>>>>>>>>>>>>>>>>>>>>>>>>>>
gmake[4]: Entering directory '/ws/userland/src/components/antlr/build/i86/examples/python/xml'
gmake[4]: Leaving directory '/ws/userland/src/components/antlr/build/i86/examples/python/xml'
gmake[3]: Leaving directory '/ws/userland/src/components/antlr/build/i86/examples/python'
gmake[2]: Leaving directory '/ws/userland/src/components/antlr/build/i86/examples'
/usr/bin/mkdir -p "/ws/userland/src/components/antlr/build/prototype/i386/usr/bin"
/usr/bin/mkdir -p "/ws/userland/src/components/antlr/build/prototype/i386/usr/share/antlr-2.7.7"
/usr/bin/mkdir -p "/ws/userland/src/components/antlr/build/prototype/i386/usr/share/doc/antlr-2.7.7"
/usr/bin/ginstall -c -m 755 scripts/run-antlr                          "/ws/userland/src/components/antlr/build/prototype/i386/usr/bin/antlr"
/usr/bin/ginstall -c -m 755 scripts/antlr-config                       "/ws/userland/src/components/antlr/build/prototype/i386/usr/bin/antlr-config"
/usr/bin/ginstall -c -m 444 /ws/userland/src/components/antlr/antlr-2.7.7/extras/antlr-mode.el      "/ws/userland/src/components/antlr/build/prototype/i386/usr/share/antlr-2.7.7"
/usr/bin/ginstall -c -m 444 /ws/userland/src/components/antlr/antlr-2.7.7/extras/antlr-jedit.xml    "/ws/userland/src/components/antlr/build/prototype/i386/usr/share/antlr-2.7.7"
/usr/bin/ginstall -c -m 444 /ws/userland/src/components/antlr/antlr-2.7.7/LICENSE.txt               "/ws/userland/src/components/antlr/build/prototype/i386/usr/share/doc/antlr-2.7.7"
/usr/bin/ginstall -c -m 444 /ws/userland/src/components/antlr/antlr-2.7.7/README.txt                "/ws/userland/src/components/antlr/build/prototype/i386/usr/share/doc/antlr-2.7.7"
/usr/bin/ginstall -c -m 444 /ws/userland/src/components/antlr/antlr-2.7.7/INSTALL.txt               "/ws/userland/src/components/antlr/build/prototype/i386/usr/share/doc/antlr-2.7.7"
/bin/echo "installation done"
installation done
make[1]: Leaving directory '/ws/userland/src/components/antlr/build/i86'
/usr/bin/touch /ws/userland/src/components/antlr/build/i86/.installed
abort: there is no Mercurial repository here (.hg not found)
/usr/bin/pkgfmt -c -fv2 antlr.p5m
/usr/bin/pkgmogrify -D PERL_ARCH=i86pc-solaris-thread-multi-64 -D PERL_VERSION=5.22 -D IPS_COMPONENT_RE_VERSION=2\\.7\\.7 -D COMPONENT_RE_VERSION=2\\.7\\.7 -D PYTHON_2.7_ONLY=# -D PYTHON_3.4_ONLY=# -D PYTHON_3.5_ONLY=# -D SQ=\' -D DQ=\" -D Q=\" -I/ws/userland/src/components/antlr -D SOLARIS_11_3_ONLY="#" -D SOLARIS_11_5_ONLY="#" -D SOLARIS_11_3_4_ONLY="" -D SOLARIS_11_4_5_ONLY="" -D SOLARIS_11_4_ONLY="" -D ARC_CASE="" -D TPNO="5546" -D BUILD_VERSION="5.11-11.4.0.0.1.14.0" -D OS_RELEASE="5.11" -D SOLARIS_VERSION="2.11" -D PKG_SOLARIS_VERSION="11.4" -D CONSOLIDATION="userland" -D CONSOLIDATION_CHANGESET="" -D CONSOLIDATION_REPOSITORY_URL="https://github.com/oracle/solaris-userland.git" -D COMPONENT_VERSION="2.7.7" -D IPS_COMPONENT_VERSION="2.7.7" -D HUMAN_VERSION="" -D COMPONENT_ARCHIVE_URL="http://www.antlr2.org/download/antlr-2.7.7.tar.gz" -D COMPONENT_PROJECT_URL="http://www.antlr.org/" -D COMPONENT_NAME="antlr" -D HG_REPO="" -D HG_REV="" -D HG_URL="" -D GIT_COMMIT_ID="" -D GIT_REPO="" -D GIT_TAG="" -D MACH="i386" -D MACH32="i86" -D MACH64="amd64" -D PUBLISHER="nightly" -D PUBLISHER_LOCALIZABLE="userland-localizable" antlr.p5m \
	/ws/userland/src/transforms/license-changes /ws/userland/src/transforms/variant-cleanup /ws/userland/src/transforms/autopyc /ws/userland/src/transforms/defaults /ws/userland/src/transforms/actuators /ws/userland/src/transforms/depends /ws/userland/src/transforms/devel /ws/userland/src/transforms/docs /ws/userland/src/transforms/locale /ws/userland/src/transforms/standard-python-libraries /ws/userland/src/transforms/python-rename /ws/userland/src/transforms/python-3-groups /ws/userland/src/transforms/python-3-soabi /ws/userland/src/transforms/python-3-no-32bit /ws/userland/src/transforms/ruby-tests /ws/userland/src/transforms/puppet /ws/userland/src/transforms/libtool-drop /ws/userland/src/transforms/incorporate /ws/userland/src/transforms/publish-cleanup | \
	sed -e '/^$/d' -e '/^#.*$/d' | uniq >/ws/userland/src/components/antlr/build/manifest-i386-antlr.mogrified
/bin/mkdir -p /ws/userland/src/components/antlr/build/prototype/i386/mangled
/ws/userland/src/tools/userland-mangler -D /ws/userland/src/components/antlr/build/prototype/i386/mangled -d /ws/userland/src/components/antlr/build/prototype/i386/mangled -d /ws/userland/src/components/antlr/build/prototype/i386 -d /ws/userland/src/components/antlr/build -d /ws/userland/src/components/antlr -d antlr-2.7.7 -d /ws/userland/src/licenses -d /ws/userland/src/components/antlr/files -m /ws/userland/src/components/antlr/build/manifest-i386-antlr.mogrified >/ws/userland/src/components/antlr/build/manifest-i386-antlr.mangled
/usr/bin/env  /usr/bin/pkgdepend generate \
    -m -d /ws/userland/src/components/antlr/build/prototype/i386/mangled -d /ws/userland/src/components/antlr/build/prototype/i386 -d /ws/userland/src/components/antlr/build -d /ws/userland/src/components/antlr -d antlr-2.7.7 -d /ws/userland/src/licenses -d /ws/userland/src/components/antlr/files /ws/userland/src/components/antlr/build/manifest-i386-antlr.mangled >/ws/userland/src/components/antlr/build/manifest-i386-antlr.depend
/usr/bin/pkgdepend resolve -e /ws/userland/src/components/antlr/build/resolve.deps -m /ws/userland/src/components/antlr/build/manifest-i386-antlr.depend
/usr/bin/touch /ws/userland/src/components/antlr/build/.resolved-i386
VALIDATING MANIFEST CONTENT: /ws/userland/src/components/antlr/build/manifest-i386-antlr.depend.res
/usr/bin/env PYTHONPATH=/ws/userland/src/tools/python PROTO_PATH="/ws/userland/src/components/antlr/build/prototype/i386/mangled /ws/userland/src/components/antlr/build/prototype/i386 /ws/userland/src/components/antlr/build /ws/userland/src/components/antlr antlr-2.7.7 /ws/userland/src/licenses /ws/userland/src/components/antlr/files"\
	SOLARIS_VERSION=2.11\
	/bin/true -c /ws/userland/src/i386/pkglint-cache \
		-f /ws/userland/src/tools/pkglintrc /ws/userland/src/components/antlr/build/manifest-i386-antlr.depend.res
/usr/bin/touch /ws/userland/src/components/antlr/build/.linted-i386
/usr/bin/pkgsend -s file:/ws/userland/src/i386/repo publish --fmri-in-manifest --no-catalog -d /ws/userland/src/components/antlr/build/prototype/i386/mangled -d /ws/userland/src/components/antlr/build/prototype/i386 -d /ws/userland/src/components/antlr/build -d /ws/userland/src/components/antlr -d antlr-2.7.7 -d /ws/userland/src/licenses -d /ws/userland/src/components/antlr/files -T \*.py /ws/userland/src/components/antlr/build/manifest-i386-antlr.depend.res
pkg://nightly/developer/parser/antlr-2@2.7.7,5.11-11.4.0.0.1.14.0:20190727T162758Z
PUBLISHED
/usr/bin/pkgfmt </ws/userland/src/components/antlr/build/manifest-i386-antlr.depend.res >/ws/userland/src/components/antlr/build/manifest-i386-antlr.published
/usr/bin/touch /ws/userland/src/components/antlr/build/.published-i386
gmake: Leaving directory '/ws/userland/src/components/antlr'

real       40.1
user       25.9
sys         6.7
