gmake: Entering directory '/ws/userland/src/components/apache2-modules/mod_fcgid'
/bin/rm -f -r /ws/userland/src/components/apache2-modules/mod_fcgid/mod_fcgid-2.3.9
/usr/bin/env RUBY_VERSION=2.1 /ws/userland/src/tools/userland-unpack  mod_fcgid-2.3.9.tar.gz
/usr/bin/touch /ws/userland/src/components/apache2-modules/mod_fcgid/mod_fcgid-2.3.9/.unpacked
/usr/bin/patch -d /ws/userland/src/components/apache2-modules/mod_fcgid/mod_fcgid-2.3.9 --strip=0 --backup --version-control=numbered < patches/fcgid.configure.apxs.patch
patching file configure.apxs
/usr/bin/touch /ws/userland/src/components/apache2-modules/mod_fcgid/mod_fcgid-2.3.9/.patched-fcgid.configure.apxs.patch
/usr/bin/touch /ws/userland/src/components/apache2-modules/mod_fcgid/mod_fcgid-2.3.9/.patched
/usr/bin/touch /ws/userland/src/components/apache2-modules/mod_fcgid/mod_fcgid-2.3.9/.prep
/bin/rm -f -r /ws/userland/src/components/apache2-modules/mod_fcgid/build/apache24/amd64 ; /bin/mkdir -p /ws/userland/src/components/apache2-modules/mod_fcgid/build/apache24/amd64
/ws/userland/src/tools/cloney /ws/userland/src/components/apache2-modules/mod_fcgid/mod_fcgid-2.3.9 /ws/userland/src/components/apache2-modules/mod_fcgid/build/apache24/amd64
symlink cloning /ws/userland/src/components/apache2-modules/mod_fcgid/mod_fcgid-2.3.9 to /ws/userland/src/components/apache2-modules/mod_fcgid/build/apache24/amd64
( cd /ws/userland/src/components/apache2-modules/mod_fcgid/build/apache24/amd64; APXS=/usr/apache2/2.4/bin/apxs ./configure.apxs )
Configuring mod_fcgid for APXS in /usr/apache2/2.4/bin/apxs
Detecting features

Finished, run 'make' to compile mod_fcgid

Run 'make install' to install mod_fcgid

(cd /ws/userland/src/components/apache2-modules/mod_fcgid/build/apache24/amd64; /usr/bin/env LD_OPTIONS="-M /usr/lib/ld/map.noexdata -M /usr/lib/ld/map.pagealign -Bdirect -zignore -zstrip-class=comment" LD_EXEC_OPTIONS=" -zsx=aslr=disable -zsx=nxstack=enable -zsx=nxheap=enable " LD_PIE_OPTIONS="-zsx=aslr=disable -zsx=nxstack=enable -zsx=nxheap=enable "  CC="/opt/solarisstudio12.4/bin/cc" CXX="/opt/solarisstudio12.4/bin/CC" CFLAGS="-m64 -xO4 -xchip=generic -Ui386 -U__i386 -xregs=no%frameptr -mt" CXXFLAGS="-norunpath -m64 -xO4 -xchip=generic -Ui386 -U__i386 -xregs=no%frameptr" LDFLAGS="" /usr/gnu/bin/make  )
make[1]: Entering directory '/ws/userland/src/components/apache2-modules/mod_fcgid/build/apache24/amd64'
Making all in modules/fcgid
make[2]: Entering directory '/ws/userland/src/components/apache2-modules/mod_fcgid/build/apache24/amd64/modules/fcgid'
/usr/apr/1.6/build/amd64/libtool --silent --tag=CC --mode=compile cc    -m64 -xO4 -xchip=generic -Ui386 -U__i386 -xregs=no%frameptr -mt -DFCGID_APXS_BUILD   -DSOLARIS2=11 -D_POSIX_PTHREAD_SEMANTICS -D_REENTRANT -D_LARGEFILE_SOURCE -D_FILE_OFFSET_BITS=64  -m64  -I/ws/userland/src/components/apache2-modules/mod_fcgid/build/apache24/amd64/modules/fcgid -I/ws/userland/src/components/apache2-modules/mod_fcgid/build/apache24/amd64/modules/fcgid -I/ws/userland/src/components/apache2-modules/mod_fcgid/build/apache24/amd64/include -I/usr/apache2/2.4/include -I. -I/usr/apr/1.6/include -I/usr/apr-util/1.6/include -I/usr/include/openldap -I/usr/include/pcre -prefer-pic -c mod_fcgid.c && touch mod_fcgid.slo
/usr/apr/1.6/build/amd64/libtool --silent --tag=CC --mode=compile cc    -m64 -xO4 -xchip=generic -Ui386 -U__i386 -xregs=no%frameptr -mt -DFCGID_APXS_BUILD   -DSOLARIS2=11 -D_POSIX_PTHREAD_SEMANTICS -D_REENTRANT -D_LARGEFILE_SOURCE -D_FILE_OFFSET_BITS=64  -m64  -I/ws/userland/src/components/apache2-modules/mod_fcgid/build/apache24/amd64/modules/fcgid -I/ws/userland/src/components/apache2-modules/mod_fcgid/build/apache24/amd64/modules/fcgid -I/ws/userland/src/components/apache2-modules/mod_fcgid/build/apache24/amd64/include -I/usr/apache2/2.4/include -I. -I/usr/apr/1.6/include -I/usr/apr-util/1.6/include -I/usr/include/openldap -I/usr/include/pcre -prefer-pic -c fcgid_bridge.c && touch fcgid_bridge.slo
/usr/apr/1.6/build/amd64/libtool --silent --tag=CC --mode=compile cc    -m64 -xO4 -xchip=generic -Ui386 -U__i386 -xregs=no%frameptr -mt -DFCGID_APXS_BUILD   -DSOLARIS2=11 -D_POSIX_PTHREAD_SEMANTICS -D_REENTRANT -D_LARGEFILE_SOURCE -D_FILE_OFFSET_BITS=64  -m64  -I/ws/userland/src/components/apache2-modules/mod_fcgid/build/apache24/amd64/modules/fcgid -I/ws/userland/src/components/apache2-modules/mod_fcgid/build/apache24/amd64/modules/fcgid -I/ws/userland/src/components/apache2-modules/mod_fcgid/build/apache24/amd64/include -I/usr/apache2/2.4/include -I. -I/usr/apr/1.6/include -I/usr/apr-util/1.6/include -I/usr/include/openldap -I/usr/include/pcre -prefer-pic -c fcgid_conf.c && touch fcgid_conf.slo
/usr/apr/1.6/build/amd64/libtool --silent --tag=CC --mode=compile cc    -m64 -xO4 -xchip=generic -Ui386 -U__i386 -xregs=no%frameptr -mt -DFCGID_APXS_BUILD   -DSOLARIS2=11 -D_POSIX_PTHREAD_SEMANTICS -D_REENTRANT -D_LARGEFILE_SOURCE -D_FILE_OFFSET_BITS=64  -m64  -I/ws/userland/src/components/apache2-modules/mod_fcgid/build/apache24/amd64/modules/fcgid -I/ws/userland/src/components/apache2-modules/mod_fcgid/build/apache24/amd64/modules/fcgid -I/ws/userland/src/components/apache2-modules/mod_fcgid/build/apache24/amd64/include -I/usr/apache2/2.4/include -I. -I/usr/apr/1.6/include -I/usr/apr-util/1.6/include -I/usr/include/openldap -I/usr/include/pcre -prefer-pic -c fcgid_pm_main.c && touch fcgid_pm_main.slo
/usr/apr/1.6/build/amd64/libtool --silent --tag=CC --mode=compile cc    -m64 -xO4 -xchip=generic -Ui386 -U__i386 -xregs=no%frameptr -mt -DFCGID_APXS_BUILD   -DSOLARIS2=11 -D_POSIX_PTHREAD_SEMANTICS -D_REENTRANT -D_LARGEFILE_SOURCE -D_FILE_OFFSET_BITS=64  -m64  -I/ws/userland/src/components/apache2-modules/mod_fcgid/build/apache24/amd64/modules/fcgid -I/ws/userland/src/components/apache2-modules/mod_fcgid/build/apache24/amd64/modules/fcgid -I/ws/userland/src/components/apache2-modules/mod_fcgid/build/apache24/amd64/include -I/usr/apache2/2.4/include -I. -I/usr/apr/1.6/include -I/usr/apr-util/1.6/include -I/usr/include/openldap -I/usr/include/pcre -prefer-pic -c fcgid_protocol.c && touch fcgid_protocol.slo
/usr/apr/1.6/build/amd64/libtool --silent --tag=CC --mode=compile cc    -m64 -xO4 -xchip=generic -Ui386 -U__i386 -xregs=no%frameptr -mt -DFCGID_APXS_BUILD   -DSOLARIS2=11 -D_POSIX_PTHREAD_SEMANTICS -D_REENTRANT -D_LARGEFILE_SOURCE -D_FILE_OFFSET_BITS=64  -m64  -I/ws/userland/src/components/apache2-modules/mod_fcgid/build/apache24/amd64/modules/fcgid -I/ws/userland/src/components/apache2-modules/mod_fcgid/build/apache24/amd64/modules/fcgid -I/ws/userland/src/components/apache2-modules/mod_fcgid/build/apache24/amd64/include -I/usr/apache2/2.4/include -I. -I/usr/apr/1.6/include -I/usr/apr-util/1.6/include -I/usr/include/openldap -I/usr/include/pcre -prefer-pic -c fcgid_spawn_ctl.c && touch fcgid_spawn_ctl.slo
/usr/apr/1.6/build/amd64/libtool --silent --tag=CC --mode=compile cc    -m64 -xO4 -xchip=generic -Ui386 -U__i386 -xregs=no%frameptr -mt -DFCGID_APXS_BUILD   -DSOLARIS2=11 -D_POSIX_PTHREAD_SEMANTICS -D_REENTRANT -D_LARGEFILE_SOURCE -D_FILE_OFFSET_BITS=64  -m64  -I/ws/userland/src/components/apache2-modules/mod_fcgid/build/apache24/amd64/modules/fcgid -I/ws/userland/src/components/apache2-modules/mod_fcgid/build/apache24/amd64/modules/fcgid -I/ws/userland/src/components/apache2-modules/mod_fcgid/build/apache24/amd64/include -I/usr/apache2/2.4/include -I. -I/usr/apr/1.6/include -I/usr/apr-util/1.6/include -I/usr/include/openldap -I/usr/include/pcre -prefer-pic -c fcgid_proctbl_unix.c && touch fcgid_proctbl_unix.slo
/usr/apr/1.6/build/amd64/libtool --silent --tag=CC --mode=compile cc    -m64 -xO4 -xchip=generic -Ui386 -U__i386 -xregs=no%frameptr -mt -DFCGID_APXS_BUILD   -DSOLARIS2=11 -D_POSIX_PTHREAD_SEMANTICS -D_REENTRANT -D_LARGEFILE_SOURCE -D_FILE_OFFSET_BITS=64  -m64  -I/ws/userland/src/components/apache2-modules/mod_fcgid/build/apache24/amd64/modules/fcgid -I/ws/userland/src/components/apache2-modules/mod_fcgid/build/apache24/amd64/modules/fcgid -I/ws/userland/src/components/apache2-modules/mod_fcgid/build/apache24/amd64/include -I/usr/apache2/2.4/include -I. -I/usr/apr/1.6/include -I/usr/apr-util/1.6/include -I/usr/include/openldap -I/usr/include/pcre -prefer-pic -c fcgid_pm_unix.c && touch fcgid_pm_unix.slo
/usr/apr/1.6/build/amd64/libtool --silent --tag=CC --mode=compile cc    -m64 -xO4 -xchip=generic -Ui386 -U__i386 -xregs=no%frameptr -mt -DFCGID_APXS_BUILD   -DSOLARIS2=11 -D_POSIX_PTHREAD_SEMANTICS -D_REENTRANT -D_LARGEFILE_SOURCE -D_FILE_OFFSET_BITS=64  -m64  -I/ws/userland/src/components/apache2-modules/mod_fcgid/build/apache24/amd64/modules/fcgid -I/ws/userland/src/components/apache2-modules/mod_fcgid/build/apache24/amd64/modules/fcgid -I/ws/userland/src/components/apache2-modules/mod_fcgid/build/apache24/amd64/include -I/usr/apache2/2.4/include -I. -I/usr/apr/1.6/include -I/usr/apr-util/1.6/include -I/usr/include/openldap -I/usr/include/pcre -prefer-pic -c fcgid_proc_unix.c && touch fcgid_proc_unix.slo
/usr/apr/1.6/build/amd64/libtool --silent --tag=CC --mode=compile cc    -m64 -xO4 -xchip=generic -Ui386 -U__i386 -xregs=no%frameptr -mt -DFCGID_APXS_BUILD   -DSOLARIS2=11 -D_POSIX_PTHREAD_SEMANTICS -D_REENTRANT -D_LARGEFILE_SOURCE -D_FILE_OFFSET_BITS=64  -m64  -I/ws/userland/src/components/apache2-modules/mod_fcgid/build/apache24/amd64/modules/fcgid -I/ws/userland/src/components/apache2-modules/mod_fcgid/build/apache24/amd64/modules/fcgid -I/ws/userland/src/components/apache2-modules/mod_fcgid/build/apache24/amd64/include -I/usr/apache2/2.4/include -I. -I/usr/apr/1.6/include -I/usr/apr-util/1.6/include -I/usr/include/openldap -I/usr/include/pcre -prefer-pic -c fcgid_bucket.c && touch fcgid_bucket.slo
/usr/apr/1.6/build/amd64/libtool --silent --tag=CC --mode=compile cc    -m64 -xO4 -xchip=generic -Ui386 -U__i386 -xregs=no%frameptr -mt -DFCGID_APXS_BUILD   -DSOLARIS2=11 -D_POSIX_PTHREAD_SEMANTICS -D_REENTRANT -D_LARGEFILE_SOURCE -D_FILE_OFFSET_BITS=64  -m64  -I/ws/userland/src/components/apache2-modules/mod_fcgid/build/apache24/amd64/modules/fcgid -I/ws/userland/src/components/apache2-modules/mod_fcgid/build/apache24/amd64/modules/fcgid -I/ws/userland/src/components/apache2-modules/mod_fcgid/build/apache24/amd64/include -I/usr/apache2/2.4/include -I. -I/usr/apr/1.6/include -I/usr/apr-util/1.6/include -I/usr/include/openldap -I/usr/include/pcre -prefer-pic -c fcgid_filter.c && touch fcgid_filter.slo
/usr/apr/1.6/build/amd64/libtool --silent --tag=CC --mode=compile cc    -m64 -xO4 -xchip=generic -Ui386 -U__i386 -xregs=no%frameptr -mt -DFCGID_APXS_BUILD   -DSOLARIS2=11 -D_POSIX_PTHREAD_SEMANTICS -D_REENTRANT -D_LARGEFILE_SOURCE -D_FILE_OFFSET_BITS=64  -m64  -I/ws/userland/src/components/apache2-modules/mod_fcgid/build/apache24/amd64/modules/fcgid -I/ws/userland/src/components/apache2-modules/mod_fcgid/build/apache24/amd64/modules/fcgid -I/ws/userland/src/components/apache2-modules/mod_fcgid/build/apache24/amd64/include -I/usr/apache2/2.4/include -I. -I/usr/apr/1.6/include -I/usr/apr-util/1.6/include -I/usr/include/openldap -I/usr/include/pcre -prefer-pic -c fcgid_mutex_unix.c && touch fcgid_mutex_unix.slo
/usr/apr/1.6/build/amd64/libtool --silent --tag=CC --mode=link cc    -m64 -xO4 -xchip=generic -Ui386 -U__i386 -xregs=no%frameptr -mt     -m64    -o mod_fcgid.la -rpath /usr/apache2/2.4/libexec -module -avoid-version mod_fcgid.lo fcgid_bridge.lo fcgid_conf.lo fcgid_pm_main.lo fcgid_protocol.lo fcgid_spawn_ctl.lo  fcgid_proctbl_unix.lo fcgid_pm_unix.lo fcgid_proc_unix.lo fcgid_bucket.lo fcgid_filter.lo fcgid_mutex_unix.lo
make[2]: Leaving directory '/ws/userland/src/components/apache2-modules/mod_fcgid/build/apache24/amd64/modules/fcgid'
make[1]: Leaving directory '/ws/userland/src/components/apache2-modules/mod_fcgid/build/apache24/amd64'
/usr/bin/touch /ws/userland/src/components/apache2-modules/mod_fcgid/build/apache24/amd64/.built
(cd /ws/userland/src/components/apache2-modules/mod_fcgid/build/apache24/amd64 ; /usr/bin/env LD_OPTIONS="-M /usr/lib/ld/map.noexdata -M /usr/lib/ld/map.pagealign -Bdirect -zignore -zstrip-class=comment" LD_EXEC_OPTIONS=" -zsx=aslr=disable -zsx=nxstack=enable -zsx=nxheap=enable " LD_PIE_OPTIONS="-zsx=aslr=disable -zsx=nxstack=enable -zsx=nxheap=enable "  /usr/gnu/bin/make  DESTDIR=/ws/userland/src/components/apache2-modules/mod_fcgid/build/prototype/i386  install)
make[1]: Entering directory '/ws/userland/src/components/apache2-modules/mod_fcgid/build/apache24/amd64'
Making install in modules/fcgid
make[2]: Entering directory '/ws/userland/src/components/apache2-modules/mod_fcgid/build/apache24/amd64/modules/fcgid'
make[3]: Entering directory '/ws/userland/src/components/apache2-modules/mod_fcgid/build/apache24/amd64/modules/fcgid'
mkdir /ws/userland/src/components/apache2-modules/mod_fcgid/build/prototype
mkdir /ws/userland/src/components/apache2-modules/mod_fcgid/build/prototype/i386
mkdir /ws/userland/src/components/apache2-modules/mod_fcgid/build/prototype/i386/usr
mkdir /ws/userland/src/components/apache2-modules/mod_fcgid/build/prototype/i386/usr/apache2
mkdir /ws/userland/src/components/apache2-modules/mod_fcgid/build/prototype/i386/usr/apache2/2.4
mkdir /ws/userland/src/components/apache2-modules/mod_fcgid/build/prototype/i386/usr/apache2/2.4/libexec
/usr/apr/1.6/build/amd64/libtool --silent --tag=CC --mode=install cp mod_fcgid.la /ws/userland/src/components/apache2-modules/mod_fcgid/build/prototype/i386/usr/apache2/2.4/libexec/
libtool: warning: remember to run 'libtool --finish /usr/apache2/2.4/libexec'
make[3]: Leaving directory '/ws/userland/src/components/apache2-modules/mod_fcgid/build/apache24/amd64/modules/fcgid'
make[2]: Leaving directory '/ws/userland/src/components/apache2-modules/mod_fcgid/build/apache24/amd64/modules/fcgid'
make[2]: Entering directory '/ws/userland/src/components/apache2-modules/mod_fcgid/build/apache24/amd64'
Installing configuration files
mkdir /ws/userland/src/components/apache2-modules/mod_fcgid/build/prototype/i386/etc
mkdir /ws/userland/src/components/apache2-modules/mod_fcgid/build/prototype/i386/etc/apache2
mkdir /ws/userland/src/components/apache2-modules/mod_fcgid/build/prototype/i386/etc/apache2/2.4
mkdir /ws/userland/src/components/apache2-modules/mod_fcgid/build/prototype/i386/etc/apache2/2.4/original
for i in /ws/userland/src/components/apache2-modules/mod_fcgid/build/prototype/i386/etc/apache2/2.4/httpd.conf /ws/userland/src/components/apache2-modules/mod_fcgid/build/prototype/i386/etc/apache2/2.4/original/httpd.conf; do \
    if test -f $i; then \
	(gawk -f /ws/userland/src/components/apache2-modules/mod_fcgid/build/apache24/amd64/build/addloadexample.awk \
	    -v MODULE=fcgid -v DSO=.so -v LIBPATH=libexec \
	    < $i > $i.new && \
	 mv $i $i.bak && mv $i.new $i \
        ) || true; \
    fi; \
done
Installing online manual
mkdir /ws/userland/src/components/apache2-modules/mod_fcgid/build/prototype/i386/usr/apache2/2.4/manual
make[2]: Leaving directory '/ws/userland/src/components/apache2-modules/mod_fcgid/build/apache24/amd64'
make[1]: Leaving directory '/ws/userland/src/components/apache2-modules/mod_fcgid/build/apache24/amd64'
/usr/bin/touch /ws/userland/src/components/apache2-modules/mod_fcgid/build/apache24/amd64/.installed
abort: there is no Mercurial repository here (.hg not found)
/usr/bin/pkgfmt -c -fv2 apache-fcgid-24.p5m
/usr/bin/pkgmogrify -D PERL_ARCH=i86pc-solaris-thread-multi-64 -D PERL_VERSION=5.22 -D IPS_COMPONENT_RE_VERSION=2\\.3\\.9 -D COMPONENT_RE_VERSION=2\\.3\\.9 -D PYTHON_2.7_ONLY=# -D PYTHON_3.4_ONLY=# -D PYTHON_3.5_ONLY=# -D SQ=\' -D DQ=\" -D Q=\" -I/ws/userland/src/components/apache2-modules/mod_fcgid -D SOLARIS_11_3_ONLY="#" -D SOLARIS_11_5_ONLY="#" -D SOLARIS_11_3_4_ONLY="" -D SOLARIS_11_4_5_ONLY="" -D SOLARIS_11_4_ONLY="" -D ARC_CASE="" -D TPNO="8878" -D BUILD_VERSION="5.11-11.4.0.0.1.14.0" -D OS_RELEASE="5.11" -D SOLARIS_VERSION="2.11" -D PKG_SOLARIS_VERSION="11.4" -D CONSOLIDATION="userland" -D CONSOLIDATION_CHANGESET="" -D CONSOLIDATION_REPOSITORY_URL="https://github.com/oracle/solaris-userland.git" -D COMPONENT_VERSION="2.3.9" -D IPS_COMPONENT_VERSION="2.3.9" -D HUMAN_VERSION="" -D COMPONENT_ARCHIVE_URL="http://archive.apache.org/dist/httpd/mod_fcgid/mod_fcgid-2.3.9.tar.gz" -D COMPONENT_PROJECT_URL="http://httpd.apache.org/mod_fcgid/" -D COMPONENT_NAME="mod_fcgid" -D HG_REPO="" -D HG_REV="" -D HG_URL="" -D GIT_COMMIT_ID="" -D GIT_REPO="" -D GIT_TAG="" -D MACH="i386" -D MACH32="i86" -D MACH64="amd64" -D PUBLISHER="nightly" -D PUBLISHER_LOCALIZABLE="userland-localizable" apache-fcgid-24.p5m \
	/ws/userland/src/transforms/license-changes /ws/userland/src/transforms/variant-cleanup /ws/userland/src/transforms/autopyc /ws/userland/src/transforms/defaults /ws/userland/src/transforms/actuators /ws/userland/src/transforms/depends /ws/userland/src/transforms/devel /ws/userland/src/transforms/docs /ws/userland/src/transforms/locale /ws/userland/src/transforms/standard-python-libraries /ws/userland/src/transforms/python-rename /ws/userland/src/transforms/python-3-groups /ws/userland/src/transforms/python-3-soabi /ws/userland/src/transforms/python-3-no-32bit /ws/userland/src/transforms/ruby-tests /ws/userland/src/transforms/puppet /ws/userland/src/transforms/libtool-drop /ws/userland/src/transforms/incorporate /ws/userland/src/transforms/publish-cleanup | \
	sed -e '/^$/d' -e '/^#.*$/d' | uniq >/ws/userland/src/components/apache2-modules/mod_fcgid/build/manifest-i386-apache-fcgid-24.mogrified
/bin/mkdir -p /ws/userland/src/components/apache2-modules/mod_fcgid/build/prototype/i386/mangled
/ws/userland/src/tools/userland-mangler -D /ws/userland/src/components/apache2-modules/mod_fcgid/build/prototype/i386/mangled -d /ws/userland/src/components/apache2-modules/mod_fcgid/build/prototype/i386/mangled -d /ws/userland/src/components/apache2-modules/mod_fcgid/build/prototype/i386 -d /ws/userland/src/components/apache2-modules/mod_fcgid/build -d /ws/userland/src/components/apache2-modules/mod_fcgid -d mod_fcgid-2.3.9 -d /ws/userland/src/licenses -m /ws/userland/src/components/apache2-modules/mod_fcgid/build/manifest-i386-apache-fcgid-24.mogrified >/ws/userland/src/components/apache2-modules/mod_fcgid/build/manifest-i386-apache-fcgid-24.mangled
/usr/bin/env  /usr/bin/pkgdepend generate \
    -m -d /ws/userland/src/components/apache2-modules/mod_fcgid/build/prototype/i386/mangled -d /ws/userland/src/components/apache2-modules/mod_fcgid/build/prototype/i386 -d /ws/userland/src/components/apache2-modules/mod_fcgid/build -d /ws/userland/src/components/apache2-modules/mod_fcgid -d mod_fcgid-2.3.9 -d /ws/userland/src/licenses /ws/userland/src/components/apache2-modules/mod_fcgid/build/manifest-i386-apache-fcgid-24.mangled >/ws/userland/src/components/apache2-modules/mod_fcgid/build/manifest-i386-apache-fcgid-24.depend
/usr/bin/nawk -v TARGET=web---server---apache-22---module---apache-fcgid.p5m -v FUNCTION=manifest -f /ws/userland/src/tools/generate-history < history > /ws/userland/src/components/apache2-modules/mod_fcgid/build/manifest-i386-web---server---apache-22---module---apache-fcgid.p5m
abort: there is no Mercurial repository here (.hg not found)
/usr/bin/pkgmogrify -D PERL_ARCH=i86pc-solaris-thread-multi-64 -D PERL_VERSION=5.22 -D IPS_COMPONENT_RE_VERSION=2\\.3\\.9 -D COMPONENT_RE_VERSION=2\\.3\\.9 -D PYTHON_2.7_ONLY=# -D PYTHON_3.4_ONLY=# -D PYTHON_3.5_ONLY=# -D SQ=\' -D DQ=\" -D Q=\" -I/ws/userland/src/components/apache2-modules/mod_fcgid -D SOLARIS_11_3_ONLY="#" -D SOLARIS_11_5_ONLY="#" -D SOLARIS_11_3_4_ONLY="" -D SOLARIS_11_4_5_ONLY="" -D SOLARIS_11_4_ONLY="" -D ARC_CASE="" -D TPNO="8878" -D BUILD_VERSION="5.11-11.4.0.0.1.14.0" -D OS_RELEASE="5.11" -D SOLARIS_VERSION="2.11" -D PKG_SOLARIS_VERSION="11.4" -D CONSOLIDATION="userland" -D CONSOLIDATION_CHANGESET="" -D CONSOLIDATION_REPOSITORY_URL="https://github.com/oracle/solaris-userland.git" -D COMPONENT_VERSION="2.3.9" -D IPS_COMPONENT_VERSION="2.3.9" -D HUMAN_VERSION="" -D COMPONENT_ARCHIVE_URL="http://archive.apache.org/dist/httpd/mod_fcgid/mod_fcgid-2.3.9.tar.gz" -D COMPONENT_PROJECT_URL="http://httpd.apache.org/mod_fcgid/" -D COMPONENT_NAME="mod_fcgid" -D HG_REPO="" -D HG_REV="" -D HG_URL="" -D GIT_COMMIT_ID="" -D GIT_REPO="" -D GIT_TAG="" -D MACH="i386" -D MACH32="i86" -D MACH64="amd64" -D PUBLISHER="nightly" -D PUBLISHER_LOCALIZABLE="userland-localizable" /ws/userland/src/components/apache2-modules/mod_fcgid/build/manifest-i386-web---server---apache-22---module---apache-fcgid.p5m \
	/ws/userland/src/transforms/license-changes /ws/userland/src/transforms/variant-cleanup /ws/userland/src/transforms/autopyc /ws/userland/src/transforms/defaults /ws/userland/src/transforms/actuators /ws/userland/src/transforms/depends /ws/userland/src/transforms/devel /ws/userland/src/transforms/docs /ws/userland/src/transforms/locale /ws/userland/src/transforms/standard-python-libraries /ws/userland/src/transforms/python-rename /ws/userland/src/transforms/python-3-groups /ws/userland/src/transforms/python-3-soabi /ws/userland/src/transforms/python-3-no-32bit /ws/userland/src/transforms/ruby-tests /ws/userland/src/transforms/puppet /ws/userland/src/transforms/libtool-drop /ws/userland/src/transforms/incorporate /ws/userland/src/transforms/publish-cleanup | \
	sed -e '/^$/d' -e '/^#.*$/d' | uniq >/ws/userland/src/components/apache2-modules/mod_fcgid/build/manifest-i386-web---server---apache-22---module---apache-fcgid.mogrified
/ws/userland/src/tools/userland-mangler -D /ws/userland/src/components/apache2-modules/mod_fcgid/build/prototype/i386/mangled -d /ws/userland/src/components/apache2-modules/mod_fcgid/build/prototype/i386/mangled -d /ws/userland/src/components/apache2-modules/mod_fcgid/build/prototype/i386 -d /ws/userland/src/components/apache2-modules/mod_fcgid/build -d /ws/userland/src/components/apache2-modules/mod_fcgid -d mod_fcgid-2.3.9 -d /ws/userland/src/licenses -m /ws/userland/src/components/apache2-modules/mod_fcgid/build/manifest-i386-web---server---apache-22---module---apache-fcgid.mogrified >/ws/userland/src/components/apache2-modules/mod_fcgid/build/manifest-i386-web---server---apache-22---module---apache-fcgid.mangled
/usr/bin/env  /usr/bin/pkgdepend generate \
    -m -d /ws/userland/src/components/apache2-modules/mod_fcgid/build/prototype/i386/mangled -d /ws/userland/src/components/apache2-modules/mod_fcgid/build/prototype/i386 -d /ws/userland/src/components/apache2-modules/mod_fcgid/build -d /ws/userland/src/components/apache2-modules/mod_fcgid -d mod_fcgid-2.3.9 -d /ws/userland/src/licenses /ws/userland/src/components/apache2-modules/mod_fcgid/build/manifest-i386-web---server---apache-22---module---apache-fcgid.mangled >/ws/userland/src/components/apache2-modules/mod_fcgid/build/manifest-i386-web---server---apache-22---module---apache-fcgid.depend
/usr/bin/pkgdepend resolve -e /ws/userland/src/components/apache2-modules/mod_fcgid/build/resolve.deps -m /ws/userland/src/components/apache2-modules/mod_fcgid/build/manifest-i386-apache-fcgid-24.depend /ws/userland/src/components/apache2-modules/mod_fcgid/build/manifest-i386-web---server---apache-22---module---apache-fcgid.depend
/usr/bin/touch /ws/userland/src/components/apache2-modules/mod_fcgid/build/.resolved-i386
VALIDATING MANIFEST CONTENT: /ws/userland/src/components/apache2-modules/mod_fcgid/build/manifest-i386-apache-fcgid-24.depend.res /ws/userland/src/components/apache2-modules/mod_fcgid/build/manifest-i386-web---server---apache-22---module---apache-fcgid.depend.res
/usr/bin/env PYTHONPATH=/ws/userland/src/tools/python PROTO_PATH="/ws/userland/src/components/apache2-modules/mod_fcgid/build/prototype/i386/mangled /ws/userland/src/components/apache2-modules/mod_fcgid/build/prototype/i386 /ws/userland/src/components/apache2-modules/mod_fcgid/build /ws/userland/src/components/apache2-modules/mod_fcgid mod_fcgid-2.3.9 /ws/userland/src/licenses"\
	SOLARIS_VERSION=2.11\
	/bin/true -c /ws/userland/src/i386/pkglint-cache \
		-f /ws/userland/src/tools/pkglintrc /ws/userland/src/components/apache2-modules/mod_fcgid/build/manifest-i386-apache-fcgid-24.depend.res /ws/userland/src/components/apache2-modules/mod_fcgid/build/manifest-i386-web---server---apache-22---module---apache-fcgid.depend.res
/usr/bin/touch /ws/userland/src/components/apache2-modules/mod_fcgid/build/.linted-i386
/usr/bin/pkgsend -s file:/ws/userland/src/i386/repo publish --fmri-in-manifest --no-catalog -d /ws/userland/src/components/apache2-modules/mod_fcgid/build/prototype/i386/mangled -d /ws/userland/src/components/apache2-modules/mod_fcgid/build/prototype/i386 -d /ws/userland/src/components/apache2-modules/mod_fcgid/build -d /ws/userland/src/components/apache2-modules/mod_fcgid -d mod_fcgid-2.3.9 -d /ws/userland/src/licenses -T \*.py /ws/userland/src/components/apache2-modules/mod_fcgid/build/manifest-i386-apache-fcgid-24.depend.res
pkg://nightly/web/server/apache-24/module/apache-fcgid@2.3.9,5.11-11.4.0.0.1.14.0:20190727T162818Z
PUBLISHED
/usr/bin/pkgfmt </ws/userland/src/components/apache2-modules/mod_fcgid/build/manifest-i386-apache-fcgid-24.depend.res >/ws/userland/src/components/apache2-modules/mod_fcgid/build/manifest-i386-apache-fcgid-24.published
/usr/bin/pkgsend -s file:/ws/userland/src/i386/repo publish --fmri-in-manifest --no-catalog -d /ws/userland/src/components/apache2-modules/mod_fcgid/build/prototype/i386/mangled -d /ws/userland/src/components/apache2-modules/mod_fcgid/build/prototype/i386 -d /ws/userland/src/components/apache2-modules/mod_fcgid/build -d /ws/userland/src/components/apache2-modules/mod_fcgid -d mod_fcgid-2.3.9 -d /ws/userland/src/licenses -T \*.py /ws/userland/src/components/apache2-modules/mod_fcgid/build/manifest-i386-web---server---apache-22---module---apache-fcgid.depend.res
pkg://nightly/web/server/apache-22/module/apache-fcgid@2.3.9,5.11-11.4.0.0.1.9.0:20190727T162819Z
PUBLISHED
/usr/bin/pkgfmt </ws/userland/src/components/apache2-modules/mod_fcgid/build/manifest-i386-web---server---apache-22---module---apache-fcgid.depend.res >/ws/userland/src/components/apache2-modules/mod_fcgid/build/manifest-i386-web---server---apache-22---module---apache-fcgid.published
/usr/bin/touch /ws/userland/src/components/apache2-modules/mod_fcgid/build/.published-i386
gmake: Leaving directory '/ws/userland/src/components/apache2-modules/mod_fcgid'

real       12.2
user        6.6
sys         2.3
