gmake: Entering directory '/ws/userland/src/components/apache2-modules/mod_jk'
/bin/rm -f -r /ws/userland/src/components/apache2-modules/mod_jk/tomcat-connectors-1.2.42-src
/usr/bin/env RUBY_VERSION=2.1 /ws/userland/src/tools/userland-unpack  tomcat-connectors-1.2.42-src.tar.gz
/usr/bin/touch /ws/userland/src/components/apache2-modules/mod_jk/tomcat-connectors-1.2.42-src/.unpacked
/usr/bin/touch /ws/userland/src/components/apache2-modules/mod_jk/tomcat-connectors-1.2.42-src/.prep
(/bin/rm -f -rf /ws/userland/src/components/apache2-modules/mod_jk/build/apache24/amd64 ; /bin/mkdir -p /ws/userland/src/components/apache2-modules/mod_jk/build/apache24/amd64)
(cd /ws/userland/src/components/apache2-modules/mod_jk/build/apache24/amd64 ; /usr/bin/env CONFIG_SHELL="/bin/bash" PKG_CONFIG_PATH="/usr/lib/amd64/pkgconfig" CC="/opt/solarisstudio12.4/bin/cc" CXX="/opt/solarisstudio12.4/bin/CC" PATH="/usr/bin/amd64:/opt/solarisstudio12.4/bin:/usr/bin:/usr/gnu/bin" CC_FOR_BUILD="/opt/solarisstudio12.4/bin/cc -m64" CXX_FOR_BUILD="/opt/solarisstudio12.4/bin/CC -m64" CPPFLAGS="-m64" "ac_cv_func_realloc_0_nonnull=yes" "NM=/usr/gnu/bin/nm" INTLTOOL_PERL="/usr/perl5/5.22/bin/perl" CFLAGS="-m64 -xO4 -xchip=generic -Ui386 -U__i386 -xregs=no%frameptr -mt" CXXFLAGS="-norunpath -m64 -xO4 -xchip=generic -Ui386 -U__i386 -xregs=no%frameptr" LDFLAGS="" /bin/bash \
	/ws/userland/src/components/apache2-modules/mod_jk/tomcat-connectors-1.2.42-src/native/configure --prefix=/usr    --with-apxs=/usr/apache2/2.4/bin/apxs)
checking build system type... x86_64-pc-solaris2.11
checking host system type... x86_64-pc-solaris2.11
checking target system type... x86_64-pc-solaris2.11
checking for a BSD-compatible install... /usr/bin/ginstall -c
checking whether build environment is sane... yes
checking for a thread-safe mkdir -p... /usr/bin/gmkdir -p
checking for gawk... gawk
checking whether make sets $(MAKE)... yes
checking whether make supports nested variables... yes
checking for test... /usr/bin/test
checking for grep... /usr/bin/grep
checking for echo... /usr/bin/echo
checking for sed... /usr/bin/sed
checking for cp... /usr/bin/cp
checking for mkdir... /usr/bin/mkdir
need to check for Perl first, apxs depends on it...
checking for perl... /usr/bin/perl
APRINCLUDEDIR is  -I/usr/apr/1.6/include -I/usr/apr-util/1.6/include
building connector for "apache-2.0"
checking for gcc... /opt/solarisstudio12.4/bin/cc
checking whether the C compiler works... yes
checking for C compiler default output file name... a.out
checking for suffix of executables... 
checking whether we are cross compiling... no
checking for suffix of object files... o
checking whether we are using the GNU C compiler... no
checking whether /opt/solarisstudio12.4/bin/cc accepts -g... yes
checking for /opt/solarisstudio12.4/bin/cc option to accept ISO C89... none needed
checking whether /opt/solarisstudio12.4/bin/cc understands -c and -o together... yes
checking for style of include used by make... GNU
checking dependency style of /opt/solarisstudio12.4/bin/cc... none
checking for a sed that does not truncate output... (cached) /usr/bin/sed
checking for grep that handles long lines and -e... (cached) /usr/bin/grep
checking for egrep... /usr/gnu/bin/egrep
checking for fgrep... /usr/gnu/bin/fgrep
checking how to print strings... print -r
checking for non-GNU ld... /usr/bin/amd64/ld
checking if the linker (/usr/bin/amd64/ld) is GNU ld... no
checking for BSD- or MS-compatible name lister (nm)... /usr/gnu/bin/nm
checking the name lister (/usr/gnu/bin/nm) interface... BSD nm
checking whether ln -s works... yes
checking the maximum length of command line arguments... 1572480
checking how to convert x86_64-pc-solaris2.11 file names to x86_64-pc-solaris2.11 format... func_convert_file_noop
checking how to convert x86_64-pc-solaris2.11 file names to toolchain format... func_convert_file_noop
checking for /usr/bin/amd64/ld option to reload object files... -r
checking for objdump... objdump
checking how to recognize dependent libraries... pass_all
checking for dlltool... no
checking how to associate runtime and link libraries... print -r --
checking for ar... ar
checking for archiver @FILE support... no
checking for strip... strip
checking for ranlib... ranlib
checking command to parse /usr/gnu/bin/nm output from /opt/solarisstudio12.4/bin/cc object... ok
checking for sysroot... no
checking for a working dd... /usr/bin/dd
checking how to truncate binary pipes... /usr/bin/dd bs=4096 count=1
checking for mt... mt
checking if mt is a manifest tool... no
checking how to run the C preprocessor... /opt/solarisstudio12.4/bin/cc -E
checking for ANSI C header files... yes
checking for sys/types.h... yes
checking for sys/stat.h... yes
checking for stdlib.h... yes
checking for string.h... yes
checking for memory.h... yes
checking for strings.h... yes
checking for inttypes.h... yes
checking for stdint.h... yes
checking for unistd.h... yes
checking for dlfcn.h... yes
checking for objdir... .libs
checking for /opt/solarisstudio12.4/bin/cc option to produce PIC... -KPIC -DPIC
checking if /opt/solarisstudio12.4/bin/cc PIC flag -KPIC -DPIC works... yes
checking if /opt/solarisstudio12.4/bin/cc static flag -Bstatic works... yes
checking if /opt/solarisstudio12.4/bin/cc supports -c -o file.o... yes
checking if /opt/solarisstudio12.4/bin/cc supports -c -o file.o... (cached) yes
checking whether the /opt/solarisstudio12.4/bin/cc linker (/usr/bin/amd64/ld -64) supports shared libraries... yes
checking dynamic linker characteristics... solaris2.11 ld.so
checking how to hardcode library paths into programs... immediate
checking for shl_load... no
checking for shl_load in -ldld... no
checking for dlopen... yes
checking whether a program can dlopen itself... yes
checking whether a statically linked program can dlopen itself... yes
checking whether stripping libraries is possible... no
checking if libtool supports shared libraries... yes
checking whether to build shared libraries... yes
checking whether to build static libraries... yes
LIBTOOL="/usr/apr/1.6/build/amd64/libtool --silent --tag=CC"
checking size of char... 1
checking size of int... 4
checking size of long... 8
checking size of short... 2
checking size of long double... 16
checking size of long long... 8
checking size of longlong... 0
checking size of pid_t... 4
checking size of pthread_t... 4
checking for snprintf... yes
checking for vsnprintf... yes
checking for flock... no
checking for setsockopt in -lsocket... yes
checking sys/filio.h usability... yes
checking sys/filio.h presence... yes
checking for sys/filio.h... yes
checking whether to use SO_RCVTIMEO with setsockopt()... yes
checking whether to use SO_SNDTIMEO with setsockopt()... yes
checking whether to use SOCK_CLOEXEC with socket()... yes
checking poll.h usability... yes
checking poll.h presence... yes
checking for poll.h... yes
checking for poll... yes
checking netinet/in.h usability... yes
checking netinet/in.h presence... yes
checking for netinet/in.h... yes
checking netdb.h usability... yes
checking netdb.h presence... yes
checking for netdb.h... yes
checking for IPv6 with socket()... yes
checking for struct sockaddr_storage... yes
checking for getaddrinfo... yes
checking for gethostbyname_r... yes
checking whether the compiler provides atomic builtins... yes
checking for target platform... unix
no apache given
no netscape given
configure: tokens in APXSLDFLAGS have been prefixed with '-Wl,'
checking that generated files are newer than configure... done
configure: creating ./config.status
config.status: creating Makefile
config.status: creating apache-1.3/Makefile
config.status: creating apache-1.3/Makefile.apxs
config.status: creating apache-2.0/Makefile
config.status: creating apache-2.0/Makefile.apxs
config.status: creating common/Makefile
config.status: creating common/list.mk
config.status: creating common/jk_types.h
config.status: creating common/config.h
config.status: executing depfiles commands
config.status: executing libtool commands
configure: WARNING: ===========================================
configure: WARNING: Using CC from environment:
configure: WARNING:     CC="/opt/solarisstudio12.4/bin/cc"
configure: WARNING: instead of CC from apxs:
configure: WARNING:     CC="cc"
configure: WARNING: If "make" throws an error of the form
configure: WARNING:     "libtool: compile: unable to infer tagged configuration"
configure: WARNING:     "libtool: compile: specify a tag with `--tag'"
configure: WARNING: try running configure without setting CC,
configure: WARNING: or at least CC should start with "cc"
configure: WARNING: ===========================================
/usr/bin/touch /ws/userland/src/components/apache2-modules/mod_jk/build/apache24/amd64/.configured
(cd /ws/userland/src/components/apache2-modules/mod_jk/build/apache24/amd64 ; /usr/bin/env LD_OPTIONS="-M /usr/lib/ld/map.noexdata -M /usr/lib/ld/map.pagealign -Bdirect -zignore -zstrip-class=comment" LD_EXEC_OPTIONS=" -zsx=aslr=disable -zsx=nxstack=enable -zsx=nxheap=enable " LD_PIE_OPTIONS="-zsx=aslr=disable -zsx=nxstack=enable -zsx=nxheap=enable "  PKG_CONFIG_PATH="/usr/lib/amd64/pkgconfig" "ac_cv_func_realloc_0_nonnull=yes" INTLTOOL_PERL="/usr/perl5/5.22/bin/perl" \
	/usr/gnu/bin/make  )
make[1]: Entering directory '/ws/userland/src/components/apache2-modules/mod_jk/build/apache24/amd64'
Making all in common
make[2]: Entering directory '/ws/userland/src/components/apache2-modules/mod_jk/build/apache24/amd64/common'
/usr/apr/1.6/build/amd64/libtool --silent --tag=CC --mode=compile /opt/solarisstudio12.4/bin/cc -I. -I/usr/apache2/2.4/include -m64 -xO4 -xchip=generic -Ui386 -U__i386 -xregs=no%frameptr -mt -DHAVE_CONFIG_H -m64 -xO4 -xchip=generic -Ui386 -U__i386 -xregs=no%frameptr -mt  -DHAVE_APR  -I/usr/apr/1.6/include -I/usr/apr-util/1.6/include -m64 -xO4 -xchip=generic -Ui386 -U__i386 -xregs=no%frameptr -mt -DHAVE_CONFIG_H -DSOLARIS2=11 -D_POSIX_PTHREAD_SEMANTICS -D_REENTRANT -D_LARGEFILE_SOURCE -D_FILE_OFFSET_BITS=64 -c /ws/userland/src/components/apache2-modules/mod_jk/tomcat-connectors-1.2.42-src/native/common/jk_ajp12_worker.c -o jk_ajp12_worker.lo
/usr/apr/1.6/build/amd64/libtool --silent --tag=CC --mode=compile /opt/solarisstudio12.4/bin/cc -I. -I/usr/apache2/2.4/include -m64 -xO4 -xchip=generic -Ui386 -U__i386 -xregs=no%frameptr -mt -DHAVE_CONFIG_H -m64 -xO4 -xchip=generic -Ui386 -U__i386 -xregs=no%frameptr -mt  -DHAVE_APR  -I/usr/apr/1.6/include -I/usr/apr-util/1.6/include -m64 -xO4 -xchip=generic -Ui386 -U__i386 -xregs=no%frameptr -mt -DHAVE_CONFIG_H -DSOLARIS2=11 -D_POSIX_PTHREAD_SEMANTICS -D_REENTRANT -D_LARGEFILE_SOURCE -D_FILE_OFFSET_BITS=64 -c /ws/userland/src/components/apache2-modules/mod_jk/tomcat-connectors-1.2.42-src/native/common/jk_connect.c -o jk_connect.lo
/usr/apr/1.6/build/amd64/libtool --silent --tag=CC --mode=compile /opt/solarisstudio12.4/bin/cc -I. -I/usr/apache2/2.4/include -m64 -xO4 -xchip=generic -Ui386 -U__i386 -xregs=no%frameptr -mt -DHAVE_CONFIG_H -m64 -xO4 -xchip=generic -Ui386 -U__i386 -xregs=no%frameptr -mt  -DHAVE_APR  -I/usr/apr/1.6/include -I/usr/apr-util/1.6/include -m64 -xO4 -xchip=generic -Ui386 -U__i386 -xregs=no%frameptr -mt -DHAVE_CONFIG_H -DSOLARIS2=11 -D_POSIX_PTHREAD_SEMANTICS -D_REENTRANT -D_LARGEFILE_SOURCE -D_FILE_OFFSET_BITS=64 -c /ws/userland/src/components/apache2-modules/mod_jk/tomcat-connectors-1.2.42-src/native/common/jk_msg_buff.c -o jk_msg_buff.lo
/usr/apr/1.6/build/amd64/libtool --silent --tag=CC --mode=compile /opt/solarisstudio12.4/bin/cc -I. -I/usr/apache2/2.4/include -m64 -xO4 -xchip=generic -Ui386 -U__i386 -xregs=no%frameptr -mt -DHAVE_CONFIG_H -m64 -xO4 -xchip=generic -Ui386 -U__i386 -xregs=no%frameptr -mt  -DHAVE_APR  -I/usr/apr/1.6/include -I/usr/apr-util/1.6/include -m64 -xO4 -xchip=generic -Ui386 -U__i386 -xregs=no%frameptr -mt -DHAVE_CONFIG_H -DSOLARIS2=11 -D_POSIX_PTHREAD_SEMANTICS -D_REENTRANT -D_LARGEFILE_SOURCE -D_FILE_OFFSET_BITS=64 -c /ws/userland/src/components/apache2-modules/mod_jk/tomcat-connectors-1.2.42-src/native/common/jk_util.c -o jk_util.lo
/usr/apr/1.6/build/amd64/libtool --silent --tag=CC --mode=compile /opt/solarisstudio12.4/bin/cc -I. -I/usr/apache2/2.4/include -m64 -xO4 -xchip=generic -Ui386 -U__i386 -xregs=no%frameptr -mt -DHAVE_CONFIG_H -m64 -xO4 -xchip=generic -Ui386 -U__i386 -xregs=no%frameptr -mt  -DHAVE_APR  -I/usr/apr/1.6/include -I/usr/apr-util/1.6/include -m64 -xO4 -xchip=generic -Ui386 -U__i386 -xregs=no%frameptr -mt -DHAVE_CONFIG_H -DSOLARIS2=11 -D_POSIX_PTHREAD_SEMANTICS -D_REENTRANT -D_LARGEFILE_SOURCE -D_FILE_OFFSET_BITS=64 -c /ws/userland/src/components/apache2-modules/mod_jk/tomcat-connectors-1.2.42-src/native/common/jk_ajp13.c -o jk_ajp13.lo
/usr/apr/1.6/build/amd64/libtool --silent --tag=CC --mode=compile /opt/solarisstudio12.4/bin/cc -I. -I/usr/apache2/2.4/include -m64 -xO4 -xchip=generic -Ui386 -U__i386 -xregs=no%frameptr -mt -DHAVE_CONFIG_H -m64 -xO4 -xchip=generic -Ui386 -U__i386 -xregs=no%frameptr -mt  -DHAVE_APR  -I/usr/apr/1.6/include -I/usr/apr-util/1.6/include -m64 -xO4 -xchip=generic -Ui386 -U__i386 -xregs=no%frameptr -mt -DHAVE_CONFIG_H -DSOLARIS2=11 -D_POSIX_PTHREAD_SEMANTICS -D_REENTRANT -D_LARGEFILE_SOURCE -D_FILE_OFFSET_BITS=64 -c /ws/userland/src/components/apache2-modules/mod_jk/tomcat-connectors-1.2.42-src/native/common/jk_pool.c -o jk_pool.lo
/usr/apr/1.6/build/amd64/libtool --silent --tag=CC --mode=compile /opt/solarisstudio12.4/bin/cc -I. -I/usr/apache2/2.4/include -m64 -xO4 -xchip=generic -Ui386 -U__i386 -xregs=no%frameptr -mt -DHAVE_CONFIG_H -m64 -xO4 -xchip=generic -Ui386 -U__i386 -xregs=no%frameptr -mt  -DHAVE_APR  -I/usr/apr/1.6/include -I/usr/apr-util/1.6/include -m64 -xO4 -xchip=generic -Ui386 -U__i386 -xregs=no%frameptr -mt -DHAVE_CONFIG_H -DSOLARIS2=11 -D_POSIX_PTHREAD_SEMANTICS -D_REENTRANT -D_LARGEFILE_SOURCE -D_FILE_OFFSET_BITS=64 -c /ws/userland/src/components/apache2-modules/mod_jk/tomcat-connectors-1.2.42-src/native/common/jk_worker.c -o jk_worker.lo
/usr/apr/1.6/build/amd64/libtool --silent --tag=CC --mode=compile /opt/solarisstudio12.4/bin/cc -I. -I/usr/apache2/2.4/include -m64 -xO4 -xchip=generic -Ui386 -U__i386 -xregs=no%frameptr -mt -DHAVE_CONFIG_H -m64 -xO4 -xchip=generic -Ui386 -U__i386 -xregs=no%frameptr -mt  -DHAVE_APR  -I/usr/apr/1.6/include -I/usr/apr-util/1.6/include -m64 -xO4 -xchip=generic -Ui386 -U__i386 -xregs=no%frameptr -mt -DHAVE_CONFIG_H -DSOLARIS2=11 -D_POSIX_PTHREAD_SEMANTICS -D_REENTRANT -D_LARGEFILE_SOURCE -D_FILE_OFFSET_BITS=64 -c /ws/userland/src/components/apache2-modules/mod_jk/tomcat-connectors-1.2.42-src/native/common/jk_ajp13_worker.c -o jk_ajp13_worker.lo
/usr/apr/1.6/build/amd64/libtool --silent --tag=CC --mode=compile /opt/solarisstudio12.4/bin/cc -I. -I/usr/apache2/2.4/include -m64 -xO4 -xchip=generic -Ui386 -U__i386 -xregs=no%frameptr -mt -DHAVE_CONFIG_H -m64 -xO4 -xchip=generic -Ui386 -U__i386 -xregs=no%frameptr -mt  -DHAVE_APR  -I/usr/apr/1.6/include -I/usr/apr-util/1.6/include -m64 -xO4 -xchip=generic -Ui386 -U__i386 -xregs=no%frameptr -mt -DHAVE_CONFIG_H -DSOLARIS2=11 -D_POSIX_PTHREAD_SEMANTICS -D_REENTRANT -D_LARGEFILE_SOURCE -D_FILE_OFFSET_BITS=64 -c /ws/userland/src/components/apache2-modules/mod_jk/tomcat-connectors-1.2.42-src/native/common/jk_lb_worker.c -o jk_lb_worker.lo
/usr/apr/1.6/build/amd64/libtool --silent --tag=CC --mode=compile /opt/solarisstudio12.4/bin/cc -I. -I/usr/apache2/2.4/include -m64 -xO4 -xchip=generic -Ui386 -U__i386 -xregs=no%frameptr -mt -DHAVE_CONFIG_H -m64 -xO4 -xchip=generic -Ui386 -U__i386 -xregs=no%frameptr -mt  -DHAVE_APR  -I/usr/apr/1.6/include -I/usr/apr-util/1.6/include -m64 -xO4 -xchip=generic -Ui386 -U__i386 -xregs=no%frameptr -mt -DHAVE_CONFIG_H -DSOLARIS2=11 -D_POSIX_PTHREAD_SEMANTICS -D_REENTRANT -D_LARGEFILE_SOURCE -D_FILE_OFFSET_BITS=64 -c /ws/userland/src/components/apache2-modules/mod_jk/tomcat-connectors-1.2.42-src/native/common/jk_sockbuf.c -o jk_sockbuf.lo
/usr/apr/1.6/build/amd64/libtool --silent --tag=CC --mode=compile /opt/solarisstudio12.4/bin/cc -I. -I/usr/apache2/2.4/include -m64 -xO4 -xchip=generic -Ui386 -U__i386 -xregs=no%frameptr -mt -DHAVE_CONFIG_H -m64 -xO4 -xchip=generic -Ui386 -U__i386 -xregs=no%frameptr -mt  -DHAVE_APR  -I/usr/apr/1.6/include -I/usr/apr-util/1.6/include -m64 -xO4 -xchip=generic -Ui386 -U__i386 -xregs=no%frameptr -mt -DHAVE_CONFIG_H -DSOLARIS2=11 -D_POSIX_PTHREAD_SEMANTICS -D_REENTRANT -D_LARGEFILE_SOURCE -D_FILE_OFFSET_BITS=64 -c /ws/userland/src/components/apache2-modules/mod_jk/tomcat-connectors-1.2.42-src/native/common/jk_map.c -o jk_map.lo
/usr/apr/1.6/build/amd64/libtool --silent --tag=CC --mode=compile /opt/solarisstudio12.4/bin/cc -I. -I/usr/apache2/2.4/include -m64 -xO4 -xchip=generic -Ui386 -U__i386 -xregs=no%frameptr -mt -DHAVE_CONFIG_H -m64 -xO4 -xchip=generic -Ui386 -U__i386 -xregs=no%frameptr -mt  -DHAVE_APR  -I/usr/apr/1.6/include -I/usr/apr-util/1.6/include -m64 -xO4 -xchip=generic -Ui386 -U__i386 -xregs=no%frameptr -mt -DHAVE_CONFIG_H -DSOLARIS2=11 -D_POSIX_PTHREAD_SEMANTICS -D_REENTRANT -D_LARGEFILE_SOURCE -D_FILE_OFFSET_BITS=64 -c /ws/userland/src/components/apache2-modules/mod_jk/tomcat-connectors-1.2.42-src/native/common/jk_uri_worker_map.c -o jk_uri_worker_map.lo
/usr/apr/1.6/build/amd64/libtool --silent --tag=CC --mode=compile /opt/solarisstudio12.4/bin/cc -I. -I/usr/apache2/2.4/include -m64 -xO4 -xchip=generic -Ui386 -U__i386 -xregs=no%frameptr -mt -DHAVE_CONFIG_H -m64 -xO4 -xchip=generic -Ui386 -U__i386 -xregs=no%frameptr -mt  -DHAVE_APR  -I/usr/apr/1.6/include -I/usr/apr-util/1.6/include -m64 -xO4 -xchip=generic -Ui386 -U__i386 -xregs=no%frameptr -mt -DHAVE_CONFIG_H -DSOLARIS2=11 -D_POSIX_PTHREAD_SEMANTICS -D_REENTRANT -D_LARGEFILE_SOURCE -D_FILE_OFFSET_BITS=64 -c /ws/userland/src/components/apache2-modules/mod_jk/tomcat-connectors-1.2.42-src/native/common/jk_ajp14.c -o jk_ajp14.lo
/usr/apr/1.6/build/amd64/libtool --silent --tag=CC --mode=compile /opt/solarisstudio12.4/bin/cc -I. -I/usr/apache2/2.4/include -m64 -xO4 -xchip=generic -Ui386 -U__i386 -xregs=no%frameptr -mt -DHAVE_CONFIG_H -m64 -xO4 -xchip=generic -Ui386 -U__i386 -xregs=no%frameptr -mt  -DHAVE_APR  -I/usr/apr/1.6/include -I/usr/apr-util/1.6/include -m64 -xO4 -xchip=generic -Ui386 -U__i386 -xregs=no%frameptr -mt -DHAVE_CONFIG_H -DSOLARIS2=11 -D_POSIX_PTHREAD_SEMANTICS -D_REENTRANT -D_LARGEFILE_SOURCE -D_FILE_OFFSET_BITS=64 -c /ws/userland/src/components/apache2-modules/mod_jk/tomcat-connectors-1.2.42-src/native/common/jk_ajp14_worker.c -o jk_ajp14_worker.lo
/usr/apr/1.6/build/amd64/libtool --silent --tag=CC --mode=compile /opt/solarisstudio12.4/bin/cc -I. -I/usr/apache2/2.4/include -m64 -xO4 -xchip=generic -Ui386 -U__i386 -xregs=no%frameptr -mt -DHAVE_CONFIG_H -m64 -xO4 -xchip=generic -Ui386 -U__i386 -xregs=no%frameptr -mt  -DHAVE_APR  -I/usr/apr/1.6/include -I/usr/apr-util/1.6/include -m64 -xO4 -xchip=generic -Ui386 -U__i386 -xregs=no%frameptr -mt -DHAVE_CONFIG_H -DSOLARIS2=11 -D_POSIX_PTHREAD_SEMANTICS -D_REENTRANT -D_LARGEFILE_SOURCE -D_FILE_OFFSET_BITS=64 -c /ws/userland/src/components/apache2-modules/mod_jk/tomcat-connectors-1.2.42-src/native/common/jk_md5.c -o jk_md5.lo
/usr/apr/1.6/build/amd64/libtool --silent --tag=CC --mode=compile /opt/solarisstudio12.4/bin/cc -I. -I/usr/apache2/2.4/include -m64 -xO4 -xchip=generic -Ui386 -U__i386 -xregs=no%frameptr -mt -DHAVE_CONFIG_H -m64 -xO4 -xchip=generic -Ui386 -U__i386 -xregs=no%frameptr -mt  -DHAVE_APR  -I/usr/apr/1.6/include -I/usr/apr-util/1.6/include -m64 -xO4 -xchip=generic -Ui386 -U__i386 -xregs=no%frameptr -mt -DHAVE_CONFIG_H -DSOLARIS2=11 -D_POSIX_PTHREAD_SEMANTICS -D_REENTRANT -D_LARGEFILE_SOURCE -D_FILE_OFFSET_BITS=64 -c /ws/userland/src/components/apache2-modules/mod_jk/tomcat-connectors-1.2.42-src/native/common/jk_shm.c -o jk_shm.lo
/usr/apr/1.6/build/amd64/libtool --silent --tag=CC --mode=compile /opt/solarisstudio12.4/bin/cc -I. -I/usr/apache2/2.4/include -m64 -xO4 -xchip=generic -Ui386 -U__i386 -xregs=no%frameptr -mt -DHAVE_CONFIG_H -m64 -xO4 -xchip=generic -Ui386 -U__i386 -xregs=no%frameptr -mt  -DHAVE_APR  -I/usr/apr/1.6/include -I/usr/apr-util/1.6/include -m64 -xO4 -xchip=generic -Ui386 -U__i386 -xregs=no%frameptr -mt -DHAVE_CONFIG_H -DSOLARIS2=11 -D_POSIX_PTHREAD_SEMANTICS -D_REENTRANT -D_LARGEFILE_SOURCE -D_FILE_OFFSET_BITS=64 -c /ws/userland/src/components/apache2-modules/mod_jk/tomcat-connectors-1.2.42-src/native/common/jk_ajp_common.c -o jk_ajp_common.lo
"/ws/userland/src/components/apache2-modules/mod_jk/tomcat-connectors-1.2.42-src/native/common/jk_ajp_common.c", line 2417: warning: statement not reached
/usr/apr/1.6/build/amd64/libtool --silent --tag=CC --mode=compile /opt/solarisstudio12.4/bin/cc -I. -I/usr/apache2/2.4/include -m64 -xO4 -xchip=generic -Ui386 -U__i386 -xregs=no%frameptr -mt -DHAVE_CONFIG_H -m64 -xO4 -xchip=generic -Ui386 -U__i386 -xregs=no%frameptr -mt  -DHAVE_APR  -I/usr/apr/1.6/include -I/usr/apr-util/1.6/include -m64 -xO4 -xchip=generic -Ui386 -U__i386 -xregs=no%frameptr -mt -DHAVE_CONFIG_H -DSOLARIS2=11 -D_POSIX_PTHREAD_SEMANTICS -D_REENTRANT -D_LARGEFILE_SOURCE -D_FILE_OFFSET_BITS=64 -c /ws/userland/src/components/apache2-modules/mod_jk/tomcat-connectors-1.2.42-src/native/common/jk_context.c -o jk_context.lo
/usr/apr/1.6/build/amd64/libtool --silent --tag=CC --mode=compile /opt/solarisstudio12.4/bin/cc -I. -I/usr/apache2/2.4/include -m64 -xO4 -xchip=generic -Ui386 -U__i386 -xregs=no%frameptr -mt -DHAVE_CONFIG_H -m64 -xO4 -xchip=generic -Ui386 -U__i386 -xregs=no%frameptr -mt  -DHAVE_APR  -I/usr/apr/1.6/include -I/usr/apr-util/1.6/include -m64 -xO4 -xchip=generic -Ui386 -U__i386 -xregs=no%frameptr -mt -DHAVE_CONFIG_H -DSOLARIS2=11 -D_POSIX_PTHREAD_SEMANTICS -D_REENTRANT -D_LARGEFILE_SOURCE -D_FILE_OFFSET_BITS=64 -c /ws/userland/src/components/apache2-modules/mod_jk/tomcat-connectors-1.2.42-src/native/common/jk_url.c -o jk_url.lo
/usr/apr/1.6/build/amd64/libtool --silent --tag=CC --mode=compile /opt/solarisstudio12.4/bin/cc -I. -I/usr/apache2/2.4/include -m64 -xO4 -xchip=generic -Ui386 -U__i386 -xregs=no%frameptr -mt -DHAVE_CONFIG_H -m64 -xO4 -xchip=generic -Ui386 -U__i386 -xregs=no%frameptr -mt  -DHAVE_APR  -I/usr/apr/1.6/include -I/usr/apr-util/1.6/include -m64 -xO4 -xchip=generic -Ui386 -U__i386 -xregs=no%frameptr -mt -DHAVE_CONFIG_H -DSOLARIS2=11 -D_POSIX_PTHREAD_SEMANTICS -D_REENTRANT -D_LARGEFILE_SOURCE -D_FILE_OFFSET_BITS=64 -c /ws/userland/src/components/apache2-modules/mod_jk/tomcat-connectors-1.2.42-src/native/common/jk_status.c -o jk_status.lo
make[2]: Leaving directory '/ws/userland/src/components/apache2-modules/mod_jk/build/apache24/amd64/common'
Making all in apache-2.0
make[2]: Entering directory '/ws/userland/src/components/apache2-modules/mod_jk/build/apache24/amd64/apache-2.0'
/usr/apr/1.6/build/amd64/libtool --silent --tag=CC --mode=compile cc -I/usr/apache2/2.4/include -m64 -xO4 -xchip=generic -Ui386 -U__i386 -xregs=no%frameptr -mt -DHAVE_CONFIG_H -DUSE_APACHE_MD5 -I../common -I /ws/userland/src/components/apache2-modules/mod_jk/tomcat-connectors-1.2.42-src/native/common -DSOLARIS2=11 -D_POSIX_PTHREAD_SEMANTICS -D_REENTRANT -D_LARGEFILE_SOURCE -D_FILE_OFFSET_BITS=64 -m64 -xO4 -xchip=generic -Ui386 -U__i386 -xregs=no%frameptr -mt  -DHAVE_APR  -I/usr/apr/1.6/include -I/usr/apr-util/1.6/include -m64 -xO4 -xchip=generic -Ui386 -U__i386 -xregs=no%frameptr -mt -DHAVE_CONFIG_H  -DSOLARIS2=11 -D_POSIX_PTHREAD_SEMANTICS -D_REENTRANT -D_LARGEFILE_SOURCE -D_FILE_OFFSET_BITS=64 -c /ws/userland/src/components/apache2-modules/mod_jk/tomcat-connectors-1.2.42-src/native/apache-2.0/mod_jk.c -o mod_jk.lo
/usr/apr/1.6/build/amd64/libtool --silent --tag=CC --mode=link cc -I/usr/apache2/2.4/include -m64 -xO4 -xchip=generic -Ui386 -U__i386 -xregs=no%frameptr -mt -DHAVE_CONFIG_H -DUSE_APACHE_MD5 -I../common -I /ws/userland/src/components/apache2-modules/mod_jk/tomcat-connectors-1.2.42-src/native/common -DSOLARIS2=11 -D_POSIX_PTHREAD_SEMANTICS -D_REENTRANT -D_LARGEFILE_SOURCE -D_FILE_OFFSET_BITS=64 -m64 -xO4 -xchip=generic -Ui386 -U__i386 -xregs=no%frameptr -mt  -DHAVE_APR  -I/usr/apr/1.6/include -I/usr/apr-util/1.6/include -m64 -xO4 -xchip=generic -Ui386 -U__i386 -xregs=no%frameptr -mt -DHAVE_CONFIG_H  -DSOLARIS2=11 -D_POSIX_PTHREAD_SEMANTICS -D_REENTRANT -D_LARGEFILE_SOURCE -D_FILE_OFFSET_BITS=64 -Wl,-m64 -o mod_jk.la -module -rpath /usr/apache2/2.4/libexec -avoid-version mod_jk.lo ../common/jk_ajp12_worker.lo ../common/jk_connect.lo ../common/jk_msg_buff.lo ../common/jk_util.lo ../common/jk_ajp13.lo ../common/jk_pool.lo ../common/jk_worker.lo ../common/jk_ajp13_worker.lo ../common/jk_lb_worker.lo ../common/jk_sockbuf.lo ../common/jk_map.lo ../common/jk_uri_worker_map.lo ../common/jk_ajp14.lo ../common/jk_ajp14_worker.lo ../common/jk_md5.lo ../common/jk_shm.lo ../common/jk_ajp_common.lo ../common/jk_context.lo ../common/jk_url.lo ../common/jk_status.lo
/ws/userland/src/components/apache2-modules/mod_jk/tomcat-connectors-1.2.42-src/native/scripts/build/instdso.sh SH_LIBTOOL='/usr/apr/1.6/build/amd64/libtool --silent --tag=CC' mod_jk.la `pwd`
/usr/apr/1.6/build/amd64/libtool --silent --tag=CC --mode=install cp mod_jk.la /ws/userland/src/components/apache2-modules/mod_jk/build/apache24/amd64/apache-2.0/
libtool: warning: remember to run 'libtool --finish /usr/apache2/2.4/libexec'
make[2]: Leaving directory '/ws/userland/src/components/apache2-modules/mod_jk/build/apache24/amd64/apache-2.0'
make[2]: Entering directory '/ws/userland/src/components/apache2-modules/mod_jk/build/apache24/amd64'
make[2]: Nothing to be done for 'all-am'.
make[2]: Leaving directory '/ws/userland/src/components/apache2-modules/mod_jk/build/apache24/amd64'
target="all"; \
list='common apache-2.0'; \
for i in $list; do \
    echo "Making $target in $i"; \
    if test "$i" != "."; then \
       (cd $i && /usr/gnu/bin/make $target) || exit 1; \
    fi; \
done;
Making all in common
make[2]: Entering directory '/ws/userland/src/components/apache2-modules/mod_jk/build/apache24/amd64/common'
make[2]: Nothing to be done for 'all'.
make[2]: Leaving directory '/ws/userland/src/components/apache2-modules/mod_jk/build/apache24/amd64/common'
Making all in apache-2.0
make[2]: Entering directory '/ws/userland/src/components/apache2-modules/mod_jk/build/apache24/amd64/apache-2.0'
/ws/userland/src/components/apache2-modules/mod_jk/tomcat-connectors-1.2.42-src/native/scripts/build/instdso.sh SH_LIBTOOL='/usr/apr/1.6/build/amd64/libtool --silent --tag=CC' mod_jk.la `pwd`
/usr/apr/1.6/build/amd64/libtool --silent --tag=CC --mode=install cp mod_jk.la /ws/userland/src/components/apache2-modules/mod_jk/build/apache24/amd64/apache-2.0/
libtool: warning: remember to run 'libtool --finish /usr/apache2/2.4/libexec'
make[2]: Leaving directory '/ws/userland/src/components/apache2-modules/mod_jk/build/apache24/amd64/apache-2.0'
make[1]: Leaving directory '/ws/userland/src/components/apache2-modules/mod_jk/build/apache24/amd64'
/usr/bin/touch /ws/userland/src/components/apache2-modules/mod_jk/build/apache24/amd64/.built
abort: there is no Mercurial repository here (.hg not found)
/usr/bin/pkgfmt -c -fv2 apache-jk-24.p5m
/usr/bin/pkgmogrify -D PERL_ARCH=i86pc-solaris-thread-multi-64 -D PERL_VERSION=5.22 -D IPS_COMPONENT_RE_VERSION=1\\.2\\.42 -D COMPONENT_RE_VERSION=1\\.2\\.42 -D PYTHON_2.7_ONLY=# -D PYTHON_3.4_ONLY=# -D PYTHON_3.5_ONLY=# -D SQ=\' -D DQ=\" -D Q=\" -I/ws/userland/src/components/apache2-modules/mod_jk -D SOLARIS_11_3_ONLY="#" -D SOLARIS_11_5_ONLY="#" -D SOLARIS_11_3_4_ONLY="" -D SOLARIS_11_4_5_ONLY="" -D SOLARIS_11_4_ONLY="" -D ARC_CASE="" -D TPNO="39168" -D BUILD_VERSION="5.11-11.4.0.0.1.14.0" -D OS_RELEASE="5.11" -D SOLARIS_VERSION="2.11" -D PKG_SOLARIS_VERSION="11.4" -D CONSOLIDATION="userland" -D CONSOLIDATION_CHANGESET="" -D CONSOLIDATION_REPOSITORY_URL="https://github.com/oracle/solaris-userland.git" -D COMPONENT_VERSION="1.2.42" -D IPS_COMPONENT_VERSION="1.2.42" -D HUMAN_VERSION="" -D COMPONENT_ARCHIVE_URL="https://archive.apache.org/dist/tomcat/tomcat-connectors/jk/tomcat-connectors-1.2.42-src.tar.gz" -D COMPONENT_PROJECT_URL="https://tomcat.apache.org/connectors-doc/" -D COMPONENT_NAME="mod_jk" -D HG_REPO="" -D HG_REV="" -D HG_URL="" -D GIT_COMMIT_ID="" -D GIT_REPO="" -D GIT_TAG="" -D MACH="i386" -D MACH32="i86" -D MACH64="amd64" -D PUBLISHER="nightly" -D PUBLISHER_LOCALIZABLE="userland-localizable" apache-jk-24.p5m \
	/ws/userland/src/transforms/license-changes /ws/userland/src/transforms/variant-cleanup /ws/userland/src/transforms/autopyc /ws/userland/src/transforms/defaults /ws/userland/src/transforms/actuators /ws/userland/src/transforms/depends /ws/userland/src/transforms/devel /ws/userland/src/transforms/docs /ws/userland/src/transforms/locale /ws/userland/src/transforms/standard-python-libraries /ws/userland/src/transforms/python-rename /ws/userland/src/transforms/python-3-groups /ws/userland/src/transforms/python-3-soabi /ws/userland/src/transforms/python-3-no-32bit /ws/userland/src/transforms/ruby-tests /ws/userland/src/transforms/puppet /ws/userland/src/transforms/libtool-drop /ws/userland/src/transforms/incorporate /ws/userland/src/transforms/publish-cleanup | \
	sed -e '/^$/d' -e '/^#.*$/d' | uniq >/ws/userland/src/components/apache2-modules/mod_jk/build/manifest-i386-apache-jk-24.mogrified
/bin/mkdir -p /ws/userland/src/components/apache2-modules/mod_jk/build/prototype/i386/mangled
/ws/userland/src/tools/userland-mangler -D /ws/userland/src/components/apache2-modules/mod_jk/build/prototype/i386/mangled -d /ws/userland/src/components/apache2-modules/mod_jk/build/prototype/i386/mangled -d /ws/userland/src/components/apache2-modules/mod_jk/build/prototype/i386 -d /ws/userland/src/components/apache2-modules/mod_jk/build -d /ws/userland/src/components/apache2-modules/mod_jk -d tomcat-connectors-1.2.42-src -d /ws/userland/src/licenses -m /ws/userland/src/components/apache2-modules/mod_jk/build/manifest-i386-apache-jk-24.mogrified >/ws/userland/src/components/apache2-modules/mod_jk/build/manifest-i386-apache-jk-24.mangled
/usr/bin/env  /usr/bin/pkgdepend generate \
    -m -d /ws/userland/src/components/apache2-modules/mod_jk/build/prototype/i386/mangled -d /ws/userland/src/components/apache2-modules/mod_jk/build/prototype/i386 -d /ws/userland/src/components/apache2-modules/mod_jk/build -d /ws/userland/src/components/apache2-modules/mod_jk -d tomcat-connectors-1.2.42-src -d /ws/userland/src/licenses /ws/userland/src/components/apache2-modules/mod_jk/build/manifest-i386-apache-jk-24.mangled >/ws/userland/src/components/apache2-modules/mod_jk/build/manifest-i386-apache-jk-24.depend
/usr/bin/nawk -v TARGET=web---server---apache-22---module---apache-jk.p5m -v FUNCTION=manifest -f /ws/userland/src/tools/generate-history < history > /ws/userland/src/components/apache2-modules/mod_jk/build/manifest-i386-web---server---apache-22---module---apache-jk.p5m
abort: there is no Mercurial repository here (.hg not found)
/usr/bin/pkgmogrify -D PERL_ARCH=i86pc-solaris-thread-multi-64 -D PERL_VERSION=5.22 -D IPS_COMPONENT_RE_VERSION=1\\.2\\.42 -D COMPONENT_RE_VERSION=1\\.2\\.42 -D PYTHON_2.7_ONLY=# -D PYTHON_3.4_ONLY=# -D PYTHON_3.5_ONLY=# -D SQ=\' -D DQ=\" -D Q=\" -I/ws/userland/src/components/apache2-modules/mod_jk -D SOLARIS_11_3_ONLY="#" -D SOLARIS_11_5_ONLY="#" -D SOLARIS_11_3_4_ONLY="" -D SOLARIS_11_4_5_ONLY="" -D SOLARIS_11_4_ONLY="" -D ARC_CASE="" -D TPNO="39168" -D BUILD_VERSION="5.11-11.4.0.0.1.14.0" -D OS_RELEASE="5.11" -D SOLARIS_VERSION="2.11" -D PKG_SOLARIS_VERSION="11.4" -D CONSOLIDATION="userland" -D CONSOLIDATION_CHANGESET="" -D CONSOLIDATION_REPOSITORY_URL="https://github.com/oracle/solaris-userland.git" -D COMPONENT_VERSION="1.2.42" -D IPS_COMPONENT_VERSION="1.2.42" -D HUMAN_VERSION="" -D COMPONENT_ARCHIVE_URL="https://archive.apache.org/dist/tomcat/tomcat-connectors/jk/tomcat-connectors-1.2.42-src.tar.gz" -D COMPONENT_PROJECT_URL="https://tomcat.apache.org/connectors-doc/" -D COMPONENT_NAME="mod_jk" -D HG_REPO="" -D HG_REV="" -D HG_URL="" -D GIT_COMMIT_ID="" -D GIT_REPO="" -D GIT_TAG="" -D MACH="i386" -D MACH32="i86" -D MACH64="amd64" -D PUBLISHER="nightly" -D PUBLISHER_LOCALIZABLE="userland-localizable" /ws/userland/src/components/apache2-modules/mod_jk/build/manifest-i386-web---server---apache-22---module---apache-jk.p5m \
	/ws/userland/src/transforms/license-changes /ws/userland/src/transforms/variant-cleanup /ws/userland/src/transforms/autopyc /ws/userland/src/transforms/defaults /ws/userland/src/transforms/actuators /ws/userland/src/transforms/depends /ws/userland/src/transforms/devel /ws/userland/src/transforms/docs /ws/userland/src/transforms/locale /ws/userland/src/transforms/standard-python-libraries /ws/userland/src/transforms/python-rename /ws/userland/src/transforms/python-3-groups /ws/userland/src/transforms/python-3-soabi /ws/userland/src/transforms/python-3-no-32bit /ws/userland/src/transforms/ruby-tests /ws/userland/src/transforms/puppet /ws/userland/src/transforms/libtool-drop /ws/userland/src/transforms/incorporate /ws/userland/src/transforms/publish-cleanup | \
	sed -e '/^$/d' -e '/^#.*$/d' | uniq >/ws/userland/src/components/apache2-modules/mod_jk/build/manifest-i386-web---server---apache-22---module---apache-jk.mogrified
/ws/userland/src/tools/userland-mangler -D /ws/userland/src/components/apache2-modules/mod_jk/build/prototype/i386/mangled -d /ws/userland/src/components/apache2-modules/mod_jk/build/prototype/i386/mangled -d /ws/userland/src/components/apache2-modules/mod_jk/build/prototype/i386 -d /ws/userland/src/components/apache2-modules/mod_jk/build -d /ws/userland/src/components/apache2-modules/mod_jk -d tomcat-connectors-1.2.42-src -d /ws/userland/src/licenses -m /ws/userland/src/components/apache2-modules/mod_jk/build/manifest-i386-web---server---apache-22---module---apache-jk.mogrified >/ws/userland/src/components/apache2-modules/mod_jk/build/manifest-i386-web---server---apache-22---module---apache-jk.mangled
/usr/bin/env  /usr/bin/pkgdepend generate \
    -m -d /ws/userland/src/components/apache2-modules/mod_jk/build/prototype/i386/mangled -d /ws/userland/src/components/apache2-modules/mod_jk/build/prototype/i386 -d /ws/userland/src/components/apache2-modules/mod_jk/build -d /ws/userland/src/components/apache2-modules/mod_jk -d tomcat-connectors-1.2.42-src -d /ws/userland/src/licenses /ws/userland/src/components/apache2-modules/mod_jk/build/manifest-i386-web---server---apache-22---module---apache-jk.mangled >/ws/userland/src/components/apache2-modules/mod_jk/build/manifest-i386-web---server---apache-22---module---apache-jk.depend
/usr/bin/pkgdepend resolve -e /ws/userland/src/components/apache2-modules/mod_jk/build/resolve.deps -m /ws/userland/src/components/apache2-modules/mod_jk/build/manifest-i386-apache-jk-24.depend /ws/userland/src/components/apache2-modules/mod_jk/build/manifest-i386-web---server---apache-22---module---apache-jk.depend
/usr/bin/touch /ws/userland/src/components/apache2-modules/mod_jk/build/.resolved-i386
VALIDATING MANIFEST CONTENT: /ws/userland/src/components/apache2-modules/mod_jk/build/manifest-i386-apache-jk-24.depend.res /ws/userland/src/components/apache2-modules/mod_jk/build/manifest-i386-web---server---apache-22---module---apache-jk.depend.res
/usr/bin/env PYTHONPATH=/ws/userland/src/tools/python PROTO_PATH="/ws/userland/src/components/apache2-modules/mod_jk/build/prototype/i386/mangled /ws/userland/src/components/apache2-modules/mod_jk/build/prototype/i386 /ws/userland/src/components/apache2-modules/mod_jk/build /ws/userland/src/components/apache2-modules/mod_jk tomcat-connectors-1.2.42-src /ws/userland/src/licenses"\
	SOLARIS_VERSION=2.11\
	/bin/true -c /ws/userland/src/i386/pkglint-cache \
		-f /ws/userland/src/tools/pkglintrc /ws/userland/src/components/apache2-modules/mod_jk/build/manifest-i386-apache-jk-24.depend.res /ws/userland/src/components/apache2-modules/mod_jk/build/manifest-i386-web---server---apache-22---module---apache-jk.depend.res
/usr/bin/touch /ws/userland/src/components/apache2-modules/mod_jk/build/.linted-i386
/usr/bin/pkgsend -s file:/ws/userland/src/i386/repo publish --fmri-in-manifest --no-catalog -d /ws/userland/src/components/apache2-modules/mod_jk/build/prototype/i386/mangled -d /ws/userland/src/components/apache2-modules/mod_jk/build/prototype/i386 -d /ws/userland/src/components/apache2-modules/mod_jk/build -d /ws/userland/src/components/apache2-modules/mod_jk -d tomcat-connectors-1.2.42-src -d /ws/userland/src/licenses -T \*.py /ws/userland/src/components/apache2-modules/mod_jk/build/manifest-i386-apache-jk-24.depend.res
pkg://nightly/web/server/apache-24/module/apache-jk@1.2.42,5.11-11.4.0.0.1.14.0:20190727T162850Z
PUBLISHED
/usr/bin/pkgfmt </ws/userland/src/components/apache2-modules/mod_jk/build/manifest-i386-apache-jk-24.depend.res >/ws/userland/src/components/apache2-modules/mod_jk/build/manifest-i386-apache-jk-24.published
/usr/bin/pkgsend -s file:/ws/userland/src/i386/repo publish --fmri-in-manifest --no-catalog -d /ws/userland/src/components/apache2-modules/mod_jk/build/prototype/i386/mangled -d /ws/userland/src/components/apache2-modules/mod_jk/build/prototype/i386 -d /ws/userland/src/components/apache2-modules/mod_jk/build -d /ws/userland/src/components/apache2-modules/mod_jk -d tomcat-connectors-1.2.42-src -d /ws/userland/src/licenses -T \*.py /ws/userland/src/components/apache2-modules/mod_jk/build/manifest-i386-web---server---apache-22---module---apache-jk.depend.res
pkg://nightly/web/server/apache-22/module/apache-jk@1.2.41,5.11-11.4.0.0.1.9.0:20190727T162851Z
PUBLISHED
/usr/bin/pkgfmt </ws/userland/src/components/apache2-modules/mod_jk/build/manifest-i386-web---server---apache-22---module---apache-jk.depend.res >/ws/userland/src/components/apache2-modules/mod_jk/build/manifest-i386-web---server---apache-22---module---apache-jk.published
/usr/bin/touch /ws/userland/src/components/apache2-modules/mod_jk/build/.published-i386
gmake: Leaving directory '/ws/userland/src/components/apache2-modules/mod_jk'

real       32.1
user       17.3
sys         4.4
