gmake: Entering directory '/ws/userland/src/components/apache2-modules/mod_dtrace'
/usr/bin/touch /ws/userland/src/components/apache2-modules/mod_dtrace/src/.prep
/bin/rm -f -r /ws/userland/src/components/apache2-modules/mod_dtrace/build/apache24/amd64 ; /bin/mkdir -p /ws/userland/src/components/apache2-modules/mod_dtrace/build/apache24/amd64
/ws/userland/src/tools/cloney /ws/userland/src/components/apache2-modules/mod_dtrace/src /ws/userland/src/components/apache2-modules/mod_dtrace/build/apache24/amd64
symlink cloning /ws/userland/src/components/apache2-modules/mod_dtrace/src to /ws/userland/src/components/apache2-modules/mod_dtrace/build/apache24/amd64
(cd /ws/userland/src/components/apache2-modules/mod_dtrace/build/apache24/amd64; /usr/bin/env LD_OPTIONS="-M /usr/lib/ld/map.noexdata -M /usr/lib/ld/map.pagealign -Bdirect -zignore -zstrip-class=comment" LD_EXEC_OPTIONS=" -zsx=aslr=disable -zsx=nxstack=enable -zsx=nxheap=enable " LD_PIE_OPTIONS="-zsx=aslr=disable -zsx=nxstack=enable -zsx=nxheap=enable "  CC="/opt/solarisstudio12.4/bin/cc" CXX="/opt/solarisstudio12.4/bin/CC" CFLAGS="-m64 -xO4 -xchip=generic -Ui386 -U__i386 -xregs=no%frameptr -mt" CXXFLAGS="-norunpath -m64 -xO4 -xchip=generic -Ui386 -U__i386 -xregs=no%frameptr" LDFLAGS="" /usr/gnu/bin/make  APXS=/usr/apache2/2.4/bin/apxs DTRACE="/usr/sbin/dtrace -64" PATH="/opt/solarisstudio12.4/bin:/usr/bin:/usr/gnu/bin" )
make[1]: Entering directory '/ws/userland/src/components/apache2-modules/mod_dtrace/build/apache24/amd64'
/usr/apache2/2.4/bin/apxs -c -o mod_dtrace.so mod_dtrace.c && rm .libs/mod_dtrace.so
/usr/apr/1.6/build/amd64/libtool --silent --mode=compile cc -prefer-pic -m64 -xO4 -xchip=generic -Ui386 -U__i386 -xregs=no%frameptr -mt  -DSOLARIS2=11 -D_POSIX_PTHREAD_SEMANTICS -D_REENTRANT -D_LARGEFILE_SOURCE -D_FILE_OFFSET_BITS=64  -I/usr/apache2/2.4/include  -I/usr/apr/1.6/include   -I/usr/apr-util/1.6/include -I/usr/include/openldap  -c -o mod_dtrace.lo mod_dtrace.c && touch mod_dtrace.slo
/usr/apr/1.6/build/amd64/libtool --silent --mode=link cc -m64   -o mod_dtrace.la  -rpath /usr/apache2/2.4/libexec -module -avoid-version    mod_dtrace.lo
/usr/sbin/dtrace -64 -G -o apache.o -s apache.d .libs/mod_dtrace.o
ld: warning: option '-Bdirect' is incompatible with building a relocatable object, option ignored
ld: warning: option '-zignore' is incompatible with building a relocatable object, option ignored
`/usr/apache2/2.4/bin/apxs -q CC` -M mapfile `/usr/apache2/2.4/bin/apxs -q CFLAGS` -KPIC -G `/usr/apache2/2.4/bin/apxs -q LDFLAGS_SHLIB` -o .libs/mod_dtrace.so .libs/mod_dtrace.o apache.o
ld: warning: mapfile: 1: redefining segment rounding attribute for 'data'
make[1]: Leaving directory '/ws/userland/src/components/apache2-modules/mod_dtrace/build/apache24/amd64'
/usr/bin/touch /ws/userland/src/components/apache2-modules/mod_dtrace/build/apache24/amd64/.built
abort: there is no Mercurial repository here (.hg not found)
/usr/bin/pkgfmt -c -fv2 apache-dtrace-24.p5m
/usr/bin/pkgmogrify -D PERL_ARCH=i86pc-solaris-thread-multi-64 -D PERL_VERSION=5.22 -D IPS_COMPONENT_RE_VERSION=0\\.3\\.1 -D COMPONENT_RE_VERSION=0\\.3\\.1 -D PYTHON_2.7_ONLY=# -D PYTHON_3.4_ONLY=# -D PYTHON_3.5_ONLY=# -D SQ=\' -D DQ=\" -D Q=\" -I/ws/userland/src/components/apache2-modules/mod_dtrace -D SOLARIS_11_3_ONLY="#" -D SOLARIS_11_5_ONLY="#" -D SOLARIS_11_3_4_ONLY="" -D SOLARIS_11_4_5_ONLY="" -D SOLARIS_11_4_ONLY="" -D ARC_CASE="" -D TPNO="8876" -D BUILD_VERSION="5.11-11.4.0.0.1.14.0" -D OS_RELEASE="5.11" -D SOLARIS_VERSION="2.11" -D PKG_SOLARIS_VERSION="11.4" -D CONSOLIDATION="userland" -D CONSOLIDATION_CHANGESET="" -D CONSOLIDATION_REPOSITORY_URL="https://github.com/oracle/solaris-userland.git" -D COMPONENT_VERSION="0.3.1" -D IPS_COMPONENT_VERSION="0.3.1" -D HUMAN_VERSION="" -D COMPONENT_ARCHIVE_URL="" -D COMPONENT_PROJECT_URL="http://prefetch.net/projects/apache_modtrace/" -D COMPONENT_NAME="mod_dtrace" -D HG_REPO="" -D HG_REV="" -D HG_URL="" -D GIT_COMMIT_ID="" -D GIT_REPO="" -D GIT_TAG="" -D MACH="i386" -D MACH32="i86" -D MACH64="amd64" -D PUBLISHER="nightly" -D PUBLISHER_LOCALIZABLE="userland-localizable" apache-dtrace-24.p5m \
	/ws/userland/src/transforms/license-changes /ws/userland/src/transforms/variant-cleanup /ws/userland/src/transforms/autopyc /ws/userland/src/transforms/defaults /ws/userland/src/transforms/actuators /ws/userland/src/transforms/depends /ws/userland/src/transforms/devel /ws/userland/src/transforms/docs /ws/userland/src/transforms/locale /ws/userland/src/transforms/standard-python-libraries /ws/userland/src/transforms/python-rename /ws/userland/src/transforms/python-3-groups /ws/userland/src/transforms/python-3-soabi /ws/userland/src/transforms/python-3-no-32bit /ws/userland/src/transforms/ruby-tests /ws/userland/src/transforms/puppet /ws/userland/src/transforms/libtool-drop /ws/userland/src/transforms/incorporate /ws/userland/src/transforms/publish-cleanup | \
	sed -e '/^$/d' -e '/^#.*$/d' | uniq >/ws/userland/src/components/apache2-modules/mod_dtrace/build/manifest-i386-apache-dtrace-24.mogrified
/bin/mkdir -p /ws/userland/src/components/apache2-modules/mod_dtrace/build/prototype/i386/mangled
/ws/userland/src/tools/userland-mangler -D /ws/userland/src/components/apache2-modules/mod_dtrace/build/prototype/i386/mangled -d /ws/userland/src/components/apache2-modules/mod_dtrace/build/prototype/i386/mangled -d /ws/userland/src/components/apache2-modules/mod_dtrace/build/prototype/i386 -d /ws/userland/src/components/apache2-modules/mod_dtrace/build -d /ws/userland/src/components/apache2-modules/mod_dtrace -d src -d /ws/userland/src/licenses -m /ws/userland/src/components/apache2-modules/mod_dtrace/build/manifest-i386-apache-dtrace-24.mogrified >/ws/userland/src/components/apache2-modules/mod_dtrace/build/manifest-i386-apache-dtrace-24.mangled
/usr/bin/env  /usr/bin/pkgdepend generate \
    -m -d /ws/userland/src/components/apache2-modules/mod_dtrace/build/prototype/i386/mangled -d /ws/userland/src/components/apache2-modules/mod_dtrace/build/prototype/i386 -d /ws/userland/src/components/apache2-modules/mod_dtrace/build -d /ws/userland/src/components/apache2-modules/mod_dtrace -d src -d /ws/userland/src/licenses /ws/userland/src/components/apache2-modules/mod_dtrace/build/manifest-i386-apache-dtrace-24.mangled >/ws/userland/src/components/apache2-modules/mod_dtrace/build/manifest-i386-apache-dtrace-24.depend
/usr/bin/nawk -v TARGET=web---server---apache-22---module---apache-dtrace.p5m -v FUNCTION=manifest -f /ws/userland/src/tools/generate-history < history > /ws/userland/src/components/apache2-modules/mod_dtrace/build/manifest-i386-web---server---apache-22---module---apache-dtrace.p5m
abort: there is no Mercurial repository here (.hg not found)
/usr/bin/pkgmogrify -D PERL_ARCH=i86pc-solaris-thread-multi-64 -D PERL_VERSION=5.22 -D IPS_COMPONENT_RE_VERSION=0\\.3\\.1 -D COMPONENT_RE_VERSION=0\\.3\\.1 -D PYTHON_2.7_ONLY=# -D PYTHON_3.4_ONLY=# -D PYTHON_3.5_ONLY=# -D SQ=\' -D DQ=\" -D Q=\" -I/ws/userland/src/components/apache2-modules/mod_dtrace -D SOLARIS_11_3_ONLY="#" -D SOLARIS_11_5_ONLY="#" -D SOLARIS_11_3_4_ONLY="" -D SOLARIS_11_4_5_ONLY="" -D SOLARIS_11_4_ONLY="" -D ARC_CASE="" -D TPNO="8876" -D BUILD_VERSION="5.11-11.4.0.0.1.14.0" -D OS_RELEASE="5.11" -D SOLARIS_VERSION="2.11" -D PKG_SOLARIS_VERSION="11.4" -D CONSOLIDATION="userland" -D CONSOLIDATION_CHANGESET="" -D CONSOLIDATION_REPOSITORY_URL="https://github.com/oracle/solaris-userland.git" -D COMPONENT_VERSION="0.3.1" -D IPS_COMPONENT_VERSION="0.3.1" -D HUMAN_VERSION="" -D COMPONENT_ARCHIVE_URL="" -D COMPONENT_PROJECT_URL="http://prefetch.net/projects/apache_modtrace/" -D COMPONENT_NAME="mod_dtrace" -D HG_REPO="" -D HG_REV="" -D HG_URL="" -D GIT_COMMIT_ID="" -D GIT_REPO="" -D GIT_TAG="" -D MACH="i386" -D MACH32="i86" -D MACH64="amd64" -D PUBLISHER="nightly" -D PUBLISHER_LOCALIZABLE="userland-localizable" /ws/userland/src/components/apache2-modules/mod_dtrace/build/manifest-i386-web---server---apache-22---module---apache-dtrace.p5m \
	/ws/userland/src/transforms/license-changes /ws/userland/src/transforms/variant-cleanup /ws/userland/src/transforms/autopyc /ws/userland/src/transforms/defaults /ws/userland/src/transforms/actuators /ws/userland/src/transforms/depends /ws/userland/src/transforms/devel /ws/userland/src/transforms/docs /ws/userland/src/transforms/locale /ws/userland/src/transforms/standard-python-libraries /ws/userland/src/transforms/python-rename /ws/userland/src/transforms/python-3-groups /ws/userland/src/transforms/python-3-soabi /ws/userland/src/transforms/python-3-no-32bit /ws/userland/src/transforms/ruby-tests /ws/userland/src/transforms/puppet /ws/userland/src/transforms/libtool-drop /ws/userland/src/transforms/incorporate /ws/userland/src/transforms/publish-cleanup | \
	sed -e '/^$/d' -e '/^#.*$/d' | uniq >/ws/userland/src/components/apache2-modules/mod_dtrace/build/manifest-i386-web---server---apache-22---module---apache-dtrace.mogrified
/ws/userland/src/tools/userland-mangler -D /ws/userland/src/components/apache2-modules/mod_dtrace/build/prototype/i386/mangled -d /ws/userland/src/components/apache2-modules/mod_dtrace/build/prototype/i386/mangled -d /ws/userland/src/components/apache2-modules/mod_dtrace/build/prototype/i386 -d /ws/userland/src/components/apache2-modules/mod_dtrace/build -d /ws/userland/src/components/apache2-modules/mod_dtrace -d src -d /ws/userland/src/licenses -m /ws/userland/src/components/apache2-modules/mod_dtrace/build/manifest-i386-web---server---apache-22---module---apache-dtrace.mogrified >/ws/userland/src/components/apache2-modules/mod_dtrace/build/manifest-i386-web---server---apache-22---module---apache-dtrace.mangled
/usr/bin/env  /usr/bin/pkgdepend generate \
    -m -d /ws/userland/src/components/apache2-modules/mod_dtrace/build/prototype/i386/mangled -d /ws/userland/src/components/apache2-modules/mod_dtrace/build/prototype/i386 -d /ws/userland/src/components/apache2-modules/mod_dtrace/build -d /ws/userland/src/components/apache2-modules/mod_dtrace -d src -d /ws/userland/src/licenses /ws/userland/src/components/apache2-modules/mod_dtrace/build/manifest-i386-web---server---apache-22---module---apache-dtrace.mangled >/ws/userland/src/components/apache2-modules/mod_dtrace/build/manifest-i386-web---server---apache-22---module---apache-dtrace.depend
/usr/bin/pkgdepend resolve -e /ws/userland/src/components/apache2-modules/mod_dtrace/build/resolve.deps -m /ws/userland/src/components/apache2-modules/mod_dtrace/build/manifest-i386-apache-dtrace-24.depend /ws/userland/src/components/apache2-modules/mod_dtrace/build/manifest-i386-web---server---apache-22---module---apache-dtrace.depend
/usr/bin/touch /ws/userland/src/components/apache2-modules/mod_dtrace/build/.resolved-i386
VALIDATING MANIFEST CONTENT: /ws/userland/src/components/apache2-modules/mod_dtrace/build/manifest-i386-apache-dtrace-24.depend.res /ws/userland/src/components/apache2-modules/mod_dtrace/build/manifest-i386-web---server---apache-22---module---apache-dtrace.depend.res
/usr/bin/env PYTHONPATH=/ws/userland/src/tools/python PROTO_PATH="/ws/userland/src/components/apache2-modules/mod_dtrace/build/prototype/i386/mangled /ws/userland/src/components/apache2-modules/mod_dtrace/build/prototype/i386 /ws/userland/src/components/apache2-modules/mod_dtrace/build /ws/userland/src/components/apache2-modules/mod_dtrace src /ws/userland/src/licenses"\
	SOLARIS_VERSION=2.11\
	/bin/true -c /ws/userland/src/i386/pkglint-cache \
		-f /ws/userland/src/tools/pkglintrc /ws/userland/src/components/apache2-modules/mod_dtrace/build/manifest-i386-apache-dtrace-24.depend.res /ws/userland/src/components/apache2-modules/mod_dtrace/build/manifest-i386-web---server---apache-22---module---apache-dtrace.depend.res
/usr/bin/touch /ws/userland/src/components/apache2-modules/mod_dtrace/build/.linted-i386
/usr/bin/pkgsend -s file:/ws/userland/src/i386/repo publish --fmri-in-manifest --no-catalog -d /ws/userland/src/components/apache2-modules/mod_dtrace/build/prototype/i386/mangled -d /ws/userland/src/components/apache2-modules/mod_dtrace/build/prototype/i386 -d /ws/userland/src/components/apache2-modules/mod_dtrace/build -d /ws/userland/src/components/apache2-modules/mod_dtrace -d src -d /ws/userland/src/licenses -T \*.py /ws/userland/src/components/apache2-modules/mod_dtrace/build/manifest-i386-apache-dtrace-24.depend.res
pkg://nightly/web/server/apache-24/module/apache-dtrace@0.3.1,5.11-11.4.0.0.1.14.0:20190727T162805Z
PUBLISHED
/usr/bin/pkgfmt </ws/userland/src/components/apache2-modules/mod_dtrace/build/manifest-i386-apache-dtrace-24.depend.res >/ws/userland/src/components/apache2-modules/mod_dtrace/build/manifest-i386-apache-dtrace-24.published
/usr/bin/pkgsend -s file:/ws/userland/src/i386/repo publish --fmri-in-manifest --no-catalog -d /ws/userland/src/components/apache2-modules/mod_dtrace/build/prototype/i386/mangled -d /ws/userland/src/components/apache2-modules/mod_dtrace/build/prototype/i386 -d /ws/userland/src/components/apache2-modules/mod_dtrace/build -d /ws/userland/src/components/apache2-modules/mod_dtrace -d src -d /ws/userland/src/licenses -T \*.py /ws/userland/src/components/apache2-modules/mod_dtrace/build/manifest-i386-web---server---apache-22---module---apache-dtrace.depend.res
pkg://nightly/web/server/apache-22/module/apache-dtrace@0.3.1,5.11-11.4.0.0.1.9.0:20190727T162806Z
PUBLISHED
/usr/bin/pkgfmt </ws/userland/src/components/apache2-modules/mod_dtrace/build/manifest-i386-web---server---apache-22---module---apache-dtrace.depend.res >/ws/userland/src/components/apache2-modules/mod_dtrace/build/manifest-i386-web---server---apache-22---module---apache-dtrace.published
/usr/bin/touch /ws/userland/src/components/apache2-modules/mod_dtrace/build/.published-i386
gmake: Leaving directory '/ws/userland/src/components/apache2-modules/mod_dtrace'

real        7.7
user        4.0
sys         1.8
