gmake: Entering directory '/ws/userland/src/components/apache2-modules/mod_wsgi'
/bin/rm -f -r /ws/userland/src/components/apache2-modules/mod_wsgi/mod_wsgi-4.5.1
/usr/bin/env RUBY_VERSION=2.1 /ws/userland/src/tools/userland-unpack  mod_wsgi-4.5.1.tar.gz
/usr/bin/touch /ws/userland/src/components/apache2-modules/mod_wsgi/mod_wsgi-4.5.1/.unpacked
/usr/bin/patch -d /ws/userland/src/components/apache2-modules/mod_wsgi/mod_wsgi-4.5.1 --strip=1 --backup --version-control=numbered < patches/rename.patch
patching file Makefile.in
/usr/bin/touch /ws/userland/src/components/apache2-modules/mod_wsgi/mod_wsgi-4.5.1/.patched-rename.patch
/usr/bin/touch /ws/userland/src/components/apache2-modules/mod_wsgi/mod_wsgi-4.5.1/.patched
/usr/bin/touch /ws/userland/src/components/apache2-modules/mod_wsgi/mod_wsgi-4.5.1/.prep
(/bin/rm -f -rf /ws/userland/src/components/apache2-modules/mod_wsgi/build/apache24-python27/amd64 ; /bin/mkdir -p /ws/userland/src/components/apache2-modules/mod_wsgi/build/apache24-python27/amd64)
(/ws/userland/src/tools/cloney /ws/userland/src/components/apache2-modules/mod_wsgi/mod_wsgi-4.5.1 /ws/userland/src/components/apache2-modules/mod_wsgi/build/apache24-python27/amd64)
symlink cloning /ws/userland/src/components/apache2-modules/mod_wsgi/mod_wsgi-4.5.1 to /ws/userland/src/components/apache2-modules/mod_wsgi/build/apache24-python27/amd64
(cd /ws/userland/src/components/apache2-modules/mod_wsgi/build/apache24-python27/amd64 ; /usr/bin/env CONFIG_SHELL="/bin/bash" PKG_CONFIG_PATH="/usr/lib/amd64/pkgconfig" CC="/opt/solarisstudio12.4/bin/cc" CXX="/opt/solarisstudio12.4/bin/CC" PATH="/usr/bin/amd64:/opt/solarisstudio12.4/bin:/usr/bin:/usr/gnu/bin" CC_FOR_BUILD="/opt/solarisstudio12.4/bin/cc -m64" CXX_FOR_BUILD="/opt/solarisstudio12.4/bin/CC -m64" "ac_cv_func_realloc_0_nonnull=yes" "NM=/usr/gnu/bin/nm" INTLTOOL_PERL="/usr/perl5/5.22/bin/perl" CFLAGS="-m64 -xO4 -xchip=generic -Ui386 -U__i386 -xregs=no%frameptr -xc99=all -mt" CXXFLAGS="-norunpath -m64 -xO4 -xchip=generic -Ui386 -U__i386 -xregs=no%frameptr" LDFLAGS="" /bin/bash \
	/ws/userland/src/components/apache2-modules/mod_wsgi/mod_wsgi-4.5.1/configure --prefix=/usr --mandir=/usr/share/man --bindir=/usr/bin --sbindir=/usr/sbin --libdir=/usr/lib/amd64    --with-apxs=/usr/apache2/2.4/bin/apxs BITS=64 --with-python=/usr/bin/amd64/python2.7)
checking for gcc... /opt/solarisstudio12.4/bin/cc
checking whether the C compiler works... yes
checking for C compiler default output file name... a.out
checking for suffix of executables... 
checking whether we are cross compiling... no
checking for suffix of object files... o
checking whether we are using the GNU C compiler... no
checking whether /opt/solarisstudio12.4/bin/cc accepts -g... yes
checking for /opt/solarisstudio12.4/bin/cc option to accept ISO C89... none needed
checking for prctl... no
checking Apache version... 2.4.33
configure: creating ./config.status
config.status: creating Makefile
/usr/bin/touch /ws/userland/src/components/apache2-modules/mod_wsgi/build/apache24-python27/amd64/.configured
(cd /ws/userland/src/components/apache2-modules/mod_wsgi/build/apache24-python27/amd64 ; /usr/bin/env LD_OPTIONS="-M /usr/lib/ld/map.noexdata -M /usr/lib/ld/map.pagealign -Bdirect -zignore -zstrip-class=comment" LD_EXEC_OPTIONS=" -zsx=aslr=disable -zsx=nxstack=enable -zsx=nxheap=enable " LD_PIE_OPTIONS="-zsx=aslr=disable -zsx=nxstack=enable -zsx=nxheap=enable "  PKG_CONFIG_PATH="/usr/lib/amd64/pkgconfig" "ac_cv_func_realloc_0_nonnull=yes" INTLTOOL_PERL="/usr/perl5/5.22/bin/perl" \
	/usr/gnu/bin/make  )
make[1]: Entering directory '/ws/userland/src/components/apache2-modules/mod_wsgi/build/apache24-python27/amd64'
/usr/apache2/2.4/bin/apxs -c -I/usr/include/python2.7 -DNDEBUG  -Wc,-m64 -Wc,-xO4 -Wc,-xchip=generic -Wc,-Ui386 -Wc,-U__i386 -Wc,-xregs=no%frameptr -Wc,-xc99=all -Wc,-mt  src/server/mod_wsgi.c src/server/wsgi_*.c -L/usr/lib -L/usr/lib/python2.7/config  -lpython2.7 -lsocket -lnsl -ldl -lm
/usr/apr/1.6/build/amd64/libtool --silent --mode=compile cc -prefer-pic -m64 -xO4 -xchip=generic -Ui386 -U__i386 -xregs=no%frameptr -mt  -DSOLARIS2=11 -D_POSIX_PTHREAD_SEMANTICS -D_REENTRANT -D_LARGEFILE_SOURCE -D_FILE_OFFSET_BITS=64  -I/usr/apache2/2.4/include  -I/usr/apr/1.6/include   -I/usr/apr-util/1.6/include -I/usr/include/openldap -m64 -xO4 -xchip=generic -Ui386 -U__i386 -xregs=no%frameptr -xc99=all -mt -I/usr/include/python2.7 -DNDEBUG  -c -o src/server/mod_wsgi.lo src/server/mod_wsgi.c && touch src/server/mod_wsgi.slo
"src/server/mod_wsgi.c", line 8739: warning: statement not reached
"src/server/mod_wsgi.c", line 8922: warning: statement not reached
"src/server/mod_wsgi.c", line 10774: warning: statement not reached
/usr/apr/1.6/build/amd64/libtool --silent --mode=compile cc -prefer-pic -m64 -xO4 -xchip=generic -Ui386 -U__i386 -xregs=no%frameptr -mt  -DSOLARIS2=11 -D_POSIX_PTHREAD_SEMANTICS -D_REENTRANT -D_LARGEFILE_SOURCE -D_FILE_OFFSET_BITS=64  -I/usr/apache2/2.4/include  -I/usr/apr/1.6/include   -I/usr/apr-util/1.6/include -I/usr/include/openldap -m64 -xO4 -xchip=generic -Ui386 -U__i386 -xregs=no%frameptr -xc99=all -mt -I/usr/include/python2.7 -DNDEBUG  -c -o src/server/wsgi_apache.lo src/server/wsgi_apache.c && touch src/server/wsgi_apache.slo
/usr/apr/1.6/build/amd64/libtool --silent --mode=compile cc -prefer-pic -m64 -xO4 -xchip=generic -Ui386 -U__i386 -xregs=no%frameptr -mt  -DSOLARIS2=11 -D_POSIX_PTHREAD_SEMANTICS -D_REENTRANT -D_LARGEFILE_SOURCE -D_FILE_OFFSET_BITS=64  -I/usr/apache2/2.4/include  -I/usr/apr/1.6/include   -I/usr/apr-util/1.6/include -I/usr/include/openldap -m64 -xO4 -xchip=generic -Ui386 -U__i386 -xregs=no%frameptr -xc99=all -mt -I/usr/include/python2.7 -DNDEBUG  -c -o src/server/wsgi_buckets.lo src/server/wsgi_buckets.c && touch src/server/wsgi_buckets.slo
/usr/apr/1.6/build/amd64/libtool --silent --mode=compile cc -prefer-pic -m64 -xO4 -xchip=generic -Ui386 -U__i386 -xregs=no%frameptr -mt  -DSOLARIS2=11 -D_POSIX_PTHREAD_SEMANTICS -D_REENTRANT -D_LARGEFILE_SOURCE -D_FILE_OFFSET_BITS=64  -I/usr/apache2/2.4/include  -I/usr/apr/1.6/include   -I/usr/apr-util/1.6/include -I/usr/include/openldap -m64 -xO4 -xchip=generic -Ui386 -U__i386 -xregs=no%frameptr -xc99=all -mt -I/usr/include/python2.7 -DNDEBUG  -c -o src/server/wsgi_convert.lo src/server/wsgi_convert.c && touch src/server/wsgi_convert.slo
/usr/apr/1.6/build/amd64/libtool --silent --mode=compile cc -prefer-pic -m64 -xO4 -xchip=generic -Ui386 -U__i386 -xregs=no%frameptr -mt  -DSOLARIS2=11 -D_POSIX_PTHREAD_SEMANTICS -D_REENTRANT -D_LARGEFILE_SOURCE -D_FILE_OFFSET_BITS=64  -I/usr/apache2/2.4/include  -I/usr/apr/1.6/include   -I/usr/apr-util/1.6/include -I/usr/include/openldap -m64 -xO4 -xchip=generic -Ui386 -U__i386 -xregs=no%frameptr -xc99=all -mt -I/usr/include/python2.7 -DNDEBUG  -c -o src/server/wsgi_daemon.lo src/server/wsgi_daemon.c && touch src/server/wsgi_daemon.slo
/usr/apr/1.6/build/amd64/libtool --silent --mode=compile cc -prefer-pic -m64 -xO4 -xchip=generic -Ui386 -U__i386 -xregs=no%frameptr -mt  -DSOLARIS2=11 -D_POSIX_PTHREAD_SEMANTICS -D_REENTRANT -D_LARGEFILE_SOURCE -D_FILE_OFFSET_BITS=64  -I/usr/apache2/2.4/include  -I/usr/apr/1.6/include   -I/usr/apr-util/1.6/include -I/usr/include/openldap -m64 -xO4 -xchip=generic -Ui386 -U__i386 -xregs=no%frameptr -xc99=all -mt -I/usr/include/python2.7 -DNDEBUG  -c -o src/server/wsgi_interp.lo src/server/wsgi_interp.c && touch src/server/wsgi_interp.slo
/usr/apr/1.6/build/amd64/libtool --silent --mode=compile cc -prefer-pic -m64 -xO4 -xchip=generic -Ui386 -U__i386 -xregs=no%frameptr -mt  -DSOLARIS2=11 -D_POSIX_PTHREAD_SEMANTICS -D_REENTRANT -D_LARGEFILE_SOURCE -D_FILE_OFFSET_BITS=64  -I/usr/apache2/2.4/include  -I/usr/apr/1.6/include   -I/usr/apr-util/1.6/include -I/usr/include/openldap -m64 -xO4 -xchip=generic -Ui386 -U__i386 -xregs=no%frameptr -xc99=all -mt -I/usr/include/python2.7 -DNDEBUG  -c -o src/server/wsgi_logger.lo src/server/wsgi_logger.c && touch src/server/wsgi_logger.slo
/usr/apr/1.6/build/amd64/libtool --silent --mode=compile cc -prefer-pic -m64 -xO4 -xchip=generic -Ui386 -U__i386 -xregs=no%frameptr -mt  -DSOLARIS2=11 -D_POSIX_PTHREAD_SEMANTICS -D_REENTRANT -D_LARGEFILE_SOURCE -D_FILE_OFFSET_BITS=64  -I/usr/apache2/2.4/include  -I/usr/apr/1.6/include   -I/usr/apr-util/1.6/include -I/usr/include/openldap -m64 -xO4 -xchip=generic -Ui386 -U__i386 -xregs=no%frameptr -xc99=all -mt -I/usr/include/python2.7 -DNDEBUG  -c -o src/server/wsgi_memory.lo src/server/wsgi_memory.c && touch src/server/wsgi_memory.slo
/usr/apr/1.6/build/amd64/libtool --silent --mode=compile cc -prefer-pic -m64 -xO4 -xchip=generic -Ui386 -U__i386 -xregs=no%frameptr -mt  -DSOLARIS2=11 -D_POSIX_PTHREAD_SEMANTICS -D_REENTRANT -D_LARGEFILE_SOURCE -D_FILE_OFFSET_BITS=64  -I/usr/apache2/2.4/include  -I/usr/apr/1.6/include   -I/usr/apr-util/1.6/include -I/usr/include/openldap -m64 -xO4 -xchip=generic -Ui386 -U__i386 -xregs=no%frameptr -xc99=all -mt -I/usr/include/python2.7 -DNDEBUG  -c -o src/server/wsgi_metrics.lo src/server/wsgi_metrics.c && touch src/server/wsgi_metrics.slo
/usr/apr/1.6/build/amd64/libtool --silent --mode=compile cc -prefer-pic -m64 -xO4 -xchip=generic -Ui386 -U__i386 -xregs=no%frameptr -mt  -DSOLARIS2=11 -D_POSIX_PTHREAD_SEMANTICS -D_REENTRANT -D_LARGEFILE_SOURCE -D_FILE_OFFSET_BITS=64  -I/usr/apache2/2.4/include  -I/usr/apr/1.6/include   -I/usr/apr-util/1.6/include -I/usr/include/openldap -m64 -xO4 -xchip=generic -Ui386 -U__i386 -xregs=no%frameptr -xc99=all -mt -I/usr/include/python2.7 -DNDEBUG  -c -o src/server/wsgi_restrict.lo src/server/wsgi_restrict.c && touch src/server/wsgi_restrict.slo
/usr/apr/1.6/build/amd64/libtool --silent --mode=compile cc -prefer-pic -m64 -xO4 -xchip=generic -Ui386 -U__i386 -xregs=no%frameptr -mt  -DSOLARIS2=11 -D_POSIX_PTHREAD_SEMANTICS -D_REENTRANT -D_LARGEFILE_SOURCE -D_FILE_OFFSET_BITS=64  -I/usr/apache2/2.4/include  -I/usr/apr/1.6/include   -I/usr/apr-util/1.6/include -I/usr/include/openldap -m64 -xO4 -xchip=generic -Ui386 -U__i386 -xregs=no%frameptr -xc99=all -mt -I/usr/include/python2.7 -DNDEBUG  -c -o src/server/wsgi_server.lo src/server/wsgi_server.c && touch src/server/wsgi_server.slo
/usr/apr/1.6/build/amd64/libtool --silent --mode=compile cc -prefer-pic -m64 -xO4 -xchip=generic -Ui386 -U__i386 -xregs=no%frameptr -mt  -DSOLARIS2=11 -D_POSIX_PTHREAD_SEMANTICS -D_REENTRANT -D_LARGEFILE_SOURCE -D_FILE_OFFSET_BITS=64  -I/usr/apache2/2.4/include  -I/usr/apr/1.6/include   -I/usr/apr-util/1.6/include -I/usr/include/openldap -m64 -xO4 -xchip=generic -Ui386 -U__i386 -xregs=no%frameptr -xc99=all -mt -I/usr/include/python2.7 -DNDEBUG  -c -o src/server/wsgi_stream.lo src/server/wsgi_stream.c && touch src/server/wsgi_stream.slo
/usr/apr/1.6/build/amd64/libtool --silent --mode=compile cc -prefer-pic -m64 -xO4 -xchip=generic -Ui386 -U__i386 -xregs=no%frameptr -mt  -DSOLARIS2=11 -D_POSIX_PTHREAD_SEMANTICS -D_REENTRANT -D_LARGEFILE_SOURCE -D_FILE_OFFSET_BITS=64  -I/usr/apache2/2.4/include  -I/usr/apr/1.6/include   -I/usr/apr-util/1.6/include -I/usr/include/openldap -m64 -xO4 -xchip=generic -Ui386 -U__i386 -xregs=no%frameptr -xc99=all -mt -I/usr/include/python2.7 -DNDEBUG  -c -o src/server/wsgi_thread.lo src/server/wsgi_thread.c && touch src/server/wsgi_thread.slo
/usr/apr/1.6/build/amd64/libtool --silent --mode=compile cc -prefer-pic -m64 -xO4 -xchip=generic -Ui386 -U__i386 -xregs=no%frameptr -mt  -DSOLARIS2=11 -D_POSIX_PTHREAD_SEMANTICS -D_REENTRANT -D_LARGEFILE_SOURCE -D_FILE_OFFSET_BITS=64  -I/usr/apache2/2.4/include  -I/usr/apr/1.6/include   -I/usr/apr-util/1.6/include -I/usr/include/openldap -m64 -xO4 -xchip=generic -Ui386 -U__i386 -xregs=no%frameptr -xc99=all -mt -I/usr/include/python2.7 -DNDEBUG  -c -o src/server/wsgi_validate.lo src/server/wsgi_validate.c && touch src/server/wsgi_validate.slo
/usr/apr/1.6/build/amd64/libtool --silent --mode=link cc -m64   -o src/server/mod_wsgi.la  -rpath /usr/apache2/2.4/libexec -module -avoid-version    src/server/wsgi_validate.lo src/server/wsgi_thread.lo src/server/wsgi_stream.lo src/server/wsgi_server.lo src/server/wsgi_restrict.lo src/server/wsgi_metrics.lo src/server/wsgi_memory.lo src/server/wsgi_logger.lo src/server/wsgi_interp.lo src/server/wsgi_daemon.lo src/server/wsgi_convert.lo src/server/wsgi_buckets.lo src/server/wsgi_apache.lo src/server/mod_wsgi.lo -L/usr/lib -L/usr/lib/python2.7/config -lpython2.7 -lsocket -lnsl -ldl -lm
make[1]: Leaving directory '/ws/userland/src/components/apache2-modules/mod_wsgi/build/apache24-python27/amd64'
/usr/bin/touch /ws/userland/src/components/apache2-modules/mod_wsgi/build/apache24-python27/amd64/.built
(/bin/rm -f -rf /ws/userland/src/components/apache2-modules/mod_wsgi/build/apache24-python34/amd64 ; /bin/mkdir -p /ws/userland/src/components/apache2-modules/mod_wsgi/build/apache24-python34/amd64)
(/ws/userland/src/tools/cloney /ws/userland/src/components/apache2-modules/mod_wsgi/mod_wsgi-4.5.1 /ws/userland/src/components/apache2-modules/mod_wsgi/build/apache24-python34/amd64)
symlink cloning /ws/userland/src/components/apache2-modules/mod_wsgi/mod_wsgi-4.5.1 to /ws/userland/src/components/apache2-modules/mod_wsgi/build/apache24-python34/amd64
(cd /ws/userland/src/components/apache2-modules/mod_wsgi/build/apache24-python34/amd64 ; /usr/bin/env CONFIG_SHELL="/bin/bash" PKG_CONFIG_PATH="/usr/lib/amd64/pkgconfig" CC="/opt/solarisstudio12.4/bin/cc" CXX="/opt/solarisstudio12.4/bin/CC" PATH="/usr/bin/amd64:/opt/solarisstudio12.4/bin:/usr/bin:/usr/gnu/bin" CC_FOR_BUILD="/opt/solarisstudio12.4/bin/cc -m64" CXX_FOR_BUILD="/opt/solarisstudio12.4/bin/CC -m64" "ac_cv_func_realloc_0_nonnull=yes" "NM=/usr/gnu/bin/nm" INTLTOOL_PERL="/usr/perl5/5.22/bin/perl" CFLAGS="-m64 -xO4 -xchip=generic -Ui386 -U__i386 -xregs=no%frameptr -xc99=all -mt" CXXFLAGS="-norunpath -m64 -xO4 -xchip=generic -Ui386 -U__i386 -xregs=no%frameptr" LDFLAGS="" /bin/bash \
	/ws/userland/src/components/apache2-modules/mod_wsgi/mod_wsgi-4.5.1/configure --prefix=/usr --mandir=/usr/share/man --bindir=/usr/bin --sbindir=/usr/sbin --libdir=/usr/lib/amd64    --with-apxs=/usr/apache2/2.4/bin/apxs BITS=64 --with-python=/usr/bin/python3.4)
checking for gcc... /opt/solarisstudio12.4/bin/cc
checking whether the C compiler works... yes
checking for C compiler default output file name... a.out
checking for suffix of executables... 
checking whether we are cross compiling... no
checking for suffix of object files... o
checking whether we are using the GNU C compiler... no
checking whether /opt/solarisstudio12.4/bin/cc accepts -g... yes
checking for /opt/solarisstudio12.4/bin/cc option to accept ISO C89... none needed
checking for prctl... no
checking Apache version... 2.4.33
configure: creating ./config.status
config.status: creating Makefile
/usr/bin/touch /ws/userland/src/components/apache2-modules/mod_wsgi/build/apache24-python34/amd64/.configured
(cd /ws/userland/src/components/apache2-modules/mod_wsgi/build/apache24-python34/amd64 ; /usr/bin/env LD_OPTIONS="-M /usr/lib/ld/map.noexdata -M /usr/lib/ld/map.pagealign -Bdirect -zignore -zstrip-class=comment" LD_EXEC_OPTIONS=" -zsx=aslr=disable -zsx=nxstack=enable -zsx=nxheap=enable " LD_PIE_OPTIONS="-zsx=aslr=disable -zsx=nxstack=enable -zsx=nxheap=enable "  PKG_CONFIG_PATH="/usr/lib/amd64/pkgconfig" "ac_cv_func_realloc_0_nonnull=yes" INTLTOOL_PERL="/usr/perl5/5.22/bin/perl" \
	/usr/gnu/bin/make  )
make[1]: Entering directory '/ws/userland/src/components/apache2-modules/mod_wsgi/build/apache24-python34/amd64'
/usr/apache2/2.4/bin/apxs -c -I/usr/include/python3.4m -DNDEBUG -D_XOPEN_SOURCE=600 -D__EXTENSIONS__=1 -D_XPG6 -DPIC  -Wc,-m64 -Wc,-xO4 -Wc,-xchip=generic -Wc,-Ui386 -Wc,-U__i386 -Wc,-xregs=no%frameptr -Wc,-xc99=all -Wc,-mt  src/server/mod_wsgi.c src/server/wsgi_*.c -L/usr/lib/amd64 -L/usr/lib/python3.4/config-3.4m  -lpython3.4m -lsocket -lnsl -lintl -ldl -lsendfile -lm
/usr/apr/1.6/build/amd64/libtool --silent --mode=compile cc -prefer-pic -m64 -xO4 -xchip=generic -Ui386 -U__i386 -xregs=no%frameptr -mt  -DSOLARIS2=11 -D_POSIX_PTHREAD_SEMANTICS -D_REENTRANT -D_LARGEFILE_SOURCE -D_FILE_OFFSET_BITS=64  -I/usr/apache2/2.4/include  -I/usr/apr/1.6/include   -I/usr/apr-util/1.6/include -I/usr/include/openldap -m64 -xO4 -xchip=generic -Ui386 -U__i386 -xregs=no%frameptr -xc99=all -mt -I/usr/include/python3.4m -DNDEBUG -D_XOPEN_SOURCE=600 -D__EXTENSIONS__=1 -D_XPG6 -DPIC  -c -o src/server/mod_wsgi.lo src/server/mod_wsgi.c && touch src/server/mod_wsgi.slo
"src/server/mod_wsgi.c", line 8739: warning: statement not reached
"src/server/mod_wsgi.c", line 8922: warning: statement not reached
"src/server/mod_wsgi.c", line 10774: warning: statement not reached
/usr/apr/1.6/build/amd64/libtool --silent --mode=compile cc -prefer-pic -m64 -xO4 -xchip=generic -Ui386 -U__i386 -xregs=no%frameptr -mt  -DSOLARIS2=11 -D_POSIX_PTHREAD_SEMANTICS -D_REENTRANT -D_LARGEFILE_SOURCE -D_FILE_OFFSET_BITS=64  -I/usr/apache2/2.4/include  -I/usr/apr/1.6/include   -I/usr/apr-util/1.6/include -I/usr/include/openldap -m64 -xO4 -xchip=generic -Ui386 -U__i386 -xregs=no%frameptr -xc99=all -mt -I/usr/include/python3.4m -DNDEBUG -D_XOPEN_SOURCE=600 -D__EXTENSIONS__=1 -D_XPG6 -DPIC  -c -o src/server/wsgi_apache.lo src/server/wsgi_apache.c && touch src/server/wsgi_apache.slo
/usr/apr/1.6/build/amd64/libtool --silent --mode=compile cc -prefer-pic -m64 -xO4 -xchip=generic -Ui386 -U__i386 -xregs=no%frameptr -mt  -DSOLARIS2=11 -D_POSIX_PTHREAD_SEMANTICS -D_REENTRANT -D_LARGEFILE_SOURCE -D_FILE_OFFSET_BITS=64  -I/usr/apache2/2.4/include  -I/usr/apr/1.6/include   -I/usr/apr-util/1.6/include -I/usr/include/openldap -m64 -xO4 -xchip=generic -Ui386 -U__i386 -xregs=no%frameptr -xc99=all -mt -I/usr/include/python3.4m -DNDEBUG -D_XOPEN_SOURCE=600 -D__EXTENSIONS__=1 -D_XPG6 -DPIC  -c -o src/server/wsgi_buckets.lo src/server/wsgi_buckets.c && touch src/server/wsgi_buckets.slo
/usr/apr/1.6/build/amd64/libtool --silent --mode=compile cc -prefer-pic -m64 -xO4 -xchip=generic -Ui386 -U__i386 -xregs=no%frameptr -mt  -DSOLARIS2=11 -D_POSIX_PTHREAD_SEMANTICS -D_REENTRANT -D_LARGEFILE_SOURCE -D_FILE_OFFSET_BITS=64  -I/usr/apache2/2.4/include  -I/usr/apr/1.6/include   -I/usr/apr-util/1.6/include -I/usr/include/openldap -m64 -xO4 -xchip=generic -Ui386 -U__i386 -xregs=no%frameptr -xc99=all -mt -I/usr/include/python3.4m -DNDEBUG -D_XOPEN_SOURCE=600 -D__EXTENSIONS__=1 -D_XPG6 -DPIC  -c -o src/server/wsgi_convert.lo src/server/wsgi_convert.c && touch src/server/wsgi_convert.slo
/usr/apr/1.6/build/amd64/libtool --silent --mode=compile cc -prefer-pic -m64 -xO4 -xchip=generic -Ui386 -U__i386 -xregs=no%frameptr -mt  -DSOLARIS2=11 -D_POSIX_PTHREAD_SEMANTICS -D_REENTRANT -D_LARGEFILE_SOURCE -D_FILE_OFFSET_BITS=64  -I/usr/apache2/2.4/include  -I/usr/apr/1.6/include   -I/usr/apr-util/1.6/include -I/usr/include/openldap -m64 -xO4 -xchip=generic -Ui386 -U__i386 -xregs=no%frameptr -xc99=all -mt -I/usr/include/python3.4m -DNDEBUG -D_XOPEN_SOURCE=600 -D__EXTENSIONS__=1 -D_XPG6 -DPIC  -c -o src/server/wsgi_daemon.lo src/server/wsgi_daemon.c && touch src/server/wsgi_daemon.slo
/usr/apr/1.6/build/amd64/libtool --silent --mode=compile cc -prefer-pic -m64 -xO4 -xchip=generic -Ui386 -U__i386 -xregs=no%frameptr -mt  -DSOLARIS2=11 -D_POSIX_PTHREAD_SEMANTICS -D_REENTRANT -D_LARGEFILE_SOURCE -D_FILE_OFFSET_BITS=64  -I/usr/apache2/2.4/include  -I/usr/apr/1.6/include   -I/usr/apr-util/1.6/include -I/usr/include/openldap -m64 -xO4 -xchip=generic -Ui386 -U__i386 -xregs=no%frameptr -xc99=all -mt -I/usr/include/python3.4m -DNDEBUG -D_XOPEN_SOURCE=600 -D__EXTENSIONS__=1 -D_XPG6 -DPIC  -c -o src/server/wsgi_interp.lo src/server/wsgi_interp.c && touch src/server/wsgi_interp.slo
/usr/apr/1.6/build/amd64/libtool --silent --mode=compile cc -prefer-pic -m64 -xO4 -xchip=generic -Ui386 -U__i386 -xregs=no%frameptr -mt  -DSOLARIS2=11 -D_POSIX_PTHREAD_SEMANTICS -D_REENTRANT -D_LARGEFILE_SOURCE -D_FILE_OFFSET_BITS=64  -I/usr/apache2/2.4/include  -I/usr/apr/1.6/include   -I/usr/apr-util/1.6/include -I/usr/include/openldap -m64 -xO4 -xchip=generic -Ui386 -U__i386 -xregs=no%frameptr -xc99=all -mt -I/usr/include/python3.4m -DNDEBUG -D_XOPEN_SOURCE=600 -D__EXTENSIONS__=1 -D_XPG6 -DPIC  -c -o src/server/wsgi_logger.lo src/server/wsgi_logger.c && touch src/server/wsgi_logger.slo
/usr/apr/1.6/build/amd64/libtool --silent --mode=compile cc -prefer-pic -m64 -xO4 -xchip=generic -Ui386 -U__i386 -xregs=no%frameptr -mt  -DSOLARIS2=11 -D_POSIX_PTHREAD_SEMANTICS -D_REENTRANT -D_LARGEFILE_SOURCE -D_FILE_OFFSET_BITS=64  -I/usr/apache2/2.4/include  -I/usr/apr/1.6/include   -I/usr/apr-util/1.6/include -I/usr/include/openldap -m64 -xO4 -xchip=generic -Ui386 -U__i386 -xregs=no%frameptr -xc99=all -mt -I/usr/include/python3.4m -DNDEBUG -D_XOPEN_SOURCE=600 -D__EXTENSIONS__=1 -D_XPG6 -DPIC  -c -o src/server/wsgi_memory.lo src/server/wsgi_memory.c && touch src/server/wsgi_memory.slo
/usr/apr/1.6/build/amd64/libtool --silent --mode=compile cc -prefer-pic -m64 -xO4 -xchip=generic -Ui386 -U__i386 -xregs=no%frameptr -mt  -DSOLARIS2=11 -D_POSIX_PTHREAD_SEMANTICS -D_REENTRANT -D_LARGEFILE_SOURCE -D_FILE_OFFSET_BITS=64  -I/usr/apache2/2.4/include  -I/usr/apr/1.6/include   -I/usr/apr-util/1.6/include -I/usr/include/openldap -m64 -xO4 -xchip=generic -Ui386 -U__i386 -xregs=no%frameptr -xc99=all -mt -I/usr/include/python3.4m -DNDEBUG -D_XOPEN_SOURCE=600 -D__EXTENSIONS__=1 -D_XPG6 -DPIC  -c -o src/server/wsgi_metrics.lo src/server/wsgi_metrics.c && touch src/server/wsgi_metrics.slo
/usr/apr/1.6/build/amd64/libtool --silent --mode=compile cc -prefer-pic -m64 -xO4 -xchip=generic -Ui386 -U__i386 -xregs=no%frameptr -mt  -DSOLARIS2=11 -D_POSIX_PTHREAD_SEMANTICS -D_REENTRANT -D_LARGEFILE_SOURCE -D_FILE_OFFSET_BITS=64  -I/usr/apache2/2.4/include  -I/usr/apr/1.6/include   -I/usr/apr-util/1.6/include -I/usr/include/openldap -m64 -xO4 -xchip=generic -Ui386 -U__i386 -xregs=no%frameptr -xc99=all -mt -I/usr/include/python3.4m -DNDEBUG -D_XOPEN_SOURCE=600 -D__EXTENSIONS__=1 -D_XPG6 -DPIC  -c -o src/server/wsgi_restrict.lo src/server/wsgi_restrict.c && touch src/server/wsgi_restrict.slo
/usr/apr/1.6/build/amd64/libtool --silent --mode=compile cc -prefer-pic -m64 -xO4 -xchip=generic -Ui386 -U__i386 -xregs=no%frameptr -mt  -DSOLARIS2=11 -D_POSIX_PTHREAD_SEMANTICS -D_REENTRANT -D_LARGEFILE_SOURCE -D_FILE_OFFSET_BITS=64  -I/usr/apache2/2.4/include  -I/usr/apr/1.6/include   -I/usr/apr-util/1.6/include -I/usr/include/openldap -m64 -xO4 -xchip=generic -Ui386 -U__i386 -xregs=no%frameptr -xc99=all -mt -I/usr/include/python3.4m -DNDEBUG -D_XOPEN_SOURCE=600 -D__EXTENSIONS__=1 -D_XPG6 -DPIC  -c -o src/server/wsgi_server.lo src/server/wsgi_server.c && touch src/server/wsgi_server.slo
/usr/apr/1.6/build/amd64/libtool --silent --mode=compile cc -prefer-pic -m64 -xO4 -xchip=generic -Ui386 -U__i386 -xregs=no%frameptr -mt  -DSOLARIS2=11 -D_POSIX_PTHREAD_SEMANTICS -D_REENTRANT -D_LARGEFILE_SOURCE -D_FILE_OFFSET_BITS=64  -I/usr/apache2/2.4/include  -I/usr/apr/1.6/include   -I/usr/apr-util/1.6/include -I/usr/include/openldap -m64 -xO4 -xchip=generic -Ui386 -U__i386 -xregs=no%frameptr -xc99=all -mt -I/usr/include/python3.4m -DNDEBUG -D_XOPEN_SOURCE=600 -D__EXTENSIONS__=1 -D_XPG6 -DPIC  -c -o src/server/wsgi_stream.lo src/server/wsgi_stream.c && touch src/server/wsgi_stream.slo
/usr/apr/1.6/build/amd64/libtool --silent --mode=compile cc -prefer-pic -m64 -xO4 -xchip=generic -Ui386 -U__i386 -xregs=no%frameptr -mt  -DSOLARIS2=11 -D_POSIX_PTHREAD_SEMANTICS -D_REENTRANT -D_LARGEFILE_SOURCE -D_FILE_OFFSET_BITS=64  -I/usr/apache2/2.4/include  -I/usr/apr/1.6/include   -I/usr/apr-util/1.6/include -I/usr/include/openldap -m64 -xO4 -xchip=generic -Ui386 -U__i386 -xregs=no%frameptr -xc99=all -mt -I/usr/include/python3.4m -DNDEBUG -D_XOPEN_SOURCE=600 -D__EXTENSIONS__=1 -D_XPG6 -DPIC  -c -o src/server/wsgi_thread.lo src/server/wsgi_thread.c && touch src/server/wsgi_thread.slo
/usr/apr/1.6/build/amd64/libtool --silent --mode=compile cc -prefer-pic -m64 -xO4 -xchip=generic -Ui386 -U__i386 -xregs=no%frameptr -mt  -DSOLARIS2=11 -D_POSIX_PTHREAD_SEMANTICS -D_REENTRANT -D_LARGEFILE_SOURCE -D_FILE_OFFSET_BITS=64  -I/usr/apache2/2.4/include  -I/usr/apr/1.6/include   -I/usr/apr-util/1.6/include -I/usr/include/openldap -m64 -xO4 -xchip=generic -Ui386 -U__i386 -xregs=no%frameptr -xc99=all -mt -I/usr/include/python3.4m -DNDEBUG -D_XOPEN_SOURCE=600 -D__EXTENSIONS__=1 -D_XPG6 -DPIC  -c -o src/server/wsgi_validate.lo src/server/wsgi_validate.c && touch src/server/wsgi_validate.slo
/usr/apr/1.6/build/amd64/libtool --silent --mode=link cc -m64   -o src/server/mod_wsgi.la  -rpath /usr/apache2/2.4/libexec -module -avoid-version    src/server/wsgi_validate.lo src/server/wsgi_thread.lo src/server/wsgi_stream.lo src/server/wsgi_server.lo src/server/wsgi_restrict.lo src/server/wsgi_metrics.lo src/server/wsgi_memory.lo src/server/wsgi_logger.lo src/server/wsgi_interp.lo src/server/wsgi_daemon.lo src/server/wsgi_convert.lo src/server/wsgi_buckets.lo src/server/wsgi_apache.lo src/server/mod_wsgi.lo -L/usr/lib/amd64 -L/usr/lib/python3.4/config-3.4m -lpython3.4m -lsocket -lnsl -lintl -ldl -lsendfile -lm
make[1]: Leaving directory '/ws/userland/src/components/apache2-modules/mod_wsgi/build/apache24-python34/amd64'
/usr/bin/touch /ws/userland/src/components/apache2-modules/mod_wsgi/build/apache24-python34/amd64/.built
(/bin/rm -f -rf /ws/userland/src/components/apache2-modules/mod_wsgi/build/apache24-python35/amd64 ; /bin/mkdir -p /ws/userland/src/components/apache2-modules/mod_wsgi/build/apache24-python35/amd64)
(/ws/userland/src/tools/cloney /ws/userland/src/components/apache2-modules/mod_wsgi/mod_wsgi-4.5.1 /ws/userland/src/components/apache2-modules/mod_wsgi/build/apache24-python35/amd64)
symlink cloning /ws/userland/src/components/apache2-modules/mod_wsgi/mod_wsgi-4.5.1 to /ws/userland/src/components/apache2-modules/mod_wsgi/build/apache24-python35/amd64
(cd /ws/userland/src/components/apache2-modules/mod_wsgi/build/apache24-python35/amd64 ; /usr/bin/env CONFIG_SHELL="/bin/bash" PKG_CONFIG_PATH="/usr/lib/amd64/pkgconfig" CC="/opt/solarisstudio12.4/bin/cc" CXX="/opt/solarisstudio12.4/bin/CC" PATH="/usr/bin/amd64:/opt/solarisstudio12.4/bin:/usr/bin:/usr/gnu/bin" CC_FOR_BUILD="/opt/solarisstudio12.4/bin/cc -m64" CXX_FOR_BUILD="/opt/solarisstudio12.4/bin/CC -m64" "ac_cv_func_realloc_0_nonnull=yes" "NM=/usr/gnu/bin/nm" INTLTOOL_PERL="/usr/perl5/5.22/bin/perl" CFLAGS="-m64 -xO4 -xchip=generic -Ui386 -U__i386 -xregs=no%frameptr -xc99=all -mt" CXXFLAGS="-norunpath -m64 -xO4 -xchip=generic -Ui386 -U__i386 -xregs=no%frameptr" LDFLAGS="" /bin/bash \
	/ws/userland/src/components/apache2-modules/mod_wsgi/mod_wsgi-4.5.1/configure --prefix=/usr --mandir=/usr/share/man --bindir=/usr/bin --sbindir=/usr/sbin --libdir=/usr/lib/amd64    --with-apxs=/usr/apache2/2.4/bin/apxs BITS=64 --with-python=/usr/bin/python3.5)
checking for gcc... /opt/solarisstudio12.4/bin/cc
checking whether the C compiler works... yes
checking for C compiler default output file name... a.out
checking for suffix of executables... 
checking whether we are cross compiling... no
checking for suffix of object files... o
checking whether we are using the GNU C compiler... no
checking whether /opt/solarisstudio12.4/bin/cc accepts -g... yes
checking for /opt/solarisstudio12.4/bin/cc option to accept ISO C89... none needed
checking for prctl... no
checking Apache version... 2.4.33
configure: creating ./config.status
config.status: creating Makefile
/usr/bin/touch /ws/userland/src/components/apache2-modules/mod_wsgi/build/apache24-python35/amd64/.configured
(cd /ws/userland/src/components/apache2-modules/mod_wsgi/build/apache24-python35/amd64 ; /usr/bin/env LD_OPTIONS="-M /usr/lib/ld/map.noexdata -M /usr/lib/ld/map.pagealign -Bdirect -zignore -zstrip-class=comment" LD_EXEC_OPTIONS=" -zsx=aslr=disable -zsx=nxstack=enable -zsx=nxheap=enable " LD_PIE_OPTIONS="-zsx=aslr=disable -zsx=nxstack=enable -zsx=nxheap=enable "  PKG_CONFIG_PATH="/usr/lib/amd64/pkgconfig" "ac_cv_func_realloc_0_nonnull=yes" INTLTOOL_PERL="/usr/perl5/5.22/bin/perl" \
	/usr/gnu/bin/make  )
make[1]: Entering directory '/ws/userland/src/components/apache2-modules/mod_wsgi/build/apache24-python35/amd64'
/usr/apache2/2.4/bin/apxs -c -I/usr/include/python3.5m -DNDEBUG -D_XOPEN_SOURCE=600 -D__EXTENSIONS__=1 -D_XPG6 -DPIC  -Wc,-m64 -Wc,-xO4 -Wc,-xchip=generic -Wc,-Ui386 -Wc,-U__i386 -Wc,-xregs=no%frameptr -Wc,-xc99=all -Wc,-mt  src/server/mod_wsgi.c src/server/wsgi_*.c -L/usr/lib/amd64 -L/usr/lib/python3.5/config-3.5m  -lpython3.5m -lsocket -lnsl -lintl -ldl -lsendfile -lm
/usr/apr/1.6/build/amd64/libtool --silent --mode=compile cc -prefer-pic -m64 -xO4 -xchip=generic -Ui386 -U__i386 -xregs=no%frameptr -mt  -DSOLARIS2=11 -D_POSIX_PTHREAD_SEMANTICS -D_REENTRANT -D_LARGEFILE_SOURCE -D_FILE_OFFSET_BITS=64  -I/usr/apache2/2.4/include  -I/usr/apr/1.6/include   -I/usr/apr-util/1.6/include -I/usr/include/openldap -m64 -xO4 -xchip=generic -Ui386 -U__i386 -xregs=no%frameptr -xc99=all -mt -I/usr/include/python3.5m -DNDEBUG -D_XOPEN_SOURCE=600 -D__EXTENSIONS__=1 -D_XPG6 -DPIC  -c -o src/server/mod_wsgi.lo src/server/mod_wsgi.c && touch src/server/mod_wsgi.slo
"src/server/mod_wsgi.c", line 8739: warning: statement not reached
"src/server/mod_wsgi.c", line 8922: warning: statement not reached
"src/server/mod_wsgi.c", line 10774: warning: statement not reached
/usr/apr/1.6/build/amd64/libtool --silent --mode=compile cc -prefer-pic -m64 -xO4 -xchip=generic -Ui386 -U__i386 -xregs=no%frameptr -mt  -DSOLARIS2=11 -D_POSIX_PTHREAD_SEMANTICS -D_REENTRANT -D_LARGEFILE_SOURCE -D_FILE_OFFSET_BITS=64  -I/usr/apache2/2.4/include  -I/usr/apr/1.6/include   -I/usr/apr-util/1.6/include -I/usr/include/openldap -m64 -xO4 -xchip=generic -Ui386 -U__i386 -xregs=no%frameptr -xc99=all -mt -I/usr/include/python3.5m -DNDEBUG -D_XOPEN_SOURCE=600 -D__EXTENSIONS__=1 -D_XPG6 -DPIC  -c -o src/server/wsgi_apache.lo src/server/wsgi_apache.c && touch src/server/wsgi_apache.slo
/usr/apr/1.6/build/amd64/libtool --silent --mode=compile cc -prefer-pic -m64 -xO4 -xchip=generic -Ui386 -U__i386 -xregs=no%frameptr -mt  -DSOLARIS2=11 -D_POSIX_PTHREAD_SEMANTICS -D_REENTRANT -D_LARGEFILE_SOURCE -D_FILE_OFFSET_BITS=64  -I/usr/apache2/2.4/include  -I/usr/apr/1.6/include   -I/usr/apr-util/1.6/include -I/usr/include/openldap -m64 -xO4 -xchip=generic -Ui386 -U__i386 -xregs=no%frameptr -xc99=all -mt -I/usr/include/python3.5m -DNDEBUG -D_XOPEN_SOURCE=600 -D__EXTENSIONS__=1 -D_XPG6 -DPIC  -c -o src/server/wsgi_buckets.lo src/server/wsgi_buckets.c && touch src/server/wsgi_buckets.slo
/usr/apr/1.6/build/amd64/libtool --silent --mode=compile cc -prefer-pic -m64 -xO4 -xchip=generic -Ui386 -U__i386 -xregs=no%frameptr -mt  -DSOLARIS2=11 -D_POSIX_PTHREAD_SEMANTICS -D_REENTRANT -D_LARGEFILE_SOURCE -D_FILE_OFFSET_BITS=64  -I/usr/apache2/2.4/include  -I/usr/apr/1.6/include   -I/usr/apr-util/1.6/include -I/usr/include/openldap -m64 -xO4 -xchip=generic -Ui386 -U__i386 -xregs=no%frameptr -xc99=all -mt -I/usr/include/python3.5m -DNDEBUG -D_XOPEN_SOURCE=600 -D__EXTENSIONS__=1 -D_XPG6 -DPIC  -c -o src/server/wsgi_convert.lo src/server/wsgi_convert.c && touch src/server/wsgi_convert.slo
/usr/apr/1.6/build/amd64/libtool --silent --mode=compile cc -prefer-pic -m64 -xO4 -xchip=generic -Ui386 -U__i386 -xregs=no%frameptr -mt  -DSOLARIS2=11 -D_POSIX_PTHREAD_SEMANTICS -D_REENTRANT -D_LARGEFILE_SOURCE -D_FILE_OFFSET_BITS=64  -I/usr/apache2/2.4/include  -I/usr/apr/1.6/include   -I/usr/apr-util/1.6/include -I/usr/include/openldap -m64 -xO4 -xchip=generic -Ui386 -U__i386 -xregs=no%frameptr -xc99=all -mt -I/usr/include/python3.5m -DNDEBUG -D_XOPEN_SOURCE=600 -D__EXTENSIONS__=1 -D_XPG6 -DPIC  -c -o src/server/wsgi_daemon.lo src/server/wsgi_daemon.c && touch src/server/wsgi_daemon.slo
/usr/apr/1.6/build/amd64/libtool --silent --mode=compile cc -prefer-pic -m64 -xO4 -xchip=generic -Ui386 -U__i386 -xregs=no%frameptr -mt  -DSOLARIS2=11 -D_POSIX_PTHREAD_SEMANTICS -D_REENTRANT -D_LARGEFILE_SOURCE -D_FILE_OFFSET_BITS=64  -I/usr/apache2/2.4/include  -I/usr/apr/1.6/include   -I/usr/apr-util/1.6/include -I/usr/include/openldap -m64 -xO4 -xchip=generic -Ui386 -U__i386 -xregs=no%frameptr -xc99=all -mt -I/usr/include/python3.5m -DNDEBUG -D_XOPEN_SOURCE=600 -D__EXTENSIONS__=1 -D_XPG6 -DPIC  -c -o src/server/wsgi_interp.lo src/server/wsgi_interp.c && touch src/server/wsgi_interp.slo
/usr/apr/1.6/build/amd64/libtool --silent --mode=compile cc -prefer-pic -m64 -xO4 -xchip=generic -Ui386 -U__i386 -xregs=no%frameptr -mt  -DSOLARIS2=11 -D_POSIX_PTHREAD_SEMANTICS -D_REENTRANT -D_LARGEFILE_SOURCE -D_FILE_OFFSET_BITS=64  -I/usr/apache2/2.4/include  -I/usr/apr/1.6/include   -I/usr/apr-util/1.6/include -I/usr/include/openldap -m64 -xO4 -xchip=generic -Ui386 -U__i386 -xregs=no%frameptr -xc99=all -mt -I/usr/include/python3.5m -DNDEBUG -D_XOPEN_SOURCE=600 -D__EXTENSIONS__=1 -D_XPG6 -DPIC  -c -o src/server/wsgi_logger.lo src/server/wsgi_logger.c && touch src/server/wsgi_logger.slo
/usr/apr/1.6/build/amd64/libtool --silent --mode=compile cc -prefer-pic -m64 -xO4 -xchip=generic -Ui386 -U__i386 -xregs=no%frameptr -mt  -DSOLARIS2=11 -D_POSIX_PTHREAD_SEMANTICS -D_REENTRANT -D_LARGEFILE_SOURCE -D_FILE_OFFSET_BITS=64  -I/usr/apache2/2.4/include  -I/usr/apr/1.6/include   -I/usr/apr-util/1.6/include -I/usr/include/openldap -m64 -xO4 -xchip=generic -Ui386 -U__i386 -xregs=no%frameptr -xc99=all -mt -I/usr/include/python3.5m -DNDEBUG -D_XOPEN_SOURCE=600 -D__EXTENSIONS__=1 -D_XPG6 -DPIC  -c -o src/server/wsgi_memory.lo src/server/wsgi_memory.c && touch src/server/wsgi_memory.slo
/usr/apr/1.6/build/amd64/libtool --silent --mode=compile cc -prefer-pic -m64 -xO4 -xchip=generic -Ui386 -U__i386 -xregs=no%frameptr -mt  -DSOLARIS2=11 -D_POSIX_PTHREAD_SEMANTICS -D_REENTRANT -D_LARGEFILE_SOURCE -D_FILE_OFFSET_BITS=64  -I/usr/apache2/2.4/include  -I/usr/apr/1.6/include   -I/usr/apr-util/1.6/include -I/usr/include/openldap -m64 -xO4 -xchip=generic -Ui386 -U__i386 -xregs=no%frameptr -xc99=all -mt -I/usr/include/python3.5m -DNDEBUG -D_XOPEN_SOURCE=600 -D__EXTENSIONS__=1 -D_XPG6 -DPIC  -c -o src/server/wsgi_metrics.lo src/server/wsgi_metrics.c && touch src/server/wsgi_metrics.slo
/usr/apr/1.6/build/amd64/libtool --silent --mode=compile cc -prefer-pic -m64 -xO4 -xchip=generic -Ui386 -U__i386 -xregs=no%frameptr -mt  -DSOLARIS2=11 -D_POSIX_PTHREAD_SEMANTICS -D_REENTRANT -D_LARGEFILE_SOURCE -D_FILE_OFFSET_BITS=64  -I/usr/apache2/2.4/include  -I/usr/apr/1.6/include   -I/usr/apr-util/1.6/include -I/usr/include/openldap -m64 -xO4 -xchip=generic -Ui386 -U__i386 -xregs=no%frameptr -xc99=all -mt -I/usr/include/python3.5m -DNDEBUG -D_XOPEN_SOURCE=600 -D__EXTENSIONS__=1 -D_XPG6 -DPIC  -c -o src/server/wsgi_restrict.lo src/server/wsgi_restrict.c && touch src/server/wsgi_restrict.slo
/usr/apr/1.6/build/amd64/libtool --silent --mode=compile cc -prefer-pic -m64 -xO4 -xchip=generic -Ui386 -U__i386 -xregs=no%frameptr -mt  -DSOLARIS2=11 -D_POSIX_PTHREAD_SEMANTICS -D_REENTRANT -D_LARGEFILE_SOURCE -D_FILE_OFFSET_BITS=64  -I/usr/apache2/2.4/include  -I/usr/apr/1.6/include   -I/usr/apr-util/1.6/include -I/usr/include/openldap -m64 -xO4 -xchip=generic -Ui386 -U__i386 -xregs=no%frameptr -xc99=all -mt -I/usr/include/python3.5m -DNDEBUG -D_XOPEN_SOURCE=600 -D__EXTENSIONS__=1 -D_XPG6 -DPIC  -c -o src/server/wsgi_server.lo src/server/wsgi_server.c && touch src/server/wsgi_server.slo
/usr/apr/1.6/build/amd64/libtool --silent --mode=compile cc -prefer-pic -m64 -xO4 -xchip=generic -Ui386 -U__i386 -xregs=no%frameptr -mt  -DSOLARIS2=11 -D_POSIX_PTHREAD_SEMANTICS -D_REENTRANT -D_LARGEFILE_SOURCE -D_FILE_OFFSET_BITS=64  -I/usr/apache2/2.4/include  -I/usr/apr/1.6/include   -I/usr/apr-util/1.6/include -I/usr/include/openldap -m64 -xO4 -xchip=generic -Ui386 -U__i386 -xregs=no%frameptr -xc99=all -mt -I/usr/include/python3.5m -DNDEBUG -D_XOPEN_SOURCE=600 -D__EXTENSIONS__=1 -D_XPG6 -DPIC  -c -o src/server/wsgi_stream.lo src/server/wsgi_stream.c && touch src/server/wsgi_stream.slo
/usr/apr/1.6/build/amd64/libtool --silent --mode=compile cc -prefer-pic -m64 -xO4 -xchip=generic -Ui386 -U__i386 -xregs=no%frameptr -mt  -DSOLARIS2=11 -D_POSIX_PTHREAD_SEMANTICS -D_REENTRANT -D_LARGEFILE_SOURCE -D_FILE_OFFSET_BITS=64  -I/usr/apache2/2.4/include  -I/usr/apr/1.6/include   -I/usr/apr-util/1.6/include -I/usr/include/openldap -m64 -xO4 -xchip=generic -Ui386 -U__i386 -xregs=no%frameptr -xc99=all -mt -I/usr/include/python3.5m -DNDEBUG -D_XOPEN_SOURCE=600 -D__EXTENSIONS__=1 -D_XPG6 -DPIC  -c -o src/server/wsgi_thread.lo src/server/wsgi_thread.c && touch src/server/wsgi_thread.slo
/usr/apr/1.6/build/amd64/libtool --silent --mode=compile cc -prefer-pic -m64 -xO4 -xchip=generic -Ui386 -U__i386 -xregs=no%frameptr -mt  -DSOLARIS2=11 -D_POSIX_PTHREAD_SEMANTICS -D_REENTRANT -D_LARGEFILE_SOURCE -D_FILE_OFFSET_BITS=64  -I/usr/apache2/2.4/include  -I/usr/apr/1.6/include   -I/usr/apr-util/1.6/include -I/usr/include/openldap -m64 -xO4 -xchip=generic -Ui386 -U__i386 -xregs=no%frameptr -xc99=all -mt -I/usr/include/python3.5m -DNDEBUG -D_XOPEN_SOURCE=600 -D__EXTENSIONS__=1 -D_XPG6 -DPIC  -c -o src/server/wsgi_validate.lo src/server/wsgi_validate.c && touch src/server/wsgi_validate.slo
/usr/apr/1.6/build/amd64/libtool --silent --mode=link cc -m64   -o src/server/mod_wsgi.la  -rpath /usr/apache2/2.4/libexec -module -avoid-version    src/server/wsgi_validate.lo src/server/wsgi_thread.lo src/server/wsgi_stream.lo src/server/wsgi_server.lo src/server/wsgi_restrict.lo src/server/wsgi_metrics.lo src/server/wsgi_memory.lo src/server/wsgi_logger.lo src/server/wsgi_interp.lo src/server/wsgi_daemon.lo src/server/wsgi_convert.lo src/server/wsgi_buckets.lo src/server/wsgi_apache.lo src/server/mod_wsgi.lo -L/usr/lib/amd64 -L/usr/lib/python3.5/config-3.5m -lpython3.5m -lsocket -lnsl -lintl -ldl -lsendfile -lm
make[1]: Leaving directory '/ws/userland/src/components/apache2-modules/mod_wsgi/build/apache24-python35/amd64'
/usr/bin/touch /ws/userland/src/components/apache2-modules/mod_wsgi/build/apache24-python35/amd64/.built
(cd /ws/userland/src/components/apache2-modules/mod_wsgi/build/apache24-python27/amd64 ; /usr/bin/env LD_OPTIONS="-M /usr/lib/ld/map.noexdata -M /usr/lib/ld/map.pagealign -Bdirect -zignore -zstrip-class=comment" LD_EXEC_OPTIONS=" -zsx=aslr=disable -zsx=nxstack=enable -zsx=nxheap=enable " LD_PIE_OPTIONS="-zsx=aslr=disable -zsx=nxstack=enable -zsx=nxheap=enable "  /usr/gnu/bin/make \
		 DESTDIR=/ws/userland/src/components/apache2-modules/mod_wsgi/build/prototype/i386 install)
make[1]: Entering directory '/ws/userland/src/components/apache2-modules/mod_wsgi/build/apache24-python27/amd64'
mkdir -p /ws/userland/src/components/apache2-modules/mod_wsgi/build/prototype/i386/usr/apache2/2.4/libexec
/usr/apache2/2.4/bin/apxs -i -S LIBEXECDIR=/ws/userland/src/components/apache2-modules/mod_wsgi/build/prototype/i386/usr/apache2/2.4/libexec -n 'mod_wsgi' src/server/mod_wsgi.la
/usr/apache2/2.4/build/instdso.sh SH_LIBTOOL='/usr/apr/1.6/build/amd64/libtool' src/server/mod_wsgi.la /ws/userland/src/components/apache2-modules/mod_wsgi/build/prototype/i386/usr/apache2/2.4/libexec
/usr/apr/1.6/build/amd64/libtool --mode=install cp src/server/mod_wsgi.la /ws/userland/src/components/apache2-modules/mod_wsgi/build/prototype/i386/usr/apache2/2.4/libexec/
libtool: install: cp src/server/.libs/mod_wsgi.so /ws/userland/src/components/apache2-modules/mod_wsgi/build/prototype/i386/usr/apache2/2.4/libexec/mod_wsgi.so
libtool: install: chmod +x /ws/userland/src/components/apache2-modules/mod_wsgi/build/prototype/i386/usr/apache2/2.4/libexec/mod_wsgi.so
libtool: install: cp src/server/.libs/mod_wsgi.lai /ws/userland/src/components/apache2-modules/mod_wsgi/build/prototype/i386/usr/apache2/2.4/libexec/mod_wsgi.la
libtool: warning: remember to run 'libtool --finish /usr/apache2/2.4/libexec'
chmod 755 /ws/userland/src/components/apache2-modules/mod_wsgi/build/prototype/i386/usr/apache2/2.4/libexec/mod_wsgi.so
mv /ws/userland/src/components/apache2-modules/mod_wsgi/build/prototype/i386/usr/apache2/2.4/libexec/mod_wsgi.so /ws/userland/src/components/apache2-modules/mod_wsgi/build/prototype/i386/usr/apache2/2.4/libexec/mod_wsgi-2.7.so
make[1]: Leaving directory '/ws/userland/src/components/apache2-modules/mod_wsgi/build/apache24-python27/amd64'
/usr/bin/touch /ws/userland/src/components/apache2-modules/mod_wsgi/build/apache24-python27/amd64/.installed
(cd /ws/userland/src/components/apache2-modules/mod_wsgi/build/apache24-python34/amd64 ; /usr/bin/env LD_OPTIONS="-M /usr/lib/ld/map.noexdata -M /usr/lib/ld/map.pagealign -Bdirect -zignore -zstrip-class=comment" LD_EXEC_OPTIONS=" -zsx=aslr=disable -zsx=nxstack=enable -zsx=nxheap=enable " LD_PIE_OPTIONS="-zsx=aslr=disable -zsx=nxstack=enable -zsx=nxheap=enable "  /usr/gnu/bin/make \
		 DESTDIR=/ws/userland/src/components/apache2-modules/mod_wsgi/build/prototype/i386 install)
make[1]: Entering directory '/ws/userland/src/components/apache2-modules/mod_wsgi/build/apache24-python34/amd64'
/usr/apache2/2.4/bin/apxs -i -S LIBEXECDIR=/ws/userland/src/components/apache2-modules/mod_wsgi/build/prototype/i386/usr/apache2/2.4/libexec -n 'mod_wsgi' src/server/mod_wsgi.la
/usr/apache2/2.4/build/instdso.sh SH_LIBTOOL='/usr/apr/1.6/build/amd64/libtool' src/server/mod_wsgi.la /ws/userland/src/components/apache2-modules/mod_wsgi/build/prototype/i386/usr/apache2/2.4/libexec
/usr/apr/1.6/build/amd64/libtool --mode=install cp src/server/mod_wsgi.la /ws/userland/src/components/apache2-modules/mod_wsgi/build/prototype/i386/usr/apache2/2.4/libexec/
libtool: install: cp src/server/.libs/mod_wsgi.so /ws/userland/src/components/apache2-modules/mod_wsgi/build/prototype/i386/usr/apache2/2.4/libexec/mod_wsgi.so
libtool: install: chmod +x /ws/userland/src/components/apache2-modules/mod_wsgi/build/prototype/i386/usr/apache2/2.4/libexec/mod_wsgi.so
libtool: install: cp src/server/.libs/mod_wsgi.lai /ws/userland/src/components/apache2-modules/mod_wsgi/build/prototype/i386/usr/apache2/2.4/libexec/mod_wsgi.la
libtool: warning: remember to run 'libtool --finish /usr/apache2/2.4/libexec'
chmod 755 /ws/userland/src/components/apache2-modules/mod_wsgi/build/prototype/i386/usr/apache2/2.4/libexec/mod_wsgi.so
mv /ws/userland/src/components/apache2-modules/mod_wsgi/build/prototype/i386/usr/apache2/2.4/libexec/mod_wsgi.so /ws/userland/src/components/apache2-modules/mod_wsgi/build/prototype/i386/usr/apache2/2.4/libexec/mod_wsgi-3.4.so
make[1]: Leaving directory '/ws/userland/src/components/apache2-modules/mod_wsgi/build/apache24-python34/amd64'
/usr/bin/touch /ws/userland/src/components/apache2-modules/mod_wsgi/build/apache24-python34/amd64/.installed
(cd /ws/userland/src/components/apache2-modules/mod_wsgi/build/apache24-python35/amd64 ; /usr/bin/env LD_OPTIONS="-M /usr/lib/ld/map.noexdata -M /usr/lib/ld/map.pagealign -Bdirect -zignore -zstrip-class=comment" LD_EXEC_OPTIONS=" -zsx=aslr=disable -zsx=nxstack=enable -zsx=nxheap=enable " LD_PIE_OPTIONS="-zsx=aslr=disable -zsx=nxstack=enable -zsx=nxheap=enable "  /usr/gnu/bin/make \
		 DESTDIR=/ws/userland/src/components/apache2-modules/mod_wsgi/build/prototype/i386 install)
make[1]: Entering directory '/ws/userland/src/components/apache2-modules/mod_wsgi/build/apache24-python35/amd64'
/usr/apache2/2.4/bin/apxs -i -S LIBEXECDIR=/ws/userland/src/components/apache2-modules/mod_wsgi/build/prototype/i386/usr/apache2/2.4/libexec -n 'mod_wsgi' src/server/mod_wsgi.la
/usr/apache2/2.4/build/instdso.sh SH_LIBTOOL='/usr/apr/1.6/build/amd64/libtool' src/server/mod_wsgi.la /ws/userland/src/components/apache2-modules/mod_wsgi/build/prototype/i386/usr/apache2/2.4/libexec
/usr/apr/1.6/build/amd64/libtool --mode=install cp src/server/mod_wsgi.la /ws/userland/src/components/apache2-modules/mod_wsgi/build/prototype/i386/usr/apache2/2.4/libexec/
libtool: install: cp src/server/.libs/mod_wsgi.so /ws/userland/src/components/apache2-modules/mod_wsgi/build/prototype/i386/usr/apache2/2.4/libexec/mod_wsgi.so
libtool: install: chmod +x /ws/userland/src/components/apache2-modules/mod_wsgi/build/prototype/i386/usr/apache2/2.4/libexec/mod_wsgi.so
libtool: install: cp src/server/.libs/mod_wsgi.lai /ws/userland/src/components/apache2-modules/mod_wsgi/build/prototype/i386/usr/apache2/2.4/libexec/mod_wsgi.la
libtool: warning: remember to run 'libtool --finish /usr/apache2/2.4/libexec'
chmod 755 /ws/userland/src/components/apache2-modules/mod_wsgi/build/prototype/i386/usr/apache2/2.4/libexec/mod_wsgi.so
mv /ws/userland/src/components/apache2-modules/mod_wsgi/build/prototype/i386/usr/apache2/2.4/libexec/mod_wsgi.so /ws/userland/src/components/apache2-modules/mod_wsgi/build/prototype/i386/usr/apache2/2.4/libexec/mod_wsgi-3.5.so
make[1]: Leaving directory '/ws/userland/src/components/apache2-modules/mod_wsgi/build/apache24-python35/amd64'
/usr/bin/touch /ws/userland/src/components/apache2-modules/mod_wsgi/build/apache24-python35/amd64/.installed
abort: there is no Mercurial repository here (.hg not found)
/usr/bin/pkgfmt -c -fv2 mod_wsgi-24.p5m
/usr/bin/pkgmogrify -D PERL_ARCH=i86pc-solaris-thread-multi-64 -D PERL_VERSION=5.22 -D IPS_COMPONENT_RE_VERSION=4\\.5\\.1 -D COMPONENT_RE_VERSION=4\\.5\\.1 -D PYTHON_2.7_ONLY=# -D PYTHON_3.4_ONLY=# -D PYTHON_3.5_ONLY=# -D SQ=\' -D DQ=\" -D Q=\" -I/ws/userland/src/components/apache2-modules/mod_wsgi -D SOLARIS_11_3_ONLY="#" -D SOLARIS_11_5_ONLY="#" -D SOLARIS_11_3_4_ONLY="" -D SOLARIS_11_4_5_ONLY="" -D SOLARIS_11_4_ONLY="" -D ARC_CASE="" -D TPNO="27758" -D BUILD_VERSION="5.11-11.4.0.0.1.14.0" -D OS_RELEASE="5.11" -D SOLARIS_VERSION="2.11" -D PKG_SOLARIS_VERSION="11.4" -D CONSOLIDATION="userland" -D CONSOLIDATION_CHANGESET="" -D CONSOLIDATION_REPOSITORY_URL="https://github.com/oracle/solaris-userland.git" -D COMPONENT_VERSION="4.5.1" -D IPS_COMPONENT_VERSION="4.5.1" -D HUMAN_VERSION="" -D COMPONENT_ARCHIVE_URL="https://pypi.python.org/packages/source/m/mod_wsgi/mod_wsgi-4.5.1.tar.gz" -D COMPONENT_PROJECT_URL="https://modwsgi.readthedocs.io/" -D COMPONENT_NAME="mod_wsgi" -D HG_REPO="" -D HG_REV="" -D HG_URL="" -D GIT_COMMIT_ID="" -D GIT_REPO="" -D GIT_TAG="" -D MACH="i386" -D MACH32="i86" -D MACH64="amd64" -D PUBLISHER="nightly" -D PUBLISHER_LOCALIZABLE="userland-localizable" mod_wsgi-24.p5m \
	/ws/userland/src/transforms/license-changes /ws/userland/src/transforms/variant-cleanup /ws/userland/src/transforms/autopyc /ws/userland/src/transforms/defaults /ws/userland/src/transforms/actuators /ws/userland/src/transforms/depends /ws/userland/src/transforms/devel /ws/userland/src/transforms/docs /ws/userland/src/transforms/locale /ws/userland/src/transforms/standard-python-libraries /ws/userland/src/transforms/python-rename /ws/userland/src/transforms/python-3-groups /ws/userland/src/transforms/python-3-soabi /ws/userland/src/transforms/python-3-no-32bit /ws/userland/src/transforms/ruby-tests /ws/userland/src/transforms/puppet /ws/userland/src/transforms/libtool-drop /ws/userland/src/transforms/incorporate /ws/userland/src/transforms/publish-cleanup | \
	sed -e '/^$/d' -e '/^#.*$/d' | uniq >/ws/userland/src/components/apache2-modules/mod_wsgi/build/manifest-i386-mod_wsgi-24.mogrified
/bin/mkdir -p /ws/userland/src/components/apache2-modules/mod_wsgi/build/prototype/i386/mangled
/ws/userland/src/tools/userland-mangler -D /ws/userland/src/components/apache2-modules/mod_wsgi/build/prototype/i386/mangled -d /ws/userland/src/components/apache2-modules/mod_wsgi/build/prototype/i386/mangled -d /ws/userland/src/components/apache2-modules/mod_wsgi/build/prototype/i386 -d /ws/userland/src/components/apache2-modules/mod_wsgi/build -d /ws/userland/src/components/apache2-modules/mod_wsgi -d mod_wsgi-4.5.1 -d /ws/userland/src/licenses -m /ws/userland/src/components/apache2-modules/mod_wsgi/build/manifest-i386-mod_wsgi-24.mogrified >/ws/userland/src/components/apache2-modules/mod_wsgi/build/manifest-i386-mod_wsgi-24.mangled
/usr/bin/env  /usr/bin/pkgdepend generate \
    -m -d /ws/userland/src/components/apache2-modules/mod_wsgi/build/prototype/i386/mangled -d /ws/userland/src/components/apache2-modules/mod_wsgi/build/prototype/i386 -d /ws/userland/src/components/apache2-modules/mod_wsgi/build -d /ws/userland/src/components/apache2-modules/mod_wsgi -d mod_wsgi-4.5.1 -d /ws/userland/src/licenses /ws/userland/src/components/apache2-modules/mod_wsgi/build/manifest-i386-mod_wsgi-24.mangled >/ws/userland/src/components/apache2-modules/mod_wsgi/build/manifest-i386-mod_wsgi-24.depend
abort: there is no Mercurial repository here (.hg not found)
/usr/bin/pkgfmt -c -fv2 mod_wsgi-34-24.p5m
/usr/bin/pkgmogrify -D PERL_ARCH=i86pc-solaris-thread-multi-64 -D PERL_VERSION=5.22 -D IPS_COMPONENT_RE_VERSION=4\\.5\\.1 -D COMPONENT_RE_VERSION=4\\.5\\.1 -D PYTHON_2.7_ONLY=# -D PYTHON_3.4_ONLY=# -D PYTHON_3.5_ONLY=# -D SQ=\' -D DQ=\" -D Q=\" -I/ws/userland/src/components/apache2-modules/mod_wsgi -D SOLARIS_11_3_ONLY="#" -D SOLARIS_11_5_ONLY="#" -D SOLARIS_11_3_4_ONLY="" -D SOLARIS_11_4_5_ONLY="" -D SOLARIS_11_4_ONLY="" -D ARC_CASE="" -D TPNO="27758" -D BUILD_VERSION="5.11-11.4.0.0.1.14.0" -D OS_RELEASE="5.11" -D SOLARIS_VERSION="2.11" -D PKG_SOLARIS_VERSION="11.4" -D CONSOLIDATION="userland" -D CONSOLIDATION_CHANGESET="" -D CONSOLIDATION_REPOSITORY_URL="https://github.com/oracle/solaris-userland.git" -D COMPONENT_VERSION="4.5.1" -D IPS_COMPONENT_VERSION="4.5.1" -D HUMAN_VERSION="" -D COMPONENT_ARCHIVE_URL="https://pypi.python.org/packages/source/m/mod_wsgi/mod_wsgi-4.5.1.tar.gz" -D COMPONENT_PROJECT_URL="https://modwsgi.readthedocs.io/" -D COMPONENT_NAME="mod_wsgi" -D HG_REPO="" -D HG_REV="" -D HG_URL="" -D GIT_COMMIT_ID="" -D GIT_REPO="" -D GIT_TAG="" -D MACH="i386" -D MACH32="i86" -D MACH64="amd64" -D PUBLISHER="nightly" -D PUBLISHER_LOCALIZABLE="userland-localizable" mod_wsgi-34-24.p5m \
	/ws/userland/src/transforms/license-changes /ws/userland/src/transforms/variant-cleanup /ws/userland/src/transforms/autopyc /ws/userland/src/transforms/defaults /ws/userland/src/transforms/actuators /ws/userland/src/transforms/depends /ws/userland/src/transforms/devel /ws/userland/src/transforms/docs /ws/userland/src/transforms/locale /ws/userland/src/transforms/standard-python-libraries /ws/userland/src/transforms/python-rename /ws/userland/src/transforms/python-3-groups /ws/userland/src/transforms/python-3-soabi /ws/userland/src/transforms/python-3-no-32bit /ws/userland/src/transforms/ruby-tests /ws/userland/src/transforms/puppet /ws/userland/src/transforms/libtool-drop /ws/userland/src/transforms/incorporate /ws/userland/src/transforms/publish-cleanup | \
	sed -e '/^$/d' -e '/^#.*$/d' | uniq >/ws/userland/src/components/apache2-modules/mod_wsgi/build/manifest-i386-mod_wsgi-34-24.mogrified
/ws/userland/src/tools/userland-mangler -D /ws/userland/src/components/apache2-modules/mod_wsgi/build/prototype/i386/mangled -d /ws/userland/src/components/apache2-modules/mod_wsgi/build/prototype/i386/mangled -d /ws/userland/src/components/apache2-modules/mod_wsgi/build/prototype/i386 -d /ws/userland/src/components/apache2-modules/mod_wsgi/build -d /ws/userland/src/components/apache2-modules/mod_wsgi -d mod_wsgi-4.5.1 -d /ws/userland/src/licenses -m /ws/userland/src/components/apache2-modules/mod_wsgi/build/manifest-i386-mod_wsgi-34-24.mogrified >/ws/userland/src/components/apache2-modules/mod_wsgi/build/manifest-i386-mod_wsgi-34-24.mangled
/usr/bin/env  /usr/bin/pkgdepend generate \
    -m -d /ws/userland/src/components/apache2-modules/mod_wsgi/build/prototype/i386/mangled -d /ws/userland/src/components/apache2-modules/mod_wsgi/build/prototype/i386 -d /ws/userland/src/components/apache2-modules/mod_wsgi/build -d /ws/userland/src/components/apache2-modules/mod_wsgi -d mod_wsgi-4.5.1 -d /ws/userland/src/licenses /ws/userland/src/components/apache2-modules/mod_wsgi/build/manifest-i386-mod_wsgi-34-24.mangled >/ws/userland/src/components/apache2-modules/mod_wsgi/build/manifest-i386-mod_wsgi-34-24.depend
abort: there is no Mercurial repository here (.hg not found)
/usr/bin/pkgfmt -c -fv2 mod_wsgi-27-24.p5m
/usr/bin/pkgmogrify -D PERL_ARCH=i86pc-solaris-thread-multi-64 -D PERL_VERSION=5.22 -D IPS_COMPONENT_RE_VERSION=4\\.5\\.1 -D COMPONENT_RE_VERSION=4\\.5\\.1 -D PYTHON_2.7_ONLY=# -D PYTHON_3.4_ONLY=# -D PYTHON_3.5_ONLY=# -D SQ=\' -D DQ=\" -D Q=\" -I/ws/userland/src/components/apache2-modules/mod_wsgi -D SOLARIS_11_3_ONLY="#" -D SOLARIS_11_5_ONLY="#" -D SOLARIS_11_3_4_ONLY="" -D SOLARIS_11_4_5_ONLY="" -D SOLARIS_11_4_ONLY="" -D ARC_CASE="" -D TPNO="27758" -D BUILD_VERSION="5.11-11.4.0.0.1.14.0" -D OS_RELEASE="5.11" -D SOLARIS_VERSION="2.11" -D PKG_SOLARIS_VERSION="11.4" -D CONSOLIDATION="userland" -D CONSOLIDATION_CHANGESET="" -D CONSOLIDATION_REPOSITORY_URL="https://github.com/oracle/solaris-userland.git" -D COMPONENT_VERSION="4.5.1" -D IPS_COMPONENT_VERSION="4.5.1" -D HUMAN_VERSION="" -D COMPONENT_ARCHIVE_URL="https://pypi.python.org/packages/source/m/mod_wsgi/mod_wsgi-4.5.1.tar.gz" -D COMPONENT_PROJECT_URL="https://modwsgi.readthedocs.io/" -D COMPONENT_NAME="mod_wsgi" -D HG_REPO="" -D HG_REV="" -D HG_URL="" -D GIT_COMMIT_ID="" -D GIT_REPO="" -D GIT_TAG="" -D MACH="i386" -D MACH32="i86" -D MACH64="amd64" -D PUBLISHER="nightly" -D PUBLISHER_LOCALIZABLE="userland-localizable" mod_wsgi-27-24.p5m \
	/ws/userland/src/transforms/license-changes /ws/userland/src/transforms/variant-cleanup /ws/userland/src/transforms/autopyc /ws/userland/src/transforms/defaults /ws/userland/src/transforms/actuators /ws/userland/src/transforms/depends /ws/userland/src/transforms/devel /ws/userland/src/transforms/docs /ws/userland/src/transforms/locale /ws/userland/src/transforms/standard-python-libraries /ws/userland/src/transforms/python-rename /ws/userland/src/transforms/python-3-groups /ws/userland/src/transforms/python-3-soabi /ws/userland/src/transforms/python-3-no-32bit /ws/userland/src/transforms/ruby-tests /ws/userland/src/transforms/puppet /ws/userland/src/transforms/libtool-drop /ws/userland/src/transforms/incorporate /ws/userland/src/transforms/publish-cleanup | \
	sed -e '/^$/d' -e '/^#.*$/d' | uniq >/ws/userland/src/components/apache2-modules/mod_wsgi/build/manifest-i386-mod_wsgi-27-24.mogrified
/ws/userland/src/tools/userland-mangler -D /ws/userland/src/components/apache2-modules/mod_wsgi/build/prototype/i386/mangled -d /ws/userland/src/components/apache2-modules/mod_wsgi/build/prototype/i386/mangled -d /ws/userland/src/components/apache2-modules/mod_wsgi/build/prototype/i386 -d /ws/userland/src/components/apache2-modules/mod_wsgi/build -d /ws/userland/src/components/apache2-modules/mod_wsgi -d mod_wsgi-4.5.1 -d /ws/userland/src/licenses -m /ws/userland/src/components/apache2-modules/mod_wsgi/build/manifest-i386-mod_wsgi-27-24.mogrified >/ws/userland/src/components/apache2-modules/mod_wsgi/build/manifest-i386-mod_wsgi-27-24.mangled
/usr/bin/env  /usr/bin/pkgdepend generate \
    -m -d /ws/userland/src/components/apache2-modules/mod_wsgi/build/prototype/i386/mangled -d /ws/userland/src/components/apache2-modules/mod_wsgi/build/prototype/i386 -d /ws/userland/src/components/apache2-modules/mod_wsgi/build -d /ws/userland/src/components/apache2-modules/mod_wsgi -d mod_wsgi-4.5.1 -d /ws/userland/src/licenses /ws/userland/src/components/apache2-modules/mod_wsgi/build/manifest-i386-mod_wsgi-27-24.mangled >/ws/userland/src/components/apache2-modules/mod_wsgi/build/manifest-i386-mod_wsgi-27-24.depend
abort: there is no Mercurial repository here (.hg not found)
/usr/bin/pkgfmt -c -fv2 mod_wsgi-35-24.p5m
/usr/bin/pkgmogrify -D PERL_ARCH=i86pc-solaris-thread-multi-64 -D PERL_VERSION=5.22 -D IPS_COMPONENT_RE_VERSION=4\\.5\\.1 -D COMPONENT_RE_VERSION=4\\.5\\.1 -D PYTHON_2.7_ONLY=# -D PYTHON_3.4_ONLY=# -D PYTHON_3.5_ONLY=# -D SQ=\' -D DQ=\" -D Q=\" -I/ws/userland/src/components/apache2-modules/mod_wsgi -D SOLARIS_11_3_ONLY="#" -D SOLARIS_11_5_ONLY="#" -D SOLARIS_11_3_4_ONLY="" -D SOLARIS_11_4_5_ONLY="" -D SOLARIS_11_4_ONLY="" -D ARC_CASE="" -D TPNO="27758" -D BUILD_VERSION="5.11-11.4.0.0.1.14.0" -D OS_RELEASE="5.11" -D SOLARIS_VERSION="2.11" -D PKG_SOLARIS_VERSION="11.4" -D CONSOLIDATION="userland" -D CONSOLIDATION_CHANGESET="" -D CONSOLIDATION_REPOSITORY_URL="https://github.com/oracle/solaris-userland.git" -D COMPONENT_VERSION="4.5.1" -D IPS_COMPONENT_VERSION="4.5.1" -D HUMAN_VERSION="" -D COMPONENT_ARCHIVE_URL="https://pypi.python.org/packages/source/m/mod_wsgi/mod_wsgi-4.5.1.tar.gz" -D COMPONENT_PROJECT_URL="https://modwsgi.readthedocs.io/" -D COMPONENT_NAME="mod_wsgi" -D HG_REPO="" -D HG_REV="" -D HG_URL="" -D GIT_COMMIT_ID="" -D GIT_REPO="" -D GIT_TAG="" -D MACH="i386" -D MACH32="i86" -D MACH64="amd64" -D PUBLISHER="nightly" -D PUBLISHER_LOCALIZABLE="userland-localizable" mod_wsgi-35-24.p5m \
	/ws/userland/src/transforms/license-changes /ws/userland/src/transforms/variant-cleanup /ws/userland/src/transforms/autopyc /ws/userland/src/transforms/defaults /ws/userland/src/transforms/actuators /ws/userland/src/transforms/depends /ws/userland/src/transforms/devel /ws/userland/src/transforms/docs /ws/userland/src/transforms/locale /ws/userland/src/transforms/standard-python-libraries /ws/userland/src/transforms/python-rename /ws/userland/src/transforms/python-3-groups /ws/userland/src/transforms/python-3-soabi /ws/userland/src/transforms/python-3-no-32bit /ws/userland/src/transforms/ruby-tests /ws/userland/src/transforms/puppet /ws/userland/src/transforms/libtool-drop /ws/userland/src/transforms/incorporate /ws/userland/src/transforms/publish-cleanup | \
	sed -e '/^$/d' -e '/^#.*$/d' | uniq >/ws/userland/src/components/apache2-modules/mod_wsgi/build/manifest-i386-mod_wsgi-35-24.mogrified
/ws/userland/src/tools/userland-mangler -D /ws/userland/src/components/apache2-modules/mod_wsgi/build/prototype/i386/mangled -d /ws/userland/src/components/apache2-modules/mod_wsgi/build/prototype/i386/mangled -d /ws/userland/src/components/apache2-modules/mod_wsgi/build/prototype/i386 -d /ws/userland/src/components/apache2-modules/mod_wsgi/build -d /ws/userland/src/components/apache2-modules/mod_wsgi -d mod_wsgi-4.5.1 -d /ws/userland/src/licenses -m /ws/userland/src/components/apache2-modules/mod_wsgi/build/manifest-i386-mod_wsgi-35-24.mogrified >/ws/userland/src/components/apache2-modules/mod_wsgi/build/manifest-i386-mod_wsgi-35-24.mangled
/usr/bin/env  /usr/bin/pkgdepend generate \
    -m -d /ws/userland/src/components/apache2-modules/mod_wsgi/build/prototype/i386/mangled -d /ws/userland/src/components/apache2-modules/mod_wsgi/build/prototype/i386 -d /ws/userland/src/components/apache2-modules/mod_wsgi/build -d /ws/userland/src/components/apache2-modules/mod_wsgi -d mod_wsgi-4.5.1 -d /ws/userland/src/licenses /ws/userland/src/components/apache2-modules/mod_wsgi/build/manifest-i386-mod_wsgi-35-24.mangled >/ws/userland/src/components/apache2-modules/mod_wsgi/build/manifest-i386-mod_wsgi-35-24.depend
/usr/bin/nawk -v TARGET=web---server---apache-22---module---apache-wsgi.p5m -v FUNCTION=manifest -f /ws/userland/src/tools/generate-history < history > /ws/userland/src/components/apache2-modules/mod_wsgi/build/manifest-i386-web---server---apache-22---module---apache-wsgi.p5m
abort: there is no Mercurial repository here (.hg not found)
/usr/bin/pkgmogrify -D PERL_ARCH=i86pc-solaris-thread-multi-64 -D PERL_VERSION=5.22 -D IPS_COMPONENT_RE_VERSION=4\\.5\\.1 -D COMPONENT_RE_VERSION=4\\.5\\.1 -D PYTHON_2.7_ONLY=# -D PYTHON_3.4_ONLY=# -D PYTHON_3.5_ONLY=# -D SQ=\' -D DQ=\" -D Q=\" -I/ws/userland/src/components/apache2-modules/mod_wsgi -D SOLARIS_11_3_ONLY="#" -D SOLARIS_11_5_ONLY="#" -D SOLARIS_11_3_4_ONLY="" -D SOLARIS_11_4_5_ONLY="" -D SOLARIS_11_4_ONLY="" -D ARC_CASE="" -D TPNO="27758" -D BUILD_VERSION="5.11-11.4.0.0.1.14.0" -D OS_RELEASE="5.11" -D SOLARIS_VERSION="2.11" -D PKG_SOLARIS_VERSION="11.4" -D CONSOLIDATION="userland" -D CONSOLIDATION_CHANGESET="" -D CONSOLIDATION_REPOSITORY_URL="https://github.com/oracle/solaris-userland.git" -D COMPONENT_VERSION="4.5.1" -D IPS_COMPONENT_VERSION="4.5.1" -D HUMAN_VERSION="" -D COMPONENT_ARCHIVE_URL="https://pypi.python.org/packages/source/m/mod_wsgi/mod_wsgi-4.5.1.tar.gz" -D COMPONENT_PROJECT_URL="https://modwsgi.readthedocs.io/" -D COMPONENT_NAME="mod_wsgi" -D HG_REPO="" -D HG_REV="" -D HG_URL="" -D GIT_COMMIT_ID="" -D GIT_REPO="" -D GIT_TAG="" -D MACH="i386" -D MACH32="i86" -D MACH64="amd64" -D PUBLISHER="nightly" -D PUBLISHER_LOCALIZABLE="userland-localizable" /ws/userland/src/components/apache2-modules/mod_wsgi/build/manifest-i386-web---server---apache-22---module---apache-wsgi.p5m \
	/ws/userland/src/transforms/license-changes /ws/userland/src/transforms/variant-cleanup /ws/userland/src/transforms/autopyc /ws/userland/src/transforms/defaults /ws/userland/src/transforms/actuators /ws/userland/src/transforms/depends /ws/userland/src/transforms/devel /ws/userland/src/transforms/docs /ws/userland/src/transforms/locale /ws/userland/src/transforms/standard-python-libraries /ws/userland/src/transforms/python-rename /ws/userland/src/transforms/python-3-groups /ws/userland/src/transforms/python-3-soabi /ws/userland/src/transforms/python-3-no-32bit /ws/userland/src/transforms/ruby-tests /ws/userland/src/transforms/puppet /ws/userland/src/transforms/libtool-drop /ws/userland/src/transforms/incorporate /ws/userland/src/transforms/publish-cleanup | \
	sed -e '/^$/d' -e '/^#.*$/d' | uniq >/ws/userland/src/components/apache2-modules/mod_wsgi/build/manifest-i386-web---server---apache-22---module---apache-wsgi.mogrified
/ws/userland/src/tools/userland-mangler -D /ws/userland/src/components/apache2-modules/mod_wsgi/build/prototype/i386/mangled -d /ws/userland/src/components/apache2-modules/mod_wsgi/build/prototype/i386/mangled -d /ws/userland/src/components/apache2-modules/mod_wsgi/build/prototype/i386 -d /ws/userland/src/components/apache2-modules/mod_wsgi/build -d /ws/userland/src/components/apache2-modules/mod_wsgi -d mod_wsgi-4.5.1 -d /ws/userland/src/licenses -m /ws/userland/src/components/apache2-modules/mod_wsgi/build/manifest-i386-web---server---apache-22---module---apache-wsgi.mogrified >/ws/userland/src/components/apache2-modules/mod_wsgi/build/manifest-i386-web---server---apache-22---module---apache-wsgi.mangled
/usr/bin/env  /usr/bin/pkgdepend generate \
    -m -d /ws/userland/src/components/apache2-modules/mod_wsgi/build/prototype/i386/mangled -d /ws/userland/src/components/apache2-modules/mod_wsgi/build/prototype/i386 -d /ws/userland/src/components/apache2-modules/mod_wsgi/build -d /ws/userland/src/components/apache2-modules/mod_wsgi -d mod_wsgi-4.5.1 -d /ws/userland/src/licenses /ws/userland/src/components/apache2-modules/mod_wsgi/build/manifest-i386-web---server---apache-22---module---apache-wsgi.mangled >/ws/userland/src/components/apache2-modules/mod_wsgi/build/manifest-i386-web---server---apache-22---module---apache-wsgi.depend
/usr/bin/nawk -v TARGET=web---server---apache-22---module---apache-wsgi-26.p5m -v FUNCTION=manifest -f /ws/userland/src/tools/generate-history < history > /ws/userland/src/components/apache2-modules/mod_wsgi/build/manifest-i386-web---server---apache-22---module---apache-wsgi-26.p5m
abort: there is no Mercurial repository here (.hg not found)
/usr/bin/pkgmogrify -D PERL_ARCH=i86pc-solaris-thread-multi-64 -D PERL_VERSION=5.22 -D IPS_COMPONENT_RE_VERSION=4\\.5\\.1 -D COMPONENT_RE_VERSION=4\\.5\\.1 -D PYTHON_2.7_ONLY=# -D PYTHON_3.4_ONLY=# -D PYTHON_3.5_ONLY=# -D SQ=\' -D DQ=\" -D Q=\" -I/ws/userland/src/components/apache2-modules/mod_wsgi -D SOLARIS_11_3_ONLY="#" -D SOLARIS_11_5_ONLY="#" -D SOLARIS_11_3_4_ONLY="" -D SOLARIS_11_4_5_ONLY="" -D SOLARIS_11_4_ONLY="" -D ARC_CASE="" -D TPNO="27758" -D BUILD_VERSION="5.11-11.4.0.0.1.14.0" -D OS_RELEASE="5.11" -D SOLARIS_VERSION="2.11" -D PKG_SOLARIS_VERSION="11.4" -D CONSOLIDATION="userland" -D CONSOLIDATION_CHANGESET="" -D CONSOLIDATION_REPOSITORY_URL="https://github.com/oracle/solaris-userland.git" -D COMPONENT_VERSION="4.5.1" -D IPS_COMPONENT_VERSION="4.5.1" -D HUMAN_VERSION="" -D COMPONENT_ARCHIVE_URL="https://pypi.python.org/packages/source/m/mod_wsgi/mod_wsgi-4.5.1.tar.gz" -D COMPONENT_PROJECT_URL="https://modwsgi.readthedocs.io/" -D COMPONENT_NAME="mod_wsgi" -D HG_REPO="" -D HG_REV="" -D HG_URL="" -D GIT_COMMIT_ID="" -D GIT_REPO="" -D GIT_TAG="" -D MACH="i386" -D MACH32="i86" -D MACH64="amd64" -D PUBLISHER="nightly" -D PUBLISHER_LOCALIZABLE="userland-localizable" /ws/userland/src/components/apache2-modules/mod_wsgi/build/manifest-i386-web---server---apache-22---module---apache-wsgi-26.p5m \
	/ws/userland/src/transforms/license-changes /ws/userland/src/transforms/variant-cleanup /ws/userland/src/transforms/autopyc /ws/userland/src/transforms/defaults /ws/userland/src/transforms/actuators /ws/userland/src/transforms/depends /ws/userland/src/transforms/devel /ws/userland/src/transforms/docs /ws/userland/src/transforms/locale /ws/userland/src/transforms/standard-python-libraries /ws/userland/src/transforms/python-rename /ws/userland/src/transforms/python-3-groups /ws/userland/src/transforms/python-3-soabi /ws/userland/src/transforms/python-3-no-32bit /ws/userland/src/transforms/ruby-tests /ws/userland/src/transforms/puppet /ws/userland/src/transforms/libtool-drop /ws/userland/src/transforms/incorporate /ws/userland/src/transforms/publish-cleanup | \
	sed -e '/^$/d' -e '/^#.*$/d' | uniq >/ws/userland/src/components/apache2-modules/mod_wsgi/build/manifest-i386-web---server---apache-22---module---apache-wsgi-26.mogrified
/ws/userland/src/tools/userland-mangler -D /ws/userland/src/components/apache2-modules/mod_wsgi/build/prototype/i386/mangled -d /ws/userland/src/components/apache2-modules/mod_wsgi/build/prototype/i386/mangled -d /ws/userland/src/components/apache2-modules/mod_wsgi/build/prototype/i386 -d /ws/userland/src/components/apache2-modules/mod_wsgi/build -d /ws/userland/src/components/apache2-modules/mod_wsgi -d mod_wsgi-4.5.1 -d /ws/userland/src/licenses -m /ws/userland/src/components/apache2-modules/mod_wsgi/build/manifest-i386-web---server---apache-22---module---apache-wsgi-26.mogrified >/ws/userland/src/components/apache2-modules/mod_wsgi/build/manifest-i386-web---server---apache-22---module---apache-wsgi-26.mangled
/usr/bin/env  /usr/bin/pkgdepend generate \
    -m -d /ws/userland/src/components/apache2-modules/mod_wsgi/build/prototype/i386/mangled -d /ws/userland/src/components/apache2-modules/mod_wsgi/build/prototype/i386 -d /ws/userland/src/components/apache2-modules/mod_wsgi/build -d /ws/userland/src/components/apache2-modules/mod_wsgi -d mod_wsgi-4.5.1 -d /ws/userland/src/licenses /ws/userland/src/components/apache2-modules/mod_wsgi/build/manifest-i386-web---server---apache-22---module---apache-wsgi-26.mangled >/ws/userland/src/components/apache2-modules/mod_wsgi/build/manifest-i386-web---server---apache-22---module---apache-wsgi-26.depend
/usr/bin/nawk -v TARGET=web---server---apache-22---module---apache-wsgi-27.p5m -v FUNCTION=manifest -f /ws/userland/src/tools/generate-history < history > /ws/userland/src/components/apache2-modules/mod_wsgi/build/manifest-i386-web---server---apache-22---module---apache-wsgi-27.p5m
abort: there is no Mercurial repository here (.hg not found)
/usr/bin/pkgmogrify -D PERL_ARCH=i86pc-solaris-thread-multi-64 -D PERL_VERSION=5.22 -D IPS_COMPONENT_RE_VERSION=4\\.5\\.1 -D COMPONENT_RE_VERSION=4\\.5\\.1 -D PYTHON_2.7_ONLY=# -D PYTHON_3.4_ONLY=# -D PYTHON_3.5_ONLY=# -D SQ=\' -D DQ=\" -D Q=\" -D PYTHON_2.7_ONLY= -I/ws/userland/src/components/apache2-modules/mod_wsgi -D SOLARIS_11_3_ONLY="#" -D SOLARIS_11_5_ONLY="#" -D SOLARIS_11_3_4_ONLY="" -D SOLARIS_11_4_5_ONLY="" -D SOLARIS_11_4_ONLY="" -D ARC_CASE="" -D TPNO="27758" -D BUILD_VERSION="5.11-11.4.0.0.1.14.0" -D OS_RELEASE="5.11" -D SOLARIS_VERSION="2.11" -D PKG_SOLARIS_VERSION="11.4" -D CONSOLIDATION="userland" -D CONSOLIDATION_CHANGESET="" -D CONSOLIDATION_REPOSITORY_URL="https://github.com/oracle/solaris-userland.git" -D COMPONENT_VERSION="4.5.1" -D IPS_COMPONENT_VERSION="4.5.1" -D HUMAN_VERSION="" -D COMPONENT_ARCHIVE_URL="https://pypi.python.org/packages/source/m/mod_wsgi/mod_wsgi-4.5.1.tar.gz" -D COMPONENT_PROJECT_URL="https://modwsgi.readthedocs.io/" -D COMPONENT_NAME="mod_wsgi" -D HG_REPO="" -D HG_REV="" -D HG_URL="" -D GIT_COMMIT_ID="" -D GIT_REPO="" -D GIT_TAG="" -D MACH="i386" -D MACH32="i86" -D MACH64="amd64" -D PUBLISHER="nightly" -D PUBLISHER_LOCALIZABLE="userland-localizable" /ws/userland/src/components/apache2-modules/mod_wsgi/build/manifest-i386-web---server---apache-22---module---apache-wsgi-27.p5m \
	/ws/userland/src/transforms/license-changes /ws/userland/src/transforms/variant-cleanup /ws/userland/src/transforms/autopyc /ws/userland/src/transforms/defaults /ws/userland/src/transforms/actuators /ws/userland/src/transforms/depends /ws/userland/src/transforms/devel /ws/userland/src/transforms/docs /ws/userland/src/transforms/locale /ws/userland/src/transforms/standard-python-libraries /ws/userland/src/transforms/python-rename /ws/userland/src/transforms/python-3-groups /ws/userland/src/transforms/python-3-soabi /ws/userland/src/transforms/python-3-no-32bit /ws/userland/src/transforms/ruby-tests /ws/userland/src/transforms/puppet /ws/userland/src/transforms/libtool-drop /ws/userland/src/transforms/incorporate /ws/userland/src/transforms/publish-cleanup | \
	sed -e '/^$/d' -e '/^#.*$/d' | uniq >/ws/userland/src/components/apache2-modules/mod_wsgi/build/manifest-i386-web---server---apache-22---module---apache-wsgi-27.mogrified
/ws/userland/src/tools/userland-mangler -D /ws/userland/src/components/apache2-modules/mod_wsgi/build/prototype/i386/mangled -d /ws/userland/src/components/apache2-modules/mod_wsgi/build/prototype/i386/mangled -d /ws/userland/src/components/apache2-modules/mod_wsgi/build/prototype/i386 -d /ws/userland/src/components/apache2-modules/mod_wsgi/build -d /ws/userland/src/components/apache2-modules/mod_wsgi -d mod_wsgi-4.5.1 -d /ws/userland/src/licenses -m /ws/userland/src/components/apache2-modules/mod_wsgi/build/manifest-i386-web---server---apache-22---module---apache-wsgi-27.mogrified >/ws/userland/src/components/apache2-modules/mod_wsgi/build/manifest-i386-web---server---apache-22---module---apache-wsgi-27.mangled
/usr/bin/env  /usr/bin/pkgdepend generate \
    -m -d /ws/userland/src/components/apache2-modules/mod_wsgi/build/prototype/i386/mangled -d /ws/userland/src/components/apache2-modules/mod_wsgi/build/prototype/i386 -d /ws/userland/src/components/apache2-modules/mod_wsgi/build -d /ws/userland/src/components/apache2-modules/mod_wsgi -d mod_wsgi-4.5.1 -d /ws/userland/src/licenses /ws/userland/src/components/apache2-modules/mod_wsgi/build/manifest-i386-web---server---apache-22---module---apache-wsgi-27.mangled >/ws/userland/src/components/apache2-modules/mod_wsgi/build/manifest-i386-web---server---apache-22---module---apache-wsgi-27.depend
/usr/bin/nawk -v TARGET=web---server---apache-22---module---apache-wsgi-34.p5m -v FUNCTION=manifest -f /ws/userland/src/tools/generate-history < history > /ws/userland/src/components/apache2-modules/mod_wsgi/build/manifest-i386-web---server---apache-22---module---apache-wsgi-34.p5m
abort: there is no Mercurial repository here (.hg not found)
/usr/bin/pkgmogrify -D PERL_ARCH=i86pc-solaris-thread-multi-64 -D PERL_VERSION=5.22 -D IPS_COMPONENT_RE_VERSION=4\\.5\\.1 -D COMPONENT_RE_VERSION=4\\.5\\.1 -D PYTHON_2.7_ONLY=# -D PYTHON_3.4_ONLY=# -D PYTHON_3.5_ONLY=# -D SQ=\' -D DQ=\" -D Q=\" -D PYTHON_3.4_ONLY= -I/ws/userland/src/components/apache2-modules/mod_wsgi -D SOLARIS_11_3_ONLY="#" -D SOLARIS_11_5_ONLY="#" -D SOLARIS_11_3_4_ONLY="" -D SOLARIS_11_4_5_ONLY="" -D SOLARIS_11_4_ONLY="" -D ARC_CASE="" -D TPNO="27758" -D BUILD_VERSION="5.11-11.4.0.0.1.14.0" -D OS_RELEASE="5.11" -D SOLARIS_VERSION="2.11" -D PKG_SOLARIS_VERSION="11.4" -D CONSOLIDATION="userland" -D CONSOLIDATION_CHANGESET="" -D CONSOLIDATION_REPOSITORY_URL="https://github.com/oracle/solaris-userland.git" -D COMPONENT_VERSION="4.5.1" -D IPS_COMPONENT_VERSION="4.5.1" -D HUMAN_VERSION="" -D COMPONENT_ARCHIVE_URL="https://pypi.python.org/packages/source/m/mod_wsgi/mod_wsgi-4.5.1.tar.gz" -D COMPONENT_PROJECT_URL="https://modwsgi.readthedocs.io/" -D COMPONENT_NAME="mod_wsgi" -D HG_REPO="" -D HG_REV="" -D HG_URL="" -D GIT_COMMIT_ID="" -D GIT_REPO="" -D GIT_TAG="" -D MACH="i386" -D MACH32="i86" -D MACH64="amd64" -D PUBLISHER="nightly" -D PUBLISHER_LOCALIZABLE="userland-localizable" /ws/userland/src/components/apache2-modules/mod_wsgi/build/manifest-i386-web---server---apache-22---module---apache-wsgi-34.p5m \
	/ws/userland/src/transforms/license-changes /ws/userland/src/transforms/variant-cleanup /ws/userland/src/transforms/autopyc /ws/userland/src/transforms/defaults /ws/userland/src/transforms/actuators /ws/userland/src/transforms/depends /ws/userland/src/transforms/devel /ws/userland/src/transforms/docs /ws/userland/src/transforms/locale /ws/userland/src/transforms/standard-python-libraries /ws/userland/src/transforms/python-rename /ws/userland/src/transforms/python-3-groups /ws/userland/src/transforms/python-3-soabi /ws/userland/src/transforms/python-3-no-32bit /ws/userland/src/transforms/ruby-tests /ws/userland/src/transforms/puppet /ws/userland/src/transforms/libtool-drop /ws/userland/src/transforms/incorporate /ws/userland/src/transforms/publish-cleanup | \
	sed -e '/^$/d' -e '/^#.*$/d' | uniq >/ws/userland/src/components/apache2-modules/mod_wsgi/build/manifest-i386-web---server---apache-22---module---apache-wsgi-34.mogrified
/ws/userland/src/tools/userland-mangler -D /ws/userland/src/components/apache2-modules/mod_wsgi/build/prototype/i386/mangled -d /ws/userland/src/components/apache2-modules/mod_wsgi/build/prototype/i386/mangled -d /ws/userland/src/components/apache2-modules/mod_wsgi/build/prototype/i386 -d /ws/userland/src/components/apache2-modules/mod_wsgi/build -d /ws/userland/src/components/apache2-modules/mod_wsgi -d mod_wsgi-4.5.1 -d /ws/userland/src/licenses -m /ws/userland/src/components/apache2-modules/mod_wsgi/build/manifest-i386-web---server---apache-22---module---apache-wsgi-34.mogrified >/ws/userland/src/components/apache2-modules/mod_wsgi/build/manifest-i386-web---server---apache-22---module---apache-wsgi-34.mangled
/usr/bin/env  /usr/bin/pkgdepend generate \
    -m -d /ws/userland/src/components/apache2-modules/mod_wsgi/build/prototype/i386/mangled -d /ws/userland/src/components/apache2-modules/mod_wsgi/build/prototype/i386 -d /ws/userland/src/components/apache2-modules/mod_wsgi/build -d /ws/userland/src/components/apache2-modules/mod_wsgi -d mod_wsgi-4.5.1 -d /ws/userland/src/licenses /ws/userland/src/components/apache2-modules/mod_wsgi/build/manifest-i386-web---server---apache-22---module---apache-wsgi-34.mangled >/ws/userland/src/components/apache2-modules/mod_wsgi/build/manifest-i386-web---server---apache-22---module---apache-wsgi-34.depend
/usr/bin/nawk -v TARGET=web---server---apache-24---module---apache-wsgi-26.p5m -v FUNCTION=manifest -f /ws/userland/src/tools/generate-history < history > /ws/userland/src/components/apache2-modules/mod_wsgi/build/manifest-i386-web---server---apache-24---module---apache-wsgi-26.p5m
abort: there is no Mercurial repository here (.hg not found)
/usr/bin/pkgmogrify -D PERL_ARCH=i86pc-solaris-thread-multi-64 -D PERL_VERSION=5.22 -D IPS_COMPONENT_RE_VERSION=4\\.5\\.1 -D COMPONENT_RE_VERSION=4\\.5\\.1 -D PYTHON_2.7_ONLY=# -D PYTHON_3.4_ONLY=# -D PYTHON_3.5_ONLY=# -D SQ=\' -D DQ=\" -D Q=\" -I/ws/userland/src/components/apache2-modules/mod_wsgi -D SOLARIS_11_3_ONLY="#" -D SOLARIS_11_5_ONLY="#" -D SOLARIS_11_3_4_ONLY="" -D SOLARIS_11_4_5_ONLY="" -D SOLARIS_11_4_ONLY="" -D ARC_CASE="" -D TPNO="27758" -D BUILD_VERSION="5.11-11.4.0.0.1.14.0" -D OS_RELEASE="5.11" -D SOLARIS_VERSION="2.11" -D PKG_SOLARIS_VERSION="11.4" -D CONSOLIDATION="userland" -D CONSOLIDATION_CHANGESET="" -D CONSOLIDATION_REPOSITORY_URL="https://github.com/oracle/solaris-userland.git" -D COMPONENT_VERSION="4.5.1" -D IPS_COMPONENT_VERSION="4.5.1" -D HUMAN_VERSION="" -D COMPONENT_ARCHIVE_URL="https://pypi.python.org/packages/source/m/mod_wsgi/mod_wsgi-4.5.1.tar.gz" -D COMPONENT_PROJECT_URL="https://modwsgi.readthedocs.io/" -D COMPONENT_NAME="mod_wsgi" -D HG_REPO="" -D HG_REV="" -D HG_URL="" -D GIT_COMMIT_ID="" -D GIT_REPO="" -D GIT_TAG="" -D MACH="i386" -D MACH32="i86" -D MACH64="amd64" -D PUBLISHER="nightly" -D PUBLISHER_LOCALIZABLE="userland-localizable" /ws/userland/src/components/apache2-modules/mod_wsgi/build/manifest-i386-web---server---apache-24---module---apache-wsgi-26.p5m \
	/ws/userland/src/transforms/license-changes /ws/userland/src/transforms/variant-cleanup /ws/userland/src/transforms/autopyc /ws/userland/src/transforms/defaults /ws/userland/src/transforms/actuators /ws/userland/src/transforms/depends /ws/userland/src/transforms/devel /ws/userland/src/transforms/docs /ws/userland/src/transforms/locale /ws/userland/src/transforms/standard-python-libraries /ws/userland/src/transforms/python-rename /ws/userland/src/transforms/python-3-groups /ws/userland/src/transforms/python-3-soabi /ws/userland/src/transforms/python-3-no-32bit /ws/userland/src/transforms/ruby-tests /ws/userland/src/transforms/puppet /ws/userland/src/transforms/libtool-drop /ws/userland/src/transforms/incorporate /ws/userland/src/transforms/publish-cleanup | \
	sed -e '/^$/d' -e '/^#.*$/d' | uniq >/ws/userland/src/components/apache2-modules/mod_wsgi/build/manifest-i386-web---server---apache-24---module---apache-wsgi-26.mogrified
/ws/userland/src/tools/userland-mangler -D /ws/userland/src/components/apache2-modules/mod_wsgi/build/prototype/i386/mangled -d /ws/userland/src/components/apache2-modules/mod_wsgi/build/prototype/i386/mangled -d /ws/userland/src/components/apache2-modules/mod_wsgi/build/prototype/i386 -d /ws/userland/src/components/apache2-modules/mod_wsgi/build -d /ws/userland/src/components/apache2-modules/mod_wsgi -d mod_wsgi-4.5.1 -d /ws/userland/src/licenses -m /ws/userland/src/components/apache2-modules/mod_wsgi/build/manifest-i386-web---server---apache-24---module---apache-wsgi-26.mogrified >/ws/userland/src/components/apache2-modules/mod_wsgi/build/manifest-i386-web---server---apache-24---module---apache-wsgi-26.mangled
/usr/bin/env  /usr/bin/pkgdepend generate \
    -m -d /ws/userland/src/components/apache2-modules/mod_wsgi/build/prototype/i386/mangled -d /ws/userland/src/components/apache2-modules/mod_wsgi/build/prototype/i386 -d /ws/userland/src/components/apache2-modules/mod_wsgi/build -d /ws/userland/src/components/apache2-modules/mod_wsgi -d mod_wsgi-4.5.1 -d /ws/userland/src/licenses /ws/userland/src/components/apache2-modules/mod_wsgi/build/manifest-i386-web---server---apache-24---module---apache-wsgi-26.mangled >/ws/userland/src/components/apache2-modules/mod_wsgi/build/manifest-i386-web---server---apache-24---module---apache-wsgi-26.depend
/usr/bin/pkgdepend resolve -e /ws/userland/src/components/apache2-modules/mod_wsgi/build/resolve.deps -m /ws/userland/src/components/apache2-modules/mod_wsgi/build/manifest-i386-mod_wsgi-24.depend /ws/userland/src/components/apache2-modules/mod_wsgi/build/manifest-i386-mod_wsgi-35-24.depend /ws/userland/src/components/apache2-modules/mod_wsgi/build/manifest-i386-mod_wsgi-27-24.depend /ws/userland/src/components/apache2-modules/mod_wsgi/build/manifest-i386-mod_wsgi-34-24.depend /ws/userland/src/components/apache2-modules/mod_wsgi/build/manifest-i386-web---server---apache-22---module---apache-wsgi.depend /ws/userland/src/components/apache2-modules/mod_wsgi/build/manifest-i386-web---server---apache-22---module---apache-wsgi-26.depend /ws/userland/src/components/apache2-modules/mod_wsgi/build/manifest-i386-web---server---apache-22---module---apache-wsgi-27.depend /ws/userland/src/components/apache2-modules/mod_wsgi/build/manifest-i386-web---server---apache-22---module---apache-wsgi-34.depend /ws/userland/src/components/apache2-modules/mod_wsgi/build/manifest-i386-web---server---apache-24---module---apache-wsgi-26.depend
/usr/bin/touch /ws/userland/src/components/apache2-modules/mod_wsgi/build/.resolved-i386
VALIDATING MANIFEST CONTENT: /ws/userland/src/components/apache2-modules/mod_wsgi/build/manifest-i386-mod_wsgi-24.depend.res /ws/userland/src/components/apache2-modules/mod_wsgi/build/manifest-i386-mod_wsgi-35-24.depend.res /ws/userland/src/components/apache2-modules/mod_wsgi/build/manifest-i386-mod_wsgi-27-24.depend.res /ws/userland/src/components/apache2-modules/mod_wsgi/build/manifest-i386-mod_wsgi-34-24.depend.res /ws/userland/src/components/apache2-modules/mod_wsgi/build/manifest-i386-web---server---apache-22---module---apache-wsgi.depend.res /ws/userland/src/components/apache2-modules/mod_wsgi/build/manifest-i386-web---server---apache-22---module---apache-wsgi-26.depend.res /ws/userland/src/components/apache2-modules/mod_wsgi/build/manifest-i386-web---server---apache-22---module---apache-wsgi-27.depend.res /ws/userland/src/components/apache2-modules/mod_wsgi/build/manifest-i386-web---server---apache-22---module---apache-wsgi-34.depend.res /ws/userland/src/components/apache2-modules/mod_wsgi/build/manifest-i386-web---server---apache-24---module---apache-wsgi-26.depend.res
/usr/bin/env PYTHONPATH=/ws/userland/src/tools/python PROTO_PATH="/ws/userland/src/components/apache2-modules/mod_wsgi/build/prototype/i386/mangled /ws/userland/src/components/apache2-modules/mod_wsgi/build/prototype/i386 /ws/userland/src/components/apache2-modules/mod_wsgi/build /ws/userland/src/components/apache2-modules/mod_wsgi mod_wsgi-4.5.1 /ws/userland/src/licenses"\
	SOLARIS_VERSION=2.11\
	/bin/true -c /ws/userland/src/i386/pkglint-cache \
		-f /ws/userland/src/tools/pkglintrc /ws/userland/src/components/apache2-modules/mod_wsgi/build/manifest-i386-mod_wsgi-24.depend.res /ws/userland/src/components/apache2-modules/mod_wsgi/build/manifest-i386-mod_wsgi-35-24.depend.res /ws/userland/src/components/apache2-modules/mod_wsgi/build/manifest-i386-mod_wsgi-27-24.depend.res /ws/userland/src/components/apache2-modules/mod_wsgi/build/manifest-i386-mod_wsgi-34-24.depend.res /ws/userland/src/components/apache2-modules/mod_wsgi/build/manifest-i386-web---server---apache-22---module---apache-wsgi.depend.res /ws/userland/src/components/apache2-modules/mod_wsgi/build/manifest-i386-web---server---apache-22---module---apache-wsgi-26.depend.res /ws/userland/src/components/apache2-modules/mod_wsgi/build/manifest-i386-web---server---apache-22---module---apache-wsgi-27.depend.res /ws/userland/src/components/apache2-modules/mod_wsgi/build/manifest-i386-web---server---apache-22---module---apache-wsgi-34.depend.res /ws/userland/src/components/apache2-modules/mod_wsgi/build/manifest-i386-web---server---apache-24---module---apache-wsgi-26.depend.res
/usr/bin/touch /ws/userland/src/components/apache2-modules/mod_wsgi/build/.linted-i386
/usr/bin/pkgsend -s file:/ws/userland/src/i386/repo publish --fmri-in-manifest --no-catalog -d /ws/userland/src/components/apache2-modules/mod_wsgi/build/prototype/i386/mangled -d /ws/userland/src/components/apache2-modules/mod_wsgi/build/prototype/i386 -d /ws/userland/src/components/apache2-modules/mod_wsgi/build -d /ws/userland/src/components/apache2-modules/mod_wsgi -d mod_wsgi-4.5.1 -d /ws/userland/src/licenses -T \*.py /ws/userland/src/components/apache2-modules/mod_wsgi/build/manifest-i386-mod_wsgi-24.depend.res
pkg://nightly/web/server/apache-24/module/apache-wsgi@4.5.1,5.11-11.4.0.0.1.14.0:20190727T163301Z
PUBLISHED
/usr/bin/pkgfmt </ws/userland/src/components/apache2-modules/mod_wsgi/build/manifest-i386-mod_wsgi-24.depend.res >/ws/userland/src/components/apache2-modules/mod_wsgi/build/manifest-i386-mod_wsgi-24.published
/usr/bin/pkgsend -s file:/ws/userland/src/i386/repo publish --fmri-in-manifest --no-catalog -d /ws/userland/src/components/apache2-modules/mod_wsgi/build/prototype/i386/mangled -d /ws/userland/src/components/apache2-modules/mod_wsgi/build/prototype/i386 -d /ws/userland/src/components/apache2-modules/mod_wsgi/build -d /ws/userland/src/components/apache2-modules/mod_wsgi -d mod_wsgi-4.5.1 -d /ws/userland/src/licenses -T \*.py /ws/userland/src/components/apache2-modules/mod_wsgi/build/manifest-i386-mod_wsgi-34-24.depend.res
pkg://nightly/web/server/apache-24/module/apache-wsgi-34@4.5.1,5.11-11.4.0.0.1.14.0:20190727T163301Z
PUBLISHED
/usr/bin/pkgfmt </ws/userland/src/components/apache2-modules/mod_wsgi/build/manifest-i386-mod_wsgi-34-24.depend.res >/ws/userland/src/components/apache2-modules/mod_wsgi/build/manifest-i386-mod_wsgi-34-24.published
/usr/bin/pkgsend -s file:/ws/userland/src/i386/repo publish --fmri-in-manifest --no-catalog -d /ws/userland/src/components/apache2-modules/mod_wsgi/build/prototype/i386/mangled -d /ws/userland/src/components/apache2-modules/mod_wsgi/build/prototype/i386 -d /ws/userland/src/components/apache2-modules/mod_wsgi/build -d /ws/userland/src/components/apache2-modules/mod_wsgi -d mod_wsgi-4.5.1 -d /ws/userland/src/licenses -T \*.py /ws/userland/src/components/apache2-modules/mod_wsgi/build/manifest-i386-mod_wsgi-27-24.depend.res
pkg://nightly/web/server/apache-24/module/apache-wsgi-27@4.5.1,5.11-11.4.0.0.1.14.0:20190727T163302Z
PUBLISHED
/usr/bin/pkgfmt </ws/userland/src/components/apache2-modules/mod_wsgi/build/manifest-i386-mod_wsgi-27-24.depend.res >/ws/userland/src/components/apache2-modules/mod_wsgi/build/manifest-i386-mod_wsgi-27-24.published
/usr/bin/pkgsend -s file:/ws/userland/src/i386/repo publish --fmri-in-manifest --no-catalog -d /ws/userland/src/components/apache2-modules/mod_wsgi/build/prototype/i386/mangled -d /ws/userland/src/components/apache2-modules/mod_wsgi/build/prototype/i386 -d /ws/userland/src/components/apache2-modules/mod_wsgi/build -d /ws/userland/src/components/apache2-modules/mod_wsgi -d mod_wsgi-4.5.1 -d /ws/userland/src/licenses -T \*.py /ws/userland/src/components/apache2-modules/mod_wsgi/build/manifest-i386-mod_wsgi-35-24.depend.res
pkg://nightly/web/server/apache-24/module/apache-wsgi-35@4.5.1,5.11-11.4.0.0.1.14.0:20190727T163303Z
PUBLISHED
/usr/bin/pkgfmt </ws/userland/src/components/apache2-modules/mod_wsgi/build/manifest-i386-mod_wsgi-35-24.depend.res >/ws/userland/src/components/apache2-modules/mod_wsgi/build/manifest-i386-mod_wsgi-35-24.published
/usr/bin/pkgsend -s file:/ws/userland/src/i386/repo publish --fmri-in-manifest --no-catalog -d /ws/userland/src/components/apache2-modules/mod_wsgi/build/prototype/i386/mangled -d /ws/userland/src/components/apache2-modules/mod_wsgi/build/prototype/i386 -d /ws/userland/src/components/apache2-modules/mod_wsgi/build -d /ws/userland/src/components/apache2-modules/mod_wsgi -d mod_wsgi-4.5.1 -d /ws/userland/src/licenses -T \*.py /ws/userland/src/components/apache2-modules/mod_wsgi/build/manifest-i386-web---server---apache-22---module---apache-wsgi.depend.res
pkg://nightly/web/server/apache-22/module/apache-wsgi@4.5.1,5.11-11.4.0.0.1.9.0:20190727T163304Z
PUBLISHED
/usr/bin/pkgfmt </ws/userland/src/components/apache2-modules/mod_wsgi/build/manifest-i386-web---server---apache-22---module---apache-wsgi.depend.res >/ws/userland/src/components/apache2-modules/mod_wsgi/build/manifest-i386-web---server---apache-22---module---apache-wsgi.published
/usr/bin/pkgsend -s file:/ws/userland/src/i386/repo publish --fmri-in-manifest --no-catalog -d /ws/userland/src/components/apache2-modules/mod_wsgi/build/prototype/i386/mangled -d /ws/userland/src/components/apache2-modules/mod_wsgi/build/prototype/i386 -d /ws/userland/src/components/apache2-modules/mod_wsgi/build -d /ws/userland/src/components/apache2-modules/mod_wsgi -d mod_wsgi-4.5.1 -d /ws/userland/src/licenses -T \*.py /ws/userland/src/components/apache2-modules/mod_wsgi/build/manifest-i386-web---server---apache-22---module---apache-wsgi-26.depend.res
pkg://nightly/web/server/apache-22/module/apache-wsgi-26@4.5.1,5.11-11.4.0.0.1.9.0:20190727T163305Z
PUBLISHED
/usr/bin/pkgfmt </ws/userland/src/components/apache2-modules/mod_wsgi/build/manifest-i386-web---server---apache-22---module---apache-wsgi-26.depend.res >/ws/userland/src/components/apache2-modules/mod_wsgi/build/manifest-i386-web---server---apache-22---module---apache-wsgi-26.published
/usr/bin/pkgsend -s file:/ws/userland/src/i386/repo publish --fmri-in-manifest --no-catalog -d /ws/userland/src/components/apache2-modules/mod_wsgi/build/prototype/i386/mangled -d /ws/userland/src/components/apache2-modules/mod_wsgi/build/prototype/i386 -d /ws/userland/src/components/apache2-modules/mod_wsgi/build -d /ws/userland/src/components/apache2-modules/mod_wsgi -d mod_wsgi-4.5.1 -d /ws/userland/src/licenses -T \*.py /ws/userland/src/components/apache2-modules/mod_wsgi/build/manifest-i386-web---server---apache-22---module---apache-wsgi-27.depend.res
pkg://nightly/web/server/apache-22/module/apache-wsgi-27@4.5.1,5.11-11.4.0.0.1.9.0:20190727T163305Z
PUBLISHED
/usr/bin/pkgfmt </ws/userland/src/components/apache2-modules/mod_wsgi/build/manifest-i386-web---server---apache-22---module---apache-wsgi-27.depend.res >/ws/userland/src/components/apache2-modules/mod_wsgi/build/manifest-i386-web---server---apache-22---module---apache-wsgi-27.published
/usr/bin/pkgsend -s file:/ws/userland/src/i386/repo publish --fmri-in-manifest --no-catalog -d /ws/userland/src/components/apache2-modules/mod_wsgi/build/prototype/i386/mangled -d /ws/userland/src/components/apache2-modules/mod_wsgi/build/prototype/i386 -d /ws/userland/src/components/apache2-modules/mod_wsgi/build -d /ws/userland/src/components/apache2-modules/mod_wsgi -d mod_wsgi-4.5.1 -d /ws/userland/src/licenses -T \*.py /ws/userland/src/components/apache2-modules/mod_wsgi/build/manifest-i386-web---server---apache-22---module---apache-wsgi-34.depend.res
pkg://nightly/web/server/apache-22/module/apache-wsgi-34@4.5.1,5.11-11.4.0.0.1.9.0:20190727T163306Z
PUBLISHED
/usr/bin/pkgfmt </ws/userland/src/components/apache2-modules/mod_wsgi/build/manifest-i386-web---server---apache-22---module---apache-wsgi-34.depend.res >/ws/userland/src/components/apache2-modules/mod_wsgi/build/manifest-i386-web---server---apache-22---module---apache-wsgi-34.published
/usr/bin/pkgsend -s file:/ws/userland/src/i386/repo publish --fmri-in-manifest --no-catalog -d /ws/userland/src/components/apache2-modules/mod_wsgi/build/prototype/i386/mangled -d /ws/userland/src/components/apache2-modules/mod_wsgi/build/prototype/i386 -d /ws/userland/src/components/apache2-modules/mod_wsgi/build -d /ws/userland/src/components/apache2-modules/mod_wsgi -d mod_wsgi-4.5.1 -d /ws/userland/src/licenses -T \*.py /ws/userland/src/components/apache2-modules/mod_wsgi/build/manifest-i386-web---server---apache-24---module---apache-wsgi-26.depend.res
pkg://nightly/web/server/apache-24/module/apache-wsgi-26@4.5.1,5.11-11.4.0.0.1.9.0:20190727T163307Z
PUBLISHED
/usr/bin/pkgfmt </ws/userland/src/components/apache2-modules/mod_wsgi/build/manifest-i386-web---server---apache-24---module---apache-wsgi-26.depend.res >/ws/userland/src/components/apache2-modules/mod_wsgi/build/manifest-i386-web---server---apache-24---module---apache-wsgi-26.published
/usr/bin/touch /ws/userland/src/components/apache2-modules/mod_wsgi/build/.published-i386
gmake: Leaving directory '/ws/userland/src/components/apache2-modules/mod_wsgi'

real       57.7
user       34.7
sys        10.4
