gmake: Entering directory '/ws/userland/src/components/asciidoc'
/bin/rm -f -r /ws/userland/src/components/asciidoc/asciidoc-8.6.9
/usr/bin/env RUBY_VERSION=2.1 /ws/userland/src/tools/userland-unpack  asciidoc-8.6.9.tar.gz
/usr/bin/touch /ws/userland/src/components/asciidoc/asciidoc-8.6.9/.unpacked
/usr/bin/patch -d /ws/userland/src/components/asciidoc/asciidoc-8.6.9 --strip=0 --backup --version-control=numbered < patches/asciidoc.conf.patch
patching file asciidoc.conf
/usr/bin/touch /ws/userland/src/components/asciidoc/asciidoc-8.6.9/.patched-asciidoc.conf.patch
/usr/bin/patch -d /ws/userland/src/components/asciidoc/asciidoc-8.6.9 --strip=0 --backup --version-control=numbered < patches/use-lynx-in-a2x.patch
patching file a2x.py
Hunk #1 succeeded at 885 (offset 2 lines).
patching file doc/a2x.1
Hunk #1 succeeded at 148 (offset 3 lines).
Hunk #2 succeeded at 605 (offset 3 lines).
Hunk #3 succeeded at 703 (offset 3 lines).
/usr/bin/touch /ws/userland/src/components/asciidoc/asciidoc-8.6.9/.patched-use-lynx-in-a2x.patch
/usr/bin/touch /ws/userland/src/components/asciidoc/asciidoc-8.6.9/.patched
/usr/bin/touch /ws/userland/src/components/asciidoc/asciidoc-8.6.9/.prep
(/bin/rm -f -rf /ws/userland/src/components/asciidoc/build/amd64 ; /bin/mkdir -p /ws/userland/src/components/asciidoc/build/amd64)
(/ws/userland/src/tools/cloney /ws/userland/src/components/asciidoc/asciidoc-8.6.9 /ws/userland/src/components/asciidoc/build/amd64)
symlink cloning /ws/userland/src/components/asciidoc/asciidoc-8.6.9 to /ws/userland/src/components/asciidoc/build/amd64
(cd /ws/userland/src/components/asciidoc/build/amd64 ; /usr/bin/env CONFIG_SHELL="/bin/bash" PKG_CONFIG_PATH="/usr/lib/amd64/pkgconfig" CC="/opt/solarisstudio12.4/bin/cc" CXX="/opt/solarisstudio12.4/bin/CC" PATH="/usr/bin/amd64:/usr/bin:/usr/gnu/bin" CC_FOR_BUILD="/opt/solarisstudio12.4/bin/cc -m64" CXX_FOR_BUILD="/opt/solarisstudio12.4/bin/CC -m64" CPPFLAGS="-m64" "ac_cv_func_realloc_0_nonnull=yes" "NM=/usr/gnu/bin/nm" INTLTOOL_PERL="/usr/perl5/5.22/bin/perl" CFLAGS="-m64 -xO4 -xchip=generic -Ui386 -U__i386 -xregs=no%frameptr -mt" CXXFLAGS="-norunpath -m64 -xO4 -xchip=generic -Ui386 -U__i386 -xregs=no%frameptr" LDFLAGS="" /bin/bash \
	/ws/userland/src/components/asciidoc/asciidoc-8.6.9/configure --prefix=/usr --mandir=/usr/share/man --bindir=/usr/bin --sbindir=/usr/sbin --libdir=/usr/lib/amd64    --sysconfdir=/usr/share)
checking for a sed that does not truncate output... /usr/bin/gsed
checking whether ln -s works... yes
checking for a BSD-compatible install... /usr/bin/ginstall -c
configure: creating ./config.status
config.status: creating Makefile
/usr/bin/touch /ws/userland/src/components/asciidoc/build/amd64/.configured
(cd /ws/userland/src/components/asciidoc/build/amd64 ; /usr/bin/env LD_OPTIONS="-M /usr/lib/ld/map.noexdata -M /usr/lib/ld/map.pagealign -Bdirect -zignore -zstrip-class=comment" LD_EXEC_OPTIONS=" -zsx=aslr=enable -zsx=nxstack=enable -zsx=nxheap=enable " LD_PIE_OPTIONS="-zsx=aslr=enable -zsx=nxstack=enable -zsx=nxheap=enable "  PKG_CONFIG_PATH="/usr/lib/amd64/pkgconfig" "ac_cv_func_realloc_0_nonnull=yes" INTLTOOL_PERL="/usr/perl5/5.22/bin/perl" \
	/usr/gnu/bin/make  )
make[1]: Entering directory '/ws/userland/src/components/asciidoc/build/amd64'
Fixing CONF_DIR in asciidoc.py
Fixing CONF_DIR in a2x.py
make[1]: Leaving directory '/ws/userland/src/components/asciidoc/build/amd64'
/usr/bin/touch /ws/userland/src/components/asciidoc/build/amd64/.built
(cd /ws/userland/src/components/asciidoc/build/amd64 ; /usr/bin/env LD_OPTIONS="-M /usr/lib/ld/map.noexdata -M /usr/lib/ld/map.pagealign -Bdirect -zignore -zstrip-class=comment" LD_EXEC_OPTIONS=" -zsx=aslr=enable -zsx=nxstack=enable -zsx=nxheap=enable " LD_PIE_OPTIONS="-zsx=aslr=enable -zsx=nxstack=enable -zsx=nxheap=enable "  /usr/gnu/bin/make \
		 DESTDIR=/ws/userland/src/components/asciidoc/build/prototype/i386 install)
make[1]: Entering directory '/ws/userland/src/components/asciidoc/build/amd64'
Fixing CONF_DIR in asciidoc.py
Fixing CONF_DIR in a2x.py
/usr/bin/ginstall -c -d /ws/userland/src/components/asciidoc/build/prototype/i386//usr/bin
/usr/bin/ginstall -c asciidoc.py a2x.py /ws/userland/src/components/asciidoc/build/prototype/i386//usr/bin/
/usr/bin/ginstall -c -d /ws/userland/src/components/asciidoc/build/prototype/i386//usr/share/asciidoc/filters/code
/usr/bin/ginstall -c filters/code/code-filter.py /ws/userland/src/components/asciidoc/build/prototype/i386//usr/share/asciidoc/filters/code/
/usr/bin/ginstall -c -d /ws/userland/src/components/asciidoc/build/prototype/i386//usr/share/asciidoc/filters/music
/usr/bin/ginstall -c filters/music/music2png.py /ws/userland/src/components/asciidoc/build/prototype/i386//usr/share/asciidoc/filters/music/
/usr/bin/ginstall -c -d /ws/userland/src/components/asciidoc/build/prototype/i386//usr/share/asciidoc/filters/graphviz
/usr/bin/ginstall -c filters/graphviz/graphviz2png.py /ws/userland/src/components/asciidoc/build/prototype/i386//usr/share/asciidoc/filters/graphviz/
/usr/bin/ginstall -c -d /ws/userland/src/components/asciidoc/build/prototype/i386//usr/share/asciidoc/filters/latex
/usr/bin/ginstall -c filters/latex/latex2png.py /ws/userland/src/components/asciidoc/build/prototype/i386//usr/share/asciidoc/filters/latex/
/usr/bin/ginstall -c -d /ws/userland/src/components/asciidoc/build/prototype/i386//usr/share/man/man1
/usr/bin/ginstall -c -m 644 doc/a2x.1 doc/asciidoc.1 /ws/userland/src/components/asciidoc/build/prototype/i386//usr/share/man/man1/
/usr/bin/ginstall -c -d /ws/userland/src/components/asciidoc/build/prototype/i386//usr/share/asciidoc
/usr/bin/ginstall -c -m 644 lang-fr.conf xhtml11.conf lang-pt-BR.conf lang-ru.conf lang-hu.conf lang-nl.conf lang-el.conf text.conf html5.conf lang-uk.conf lang-de.conf xhtml11-quirks.conf docbook45.conf lang-cs.conf lang-it.conf html4.conf latex.conf help.conf lang-en.conf lang-ro.conf slidy.conf lang-es.conf asciidoc.conf /ws/userland/src/components/asciidoc/build/prototype/i386//usr/share/asciidoc/
/usr/bin/ginstall -c -d /ws/userland/src/components/asciidoc/build/prototype/i386//usr/share/asciidoc/docbook-xsl
/usr/bin/ginstall -c -m 644 docbook-xsl/htmlhelp.xsl docbook-xsl/text.xsl docbook-xsl/common.xsl docbook-xsl/manpage.xsl docbook-xsl/chunked.xsl docbook-xsl/epub.xsl docbook-xsl/fo.xsl docbook-xsl/xhtml.xsl /ws/userland/src/components/asciidoc/build/prototype/i386//usr/share/asciidoc/docbook-xsl/
/usr/bin/ginstall -c -d /ws/userland/src/components/asciidoc/build/prototype/i386//usr/share/asciidoc/dblatex
/usr/bin/ginstall -c -m 644 dblatex/asciidoc-dblatex.xsl dblatex/asciidoc-dblatex.sty /ws/userland/src/components/asciidoc/build/prototype/i386//usr/share/asciidoc/dblatex/
/usr/bin/ginstall -c -d /ws/userland/src/components/asciidoc/build/prototype/i386//usr/share/asciidoc/stylesheets
/usr/bin/ginstall -c -m 644 stylesheets/toc2.css stylesheets/slidy.css stylesheets/pygments.css stylesheets/asciidoc.css stylesheets/xhtml11-quirks.css stylesheets/docbook-xsl.css /ws/userland/src/components/asciidoc/build/prototype/i386//usr/share/asciidoc/stylesheets/
/usr/bin/ginstall -c -d /ws/userland/src/components/asciidoc/build/prototype/i386//usr/share/asciidoc/javascripts
/usr/bin/ginstall -c -m 644 javascripts/ASCIIMathML.js javascripts/LaTeXMathML.js javascripts/toc.js javascripts/slidy.js javascripts/asciidoc.js /ws/userland/src/components/asciidoc/build/prototype/i386//usr/share/asciidoc/javascripts/
/usr/bin/ginstall -c -d /ws/userland/src/components/asciidoc/build/prototype/i386//usr/share/asciidoc/images/icons/callouts
/usr/bin/ginstall -c -m 644 images/icons/callouts/9.png images/icons/callouts/1.png images/icons/callouts/3.png images/icons/callouts/13.png images/icons/callouts/14.png images/icons/callouts/4.png images/icons/callouts/15.png images/icons/callouts/7.png images/icons/callouts/2.png images/icons/callouts/10.png images/icons/callouts/8.png images/icons/callouts/12.png images/icons/callouts/6.png images/icons/callouts/5.png images/icons/callouts/11.png /ws/userland/src/components/asciidoc/build/prototype/i386//usr/share/asciidoc/images/icons/callouts/
/usr/bin/ginstall -c -d /ws/userland/src/components/asciidoc/build/prototype/i386//usr/share/asciidoc/images/icons
/usr/bin/ginstall -c -m 644 images/icons/note.png images/icons/warning.png images/icons/up.png images/icons/important.png images/icons/prev.png images/icons/home.png images/icons/caution.png images/icons/next.png images/icons/example.png images/icons/tip.png images/icons/README /ws/userland/src/components/asciidoc/build/prototype/i386//usr/share/asciidoc/images/icons/
/usr/bin/ginstall -c -d /ws/userland/src/components/asciidoc/build/prototype/i386//usr/share/asciidoc/filters/code
/usr/bin/ginstall -c -m 644 filters/code/code-filter.conf /ws/userland/src/components/asciidoc/build/prototype/i386//usr/share/asciidoc/filters/code/
/usr/bin/ginstall -c -d /ws/userland/src/components/asciidoc/build/prototype/i386//usr/share/asciidoc/filters/music
/usr/bin/ginstall -c -m 644 filters/music/music-filter.conf /ws/userland/src/components/asciidoc/build/prototype/i386//usr/share/asciidoc/filters/music/
/usr/bin/ginstall -c -d /ws/userland/src/components/asciidoc/build/prototype/i386//usr/share/asciidoc/filters/source
/usr/bin/ginstall -c -m 644 filters/source/source-highlight-filter.conf /ws/userland/src/components/asciidoc/build/prototype/i386//usr/share/asciidoc/filters/source/
/usr/bin/ginstall -c -d /ws/userland/src/components/asciidoc/build/prototype/i386//usr/share/asciidoc/filters/graphviz
/usr/bin/ginstall -c -m 644 filters/graphviz/graphviz-filter.conf /ws/userland/src/components/asciidoc/build/prototype/i386//usr/share/asciidoc/filters/graphviz/
/usr/bin/ginstall -c -d /ws/userland/src/components/asciidoc/build/prototype/i386//usr/share/asciidoc/filters/latex
/usr/bin/ginstall -c -m 644 filters/latex/latex-filter.conf /ws/userland/src/components/asciidoc/build/prototype/i386//usr/share/asciidoc/filters/latex/
/usr/bin/ginstall -c -d /ws/userland/src/components/asciidoc/build/prototype/i386//usr/share/asciidoc/themes/flask
/usr/bin/ginstall -c -m 644 themes/flask/flask.css /ws/userland/src/components/asciidoc/build/prototype/i386//usr/share/asciidoc/themes/flask/
/usr/bin/ginstall -c -d /ws/userland/src/components/asciidoc/build/prototype/i386//usr/share/asciidoc/themes/volnitsky
/usr/bin/ginstall -c -m 644 themes/volnitsky/volnitsky.css /ws/userland/src/components/asciidoc/build/prototype/i386//usr/share/asciidoc/themes/volnitsky/
(cd /ws/userland/src/components/asciidoc/build/prototype/i386//usr/bin; ln -sf asciidoc.py asciidoc)
(cd /ws/userland/src/components/asciidoc/build/prototype/i386//usr/bin; ln -sf a2x.py a2x)
make[1]: Leaving directory '/ws/userland/src/components/asciidoc/build/amd64'
/usr/gnu/bin/sed -i -e 's?env python?python2.7?' /ws/userland/src/components/asciidoc/build/prototype/i386/usr/bin/asciidoc.py; /usr/gnu/bin/sed -i -e 's?env python?python2.7?' /ws/userland/src/components/asciidoc/build/prototype/i386/usr/bin/a2x.py;
/usr/bin/touch /ws/userland/src/components/asciidoc/build/amd64/.installed
abort: there is no Mercurial repository here (.hg not found)
/usr/bin/pkgfmt -c -fv2 asciidoc.p5m
/usr/bin/pkgmogrify -D PERL_ARCH=i86pc-solaris-thread-multi-64 -D PERL_VERSION=5.22 -D IPS_COMPONENT_RE_VERSION=8\\.6\\.9 -D COMPONENT_RE_VERSION=8\\.6\\.9 -D PYTHON_2.7_ONLY=# -D PYTHON_3.4_ONLY=# -D PYTHON_3.5_ONLY=# -D SQ=\' -D DQ=\" -D Q=\" -I/ws/userland/src/components/asciidoc -D SOLARIS_11_3_ONLY="#" -D SOLARIS_11_5_ONLY="#" -D SOLARIS_11_3_4_ONLY="" -D SOLARIS_11_4_5_ONLY="" -D SOLARIS_11_4_ONLY="" -D ARC_CASE="" -D TPNO="30220" -D BUILD_VERSION="5.11-11.4.0.0.1.14.0" -D OS_RELEASE="5.11" -D SOLARIS_VERSION="2.11" -D PKG_SOLARIS_VERSION="11.4" -D CONSOLIDATION="userland" -D CONSOLIDATION_CHANGESET="" -D CONSOLIDATION_REPOSITORY_URL="https://github.com/oracle/solaris-userland.git" -D COMPONENT_VERSION="8.6.9" -D IPS_COMPONENT_VERSION="8.6.9" -D HUMAN_VERSION="" -D COMPONENT_ARCHIVE_URL="http://downloads.sourceforge.net/project/asciidoc/asciidoc/8.6.9/asciidoc-8.6.9.tar.gz" -D COMPONENT_PROJECT_URL="http://www.methods.co.nz/asciidoc/" -D COMPONENT_NAME="asciidoc" -D HG_REPO="" -D HG_REV="" -D HG_URL="" -D GIT_COMMIT_ID="" -D GIT_REPO="" -D GIT_TAG="" -D MACH="i386" -D MACH32="i86" -D MACH64="amd64" -D PUBLISHER="nightly" -D PUBLISHER_LOCALIZABLE="userland-localizable" asciidoc.p5m \
	/ws/userland/src/transforms/license-changes /ws/userland/src/transforms/variant-cleanup /ws/userland/src/transforms/autopyc /ws/userland/src/transforms/defaults /ws/userland/src/transforms/actuators /ws/userland/src/transforms/depends /ws/userland/src/transforms/devel /ws/userland/src/transforms/docs /ws/userland/src/transforms/locale /ws/userland/src/transforms/standard-python-libraries /ws/userland/src/transforms/python-rename /ws/userland/src/transforms/python-3-groups /ws/userland/src/transforms/python-3-soabi /ws/userland/src/transforms/python-3-no-32bit /ws/userland/src/transforms/ruby-tests /ws/userland/src/transforms/puppet /ws/userland/src/transforms/libtool-drop /ws/userland/src/transforms/incorporate /ws/userland/src/transforms/publish-cleanup | \
	sed -e '/^$/d' -e '/^#.*$/d' | uniq >/ws/userland/src/components/asciidoc/build/manifest-i386-asciidoc.mogrified
/bin/mkdir -p /ws/userland/src/components/asciidoc/build/prototype/i386/mangled
/ws/userland/src/tools/userland-mangler -D /ws/userland/src/components/asciidoc/build/prototype/i386/mangled -d /ws/userland/src/components/asciidoc/build/prototype/i386/mangled -d /ws/userland/src/components/asciidoc/build/prototype/i386 -d /ws/userland/src/components/asciidoc/build -d /ws/userland/src/components/asciidoc -d asciidoc-8.6.9 -d /ws/userland/src/licenses -m /ws/userland/src/components/asciidoc/build/manifest-i386-asciidoc.mogrified >/ws/userland/src/components/asciidoc/build/manifest-i386-asciidoc.mangled
/usr/bin/env  /usr/bin/pkgdepend generate \
    -m -d /ws/userland/src/components/asciidoc/build/prototype/i386/mangled -d /ws/userland/src/components/asciidoc/build/prototype/i386 -d /ws/userland/src/components/asciidoc/build -d /ws/userland/src/components/asciidoc -d asciidoc-8.6.9 -d /ws/userland/src/licenses /ws/userland/src/components/asciidoc/build/manifest-i386-asciidoc.mangled >/ws/userland/src/components/asciidoc/build/manifest-i386-asciidoc.depend
/usr/bin/pkgdepend resolve -e /ws/userland/src/components/asciidoc/build/resolve.deps -m /ws/userland/src/components/asciidoc/build/manifest-i386-asciidoc.depend
/usr/bin/touch /ws/userland/src/components/asciidoc/build/.resolved-i386
VALIDATING MANIFEST CONTENT: /ws/userland/src/components/asciidoc/build/manifest-i386-asciidoc.depend.res
/usr/bin/env PYTHONPATH=/ws/userland/src/tools/python PROTO_PATH="/ws/userland/src/components/asciidoc/build/prototype/i386/mangled /ws/userland/src/components/asciidoc/build/prototype/i386 /ws/userland/src/components/asciidoc/build /ws/userland/src/components/asciidoc asciidoc-8.6.9 /ws/userland/src/licenses"\
	SOLARIS_VERSION=2.11\
	/bin/true -c /ws/userland/src/i386/pkglint-cache \
		-f /ws/userland/src/tools/pkglintrc /ws/userland/src/components/asciidoc/build/manifest-i386-asciidoc.depend.res
/usr/bin/touch /ws/userland/src/components/asciidoc/build/.linted-i386
/usr/bin/pkgsend -s file:/ws/userland/src/i386/repo publish --fmri-in-manifest --no-catalog -d /ws/userland/src/components/asciidoc/build/prototype/i386/mangled -d /ws/userland/src/components/asciidoc/build/prototype/i386 -d /ws/userland/src/components/asciidoc/build -d /ws/userland/src/components/asciidoc -d asciidoc-8.6.9 -d /ws/userland/src/licenses -T \*.py /ws/userland/src/components/asciidoc/build/manifest-i386-asciidoc.depend.res
pkg://nightly/developer/documentation-tool/asciidoc@8.6.9,5.11-11.4.0.0.1.14.0:20190727T164335Z
PUBLISHED
/usr/bin/pkgfmt </ws/userland/src/components/asciidoc/build/manifest-i386-asciidoc.depend.res >/ws/userland/src/components/asciidoc/build/manifest-i386-asciidoc.published
/usr/bin/touch /ws/userland/src/components/asciidoc/build/.published-i386
gmake: Leaving directory '/ws/userland/src/components/asciidoc'

real        7.2
user        3.1
sys         1.4
