gmake: Entering directory '/ws/userland/src/components/autoconf'
/bin/rm -f -r /ws/userland/src/components/autoconf/autoconf-2.69
/usr/bin/env RUBY_VERSION=2.1 /ws/userland/src/tools/userland-unpack  autoconf-2.69.tar.xz
/usr/bin/touch /ws/userland/src/components/autoconf/autoconf-2.69/.unpacked
/usr/bin/patch -d /ws/userland/src/components/autoconf/autoconf-2.69 --strip=1 --backup --version-control=numbered < patches/autoscan.patch
patching file bin/autoscan.in
/usr/bin/touch /ws/userland/src/components/autoconf/autoconf-2.69/.patched-autoscan.patch
/usr/bin/touch /ws/userland/src/components/autoconf/autoconf-2.69/.patched
/usr/bin/touch /ws/userland/src/components/autoconf/autoconf-2.69/.prep
(/bin/rm -f -rf /ws/userland/src/components/autoconf/build/i386 ; /bin/mkdir -p /ws/userland/src/components/autoconf/build/i386)
(cd /ws/userland/src/components/autoconf/build/i386 ; /usr/bin/env CONFIG_SHELL="/bin/ksh93" PKG_CONFIG_PATH="/usr/lib/pkgconfig" CC="/opt/solarisstudio12.4/bin/cc" CXX="/opt/solarisstudio12.4/bin/CC"  CC_FOR_BUILD="/opt/solarisstudio12.4/bin/cc -m32" CXX_FOR_BUILD="/opt/solarisstudio12.4/bin/CC -m32" CPPFLAGS="-m32" "ac_cv_func_realloc_0_nonnull=yes" "NM=/usr/gnu/bin/nm" INTLTOOL_PERL="/usr/perl5/5.22/bin/perl" CFLAGS="-m32 -xO4 -xchip=pentium -xregs=no%frameptr -mt" CXXFLAGS="-norunpath -m32 -xO4 -xchip=pentium -xregs=no%frameptr" LDFLAGS="" /bin/ksh93 \
	/ws/userland/src/components/autoconf/autoconf-2.69/configure --prefix=/usr --mandir=/usr/share/man --bindir=/usr/bin --sbindir=/usr/sbin --libdir=/usr/lib    --infodir=/usr/share/info PERL="/usr/perl5/5.22/bin/perl" M4="/usr/gnu/bin/m4")
checking for a BSD-compatible install... /usr/bin/ginstall -c
checking whether build environment is sane... yes
checking for a thread-safe mkdir -p... /usr/bin/gmkdir -p
checking for gawk... gawk
checking whether make sets $(MAKE)... yes
checking build system type... i386-pc-solaris2.11
checking host system type... i386-pc-solaris2.11
configure: autobuild project... GNU Autoconf
configure: autobuild revision... 2.69
configure: autobuild hostname... sol11.4
configure: autobuild timestamp... 20190727T164951Z
checking whether /bin/sh -n is known to work... yes
checking for characters that cannot appear in file names... none
checking whether directories can have trailing spaces... yes
checking for expr... /usr/bin/expr
checking for GNU M4 that supports accurate traces... /usr/gnu/bin/m4
checking whether /usr/gnu/bin/m4 accepts --gnu... yes
checking how m4 supports trace files... --debugfile
checking for perl... /usr/perl5/5.22/bin/perl
checking whether /usr/perl5/5.22/bin/perl Fcntl::flock is implemented... yes
checking for emacs... emacs
checking whether emacs is sufficiently recent... yes
checking for emacs... emacs
checking where .elc files should go... ${datarootdir}/emacs/site-lisp
checking for grep that handles long lines and -e... /usr/bin/ggrep
checking for egrep... /usr/bin/ggrep -E
checking for a sed that does not truncate output... /usr/bin/gsed
checking whether make is case sensitive... yes
configure: creating ./config.status
config.status: creating tests/Makefile
config.status: creating tests/atlocal
config.status: creating man/Makefile
config.status: creating lib/emacs/Makefile
config.status: creating Makefile
config.status: creating doc/Makefile
config.status: creating lib/Makefile
config.status: creating lib/Autom4te/Makefile
config.status: creating lib/autoscan/Makefile
config.status: creating lib/m4sugar/Makefile
config.status: creating lib/autoconf/Makefile
config.status: creating lib/autotest/Makefile
config.status: creating bin/Makefile
config.status: linking /ws/userland/src/components/autoconf/autoconf-2.69/GNUmakefile to GNUmakefile
config.status: executing tests/atconfig commands
/usr/bin/touch /ws/userland/src/components/autoconf/build/i386/.configured
(cd /ws/userland/src/components/autoconf/build/i386 ; /usr/bin/env LD_OPTIONS="-M /usr/lib/ld/map.noexdata -M /usr/lib/ld/map.pagealign -Bdirect -zignore -zstrip-class=comment" LD_EXEC_OPTIONS=" -zsx=aslr=disable -zsx=nxstack=disable -zsx=nxheap=disable " LD_PIE_OPTIONS="-zsx=aslr=disable -zsx=nxstack=disable -zsx=nxheap=disable "  PKG_CONFIG_PATH="/usr/lib/pkgconfig" "ac_cv_func_realloc_0_nonnull=yes" INTLTOOL_PERL="/usr/perl5/5.22/bin/perl" \
	/usr/gnu/bin/make  )
make[1]: Entering directory '/ws/userland/src/components/autoconf/build/i386'
/usr/gnu/bin/make  all-recursive
make[2]: Entering directory '/ws/userland/src/components/autoconf/build/i386'
Making all in bin
make[3]: Entering directory '/ws/userland/src/components/autoconf/build/i386/bin'
rm -f autom4te autom4te.tmp
srcdir=''; \
  test -f ./autom4te.in || srcdir=/ws/userland/src/components/autoconf/autoconf-2.69/bin/; \
  sed -e 's|@SHELL[@]|/bin/ksh93|g' -e 's|@PERL[@]|/usr/perl5/5.22/bin/perl|g' -e 's|@PERL_FLOCK[@]|yes|g' -e 's|@bindir[@]|/usr/bin|g' -e 's|@pkgdatadir[@]|/usr/share/autoconf|g' -e 's|@prefix[@]|/usr|g' -e 's|@autoconf-name[@]|'`echo autoconf | sed 's,x,x,'`'|g' -e 's|@autoheader-name[@]|'`echo autoheader | sed 's,x,x,'`'|g' -e 's|@autom4te-name[@]|'`echo autom4te | sed 's,x,x,'`'|g' -e 's|@M4[@]|/usr/gnu/bin/m4|g' -e 's|@M4_DEBUGFILE[@]|--debugfile|g' -e 's|@M4_GNU[@]|--gnu|g' -e 's|@AWK[@]|gawk|g' -e 's|@RELEASE_YEAR[@]|'`sed 's/^\([0-9][0-9][0-9][0-9]\).*/\1/;q' /ws/userland/src/components/autoconf/autoconf-2.69/ChangeLog`'|g' -e 's|@VERSION[@]|2.69|g' -e 's|@PACKAGE_NAME[@]|GNU Autoconf|g' -e 's|@configure_input[@]|Generated from autom4te.in; do not edit by hand.|g' ${srcdir}autom4te.in >autom4te.tmp
chmod +x autom4te.tmp
chmod a-w autom4te.tmp
mv autom4te.tmp autom4te
cd ../lib && /usr/gnu/bin/make  autom4te.cfg
make[4]: Entering directory '/ws/userland/src/components/autoconf/build/i386/lib'
rm -f autom4te.cfg autom4te.tmp
sed -e 's|@SHELL[@]|/bin/ksh93|g' -e 's|@PERL[@]|/usr/perl5/5.22/bin/perl|g' -e 's|@bindir[@]|/usr/bin|g' -e 's|@pkgdatadir[@]|/usr/share/autoconf|g' -e 's|@prefix[@]|/usr|g' -e 's|@autoconf-name[@]|'`echo autoconf | sed 's,x,x,'`'|g' -e 's|@autoheader-name[@]|'`echo autoheader | sed 's,x,x,'`'|g' -e 's|@autom4te-name[@]|'`echo autom4te | sed 's,x,x,'`'|g' -e 's|@M4[@]|/usr/gnu/bin/m4|g' -e 's|@AWK[@]|gawk|g' -e 's|@VERSION[@]|2.69|g' -e 's|@PACKAGE_NAME[@]|GNU Autoconf|g' /ws/userland/src/components/autoconf/autoconf-2.69/lib/autom4te.in >autom4te.tmp
chmod a-w autom4te.tmp
mv autom4te.tmp autom4te.cfg
make[4]: Leaving directory '/ws/userland/src/components/autoconf/build/i386/lib'
cd ../lib/m4sugar && /usr/gnu/bin/make  version.m4
make[4]: Entering directory '/ws/userland/src/components/autoconf/build/i386/lib/m4sugar'
:;{ \
  echo '# This file is part of -*- Autoconf -*-.' && \
  echo '# Version of Autoconf.' && \
  echo '# Copyright (C) 1999, 2000, 2001, 2002, 2006, 2007, 2009' && \
  echo '# Free Software Foundation, Inc.' && \
  echo  &&\
  echo 'm4_define([m4_PACKAGE_NAME],      [GNU Autoconf])' && \
  echo 'm4_define([m4_PACKAGE_TARNAME],   [autoconf])' && \
  echo 'm4_define([m4_PACKAGE_VERSION],   [2.69])' && \
  echo 'm4_define([m4_PACKAGE_STRING],    [GNU Autoconf 2.69])' && \
  echo 'm4_define([m4_PACKAGE_BUGREPORT], [bug-autoconf@gnu.org])' && \
  echo 'm4_define([m4_PACKAGE_URL],       [http://www.gnu.org/software/autoconf/])' && \
  echo 'm4_define([m4_PACKAGE_YEAR],      ['`sed 's/^\([0-9][0-9][0-9][0-9]\).*/\1/;q' /ws/userland/src/components/autoconf/autoconf-2.69/ChangeLog`'])'; \
} > version.m4-t
mv version.m4-t version.m4
make[4]: Leaving directory '/ws/userland/src/components/autoconf/build/i386/lib/m4sugar'
autom4te_perllibdir='/ws/userland/src/components/autoconf/autoconf-2.69'/lib AUTOM4TE_CFG='../lib/autom4te.cfg'         ../bin/autom4te -B '..'/lib -B '/ws/userland/src/components/autoconf/autoconf-2.69'/lib         --language M4sh --cache '' --melt /ws/userland/src/components/autoconf/autoconf-2.69/bin/autoconf.as -o autoconf.in
rm -f autoconf autoconf.tmp
srcdir=''; \
  test -f ./autoconf.in || srcdir=/ws/userland/src/components/autoconf/autoconf-2.69/bin/; \
  sed -e 's|@SHELL[@]|/bin/ksh93|g' -e 's|@PERL[@]|/usr/perl5/5.22/bin/perl|g' -e 's|@PERL_FLOCK[@]|yes|g' -e 's|@bindir[@]|/usr/bin|g' -e 's|@pkgdatadir[@]|/usr/share/autoconf|g' -e 's|@prefix[@]|/usr|g' -e 's|@autoconf-name[@]|'`echo autoconf | sed 's,x,x,'`'|g' -e 's|@autoheader-name[@]|'`echo autoheader | sed 's,x,x,'`'|g' -e 's|@autom4te-name[@]|'`echo autom4te | sed 's,x,x,'`'|g' -e 's|@M4[@]|/usr/gnu/bin/m4|g' -e 's|@M4_DEBUGFILE[@]|--debugfile|g' -e 's|@M4_GNU[@]|--gnu|g' -e 's|@AWK[@]|gawk|g' -e 's|@RELEASE_YEAR[@]|'`sed 's/^\([0-9][0-9][0-9][0-9]\).*/\1/;q' /ws/userland/src/components/autoconf/autoconf-2.69/ChangeLog`'|g' -e 's|@VERSION[@]|2.69|g' -e 's|@PACKAGE_NAME[@]|GNU Autoconf|g' -e 's|@configure_input[@]|Generated from autoconf.in; do not edit by hand.|g' ${srcdir}autoconf.in >autoconf.tmp
chmod +x autoconf.tmp
chmod a-w autoconf.tmp
mv autoconf.tmp autoconf
rm -f autoheader autoheader.tmp
srcdir=''; \
  test -f ./autoheader.in || srcdir=/ws/userland/src/components/autoconf/autoconf-2.69/bin/; \
  sed -e 's|@SHELL[@]|/bin/ksh93|g' -e 's|@PERL[@]|/usr/perl5/5.22/bin/perl|g' -e 's|@PERL_FLOCK[@]|yes|g' -e 's|@bindir[@]|/usr/bin|g' -e 's|@pkgdatadir[@]|/usr/share/autoconf|g' -e 's|@prefix[@]|/usr|g' -e 's|@autoconf-name[@]|'`echo autoconf | sed 's,x,x,'`'|g' -e 's|@autoheader-name[@]|'`echo autoheader | sed 's,x,x,'`'|g' -e 's|@autom4te-name[@]|'`echo autom4te | sed 's,x,x,'`'|g' -e 's|@M4[@]|/usr/gnu/bin/m4|g' -e 's|@M4_DEBUGFILE[@]|--debugfile|g' -e 's|@M4_GNU[@]|--gnu|g' -e 's|@AWK[@]|gawk|g' -e 's|@RELEASE_YEAR[@]|'`sed 's/^\([0-9][0-9][0-9][0-9]\).*/\1/;q' /ws/userland/src/components/autoconf/autoconf-2.69/ChangeLog`'|g' -e 's|@VERSION[@]|2.69|g' -e 's|@PACKAGE_NAME[@]|GNU Autoconf|g' -e 's|@configure_input[@]|Generated from autoheader.in; do not edit by hand.|g' ${srcdir}autoheader.in >autoheader.tmp
chmod +x autoheader.tmp
chmod a-w autoheader.tmp
mv autoheader.tmp autoheader
rm -f autoreconf autoreconf.tmp
srcdir=''; \
  test -f ./autoreconf.in || srcdir=/ws/userland/src/components/autoconf/autoconf-2.69/bin/; \
  sed -e 's|@SHELL[@]|/bin/ksh93|g' -e 's|@PERL[@]|/usr/perl5/5.22/bin/perl|g' -e 's|@PERL_FLOCK[@]|yes|g' -e 's|@bindir[@]|/usr/bin|g' -e 's|@pkgdatadir[@]|/usr/share/autoconf|g' -e 's|@prefix[@]|/usr|g' -e 's|@autoconf-name[@]|'`echo autoconf | sed 's,x,x,'`'|g' -e 's|@autoheader-name[@]|'`echo autoheader | sed 's,x,x,'`'|g' -e 's|@autom4te-name[@]|'`echo autom4te | sed 's,x,x,'`'|g' -e 's|@M4[@]|/usr/gnu/bin/m4|g' -e 's|@M4_DEBUGFILE[@]|--debugfile|g' -e 's|@M4_GNU[@]|--gnu|g' -e 's|@AWK[@]|gawk|g' -e 's|@RELEASE_YEAR[@]|'`sed 's/^\([0-9][0-9][0-9][0-9]\).*/\1/;q' /ws/userland/src/components/autoconf/autoconf-2.69/ChangeLog`'|g' -e 's|@VERSION[@]|2.69|g' -e 's|@PACKAGE_NAME[@]|GNU Autoconf|g' -e 's|@configure_input[@]|Generated from autoreconf.in; do not edit by hand.|g' ${srcdir}autoreconf.in >autoreconf.tmp
chmod +x autoreconf.tmp
chmod a-w autoreconf.tmp
mv autoreconf.tmp autoreconf
rm -f ifnames ifnames.tmp
srcdir=''; \
  test -f ./ifnames.in || srcdir=/ws/userland/src/components/autoconf/autoconf-2.69/bin/; \
  sed -e 's|@SHELL[@]|/bin/ksh93|g' -e 's|@PERL[@]|/usr/perl5/5.22/bin/perl|g' -e 's|@PERL_FLOCK[@]|yes|g' -e 's|@bindir[@]|/usr/bin|g' -e 's|@pkgdatadir[@]|/usr/share/autoconf|g' -e 's|@prefix[@]|/usr|g' -e 's|@autoconf-name[@]|'`echo autoconf | sed 's,x,x,'`'|g' -e 's|@autoheader-name[@]|'`echo autoheader | sed 's,x,x,'`'|g' -e 's|@autom4te-name[@]|'`echo autom4te | sed 's,x,x,'`'|g' -e 's|@M4[@]|/usr/gnu/bin/m4|g' -e 's|@M4_DEBUGFILE[@]|--debugfile|g' -e 's|@M4_GNU[@]|--gnu|g' -e 's|@AWK[@]|gawk|g' -e 's|@RELEASE_YEAR[@]|'`sed 's/^\([0-9][0-9][0-9][0-9]\).*/\1/;q' /ws/userland/src/components/autoconf/autoconf-2.69/ChangeLog`'|g' -e 's|@VERSION[@]|2.69|g' -e 's|@PACKAGE_NAME[@]|GNU Autoconf|g' -e 's|@configure_input[@]|Generated from ifnames.in; do not edit by hand.|g' ${srcdir}ifnames.in >ifnames.tmp
chmod +x ifnames.tmp
chmod a-w ifnames.tmp
mv ifnames.tmp ifnames
rm -f autoscan autoscan.tmp
srcdir=''; \
  test -f ./autoscan.in || srcdir=/ws/userland/src/components/autoconf/autoconf-2.69/bin/; \
  sed -e 's|@SHELL[@]|/bin/ksh93|g' -e 's|@PERL[@]|/usr/perl5/5.22/bin/perl|g' -e 's|@PERL_FLOCK[@]|yes|g' -e 's|@bindir[@]|/usr/bin|g' -e 's|@pkgdatadir[@]|/usr/share/autoconf|g' -e 's|@prefix[@]|/usr|g' -e 's|@autoconf-name[@]|'`echo autoconf | sed 's,x,x,'`'|g' -e 's|@autoheader-name[@]|'`echo autoheader | sed 's,x,x,'`'|g' -e 's|@autom4te-name[@]|'`echo autom4te | sed 's,x,x,'`'|g' -e 's|@M4[@]|/usr/gnu/bin/m4|g' -e 's|@M4_DEBUGFILE[@]|--debugfile|g' -e 's|@M4_GNU[@]|--gnu|g' -e 's|@AWK[@]|gawk|g' -e 's|@RELEASE_YEAR[@]|'`sed 's/^\([0-9][0-9][0-9][0-9]\).*/\1/;q' /ws/userland/src/components/autoconf/autoconf-2.69/ChangeLog`'|g' -e 's|@VERSION[@]|2.69|g' -e 's|@PACKAGE_NAME[@]|GNU Autoconf|g' -e 's|@configure_input[@]|Generated from autoscan.in; do not edit by hand.|g' ${srcdir}autoscan.in >autoscan.tmp
chmod +x autoscan.tmp
chmod a-w autoscan.tmp
mv autoscan.tmp autoscan
rm -f autoupdate autoupdate.tmp
srcdir=''; \
  test -f ./autoupdate.in || srcdir=/ws/userland/src/components/autoconf/autoconf-2.69/bin/; \
  sed -e 's|@SHELL[@]|/bin/ksh93|g' -e 's|@PERL[@]|/usr/perl5/5.22/bin/perl|g' -e 's|@PERL_FLOCK[@]|yes|g' -e 's|@bindir[@]|/usr/bin|g' -e 's|@pkgdatadir[@]|/usr/share/autoconf|g' -e 's|@prefix[@]|/usr|g' -e 's|@autoconf-name[@]|'`echo autoconf | sed 's,x,x,'`'|g' -e 's|@autoheader-name[@]|'`echo autoheader | sed 's,x,x,'`'|g' -e 's|@autom4te-name[@]|'`echo autom4te | sed 's,x,x,'`'|g' -e 's|@M4[@]|/usr/gnu/bin/m4|g' -e 's|@M4_DEBUGFILE[@]|--debugfile|g' -e 's|@M4_GNU[@]|--gnu|g' -e 's|@AWK[@]|gawk|g' -e 's|@RELEASE_YEAR[@]|'`sed 's/^\([0-9][0-9][0-9][0-9]\).*/\1/;q' /ws/userland/src/components/autoconf/autoconf-2.69/ChangeLog`'|g' -e 's|@VERSION[@]|2.69|g' -e 's|@PACKAGE_NAME[@]|GNU Autoconf|g' -e 's|@configure_input[@]|Generated from autoupdate.in; do not edit by hand.|g' ${srcdir}autoupdate.in >autoupdate.tmp
chmod +x autoupdate.tmp
chmod a-w autoupdate.tmp
mv autoupdate.tmp autoupdate
make[3]: Leaving directory '/ws/userland/src/components/autoconf/build/i386/bin'
Making all in .
make[3]: Entering directory '/ws/userland/src/components/autoconf/build/i386'
make[3]: Nothing to be done for 'all-am'.
make[3]: Leaving directory '/ws/userland/src/components/autoconf/build/i386'
Making all in lib
make[3]: Entering directory '/ws/userland/src/components/autoconf/build/i386/lib'
Making all in Autom4te
make[4]: Entering directory '/ws/userland/src/components/autoconf/build/i386/lib/Autom4te'
make[4]: Nothing to be done for 'all'.
make[4]: Leaving directory '/ws/userland/src/components/autoconf/build/i386/lib/Autom4te'
Making all in m4sugar
make[4]: Entering directory '/ws/userland/src/components/autoconf/build/i386/lib/m4sugar'
autom4te_perllibdir='/ws/userland/src/components/autoconf/autoconf-2.69'/lib AUTOM4TE_CFG='../../lib/autom4te.cfg'         ../../bin/autom4te -B '../..'/lib -B '/ws/userland/src/components/autoconf/autoconf-2.69'/lib        				\
	--language=m4sugar			\
	--freeze			\
	--output=m4sugar.m4f
autom4te_perllibdir='/ws/userland/src/components/autoconf/autoconf-2.69'/lib AUTOM4TE_CFG='../../lib/autom4te.cfg'         ../../bin/autom4te -B '../..'/lib -B '/ws/userland/src/components/autoconf/autoconf-2.69'/lib        				\
	--language=m4sh			\
	--freeze			\
	--output=m4sh.m4f
make[4]: Leaving directory '/ws/userland/src/components/autoconf/build/i386/lib/m4sugar'
Making all in autoconf
make[4]: Entering directory '/ws/userland/src/components/autoconf/build/i386/lib/autoconf'
autom4te_perllibdir='/ws/userland/src/components/autoconf/autoconf-2.69'/lib AUTOM4TE_CFG='../../lib/autom4te.cfg'         ../../bin/autom4te -B '../..'/lib -B '/ws/userland/src/components/autoconf/autoconf-2.69'/lib        				\
	--language=autoconf			\
	--freeze			\
	--output=autoconf.m4f
make[4]: Leaving directory '/ws/userland/src/components/autoconf/build/i386/lib/autoconf'
Making all in autotest
make[4]: Entering directory '/ws/userland/src/components/autoconf/build/i386/lib/autotest'
autom4te_perllibdir='/ws/userland/src/components/autoconf/autoconf-2.69'/lib AUTOM4TE_CFG='../../lib/autom4te.cfg'         ../../bin/autom4te -B '../..'/lib -B '/ws/userland/src/components/autoconf/autoconf-2.69'/lib        				\
	--language=autotest			\
	--freeze			\
	--output=autotest.m4f
make[4]: Leaving directory '/ws/userland/src/components/autoconf/build/i386/lib/autotest'
Making all in autoscan
make[4]: Entering directory '/ws/userland/src/components/autoconf/build/i386/lib/autoscan'
echo '# Automatically Generated: do not edit this file' >autoscan.list
sed '/^[#]/!q' /ws/userland/src/components/autoconf/autoconf-2.69/lib/autoscan/autoscan.pre                  >>autoscan.list
( \
  sed -n '/^[^#]/p' /ws/userland/src/components/autoconf/autoconf-2.69/lib/autoscan/autoscan.pre; \
  autom4te_perllibdir='/ws/userland/src/components/autoconf/autoconf-2.69'/lib AUTOM4TE_CFG='../../lib/autom4te.cfg'         ../../bin/autom4te -B '../..'/lib -B '/ws/userland/src/components/autoconf/autoconf-2.69'/lib         --cache '' -M -l autoconf -t'AN_OUTPUT:$1: $2		$3' \
) | LC_ALL=C sort                                      >>autoscan.list
make[4]: Leaving directory '/ws/userland/src/components/autoconf/build/i386/lib/autoscan'
Making all in emacs
make[4]: Entering directory '/ws/userland/src/components/autoconf/build/i386/lib/emacs'
WARNING: Warnings can be ignored. :-)
if test "emacs" != no; then \
  set x; \
  list='autoconf-mode.el autotest-mode.el'; for p in $list; do \
    if test -f "$p"; then d=; else d="/ws/userland/src/components/autoconf/autoconf-2.69/lib/emacs/"; fi; \
    set x "$@" "$d$p"; shift; \
  done; \
  shift; \
  EMACS="emacs" /bin/ksh93 /ws/userland/src/components/autoconf/autoconf-2.69/build-aux/elisp-comp "$@" || exit 1; \
else : ; fi
make[4]: Leaving directory '/ws/userland/src/components/autoconf/build/i386/lib/emacs'
make[4]: Entering directory '/ws/userland/src/components/autoconf/build/i386/lib'
make[4]: Nothing to be done for 'all-am'.
make[4]: Leaving directory '/ws/userland/src/components/autoconf/build/i386/lib'
make[3]: Leaving directory '/ws/userland/src/components/autoconf/build/i386/lib'
Making all in doc
make[3]: Entering directory '/ws/userland/src/components/autoconf/build/i386/doc'
make[3]: Nothing to be done for 'all'.
make[3]: Leaving directory '/ws/userland/src/components/autoconf/build/i386/doc'
Making all in tests
make[3]: Entering directory '/ws/userland/src/components/autoconf/build/i386/tests'
autom4te_perllibdir='/ws/userland/src/components/autoconf/autoconf-2.69'/lib AUTOM4TE_CFG='../lib/autom4te.cfg'         ../bin/autom4te -B '..'/lib -B '/ws/userland/src/components/autoconf/autoconf-2.69'/lib         --language=M4sh /ws/userland/src/components/autoconf/autoconf-2.69/tests/wrapper.as -o wrapper.in
rm -f autoconf autoconf.tmp
input=wrapper.in; \
sed -e 's|@wrap_program[@]|autoconf|g' -e 's|@abs_top_srcdir[@]|/ws/userland/src/components/autoconf/autoconf-2.69|g' -e 's|@abs_top_builddir[@]|/ws/userland/src/components/autoconf/build/i386|g' -e "s|@configure_input[@]|Generated from $input.|g" wrapper.in >autoconf.tmp
chmod +x autoconf.tmp
chmod a-w autoconf.tmp
mv -f autoconf.tmp autoconf
rm -f autoheader autoheader.tmp
input=wrapper.in; \
sed -e 's|@wrap_program[@]|autoheader|g' -e 's|@abs_top_srcdir[@]|/ws/userland/src/components/autoconf/autoconf-2.69|g' -e 's|@abs_top_builddir[@]|/ws/userland/src/components/autoconf/build/i386|g' -e "s|@configure_input[@]|Generated from $input.|g" wrapper.in >autoheader.tmp
chmod +x autoheader.tmp
chmod a-w autoheader.tmp
mv -f autoheader.tmp autoheader
rm -f autom4te autom4te.tmp
input=wrapper.in; \
sed -e 's|@wrap_program[@]|autom4te|g' -e 's|@abs_top_srcdir[@]|/ws/userland/src/components/autoconf/autoconf-2.69|g' -e 's|@abs_top_builddir[@]|/ws/userland/src/components/autoconf/build/i386|g' -e "s|@configure_input[@]|Generated from $input.|g" wrapper.in >autom4te.tmp
chmod +x autom4te.tmp
chmod a-w autom4te.tmp
mv -f autom4te.tmp autom4te
rm -f autoreconf autoreconf.tmp
input=wrapper.in; \
sed -e 's|@wrap_program[@]|autoreconf|g' -e 's|@abs_top_srcdir[@]|/ws/userland/src/components/autoconf/autoconf-2.69|g' -e 's|@abs_top_builddir[@]|/ws/userland/src/components/autoconf/build/i386|g' -e "s|@configure_input[@]|Generated from $input.|g" wrapper.in >autoreconf.tmp
chmod +x autoreconf.tmp
chmod a-w autoreconf.tmp
mv -f autoreconf.tmp autoreconf
rm -f autoscan autoscan.tmp
input=wrapper.in; \
sed -e 's|@wrap_program[@]|autoscan|g' -e 's|@abs_top_srcdir[@]|/ws/userland/src/components/autoconf/autoconf-2.69|g' -e 's|@abs_top_builddir[@]|/ws/userland/src/components/autoconf/build/i386|g' -e "s|@configure_input[@]|Generated from $input.|g" wrapper.in >autoscan.tmp
chmod +x autoscan.tmp
chmod a-w autoscan.tmp
mv -f autoscan.tmp autoscan
rm -f autoupdate autoupdate.tmp
input=wrapper.in; \
sed -e 's|@wrap_program[@]|autoupdate|g' -e 's|@abs_top_srcdir[@]|/ws/userland/src/components/autoconf/autoconf-2.69|g' -e 's|@abs_top_builddir[@]|/ws/userland/src/components/autoconf/build/i386|g' -e "s|@configure_input[@]|Generated from $input.|g" wrapper.in >autoupdate.tmp
chmod +x autoupdate.tmp
chmod a-w autoupdate.tmp
mv -f autoupdate.tmp autoupdate
rm -f ifnames ifnames.tmp
input=wrapper.in; \
sed -e 's|@wrap_program[@]|ifnames|g' -e 's|@abs_top_srcdir[@]|/ws/userland/src/components/autoconf/autoconf-2.69|g' -e 's|@abs_top_builddir[@]|/ws/userland/src/components/autoconf/build/i386|g' -e "s|@configure_input[@]|Generated from $input.|g" wrapper.in >ifnames.tmp
chmod +x ifnames.tmp
chmod a-w ifnames.tmp
mv -f ifnames.tmp ifnames
make[3]: Leaving directory '/ws/userland/src/components/autoconf/build/i386/tests'
Making all in man
make[3]: Entering directory '/ws/userland/src/components/autoconf/build/i386/man'
Updating man page /ws/userland/src/components/autoconf/autoconf-2.69/man/autoscan.1
PATH="../tests:/ws/userland/src/components/autoconf/autoconf-2.69/build-aux:$PATH"; \
export PATH; \
/bin/ksh93 /ws/userland/src/components/autoconf/autoconf-2.69/build-aux/missing --run help2man \
    --include=/ws/userland/src/components/autoconf/autoconf-2.69/man/autoscan.x \
    --include=/ws/userland/src/components/autoconf/autoconf-2.69/man/common.x \
    --source='GNU Autoconf 2.69' \
    --output=/ws/userland/src/components/autoconf/autoconf-2.69/man/autoscan.1.t `echo '/ws/userland/src/components/autoconf/autoconf-2.69/man/autoscan' | sed 's,.*/,,'`
if sed 's/^\(\.TH[^"]*"[^"]*"[^"]*\)"[^"]*"/\1/' /ws/userland/src/components/autoconf/autoconf-2.69/man/autoscan.1 >/ws/userland/src/components/autoconf/autoconf-2.69/man/autoscan.1a.t 2>/dev/null && \
   sed 's/^\(\.TH[^"]*"[^"]*"[^"]*\)"[^"]*"/\1/' /ws/userland/src/components/autoconf/autoconf-2.69/man/autoscan.1.t | cmp /ws/userland/src/components/autoconf/autoconf-2.69/man/autoscan.1a.t - >/dev/null 2>&1; then \
	touch /ws/userland/src/components/autoconf/autoconf-2.69/man/autoscan.1; \
else \
	mv /ws/userland/src/components/autoconf/autoconf-2.69/man/autoscan.1.t /ws/userland/src/components/autoconf/autoconf-2.69/man/autoscan.1; \
fi
rm -f /ws/userland/src/components/autoconf/autoconf-2.69/man/autoscan.1*.t
make[3]: Leaving directory '/ws/userland/src/components/autoconf/build/i386/man'
make[2]: Leaving directory '/ws/userland/src/components/autoconf/build/i386'
make[1]: Leaving directory '/ws/userland/src/components/autoconf/build/i386'
/usr/bin/touch /ws/userland/src/components/autoconf/build/i386/.built
(cd /ws/userland/src/components/autoconf/build/i386 ; /usr/bin/env LD_OPTIONS="-M /usr/lib/ld/map.noexdata -M /usr/lib/ld/map.pagealign -Bdirect -zignore -zstrip-class=comment" LD_EXEC_OPTIONS=" -zsx=aslr=disable -zsx=nxstack=disable -zsx=nxheap=disable " LD_PIE_OPTIONS="-zsx=aslr=disable -zsx=nxstack=disable -zsx=nxheap=disable "  /usr/gnu/bin/make \
		 DESTDIR=/ws/userland/src/components/autoconf/build/prototype/i386 install)
make[1]: Entering directory '/ws/userland/src/components/autoconf/build/i386'
/usr/gnu/bin/make  install-recursive
make[2]: Entering directory '/ws/userland/src/components/autoconf/build/i386'
Making install in bin
make[3]: Entering directory '/ws/userland/src/components/autoconf/build/i386/bin'
make[4]: Entering directory '/ws/userland/src/components/autoconf/build/i386/bin'
test -z "/usr/bin" || /usr/bin/gmkdir -p "/ws/userland/src/components/autoconf/build/prototype/i386/usr/bin"
 /usr/bin/ginstall -c autom4te autoconf autoheader autoreconf ifnames autoscan autoupdate '/ws/userland/src/components/autoconf/build/prototype/i386/usr/bin'
make[4]: Nothing to be done for 'install-data-am'.
make[4]: Leaving directory '/ws/userland/src/components/autoconf/build/i386/bin'
make[3]: Leaving directory '/ws/userland/src/components/autoconf/build/i386/bin'
Making install in .
make[3]: Entering directory '/ws/userland/src/components/autoconf/build/i386'
make[4]: Entering directory '/ws/userland/src/components/autoconf/build/i386'
make[4]: Nothing to be done for 'install-exec-am'.
test -z "/usr/share/autoconf" || /usr/bin/gmkdir -p "/ws/userland/src/components/autoconf/build/prototype/i386/usr/share/autoconf"
 /usr/bin/ginstall -c -m 644 /ws/userland/src/components/autoconf/autoconf-2.69/INSTALL '/ws/userland/src/components/autoconf/build/prototype/i386/usr/share/autoconf'
make[4]: Leaving directory '/ws/userland/src/components/autoconf/build/i386'
make[3]: Leaving directory '/ws/userland/src/components/autoconf/build/i386'
Making install in lib
make[3]: Entering directory '/ws/userland/src/components/autoconf/build/i386/lib'
Making install in Autom4te
make[4]: Entering directory '/ws/userland/src/components/autoconf/build/i386/lib/Autom4te'
make[5]: Entering directory '/ws/userland/src/components/autoconf/build/i386/lib/Autom4te'
make[5]: Nothing to be done for 'install-exec-am'.
test -z "/usr/share/autoconf/Autom4te" || /usr/bin/gmkdir -p "/ws/userland/src/components/autoconf/build/prototype/i386/usr/share/autoconf/Autom4te"
 /usr/bin/ginstall -c -m 644 /ws/userland/src/components/autoconf/autoconf-2.69/lib/Autom4te/C4che.pm /ws/userland/src/components/autoconf/autoconf-2.69/lib/Autom4te/ChannelDefs.pm /ws/userland/src/components/autoconf/autoconf-2.69/lib/Autom4te/Channels.pm /ws/userland/src/components/autoconf/autoconf-2.69/lib/Autom4te/Configure_ac.pm /ws/userland/src/components/autoconf/autoconf-2.69/lib/Autom4te/FileUtils.pm /ws/userland/src/components/autoconf/autoconf-2.69/lib/Autom4te/General.pm /ws/userland/src/components/autoconf/autoconf-2.69/lib/Autom4te/Getopt.pm /ws/userland/src/components/autoconf/autoconf-2.69/lib/Autom4te/Request.pm /ws/userland/src/components/autoconf/autoconf-2.69/lib/Autom4te/XFile.pm '/ws/userland/src/components/autoconf/build/prototype/i386/usr/share/autoconf/Autom4te'
make[5]: Leaving directory '/ws/userland/src/components/autoconf/build/i386/lib/Autom4te'
make[4]: Leaving directory '/ws/userland/src/components/autoconf/build/i386/lib/Autom4te'
Making install in m4sugar
make[4]: Entering directory '/ws/userland/src/components/autoconf/build/i386/lib/m4sugar'
make[5]: Entering directory '/ws/userland/src/components/autoconf/build/i386/lib/m4sugar'
make[5]: Nothing to be done for 'install-exec-am'.
test -z "/usr/share/autoconf/m4sugar" || /usr/bin/gmkdir -p "/ws/userland/src/components/autoconf/build/prototype/i386/usr/share/autoconf/m4sugar"
 /usr/bin/ginstall -c -m 644 /ws/userland/src/components/autoconf/autoconf-2.69/lib/m4sugar/m4sugar.m4 /ws/userland/src/components/autoconf/autoconf-2.69/lib/m4sugar/foreach.m4 /ws/userland/src/components/autoconf/autoconf-2.69/lib/m4sugar/m4sh.m4 '/ws/userland/src/components/autoconf/build/prototype/i386/usr/share/autoconf/m4sugar'
test -z "/usr/share/autoconf/m4sugar" || /usr/bin/gmkdir -p "/ws/userland/src/components/autoconf/build/prototype/i386/usr/share/autoconf/m4sugar"
 /usr/bin/ginstall -c -m 644 version.m4 m4sugar.m4f m4sh.m4f '/ws/userland/src/components/autoconf/build/prototype/i386/usr/share/autoconf/m4sugar'
make[5]: Leaving directory '/ws/userland/src/components/autoconf/build/i386/lib/m4sugar'
make[4]: Leaving directory '/ws/userland/src/components/autoconf/build/i386/lib/m4sugar'
Making install in autoconf
make[4]: Entering directory '/ws/userland/src/components/autoconf/build/i386/lib/autoconf'
make[5]: Entering directory '/ws/userland/src/components/autoconf/build/i386/lib/autoconf'
make[5]: Nothing to be done for 'install-exec-am'.
test -z "/usr/share/autoconf/autoconf" || /usr/bin/gmkdir -p "/ws/userland/src/components/autoconf/build/prototype/i386/usr/share/autoconf/autoconf"
 /usr/bin/ginstall -c -m 644 /ws/userland/src/components/autoconf/autoconf-2.69/lib/autoconf/autoconf.m4 /ws/userland/src/components/autoconf/autoconf-2.69/lib/autoconf/general.m4 /ws/userland/src/components/autoconf/autoconf-2.69/lib/autoconf/status.m4 /ws/userland/src/components/autoconf/autoconf-2.69/lib/autoconf/oldnames.m4 /ws/userland/src/components/autoconf/autoconf-2.69/lib/autoconf/specific.m4 /ws/userland/src/components/autoconf/autoconf-2.69/lib/autoconf/autoheader.m4 /ws/userland/src/components/autoconf/autoconf-2.69/lib/autoconf/autoupdate.m4 /ws/userland/src/components/autoconf/autoconf-2.69/lib/autoconf/autotest.m4 /ws/userland/src/components/autoconf/autoconf-2.69/lib/autoconf/autoscan.m4 /ws/userland/src/components/autoconf/autoconf-2.69/lib/autoconf/lang.m4 /ws/userland/src/components/autoconf/autoconf-2.69/lib/autoconf/c.m4 /ws/userland/src/components/autoconf/autoconf-2.69/lib/autoconf/erlang.m4 /ws/userland/src/components/autoconf/autoconf-2.69/lib/autoconf/fortran.m4 /ws/userland/src/components/autoconf/autoconf-2.69/lib/autoconf/functions.m4 /ws/userland/src/components/autoconf/autoconf-2.69/lib/autoconf/go.m4 /ws/userland/src/components/autoconf/autoconf-2.69/lib/autoconf/headers.m4 /ws/userland/src/components/autoconf/autoconf-2.69/lib/autoconf/types.m4 /ws/userland/src/components/autoconf/autoconf-2.69/lib/autoconf/libs.m4 /ws/userland/src/components/autoconf/autoconf-2.69/lib/autoconf/programs.m4 '/ws/userland/src/components/autoconf/build/prototype/i386/usr/share/autoconf/autoconf'
test -z "/usr/share/autoconf/autoconf" || /usr/bin/gmkdir -p "/ws/userland/src/components/autoconf/build/prototype/i386/usr/share/autoconf/autoconf"
 /usr/bin/ginstall -c -m 644 autoconf.m4f '/ws/userland/src/components/autoconf/build/prototype/i386/usr/share/autoconf/autoconf'
make[5]: Leaving directory '/ws/userland/src/components/autoconf/build/i386/lib/autoconf'
make[4]: Leaving directory '/ws/userland/src/components/autoconf/build/i386/lib/autoconf'
Making install in autotest
make[4]: Entering directory '/ws/userland/src/components/autoconf/build/i386/lib/autotest'
make[5]: Entering directory '/ws/userland/src/components/autoconf/build/i386/lib/autotest'
make[5]: Nothing to be done for 'install-exec-am'.
test -z "/usr/share/autoconf/autotest" || /usr/bin/gmkdir -p "/ws/userland/src/components/autoconf/build/prototype/i386/usr/share/autoconf/autotest"
 /usr/bin/ginstall -c -m 644 /ws/userland/src/components/autoconf/autoconf-2.69/lib/autotest/autotest.m4 /ws/userland/src/components/autoconf/autoconf-2.69/lib/autotest/general.m4 /ws/userland/src/components/autoconf/autoconf-2.69/lib/autotest/specific.m4 '/ws/userland/src/components/autoconf/build/prototype/i386/usr/share/autoconf/autotest'
test -z "/usr/share/autoconf/autotest" || /usr/bin/gmkdir -p "/ws/userland/src/components/autoconf/build/prototype/i386/usr/share/autoconf/autotest"
 /usr/bin/ginstall -c -m 644 autotest.m4f '/ws/userland/src/components/autoconf/build/prototype/i386/usr/share/autoconf/autotest'
make[5]: Leaving directory '/ws/userland/src/components/autoconf/build/i386/lib/autotest'
make[4]: Leaving directory '/ws/userland/src/components/autoconf/build/i386/lib/autotest'
Making install in autoscan
make[4]: Entering directory '/ws/userland/src/components/autoconf/build/i386/lib/autoscan'
make[5]: Entering directory '/ws/userland/src/components/autoconf/build/i386/lib/autoscan'
make[5]: Nothing to be done for 'install-exec-am'.
test -z "/usr/share/autoconf/autoscan" || /usr/bin/gmkdir -p "/ws/userland/src/components/autoconf/build/prototype/i386/usr/share/autoconf/autoscan"
 /usr/bin/ginstall -c -m 644 autoscan.list '/ws/userland/src/components/autoconf/build/prototype/i386/usr/share/autoconf/autoscan'
make[5]: Leaving directory '/ws/userland/src/components/autoconf/build/i386/lib/autoscan'
make[4]: Leaving directory '/ws/userland/src/components/autoconf/build/i386/lib/autoscan'
Making install in emacs
make[4]: Entering directory '/ws/userland/src/components/autoconf/build/i386/lib/emacs'
make[5]: Entering directory '/ws/userland/src/components/autoconf/build/i386/lib/emacs'
make[5]: Nothing to be done for 'install-exec-am'.
 /usr/bin/ginstall -c -m 644 '/ws/userland/src/components/autoconf/autoconf-2.69/lib/emacs/autoconf-mode.el' '/ws/userland/src/components/autoconf/build/prototype/i386/usr/share/emacs/site-lisp/autoconf-mode.el'
 /usr/bin/ginstall -c -m 644 'autoconf-mode.elc' '/ws/userland/src/components/autoconf/build/prototype/i386/usr/share/emacs/site-lisp/autoconf-mode.elc'
 /usr/bin/ginstall -c -m 644 '/ws/userland/src/components/autoconf/autoconf-2.69/lib/emacs/autotest-mode.el' '/ws/userland/src/components/autoconf/build/prototype/i386/usr/share/emacs/site-lisp/autotest-mode.el'
 /usr/bin/ginstall -c -m 644 'autotest-mode.elc' '/ws/userland/src/components/autoconf/build/prototype/i386/usr/share/emacs/site-lisp/autotest-mode.elc'
make[5]: Leaving directory '/ws/userland/src/components/autoconf/build/i386/lib/emacs'
make[4]: Leaving directory '/ws/userland/src/components/autoconf/build/i386/lib/emacs'
make[4]: Entering directory '/ws/userland/src/components/autoconf/build/i386/lib'
make[5]: Entering directory '/ws/userland/src/components/autoconf/build/i386/lib'
make[5]: Nothing to be done for 'install-exec-am'.
test -z "/usr/share/autoconf" || /usr/bin/gmkdir -p "/ws/userland/src/components/autoconf/build/prototype/i386/usr/share/autoconf"
 /usr/bin/ginstall -c -m 644 autom4te.cfg '/ws/userland/src/components/autoconf/build/prototype/i386/usr/share/autoconf'
make[5]: Leaving directory '/ws/userland/src/components/autoconf/build/i386/lib'
make[4]: Leaving directory '/ws/userland/src/components/autoconf/build/i386/lib'
make[3]: Leaving directory '/ws/userland/src/components/autoconf/build/i386/lib'
Making install in doc
make[3]: Entering directory '/ws/userland/src/components/autoconf/build/i386/doc'
make[4]: Entering directory '/ws/userland/src/components/autoconf/build/i386/doc'
make[4]: Nothing to be done for 'install-exec-am'.
test -z "/usr/share/info" || /usr/bin/gmkdir -p "/ws/userland/src/components/autoconf/build/prototype/i386/usr/share/info"
 /usr/bin/ginstall -c -m 644 /ws/userland/src/components/autoconf/autoconf-2.69/doc/autoconf.info /ws/userland/src/components/autoconf/autoconf-2.69/doc/standards.info '/ws/userland/src/components/autoconf/build/prototype/i386/usr/share/info'
 install-info --info-dir='/ws/userland/src/components/autoconf/build/prototype/i386/usr/share/info' '/ws/userland/src/components/autoconf/build/prototype/i386/usr/share/info/autoconf.info'
 install-info --info-dir='/ws/userland/src/components/autoconf/build/prototype/i386/usr/share/info' '/ws/userland/src/components/autoconf/build/prototype/i386/usr/share/info/standards.info'
make[4]: Leaving directory '/ws/userland/src/components/autoconf/build/i386/doc'
make[3]: Leaving directory '/ws/userland/src/components/autoconf/build/i386/doc'
Making install in tests
make[3]: Entering directory '/ws/userland/src/components/autoconf/build/i386/tests'
make[4]: Entering directory '/ws/userland/src/components/autoconf/build/i386/tests'
make[4]: Nothing to be done for 'install-exec-am'.
make[4]: Nothing to be done for 'install-data-am'.
make[4]: Leaving directory '/ws/userland/src/components/autoconf/build/i386/tests'
make[3]: Leaving directory '/ws/userland/src/components/autoconf/build/i386/tests'
Making install in man
make[3]: Entering directory '/ws/userland/src/components/autoconf/build/i386/man'
make[4]: Entering directory '/ws/userland/src/components/autoconf/build/i386/man'
make[4]: Nothing to be done for 'install-exec-am'.
test -z "/usr/share/man/man1" || /usr/bin/gmkdir -p "/ws/userland/src/components/autoconf/build/prototype/i386/usr/share/man/man1"
 /usr/bin/ginstall -c -m 644 /ws/userland/src/components/autoconf/autoconf-2.69/man/autoconf.1 /ws/userland/src/components/autoconf/autoconf-2.69/man/autoheader.1 /ws/userland/src/components/autoconf/autoconf-2.69/man/autom4te.1 /ws/userland/src/components/autoconf/autoconf-2.69/man/autoreconf.1 /ws/userland/src/components/autoconf/autoconf-2.69/man/autoscan.1 /ws/userland/src/components/autoconf/autoconf-2.69/man/autoupdate.1 /ws/userland/src/components/autoconf/autoconf-2.69/man/ifnames.1 /ws/userland/src/components/autoconf/autoconf-2.69/man/config.guess.1 /ws/userland/src/components/autoconf/autoconf-2.69/man/config.sub.1 '/ws/userland/src/components/autoconf/build/prototype/i386/usr/share/man/man1'
make[4]: Leaving directory '/ws/userland/src/components/autoconf/build/i386/man'
make[3]: Leaving directory '/ws/userland/src/components/autoconf/build/i386/man'
make[2]: Leaving directory '/ws/userland/src/components/autoconf/build/i386'
make[1]: Leaving directory '/ws/userland/src/components/autoconf/build/i386'
/usr/bin/touch /ws/userland/src/components/autoconf/build/i386/.installed
abort: there is no Mercurial repository here (.hg not found)
/usr/bin/pkgfmt -c -fv2 autoconf.p5m
/usr/bin/pkgmogrify -D PERL_ARCH=i86pc-solaris-thread-multi-64 -D PERL_VERSION=5.22 -D IPS_COMPONENT_RE_VERSION=2\\.69 -D COMPONENT_RE_VERSION=2\\.69 -D PYTHON_2.7_ONLY=# -D PYTHON_3.4_ONLY=# -D PYTHON_3.5_ONLY=# -D SQ=\' -D DQ=\" -D Q=\" -I/ws/userland/src/components/autoconf -D SOLARIS_11_3_ONLY="#" -D SOLARIS_11_5_ONLY="#" -D SOLARIS_11_3_4_ONLY="" -D SOLARIS_11_4_5_ONLY="" -D SOLARIS_11_4_ONLY="" -D ARC_CASE="" -D TPNO="22294" -D BUILD_VERSION="5.11-11.4.0.0.1.14.0" -D OS_RELEASE="5.11" -D SOLARIS_VERSION="2.11" -D PKG_SOLARIS_VERSION="11.4" -D CONSOLIDATION="userland" -D CONSOLIDATION_CHANGESET="" -D CONSOLIDATION_REPOSITORY_URL="https://github.com/oracle/solaris-userland.git" -D COMPONENT_VERSION="2.69" -D IPS_COMPONENT_VERSION="2.69" -D HUMAN_VERSION="" -D COMPONENT_ARCHIVE_URL="https://ftp.gnu.org/gnu/autoconf/autoconf-2.69.tar.xz" -D COMPONENT_PROJECT_URL="https://www.gnu.org/software/autoconf" -D COMPONENT_NAME="autoconf" -D HG_REPO="" -D HG_REV="" -D HG_URL="" -D GIT_COMMIT_ID="" -D GIT_REPO="" -D GIT_TAG="" -D MACH="i386" -D MACH32="i86" -D MACH64="amd64" -D PUBLISHER="nightly" -D PUBLISHER_LOCALIZABLE="userland-localizable" autoconf.p5m \
	/ws/userland/src/transforms/license-changes /ws/userland/src/transforms/variant-cleanup /ws/userland/src/transforms/autopyc /ws/userland/src/transforms/defaults /ws/userland/src/transforms/actuators /ws/userland/src/transforms/depends /ws/userland/src/transforms/devel /ws/userland/src/transforms/docs /ws/userland/src/transforms/locale /ws/userland/src/transforms/standard-python-libraries /ws/userland/src/transforms/python-rename /ws/userland/src/transforms/python-3-groups /ws/userland/src/transforms/python-3-soabi /ws/userland/src/transforms/python-3-no-32bit /ws/userland/src/transforms/ruby-tests /ws/userland/src/transforms/puppet /ws/userland/src/transforms/libtool-drop /ws/userland/src/transforms/incorporate /ws/userland/src/transforms/publish-cleanup | \
	sed -e '/^$/d' -e '/^#.*$/d' | uniq >/ws/userland/src/components/autoconf/build/manifest-i386-autoconf.mogrified
/bin/mkdir -p /ws/userland/src/components/autoconf/build/prototype/i386/mangled
/ws/userland/src/tools/userland-mangler -D /ws/userland/src/components/autoconf/build/prototype/i386/mangled -d /ws/userland/src/components/autoconf/build/prototype/i386/mangled -d /ws/userland/src/components/autoconf/build/prototype/i386 -d /ws/userland/src/components/autoconf/build -d /ws/userland/src/components/autoconf -d autoconf-2.69 -d /ws/userland/src/licenses -m /ws/userland/src/components/autoconf/build/manifest-i386-autoconf.mogrified >/ws/userland/src/components/autoconf/build/manifest-i386-autoconf.mangled
/usr/bin/env  /usr/bin/pkgdepend generate \
    -m -d /ws/userland/src/components/autoconf/build/prototype/i386/mangled -d /ws/userland/src/components/autoconf/build/prototype/i386 -d /ws/userland/src/components/autoconf/build -d /ws/userland/src/components/autoconf -d autoconf-2.69 -d /ws/userland/src/licenses /ws/userland/src/components/autoconf/build/manifest-i386-autoconf.mangled >/ws/userland/src/components/autoconf/build/manifest-i386-autoconf.depend
/usr/bin/pkgdepend resolve -e /ws/userland/src/components/autoconf/build/resolve.deps -m /ws/userland/src/components/autoconf/build/manifest-i386-autoconf.depend
/usr/bin/touch /ws/userland/src/components/autoconf/build/.resolved-i386
VALIDATING MANIFEST CONTENT: /ws/userland/src/components/autoconf/build/manifest-i386-autoconf.depend.res
/usr/bin/env PYTHONPATH=/ws/userland/src/tools/python PROTO_PATH="/ws/userland/src/components/autoconf/build/prototype/i386/mangled /ws/userland/src/components/autoconf/build/prototype/i386 /ws/userland/src/components/autoconf/build /ws/userland/src/components/autoconf autoconf-2.69 /ws/userland/src/licenses"\
	SOLARIS_VERSION=2.11\
	/bin/true -c /ws/userland/src/i386/pkglint-cache \
		-f /ws/userland/src/tools/pkglintrc /ws/userland/src/components/autoconf/build/manifest-i386-autoconf.depend.res
/usr/bin/touch /ws/userland/src/components/autoconf/build/.linted-i386
/usr/bin/pkgsend -s file:/ws/userland/src/i386/repo publish --fmri-in-manifest --no-catalog -d /ws/userland/src/components/autoconf/build/prototype/i386/mangled -d /ws/userland/src/components/autoconf/build/prototype/i386 -d /ws/userland/src/components/autoconf/build -d /ws/userland/src/components/autoconf -d autoconf-2.69 -d /ws/userland/src/licenses -T \*.py /ws/userland/src/components/autoconf/build/manifest-i386-autoconf.depend.res
pkg://nightly/developer/build/autoconf@2.69,5.11-11.4.0.0.1.14.0:20190727T164959Z
PUBLISHED
/usr/bin/pkgfmt </ws/userland/src/components/autoconf/build/manifest-i386-autoconf.depend.res >/ws/userland/src/components/autoconf/build/manifest-i386-autoconf.published
/usr/bin/touch /ws/userland/src/components/autoconf/build/.published-i386
gmake: Leaving directory '/ws/userland/src/components/autoconf'

real       10.0
user        3.5
sys         1.6
