gmake: Entering directory '/ws/userland/src/components/automake/automake-1.10'
/bin/rm -f -r /ws/userland/src/components/automake/automake-1.10/automake-1.10
/usr/bin/env RUBY_VERSION=2.1 /ws/userland/src/tools/userland-unpack  automake-1.10.tar.gz
/usr/bin/touch /ws/userland/src/components/automake/automake-1.10/automake-1.10/.unpacked
/usr/bin/patch -d /ws/userland/src/components/automake/automake-1.10/automake-1.10 --strip=1 --backup --version-control=numbered < patches/00-CVE-2009-4029.patch
patching file Makefile.in
patching file lib/am/distdir.am
/usr/bin/touch /ws/userland/src/components/automake/automake-1.10/automake-1.10/.patched-00-CVE-2009-4029.patch
/usr/bin/patch -d /ws/userland/src/components/automake/automake-1.10/automake-1.10 --strip=1 --backup --version-control=numbered < patches/01-CVE-2012-3386.patch
patching file NEWS
patching file lib/am/distdir.am
/usr/bin/touch /ws/userland/src/components/automake/automake-1.10/automake-1.10/.patched-01-CVE-2012-3386.patch
/usr/bin/patch -d /ws/userland/src/components/automake/automake-1.10/automake-1.10 --strip=1 --backup --version-control=numbered < patches/python.m4.patch
patching file m4/python.m4
/usr/bin/touch /ws/userland/src/components/automake/automake-1.10/automake-1.10/.patched-python.m4.patch
/usr/bin/touch /ws/userland/src/components/automake/automake-1.10/automake-1.10/.patched
/usr/bin/touch /ws/userland/src/components/automake/automake-1.10/automake-1.10/.prep
(/bin/rm -f -rf /ws/userland/src/components/automake/automake-1.10/build/i386 ; /bin/mkdir -p /ws/userland/src/components/automake/automake-1.10/build/i386)
(cd /ws/userland/src/components/automake/automake-1.10/build/i386 ; /usr/bin/env CONFIG_SHELL="/bin/bash" PKG_CONFIG_PATH="/usr/lib/pkgconfig" CC="/opt/solarisstudio12.4/bin/cc" CXX="/opt/solarisstudio12.4/bin/CC"  CC_FOR_BUILD="/opt/solarisstudio12.4/bin/cc -m32" CXX_FOR_BUILD="/opt/solarisstudio12.4/bin/CC -m32" CPPFLAGS="-m32" "ac_cv_func_realloc_0_nonnull=yes" "NM=/usr/gnu/bin/nm" INTLTOOL_PERL="/usr/perl5/5.22/bin/perl" CFLAGS="-m32 -xO4 -xchip=pentium -xregs=no%frameptr -mt" CXXFLAGS="-norunpath -m32 -xO4 -xchip=pentium -xregs=no%frameptr" LDFLAGS="" /bin/bash \
	/ws/userland/src/components/automake/automake-1.10/automake-1.10/configure --prefix=/usr --mandir=/usr/share/man --bindir=/usr/bin --sbindir=/usr/sbin --libdir=/usr/lib    --infodir=/usr/share/automake-1.10/info PERL="/usr/perl5/5.22/bin/perl")
checking build system type... i386-pc-solaris2.11
checking for a BSD-compatible install... /usr/bin/ginstall -c
checking whether build environment is sane... yes
checking for a thread-safe mkdir -p... /usr/bin/gmkdir -p
checking for gawk... gawk
checking whether make sets $(MAKE)... yes
checking for perl... /usr/perl5/5.22/bin/perl
checking for tex... no
checking whether autoconf is installed... yes
checking whether autoconf works... yes
checking whether autoconf is recent enough... yes
checking whether ln works... yes
checking for grep that handles long lines and -e... /usr/bin/ggrep
checking for egrep... /usr/bin/ggrep -E
checking for fgrep... /usr/bin/ggrep -F
configure: creating ./config.status
config.status: creating Makefile
config.status: creating doc/Makefile
config.status: creating lib/Automake/Makefile
config.status: creating lib/Automake/tests/Makefile
config.status: creating lib/Makefile
config.status: creating lib/am/Makefile
config.status: creating m4/Makefile
config.status: creating tests/Makefile
config.status: creating tests/defs
config.status: creating tests/aclocal-1.10
config.status: creating tests/automake-1.10
/usr/bin/touch /ws/userland/src/components/automake/automake-1.10/build/i386/.configured
(cd /ws/userland/src/components/automake/automake-1.10/build/i386 ; /usr/bin/env LD_OPTIONS="-M /usr/lib/ld/map.noexdata -M /usr/lib/ld/map.pagealign -Bdirect -zignore -zstrip-class=comment" LD_EXEC_OPTIONS=" -zsx=aslr=disable -zsx=nxstack=disable -zsx=nxheap=disable " LD_PIE_OPTIONS="-zsx=aslr=disable -zsx=nxstack=disable -zsx=nxheap=disable "  PKG_CONFIG_PATH="/usr/lib/pkgconfig" "ac_cv_func_realloc_0_nonnull=yes" INTLTOOL_PERL="/usr/perl5/5.22/bin/perl" \
	/usr/gnu/bin/make  )
make[1]: Entering directory '/ws/userland/src/components/automake/automake-1.10/build/i386'
Making all in lib
make[2]: Entering directory '/ws/userland/src/components/automake/automake-1.10/build/i386/lib'
Making all in Automake
make[3]: Entering directory '/ws/userland/src/components/automake/automake-1.10/build/i386/lib/Automake'
Making all in tests
make[4]: Entering directory '/ws/userland/src/components/automake/automake-1.10/build/i386/lib/Automake/tests'
make[4]: Nothing to be done for 'all'.
make[4]: Leaving directory '/ws/userland/src/components/automake/automake-1.10/build/i386/lib/Automake/tests'
make[4]: Entering directory '/ws/userland/src/components/automake/automake-1.10/build/i386/lib/Automake'
rm -f Config.tmp Config.pm
in=`echo Config.pm | sed 's/\.[^.]*$//'`; sed -e 's,[@]APIVERSION[@],1.10,g' -e 's,[@]PACKAGE[@],automake,g' -e 's,[@]PERL[@],/usr/perl5/5.22/bin/perl,g' -e 's,[@]SHELL[@],/bin/bash,g' -e 's,[@]VERSION[@],1.10,g' -e "s,[@]configure_input[@],Generated from $in.in; do not edit by hand.,g" -e 's,[@]datadir[@],/usr/share,g' /ws/userland/src/components/automake/automake-1.10/automake-1.10/lib/Automake/Config.in >Config.tmp
chmod +x Config.tmp
chmod a-w Config.tmp
mv -f Config.tmp Config.pm
make[4]: Leaving directory '/ws/userland/src/components/automake/automake-1.10/build/i386/lib/Automake'
make[3]: Leaving directory '/ws/userland/src/components/automake/automake-1.10/build/i386/lib/Automake'
Making all in am
make[3]: Entering directory '/ws/userland/src/components/automake/automake-1.10/build/i386/lib/am'
make[3]: Nothing to be done for 'all'.
make[3]: Leaving directory '/ws/userland/src/components/automake/automake-1.10/build/i386/lib/am'
make[3]: Entering directory '/ws/userland/src/components/automake/automake-1.10/build/i386/lib'
make[3]: Nothing to be done for 'all-am'.
make[3]: Leaving directory '/ws/userland/src/components/automake/automake-1.10/build/i386/lib'
make[2]: Leaving directory '/ws/userland/src/components/automake/automake-1.10/build/i386/lib'
Making all in .
make[2]: Entering directory '/ws/userland/src/components/automake/automake-1.10/build/i386'
rm -f automake automake.tmp
sed -e 's,[@]APIVERSION[@],1.10,g' -e 's,[@]PACKAGE[@],automake,g' -e 's,[@]PATH_SEPARATOR[@],:,g' -e 's,[@]PERL[@],/usr/perl5/5.22/bin/perl,g' -e 's,[@]SHELL[@],/bin/bash,g' -e 's,[@]VERSION[@],1.10,g' -e 's,[@]configure_input[@],Generated from automake.in; do not edit by hand.,g' -e 's,[@]datadir[@],/usr/share,g' /ws/userland/src/components/automake/automake-1.10/automake-1.10/automake.in >automake.tmp
chmod +x automake.tmp
chmod a-w automake.tmp
mv -f automake.tmp automake
rm -f aclocal aclocal.tmp
sed -e 's,[@]APIVERSION[@],1.10,g' -e 's,[@]PACKAGE[@],automake,g' -e 's,[@]PATH_SEPARATOR[@],:,g' -e 's,[@]PERL[@],/usr/perl5/5.22/bin/perl,g' -e 's,[@]SHELL[@],/bin/bash,g' -e 's,[@]VERSION[@],1.10,g' -e 's,[@]configure_input[@],Generated from aclocal.in; do not edit by hand.,g' -e 's,[@]datadir[@],/usr/share,g' /ws/userland/src/components/automake/automake-1.10/automake-1.10/aclocal.in >aclocal.tmp
chmod +x aclocal.tmp
chmod a-w aclocal.tmp
mv -f aclocal.tmp aclocal
make[2]: Leaving directory '/ws/userland/src/components/automake/automake-1.10/build/i386'
Making all in doc
make[2]: Entering directory '/ws/userland/src/components/automake/automake-1.10/build/i386/doc'
make[2]: Nothing to be done for 'all'.
make[2]: Leaving directory '/ws/userland/src/components/automake/automake-1.10/build/i386/doc'
Making all in m4
make[2]: Entering directory '/ws/userland/src/components/automake/automake-1.10/build/i386/m4'
make[2]: Nothing to be done for 'all'.
make[2]: Leaving directory '/ws/userland/src/components/automake/automake-1.10/build/i386/m4'
Making all in tests
make[2]: Entering directory '/ws/userland/src/components/automake/automake-1.10/build/i386/tests'
make[2]: Nothing to be done for 'all'.
make[2]: Leaving directory '/ws/userland/src/components/automake/automake-1.10/build/i386/tests'
make[1]: Leaving directory '/ws/userland/src/components/automake/automake-1.10/build/i386'
/usr/bin/touch /ws/userland/src/components/automake/automake-1.10/build/i386/.built
(cd /ws/userland/src/components/automake/automake-1.10/build/i386 ; /usr/bin/env LD_OPTIONS="-M /usr/lib/ld/map.noexdata -M /usr/lib/ld/map.pagealign -Bdirect -zignore -zstrip-class=comment" LD_EXEC_OPTIONS=" -zsx=aslr=disable -zsx=nxstack=disable -zsx=nxheap=disable " LD_PIE_OPTIONS="-zsx=aslr=disable -zsx=nxstack=disable -zsx=nxheap=disable "  /usr/gnu/bin/make \
		 DESTDIR=/ws/userland/src/components/automake/automake-1.10/build/prototype/i386 install)
make[1]: Entering directory '/ws/userland/src/components/automake/automake-1.10/build/i386'
Making install in lib
make[2]: Entering directory '/ws/userland/src/components/automake/automake-1.10/build/i386/lib'
Making install in Automake
make[3]: Entering directory '/ws/userland/src/components/automake/automake-1.10/build/i386/lib/Automake'
Making install in tests
make[4]: Entering directory '/ws/userland/src/components/automake/automake-1.10/build/i386/lib/Automake/tests'
make[5]: Entering directory '/ws/userland/src/components/automake/automake-1.10/build/i386/lib/Automake/tests'
make[5]: Nothing to be done for 'install-exec-am'.
make[5]: Nothing to be done for 'install-data-am'.
make[5]: Leaving directory '/ws/userland/src/components/automake/automake-1.10/build/i386/lib/Automake/tests'
make[4]: Leaving directory '/ws/userland/src/components/automake/automake-1.10/build/i386/lib/Automake/tests'
make[4]: Entering directory '/ws/userland/src/components/automake/automake-1.10/build/i386/lib/Automake'
make[5]: Entering directory '/ws/userland/src/components/automake/automake-1.10/build/i386/lib/Automake'
make[5]: Nothing to be done for 'install-exec-am'.
test -z "/usr/share/automake-1.10/Automake" || /usr/bin/gmkdir -p "/ws/userland/src/components/automake/automake-1.10/build/prototype/i386/usr/share/automake-1.10/Automake"
 /usr/bin/ginstall -c -m 644 '/ws/userland/src/components/automake/automake-1.10/automake-1.10/lib/Automake/ChannelDefs.pm' '/ws/userland/src/components/automake/automake-1.10/build/prototype/i386/usr/share/automake-1.10/Automake/ChannelDefs.pm'
 /usr/bin/ginstall -c -m 644 '/ws/userland/src/components/automake/automake-1.10/automake-1.10/lib/Automake/Channels.pm' '/ws/userland/src/components/automake/automake-1.10/build/prototype/i386/usr/share/automake-1.10/Automake/Channels.pm'
 /usr/bin/ginstall -c -m 644 '/ws/userland/src/components/automake/automake-1.10/automake-1.10/lib/Automake/Condition.pm' '/ws/userland/src/components/automake/automake-1.10/build/prototype/i386/usr/share/automake-1.10/Automake/Condition.pm'
 /usr/bin/ginstall -c -m 644 '/ws/userland/src/components/automake/automake-1.10/automake-1.10/lib/Automake/Configure_ac.pm' '/ws/userland/src/components/automake/automake-1.10/build/prototype/i386/usr/share/automake-1.10/Automake/Configure_ac.pm'
 /usr/bin/ginstall -c -m 644 '/ws/userland/src/components/automake/automake-1.10/automake-1.10/lib/Automake/DisjConditions.pm' '/ws/userland/src/components/automake/automake-1.10/build/prototype/i386/usr/share/automake-1.10/Automake/DisjConditions.pm'
 /usr/bin/ginstall -c -m 644 '/ws/userland/src/components/automake/automake-1.10/automake-1.10/lib/Automake/FileUtils.pm' '/ws/userland/src/components/automake/automake-1.10/build/prototype/i386/usr/share/automake-1.10/Automake/FileUtils.pm'
 /usr/bin/ginstall -c -m 644 '/ws/userland/src/components/automake/automake-1.10/automake-1.10/lib/Automake/General.pm' '/ws/userland/src/components/automake/automake-1.10/build/prototype/i386/usr/share/automake-1.10/Automake/General.pm'
 /usr/bin/ginstall -c -m 644 '/ws/userland/src/components/automake/automake-1.10/automake-1.10/lib/Automake/Item.pm' '/ws/userland/src/components/automake/automake-1.10/build/prototype/i386/usr/share/automake-1.10/Automake/Item.pm'
 /usr/bin/ginstall -c -m 644 '/ws/userland/src/components/automake/automake-1.10/automake-1.10/lib/Automake/ItemDef.pm' '/ws/userland/src/components/automake/automake-1.10/build/prototype/i386/usr/share/automake-1.10/Automake/ItemDef.pm'
 /usr/bin/ginstall -c -m 644 '/ws/userland/src/components/automake/automake-1.10/automake-1.10/lib/Automake/Location.pm' '/ws/userland/src/components/automake/automake-1.10/build/prototype/i386/usr/share/automake-1.10/Automake/Location.pm'
 /usr/bin/ginstall -c -m 644 '/ws/userland/src/components/automake/automake-1.10/automake-1.10/lib/Automake/Options.pm' '/ws/userland/src/components/automake/automake-1.10/build/prototype/i386/usr/share/automake-1.10/Automake/Options.pm'
 /usr/bin/ginstall -c -m 644 '/ws/userland/src/components/automake/automake-1.10/automake-1.10/lib/Automake/Rule.pm' '/ws/userland/src/components/automake/automake-1.10/build/prototype/i386/usr/share/automake-1.10/Automake/Rule.pm'
 /usr/bin/ginstall -c -m 644 '/ws/userland/src/components/automake/automake-1.10/automake-1.10/lib/Automake/RuleDef.pm' '/ws/userland/src/components/automake/automake-1.10/build/prototype/i386/usr/share/automake-1.10/Automake/RuleDef.pm'
 /usr/bin/ginstall -c -m 644 '/ws/userland/src/components/automake/automake-1.10/automake-1.10/lib/Automake/Struct.pm' '/ws/userland/src/components/automake/automake-1.10/build/prototype/i386/usr/share/automake-1.10/Automake/Struct.pm'
 /usr/bin/ginstall -c -m 644 '/ws/userland/src/components/automake/automake-1.10/automake-1.10/lib/Automake/Variable.pm' '/ws/userland/src/components/automake/automake-1.10/build/prototype/i386/usr/share/automake-1.10/Automake/Variable.pm'
 /usr/bin/ginstall -c -m 644 '/ws/userland/src/components/automake/automake-1.10/automake-1.10/lib/Automake/VarDef.pm' '/ws/userland/src/components/automake/automake-1.10/build/prototype/i386/usr/share/automake-1.10/Automake/VarDef.pm'
 /usr/bin/ginstall -c -m 644 '/ws/userland/src/components/automake/automake-1.10/automake-1.10/lib/Automake/Version.pm' '/ws/userland/src/components/automake/automake-1.10/build/prototype/i386/usr/share/automake-1.10/Automake/Version.pm'
 /usr/bin/ginstall -c -m 644 '/ws/userland/src/components/automake/automake-1.10/automake-1.10/lib/Automake/XFile.pm' '/ws/userland/src/components/automake/automake-1.10/build/prototype/i386/usr/share/automake-1.10/Automake/XFile.pm'
 /usr/bin/ginstall -c -m 644 '/ws/userland/src/components/automake/automake-1.10/automake-1.10/lib/Automake/Wrap.pm' '/ws/userland/src/components/automake/automake-1.10/build/prototype/i386/usr/share/automake-1.10/Automake/Wrap.pm'
test -z "/usr/share/automake-1.10/Automake" || /usr/bin/gmkdir -p "/ws/userland/src/components/automake/automake-1.10/build/prototype/i386/usr/share/automake-1.10/Automake"
 /usr/bin/ginstall -c -m 644 'Config.pm' '/ws/userland/src/components/automake/automake-1.10/build/prototype/i386/usr/share/automake-1.10/Automake/Config.pm'
make[5]: Leaving directory '/ws/userland/src/components/automake/automake-1.10/build/i386/lib/Automake'
make[4]: Leaving directory '/ws/userland/src/components/automake/automake-1.10/build/i386/lib/Automake'
make[3]: Leaving directory '/ws/userland/src/components/automake/automake-1.10/build/i386/lib/Automake'
Making install in am
make[3]: Entering directory '/ws/userland/src/components/automake/automake-1.10/build/i386/lib/am'
make[4]: Entering directory '/ws/userland/src/components/automake/automake-1.10/build/i386/lib/am'
make[4]: Nothing to be done for 'install-exec-am'.
test -z "/usr/share/automake-1.10/am" || /usr/bin/gmkdir -p "/ws/userland/src/components/automake/automake-1.10/build/prototype/i386/usr/share/automake-1.10/am"
 /usr/bin/ginstall -c -m 644 '/ws/userland/src/components/automake/automake-1.10/automake-1.10/lib/am/ansi2knr.am' '/ws/userland/src/components/automake/automake-1.10/build/prototype/i386/usr/share/automake-1.10/am/ansi2knr.am'
 /usr/bin/ginstall -c -m 644 '/ws/userland/src/components/automake/automake-1.10/automake-1.10/lib/am/check.am' '/ws/userland/src/components/automake/automake-1.10/build/prototype/i386/usr/share/automake-1.10/am/check.am'
 /usr/bin/ginstall -c -m 644 '/ws/userland/src/components/automake/automake-1.10/automake-1.10/lib/am/clean-hdr.am' '/ws/userland/src/components/automake/automake-1.10/build/prototype/i386/usr/share/automake-1.10/am/clean-hdr.am'
 /usr/bin/ginstall -c -m 644 '/ws/userland/src/components/automake/automake-1.10/automake-1.10/lib/am/clean.am' '/ws/userland/src/components/automake/automake-1.10/build/prototype/i386/usr/share/automake-1.10/am/clean.am'
 /usr/bin/ginstall -c -m 644 '/ws/userland/src/components/automake/automake-1.10/automake-1.10/lib/am/compile.am' '/ws/userland/src/components/automake/automake-1.10/build/prototype/i386/usr/share/automake-1.10/am/compile.am'
 /usr/bin/ginstall -c -m 644 '/ws/userland/src/components/automake/automake-1.10/automake-1.10/lib/am/configure.am' '/ws/userland/src/components/automake/automake-1.10/build/prototype/i386/usr/share/automake-1.10/am/configure.am'
 /usr/bin/ginstall -c -m 644 '/ws/userland/src/components/automake/automake-1.10/automake-1.10/lib/am/data.am' '/ws/userland/src/components/automake/automake-1.10/build/prototype/i386/usr/share/automake-1.10/am/data.am'
 /usr/bin/ginstall -c -m 644 '/ws/userland/src/components/automake/automake-1.10/automake-1.10/lib/am/dejagnu.am' '/ws/userland/src/components/automake/automake-1.10/build/prototype/i386/usr/share/automake-1.10/am/dejagnu.am'
 /usr/bin/ginstall -c -m 644 '/ws/userland/src/components/automake/automake-1.10/automake-1.10/lib/am/depend.am' '/ws/userland/src/components/automake/automake-1.10/build/prototype/i386/usr/share/automake-1.10/am/depend.am'
 /usr/bin/ginstall -c -m 644 '/ws/userland/src/components/automake/automake-1.10/automake-1.10/lib/am/depend2.am' '/ws/userland/src/components/automake/automake-1.10/build/prototype/i386/usr/share/automake-1.10/am/depend2.am'
 /usr/bin/ginstall -c -m 644 '/ws/userland/src/components/automake/automake-1.10/automake-1.10/lib/am/distdir.am' '/ws/userland/src/components/automake/automake-1.10/build/prototype/i386/usr/share/automake-1.10/am/distdir.am'
 /usr/bin/ginstall -c -m 644 '/ws/userland/src/components/automake/automake-1.10/automake-1.10/lib/am/footer.am' '/ws/userland/src/components/automake/automake-1.10/build/prototype/i386/usr/share/automake-1.10/am/footer.am'
 /usr/bin/ginstall -c -m 644 '/ws/userland/src/components/automake/automake-1.10/automake-1.10/lib/am/header-vars.am' '/ws/userland/src/components/automake/automake-1.10/build/prototype/i386/usr/share/automake-1.10/am/header-vars.am'
 /usr/bin/ginstall -c -m 644 '/ws/userland/src/components/automake/automake-1.10/automake-1.10/lib/am/header.am' '/ws/userland/src/components/automake/automake-1.10/build/prototype/i386/usr/share/automake-1.10/am/header.am'
 /usr/bin/ginstall -c -m 644 '/ws/userland/src/components/automake/automake-1.10/automake-1.10/lib/am/install.am' '/ws/userland/src/components/automake/automake-1.10/build/prototype/i386/usr/share/automake-1.10/am/install.am'
 /usr/bin/ginstall -c -m 644 '/ws/userland/src/components/automake/automake-1.10/automake-1.10/lib/am/inst-vars.am' '/ws/userland/src/components/automake/automake-1.10/build/prototype/i386/usr/share/automake-1.10/am/inst-vars.am'
 /usr/bin/ginstall -c -m 644 '/ws/userland/src/components/automake/automake-1.10/automake-1.10/lib/am/java.am' '/ws/userland/src/components/automake/automake-1.10/build/prototype/i386/usr/share/automake-1.10/am/java.am'
 /usr/bin/ginstall -c -m 644 '/ws/userland/src/components/automake/automake-1.10/automake-1.10/lib/am/lang-compile.am' '/ws/userland/src/components/automake/automake-1.10/build/prototype/i386/usr/share/automake-1.10/am/lang-compile.am'
 /usr/bin/ginstall -c -m 644 '/ws/userland/src/components/automake/automake-1.10/automake-1.10/lib/am/lex.am' '/ws/userland/src/components/automake/automake-1.10/build/prototype/i386/usr/share/automake-1.10/am/lex.am'
 /usr/bin/ginstall -c -m 644 '/ws/userland/src/components/automake/automake-1.10/automake-1.10/lib/am/library.am' '/ws/userland/src/components/automake/automake-1.10/build/prototype/i386/usr/share/automake-1.10/am/library.am'
 /usr/bin/ginstall -c -m 644 '/ws/userland/src/components/automake/automake-1.10/automake-1.10/lib/am/libs.am' '/ws/userland/src/components/automake/automake-1.10/build/prototype/i386/usr/share/automake-1.10/am/libs.am'
 /usr/bin/ginstall -c -m 644 '/ws/userland/src/components/automake/automake-1.10/automake-1.10/lib/am/libtool.am' '/ws/userland/src/components/automake/automake-1.10/build/prototype/i386/usr/share/automake-1.10/am/libtool.am'
 /usr/bin/ginstall -c -m 644 '/ws/userland/src/components/automake/automake-1.10/automake-1.10/lib/am/lisp.am' '/ws/userland/src/components/automake/automake-1.10/build/prototype/i386/usr/share/automake-1.10/am/lisp.am'
 /usr/bin/ginstall -c -m 644 '/ws/userland/src/components/automake/automake-1.10/automake-1.10/lib/am/ltlib.am' '/ws/userland/src/components/automake/automake-1.10/build/prototype/i386/usr/share/automake-1.10/am/ltlib.am'
 /usr/bin/ginstall -c -m 644 '/ws/userland/src/components/automake/automake-1.10/automake-1.10/lib/am/ltlibrary.am' '/ws/userland/src/components/automake/automake-1.10/build/prototype/i386/usr/share/automake-1.10/am/ltlibrary.am'
 /usr/bin/ginstall -c -m 644 '/ws/userland/src/components/automake/automake-1.10/automake-1.10/lib/am/mans-vars.am' '/ws/userland/src/components/automake/automake-1.10/build/prototype/i386/usr/share/automake-1.10/am/mans-vars.am'
 /usr/bin/ginstall -c -m 644 '/ws/userland/src/components/automake/automake-1.10/automake-1.10/lib/am/mans.am' '/ws/userland/src/components/automake/automake-1.10/build/prototype/i386/usr/share/automake-1.10/am/mans.am'
 /usr/bin/ginstall -c -m 644 '/ws/userland/src/components/automake/automake-1.10/automake-1.10/lib/am/multilib.am' '/ws/userland/src/components/automake/automake-1.10/build/prototype/i386/usr/share/automake-1.10/am/multilib.am'
 /usr/bin/ginstall -c -m 644 '/ws/userland/src/components/automake/automake-1.10/automake-1.10/lib/am/program.am' '/ws/userland/src/components/automake/automake-1.10/build/prototype/i386/usr/share/automake-1.10/am/program.am'
 /usr/bin/ginstall -c -m 644 '/ws/userland/src/components/automake/automake-1.10/automake-1.10/lib/am/progs.am' '/ws/userland/src/components/automake/automake-1.10/build/prototype/i386/usr/share/automake-1.10/am/progs.am'
 /usr/bin/ginstall -c -m 644 '/ws/userland/src/components/automake/automake-1.10/automake-1.10/lib/am/python.am' '/ws/userland/src/components/automake/automake-1.10/build/prototype/i386/usr/share/automake-1.10/am/python.am'
 /usr/bin/ginstall -c -m 644 '/ws/userland/src/components/automake/automake-1.10/automake-1.10/lib/am/remake-hdr.am' '/ws/userland/src/components/automake/automake-1.10/build/prototype/i386/usr/share/automake-1.10/am/remake-hdr.am'
 /usr/bin/ginstall -c -m 644 '/ws/userland/src/components/automake/automake-1.10/automake-1.10/lib/am/scripts.am' '/ws/userland/src/components/automake/automake-1.10/build/prototype/i386/usr/share/automake-1.10/am/scripts.am'
 /usr/bin/ginstall -c -m 644 '/ws/userland/src/components/automake/automake-1.10/automake-1.10/lib/am/subdirs.am' '/ws/userland/src/components/automake/automake-1.10/build/prototype/i386/usr/share/automake-1.10/am/subdirs.am'
 /usr/bin/ginstall -c -m 644 '/ws/userland/src/components/automake/automake-1.10/automake-1.10/lib/am/tags.am' '/ws/userland/src/components/automake/automake-1.10/build/prototype/i386/usr/share/automake-1.10/am/tags.am'
 /usr/bin/ginstall -c -m 644 '/ws/userland/src/components/automake/automake-1.10/automake-1.10/lib/am/texi-vers.am' '/ws/userland/src/components/automake/automake-1.10/build/prototype/i386/usr/share/automake-1.10/am/texi-vers.am'
 /usr/bin/ginstall -c -m 644 '/ws/userland/src/components/automake/automake-1.10/automake-1.10/lib/am/texibuild.am' '/ws/userland/src/components/automake/automake-1.10/build/prototype/i386/usr/share/automake-1.10/am/texibuild.am'
 /usr/bin/ginstall -c -m 644 '/ws/userland/src/components/automake/automake-1.10/automake-1.10/lib/am/texinfos.am' '/ws/userland/src/components/automake/automake-1.10/build/prototype/i386/usr/share/automake-1.10/am/texinfos.am'
 /usr/bin/ginstall -c -m 644 '/ws/userland/src/components/automake/automake-1.10/automake-1.10/lib/am/yacc.am' '/ws/userland/src/components/automake/automake-1.10/build/prototype/i386/usr/share/automake-1.10/am/yacc.am'
make[4]: Leaving directory '/ws/userland/src/components/automake/automake-1.10/build/i386/lib/am'
make[3]: Leaving directory '/ws/userland/src/components/automake/automake-1.10/build/i386/lib/am'
make[3]: Entering directory '/ws/userland/src/components/automake/automake-1.10/build/i386/lib'
make[4]: Entering directory '/ws/userland/src/components/automake/automake-1.10/build/i386/lib'
make[4]: Nothing to be done for 'install-exec-am'.
test -z "/usr/share/automake-1.10" || /usr/bin/gmkdir -p "/ws/userland/src/components/automake/automake-1.10/build/prototype/i386/usr/share/automake-1.10"
 /usr/bin/ginstall -c -m 644 '/ws/userland/src/components/automake/automake-1.10/automake-1.10/lib/COPYING' '/ws/userland/src/components/automake/automake-1.10/build/prototype/i386/usr/share/automake-1.10/COPYING'
 /usr/bin/ginstall -c -m 644 '/ws/userland/src/components/automake/automake-1.10/automake-1.10/lib/INSTALL' '/ws/userland/src/components/automake/automake-1.10/build/prototype/i386/usr/share/automake-1.10/INSTALL'
 /usr/bin/ginstall -c -m 644 '/ws/userland/src/components/automake/automake-1.10/automake-1.10/lib/texinfo.tex' '/ws/userland/src/components/automake/automake-1.10/build/prototype/i386/usr/share/automake-1.10/texinfo.tex'
 /usr/bin/ginstall -c -m 644 '/ws/userland/src/components/automake/automake-1.10/automake-1.10/lib/ansi2knr.c' '/ws/userland/src/components/automake/automake-1.10/build/prototype/i386/usr/share/automake-1.10/ansi2knr.c'
 /usr/bin/ginstall -c -m 644 '/ws/userland/src/components/automake/automake-1.10/automake-1.10/lib/ansi2knr.1' '/ws/userland/src/components/automake/automake-1.10/build/prototype/i386/usr/share/automake-1.10/ansi2knr.1'
 /usr/bin/ginstall -c -m 644 '/ws/userland/src/components/automake/automake-1.10/automake-1.10/lib/config-ml.in' '/ws/userland/src/components/automake/automake-1.10/build/prototype/i386/usr/share/automake-1.10/config-ml.in'
test -z "/usr/share/automake-1.10" || /usr/bin/gmkdir -p "/ws/userland/src/components/automake/automake-1.10/build/prototype/i386/usr/share/automake-1.10"
 /usr/bin/ginstall -c -m 644 '/ws/userland/src/components/automake/automake-1.10/automake-1.10/lib/config.guess' '/ws/userland/src/components/automake/automake-1.10/build/prototype/i386/usr/share/automake-1.10/config.guess'
 /usr/bin/ginstall -c -m 644 '/ws/userland/src/components/automake/automake-1.10/automake-1.10/lib/config.sub' '/ws/userland/src/components/automake/automake-1.10/build/prototype/i386/usr/share/automake-1.10/config.sub'
 /usr/bin/ginstall -c -m 644 '/ws/userland/src/components/automake/automake-1.10/automake-1.10/lib/install-sh' '/ws/userland/src/components/automake/automake-1.10/build/prototype/i386/usr/share/automake-1.10/install-sh'
 /usr/bin/ginstall -c -m 644 '/ws/userland/src/components/automake/automake-1.10/automake-1.10/lib/mdate-sh' '/ws/userland/src/components/automake/automake-1.10/build/prototype/i386/usr/share/automake-1.10/mdate-sh'
 /usr/bin/ginstall -c -m 644 '/ws/userland/src/components/automake/automake-1.10/automake-1.10/lib/missing' '/ws/userland/src/components/automake/automake-1.10/build/prototype/i386/usr/share/automake-1.10/missing'
 /usr/bin/ginstall -c -m 644 '/ws/userland/src/components/automake/automake-1.10/automake-1.10/lib/mkinstalldirs' '/ws/userland/src/components/automake/automake-1.10/build/prototype/i386/usr/share/automake-1.10/mkinstalldirs'
 /usr/bin/ginstall -c -m 644 '/ws/userland/src/components/automake/automake-1.10/automake-1.10/lib/elisp-comp' '/ws/userland/src/components/automake/automake-1.10/build/prototype/i386/usr/share/automake-1.10/elisp-comp'
 /usr/bin/ginstall -c -m 644 '/ws/userland/src/components/automake/automake-1.10/automake-1.10/lib/ylwrap' '/ws/userland/src/components/automake/automake-1.10/build/prototype/i386/usr/share/automake-1.10/ylwrap'
 /usr/bin/ginstall -c -m 644 '/ws/userland/src/components/automake/automake-1.10/automake-1.10/lib/acinstall' '/ws/userland/src/components/automake/automake-1.10/build/prototype/i386/usr/share/automake-1.10/acinstall'
 /usr/bin/ginstall -c -m 644 '/ws/userland/src/components/automake/automake-1.10/automake-1.10/lib/depcomp' '/ws/userland/src/components/automake/automake-1.10/build/prototype/i386/usr/share/automake-1.10/depcomp'
 /usr/bin/ginstall -c -m 644 '/ws/userland/src/components/automake/automake-1.10/automake-1.10/lib/compile' '/ws/userland/src/components/automake/automake-1.10/build/prototype/i386/usr/share/automake-1.10/compile'
 /usr/bin/ginstall -c -m 644 '/ws/userland/src/components/automake/automake-1.10/automake-1.10/lib/py-compile' '/ws/userland/src/components/automake/automake-1.10/build/prototype/i386/usr/share/automake-1.10/py-compile'
 /usr/bin/ginstall -c -m 644 '/ws/userland/src/components/automake/automake-1.10/automake-1.10/lib/symlink-tree' '/ws/userland/src/components/automake/automake-1.10/build/prototype/i386/usr/share/automake-1.10/symlink-tree'
/usr/gnu/bin/make  install-data-hook
make[5]: Entering directory '/ws/userland/src/components/automake/automake-1.10/build/i386/lib'
 chmod +x /ws/userland/src/components/automake/automake-1.10/build/prototype/i386/usr/share/automake-1.10/config.guess
 chmod +x /ws/userland/src/components/automake/automake-1.10/build/prototype/i386/usr/share/automake-1.10/config.sub
 chmod +x /ws/userland/src/components/automake/automake-1.10/build/prototype/i386/usr/share/automake-1.10/install-sh
 chmod +x /ws/userland/src/components/automake/automake-1.10/build/prototype/i386/usr/share/automake-1.10/mdate-sh
 chmod +x /ws/userland/src/components/automake/automake-1.10/build/prototype/i386/usr/share/automake-1.10/missing
 chmod +x /ws/userland/src/components/automake/automake-1.10/build/prototype/i386/usr/share/automake-1.10/mkinstalldirs
 chmod +x /ws/userland/src/components/automake/automake-1.10/build/prototype/i386/usr/share/automake-1.10/elisp-comp
 chmod +x /ws/userland/src/components/automake/automake-1.10/build/prototype/i386/usr/share/automake-1.10/ylwrap
 chmod +x /ws/userland/src/components/automake/automake-1.10/build/prototype/i386/usr/share/automake-1.10/acinstall
 chmod +x /ws/userland/src/components/automake/automake-1.10/build/prototype/i386/usr/share/automake-1.10/depcomp
 chmod +x /ws/userland/src/components/automake/automake-1.10/build/prototype/i386/usr/share/automake-1.10/compile
 chmod +x /ws/userland/src/components/automake/automake-1.10/build/prototype/i386/usr/share/automake-1.10/py-compile
 chmod +x /ws/userland/src/components/automake/automake-1.10/build/prototype/i386/usr/share/automake-1.10/symlink-tree
make[5]: Leaving directory '/ws/userland/src/components/automake/automake-1.10/build/i386/lib'
make[4]: Leaving directory '/ws/userland/src/components/automake/automake-1.10/build/i386/lib'
make[3]: Leaving directory '/ws/userland/src/components/automake/automake-1.10/build/i386/lib'
make[2]: Leaving directory '/ws/userland/src/components/automake/automake-1.10/build/i386/lib'
Making install in .
make[2]: Entering directory '/ws/userland/src/components/automake/automake-1.10/build/i386'
make[3]: Entering directory '/ws/userland/src/components/automake/automake-1.10/build/i386'
test -z "/usr/bin" || /usr/bin/gmkdir -p "/ws/userland/src/components/automake/automake-1.10/build/prototype/i386/usr/bin"
 /usr/bin/ginstall -c 'automake' '/ws/userland/src/components/automake/automake-1.10/build/prototype/i386/usr/bin/automake'
 /usr/bin/ginstall -c 'aclocal' '/ws/userland/src/components/automake/automake-1.10/build/prototype/i386/usr/bin/aclocal'
/usr/gnu/bin/make  install-exec-hook
make[4]: Entering directory '/ws/userland/src/components/automake/automake-1.10/build/i386'
 ln /ws/userland/src/components/automake/automake-1.10/build/prototype/i386/usr/bin/automake /ws/userland/src/components/automake/automake-1.10/build/prototype/i386/usr/bin/automake-1.10
 ln /ws/userland/src/components/automake/automake-1.10/build/prototype/i386/usr/bin/aclocal /ws/userland/src/components/automake/automake-1.10/build/prototype/i386/usr/bin/aclocal-1.10
make[4]: Leaving directory '/ws/userland/src/components/automake/automake-1.10/build/i386'
make[3]: Nothing to be done for 'install-data-am'.
make[3]: Leaving directory '/ws/userland/src/components/automake/automake-1.10/build/i386'
make[2]: Leaving directory '/ws/userland/src/components/automake/automake-1.10/build/i386'
Making install in doc
make[2]: Entering directory '/ws/userland/src/components/automake/automake-1.10/build/i386/doc'
make[3]: Entering directory '/ws/userland/src/components/automake/automake-1.10/build/i386/doc'
make[3]: Nothing to be done for 'install-exec-am'.
test -z "/usr/share/doc/automake" || /usr/bin/gmkdir -p "/ws/userland/src/components/automake/automake-1.10/build/prototype/i386/usr/share/doc/automake"
 /usr/bin/ginstall -c -m 644 '/ws/userland/src/components/automake/automake-1.10/automake-1.10/doc/amhello-1.0.tar.gz' '/ws/userland/src/components/automake/automake-1.10/build/prototype/i386/usr/share/doc/automake/amhello-1.0.tar.gz'
test -z "/usr/share/automake-1.10/info" || /usr/bin/gmkdir -p "/ws/userland/src/components/automake/automake-1.10/build/prototype/i386/usr/share/automake-1.10/info"
 /usr/bin/ginstall -c -m 644 '/ws/userland/src/components/automake/automake-1.10/automake-1.10/doc/automake.info' '/ws/userland/src/components/automake/automake-1.10/build/prototype/i386/usr/share/automake-1.10/info/automake.info'
 /usr/bin/ginstall -c -m 644 '/ws/userland/src/components/automake/automake-1.10/automake-1.10/doc/automake.info-1' '/ws/userland/src/components/automake/automake-1.10/build/prototype/i386/usr/share/automake-1.10/info/automake.info-1'
 /usr/bin/ginstall -c -m 644 '/ws/userland/src/components/automake/automake-1.10/automake-1.10/doc/automake.info-2' '/ws/userland/src/components/automake/automake-1.10/build/prototype/i386/usr/share/automake-1.10/info/automake.info-2'
 install-info --info-dir='/ws/userland/src/components/automake/automake-1.10/build/prototype/i386/usr/share/automake-1.10/info' '/ws/userland/src/components/automake/automake-1.10/build/prototype/i386/usr/share/automake-1.10/info/automake.info'
make[3]: Leaving directory '/ws/userland/src/components/automake/automake-1.10/build/i386/doc'
make[2]: Leaving directory '/ws/userland/src/components/automake/automake-1.10/build/i386/doc'
Making install in m4
make[2]: Entering directory '/ws/userland/src/components/automake/automake-1.10/build/i386/m4'
make[3]: Entering directory '/ws/userland/src/components/automake/automake-1.10/build/i386/m4'
make[3]: Nothing to be done for 'install-exec-am'.
test -z "/usr/share/aclocal-1.10" || /usr/bin/gmkdir -p "/ws/userland/src/components/automake/automake-1.10/build/prototype/i386/usr/share/aclocal-1.10"
 /usr/bin/ginstall -c -m 644 '/ws/userland/src/components/automake/automake-1.10/automake-1.10/m4/amversion.m4' '/ws/userland/src/components/automake/automake-1.10/build/prototype/i386/usr/share/aclocal-1.10/amversion.m4'
 /usr/bin/ginstall -c -m 644 '/ws/userland/src/components/automake/automake-1.10/automake-1.10/m4/as.m4' '/ws/userland/src/components/automake/automake-1.10/build/prototype/i386/usr/share/aclocal-1.10/as.m4'
 /usr/bin/ginstall -c -m 644 '/ws/userland/src/components/automake/automake-1.10/automake-1.10/m4/auxdir.m4' '/ws/userland/src/components/automake/automake-1.10/build/prototype/i386/usr/share/aclocal-1.10/auxdir.m4'
 /usr/bin/ginstall -c -m 644 '/ws/userland/src/components/automake/automake-1.10/automake-1.10/m4/ccstdc.m4' '/ws/userland/src/components/automake/automake-1.10/build/prototype/i386/usr/share/aclocal-1.10/ccstdc.m4'
 /usr/bin/ginstall -c -m 644 '/ws/userland/src/components/automake/automake-1.10/automake-1.10/m4/cond.m4' '/ws/userland/src/components/automake/automake-1.10/build/prototype/i386/usr/share/aclocal-1.10/cond.m4'
 /usr/bin/ginstall -c -m 644 '/ws/userland/src/components/automake/automake-1.10/automake-1.10/m4/depend.m4' '/ws/userland/src/components/automake/automake-1.10/build/prototype/i386/usr/share/aclocal-1.10/depend.m4'
 /usr/bin/ginstall -c -m 644 '/ws/userland/src/components/automake/automake-1.10/automake-1.10/m4/depout.m4' '/ws/userland/src/components/automake/automake-1.10/build/prototype/i386/usr/share/aclocal-1.10/depout.m4'
 /usr/bin/ginstall -c -m 644 '/ws/userland/src/components/automake/automake-1.10/automake-1.10/m4/dmalloc.m4' '/ws/userland/src/components/automake/automake-1.10/build/prototype/i386/usr/share/aclocal-1.10/dmalloc.m4'
 /usr/bin/ginstall -c -m 644 '/ws/userland/src/components/automake/automake-1.10/automake-1.10/m4/gcj.m4' '/ws/userland/src/components/automake/automake-1.10/build/prototype/i386/usr/share/aclocal-1.10/gcj.m4'
 /usr/bin/ginstall -c -m 644 '/ws/userland/src/components/automake/automake-1.10/automake-1.10/m4/header.m4' '/ws/userland/src/components/automake/automake-1.10/build/prototype/i386/usr/share/aclocal-1.10/header.m4'
 /usr/bin/ginstall -c -m 644 '/ws/userland/src/components/automake/automake-1.10/automake-1.10/m4/init.m4' '/ws/userland/src/components/automake/automake-1.10/build/prototype/i386/usr/share/aclocal-1.10/init.m4'
 /usr/bin/ginstall -c -m 644 '/ws/userland/src/components/automake/automake-1.10/automake-1.10/m4/install-sh.m4' '/ws/userland/src/components/automake/automake-1.10/build/prototype/i386/usr/share/aclocal-1.10/install-sh.m4'
 /usr/bin/ginstall -c -m 644 '/ws/userland/src/components/automake/automake-1.10/automake-1.10/m4/lead-dot.m4' '/ws/userland/src/components/automake/automake-1.10/build/prototype/i386/usr/share/aclocal-1.10/lead-dot.m4'
 /usr/bin/ginstall -c -m 644 '/ws/userland/src/components/automake/automake-1.10/automake-1.10/m4/lex.m4' '/ws/userland/src/components/automake/automake-1.10/build/prototype/i386/usr/share/aclocal-1.10/lex.m4'
 /usr/bin/ginstall -c -m 644 '/ws/userland/src/components/automake/automake-1.10/automake-1.10/m4/lispdir.m4' '/ws/userland/src/components/automake/automake-1.10/build/prototype/i386/usr/share/aclocal-1.10/lispdir.m4'
 /usr/bin/ginstall -c -m 644 '/ws/userland/src/components/automake/automake-1.10/automake-1.10/m4/maintainer.m4' '/ws/userland/src/components/automake/automake-1.10/build/prototype/i386/usr/share/aclocal-1.10/maintainer.m4'
 /usr/bin/ginstall -c -m 644 '/ws/userland/src/components/automake/automake-1.10/automake-1.10/m4/make.m4' '/ws/userland/src/components/automake/automake-1.10/build/prototype/i386/usr/share/aclocal-1.10/make.m4'
 /usr/bin/ginstall -c -m 644 '/ws/userland/src/components/automake/automake-1.10/automake-1.10/m4/minuso.m4' '/ws/userland/src/components/automake/automake-1.10/build/prototype/i386/usr/share/aclocal-1.10/minuso.m4'
 /usr/bin/ginstall -c -m 644 '/ws/userland/src/components/automake/automake-1.10/automake-1.10/m4/missing.m4' '/ws/userland/src/components/automake/automake-1.10/build/prototype/i386/usr/share/aclocal-1.10/missing.m4'
 /usr/bin/ginstall -c -m 644 '/ws/userland/src/components/automake/automake-1.10/automake-1.10/m4/mkdirp.m4' '/ws/userland/src/components/automake/automake-1.10/build/prototype/i386/usr/share/aclocal-1.10/mkdirp.m4'
 /usr/bin/ginstall -c -m 644 '/ws/userland/src/components/automake/automake-1.10/automake-1.10/m4/multi.m4' '/ws/userland/src/components/automake/automake-1.10/build/prototype/i386/usr/share/aclocal-1.10/multi.m4'
 /usr/bin/ginstall -c -m 644 '/ws/userland/src/components/automake/automake-1.10/automake-1.10/m4/obsol-gt.m4' '/ws/userland/src/components/automake/automake-1.10/build/prototype/i386/usr/share/aclocal-1.10/obsol-gt.m4'
 /usr/bin/ginstall -c -m 644 '/ws/userland/src/components/automake/automake-1.10/automake-1.10/m4/obsol-lt.m4' '/ws/userland/src/components/automake/automake-1.10/build/prototype/i386/usr/share/aclocal-1.10/obsol-lt.m4'
 /usr/bin/ginstall -c -m 644 '/ws/userland/src/components/automake/automake-1.10/automake-1.10/m4/obsolete.m4' '/ws/userland/src/components/automake/automake-1.10/build/prototype/i386/usr/share/aclocal-1.10/obsolete.m4'
 /usr/bin/ginstall -c -m 644 '/ws/userland/src/components/automake/automake-1.10/automake-1.10/m4/options.m4' '/ws/userland/src/components/automake/automake-1.10/build/prototype/i386/usr/share/aclocal-1.10/options.m4'
 /usr/bin/ginstall -c -m 644 '/ws/userland/src/components/automake/automake-1.10/automake-1.10/m4/protos.m4' '/ws/userland/src/components/automake/automake-1.10/build/prototype/i386/usr/share/aclocal-1.10/protos.m4'
 /usr/bin/ginstall -c -m 644 '/ws/userland/src/components/automake/automake-1.10/automake-1.10/m4/python.m4' '/ws/userland/src/components/automake/automake-1.10/build/prototype/i386/usr/share/aclocal-1.10/python.m4'
 /usr/bin/ginstall -c -m 644 '/ws/userland/src/components/automake/automake-1.10/automake-1.10/m4/regex.m4' '/ws/userland/src/components/automake/automake-1.10/build/prototype/i386/usr/share/aclocal-1.10/regex.m4'
 /usr/bin/ginstall -c -m 644 '/ws/userland/src/components/automake/automake-1.10/automake-1.10/m4/runlog.m4' '/ws/userland/src/components/automake/automake-1.10/build/prototype/i386/usr/share/aclocal-1.10/runlog.m4'
 /usr/bin/ginstall -c -m 644 '/ws/userland/src/components/automake/automake-1.10/automake-1.10/m4/sanity.m4' '/ws/userland/src/components/automake/automake-1.10/build/prototype/i386/usr/share/aclocal-1.10/sanity.m4'
 /usr/bin/ginstall -c -m 644 '/ws/userland/src/components/automake/automake-1.10/automake-1.10/m4/strip.m4' '/ws/userland/src/components/automake/automake-1.10/build/prototype/i386/usr/share/aclocal-1.10/strip.m4'
 /usr/bin/ginstall -c -m 644 '/ws/userland/src/components/automake/automake-1.10/automake-1.10/m4/substnot.m4' '/ws/userland/src/components/automake/automake-1.10/build/prototype/i386/usr/share/aclocal-1.10/substnot.m4'
 /usr/bin/ginstall -c -m 644 '/ws/userland/src/components/automake/automake-1.10/automake-1.10/m4/tar.m4' '/ws/userland/src/components/automake/automake-1.10/build/prototype/i386/usr/share/aclocal-1.10/tar.m4'
 /usr/bin/ginstall -c -m 644 '/ws/userland/src/components/automake/automake-1.10/automake-1.10/m4/upc.m4' '/ws/userland/src/components/automake/automake-1.10/build/prototype/i386/usr/share/aclocal-1.10/upc.m4'
make[3]: Leaving directory '/ws/userland/src/components/automake/automake-1.10/build/i386/m4'
make[2]: Leaving directory '/ws/userland/src/components/automake/automake-1.10/build/i386/m4'
Making install in tests
make[2]: Entering directory '/ws/userland/src/components/automake/automake-1.10/build/i386/tests'
make[3]: Entering directory '/ws/userland/src/components/automake/automake-1.10/build/i386/tests'
make[3]: Nothing to be done for 'install-exec-am'.
make[3]: Nothing to be done for 'install-data-am'.
make[3]: Leaving directory '/ws/userland/src/components/automake/automake-1.10/build/i386/tests'
make[2]: Leaving directory '/ws/userland/src/components/automake/automake-1.10/build/i386/tests'
make[1]: Leaving directory '/ws/userland/src/components/automake/automake-1.10/build/i386'
/usr/bin/touch /ws/userland/src/components/automake/automake-1.10/build/i386/.installed
abort: there is no Mercurial repository here (.hg not found)
/usr/bin/pkgfmt -c -fv2 automake.p5m
/usr/bin/pkgmogrify -D PERL_ARCH=i86pc-solaris-thread-multi-64 -D PERL_VERSION=5.22 -D IPS_COMPONENT_RE_VERSION=1\\.10 -D COMPONENT_RE_VERSION=1\\.10 -D PYTHON_2.7_ONLY=# -D PYTHON_3.4_ONLY=# -D PYTHON_3.5_ONLY=# -D SQ=\' -D DQ=\" -D Q=\" -I/ws/userland/src/components/automake/automake-1.10 -D SOLARIS_11_3_ONLY="#" -D SOLARIS_11_5_ONLY="#" -D SOLARIS_11_3_4_ONLY="" -D SOLARIS_11_4_5_ONLY="" -D SOLARIS_11_4_ONLY="" -D ARC_CASE="" -D TPNO="6149" -D BUILD_VERSION="5.11-11.4.0.0.1.14.0" -D OS_RELEASE="5.11" -D SOLARIS_VERSION="2.11" -D PKG_SOLARIS_VERSION="11.4" -D CONSOLIDATION="userland" -D CONSOLIDATION_CHANGESET="" -D CONSOLIDATION_REPOSITORY_URL="https://github.com/oracle/solaris-userland.git" -D COMPONENT_VERSION="1.10" -D IPS_COMPONENT_VERSION="1.10" -D HUMAN_VERSION="" -D COMPONENT_ARCHIVE_URL="https://ftp.gnu.org/gnu/automake/automake-1.10.tar.gz" -D COMPONENT_PROJECT_URL="https://www.gnu.org/software/automake" -D COMPONENT_NAME="automake" -D HG_REPO="" -D HG_REV="" -D HG_URL="" -D GIT_COMMIT_ID="" -D GIT_REPO="" -D GIT_TAG="" -D MACH="i386" -D MACH32="i86" -D MACH64="amd64" -D PUBLISHER="nightly" -D PUBLISHER_LOCALIZABLE="userland-localizable" automake.p5m \
	/ws/userland/src/transforms/license-changes /ws/userland/src/transforms/variant-cleanup /ws/userland/src/transforms/autopyc /ws/userland/src/transforms/defaults /ws/userland/src/transforms/actuators /ws/userland/src/transforms/depends /ws/userland/src/transforms/devel /ws/userland/src/transforms/docs /ws/userland/src/transforms/locale /ws/userland/src/transforms/standard-python-libraries /ws/userland/src/transforms/python-rename /ws/userland/src/transforms/python-3-groups /ws/userland/src/transforms/python-3-soabi /ws/userland/src/transforms/python-3-no-32bit /ws/userland/src/transforms/ruby-tests /ws/userland/src/transforms/puppet /ws/userland/src/transforms/libtool-drop /ws/userland/src/transforms/incorporate /ws/userland/src/transforms/publish-cleanup | \
	sed -e '/^$/d' -e '/^#.*$/d' | uniq >/ws/userland/src/components/automake/automake-1.10/build/manifest-i386-automake.mogrified
/bin/mkdir -p /ws/userland/src/components/automake/automake-1.10/build/prototype/i386/mangled
/ws/userland/src/tools/userland-mangler -D /ws/userland/src/components/automake/automake-1.10/build/prototype/i386/mangled -d /ws/userland/src/components/automake/automake-1.10/build/prototype/i386/mangled -d /ws/userland/src/components/automake/automake-1.10/build/prototype/i386 -d /ws/userland/src/components/automake/automake-1.10/build -d /ws/userland/src/components/automake/automake-1.10 -d automake-1.10 -d /ws/userland/src/licenses -m /ws/userland/src/components/automake/automake-1.10/build/manifest-i386-automake.mogrified >/ws/userland/src/components/automake/automake-1.10/build/manifest-i386-automake.mangled
/usr/bin/env  /usr/bin/pkgdepend generate \
    -m -d /ws/userland/src/components/automake/automake-1.10/build/prototype/i386/mangled -d /ws/userland/src/components/automake/automake-1.10/build/prototype/i386 -d /ws/userland/src/components/automake/automake-1.10/build -d /ws/userland/src/components/automake/automake-1.10 -d automake-1.10 -d /ws/userland/src/licenses /ws/userland/src/components/automake/automake-1.10/build/manifest-i386-automake.mangled >/ws/userland/src/components/automake/automake-1.10/build/manifest-i386-automake.depend
/usr/bin/pkgdepend resolve -e /ws/userland/src/components/automake/automake-1.10/build/resolve.deps -m /ws/userland/src/components/automake/automake-1.10/build/manifest-i386-automake.depend
/usr/bin/touch /ws/userland/src/components/automake/automake-1.10/build/.resolved-i386
VALIDATING MANIFEST CONTENT: /ws/userland/src/components/automake/automake-1.10/build/manifest-i386-automake.depend.res
/usr/bin/env PYTHONPATH=/ws/userland/src/tools/python PROTO_PATH="/ws/userland/src/components/automake/automake-1.10/build/prototype/i386/mangled /ws/userland/src/components/automake/automake-1.10/build/prototype/i386 /ws/userland/src/components/automake/automake-1.10/build /ws/userland/src/components/automake/automake-1.10 automake-1.10 /ws/userland/src/licenses"\
	SOLARIS_VERSION=2.11\
	/bin/true -c /ws/userland/src/i386/pkglint-cache \
		-f /ws/userland/src/tools/pkglintrc /ws/userland/src/components/automake/automake-1.10/build/manifest-i386-automake.depend.res
/usr/bin/touch /ws/userland/src/components/automake/automake-1.10/build/.linted-i386
/usr/bin/pkgsend -s file:/ws/userland/src/i386/repo publish --fmri-in-manifest --no-catalog -d /ws/userland/src/components/automake/automake-1.10/build/prototype/i386/mangled -d /ws/userland/src/components/automake/automake-1.10/build/prototype/i386 -d /ws/userland/src/components/automake/automake-1.10/build -d /ws/userland/src/components/automake/automake-1.10 -d automake-1.10 -d /ws/userland/src/licenses -T \*.py /ws/userland/src/components/automake/automake-1.10/build/manifest-i386-automake.depend.res
pkg://nightly/developer/build/automake-110@1.10,5.11-11.4.0.0.1.14.0:20190727T165013Z
PUBLISHED
/usr/bin/pkgfmt </ws/userland/src/components/automake/automake-1.10/build/manifest-i386-automake.depend.res >/ws/userland/src/components/automake/automake-1.10/build/manifest-i386-automake.published
/usr/bin/touch /ws/userland/src/components/automake/automake-1.10/build/.published-i386
gmake: Leaving directory '/ws/userland/src/components/automake/automake-1.10'

real        9.1
user        2.8
sys         1.5
