gmake: Entering directory '/ws/userland/src/components/automake/automake-1.11.2'
/bin/rm -f -r /ws/userland/src/components/automake/automake-1.11.2/automake-1.11.2
/usr/bin/env RUBY_VERSION=2.1 /ws/userland/src/tools/userland-unpack  automake-1.11.2.tar.gz
/usr/bin/touch /ws/userland/src/components/automake/automake-1.11.2/automake-1.11.2/.unpacked
/usr/bin/patch -d /ws/userland/src/components/automake/automake-1.11.2/automake-1.11.2 --strip=1 --backup --version-control=numbered < patches/CVE-2012-3386.patch
patching file NEWS
patching file lib/am/distdir.am
/usr/bin/touch /ws/userland/src/components/automake/automake-1.11.2/automake-1.11.2/.patched-CVE-2012-3386.patch
/usr/bin/patch -d /ws/userland/src/components/automake/automake-1.11.2/automake-1.11.2 --strip=1 --backup --version-control=numbered < patches/automake.patch
patching file automake.in
/usr/bin/touch /ws/userland/src/components/automake/automake-1.11.2/automake-1.11.2/.patched-automake.patch
/usr/bin/patch -d /ws/userland/src/components/automake/automake-1.11.2/automake-1.11.2 --strip=1 --backup --version-control=numbered < patches/fix-tests.patch
patching file tests/instspc.test
patching file tests/silent-many-gcc.test
patching file tests/silent-many-generic.test
/usr/bin/touch /ws/userland/src/components/automake/automake-1.11.2/automake-1.11.2/.patched-fix-tests.patch
/usr/bin/touch /ws/userland/src/components/automake/automake-1.11.2/automake-1.11.2/.patched
/usr/bin/touch /ws/userland/src/components/automake/automake-1.11.2/automake-1.11.2/.prep
(/bin/rm -f -rf /ws/userland/src/components/automake/automake-1.11.2/build/i386 ; /bin/mkdir -p /ws/userland/src/components/automake/automake-1.11.2/build/i386)
(cd /ws/userland/src/components/automake/automake-1.11.2/build/i386 ; /usr/bin/env CONFIG_SHELL="/bin/bash" PKG_CONFIG_PATH="/usr/lib/pkgconfig" CC="/opt/solarisstudio12.4/bin/cc" CXX="/opt/solarisstudio12.4/bin/CC"  CC_FOR_BUILD="/opt/solarisstudio12.4/bin/cc -m32" CXX_FOR_BUILD="/opt/solarisstudio12.4/bin/CC -m32" CPPFLAGS="-m32" "ac_cv_func_realloc_0_nonnull=yes" "NM=/usr/gnu/bin/nm" INTLTOOL_PERL="/usr/perl5/5.22/bin/perl" CFLAGS="-m32 -xO4 -xchip=pentium -xregs=no%frameptr -mt" CXXFLAGS="-norunpath -m32 -xO4 -xchip=pentium -xregs=no%frameptr" LDFLAGS="" /bin/bash \
	/ws/userland/src/components/automake/automake-1.11.2/automake-1.11.2/configure --prefix=/usr --mandir=/usr/share/man --bindir=/usr/bin --sbindir=/usr/sbin --libdir=/usr/lib    --infodir=/usr/share/automake-1.11/info PERL="/usr/perl5/5.22/bin/perl")
checking build system type... i386-pc-solaris2.11
checking for a BSD-compatible install... /usr/bin/ginstall -c
checking whether build environment is sane... yes
checking for a thread-safe mkdir -p... /usr/bin/gmkdir -p
checking for gawk... gawk
checking whether make sets $(MAKE)... yes
checking for perl... /usr/perl5/5.22/bin/perl
checking whether /usr/perl5/5.22/bin/perl supports ithreads... yes
checking for tex... no
checking whether autoconf is installed... yes
checking whether autoconf works... yes
checking whether autoconf is recent enough... yes
checking whether ln works... yes
checking for grep that handles long lines and -e... /usr/bin/ggrep
checking for egrep... /usr/bin/ggrep -E
checking for fgrep... /usr/bin/ggrep -F
checking whether /bin/sh has working 'set -e' with exit trap... yes
configure: creating ./config.status
config.status: creating Makefile
config.status: creating doc/Makefile
config.status: creating lib/Automake/Makefile
config.status: creating lib/Automake/tests/Makefile
config.status: creating lib/Makefile
config.status: creating lib/am/Makefile
config.status: creating m4/Makefile
config.status: creating tests/Makefile
config.status: creating tests/defs
config.status: creating tests/aclocal-1.11
config.status: creating tests/automake-1.11
/usr/bin/touch /ws/userland/src/components/automake/automake-1.11.2/build/i386/.configured
(cd /ws/userland/src/components/automake/automake-1.11.2/build/i386 ; /usr/bin/env LD_OPTIONS="-M /usr/lib/ld/map.noexdata -M /usr/lib/ld/map.pagealign -Bdirect -zignore -zstrip-class=comment" LD_EXEC_OPTIONS=" -zsx=aslr=disable -zsx=nxstack=disable -zsx=nxheap=disable " LD_PIE_OPTIONS="-zsx=aslr=disable -zsx=nxstack=disable -zsx=nxheap=disable "  PKG_CONFIG_PATH="/usr/lib/pkgconfig" "ac_cv_func_realloc_0_nonnull=yes" INTLTOOL_PERL="/usr/perl5/5.22/bin/perl" \
	/usr/gnu/bin/make  )
make[1]: Entering directory '/ws/userland/src/components/automake/automake-1.11.2/build/i386'
Making all in lib
make[2]: Entering directory '/ws/userland/src/components/automake/automake-1.11.2/build/i386/lib'
Making all in Automake
make[3]: Entering directory '/ws/userland/src/components/automake/automake-1.11.2/build/i386/lib/Automake'
Making all in .
make[4]: Entering directory '/ws/userland/src/components/automake/automake-1.11.2/build/i386/lib/Automake'
rm -f Config.tmp Config.pm
in=`echo Config.pm | sed 's/\.[^.]*$//'`; sed -e 's,[@]APIVERSION[@],1.11,g' -e 's,[@]PACKAGE[@],automake,g' -e 's,[@]PACKAGE_BUGREPORT[@],bug-automake@gnu.org,g' -e 's,[@]PERL[@],/usr/perl5/5.22/bin/perl,g' -e 's,[@]PERL_THREADS[@],1,g' -e 's,[@]SHELL[@],/bin/bash,g' -e 's,[@]VERSION[@],1.11.2,g' -e "s,[@]configure_input[@],Generated from $in.in; do not edit by hand.,g" -e 's,[@]datadir[@],/usr/share,g' /ws/userland/src/components/automake/automake-1.11.2/automake-1.11.2/lib/Automake/Config.in >Config.tmp
chmod +x Config.tmp
chmod a-w Config.tmp
mv -f Config.tmp Config.pm
make[4]: Leaving directory '/ws/userland/src/components/automake/automake-1.11.2/build/i386/lib/Automake'
Making all in tests
make[4]: Entering directory '/ws/userland/src/components/automake/automake-1.11.2/build/i386/lib/Automake/tests'
make[4]: Nothing to be done for 'all'.
make[4]: Leaving directory '/ws/userland/src/components/automake/automake-1.11.2/build/i386/lib/Automake/tests'
make[3]: Leaving directory '/ws/userland/src/components/automake/automake-1.11.2/build/i386/lib/Automake'
Making all in am
make[3]: Entering directory '/ws/userland/src/components/automake/automake-1.11.2/build/i386/lib/am'
make[3]: Nothing to be done for 'all'.
make[3]: Leaving directory '/ws/userland/src/components/automake/automake-1.11.2/build/i386/lib/am'
make[3]: Entering directory '/ws/userland/src/components/automake/automake-1.11.2/build/i386/lib'
make[3]: Nothing to be done for 'all-am'.
make[3]: Leaving directory '/ws/userland/src/components/automake/automake-1.11.2/build/i386/lib'
make[2]: Leaving directory '/ws/userland/src/components/automake/automake-1.11.2/build/i386/lib'
Making all in .
make[2]: Entering directory '/ws/userland/src/components/automake/automake-1.11.2/build/i386'
rm -f automake automake.tmp
sed -e 's,[@]APIVERSION[@],1.11,g' -e 's,[@]PACKAGE[@],automake,g' -e 's,[@]PACKAGE_BUGREPORT[@],bug-automake@gnu.org,g' -e 's,[@]PACKAGE_URL[@],http://www.gnu.org/software/automake/,g' -e 's,[@]PATH_SEPARATOR[@],:,g' -e 's,[@]PERL[@],/usr/perl5/5.22/bin/perl,g' -e 's,[@]PERL_THREADS[@],1,g' -e 's,[@]SHELL[@],/bin/bash,g' -e 's,[@]am_AUTOCONF[@],autoconf,g' -e 's,[@]am_AUTOM4TE[@],autom4te,g' -e 's,[@]VERSION[@],1.11.2,g' -e 's,[@]configure_input[@],Generated from automake.in; do not edit by hand.,g' -e 's,[@]datadir[@],/usr/share,g' /ws/userland/src/components/automake/automake-1.11.2/automake-1.11.2/automake.in >automake.tmp
chmod +x automake.tmp
chmod a-w automake.tmp
mv -f automake.tmp automake
rm -f aclocal aclocal.tmp
sed -e 's,[@]APIVERSION[@],1.11,g' -e 's,[@]PACKAGE[@],automake,g' -e 's,[@]PACKAGE_BUGREPORT[@],bug-automake@gnu.org,g' -e 's,[@]PACKAGE_URL[@],http://www.gnu.org/software/automake/,g' -e 's,[@]PATH_SEPARATOR[@],:,g' -e 's,[@]PERL[@],/usr/perl5/5.22/bin/perl,g' -e 's,[@]PERL_THREADS[@],1,g' -e 's,[@]SHELL[@],/bin/bash,g' -e 's,[@]am_AUTOCONF[@],autoconf,g' -e 's,[@]am_AUTOM4TE[@],autom4te,g' -e 's,[@]VERSION[@],1.11.2,g' -e 's,[@]configure_input[@],Generated from aclocal.in; do not edit by hand.,g' -e 's,[@]datadir[@],/usr/share,g' /ws/userland/src/components/automake/automake-1.11.2/automake-1.11.2/aclocal.in >aclocal.tmp
chmod +x aclocal.tmp
chmod a-w aclocal.tmp
mv -f aclocal.tmp aclocal
make[2]: Leaving directory '/ws/userland/src/components/automake/automake-1.11.2/build/i386'
Making all in doc
make[2]: Entering directory '/ws/userland/src/components/automake/automake-1.11.2/build/i386/doc'
PATH="`pwd`/../tests:$PATH" && export PATH && /bin/bash /ws/userland/src/components/automake/automake-1.11.2/automake-1.11.2/lib/missing --run help2man --output=/ws/userland/src/components/automake/automake-1.11.2/automake-1.11.2/doc/automake-1.11.1 automake-1.11
make[2]: Leaving directory '/ws/userland/src/components/automake/automake-1.11.2/build/i386/doc'
Making all in m4
make[2]: Entering directory '/ws/userland/src/components/automake/automake-1.11.2/build/i386/m4'
make[2]: Nothing to be done for 'all'.
make[2]: Leaving directory '/ws/userland/src/components/automake/automake-1.11.2/build/i386/m4'
Making all in tests
make[2]: Entering directory '/ws/userland/src/components/automake/automake-1.11.2/build/i386/tests'
make[2]: Nothing to be done for 'all'.
make[2]: Leaving directory '/ws/userland/src/components/automake/automake-1.11.2/build/i386/tests'
make[1]: Leaving directory '/ws/userland/src/components/automake/automake-1.11.2/build/i386'
/usr/bin/touch /ws/userland/src/components/automake/automake-1.11.2/build/i386/.built
(cd /ws/userland/src/components/automake/automake-1.11.2/build/i386 ; /usr/bin/env LD_OPTIONS="-M /usr/lib/ld/map.noexdata -M /usr/lib/ld/map.pagealign -Bdirect -zignore -zstrip-class=comment" LD_EXEC_OPTIONS=" -zsx=aslr=disable -zsx=nxstack=disable -zsx=nxheap=disable " LD_PIE_OPTIONS="-zsx=aslr=disable -zsx=nxstack=disable -zsx=nxheap=disable "  /usr/gnu/bin/make \
		 DESTDIR=/ws/userland/src/components/automake/automake-1.11.2/build/prototype/i386 install)
make[1]: Entering directory '/ws/userland/src/components/automake/automake-1.11.2/build/i386'
Making install in lib
make[2]: Entering directory '/ws/userland/src/components/automake/automake-1.11.2/build/i386/lib'
Making install in Automake
make[3]: Entering directory '/ws/userland/src/components/automake/automake-1.11.2/build/i386/lib/Automake'
Making install in .
make[4]: Entering directory '/ws/userland/src/components/automake/automake-1.11.2/build/i386/lib/Automake'
make[5]: Entering directory '/ws/userland/src/components/automake/automake-1.11.2/build/i386/lib/Automake'
make[5]: Nothing to be done for 'install-exec-am'.
test -z "/usr/share/automake-1.11/Automake" || /usr/bin/gmkdir -p "/ws/userland/src/components/automake/automake-1.11.2/build/prototype/i386/usr/share/automake-1.11/Automake"
 /usr/bin/ginstall -c -m 644 /ws/userland/src/components/automake/automake-1.11.2/automake-1.11.2/lib/Automake/ChannelDefs.pm /ws/userland/src/components/automake/automake-1.11.2/automake-1.11.2/lib/Automake/Channels.pm /ws/userland/src/components/automake/automake-1.11.2/automake-1.11.2/lib/Automake/Condition.pm /ws/userland/src/components/automake/automake-1.11.2/automake-1.11.2/lib/Automake/Configure_ac.pm /ws/userland/src/components/automake/automake-1.11.2/automake-1.11.2/lib/Automake/DisjConditions.pm /ws/userland/src/components/automake/automake-1.11.2/automake-1.11.2/lib/Automake/FileUtils.pm /ws/userland/src/components/automake/automake-1.11.2/automake-1.11.2/lib/Automake/General.pm /ws/userland/src/components/automake/automake-1.11.2/automake-1.11.2/lib/Automake/Item.pm /ws/userland/src/components/automake/automake-1.11.2/automake-1.11.2/lib/Automake/ItemDef.pm /ws/userland/src/components/automake/automake-1.11.2/automake-1.11.2/lib/Automake/Location.pm /ws/userland/src/components/automake/automake-1.11.2/automake-1.11.2/lib/Automake/Options.pm /ws/userland/src/components/automake/automake-1.11.2/automake-1.11.2/lib/Automake/Rule.pm /ws/userland/src/components/automake/automake-1.11.2/automake-1.11.2/lib/Automake/RuleDef.pm /ws/userland/src/components/automake/automake-1.11.2/automake-1.11.2/lib/Automake/Struct.pm /ws/userland/src/components/automake/automake-1.11.2/automake-1.11.2/lib/Automake/Variable.pm /ws/userland/src/components/automake/automake-1.11.2/automake-1.11.2/lib/Automake/VarDef.pm /ws/userland/src/components/automake/automake-1.11.2/automake-1.11.2/lib/Automake/Version.pm /ws/userland/src/components/automake/automake-1.11.2/automake-1.11.2/lib/Automake/XFile.pm /ws/userland/src/components/automake/automake-1.11.2/automake-1.11.2/lib/Automake/Wrap.pm '/ws/userland/src/components/automake/automake-1.11.2/build/prototype/i386/usr/share/automake-1.11/Automake'
test -z "/usr/share/automake-1.11/Automake" || /usr/bin/gmkdir -p "/ws/userland/src/components/automake/automake-1.11.2/build/prototype/i386/usr/share/automake-1.11/Automake"
 /usr/bin/ginstall -c -m 644 Config.pm '/ws/userland/src/components/automake/automake-1.11.2/build/prototype/i386/usr/share/automake-1.11/Automake'
make[5]: Leaving directory '/ws/userland/src/components/automake/automake-1.11.2/build/i386/lib/Automake'
make[4]: Leaving directory '/ws/userland/src/components/automake/automake-1.11.2/build/i386/lib/Automake'
Making install in tests
make[4]: Entering directory '/ws/userland/src/components/automake/automake-1.11.2/build/i386/lib/Automake/tests'
make[5]: Entering directory '/ws/userland/src/components/automake/automake-1.11.2/build/i386/lib/Automake/tests'
make[5]: Nothing to be done for 'install-exec-am'.
make[5]: Nothing to be done for 'install-data-am'.
make[5]: Leaving directory '/ws/userland/src/components/automake/automake-1.11.2/build/i386/lib/Automake/tests'
make[4]: Leaving directory '/ws/userland/src/components/automake/automake-1.11.2/build/i386/lib/Automake/tests'
make[3]: Leaving directory '/ws/userland/src/components/automake/automake-1.11.2/build/i386/lib/Automake'
Making install in am
make[3]: Entering directory '/ws/userland/src/components/automake/automake-1.11.2/build/i386/lib/am'
make[4]: Entering directory '/ws/userland/src/components/automake/automake-1.11.2/build/i386/lib/am'
make[4]: Nothing to be done for 'install-exec-am'.
test -z "/usr/share/automake-1.11/am" || /usr/bin/gmkdir -p "/ws/userland/src/components/automake/automake-1.11.2/build/prototype/i386/usr/share/automake-1.11/am"
 /usr/bin/ginstall -c -m 644 /ws/userland/src/components/automake/automake-1.11.2/automake-1.11.2/lib/am/ansi2knr.am /ws/userland/src/components/automake/automake-1.11.2/automake-1.11.2/lib/am/check.am /ws/userland/src/components/automake/automake-1.11.2/automake-1.11.2/lib/am/check2.am /ws/userland/src/components/automake/automake-1.11.2/automake-1.11.2/lib/am/clean-hdr.am /ws/userland/src/components/automake/automake-1.11.2/automake-1.11.2/lib/am/clean.am /ws/userland/src/components/automake/automake-1.11.2/automake-1.11.2/lib/am/compile.am /ws/userland/src/components/automake/automake-1.11.2/automake-1.11.2/lib/am/configure.am /ws/userland/src/components/automake/automake-1.11.2/automake-1.11.2/lib/am/data.am /ws/userland/src/components/automake/automake-1.11.2/automake-1.11.2/lib/am/dejagnu.am /ws/userland/src/components/automake/automake-1.11.2/automake-1.11.2/lib/am/depend.am /ws/userland/src/components/automake/automake-1.11.2/automake-1.11.2/lib/am/depend2.am /ws/userland/src/components/automake/automake-1.11.2/automake-1.11.2/lib/am/distdir.am /ws/userland/src/components/automake/automake-1.11.2/automake-1.11.2/lib/am/footer.am /ws/userland/src/components/automake/automake-1.11.2/automake-1.11.2/lib/am/header-vars.am /ws/userland/src/components/automake/automake-1.11.2/automake-1.11.2/lib/am/header.am /ws/userland/src/components/automake/automake-1.11.2/automake-1.11.2/lib/am/install.am /ws/userland/src/components/automake/automake-1.11.2/automake-1.11.2/lib/am/inst-vars.am /ws/userland/src/components/automake/automake-1.11.2/automake-1.11.2/lib/am/java.am /ws/userland/src/components/automake/automake-1.11.2/automake-1.11.2/lib/am/lang-compile.am /ws/userland/src/components/automake/automake-1.11.2/automake-1.11.2/lib/am/lex.am /ws/userland/src/components/automake/automake-1.11.2/automake-1.11.2/lib/am/library.am /ws/userland/src/components/automake/automake-1.11.2/automake-1.11.2/lib/am/libs.am /ws/userland/src/components/automake/automake-1.11.2/automake-1.11.2/lib/am/libtool.am /ws/userland/src/components/automake/automake-1.11.2/automake-1.11.2/lib/am/lisp.am /ws/userland/src/components/automake/automake-1.11.2/automake-1.11.2/lib/am/ltlib.am /ws/userland/src/components/automake/automake-1.11.2/automake-1.11.2/lib/am/ltlibrary.am /ws/userland/src/components/automake/automake-1.11.2/automake-1.11.2/lib/am/mans-vars.am /ws/userland/src/components/automake/automake-1.11.2/automake-1.11.2/lib/am/mans.am /ws/userland/src/components/automake/automake-1.11.2/automake-1.11.2/lib/am/multilib.am /ws/userland/src/components/automake/automake-1.11.2/automake-1.11.2/lib/am/program.am /ws/userland/src/components/automake/automake-1.11.2/automake-1.11.2/lib/am/progs.am /ws/userland/src/components/automake/automake-1.11.2/automake-1.11.2/lib/am/python.am /ws/userland/src/components/automake/automake-1.11.2/automake-1.11.2/lib/am/remake-hdr.am /ws/userland/src/components/automake/automake-1.11.2/automake-1.11.2/lib/am/scripts.am /ws/userland/src/components/automake/automake-1.11.2/automake-1.11.2/lib/am/subdirs.am /ws/userland/src/components/automake/automake-1.11.2/automake-1.11.2/lib/am/tags.am /ws/userland/src/components/automake/automake-1.11.2/automake-1.11.2/lib/am/texi-vers.am /ws/userland/src/components/automake/automake-1.11.2/automake-1.11.2/lib/am/texibuild.am /ws/userland/src/components/automake/automake-1.11.2/automake-1.11.2/lib/am/texinfos.am /ws/userland/src/components/automake/automake-1.11.2/automake-1.11.2/lib/am/vala.am '/ws/userland/src/components/automake/automake-1.11.2/build/prototype/i386/usr/share/automake-1.11/am'
 /usr/bin/ginstall -c -m 644 /ws/userland/src/components/automake/automake-1.11.2/automake-1.11.2/lib/am/yacc.am '/ws/userland/src/components/automake/automake-1.11.2/build/prototype/i386/usr/share/automake-1.11/am'
make[4]: Leaving directory '/ws/userland/src/components/automake/automake-1.11.2/build/i386/lib/am'
make[3]: Leaving directory '/ws/userland/src/components/automake/automake-1.11.2/build/i386/lib/am'
make[3]: Entering directory '/ws/userland/src/components/automake/automake-1.11.2/build/i386/lib'
make[4]: Entering directory '/ws/userland/src/components/automake/automake-1.11.2/build/i386/lib'
make[4]: Nothing to be done for 'install-exec-am'.
test -z "/usr/share/automake-1.11" || /usr/bin/gmkdir -p "/ws/userland/src/components/automake/automake-1.11.2/build/prototype/i386/usr/share/automake-1.11"
 /usr/bin/ginstall -c -m 644 /ws/userland/src/components/automake/automake-1.11.2/automake-1.11.2/lib/COPYING /ws/userland/src/components/automake/automake-1.11.2/automake-1.11.2/lib/INSTALL /ws/userland/src/components/automake/automake-1.11.2/automake-1.11.2/lib/texinfo.tex /ws/userland/src/components/automake/automake-1.11.2/automake-1.11.2/lib/ansi2knr.c /ws/userland/src/components/automake/automake-1.11.2/automake-1.11.2/lib/ansi2knr.1 /ws/userland/src/components/automake/automake-1.11.2/automake-1.11.2/lib/config-ml.in '/ws/userland/src/components/automake/automake-1.11.2/build/prototype/i386/usr/share/automake-1.11'
test -z "/usr/share/automake-1.11" || /usr/bin/gmkdir -p "/ws/userland/src/components/automake/automake-1.11.2/build/prototype/i386/usr/share/automake-1.11"
 /usr/bin/ginstall -c -m 644 /ws/userland/src/components/automake/automake-1.11.2/automake-1.11.2/lib/config.guess /ws/userland/src/components/automake/automake-1.11.2/automake-1.11.2/lib/config.sub /ws/userland/src/components/automake/automake-1.11.2/automake-1.11.2/lib/install-sh /ws/userland/src/components/automake/automake-1.11.2/automake-1.11.2/lib/mdate-sh /ws/userland/src/components/automake/automake-1.11.2/automake-1.11.2/lib/missing /ws/userland/src/components/automake/automake-1.11.2/automake-1.11.2/lib/mkinstalldirs /ws/userland/src/components/automake/automake-1.11.2/automake-1.11.2/lib/elisp-comp /ws/userland/src/components/automake/automake-1.11.2/automake-1.11.2/lib/ylwrap /ws/userland/src/components/automake/automake-1.11.2/automake-1.11.2/lib/acinstall /ws/userland/src/components/automake/automake-1.11.2/automake-1.11.2/lib/depcomp /ws/userland/src/components/automake/automake-1.11.2/automake-1.11.2/lib/compile /ws/userland/src/components/automake/automake-1.11.2/automake-1.11.2/lib/py-compile /ws/userland/src/components/automake/automake-1.11.2/automake-1.11.2/lib/symlink-tree /ws/userland/src/components/automake/automake-1.11.2/automake-1.11.2/lib/ar-lib '/ws/userland/src/components/automake/automake-1.11.2/build/prototype/i386/usr/share/automake-1.11'
/usr/gnu/bin/make  install-data-hook
make[5]: Entering directory '/ws/userland/src/components/automake/automake-1.11.2/build/i386/lib'
 chmod +x /ws/userland/src/components/automake/automake-1.11.2/build/prototype/i386/usr/share/automake-1.11/config.guess
 chmod +x /ws/userland/src/components/automake/automake-1.11.2/build/prototype/i386/usr/share/automake-1.11/config.sub
 chmod +x /ws/userland/src/components/automake/automake-1.11.2/build/prototype/i386/usr/share/automake-1.11/install-sh
 chmod +x /ws/userland/src/components/automake/automake-1.11.2/build/prototype/i386/usr/share/automake-1.11/mdate-sh
 chmod +x /ws/userland/src/components/automake/automake-1.11.2/build/prototype/i386/usr/share/automake-1.11/missing
 chmod +x /ws/userland/src/components/automake/automake-1.11.2/build/prototype/i386/usr/share/automake-1.11/mkinstalldirs
 chmod +x /ws/userland/src/components/automake/automake-1.11.2/build/prototype/i386/usr/share/automake-1.11/elisp-comp
 chmod +x /ws/userland/src/components/automake/automake-1.11.2/build/prototype/i386/usr/share/automake-1.11/ylwrap
 chmod +x /ws/userland/src/components/automake/automake-1.11.2/build/prototype/i386/usr/share/automake-1.11/acinstall
 chmod +x /ws/userland/src/components/automake/automake-1.11.2/build/prototype/i386/usr/share/automake-1.11/depcomp
 chmod +x /ws/userland/src/components/automake/automake-1.11.2/build/prototype/i386/usr/share/automake-1.11/compile
 chmod +x /ws/userland/src/components/automake/automake-1.11.2/build/prototype/i386/usr/share/automake-1.11/py-compile
 chmod +x /ws/userland/src/components/automake/automake-1.11.2/build/prototype/i386/usr/share/automake-1.11/symlink-tree
 chmod +x /ws/userland/src/components/automake/automake-1.11.2/build/prototype/i386/usr/share/automake-1.11/ar-lib
make[5]: Leaving directory '/ws/userland/src/components/automake/automake-1.11.2/build/i386/lib'
make[4]: Leaving directory '/ws/userland/src/components/automake/automake-1.11.2/build/i386/lib'
make[3]: Leaving directory '/ws/userland/src/components/automake/automake-1.11.2/build/i386/lib'
make[2]: Leaving directory '/ws/userland/src/components/automake/automake-1.11.2/build/i386/lib'
Making install in .
make[2]: Entering directory '/ws/userland/src/components/automake/automake-1.11.2/build/i386'
make[3]: Entering directory '/ws/userland/src/components/automake/automake-1.11.2/build/i386'
test -z "/usr/bin" || /usr/bin/gmkdir -p "/ws/userland/src/components/automake/automake-1.11.2/build/prototype/i386/usr/bin"
 /usr/bin/ginstall -c automake aclocal '/ws/userland/src/components/automake/automake-1.11.2/build/prototype/i386/usr/bin'
/usr/gnu/bin/make  install-exec-hook
make[4]: Entering directory '/ws/userland/src/components/automake/automake-1.11.2/build/i386'
 ln /ws/userland/src/components/automake/automake-1.11.2/build/prototype/i386/usr/bin/automake /ws/userland/src/components/automake/automake-1.11.2/build/prototype/i386/usr/bin/automake-1.11
 ln /ws/userland/src/components/automake/automake-1.11.2/build/prototype/i386/usr/bin/aclocal /ws/userland/src/components/automake/automake-1.11.2/build/prototype/i386/usr/bin/aclocal-1.11
make[4]: Leaving directory '/ws/userland/src/components/automake/automake-1.11.2/build/i386'
make[3]: Nothing to be done for 'install-data-am'.
make[3]: Leaving directory '/ws/userland/src/components/automake/automake-1.11.2/build/i386'
make[2]: Leaving directory '/ws/userland/src/components/automake/automake-1.11.2/build/i386'
Making install in doc
make[2]: Entering directory '/ws/userland/src/components/automake/automake-1.11.2/build/i386/doc'
make[3]: Entering directory '/ws/userland/src/components/automake/automake-1.11.2/build/i386/doc'
make[3]: Nothing to be done for 'install-exec-am'.
test -z "/usr/share/doc/automake" || /usr/bin/gmkdir -p "/ws/userland/src/components/automake/automake-1.11.2/build/prototype/i386/usr/share/doc/automake"
 /usr/bin/ginstall -c -m 644 /ws/userland/src/components/automake/automake-1.11.2/automake-1.11.2/doc/amhello-1.0.tar.gz '/ws/userland/src/components/automake/automake-1.11.2/build/prototype/i386/usr/share/doc/automake'
test -z "/usr/share/automake-1.11/info" || /usr/bin/gmkdir -p "/ws/userland/src/components/automake/automake-1.11.2/build/prototype/i386/usr/share/automake-1.11/info"
 /usr/bin/ginstall -c -m 644 /ws/userland/src/components/automake/automake-1.11.2/automake-1.11.2/doc/automake.info /ws/userland/src/components/automake/automake-1.11.2/automake-1.11.2/doc/automake.info-1 /ws/userland/src/components/automake/automake-1.11.2/automake-1.11.2/doc/automake.info-2 /ws/userland/src/components/automake/automake-1.11.2/automake-1.11.2/doc/automake.info-3 '/ws/userland/src/components/automake/automake-1.11.2/build/prototype/i386/usr/share/automake-1.11/info'
 install-info --info-dir='/ws/userland/src/components/automake/automake-1.11.2/build/prototype/i386/usr/share/automake-1.11/info' '/ws/userland/src/components/automake/automake-1.11.2/build/prototype/i386/usr/share/automake-1.11/info/automake.info'
test -z "/usr/share/man/man1" || /usr/bin/gmkdir -p "/ws/userland/src/components/automake/automake-1.11.2/build/prototype/i386/usr/share/man/man1"
 /usr/bin/ginstall -c -m 644 /ws/userland/src/components/automake/automake-1.11.2/automake-1.11.2/doc/aclocal.1 /ws/userland/src/components/automake/automake-1.11.2/automake-1.11.2/doc/automake.1 /ws/userland/src/components/automake/automake-1.11.2/automake-1.11.2/doc/aclocal-1.11.1 /ws/userland/src/components/automake/automake-1.11.2/automake-1.11.2/doc/automake-1.11.1 '/ws/userland/src/components/automake/automake-1.11.2/build/prototype/i386/usr/share/man/man1'
make[3]: Leaving directory '/ws/userland/src/components/automake/automake-1.11.2/build/i386/doc'
make[2]: Leaving directory '/ws/userland/src/components/automake/automake-1.11.2/build/i386/doc'
Making install in m4
make[2]: Entering directory '/ws/userland/src/components/automake/automake-1.11.2/build/i386/m4'
make[3]: Entering directory '/ws/userland/src/components/automake/automake-1.11.2/build/i386/m4'
make[3]: Nothing to be done for 'install-exec-am'.
test -z "/usr/share/aclocal-1.11" || /usr/bin/gmkdir -p "/ws/userland/src/components/automake/automake-1.11.2/build/prototype/i386/usr/share/aclocal-1.11"
 /usr/bin/ginstall -c -m 644 /ws/userland/src/components/automake/automake-1.11.2/automake-1.11.2/m4/amversion.m4 /ws/userland/src/components/automake/automake-1.11.2/automake-1.11.2/m4/ar-lib.m4 /ws/userland/src/components/automake/automake-1.11.2/automake-1.11.2/m4/as.m4 /ws/userland/src/components/automake/automake-1.11.2/automake-1.11.2/m4/auxdir.m4 /ws/userland/src/components/automake/automake-1.11.2/automake-1.11.2/m4/ccstdc.m4 /ws/userland/src/components/automake/automake-1.11.2/automake-1.11.2/m4/cond.m4 /ws/userland/src/components/automake/automake-1.11.2/automake-1.11.2/m4/cond-if.m4 /ws/userland/src/components/automake/automake-1.11.2/automake-1.11.2/m4/depend.m4 /ws/userland/src/components/automake/automake-1.11.2/automake-1.11.2/m4/depout.m4 /ws/userland/src/components/automake/automake-1.11.2/automake-1.11.2/m4/dmalloc.m4 /ws/userland/src/components/automake/automake-1.11.2/automake-1.11.2/m4/gcj.m4 /ws/userland/src/components/automake/automake-1.11.2/automake-1.11.2/m4/header.m4 /ws/userland/src/components/automake/automake-1.11.2/automake-1.11.2/m4/init.m4 /ws/userland/src/components/automake/automake-1.11.2/automake-1.11.2/m4/install-sh.m4 /ws/userland/src/components/automake/automake-1.11.2/automake-1.11.2/m4/lead-dot.m4 /ws/userland/src/components/automake/automake-1.11.2/automake-1.11.2/m4/lex.m4 /ws/userland/src/components/automake/automake-1.11.2/automake-1.11.2/m4/lispdir.m4 /ws/userland/src/components/automake/automake-1.11.2/automake-1.11.2/m4/maintainer.m4 /ws/userland/src/components/automake/automake-1.11.2/automake-1.11.2/m4/make.m4 /ws/userland/src/components/automake/automake-1.11.2/automake-1.11.2/m4/minuso.m4 /ws/userland/src/components/automake/automake-1.11.2/automake-1.11.2/m4/missing.m4 /ws/userland/src/components/automake/automake-1.11.2/automake-1.11.2/m4/mkdirp.m4 /ws/userland/src/components/automake/automake-1.11.2/automake-1.11.2/m4/multi.m4 /ws/userland/src/components/automake/automake-1.11.2/automake-1.11.2/m4/obsol-gt.m4 /ws/userland/src/components/automake/automake-1.11.2/automake-1.11.2/m4/obsol-lt.m4 /ws/userland/src/components/automake/automake-1.11.2/automake-1.11.2/m4/obsolete.m4 /ws/userland/src/components/automake/automake-1.11.2/automake-1.11.2/m4/options.m4 /ws/userland/src/components/automake/automake-1.11.2/automake-1.11.2/m4/protos.m4 /ws/userland/src/components/automake/automake-1.11.2/automake-1.11.2/m4/python.m4 /ws/userland/src/components/automake/automake-1.11.2/automake-1.11.2/m4/regex.m4 /ws/userland/src/components/automake/automake-1.11.2/automake-1.11.2/m4/runlog.m4 /ws/userland/src/components/automake/automake-1.11.2/automake-1.11.2/m4/sanity.m4 /ws/userland/src/components/automake/automake-1.11.2/automake-1.11.2/m4/silent.m4 /ws/userland/src/components/automake/automake-1.11.2/automake-1.11.2/m4/strip.m4 /ws/userland/src/components/automake/automake-1.11.2/automake-1.11.2/m4/substnot.m4 /ws/userland/src/components/automake/automake-1.11.2/automake-1.11.2/m4/tar.m4 /ws/userland/src/components/automake/automake-1.11.2/automake-1.11.2/m4/upc.m4 /ws/userland/src/components/automake/automake-1.11.2/automake-1.11.2/m4/vala.m4 '/ws/userland/src/components/automake/automake-1.11.2/build/prototype/i386/usr/share/aclocal-1.11'
test -z "/usr/share/aclocal" || /usr/bin/gmkdir -p "/ws/userland/src/components/automake/automake-1.11.2/build/prototype/i386/usr/share/aclocal"
make[3]: Leaving directory '/ws/userland/src/components/automake/automake-1.11.2/build/i386/m4'
make[2]: Leaving directory '/ws/userland/src/components/automake/automake-1.11.2/build/i386/m4'
Making install in tests
make[2]: Entering directory '/ws/userland/src/components/automake/automake-1.11.2/build/i386/tests'
make[3]: Entering directory '/ws/userland/src/components/automake/automake-1.11.2/build/i386/tests'
make[3]: Nothing to be done for 'install-exec-am'.
make[3]: Nothing to be done for 'install-data-am'.
make[3]: Leaving directory '/ws/userland/src/components/automake/automake-1.11.2/build/i386/tests'
make[2]: Leaving directory '/ws/userland/src/components/automake/automake-1.11.2/build/i386/tests'
make[1]: Leaving directory '/ws/userland/src/components/automake/automake-1.11.2/build/i386'
/usr/bin/touch /ws/userland/src/components/automake/automake-1.11.2/build/i386/.installed
abort: there is no Mercurial repository here (.hg not found)
/usr/bin/pkgfmt -c -fv2 automake-111.p5m
/usr/bin/pkgmogrify -D PERL_ARCH=i86pc-solaris-thread-multi-64 -D PERL_VERSION=5.22 -D IPS_COMPONENT_RE_VERSION=1\\.11\\.2 -D COMPONENT_RE_VERSION=1\\.11\\.2 -D PYTHON_2.7_ONLY=# -D PYTHON_3.4_ONLY=# -D PYTHON_3.5_ONLY=# -D SQ=\' -D DQ=\" -D Q=\" -I/ws/userland/src/components/automake/automake-1.11.2 -D SOLARIS_11_3_ONLY="#" -D SOLARIS_11_5_ONLY="#" -D SOLARIS_11_3_4_ONLY="" -D SOLARIS_11_4_5_ONLY="" -D SOLARIS_11_4_ONLY="" -D ARC_CASE="" -D TPNO="7253" -D BUILD_VERSION="5.11-11.4.0.0.1.14.0" -D OS_RELEASE="5.11" -D SOLARIS_VERSION="2.11" -D PKG_SOLARIS_VERSION="11.4" -D CONSOLIDATION="userland" -D CONSOLIDATION_CHANGESET="" -D CONSOLIDATION_REPOSITORY_URL="https://github.com/oracle/solaris-userland.git" -D COMPONENT_VERSION="1.11.2" -D IPS_COMPONENT_VERSION="1.11.2" -D HUMAN_VERSION="" -D COMPONENT_ARCHIVE_URL="https://ftp.gnu.org/gnu/automake/automake-1.11.2.tar.gz" -D COMPONENT_PROJECT_URL="https://www.gnu.org/software/automake" -D COMPONENT_NAME="automake" -D HG_REPO="" -D HG_REV="" -D HG_URL="" -D GIT_COMMIT_ID="" -D GIT_REPO="" -D GIT_TAG="" -D MACH="i386" -D MACH32="i86" -D MACH64="amd64" -D PUBLISHER="nightly" -D PUBLISHER_LOCALIZABLE="userland-localizable" automake-111.p5m \
	/ws/userland/src/transforms/license-changes /ws/userland/src/transforms/variant-cleanup /ws/userland/src/transforms/autopyc /ws/userland/src/transforms/defaults /ws/userland/src/transforms/actuators /ws/userland/src/transforms/depends /ws/userland/src/transforms/devel /ws/userland/src/transforms/docs /ws/userland/src/transforms/locale /ws/userland/src/transforms/standard-python-libraries /ws/userland/src/transforms/python-rename /ws/userland/src/transforms/python-3-groups /ws/userland/src/transforms/python-3-soabi /ws/userland/src/transforms/python-3-no-32bit /ws/userland/src/transforms/ruby-tests /ws/userland/src/transforms/puppet /ws/userland/src/transforms/libtool-drop /ws/userland/src/transforms/incorporate /ws/userland/src/transforms/publish-cleanup | \
	sed -e '/^$/d' -e '/^#.*$/d' | uniq >/ws/userland/src/components/automake/automake-1.11.2/build/manifest-i386-automake-111.mogrified
/bin/mkdir -p /ws/userland/src/components/automake/automake-1.11.2/build/prototype/i386/mangled
/ws/userland/src/tools/userland-mangler -D /ws/userland/src/components/automake/automake-1.11.2/build/prototype/i386/mangled -d /ws/userland/src/components/automake/automake-1.11.2/build/prototype/i386/mangled -d /ws/userland/src/components/automake/automake-1.11.2/build/prototype/i386 -d /ws/userland/src/components/automake/automake-1.11.2/build -d /ws/userland/src/components/automake/automake-1.11.2 -d automake-1.11.2 -d /ws/userland/src/licenses -m /ws/userland/src/components/automake/automake-1.11.2/build/manifest-i386-automake-111.mogrified >/ws/userland/src/components/automake/automake-1.11.2/build/manifest-i386-automake-111.mangled
/usr/bin/env  /usr/bin/pkgdepend generate \
    -m -d /ws/userland/src/components/automake/automake-1.11.2/build/prototype/i386/mangled -d /ws/userland/src/components/automake/automake-1.11.2/build/prototype/i386 -d /ws/userland/src/components/automake/automake-1.11.2/build -d /ws/userland/src/components/automake/automake-1.11.2 -d automake-1.11.2 -d /ws/userland/src/licenses /ws/userland/src/components/automake/automake-1.11.2/build/manifest-i386-automake-111.mangled >/ws/userland/src/components/automake/automake-1.11.2/build/manifest-i386-automake-111.depend
/usr/bin/pkgdepend resolve -e /ws/userland/src/components/automake/automake-1.11.2/build/resolve.deps -m /ws/userland/src/components/automake/automake-1.11.2/build/manifest-i386-automake-111.depend
/usr/bin/touch /ws/userland/src/components/automake/automake-1.11.2/build/.resolved-i386
VALIDATING MANIFEST CONTENT: /ws/userland/src/components/automake/automake-1.11.2/build/manifest-i386-automake-111.depend.res
/usr/bin/env PYTHONPATH=/ws/userland/src/tools/python PROTO_PATH="/ws/userland/src/components/automake/automake-1.11.2/build/prototype/i386/mangled /ws/userland/src/components/automake/automake-1.11.2/build/prototype/i386 /ws/userland/src/components/automake/automake-1.11.2/build /ws/userland/src/components/automake/automake-1.11.2 automake-1.11.2 /ws/userland/src/licenses"\
	SOLARIS_VERSION=2.11\
	/bin/true -c /ws/userland/src/i386/pkglint-cache \
		-f /ws/userland/src/tools/pkglintrc /ws/userland/src/components/automake/automake-1.11.2/build/manifest-i386-automake-111.depend.res
/usr/bin/touch /ws/userland/src/components/automake/automake-1.11.2/build/.linted-i386
/usr/bin/pkgsend -s file:/ws/userland/src/i386/repo publish --fmri-in-manifest --no-catalog -d /ws/userland/src/components/automake/automake-1.11.2/build/prototype/i386/mangled -d /ws/userland/src/components/automake/automake-1.11.2/build/prototype/i386 -d /ws/userland/src/components/automake/automake-1.11.2/build -d /ws/userland/src/components/automake/automake-1.11.2 -d automake-1.11.2 -d /ws/userland/src/licenses -T \*.py /ws/userland/src/components/automake/automake-1.11.2/build/manifest-i386-automake-111.depend.res
pkg://nightly/developer/build/automake-111@1.11.2,5.11-11.4.0.0.1.14.0:20190727T165022Z
PUBLISHED
/usr/bin/pkgfmt </ws/userland/src/components/automake/automake-1.11.2/build/manifest-i386-automake-111.depend.res >/ws/userland/src/components/automake/automake-1.11.2/build/manifest-i386-automake-111.published
/usr/bin/touch /ws/userland/src/components/automake/automake-1.11.2/build/.published-i386
gmake: Leaving directory '/ws/userland/src/components/automake/automake-1.11.2'

real        9.3
user        3.3
sys         1.7
