gmake: Entering directory '/ws/userland/src/components/automake/automake-1.15'
/bin/rm -f -r /ws/userland/src/components/automake/automake-1.15/automake-1.15
/usr/bin/env RUBY_VERSION=2.1 /ws/userland/src/tools/userland-unpack  automake-1.15.tar.gz
/usr/bin/touch /ws/userland/src/components/automake/automake-1.15/automake-1.15/.unpacked
/usr/bin/patch -d /ws/userland/src/components/automake/automake-1.15/automake-1.15 --strip=1 --backup --version-control=numbered < patches/automake.patch
patching file bin/automake.in
/usr/bin/touch /ws/userland/src/components/automake/automake-1.15/automake-1.15/.patched-automake.patch
/usr/bin/touch /ws/userland/src/components/automake/automake-1.15/automake-1.15/.patched
/usr/bin/touch /ws/userland/src/components/automake/automake-1.15/automake-1.15/.prep
(/bin/rm -f -rf /ws/userland/src/components/automake/automake-1.15/build/i386 ; /bin/mkdir -p /ws/userland/src/components/automake/automake-1.15/build/i386)
(cd /ws/userland/src/components/automake/automake-1.15/build/i386 ; /usr/bin/env CONFIG_SHELL="/bin/bash" PKG_CONFIG_PATH="/usr/lib/pkgconfig" CC="/opt/solarisstudio12.4/bin/cc" CXX="/opt/solarisstudio12.4/bin/CC"  CC_FOR_BUILD="/opt/solarisstudio12.4/bin/cc -m32" CXX_FOR_BUILD="/opt/solarisstudio12.4/bin/CC -m32" CPPFLAGS="-m32" "ac_cv_func_realloc_0_nonnull=yes" "NM=/usr/gnu/bin/nm" INTLTOOL_PERL="/usr/perl5/5.22/bin/perl" CFLAGS="-m32 -xO4 -xchip=pentium -xregs=no%frameptr -mt" CXXFLAGS="-norunpath -m32 -xO4 -xchip=pentium -xregs=no%frameptr" LDFLAGS="" /bin/bash \
	/ws/userland/src/components/automake/automake-1.15/automake-1.15/configure --prefix=/usr --mandir=/usr/share/man --bindir=/usr/bin --sbindir=/usr/sbin --libdir=/usr/lib    --infodir=/usr/share/automake-1.15/info PERL="/usr/perl5/5.22/bin/perl")
checking whether make supports nested variables... yes
checking build system type... i386-pc-solaris2.11
checking host system type... i386-pc-solaris2.11
checking for a BSD-compatible install... /usr/bin/ginstall -c
checking whether build environment is sane... yes
checking for a thread-safe mkdir -p... /usr/bin/gmkdir -p
checking for gawk... gawk
checking whether make sets $(MAKE)... yes
checking whether ln -s works... yes
checking for perl... /usr/perl5/5.22/bin/perl
checking for tex... no
checking for yacc... yacc
checking for lex... lex
checking whether autoconf is installed... yes
checking whether autoconf works... yes
checking whether autoconf is recent enough... yes
checking whether ln works... yes
checking for grep that handles long lines and -e... /usr/bin/ggrep
checking for egrep... /usr/bin/ggrep -E
checking for fgrep... /usr/bin/ggrep -F
configure: will now look for a sturdy POSIX shell, for our testsuite
checking for sh... /usr/bin/sh
checking for sh5... no
checking for dash... no
checking for ash... no
checking for bash... /usr/bin/bash
checking for zsh... /usr/bin/zsh
checking for ksh... /usr/bin/ksh
checking for pdksh... no
checking whether /bin/bash supports $(cmd)... yes
checking whether /bin/bash supports $((expr))... yes
checking whether /bin/bash supports ${#var}... yes
checking whether /bin/bash supports ${var#glob} and ${var%glob}... yes
checking whether /bin/bash preserves exit traps with "set -e"... yes
checking whether /bin/bash can define exit traps in a shell function... yes
checking whether /bin/bash corrupts stderr with "set -x"... no
checking whether /bin/bash can return early from "dot-sourced" files... yes
checking whether /bin/bash supports alias named like shell builtins... yes
checking whether /bin/bash supports "test -e"... yes
configure: shell /bin/bash is good enough, stop looking
configure: will use /bin/bash as the testsuite shell
configure: will now look for generic compilers
checking whether the C compiler works... yes
checking for C compiler default output file name... a.out
checking for suffix of executables... 
checking whether we are cross compiling... no
checking for suffix of object files... o
checking whether we are using the GNU C compiler... no
checking whether /opt/solarisstudio12.4/bin/cc accepts -g... yes
checking for /opt/solarisstudio12.4/bin/cc option to accept ISO C89... none needed
checking whether /opt/solarisstudio12.4/bin/cc understands -c and -o together... yes
checking whether the C++ compiler works... yes
checking for C++ compiler default output file name... a.out
checking for suffix of executables... 
checking whether we are cross compiling... no
checking for suffix of object files... o
checking whether we are using the GNU C++ compiler... no
checking whether /opt/solarisstudio12.4/bin/CC accepts -g... yes
checking for xlf95... no
checking for f95... no
checking for fort... no
checking for ifort... no
checking for ifc... no
checking for efc... no
checking for pgfortran... no
checking for pgf95... no
checking for lf95... no
checking for ftn... no
checking for nagfor... no
checking for xlf90... no
checking for f90... no
checking for pgf90... no
checking for pghpf... no
checking for epcf90... no
checking for g95... no
checking for gfortran... gfortran
checking whether the Fortran compiler works... yes
checking for Fortran compiler default output file name... a.out
checking for suffix of executables... 
checking whether we are cross compiling... no
checking for suffix of object files... o
checking whether we are using the GNU Fortran compiler... yes
checking whether gfortran accepts -g... yes
checking for xlf... no
checking for f77... no
checking for frt... no
checking for pgf77... no
checking for cf77... no
checking for fort77... no
checking for fl32... no
checking for af77... no
checking for g77... no
checking for gfortran... gfortran
checking whether the Fortran 77 compiler works... yes
checking for Fortran 77 compiler default output file name... a.out
checking for suffix of executables... 
checking whether we are cross compiling... no
checking for suffix of object files... o
checking whether we are using the GNU Fortran 77 compiler... yes
checking whether gfortran accepts -g... yes
configure: will now look for GNU compilers
checking for gcc... gcc
checking for g++... g++
configure: gfortran is already a GNU Fortran compiler
configure: gfortran is already a GNU Fortran 77 compiler
checking for gcj... no
checking that generated files are newer than configure... done
configure: creating ./config.status
config.status: creating Makefile
config.status: creating t/wrap/aclocal-1.15
config.status: creating t/wrap/automake-1.15
config.status: linking /ws/userland/src/components/automake/automake-1.15/automake-1.15/GNUmakefile to GNUmakefile
/usr/bin/touch /ws/userland/src/components/automake/automake-1.15/build/i386/.configured
(cd /ws/userland/src/components/automake/automake-1.15/build/i386 ; /usr/bin/env LD_OPTIONS="-M /usr/lib/ld/map.noexdata -M /usr/lib/ld/map.pagealign -Bdirect -zignore -zstrip-class=comment" LD_EXEC_OPTIONS=" -zsx=aslr=disable -zsx=nxstack=disable -zsx=nxheap=disable " LD_PIE_OPTIONS="-zsx=aslr=disable -zsx=nxstack=disable -zsx=nxheap=disable "  PKG_CONFIG_PATH="/usr/lib/pkgconfig" "ac_cv_func_realloc_0_nonnull=yes" INTLTOOL_PERL="/usr/perl5/5.22/bin/perl" \
	/usr/gnu/bin/make  )
make[1]: Entering directory '/ws/userland/src/components/automake/automake-1.15/build/i386'
  GEN      bin/automake
  GEN      bin/aclocal
  GEN      t/ax/shell-no-trail-bslash
  GEN      t/ax/cc-no-c-o
  GEN      runtest
  GEN      doc/aclocal.1
  GEN      doc/automake.1
  GEN      lib/Automake/Config.pm
  GEN      doc/aclocal-1.15.1
  GEN      doc/automake-1.15.1
  GEN      t/ax/test-defs.sh
make[1]: Leaving directory '/ws/userland/src/components/automake/automake-1.15/build/i386'
/usr/bin/touch /ws/userland/src/components/automake/automake-1.15/build/i386/.built
(cd /ws/userland/src/components/automake/automake-1.15/build/i386 ; /usr/bin/env LD_OPTIONS="-M /usr/lib/ld/map.noexdata -M /usr/lib/ld/map.pagealign -Bdirect -zignore -zstrip-class=comment" LD_EXEC_OPTIONS=" -zsx=aslr=disable -zsx=nxstack=disable -zsx=nxheap=disable " LD_PIE_OPTIONS="-zsx=aslr=disable -zsx=nxstack=disable -zsx=nxheap=disable "  /usr/gnu/bin/make \
		 DESTDIR=/ws/userland/src/components/automake/automake-1.15/build/prototype/i386 install)
make[1]: Entering directory '/ws/userland/src/components/automake/automake-1.15/build/i386'
make[2]: Entering directory '/ws/userland/src/components/automake/automake-1.15/build/i386'
 /usr/bin/gmkdir -p '/ws/userland/src/components/automake/automake-1.15/build/prototype/i386/usr/bin'
 /usr/bin/ginstall -c bin/automake bin/aclocal '/ws/userland/src/components/automake/automake-1.15/build/prototype/i386/usr/bin'
/usr/gnu/bin/make  install-exec-hook
make[3]: Entering directory '/ws/userland/src/components/automake/automake-1.15/build/i386'
 ln '/ws/userland/src/components/automake/automake-1.15/build/prototype/i386/usr/bin/automake' '/ws/userland/src/components/automake/automake-1.15/build/prototype/i386/usr/bin/automake-1.15'
 ln '/ws/userland/src/components/automake/automake-1.15/build/prototype/i386/usr/bin/aclocal' '/ws/userland/src/components/automake/automake-1.15/build/prototype/i386/usr/bin/aclocal-1.15'
make[3]: Leaving directory '/ws/userland/src/components/automake/automake-1.15/build/i386'
 /usr/bin/gmkdir -p '/ws/userland/src/components/automake/automake-1.15/build/prototype/i386/usr/share/automake-1.15/am'
 /usr/bin/ginstall -c -m 644 /ws/userland/src/components/automake/automake-1.15/automake-1.15/lib/am/check.am /ws/userland/src/components/automake/automake-1.15/automake-1.15/lib/am/check2.am /ws/userland/src/components/automake/automake-1.15/automake-1.15/lib/am/clean-hdr.am /ws/userland/src/components/automake/automake-1.15/automake-1.15/lib/am/clean.am /ws/userland/src/components/automake/automake-1.15/automake-1.15/lib/am/compile.am /ws/userland/src/components/automake/automake-1.15/automake-1.15/lib/am/configure.am /ws/userland/src/components/automake/automake-1.15/automake-1.15/lib/am/data.am /ws/userland/src/components/automake/automake-1.15/automake-1.15/lib/am/dejagnu.am /ws/userland/src/components/automake/automake-1.15/automake-1.15/lib/am/depend.am /ws/userland/src/components/automake/automake-1.15/automake-1.15/lib/am/depend2.am /ws/userland/src/components/automake/automake-1.15/automake-1.15/lib/am/distdir.am /ws/userland/src/components/automake/automake-1.15/automake-1.15/lib/am/footer.am /ws/userland/src/components/automake/automake-1.15/automake-1.15/lib/am/header-vars.am /ws/userland/src/components/automake/automake-1.15/automake-1.15/lib/am/header.am /ws/userland/src/components/automake/automake-1.15/automake-1.15/lib/am/install.am /ws/userland/src/components/automake/automake-1.15/automake-1.15/lib/am/inst-vars.am /ws/userland/src/components/automake/automake-1.15/automake-1.15/lib/am/java.am /ws/userland/src/components/automake/automake-1.15/automake-1.15/lib/am/lang-compile.am /ws/userland/src/components/automake/automake-1.15/automake-1.15/lib/am/lex.am /ws/userland/src/components/automake/automake-1.15/automake-1.15/lib/am/library.am /ws/userland/src/components/automake/automake-1.15/automake-1.15/lib/am/libs.am /ws/userland/src/components/automake/automake-1.15/automake-1.15/lib/am/libtool.am /ws/userland/src/components/automake/automake-1.15/automake-1.15/lib/am/lisp.am /ws/userland/src/components/automake/automake-1.15/automake-1.15/lib/am/ltlib.am /ws/userland/src/components/automake/automake-1.15/automake-1.15/lib/am/ltlibrary.am /ws/userland/src/components/automake/automake-1.15/automake-1.15/lib/am/mans-vars.am /ws/userland/src/components/automake/automake-1.15/automake-1.15/lib/am/mans.am /ws/userland/src/components/automake/automake-1.15/automake-1.15/lib/am/program.am /ws/userland/src/components/automake/automake-1.15/automake-1.15/lib/am/progs.am /ws/userland/src/components/automake/automake-1.15/automake-1.15/lib/am/python.am /ws/userland/src/components/automake/automake-1.15/automake-1.15/lib/am/remake-hdr.am /ws/userland/src/components/automake/automake-1.15/automake-1.15/lib/am/scripts.am /ws/userland/src/components/automake/automake-1.15/automake-1.15/lib/am/subdirs.am /ws/userland/src/components/automake/automake-1.15/automake-1.15/lib/am/tags.am /ws/userland/src/components/automake/automake-1.15/automake-1.15/lib/am/texi-vers.am /ws/userland/src/components/automake/automake-1.15/automake-1.15/lib/am/texibuild.am /ws/userland/src/components/automake/automake-1.15/automake-1.15/lib/am/texinfos.am /ws/userland/src/components/automake/automake-1.15/automake-1.15/lib/am/vala.am /ws/userland/src/components/automake/automake-1.15/automake-1.15/lib/am/yacc.am '/ws/userland/src/components/automake/automake-1.15/build/prototype/i386/usr/share/automake-1.15/am'
 /usr/bin/gmkdir -p '/ws/userland/src/components/automake/automake-1.15/build/prototype/i386/usr/share/aclocal-1.15'
 /usr/bin/ginstall -c -m 644 /ws/userland/src/components/automake/automake-1.15/automake-1.15/m4/amversion.m4 /ws/userland/src/components/automake/automake-1.15/automake-1.15/m4/ar-lib.m4 /ws/userland/src/components/automake/automake-1.15/automake-1.15/m4/as.m4 /ws/userland/src/components/automake/automake-1.15/automake-1.15/m4/auxdir.m4 /ws/userland/src/components/automake/automake-1.15/automake-1.15/m4/cond.m4 /ws/userland/src/components/automake/automake-1.15/automake-1.15/m4/cond-if.m4 /ws/userland/src/components/automake/automake-1.15/automake-1.15/m4/depend.m4 /ws/userland/src/components/automake/automake-1.15/automake-1.15/m4/depout.m4 /ws/userland/src/components/automake/automake-1.15/automake-1.15/m4/dmalloc.m4 /ws/userland/src/components/automake/automake-1.15/automake-1.15/m4/extra-recurs.m4 /ws/userland/src/components/automake/automake-1.15/automake-1.15/m4/gcj.m4 /ws/userland/src/components/automake/automake-1.15/automake-1.15/m4/init.m4 /ws/userland/src/components/automake/automake-1.15/automake-1.15/m4/install-sh.m4 /ws/userland/src/components/automake/automake-1.15/automake-1.15/m4/lead-dot.m4 /ws/userland/src/components/automake/automake-1.15/automake-1.15/m4/lex.m4 /ws/userland/src/components/automake/automake-1.15/automake-1.15/m4/lispdir.m4 /ws/userland/src/components/automake/automake-1.15/automake-1.15/m4/maintainer.m4 /ws/userland/src/components/automake/automake-1.15/automake-1.15/m4/make.m4 /ws/userland/src/components/automake/automake-1.15/automake-1.15/m4/missing.m4 /ws/userland/src/components/automake/automake-1.15/automake-1.15/m4/mkdirp.m4 /ws/userland/src/components/automake/automake-1.15/automake-1.15/m4/obsolete.m4 /ws/userland/src/components/automake/automake-1.15/automake-1.15/m4/options.m4 /ws/userland/src/components/automake/automake-1.15/automake-1.15/m4/python.m4 /ws/userland/src/components/automake/automake-1.15/automake-1.15/m4/prog-cc-c-o.m4 /ws/userland/src/components/automake/automake-1.15/automake-1.15/m4/runlog.m4 /ws/userland/src/components/automake/automake-1.15/automake-1.15/m4/sanity.m4 /ws/userland/src/components/automake/automake-1.15/automake-1.15/m4/silent.m4 /ws/userland/src/components/automake/automake-1.15/automake-1.15/m4/strip.m4 /ws/userland/src/components/automake/automake-1.15/automake-1.15/m4/substnot.m4 /ws/userland/src/components/automake/automake-1.15/automake-1.15/m4/tar.m4 /ws/userland/src/components/automake/automake-1.15/automake-1.15/m4/upc.m4 /ws/userland/src/components/automake/automake-1.15/automake-1.15/m4/vala.m4 '/ws/userland/src/components/automake/automake-1.15/build/prototype/i386/usr/share/aclocal-1.15'
 /usr/bin/gmkdir -p '/ws/userland/src/components/automake/automake-1.15/build/prototype/i386/usr/share/aclocal-1.15/internal'
 /usr/bin/ginstall -c -m 644 /ws/userland/src/components/automake/automake-1.15/automake-1.15/m4/internal/ac-config-macro-dirs.m4 '/ws/userland/src/components/automake/automake-1.15/build/prototype/i386/usr/share/aclocal-1.15/internal'
 /usr/bin/gmkdir -p '/ws/userland/src/components/automake/automake-1.15/build/prototype/i386/usr/share/doc/automake'
 /usr/bin/ginstall -c -m 644 /ws/userland/src/components/automake/automake-1.15/automake-1.15/doc/amhello-1.0.tar.gz '/ws/userland/src/components/automake/automake-1.15/build/prototype/i386/usr/share/doc/automake'
 /usr/bin/gmkdir -p '/ws/userland/src/components/automake/automake-1.15/build/prototype/i386/usr/share/automake-1.15/Automake'
 /usr/bin/ginstall -c -m 644 /ws/userland/src/components/automake/automake-1.15/automake-1.15/lib/Automake/ChannelDefs.pm /ws/userland/src/components/automake/automake-1.15/automake-1.15/lib/Automake/Channels.pm /ws/userland/src/components/automake/automake-1.15/automake-1.15/lib/Automake/Condition.pm /ws/userland/src/components/automake/automake-1.15/automake-1.15/lib/Automake/Configure_ac.pm /ws/userland/src/components/automake/automake-1.15/automake-1.15/lib/Automake/DisjConditions.pm /ws/userland/src/components/automake/automake-1.15/automake-1.15/lib/Automake/FileUtils.pm /ws/userland/src/components/automake/automake-1.15/automake-1.15/lib/Automake/General.pm /ws/userland/src/components/automake/automake-1.15/automake-1.15/lib/Automake/Getopt.pm /ws/userland/src/components/automake/automake-1.15/automake-1.15/lib/Automake/Item.pm /ws/userland/src/components/automake/automake-1.15/automake-1.15/lib/Automake/ItemDef.pm /ws/userland/src/components/automake/automake-1.15/automake-1.15/lib/Automake/Language.pm /ws/userland/src/components/automake/automake-1.15/automake-1.15/lib/Automake/Location.pm /ws/userland/src/components/automake/automake-1.15/automake-1.15/lib/Automake/Options.pm /ws/userland/src/components/automake/automake-1.15/automake-1.15/lib/Automake/Rule.pm /ws/userland/src/components/automake/automake-1.15/automake-1.15/lib/Automake/RuleDef.pm /ws/userland/src/components/automake/automake-1.15/automake-1.15/lib/Automake/Variable.pm /ws/userland/src/components/automake/automake-1.15/automake-1.15/lib/Automake/VarDef.pm /ws/userland/src/components/automake/automake-1.15/automake-1.15/lib/Automake/Version.pm /ws/userland/src/components/automake/automake-1.15/automake-1.15/lib/Automake/XFile.pm /ws/userland/src/components/automake/automake-1.15/automake-1.15/lib/Automake/Wrap.pm '/ws/userland/src/components/automake/automake-1.15/build/prototype/i386/usr/share/automake-1.15/Automake'
 /usr/bin/gmkdir -p '/ws/userland/src/components/automake/automake-1.15/build/prototype/i386/usr/share/automake-1.15'
 /usr/bin/ginstall -c -m 644 /ws/userland/src/components/automake/automake-1.15/automake-1.15/lib/COPYING /ws/userland/src/components/automake/automake-1.15/automake-1.15/lib/INSTALL /ws/userland/src/components/automake/automake-1.15/automake-1.15/lib/texinfo.tex '/ws/userland/src/components/automake/automake-1.15/build/prototype/i386/usr/share/automake-1.15'
 /usr/bin/gmkdir -p '/ws/userland/src/components/automake/automake-1.15/build/prototype/i386/usr/share/automake-1.15'
 /usr/bin/ginstall -c -m 644 /ws/userland/src/components/automake/automake-1.15/automake-1.15/lib/config.guess /ws/userland/src/components/automake/automake-1.15/automake-1.15/lib/config.sub /ws/userland/src/components/automake/automake-1.15/automake-1.15/lib/install-sh /ws/userland/src/components/automake/automake-1.15/automake-1.15/lib/mdate-sh /ws/userland/src/components/automake/automake-1.15/automake-1.15/lib/missing /ws/userland/src/components/automake/automake-1.15/automake-1.15/lib/mkinstalldirs /ws/userland/src/components/automake/automake-1.15/automake-1.15/lib/ylwrap /ws/userland/src/components/automake/automake-1.15/automake-1.15/lib/depcomp /ws/userland/src/components/automake/automake-1.15/automake-1.15/lib/compile /ws/userland/src/components/automake/automake-1.15/automake-1.15/lib/py-compile /ws/userland/src/components/automake/automake-1.15/automake-1.15/lib/ar-lib /ws/userland/src/components/automake/automake-1.15/automake-1.15/lib/test-driver /ws/userland/src/components/automake/automake-1.15/automake-1.15/lib/tap-driver.sh '/ws/userland/src/components/automake/automake-1.15/build/prototype/i386/usr/share/automake-1.15'
 /usr/bin/gmkdir -p '/ws/userland/src/components/automake/automake-1.15/build/prototype/i386/usr/share/aclocal'
 /usr/bin/ginstall -c -m 644 /ws/userland/src/components/automake/automake-1.15/automake-1.15/m4/acdir/README '/ws/userland/src/components/automake/automake-1.15/build/prototype/i386/usr/share/aclocal'
 /usr/bin/gmkdir -p '/ws/userland/src/components/automake/automake-1.15/build/prototype/i386/usr/share/automake-1.15/info'
 /usr/bin/ginstall -c -m 644 /ws/userland/src/components/automake/automake-1.15/automake-1.15/doc/automake.info /ws/userland/src/components/automake/automake-1.15/automake-1.15/doc/automake.info-1 /ws/userland/src/components/automake/automake-1.15/automake-1.15/doc/automake.info-2 /ws/userland/src/components/automake/automake-1.15/automake-1.15/doc/automake-history.info '/ws/userland/src/components/automake/automake-1.15/build/prototype/i386/usr/share/automake-1.15/info'
 install-info --info-dir='/ws/userland/src/components/automake/automake-1.15/build/prototype/i386/usr/share/automake-1.15/info' '/ws/userland/src/components/automake/automake-1.15/build/prototype/i386/usr/share/automake-1.15/info/automake.info'
 install-info --info-dir='/ws/userland/src/components/automake/automake-1.15/build/prototype/i386/usr/share/automake-1.15/info' '/ws/userland/src/components/automake/automake-1.15/build/prototype/i386/usr/share/automake-1.15/info/automake-history.info'
install-info: warning: no info dir entry in `/ws/userland/src/components/automake/automake-1.15/build/prototype/i386/usr/share/automake-1.15/info/automake-history.info'
 /usr/bin/gmkdir -p '/ws/userland/src/components/automake/automake-1.15/build/prototype/i386/usr/share/man/man1'
 /usr/bin/ginstall -c -m 644 doc/aclocal.1 doc/automake.1 doc/aclocal-1.15.1 doc/automake-1.15.1 '/ws/userland/src/components/automake/automake-1.15/build/prototype/i386/usr/share/man/man1'
 /usr/bin/gmkdir -p '/ws/userland/src/components/automake/automake-1.15/build/prototype/i386/usr/share/automake-1.15/Automake'
 /usr/bin/ginstall -c -m 644 lib/Automake/Config.pm '/ws/userland/src/components/automake/automake-1.15/build/prototype/i386/usr/share/automake-1.15/Automake'
/usr/gnu/bin/make  install-data-hook
make[3]: Entering directory '/ws/userland/src/components/automake/automake-1.15/build/i386'
 chmod +x '/ws/userland/src/components/automake/automake-1.15/build/prototype/i386/usr/share/automake-1.15/config.guess'
 chmod +x '/ws/userland/src/components/automake/automake-1.15/build/prototype/i386/usr/share/automake-1.15/config.sub'
 chmod +x '/ws/userland/src/components/automake/automake-1.15/build/prototype/i386/usr/share/automake-1.15/install-sh'
 chmod +x '/ws/userland/src/components/automake/automake-1.15/build/prototype/i386/usr/share/automake-1.15/mdate-sh'
 chmod +x '/ws/userland/src/components/automake/automake-1.15/build/prototype/i386/usr/share/automake-1.15/missing'
 chmod +x '/ws/userland/src/components/automake/automake-1.15/build/prototype/i386/usr/share/automake-1.15/mkinstalldirs'
 chmod +x '/ws/userland/src/components/automake/automake-1.15/build/prototype/i386/usr/share/automake-1.15/ylwrap'
 chmod +x '/ws/userland/src/components/automake/automake-1.15/build/prototype/i386/usr/share/automake-1.15/depcomp'
 chmod +x '/ws/userland/src/components/automake/automake-1.15/build/prototype/i386/usr/share/automake-1.15/compile'
 chmod +x '/ws/userland/src/components/automake/automake-1.15/build/prototype/i386/usr/share/automake-1.15/py-compile'
 chmod +x '/ws/userland/src/components/automake/automake-1.15/build/prototype/i386/usr/share/automake-1.15/ar-lib'
 chmod +x '/ws/userland/src/components/automake/automake-1.15/build/prototype/i386/usr/share/automake-1.15/test-driver'
 chmod +x '/ws/userland/src/components/automake/automake-1.15/build/prototype/i386/usr/share/automake-1.15/tap-driver.sh'
make[3]: Leaving directory '/ws/userland/src/components/automake/automake-1.15/build/i386'
make[2]: Leaving directory '/ws/userland/src/components/automake/automake-1.15/build/i386'
make[1]: Leaving directory '/ws/userland/src/components/automake/automake-1.15/build/i386'
/usr/bin/touch /ws/userland/src/components/automake/automake-1.15/build/i386/.installed
abort: there is no Mercurial repository here (.hg not found)
/usr/bin/pkgfmt -c -fv2 automake-115.p5m
/usr/bin/pkgmogrify -D PERL_ARCH=i86pc-solaris-thread-multi-64 -D PERL_VERSION=5.22 -D IPS_COMPONENT_RE_VERSION=1\\.15 -D COMPONENT_RE_VERSION=1\\.15 -D PYTHON_2.7_ONLY=# -D PYTHON_3.4_ONLY=# -D PYTHON_3.5_ONLY=# -D SQ=\' -D DQ=\" -D Q=\" -I/ws/userland/src/components/automake/automake-1.15 -D SOLARIS_11_3_ONLY="#" -D SOLARIS_11_5_ONLY="#" -D SOLARIS_11_3_4_ONLY="" -D SOLARIS_11_4_5_ONLY="" -D SOLARIS_11_4_ONLY="" -D ARC_CASE="" -D TPNO="21310" -D BUILD_VERSION="5.11-11.4.0.0.1.14.0" -D OS_RELEASE="5.11" -D SOLARIS_VERSION="2.11" -D PKG_SOLARIS_VERSION="11.4" -D CONSOLIDATION="userland" -D CONSOLIDATION_CHANGESET="" -D CONSOLIDATION_REPOSITORY_URL="https://github.com/oracle/solaris-userland.git" -D COMPONENT_VERSION="1.15" -D IPS_COMPONENT_VERSION="1.15" -D HUMAN_VERSION="" -D COMPONENT_ARCHIVE_URL="https://ftp.gnu.org/gnu/automake/automake-1.15.tar.gz" -D COMPONENT_PROJECT_URL="https://www.gnu.org/software/automake" -D COMPONENT_NAME="automake" -D HG_REPO="" -D HG_REV="" -D HG_URL="" -D GIT_COMMIT_ID="" -D GIT_REPO="" -D GIT_TAG="" -D MACH="i386" -D MACH32="i86" -D MACH64="amd64" -D PUBLISHER="nightly" -D PUBLISHER_LOCALIZABLE="userland-localizable" automake-115.p5m \
	/ws/userland/src/transforms/license-changes /ws/userland/src/transforms/variant-cleanup /ws/userland/src/transforms/autopyc /ws/userland/src/transforms/defaults /ws/userland/src/transforms/actuators /ws/userland/src/transforms/depends /ws/userland/src/transforms/devel /ws/userland/src/transforms/docs /ws/userland/src/transforms/locale /ws/userland/src/transforms/standard-python-libraries /ws/userland/src/transforms/python-rename /ws/userland/src/transforms/python-3-groups /ws/userland/src/transforms/python-3-soabi /ws/userland/src/transforms/python-3-no-32bit /ws/userland/src/transforms/ruby-tests /ws/userland/src/transforms/puppet /ws/userland/src/transforms/libtool-drop /ws/userland/src/transforms/incorporate /ws/userland/src/transforms/publish-cleanup | \
	sed -e '/^$/d' -e '/^#.*$/d' | uniq >/ws/userland/src/components/automake/automake-1.15/build/manifest-i386-automake-115.mogrified
/bin/mkdir -p /ws/userland/src/components/automake/automake-1.15/build/prototype/i386/mangled
/ws/userland/src/tools/userland-mangler -D /ws/userland/src/components/automake/automake-1.15/build/prototype/i386/mangled -d /ws/userland/src/components/automake/automake-1.15/build/prototype/i386/mangled -d /ws/userland/src/components/automake/automake-1.15/build/prototype/i386 -d /ws/userland/src/components/automake/automake-1.15/build -d /ws/userland/src/components/automake/automake-1.15 -d automake-1.15 -d /ws/userland/src/licenses -m /ws/userland/src/components/automake/automake-1.15/build/manifest-i386-automake-115.mogrified >/ws/userland/src/components/automake/automake-1.15/build/manifest-i386-automake-115.mangled
/usr/bin/env  /usr/bin/pkgdepend generate \
    -m -d /ws/userland/src/components/automake/automake-1.15/build/prototype/i386/mangled -d /ws/userland/src/components/automake/automake-1.15/build/prototype/i386 -d /ws/userland/src/components/automake/automake-1.15/build -d /ws/userland/src/components/automake/automake-1.15 -d automake-1.15 -d /ws/userland/src/licenses /ws/userland/src/components/automake/automake-1.15/build/manifest-i386-automake-115.mangled >/ws/userland/src/components/automake/automake-1.15/build/manifest-i386-automake-115.depend
abort: there is no Mercurial repository here (.hg not found)
/usr/bin/pkgfmt -c -fv2 automake.p5m
/usr/bin/pkgmogrify -D PERL_ARCH=i86pc-solaris-thread-multi-64 -D PERL_VERSION=5.22 -D IPS_COMPONENT_RE_VERSION=1\\.15 -D COMPONENT_RE_VERSION=1\\.15 -D PYTHON_2.7_ONLY=# -D PYTHON_3.4_ONLY=# -D PYTHON_3.5_ONLY=# -D SQ=\' -D DQ=\" -D Q=\" -I/ws/userland/src/components/automake/automake-1.15 -D SOLARIS_11_3_ONLY="#" -D SOLARIS_11_5_ONLY="#" -D SOLARIS_11_3_4_ONLY="" -D SOLARIS_11_4_5_ONLY="" -D SOLARIS_11_4_ONLY="" -D ARC_CASE="" -D TPNO="21310" -D BUILD_VERSION="5.11-11.4.0.0.1.14.0" -D OS_RELEASE="5.11" -D SOLARIS_VERSION="2.11" -D PKG_SOLARIS_VERSION="11.4" -D CONSOLIDATION="userland" -D CONSOLIDATION_CHANGESET="" -D CONSOLIDATION_REPOSITORY_URL="https://github.com/oracle/solaris-userland.git" -D COMPONENT_VERSION="1.15" -D IPS_COMPONENT_VERSION="1.15" -D HUMAN_VERSION="" -D COMPONENT_ARCHIVE_URL="https://ftp.gnu.org/gnu/automake/automake-1.15.tar.gz" -D COMPONENT_PROJECT_URL="https://www.gnu.org/software/automake" -D COMPONENT_NAME="automake" -D HG_REPO="" -D HG_REV="" -D HG_URL="" -D GIT_COMMIT_ID="" -D GIT_REPO="" -D GIT_TAG="" -D MACH="i386" -D MACH32="i86" -D MACH64="amd64" -D PUBLISHER="nightly" -D PUBLISHER_LOCALIZABLE="userland-localizable" automake.p5m \
	/ws/userland/src/transforms/license-changes /ws/userland/src/transforms/variant-cleanup /ws/userland/src/transforms/autopyc /ws/userland/src/transforms/defaults /ws/userland/src/transforms/actuators /ws/userland/src/transforms/depends /ws/userland/src/transforms/devel /ws/userland/src/transforms/docs /ws/userland/src/transforms/locale /ws/userland/src/transforms/standard-python-libraries /ws/userland/src/transforms/python-rename /ws/userland/src/transforms/python-3-groups /ws/userland/src/transforms/python-3-soabi /ws/userland/src/transforms/python-3-no-32bit /ws/userland/src/transforms/ruby-tests /ws/userland/src/transforms/puppet /ws/userland/src/transforms/libtool-drop /ws/userland/src/transforms/incorporate /ws/userland/src/transforms/publish-cleanup | \
	sed -e '/^$/d' -e '/^#.*$/d' | uniq >/ws/userland/src/components/automake/automake-1.15/build/manifest-i386-automake.mogrified
/ws/userland/src/tools/userland-mangler -D /ws/userland/src/components/automake/automake-1.15/build/prototype/i386/mangled -d /ws/userland/src/components/automake/automake-1.15/build/prototype/i386/mangled -d /ws/userland/src/components/automake/automake-1.15/build/prototype/i386 -d /ws/userland/src/components/automake/automake-1.15/build -d /ws/userland/src/components/automake/automake-1.15 -d automake-1.15 -d /ws/userland/src/licenses -m /ws/userland/src/components/automake/automake-1.15/build/manifest-i386-automake.mogrified >/ws/userland/src/components/automake/automake-1.15/build/manifest-i386-automake.mangled
/usr/bin/env  /usr/bin/pkgdepend generate \
    -m -d /ws/userland/src/components/automake/automake-1.15/build/prototype/i386/mangled -d /ws/userland/src/components/automake/automake-1.15/build/prototype/i386 -d /ws/userland/src/components/automake/automake-1.15/build -d /ws/userland/src/components/automake/automake-1.15 -d automake-1.15 -d /ws/userland/src/licenses /ws/userland/src/components/automake/automake-1.15/build/manifest-i386-automake.mangled >/ws/userland/src/components/automake/automake-1.15/build/manifest-i386-automake.depend
/usr/bin/pkgdepend resolve -e /ws/userland/src/components/automake/automake-1.15/build/resolve.deps -m /ws/userland/src/components/automake/automake-1.15/build/manifest-i386-automake-115.depend /ws/userland/src/components/automake/automake-1.15/build/manifest-i386-automake.depend
/usr/bin/touch /ws/userland/src/components/automake/automake-1.15/build/.resolved-i386
VALIDATING MANIFEST CONTENT: /ws/userland/src/components/automake/automake-1.15/build/manifest-i386-automake-115.depend.res /ws/userland/src/components/automake/automake-1.15/build/manifest-i386-automake.depend.res
/usr/bin/env PYTHONPATH=/ws/userland/src/tools/python PROTO_PATH="/ws/userland/src/components/automake/automake-1.15/build/prototype/i386/mangled /ws/userland/src/components/automake/automake-1.15/build/prototype/i386 /ws/userland/src/components/automake/automake-1.15/build /ws/userland/src/components/automake/automake-1.15 automake-1.15 /ws/userland/src/licenses"\
	SOLARIS_VERSION=2.11\
	/bin/true -c /ws/userland/src/i386/pkglint-cache \
		-f /ws/userland/src/tools/pkglintrc /ws/userland/src/components/automake/automake-1.15/build/manifest-i386-automake-115.depend.res /ws/userland/src/components/automake/automake-1.15/build/manifest-i386-automake.depend.res
/usr/bin/touch /ws/userland/src/components/automake/automake-1.15/build/.linted-i386
/usr/bin/pkgsend -s file:/ws/userland/src/i386/repo publish --fmri-in-manifest --no-catalog -d /ws/userland/src/components/automake/automake-1.15/build/prototype/i386/mangled -d /ws/userland/src/components/automake/automake-1.15/build/prototype/i386 -d /ws/userland/src/components/automake/automake-1.15/build -d /ws/userland/src/components/automake/automake-1.15 -d automake-1.15 -d /ws/userland/src/licenses -T \*.py /ws/userland/src/components/automake/automake-1.15/build/manifest-i386-automake-115.depend.res
pkg://nightly/developer/build/automake-115@1.15,5.11-11.4.0.0.1.14.0:20190727T165037Z
PUBLISHED
/usr/bin/pkgfmt </ws/userland/src/components/automake/automake-1.15/build/manifest-i386-automake-115.depend.res >/ws/userland/src/components/automake/automake-1.15/build/manifest-i386-automake-115.published
/usr/bin/pkgsend -s file:/ws/userland/src/i386/repo publish --fmri-in-manifest --no-catalog -d /ws/userland/src/components/automake/automake-1.15/build/prototype/i386/mangled -d /ws/userland/src/components/automake/automake-1.15/build/prototype/i386 -d /ws/userland/src/components/automake/automake-1.15/build -d /ws/userland/src/components/automake/automake-1.15 -d automake-1.15 -d /ws/userland/src/licenses -T \*.py /ws/userland/src/components/automake/automake-1.15/build/manifest-i386-automake.depend.res
pkg://nightly/developer/build/automake@1.15,5.11-11.4.0.0.1.14.0:20190727T165038Z
PUBLISHED
/usr/bin/pkgfmt </ws/userland/src/components/automake/automake-1.15/build/manifest-i386-automake.depend.res >/ws/userland/src/components/automake/automake-1.15/build/manifest-i386-automake.published
/usr/bin/touch /ws/userland/src/components/automake/automake-1.15/build/.published-i386
gmake: Leaving directory '/ws/userland/src/components/automake/automake-1.15'

real       15.4
user        5.5
sys         3.0
