gmake: Entering directory '/ws/userland/src/components/bzip2'
/bin/rm -f -r /ws/userland/src/components/bzip2/bzip2-1.0.6
/usr/bin/env RUBY_VERSION=2.1 /ws/userland/src/tools/userland-unpack  bzip2-1.0.6.tar.gz
/usr/bin/touch /ws/userland/src/components/bzip2/bzip2-1.0.6/.unpacked
/usr/bin/patch -d /ws/userland/src/components/bzip2/bzip2-1.0.6 --strip=1 --backup --version-control=numbered < patches/CVE-2016-3189.patch
patching file bzip2recover.c
/usr/bin/touch /ws/userland/src/components/bzip2/bzip2-1.0.6/.patched-CVE-2016-3189.patch
/usr/bin/patch -d /ws/userland/src/components/bzip2/bzip2-1.0.6 --strip=1 --backup --version-control=numbered < patches/Makefile.patch
patching file Makefile
/usr/bin/touch /ws/userland/src/components/bzip2/bzip2-1.0.6/.patched-Makefile.patch
/usr/bin/patch -d /ws/userland/src/components/bzip2/bzip2-1.0.6 --strip=1 --backup --version-control=numbered < patches/bzip2.patch
patching file bzip2.c
/usr/bin/touch /ws/userland/src/components/bzip2/bzip2-1.0.6/.patched-bzip2.patch
/usr/bin/touch /ws/userland/src/components/bzip2/bzip2-1.0.6/.patched
/usr/bin/touch /ws/userland/src/components/bzip2/bzip2-1.0.6/.prep
/bin/rm -f -r /ws/userland/src/components/bzip2/build/i86 ; /bin/mkdir -p /ws/userland/src/components/bzip2/build/i86
/ws/userland/src/tools/cloney /ws/userland/src/components/bzip2/bzip2-1.0.6 /ws/userland/src/components/bzip2/build/i86
symlink cloning /ws/userland/src/components/bzip2/bzip2-1.0.6 to /ws/userland/src/components/bzip2/build/i86
(cd /ws/userland/src/components/bzip2/build/i86 ; cp ../../oldapi.c . )
(cd /ws/userland/src/components/bzip2/build/i86; /usr/bin/env LD_OPTIONS="-M /usr/lib/ld/map.noexdata -M /usr/lib/ld/map.pagealign -Bdirect -zignore -zstrip-class=comment" LD_EXEC_OPTIONS=" -zsx=aslr=enable -zsx=nxstack=enable -zsx=nxheap=enable " LD_PIE_OPTIONS="-zsx=aslr=enable -zsx=nxstack=enable -zsx=nxheap=enable "  CC="/opt/solarisstudio12.4/bin/cc" CXX="/opt/solarisstudio12.4/bin/CC" CFLAGS="-m32 -xO4 -xchip=pentium -xregs=no%frameptr -mt -D_LARGEFILE_SOURCE -D_FILE_OFFSET_BITS=64 -KPIC -DPIC" CXXFLAGS="-norunpath -m32 -xO4 -xchip=pentium -xregs=no%frameptr" LDFLAGS="" CC="/opt/solarisstudio12.4/bin/cc" /usr/gnu/bin/make  CC="/opt/solarisstudio12.4/bin/cc" CFLAGS="-m32  -xO4 -xchip=pentium -xregs=no%frameptr    -mt    -D_LARGEFILE_SOURCE -D_FILE_OFFSET_BITS=64 -KPIC -DPIC" )
make[1]: Entering directory '/ws/userland/src/components/bzip2/build/i86'

If compilation produces errors, or a large number of warnings,
please read README.COMPILATION.PROBLEMS -- you might be able to
adjust the flags in this Makefile to improve matters.

Also in README.COMPILATION.PROBLEMS are some hints that may help
if your build produces an executable which is unable to correctly
handle so-called 'large files' -- files of size 2GB or more.

/opt/solarisstudio12.4/bin/cc -m32  -xO4 -xchip=pentium -xregs=no%frameptr    -mt    -D_LARGEFILE_SOURCE -D_FILE_OFFSET_BITS=64 -KPIC -DPIC -c blocksort.c
/opt/solarisstudio12.4/bin/cc -m32  -xO4 -xchip=pentium -xregs=no%frameptr    -mt    -D_LARGEFILE_SOURCE -D_FILE_OFFSET_BITS=64 -KPIC -DPIC -c huffman.c
/opt/solarisstudio12.4/bin/cc -m32  -xO4 -xchip=pentium -xregs=no%frameptr    -mt    -D_LARGEFILE_SOURCE -D_FILE_OFFSET_BITS=64 -KPIC -DPIC -c crctable.c
/opt/solarisstudio12.4/bin/cc -m32  -xO4 -xchip=pentium -xregs=no%frameptr    -mt    -D_LARGEFILE_SOURCE -D_FILE_OFFSET_BITS=64 -KPIC -DPIC -c randtable.c
/opt/solarisstudio12.4/bin/cc -m32  -xO4 -xchip=pentium -xregs=no%frameptr    -mt    -D_LARGEFILE_SOURCE -D_FILE_OFFSET_BITS=64 -KPIC -DPIC -c compress.c
/opt/solarisstudio12.4/bin/cc -m32  -xO4 -xchip=pentium -xregs=no%frameptr    -mt    -D_LARGEFILE_SOURCE -D_FILE_OFFSET_BITS=64 -KPIC -DPIC -c decompress.c
/opt/solarisstudio12.4/bin/cc -m32  -xO4 -xchip=pentium -xregs=no%frameptr    -mt    -D_LARGEFILE_SOURCE -D_FILE_OFFSET_BITS=64 -KPIC -DPIC -c bzlib.c
"bzlib.c", line 855: warning: statement not reached
"bzlib.c", line 1216: warning: statement not reached
/opt/solarisstudio12.4/bin/cc -m32  -xO4 -xchip=pentium -xregs=no%frameptr    -mt    -D_LARGEFILE_SOURCE -D_FILE_OFFSET_BITS=64 -KPIC -DPIC -c oldapi.c
rm -f libbz2.so libbz2.so.1
/opt/solarisstudio12.4/bin/cc -m32  -xO4 -xchip=pentium -xregs=no%frameptr    -mt    -D_LARGEFILE_SOURCE -D_FILE_OFFSET_BITS=64 -KPIC -DPIC -G -h libbz2.so.1 -o libbz2.so.1 \
    -z defs -z text -zcombreloc blocksort.o huffman.o crctable.o randtable.o compress.o decompress.o bzlib.o oldapi.o -M ../../mapfile -L. \
    -lc
ln -s libbz2.so.1 libbz2.so
/opt/solarisstudio12.4/bin/cc -m32  -xO4 -xchip=pentium -xregs=no%frameptr    -mt    -D_LARGEFILE_SOURCE -D_FILE_OFFSET_BITS=64 -KPIC -DPIC -c bzip2.c
/opt/solarisstudio12.4/bin/cc -m32  -xO4 -xchip=pentium -xregs=no%frameptr    -mt    -D_LARGEFILE_SOURCE -D_FILE_OFFSET_BITS=64 -KPIC -DPIC  -o bzip2 bzip2.o -L. -lbz2
/opt/solarisstudio12.4/bin/cc -m32  -xO4 -xchip=pentium -xregs=no%frameptr    -mt    -D_LARGEFILE_SOURCE -D_FILE_OFFSET_BITS=64 -KPIC -DPIC -c bzip2recover.c
/opt/solarisstudio12.4/bin/cc -m32  -xO4 -xchip=pentium -xregs=no%frameptr    -mt    -D_LARGEFILE_SOURCE -D_FILE_OFFSET_BITS=64 -KPIC -DPIC  -o bzip2recover bzip2recover.o

Doing 6 tests (3 compress, 3 uncompress) ...
If there's a problem, things might stop at this point.
 
env LD_LIBRARY_PATH=. ./bzip2 -1  < sample1.ref > sample1.rb2
env LD_LIBRARY_PATH=. ./bzip2 -2  < sample2.ref > sample2.rb2
env LD_LIBRARY_PATH=. ./bzip2 -3  < sample3.ref > sample3.rb2
env LD_LIBRARY_PATH=. ./bzip2 -d  < sample1.bz2 > sample1.tst
env LD_LIBRARY_PATH=. ./bzip2 -d  < sample2.bz2 > sample2.tst
env LD_LIBRARY_PATH=. ./bzip2 -ds < sample3.bz2 > sample3.tst
cmp sample1.bz2 sample1.rb2 
cmp sample2.bz2 sample2.rb2
cmp sample3.bz2 sample3.rb2
cmp sample1.tst sample1.ref
cmp sample2.tst sample2.ref
cmp sample3.tst sample3.ref

If you got this far and the 'cmp's didn't complain, it looks
like you're in business.  

To install in /usr/local/bin, /usr/local/lib, /usr/local/man and 
/usr/local/include, type

   make install

To install somewhere else, eg, /xxx/yyy/{bin,lib,man,include}, type 

   make install PREFIX=/xxx/yyy

If you are (justifiably) paranoid and want to see what 'make install'
is going to do, you can first do

   make -n install                      or
   make -n install PREFIX=/xxx/yyy      respectively.

The -n instructs make to show the commands it would execute, but
not actually execute them.

Instructions for use are in the preformatted manual page, in the file
bzip2.txt.  For more detailed documentation, read the full manual.  
It is available in Postscript form (manual.ps), PDF form (manual.pdf),
and HTML form (manual.html).

You can also do "bzip2 --help" to see some helpful information. 
"bzip2 -L" displays the software license.

make[1]: Leaving directory '/ws/userland/src/components/bzip2/build/i86'
/usr/bin/touch /ws/userland/src/components/bzip2/build/i86/.built
(cd /ws/userland/src/components/bzip2/build/i86 ; /usr/bin/env LD_OPTIONS="-M /usr/lib/ld/map.noexdata -M /usr/lib/ld/map.pagealign -Bdirect -zignore -zstrip-class=comment" LD_EXEC_OPTIONS=" -zsx=aslr=enable -zsx=nxstack=enable -zsx=nxheap=enable " LD_PIE_OPTIONS="-zsx=aslr=enable -zsx=nxstack=enable -zsx=nxheap=enable "  /usr/gnu/bin/make  DESTDIR=/ws/userland/src/components/bzip2/build/prototype/i386  PREFIX=/ws/userland/src/components/bzip2/build/prototype/i386/usr install)
make[1]: Entering directory '/ws/userland/src/components/bzip2/build/i86'
if ( test ! -d /ws/userland/src/components/bzip2/build/prototype/i386/usr/bin ) ; then mkdir -p /ws/userland/src/components/bzip2/build/prototype/i386/usr/bin ; fi
if ( test ! -d /ws/userland/src/components/bzip2/build/prototype/i386/usr/lib ) ; then mkdir -p /ws/userland/src/components/bzip2/build/prototype/i386/usr/lib ; fi
if ( test ! -d /ws/userland/src/components/bzip2/build/prototype/i386/usr/share/man ) ; then mkdir -p /ws/userland/src/components/bzip2/build/prototype/i386/usr/share/man ; fi
if ( test ! -d /ws/userland/src/components/bzip2/build/prototype/i386/usr/share/man/man1 ) ; then mkdir -p /ws/userland/src/components/bzip2/build/prototype/i386/usr/share/man/man1 ; fi
if ( test ! -d /ws/userland/src/components/bzip2/build/prototype/i386/usr/include ) ; then mkdir -p /ws/userland/src/components/bzip2/build/prototype/i386/usr/include ; fi
cp -f bzip2 /ws/userland/src/components/bzip2/build/prototype/i386/usr/bin/bzip2
cp -f bzip2 /ws/userland/src/components/bzip2/build/prototype/i386/usr/bin/bunzip2
cp -f bzip2 /ws/userland/src/components/bzip2/build/prototype/i386/usr/bin/bzcat
cp -f bzip2recover /ws/userland/src/components/bzip2/build/prototype/i386/usr/bin/bzip2recover
chmod a+x /ws/userland/src/components/bzip2/build/prototype/i386/usr/bin/bzip2
chmod a+x /ws/userland/src/components/bzip2/build/prototype/i386/usr/bin/bunzip2
chmod a+x /ws/userland/src/components/bzip2/build/prototype/i386/usr/bin/bzcat
chmod a+x /ws/userland/src/components/bzip2/build/prototype/i386/usr/bin/bzip2recover
cp -f bzip2.1 /ws/userland/src/components/bzip2/build/prototype/i386/usr/share/man/man1
chmod a+r /ws/userland/src/components/bzip2/build/prototype/i386/usr/share/man/man1/bzip2.1
cp -f bzlib.h /ws/userland/src/components/bzip2/build/prototype/i386/usr/include
chmod a+r /ws/userland/src/components/bzip2/build/prototype/i386/usr/include/bzlib.h
cp -f bzgrep /ws/userland/src/components/bzip2/build/prototype/i386/usr/bin/bzgrep
ln -s -f ./bzgrep /ws/userland/src/components/bzip2/build/prototype/i386/usr/bin/bzegrep
ln -s -f ./bzgrep /ws/userland/src/components/bzip2/build/prototype/i386/usr/bin/bzfgrep
chmod a+x /ws/userland/src/components/bzip2/build/prototype/i386/usr/bin/bzgrep
cp -f bzmore /ws/userland/src/components/bzip2/build/prototype/i386/usr/bin/bzmore
ln -s -f ./bzmore /ws/userland/src/components/bzip2/build/prototype/i386/usr/bin/bzless
chmod a+x /ws/userland/src/components/bzip2/build/prototype/i386/usr/bin/bzmore
cp -f bzdiff /ws/userland/src/components/bzip2/build/prototype/i386/usr/bin/bzdiff
ln -s -f ./bzdiff /ws/userland/src/components/bzip2/build/prototype/i386/usr/bin/bzcmp
chmod a+x /ws/userland/src/components/bzip2/build/prototype/i386/usr/bin/bzdiff
cp -f bzgrep.1 bzmore.1 bzdiff.1 /ws/userland/src/components/bzip2/build/prototype/i386/usr/share/man/man1
chmod a+r /ws/userland/src/components/bzip2/build/prototype/i386/usr/share/man/man1/bzgrep.1
chmod a+r /ws/userland/src/components/bzip2/build/prototype/i386/usr/share/man/man1/bzmore.1
chmod a+r /ws/userland/src/components/bzip2/build/prototype/i386/usr/share/man/man1/bzdiff.1
echo ".so man1/bzgrep.1" > /ws/userland/src/components/bzip2/build/prototype/i386/usr/share/man/man1/bzegrep.1
echo ".so man1/bzgrep.1" > /ws/userland/src/components/bzip2/build/prototype/i386/usr/share/man/man1/bzfgrep.1
echo ".so man1/bzmore.1" > /ws/userland/src/components/bzip2/build/prototype/i386/usr/share/man/man1/bzless.1
echo ".so man1/bzdiff.1" > /ws/userland/src/components/bzip2/build/prototype/i386/usr/share/man/man1/bzcmp.1
make[1]: Leaving directory '/ws/userland/src/components/bzip2/build/i86'
(/usr/bin/ginstall /ws/userland/src/components/bzip2/build/i86/libbz2.so.1 /ws/userland/src/components/bzip2/build/prototype/i386/usr/lib; cd /ws/userland/src/components/bzip2/build/prototype/i386/usr/lib; rm -f libbz2.so; ln -s libbz2.so.1 libbz2.so); 
/usr/bin/touch /ws/userland/src/components/bzip2/build/i86/.installed
(cd /ws/userland/src/components/bzip2/build/i86 ; /opt/solarisstudio12.4/bin/lint -m32 -nsvx -I/ws/userland/src/components/bzip2/build/i86 -I/ws/userland/src/components/bzip2/bzip2-1.0.6/include -I/ws/userland/src/components/bzip2/bzip2-1.0.6 -I. -o bz2 ../../llib-lbz2)
/bin/rm -f -r /ws/userland/src/components/bzip2/build/amd64 ; /bin/mkdir -p /ws/userland/src/components/bzip2/build/amd64
/ws/userland/src/tools/cloney /ws/userland/src/components/bzip2/bzip2-1.0.6 /ws/userland/src/components/bzip2/build/amd64
symlink cloning /ws/userland/src/components/bzip2/bzip2-1.0.6 to /ws/userland/src/components/bzip2/build/amd64
(cd /ws/userland/src/components/bzip2/build/amd64 ; cp ../../oldapi.c . )
(cd /ws/userland/src/components/bzip2/build/amd64; /usr/bin/env LD_OPTIONS="-M /usr/lib/ld/map.noexdata -M /usr/lib/ld/map.pagealign -Bdirect -zignore -zstrip-class=comment" LD_EXEC_OPTIONS=" -zsx=aslr=enable -zsx=nxstack=enable -zsx=nxheap=enable " LD_PIE_OPTIONS="-zsx=aslr=enable -zsx=nxstack=enable -zsx=nxheap=enable "  CC="/opt/solarisstudio12.4/bin/cc" CXX="/opt/solarisstudio12.4/bin/CC" CFLAGS="-m64 -xO4 -xchip=generic -Ui386 -U__i386 -xregs=no%frameptr -mt -D_LARGEFILE64_SOURCE -KPIC -DPIC" CXXFLAGS="-norunpath -m64 -xO4 -xchip=generic -Ui386 -U__i386 -xregs=no%frameptr" LDFLAGS="" CC="/opt/solarisstudio12.4/bin/cc" /usr/gnu/bin/make  CC="/opt/solarisstudio12.4/bin/cc" CFLAGS="-m64  -xO4 -xchip=generic -Ui386 -U__i386 -xregs=no%frameptr    -mt    -D_LARGEFILE64_SOURCE -KPIC -DPIC" )
make[1]: Entering directory '/ws/userland/src/components/bzip2/build/amd64'

If compilation produces errors, or a large number of warnings,
please read README.COMPILATION.PROBLEMS -- you might be able to
adjust the flags in this Makefile to improve matters.

Also in README.COMPILATION.PROBLEMS are some hints that may help
if your build produces an executable which is unable to correctly
handle so-called 'large files' -- files of size 2GB or more.

/opt/solarisstudio12.4/bin/cc -m64  -xO4 -xchip=generic -Ui386 -U__i386 -xregs=no%frameptr    -mt    -D_LARGEFILE64_SOURCE -KPIC -DPIC -c blocksort.c
/opt/solarisstudio12.4/bin/cc -m64  -xO4 -xchip=generic -Ui386 -U__i386 -xregs=no%frameptr    -mt    -D_LARGEFILE64_SOURCE -KPIC -DPIC -c huffman.c
/opt/solarisstudio12.4/bin/cc -m64  -xO4 -xchip=generic -Ui386 -U__i386 -xregs=no%frameptr    -mt    -D_LARGEFILE64_SOURCE -KPIC -DPIC -c crctable.c
/opt/solarisstudio12.4/bin/cc -m64  -xO4 -xchip=generic -Ui386 -U__i386 -xregs=no%frameptr    -mt    -D_LARGEFILE64_SOURCE -KPIC -DPIC -c randtable.c
/opt/solarisstudio12.4/bin/cc -m64  -xO4 -xchip=generic -Ui386 -U__i386 -xregs=no%frameptr    -mt    -D_LARGEFILE64_SOURCE -KPIC -DPIC -c compress.c
/opt/solarisstudio12.4/bin/cc -m64  -xO4 -xchip=generic -Ui386 -U__i386 -xregs=no%frameptr    -mt    -D_LARGEFILE64_SOURCE -KPIC -DPIC -c decompress.c
/opt/solarisstudio12.4/bin/cc -m64  -xO4 -xchip=generic -Ui386 -U__i386 -xregs=no%frameptr    -mt    -D_LARGEFILE64_SOURCE -KPIC -DPIC -c bzlib.c
"bzlib.c", line 855: warning: statement not reached
"bzlib.c", line 1216: warning: statement not reached
/opt/solarisstudio12.4/bin/cc -m64  -xO4 -xchip=generic -Ui386 -U__i386 -xregs=no%frameptr    -mt    -D_LARGEFILE64_SOURCE -KPIC -DPIC -c oldapi.c
rm -f libbz2.so libbz2.so.1
/opt/solarisstudio12.4/bin/cc -m64  -xO4 -xchip=generic -Ui386 -U__i386 -xregs=no%frameptr    -mt    -D_LARGEFILE64_SOURCE -KPIC -DPIC -G -h libbz2.so.1 -o libbz2.so.1 \
    -z defs -z text -zcombreloc blocksort.o huffman.o crctable.o randtable.o compress.o decompress.o bzlib.o oldapi.o -M ../../mapfile -L. \
    -lc
ln -s libbz2.so.1 libbz2.so
/opt/solarisstudio12.4/bin/cc -m64  -xO4 -xchip=generic -Ui386 -U__i386 -xregs=no%frameptr    -mt    -D_LARGEFILE64_SOURCE -KPIC -DPIC -c bzip2.c
/opt/solarisstudio12.4/bin/cc -m64  -xO4 -xchip=generic -Ui386 -U__i386 -xregs=no%frameptr    -mt    -D_LARGEFILE64_SOURCE -KPIC -DPIC  -o bzip2 bzip2.o -L. -lbz2
/opt/solarisstudio12.4/bin/cc -m64  -xO4 -xchip=generic -Ui386 -U__i386 -xregs=no%frameptr    -mt    -D_LARGEFILE64_SOURCE -KPIC -DPIC -c bzip2recover.c
/opt/solarisstudio12.4/bin/cc -m64  -xO4 -xchip=generic -Ui386 -U__i386 -xregs=no%frameptr    -mt    -D_LARGEFILE64_SOURCE -KPIC -DPIC  -o bzip2recover bzip2recover.o

Doing 6 tests (3 compress, 3 uncompress) ...
If there's a problem, things might stop at this point.
 
env LD_LIBRARY_PATH=. ./bzip2 -1  < sample1.ref > sample1.rb2
env LD_LIBRARY_PATH=. ./bzip2 -2  < sample2.ref > sample2.rb2
env LD_LIBRARY_PATH=. ./bzip2 -3  < sample3.ref > sample3.rb2
env LD_LIBRARY_PATH=. ./bzip2 -d  < sample1.bz2 > sample1.tst
env LD_LIBRARY_PATH=. ./bzip2 -d  < sample2.bz2 > sample2.tst
env LD_LIBRARY_PATH=. ./bzip2 -ds < sample3.bz2 > sample3.tst
cmp sample1.bz2 sample1.rb2 
cmp sample2.bz2 sample2.rb2
cmp sample3.bz2 sample3.rb2
cmp sample1.tst sample1.ref
cmp sample2.tst sample2.ref
cmp sample3.tst sample3.ref

If you got this far and the 'cmp's didn't complain, it looks
like you're in business.  

To install in /usr/local/bin, /usr/local/lib, /usr/local/man and 
/usr/local/include, type

   make install

To install somewhere else, eg, /xxx/yyy/{bin,lib,man,include}, type 

   make install PREFIX=/xxx/yyy

If you are (justifiably) paranoid and want to see what 'make install'
is going to do, you can first do

   make -n install                      or
   make -n install PREFIX=/xxx/yyy      respectively.

The -n instructs make to show the commands it would execute, but
not actually execute them.

Instructions for use are in the preformatted manual page, in the file
bzip2.txt.  For more detailed documentation, read the full manual.  
It is available in Postscript form (manual.ps), PDF form (manual.pdf),
and HTML form (manual.html).

You can also do "bzip2 --help" to see some helpful information. 
"bzip2 -L" displays the software license.

make[1]: Leaving directory '/ws/userland/src/components/bzip2/build/amd64'
/usr/bin/touch /ws/userland/src/components/bzip2/build/amd64/.built
/bin/mkdir -p /ws/userland/src/components/bzip2/build/prototype/i386/usr/lib/amd64; 
(cd /ws/userland/src/components/bzip2/build/amd64 ; /usr/bin/env LD_OPTIONS="-M /usr/lib/ld/map.noexdata -M /usr/lib/ld/map.pagealign -Bdirect -zignore -zstrip-class=comment" LD_EXEC_OPTIONS=" -zsx=aslr=enable -zsx=nxstack=enable -zsx=nxheap=enable " LD_PIE_OPTIONS="-zsx=aslr=enable -zsx=nxstack=enable -zsx=nxheap=enable "  /usr/gnu/bin/make  DESTDIR=/ws/userland/src/components/bzip2/build/prototype/i386  PREFIX=/ws/userland/src/components/bzip2/build/prototype/i386/usr install)
make[1]: Entering directory '/ws/userland/src/components/bzip2/build/amd64'
if ( test ! -d /ws/userland/src/components/bzip2/build/prototype/i386/usr/bin ) ; then mkdir -p /ws/userland/src/components/bzip2/build/prototype/i386/usr/bin ; fi
if ( test ! -d /ws/userland/src/components/bzip2/build/prototype/i386/usr/lib ) ; then mkdir -p /ws/userland/src/components/bzip2/build/prototype/i386/usr/lib ; fi
if ( test ! -d /ws/userland/src/components/bzip2/build/prototype/i386/usr/share/man ) ; then mkdir -p /ws/userland/src/components/bzip2/build/prototype/i386/usr/share/man ; fi
if ( test ! -d /ws/userland/src/components/bzip2/build/prototype/i386/usr/share/man/man1 ) ; then mkdir -p /ws/userland/src/components/bzip2/build/prototype/i386/usr/share/man/man1 ; fi
if ( test ! -d /ws/userland/src/components/bzip2/build/prototype/i386/usr/include ) ; then mkdir -p /ws/userland/src/components/bzip2/build/prototype/i386/usr/include ; fi
cp -f bzip2 /ws/userland/src/components/bzip2/build/prototype/i386/usr/bin/bzip2
cp -f bzip2 /ws/userland/src/components/bzip2/build/prototype/i386/usr/bin/bunzip2
cp -f bzip2 /ws/userland/src/components/bzip2/build/prototype/i386/usr/bin/bzcat
cp -f bzip2recover /ws/userland/src/components/bzip2/build/prototype/i386/usr/bin/bzip2recover
chmod a+x /ws/userland/src/components/bzip2/build/prototype/i386/usr/bin/bzip2
chmod a+x /ws/userland/src/components/bzip2/build/prototype/i386/usr/bin/bunzip2
chmod a+x /ws/userland/src/components/bzip2/build/prototype/i386/usr/bin/bzcat
chmod a+x /ws/userland/src/components/bzip2/build/prototype/i386/usr/bin/bzip2recover
cp -f bzip2.1 /ws/userland/src/components/bzip2/build/prototype/i386/usr/share/man/man1
chmod a+r /ws/userland/src/components/bzip2/build/prototype/i386/usr/share/man/man1/bzip2.1
cp -f bzlib.h /ws/userland/src/components/bzip2/build/prototype/i386/usr/include
chmod a+r /ws/userland/src/components/bzip2/build/prototype/i386/usr/include/bzlib.h
cp -f bzgrep /ws/userland/src/components/bzip2/build/prototype/i386/usr/bin/bzgrep
ln -s -f ./bzgrep /ws/userland/src/components/bzip2/build/prototype/i386/usr/bin/bzegrep
ln -s -f ./bzgrep /ws/userland/src/components/bzip2/build/prototype/i386/usr/bin/bzfgrep
chmod a+x /ws/userland/src/components/bzip2/build/prototype/i386/usr/bin/bzgrep
cp -f bzmore /ws/userland/src/components/bzip2/build/prototype/i386/usr/bin/bzmore
ln -s -f ./bzmore /ws/userland/src/components/bzip2/build/prototype/i386/usr/bin/bzless
chmod a+x /ws/userland/src/components/bzip2/build/prototype/i386/usr/bin/bzmore
cp -f bzdiff /ws/userland/src/components/bzip2/build/prototype/i386/usr/bin/bzdiff
ln -s -f ./bzdiff /ws/userland/src/components/bzip2/build/prototype/i386/usr/bin/bzcmp
chmod a+x /ws/userland/src/components/bzip2/build/prototype/i386/usr/bin/bzdiff
cp -f bzgrep.1 bzmore.1 bzdiff.1 /ws/userland/src/components/bzip2/build/prototype/i386/usr/share/man/man1
chmod a+r /ws/userland/src/components/bzip2/build/prototype/i386/usr/share/man/man1/bzgrep.1
chmod a+r /ws/userland/src/components/bzip2/build/prototype/i386/usr/share/man/man1/bzmore.1
chmod a+r /ws/userland/src/components/bzip2/build/prototype/i386/usr/share/man/man1/bzdiff.1
echo ".so man1/bzgrep.1" > /ws/userland/src/components/bzip2/build/prototype/i386/usr/share/man/man1/bzegrep.1
echo ".so man1/bzgrep.1" > /ws/userland/src/components/bzip2/build/prototype/i386/usr/share/man/man1/bzfgrep.1
echo ".so man1/bzmore.1" > /ws/userland/src/components/bzip2/build/prototype/i386/usr/share/man/man1/bzless.1
echo ".so man1/bzdiff.1" > /ws/userland/src/components/bzip2/build/prototype/i386/usr/share/man/man1/bzcmp.1
make[1]: Leaving directory '/ws/userland/src/components/bzip2/build/amd64'
(/usr/bin/ginstall /ws/userland/src/components/bzip2/build/amd64/libbz2.so.1 /ws/userland/src/components/bzip2/build/prototype/i386/usr/lib/amd64; cd /ws/userland/src/components/bzip2/build/prototype/i386/usr/lib/amd64; rm -f libbz2.so; ln -s libbz2.so.1 libbz2.so;); 
/usr/bin/touch /ws/userland/src/components/bzip2/build/amd64/.installed
(cd /ws/userland/src/components/bzip2/build/amd64 ; /opt/solarisstudio12.4/bin/lint -m64 -nsvx -I/ws/userland/src/components/bzip2/build/amd64 -I/ws/userland/src/components/bzip2/bzip2-1.0.6/include -I/ws/userland/src/components/bzip2/bzip2-1.0.6 -I. -o bz2 ../../llib-lbz2)
/usr/bin/ginstall -c llib-lbz2 /ws/userland/src/components/bzip2/build/prototype/i386/usr/lib/llib-lbz2
/usr/bin/ginstall -c /ws/userland/src/components/bzip2/build/i86/llib-lbz2.ln /ws/userland/src/components/bzip2/build/prototype/i386/usr/lib/llib-lbz2.ln
/usr/bin/ginstall -c /ws/userland/src/components/bzip2/build/amd64/llib-lbz2.ln /ws/userland/src/components/bzip2/build/prototype/i386/usr/lib/amd64/llib-lbz2.ln
abort: there is no Mercurial repository here (.hg not found)
/usr/bin/pkgfmt -c -fv2 bzip2.p5m
/usr/bin/pkgmogrify -D PERL_ARCH=i86pc-solaris-thread-multi-64 -D PERL_VERSION=5.22 -D IPS_COMPONENT_RE_VERSION=1\\.0\\.6 -D COMPONENT_RE_VERSION=1\\.0\\.6 -D PYTHON_2.7_ONLY=# -D PYTHON_3.4_ONLY=# -D PYTHON_3.5_ONLY=# -D SQ=\' -D DQ=\" -D Q=\" -I/ws/userland/src/components/bzip2 -D SOLARIS_11_3_ONLY="#" -D SOLARIS_11_5_ONLY="#" -D SOLARIS_11_3_4_ONLY="" -D SOLARIS_11_4_5_ONLY="" -D SOLARIS_11_4_ONLY="" -D ARC_CASE="" -D TPNO="27621" -D BUILD_VERSION="5.11-11.4.0.0.1.14.0" -D OS_RELEASE="5.11" -D SOLARIS_VERSION="2.11" -D PKG_SOLARIS_VERSION="11.4" -D CONSOLIDATION="userland" -D CONSOLIDATION_CHANGESET="" -D CONSOLIDATION_REPOSITORY_URL="https://github.com/oracle/solaris-userland.git" -D COMPONENT_VERSION="1.0.6" -D IPS_COMPONENT_VERSION="1.0.6" -D HUMAN_VERSION="" -D COMPONENT_ARCHIVE_URL="http://www.bzip.org/1.0.6/bzip2-1.0.6.tar.gz" -D COMPONENT_PROJECT_URL="http://www.bzip.org/" -D COMPONENT_NAME="bzip2" -D HG_REPO="" -D HG_REV="" -D HG_URL="" -D GIT_COMMIT_ID="" -D GIT_REPO="" -D GIT_TAG="" -D MACH="i386" -D MACH32="i86" -D MACH64="amd64" -D PUBLISHER="nightly" -D PUBLISHER_LOCALIZABLE="userland-localizable" bzip2.p5m \
	/ws/userland/src/transforms/license-changes /ws/userland/src/transforms/variant-cleanup /ws/userland/src/transforms/autopyc /ws/userland/src/transforms/defaults /ws/userland/src/transforms/actuators /ws/userland/src/transforms/depends /ws/userland/src/transforms/devel /ws/userland/src/transforms/docs /ws/userland/src/transforms/locale /ws/userland/src/transforms/standard-python-libraries /ws/userland/src/transforms/python-rename /ws/userland/src/transforms/python-3-groups /ws/userland/src/transforms/python-3-soabi /ws/userland/src/transforms/python-3-no-32bit /ws/userland/src/transforms/ruby-tests /ws/userland/src/transforms/puppet /ws/userland/src/transforms/libtool-drop /ws/userland/src/transforms/incorporate /ws/userland/src/transforms/publish-cleanup | \
	sed -e '/^$/d' -e '/^#.*$/d' | uniq >/ws/userland/src/components/bzip2/build/manifest-i386-bzip2.mogrified
/bin/mkdir -p /ws/userland/src/components/bzip2/build/prototype/i386/mangled
/ws/userland/src/tools/userland-mangler -D /ws/userland/src/components/bzip2/build/prototype/i386/mangled -d /ws/userland/src/components/bzip2/build/prototype/i386/mangled -d /ws/userland/src/components/bzip2/build/prototype/i386 -d /ws/userland/src/components/bzip2/build -d /ws/userland/src/components/bzip2 -d bzip2-1.0.6 -d /ws/userland/src/licenses -m /ws/userland/src/components/bzip2/build/manifest-i386-bzip2.mogrified >/ws/userland/src/components/bzip2/build/manifest-i386-bzip2.mangled
/usr/bin/env  /usr/bin/pkgdepend generate \
    -m -d /ws/userland/src/components/bzip2/build/prototype/i386/mangled -d /ws/userland/src/components/bzip2/build/prototype/i386 -d /ws/userland/src/components/bzip2/build -d /ws/userland/src/components/bzip2 -d bzip2-1.0.6 -d /ws/userland/src/licenses /ws/userland/src/components/bzip2/build/manifest-i386-bzip2.mangled >/ws/userland/src/components/bzip2/build/manifest-i386-bzip2.depend
/usr/bin/pkgdepend resolve -e /ws/userland/src/components/bzip2/build/resolve.deps -m /ws/userland/src/components/bzip2/build/manifest-i386-bzip2.depend
/usr/bin/touch /ws/userland/src/components/bzip2/build/.resolved-i386
VALIDATING MANIFEST CONTENT: /ws/userland/src/components/bzip2/build/manifest-i386-bzip2.depend.res
/usr/bin/env PYTHONPATH=/ws/userland/src/tools/python PROTO_PATH="/ws/userland/src/components/bzip2/build/prototype/i386/mangled /ws/userland/src/components/bzip2/build/prototype/i386 /ws/userland/src/components/bzip2/build /ws/userland/src/components/bzip2 bzip2-1.0.6 /ws/userland/src/licenses"\
	SOLARIS_VERSION=2.11\
	/bin/true -c /ws/userland/src/i386/pkglint-cache \
		-f /ws/userland/src/tools/pkglintrc /ws/userland/src/components/bzip2/build/manifest-i386-bzip2.depend.res
/usr/bin/touch /ws/userland/src/components/bzip2/build/.linted-i386
/usr/bin/pkgsend -s file:/ws/userland/src/i386/repo publish --fmri-in-manifest --no-catalog -d /ws/userland/src/components/bzip2/build/prototype/i386/mangled -d /ws/userland/src/components/bzip2/build/prototype/i386 -d /ws/userland/src/components/bzip2/build -d /ws/userland/src/components/bzip2 -d bzip2-1.0.6 -d /ws/userland/src/licenses -T \*.py /ws/userland/src/components/bzip2/build/manifest-i386-bzip2.depend.res
pkg://nightly/compress/bzip2@1.0.6,5.11-11.4.0.0.1.14.0:20190727T173115Z
PUBLISHED
/usr/bin/pkgfmt </ws/userland/src/components/bzip2/build/manifest-i386-bzip2.depend.res >/ws/userland/src/components/bzip2/build/manifest-i386-bzip2.published
/usr/bin/touch /ws/userland/src/components/bzip2/build/.published-i386
gmake: Leaving directory '/ws/userland/src/components/bzip2'

real       14.1
user       10.5
sys         2.2
