gmake: Entering directory '/ws/userland/src/components/common'
/bin/rm -f -r /ws/userland/src/components/common/build ; /bin/mkdir -p /ws/userland/src/components/common/build
Nothing to install.
abort: there is no Mercurial repository here (.hg not found)
/usr/bin/pkgfmt -c -fv2 gcmn.p5m
/usr/bin/pkgmogrify -D PERL_ARCH=i86pc-solaris-thread-multi-64 -D PERL_VERSION=5.22 -D IPS_COMPONENT_RE_VERSION=0\\.5\\.11 -D COMPONENT_RE_VERSION=0\\.5\\.11 -D PYTHON_2.7_ONLY=# -D PYTHON_3.4_ONLY=# -D PYTHON_3.5_ONLY=# -D SQ=\' -D DQ=\" -D Q=\" -I/ws/userland/src/components/common -D SOLARIS_11_3_ONLY="#" -D SOLARIS_11_5_ONLY="#" -D SOLARIS_11_3_4_ONLY="" -D SOLARIS_11_4_5_ONLY="" -D SOLARIS_11_4_ONLY="" -D ARC_CASE="" -D TPNO="" -D BUILD_VERSION="5.11-11.4.0.0.1.14.0" -D OS_RELEASE="5.11" -D SOLARIS_VERSION="2.11" -D PKG_SOLARIS_VERSION="11.4" -D CONSOLIDATION="userland" -D CONSOLIDATION_CHANGESET="" -D CONSOLIDATION_REPOSITORY_URL="https://github.com/oracle/solaris-userland.git" -D COMPONENT_VERSION="0.5.11" -D IPS_COMPONENT_VERSION="0.5.11" -D HUMAN_VERSION="" -D COMPONENT_ARCHIVE_URL="" -D COMPONENT_PROJECT_URL="" -D COMPONENT_NAME="gnu-common" -D HG_REPO="" -D HG_REV="" -D HG_URL="" -D GIT_COMMIT_ID="" -D GIT_REPO="" -D GIT_TAG="" -D MACH="i386" -D MACH32="i86" -D MACH64="amd64" -D PUBLISHER="nightly" -D PUBLISHER_LOCALIZABLE="userland-localizable" gcmn.p5m \
	/ws/userland/src/transforms/license-changes /ws/userland/src/transforms/variant-cleanup /ws/userland/src/transforms/autopyc /ws/userland/src/transforms/defaults /ws/userland/src/transforms/actuators /ws/userland/src/transforms/depends /ws/userland/src/transforms/devel /ws/userland/src/transforms/docs /ws/userland/src/transforms/locale /ws/userland/src/transforms/standard-python-libraries /ws/userland/src/transforms/python-rename /ws/userland/src/transforms/python-3-groups /ws/userland/src/transforms/python-3-soabi /ws/userland/src/transforms/python-3-no-32bit /ws/userland/src/transforms/ruby-tests /ws/userland/src/transforms/puppet /ws/userland/src/transforms/libtool-drop /ws/userland/src/transforms/incorporate /ws/userland/src/transforms/publish-cleanup | \
	sed -e '/^$/d' -e '/^#.*$/d' | uniq >/ws/userland/src/components/common/build/manifest-i386-gcmn.mogrified
/bin/mkdir -p /ws/userland/src/components/common/build/prototype/i386/mangled
/ws/userland/src/tools/userland-mangler -D /ws/userland/src/components/common/build/prototype/i386/mangled -d /ws/userland/src/components/common/build/prototype/i386/mangled -d /ws/userland/src/components/common/build/prototype/i386 -d /ws/userland/src/components/common/build -d /ws/userland/src/components/common -d /ws/userland/src/licenses -m /ws/userland/src/components/common/build/manifest-i386-gcmn.mogrified >/ws/userland/src/components/common/build/manifest-i386-gcmn.mangled
/usr/bin/env  /usr/bin/pkgdepend generate \
    -m -d /ws/userland/src/components/common/build/prototype/i386/mangled -d /ws/userland/src/components/common/build/prototype/i386 -d /ws/userland/src/components/common/build -d /ws/userland/src/components/common -d /ws/userland/src/licenses /ws/userland/src/components/common/build/manifest-i386-gcmn.mangled >/ws/userland/src/components/common/build/manifest-i386-gcmn.depend
/usr/bin/pkgdepend resolve -e /ws/userland/src/components/common/build/resolve.deps -m /ws/userland/src/components/common/build/manifest-i386-gcmn.depend
/usr/bin/touch /ws/userland/src/components/common/build/.resolved-i386
VALIDATING MANIFEST CONTENT: /ws/userland/src/components/common/build/manifest-i386-gcmn.depend.res
/usr/bin/env PYTHONPATH=/ws/userland/src/tools/python PROTO_PATH="/ws/userland/src/components/common/build/prototype/i386/mangled /ws/userland/src/components/common/build/prototype/i386 /ws/userland/src/components/common/build /ws/userland/src/components/common  /ws/userland/src/licenses"\
	SOLARIS_VERSION=2.11\
	/bin/true -c /ws/userland/src/i386/pkglint-cache \
		-f /ws/userland/src/tools/pkglintrc /ws/userland/src/components/common/build/manifest-i386-gcmn.depend.res
/usr/bin/touch /ws/userland/src/components/common/build/.linted-i386
/usr/bin/pkgsend -s file:/ws/userland/src/i386/repo publish --fmri-in-manifest --no-catalog -d /ws/userland/src/components/common/build/prototype/i386/mangled -d /ws/userland/src/components/common/build/prototype/i386 -d /ws/userland/src/components/common/build -d /ws/userland/src/components/common -d /ws/userland/src/licenses -T \*.py /ws/userland/src/components/common/build/manifest-i386-gcmn.depend.res
pkg://nightly/system/prerequisite/gnu@0.5.11,5.11-11.4.0.0.1.14.0:20190727T175047Z
PUBLISHED
/usr/bin/pkgfmt </ws/userland/src/components/common/build/manifest-i386-gcmn.depend.res >/ws/userland/src/components/common/build/manifest-i386-gcmn.published
/usr/bin/touch /ws/userland/src/components/common/build/.published-i386
gmake: Leaving directory '/ws/userland/src/components/common'

real        4.1
user        2.3
sys         0.9
