gmake: Entering directory '/ws/userland/src/components/convmv'
/bin/rm -f -r /ws/userland/src/components/convmv/convmv-2.03
/usr/bin/env RUBY_VERSION=2.1 /ws/userland/src/tools/userland-unpack  convmv-2.03.tar.gz
/usr/bin/touch /ws/userland/src/components/convmv/convmv-2.03/.unpacked
/usr/bin/patch -d /ws/userland/src/components/convmv/convmv-2.03 --strip=0 --backup --version-control=numbered < patches/convmv.patch
patching file Makefile
/usr/bin/touch /ws/userland/src/components/convmv/convmv-2.03/.patched-convmv.patch
/usr/bin/patch -d /ws/userland/src/components/convmv/convmv-2.03 --strip=0 --backup --version-control=numbered < patches/fleas.patch
patching file convmv
Hunk #1 succeeded at 799 with fuzz 2 (offset 107 lines).
/usr/bin/touch /ws/userland/src/components/convmv/convmv-2.03/.patched-fleas.patch
/usr/bin/patch -d /ws/userland/src/components/convmv/convmv-2.03 --strip=0 --backup --version-control=numbered < patches/test.patch
patching file Makefile
/usr/bin/touch /ws/userland/src/components/convmv/convmv-2.03/.patched-test.patch
/usr/bin/touch /ws/userland/src/components/convmv/convmv-2.03/.patched
/usr/bin/touch /ws/userland/src/components/convmv/convmv-2.03/.prep
/bin/rm -f -r /ws/userland/src/components/convmv/build/amd64 ; /bin/mkdir -p /ws/userland/src/components/convmv/build/amd64
/ws/userland/src/tools/cloney /ws/userland/src/components/convmv/convmv-2.03 /ws/userland/src/components/convmv/build/amd64
symlink cloning /ws/userland/src/components/convmv/convmv-2.03 to /ws/userland/src/components/convmv/build/amd64
(cd /ws/userland/src/components/convmv/build/amd64; /usr/bin/env LD_OPTIONS="-M /usr/lib/ld/map.noexdata -M /usr/lib/ld/map.pagealign -Bdirect -zignore -zstrip-class=comment" LD_EXEC_OPTIONS=" -zsx=aslr=disable -zsx=nxstack=enable -zsx=nxheap=enable " LD_PIE_OPTIONS="-zsx=aslr=disable -zsx=nxstack=enable -zsx=nxheap=enable "  CC="/opt/solarisstudio12.4/bin/cc" CXX="/opt/solarisstudio12.4/bin/CC" CFLAGS="-m64 -xO4 -xchip=generic -Ui386 -U__i386 -xregs=no%frameptr -mt" CXXFLAGS="-norunpath -m64 -xO4 -xchip=generic -Ui386 -U__i386 -xregs=no%frameptr" LDFLAGS="" /usr/gnu/bin/make  )
make[1]: Entering directory '/ws/userland/src/components/convmv/build/amd64'
/usr/perl5/bin/pod2man --section 1 --center=" " convmv > convmv.1
make[1]: Leaving directory '/ws/userland/src/components/convmv/build/amd64'
/usr/bin/touch /ws/userland/src/components/convmv/build/amd64/.built
(cd /ws/userland/src/components/convmv/build/amd64 ; /usr/bin/env LD_OPTIONS="-M /usr/lib/ld/map.noexdata -M /usr/lib/ld/map.pagealign -Bdirect -zignore -zstrip-class=comment" LD_EXEC_OPTIONS=" -zsx=aslr=disable -zsx=nxstack=enable -zsx=nxheap=enable " LD_PIE_OPTIONS="-zsx=aslr=disable -zsx=nxstack=enable -zsx=nxheap=enable "  /usr/gnu/bin/make  DESTDIR=/ws/userland/src/components/convmv/build/prototype/i386  install)
make[1]: Entering directory '/ws/userland/src/components/convmv/build/amd64'
/usr/perl5/bin/pod2man --section 1 --center=" " convmv > convmv.1
mkdir -p /ws/userland/src/components/convmv/build/prototype/i386/usr/share/man/man1/
mkdir -p /ws/userland/src/components/convmv/build/prototype/i386/usr/bin/
cp convmv.1 /ws/userland/src/components/convmv/build/prototype/i386/usr/share/man/man1/
/usr/bin/ginstall -m 755 convmv /ws/userland/src/components/convmv/build/prototype/i386/usr/bin/
make[1]: Leaving directory '/ws/userland/src/components/convmv/build/amd64'
/usr/gnu/bin/sed -i -e '1s@/usr/bin/perl@/usr/perl5/5.22/bin/perl@' -e '1s@/usr/perl5/bin/perl@/usr/perl5/5.22/bin/perl@' -e '1s@/usr/bin/env\ perl@/usr/perl5/5.22/bin/perl@' /ws/userland/src/components/convmv/build/prototype/i386/usr/bin/convmv;  
/usr/bin/touch /ws/userland/src/components/convmv/build/amd64/.installed
abort: there is no Mercurial repository here (.hg not found)
/usr/bin/pkgfmt -c -fv2 convmv.p5m
/usr/bin/pkgmogrify -D PERL_ARCH=i86pc-solaris-thread-multi-64 -D PERL_VERSION=5.22 -D IPS_COMPONENT_RE_VERSION=2\\.3 -D COMPONENT_RE_VERSION=2\\.03 -D PYTHON_2.7_ONLY=# -D PYTHON_3.4_ONLY=# -D PYTHON_3.5_ONLY=# -D SQ=\' -D DQ=\" -D Q=\" -I/ws/userland/src/components/convmv -D SOLARIS_11_3_ONLY="#" -D SOLARIS_11_5_ONLY="#" -D SOLARIS_11_3_4_ONLY="" -D SOLARIS_11_4_5_ONLY="" -D SOLARIS_11_4_ONLY="" -D ARC_CASE="" -D TPNO="37035" -D BUILD_VERSION="5.11-11.4.0.0.1.14.0" -D OS_RELEASE="5.11" -D SOLARIS_VERSION="2.11" -D PKG_SOLARIS_VERSION="11.4" -D CONSOLIDATION="userland" -D CONSOLIDATION_CHANGESET="" -D CONSOLIDATION_REPOSITORY_URL="https://github.com/oracle/solaris-userland.git" -D COMPONENT_VERSION="2.03" -D IPS_COMPONENT_VERSION="2.3" -D HUMAN_VERSION="2.03" -D COMPONENT_ARCHIVE_URL="http://www.j3e.de/linux/convmv/convmv-2.03.tar.gz" -D COMPONENT_PROJECT_URL="http://www.j3e.de/linux/convmv/" -D COMPONENT_NAME="convmv" -D HG_REPO="" -D HG_REV="" -D HG_URL="" -D GIT_COMMIT_ID="" -D GIT_REPO="" -D GIT_TAG="" -D MACH="i386" -D MACH32="i86" -D MACH64="amd64" -D PUBLISHER="nightly" -D PUBLISHER_LOCALIZABLE="userland-localizable" convmv.p5m \
	/ws/userland/src/transforms/license-changes /ws/userland/src/transforms/variant-cleanup /ws/userland/src/transforms/autopyc /ws/userland/src/transforms/defaults /ws/userland/src/transforms/actuators /ws/userland/src/transforms/depends /ws/userland/src/transforms/devel /ws/userland/src/transforms/docs /ws/userland/src/transforms/locale /ws/userland/src/transforms/standard-python-libraries /ws/userland/src/transforms/python-rename /ws/userland/src/transforms/python-3-groups /ws/userland/src/transforms/python-3-soabi /ws/userland/src/transforms/python-3-no-32bit /ws/userland/src/transforms/ruby-tests /ws/userland/src/transforms/puppet /ws/userland/src/transforms/libtool-drop /ws/userland/src/transforms/incorporate /ws/userland/src/transforms/publish-cleanup | \
	sed -e '/^$/d' -e '/^#.*$/d' | uniq >/ws/userland/src/components/convmv/build/manifest-i386-convmv.mogrified
/bin/mkdir -p /ws/userland/src/components/convmv/build/prototype/i386/mangled
/ws/userland/src/tools/userland-mangler -D /ws/userland/src/components/convmv/build/prototype/i386/mangled -d /ws/userland/src/components/convmv/build/prototype/i386/mangled -d /ws/userland/src/components/convmv/build/prototype/i386 -d /ws/userland/src/components/convmv/build -d /ws/userland/src/components/convmv -d convmv-2.03 -d /ws/userland/src/licenses -m /ws/userland/src/components/convmv/build/manifest-i386-convmv.mogrified >/ws/userland/src/components/convmv/build/manifest-i386-convmv.mangled
/usr/bin/env  /usr/bin/pkgdepend generate \
    -m -d /ws/userland/src/components/convmv/build/prototype/i386/mangled -d /ws/userland/src/components/convmv/build/prototype/i386 -d /ws/userland/src/components/convmv/build -d /ws/userland/src/components/convmv -d convmv-2.03 -d /ws/userland/src/licenses /ws/userland/src/components/convmv/build/manifest-i386-convmv.mangled >/ws/userland/src/components/convmv/build/manifest-i386-convmv.depend
/usr/bin/pkgdepend resolve -e /ws/userland/src/components/convmv/build/resolve.deps -m /ws/userland/src/components/convmv/build/manifest-i386-convmv.depend
/usr/bin/touch /ws/userland/src/components/convmv/build/.resolved-i386
VALIDATING MANIFEST CONTENT: /ws/userland/src/components/convmv/build/manifest-i386-convmv.depend.res
/usr/bin/env PYTHONPATH=/ws/userland/src/tools/python PROTO_PATH="/ws/userland/src/components/convmv/build/prototype/i386/mangled /ws/userland/src/components/convmv/build/prototype/i386 /ws/userland/src/components/convmv/build /ws/userland/src/components/convmv convmv-2.03 /ws/userland/src/licenses"\
	SOLARIS_VERSION=2.11\
	/bin/true -c /ws/userland/src/i386/pkglint-cache \
		-f /ws/userland/src/tools/pkglintrc /ws/userland/src/components/convmv/build/manifest-i386-convmv.depend.res
/usr/bin/touch /ws/userland/src/components/convmv/build/.linted-i386
/usr/bin/pkgsend -s file:/ws/userland/src/i386/repo publish --fmri-in-manifest --no-catalog -d /ws/userland/src/components/convmv/build/prototype/i386/mangled -d /ws/userland/src/components/convmv/build/prototype/i386 -d /ws/userland/src/components/convmv/build -d /ws/userland/src/components/convmv -d convmv-2.03 -d /ws/userland/src/licenses -T \*.py /ws/userland/src/components/convmv/build/manifest-i386-convmv.depend.res
pkg://nightly/text/convmv@2.3,5.11-11.4.0.0.1.14.0:20190727T175101Z
PUBLISHED
/usr/bin/pkgfmt </ws/userland/src/components/convmv/build/manifest-i386-convmv.depend.res >/ws/userland/src/components/convmv/build/manifest-i386-convmv.published
/usr/bin/touch /ws/userland/src/components/convmv/build/.published-i386
gmake: Leaving directory '/ws/userland/src/components/convmv'

real        4.9
user        2.8
sys         1.1
