gmake: Entering directory '/ws/userland/src/components/cups'
/bin/rm -f -r /ws/userland/src/components/cups/cups-1.4.5
/usr/bin/env RUBY_VERSION=2.1 /ws/userland/src/tools/userland-unpack  cups-1.4.5-source.tar.bz2
/usr/bin/touch /ws/userland/src/components/cups/cups-1.4.5/.unpacked
/usr/bin/patch -d /ws/userland/src/components/cups/cups-1.4.5 --strip=0 --backup --version-control=numbered < patches/01-cups-config.patch
patching file cups-config.in
/usr/bin/touch /ws/userland/src/components/cups/cups-1.4.5/.patched-01-cups-config.patch
/usr/bin/patch -d /ws/userland/src/components/cups/cups-1.4.5 --strip=0 --backup --version-control=numbered < patches/02-smf.patch
patching file init/cups.xml.in
/usr/bin/touch /ws/userland/src/components/cups/cups-1.4.5/.patched-02-smf.patch
/usr/bin/patch -d /ws/userland/src/components/cups/cups-1.4.5 --strip=0 --backup --version-control=numbered < patches/03-cups.pc.patch
patching file Makefile
patching file cups.pc.in
patching file configure.in
/usr/bin/touch /ws/userland/src/components/cups/cups-1.4.5/.patched-03-cups.pc.patch
/usr/bin/patch -d /ws/userland/src/components/cups/cups-1.4.5 --strip=0 --backup --version-control=numbered < patches/04-no_var_run.patch
patching file scheduler/Makefile
/usr/bin/touch /ws/userland/src/components/cups/cups-1.4.5/.patched-04-no_var_run.patch
/usr/bin/patch -d /ws/userland/src/components/cups/cups-1.4.5 --strip=0 --backup --version-control=numbered < patches/08-usb-hack.patch
patching file backend/usb-unix.c
/usr/bin/touch /ws/userland/src/components/cups/cups-1.4.5/.patched-08-usb-hack.patch
/usr/bin/patch -d /ws/userland/src/components/cups/cups-1.4.5 --strip=0 --backup --version-control=numbered < patches/11-ldap-ssl.patch
patching file scheduler/dirsvc.c
/usr/bin/touch /ws/userland/src/components/cups/cups-1.4.5/.patched-11-ldap-ssl.patch
/usr/bin/patch -d /ws/userland/src/components/cups/cups-1.4.5 --strip=0 --backup --version-control=numbered < patches/12-base-tx.patch
patching file Makedefs.in
Hunk #1 succeeded at 124 with fuzz 2.
patching file config-scripts/cups-labeling.m4
patching file data/Makefile
patching file data/labeled
patching file configure.in
patching file config.h.in
patching file scheduler/ipp.c
patching file scheduler/printers.c
patching file scheduler/job.c
patching file scheduler/printers.h
patching file scheduler/job.h
patching file scheduler/client.c
patching file scheduler/client.h
patching file scheduler/cupsd.h
/usr/bin/touch /ws/userland/src/components/cups/cups-1.4.5/.patched-12-base-tx.patch
/usr/bin/patch -d /ws/userland/src/components/cups/cups-1.4.5 --strip=0 --backup --version-control=numbered < patches/14.dbus-glib.patch
patching file config-scripts/cups-common.m4
/usr/bin/touch /ws/userland/src/components/cups/cups-1.4.5/.patched-14.dbus-glib.patch
/usr/bin/patch -d /ws/userland/src/components/cups/cups-1.4.5 --strip=0 --backup --version-control=numbered < patches/15-thread-safety-removal.patch
patching file cups/http-private.h
patching file scheduler/main.c
patching file scheduler/server.c
patching file cups/http.c
/usr/bin/touch /ws/userland/src/components/cups/cups-1.4.5/.patched-15-thread-safety-removal.patch
/usr/bin/patch -d /ws/userland/src/components/cups/cups-1.4.5 --strip=0 --backup --version-control=numbered < patches/16-tx.patch
patching file filter/Makefile
patching file filter/common.c
patching file filter/common.h
patching file filter/bannertops.c
patching file filter/imagetops.c
patching file filter/tsol_labeled_banner.c
patching file filter/tsol_labeled_banner.h
patching file scheduler/client.c
patching file scheduler/job.c
patching file scheduler/printers.c
patching file berkeley/lpq.c
patching file scheduler/auth.c
patching file scheduler/ipp.c
patching file filter/pstops.c
patching file systemv/lpadmin.c
/usr/bin/touch /ws/userland/src/components/cups/cups-1.4.5/.patched-16-tx.patch
/usr/bin/patch -d /ws/userland/src/components/cups/cups-1.4.5 --strip=0 --backup --version-control=numbered < patches/17-smf-start-method.patch
patching file init/cups.xml.in
/usr/bin/touch /ws/userland/src/components/cups/cups-1.4.5/.patched-17-smf-start-method.patch
/usr/bin/patch -d /ws/userland/src/components/cups/cups-1.4.5 --strip=0 --backup --version-control=numbered < patches/18-audit-tx.patch
patching file configure.in
patching file config-scripts/cups-auditing.m4
patching file config.h.in
patching file Makedefs.in
patching file scheduler/client.h
patching file scheduler/job.h
patching file scheduler/ipp.c
patching file scheduler/job.c
patching file scheduler/cups-lpd.c
patching file scheduler/audit.c
patching file scheduler/Makefile
patching file backend/ipp.c
patching file cups/util.c
Hunk #1 succeeded at 217 (offset -3 lines).
Hunk #2 succeeded at 257 (offset -3 lines).
Hunk #3 succeeded at 1484 (offset -3 lines).
Hunk #4 succeeded at 1505 (offset -3 lines).
/usr/bin/touch /ws/userland/src/components/cups/cups-1.4.5/.patched-18-audit-tx.patch
/usr/bin/patch -d /ws/userland/src/components/cups/cups-1.4.5 --strip=0 --backup --version-control=numbered < patches/18104362.patch
patching file ppdc/ppdpo.cxx
patching file ppdc/ppdhtml.cxx
/usr/bin/touch /ws/userland/src/components/cups/cups-1.4.5/.patched-18104362.patch
/usr/bin/patch -d /ws/userland/src/components/cups/cups-1.4.5 --strip=0 --backup --version-control=numbered < patches/19-14850597.patch
patching file scheduler/ipp.c
/usr/bin/touch /ws/userland/src/components/cups/cups-1.4.5/.patched-19-14850597.patch
/usr/bin/patch -d /ws/userland/src/components/cups/cups-1.4.5 --strip=0 --backup --version-control=numbered < patches/20-16182423.patch
patching file scheduler/ipp.c
/usr/bin/touch /ws/userland/src/components/cups/cups-1.4.5/.patched-20-16182423.patch
/usr/bin/patch -d /ws/userland/src/components/cups/cups-1.4.5 --strip=0 --backup --version-control=numbered < patches/20608333.patch
patching file systemv/lp.c
/usr/bin/touch /ws/userland/src/components/cups/cups-1.4.5/.patched-20608333.patch
/usr/bin/patch -d /ws/userland/src/components/cups/cups-1.4.5 --strip=0 --backup --version-control=numbered < patches/21-16182458,16201093.patch
patching file scheduler/audit.c
/usr/bin/touch /ws/userland/src/components/cups/cups-1.4.5/.patched-21-16182458,16201093.patch
/usr/bin/patch -d /ws/userland/src/components/cups/cups-1.4.5 --strip=0 --backup --version-control=numbered < patches/22-16362516,16321334,15731683.patch
patching file scheduler/ipp.c
/usr/bin/touch /ws/userland/src/components/cups/cups-1.4.5/.patched-22-16362516,16321334,15731683.patch
/usr/bin/patch -d /ws/userland/src/components/cups/cups-1.4.5 --strip=0 --backup --version-control=numbered < patches/23-20231096.patch
patching file scheduler/client.c
patching file cups/http.c
/usr/bin/touch /ws/userland/src/components/cups/cups-1.4.5/.patched-23-20231096.patch
/usr/bin/patch -d /ws/userland/src/components/cups/cups-1.4.5 --strip=0 --backup --version-control=numbered < patches/24-normalize-man-pages.patch
patching file config-scripts/cups-manpages.m4
/usr/bin/touch /ws/userland/src/components/cups/cups-1.4.5/.patched-24-normalize-man-pages.patch
/usr/bin/patch -d /ws/userland/src/components/cups/cups-1.4.5 --strip=0 --backup --version-control=numbered < patches/7181015.patch
patching file init/cups.xml.in
/usr/bin/touch /ws/userland/src/components/cups/cups-1.4.5/.patched-7181015.patch
/usr/bin/patch -d /ws/userland/src/components/cups/cups-1.4.5 --strip=0 --backup --version-control=numbered < patches/7187280.patch
patching file cups/util.c
Hunk #2 succeeded at 1741 (offset 79 lines).
/usr/bin/touch /ws/userland/src/components/cups/cups-1.4.5/.patched-7187280.patch
/usr/bin/patch -d /ws/userland/src/components/cups/cups-1.4.5 --strip=0 --backup --version-control=numbered < patches/7198806.patch
patching file scheduler/conf.c
patching file scheduler/cupsfilter.c
patching file doc/help/ref-cupsd-conf.html.in
/usr/bin/touch /ws/userland/src/components/cups/cups-1.4.5/.patched-7198806.patch
/usr/bin/patch -d /ws/userland/src/components/cups/cups-1.4.5 --strip=0 --backup --version-control=numbered < patches/CVE-2014-8166.patch
patching file scheduler/dirsvc.c
Hunk #1 succeeded at 3280 (offset -8 lines).
patching file scheduler/ipp.c
Hunk #1 succeeded at 97 (offset -1 lines).
Hunk #2 succeeded at 237 (offset -9 lines).
Hunk #3 succeeded at 1054 (offset 72 lines).
Hunk #4 succeeded at 2605 (offset 31 lines).
Hunk #5 succeeded at 11861 (offset 22 lines).
patching file scheduler/printers.c
Hunk #2 succeeded at 3414 (offset 147 lines).
patching file scheduler/printers.h
Hunk #1 succeeded at 180 (offset 5 lines).
/usr/bin/touch /ws/userland/src/components/cups/cups-1.4.5/.patched-CVE-2014-8166.patch
/usr/bin/patch -d /ws/userland/src/components/cups/cups-1.4.5 --strip=0 --backup --version-control=numbered < patches/cups-lpd-huge-jobs-final.patch
patching file scheduler/cups-lpd.c
/usr/bin/touch /ws/userland/src/components/cups/cups-1.4.5/.patched-cups-lpd-huge-jobs-final.patch
/usr/bin/patch -d /ws/userland/src/components/cups/cups-1.4.5 --strip=0 --backup --version-control=numbered < patches/fix-cups-lpd-man-page.patch
patching file man/cups-lpd.man.in
/usr/bin/touch /ws/userland/src/components/cups/cups-1.4.5/.patched-fix-cups-lpd-man-page.patch
/usr/bin/patch -d /ws/userland/src/components/cups/cups-1.4.5 --strip=0 --backup --version-control=numbered < patches/str3809.patch
patching file backend/snmp-supplies.c
/usr/bin/touch /ws/userland/src/components/cups/cups-1.4.5/.patched-str3809.patch
/usr/bin/patch -d /ws/userland/src/components/cups/cups-1.4.5 --strip=0 --backup --version-control=numbered < patches/str3867.patch
patching file filter/image-gif.c
/usr/bin/touch /ws/userland/src/components/cups/cups-1.4.5/.patched-str3867.patch
/usr/bin/patch -d /ws/userland/src/components/cups/cups-1.4.5 --strip=0 --backup --version-control=numbered < patches/str3914.patch
patching file filter/image-gif.c
/usr/bin/touch /ws/userland/src/components/cups/cups-1.4.5/.patched-str3914.patch
/usr/bin/patch -d /ws/userland/src/components/cups/cups-1.4.5 --strip=0 --backup --version-control=numbered < patches/str4356.patch
patching file scheduler/client.c
/usr/bin/touch /ws/userland/src/components/cups/cups-1.4.5/.patched-str4356.patch
/usr/bin/patch -d /ws/userland/src/components/cups/cups-1.4.5 --strip=0 --backup --version-control=numbered < patches/str4551.patch
patching file filter/raster.c
Hunk #4 succeeded at 762 (offset -6 lines).
/usr/bin/touch /ws/userland/src/components/cups/cups-1.4.5/.patched-str4551.patch
/usr/bin/patch -d /ws/userland/src/components/cups/cups-1.4.5 --strip=0 --backup --version-control=numbered < patches/str4609-1.4.patch
patching file cgi-bin/ipp-var.c
patching file cgi-bin/template.c
patching file scheduler/ipp.c
Hunk #1 succeeded at 501 (offset 3 lines).
Hunk #2 succeeded at 1815 (offset 177 lines).
Hunk #3 succeeded at 1869 (offset -3 lines).
Hunk #4 succeeded at 1966 (offset 178 lines).
Hunk #5 succeeded at 1993 (offset 178 lines).
Hunk #6 succeeded at 2011 (offset 178 lines).
Hunk #7 succeeded at 2052 (offset 178 lines).
Hunk #8 succeeded at 4009 (offset 188 lines).
Hunk #9 succeeded at 9091 (offset 282 lines).
Hunk #10 succeeded at 9639 (offset 292 lines).
Hunk #11 succeeded at 10349 (offset 309 lines).
patching file scheduler/job.c
Hunk #1 succeeded at 400 (offset 3 lines).
Hunk #2 succeeded at 1839 (offset 6 lines).
Hunk #3 succeeded at 2038 (offset 6 lines).
Hunk #4 succeeded at 2287 (offset 6 lines).
Hunk #5 succeeded at 4108 (offset 109 lines).
Hunk #6 succeeded at 4668 (offset 108 lines).
/usr/bin/touch /ws/userland/src/components/cups/cups-1.4.5/.patched-str4609-1.4.patch
/usr/bin/touch /ws/userland/src/components/cups/cups-1.4.5/.patched
/usr/bin/touch /ws/userland/src/components/cups/cups-1.4.5/.prep
(/bin/rm -f -rf /ws/userland/src/components/cups/build/i86 ; /bin/mkdir -p /ws/userland/src/components/cups/build/i86)
/ws/userland/src/tools/cloney /ws/userland/src/components/cups/cups-1.4.5 /ws/userland/src/components/cups/build/i86 ; find /ws/userland/src/components/cups/build/i86 -name '*.in' | sed -e 's/.in$//' | xargs /bin/rm -f ; ( cd /ws/userland/src/components/cups/cups-1.4.5 ; autoconf -f )
symlink cloning /ws/userland/src/components/cups/cups-1.4.5 to /ws/userland/src/components/cups/build/i86
(cd /ws/userland/src/components/cups/build/i86 ; /usr/bin/env CONFIG_SHELL="/bin/bash" PKG_CONFIG_PATH="/usr/lib/pkgconfig" CC="/opt/solarisstudio12.4/bin/cc" CXX="/opt/solarisstudio12.4/bin/CC"  CC_FOR_BUILD="/opt/solarisstudio12.4/bin/cc -m32" CXX_FOR_BUILD="/opt/solarisstudio12.4/bin/CC -m32" CPPFLAGS="" "ac_cv_func_realloc_0_nonnull=yes" "NM=/usr/gnu/bin/nm" INTLTOOL_PERL="/usr/perl5/5.22/bin/perl" CFLAGS="-xO4 -xchip=pentium -xregs=no%frameptr -mt" CXXFLAGS="-norunpath -xO4 -xchip=pentium -xregs=no%frameptr" LDFLAGS="-norunpath" "ac_cv_search_getifaddrs=no" "ac_cv_func_statfs=no" DSOFLAGS="-norunpath" /bin/bash \
	/ws/userland/src/components/cups/cups-1.4.5/configure --prefix=/usr --mandir=/usr/share/man --bindir=/usr/bin --sbindir=/usr/sbin --libdir=/usr/lib    --localedir=/usr/share/locale --sysconfdir=/etc --localstatedir=/var --with-fontpath=/usr/share/fonts --with-logdir=/var/log/cups --with-domainsocket=/var/run/cups-socket --with-smfmanifestdir=/lib/svc/manifest/application --with-printcap=/etc/printers.conf --with-cups-user=lp --with-cups-group=lp --disable-slp --disable-static --disable-gnutls --disable-libusb --enable-labeling --enable-openssl --enable-dbus --enable-threads --enable-64bit --enable-auditing --without-php)
checking for gawk... gawk
checking for gcc... /opt/solarisstudio12.4/bin/cc
checking whether the C compiler works... yes
checking for C compiler default output file name... a.out
checking for suffix of executables... 
checking whether we are cross compiling... no
checking for suffix of object files... o
checking whether we are using the GNU C compiler... no
checking whether /opt/solarisstudio12.4/bin/cc accepts -g... yes
checking for /opt/solarisstudio12.4/bin/cc option to accept ISO C89... none needed
checking how to run the C preprocessor... /opt/solarisstudio12.4/bin/cc -E
checking whether we are using the GNU C++ compiler... no
checking whether /opt/solarisstudio12.4/bin/CC accepts -g... yes
checking for ranlib... ranlib
checking for ar... /usr/bin/ar
checking for chmod... /usr/bin/chmod
checking for htmldoc... no
checking for ld... /usr/bin/ld
checking for ln... /usr/bin/ln
checking for mv... /usr/bin/mv
checking for rm... /usr/bin/rm
checking for rmdir... /usr/bin/rmdir
checking for sed... /usr/bin/sed
checking for xdg-open... /usr/bin/xdg-open
checking for install-sh script... using /ws/userland/src/components/cups/build/i86/install-sh
checking for library containing crypt... none required
checking for library containing getspent... none required
checking for grep that handles long lines and -e... /usr/bin/ggrep
checking for egrep... /usr/bin/ggrep -E
checking for ANSI C header files... yes
checking for sys/types.h... yes
checking for sys/stat.h... yes
checking for stdlib.h... yes
checking for string.h... yes
checking for memory.h... yes
checking for strings.h... yes
checking for inttypes.h... yes
checking for stdint.h... yes
checking for unistd.h... yes
checking crypt.h usability... yes
checking crypt.h presence... yes
checking for crypt.h... yes
checking langinfo.h usability... yes
checking langinfo.h presence... yes
checking for langinfo.h... yes
checking malloc.h usability... yes
checking malloc.h presence... yes
checking for malloc.h... yes
checking shadow.h usability... yes
checking shadow.h presence... yes
checking for shadow.h... yes
checking for string.h... (cached) yes
checking for strings.h... (cached) yes
checking bstring.h usability... no
checking bstring.h presence... no
checking for bstring.h... no
checking usersec.h usability... no
checking usersec.h presence... no
checking for usersec.h... no
checking sys/ioctl.h usability... yes
checking sys/ioctl.h presence... yes
checking for sys/ioctl.h... yes
checking sys/param.h usability... yes
checking sys/param.h presence... yes
checking for sys/param.h... yes
checking sys/ucred.h usability... no
checking sys/ucred.h presence... no
checking for sys/ucred.h... no
checking scsi/sg.h usability... no
checking scsi/sg.h presence... no
checking for scsi/sg.h... no
checking sys/mount.h usability... yes
checking sys/mount.h presence... yes
checking for sys/mount.h... yes
checking sys/statfs.h usability... yes
checking sys/statfs.h presence... yes
checking for sys/statfs.h... yes
checking sys/statvfs.h usability... yes
checking sys/statvfs.h presence... yes
checking for sys/statvfs.h... yes
checking sys/vfs.h usability... yes
checking sys/vfs.h presence... yes
checking for sys/vfs.h... yes
checking for statfs... (cached) no
checking for statvfs... yes
checking for strdup... yes
checking for strcasecmp... yes
checking for strncasecmp... yes
checking for strlcat... yes
checking for strlcpy... yes
checking for snprintf... yes
checking for vsnprintf... yes
checking for random... yes
checking for lrand48... yes
checking for arc4random... yes
checking for geteuid... yes
checking for vsyslog... yes
checking for sigset... yes
checking for sigaction... yes
checking for waitpid... yes
checking for wait3... yes
checking for tm_gmtoff member in tm structure... no
checking for st_gen member in stat structure... no
checking for removefile... no
checking for library containing acl_init... no
checking for pkg-config... /usr/bin/pkg-config
checking for DBUS... yes
checking for dbus_message_iter_init_append in -ldbus-1... yes
checking whether to build image filters... yes
checking for library containing pow... -lm
checking jpeglib.h usability... yes
checking jpeglib.h presence... yes
checking for jpeglib.h... yes
checking for jpeg_destroy_decompress in -ljpeg... yes
checking zlib.h usability... yes
checking zlib.h presence... yes
checking for zlib.h... yes
checking for gzgets in -lz... yes
checking png.h usability... yes
checking png.h presence... yes
checking for png.h... yes
checking for png_create_read_struct in -lpng... yes
checking tiff.h usability... yes
checking tiff.h presence... yes
checking for tiff.h... yes
checking for TIFFReadScanline in -ltiff... yes
checking for stdlib.h... (cached) yes
checking resolv.h usability... yes
checking resolv.h presence... yes
checking for resolv.h... yes
checking for library containing socket... none required
checking for library containing gethostbyaddr... none required
checking for library containing getifaddrs... (cached) no
checking for library containing hstrerror... -lresolv
checking for library containing rresvport_af... none required
checking for library containing __res_init... no
checking for library containing res_9_init... no
checking for library containing res_init... none required
checking for library containing getaddrinfo... none required
checking for library containing getnameinfo... none required
checking for struct sockaddr.sa_len... no
checking sys/sockio.h usability... yes
checking sys/sockio.h presence... yes
checking for sys/sockio.h... yes
checking for AppleTalk/at_proto.h... no
checking for poll... yes
checking for epoll_create... no
checking for kqueue... no
checking for krb5-config... /usr/bin/krb5-config
checking for gss_display_status in -lgss... yes
checking krb5.h usability... yes
checking krb5.h presence... yes
checking for krb5.h... yes
checking gssapi.h usability... yes
checking gssapi.h presence... yes
checking for gssapi.h... yes
checking gssapi/gssapi.h usability... yes
checking gssapi/gssapi.h presence... yes
checking for gssapi/gssapi.h... yes
checking gssapi/gssapi_generic.h usability... yes
checking gssapi/gssapi_generic.h presence... yes
checking for gssapi/gssapi_generic.h... yes
checking gssapi/gssapi_krb5.h usability... yes
checking gssapi/gssapi_krb5.h presence... yes
checking for gssapi/gssapi_krb5.h... yes
checking for gsskrb5_register_acceptor_identity... no
checking for krb5_cc_new_unique... yes
checking for krb5_ipc_client_set_target_uid... no
checking for GSS_C_NT_HOSTBASED_SERVICE... yes
checking for Heimdal Kerberos... no
checking ldap.h usability... yes
checking ldap.h presence... yes
checking for ldap.h... yes
checking for ldap_initialize in -lldap... yes
checking for ldap_start_tls in -lldap... yes
checking for ldap_set_rebind_proc in -lldap... yes
checking pthread.h usability... yes
checking pthread.h presence... yes
checking for pthread.h... yes
checking for pthread_create using -lpthreads... no
checking for pthread_create using -lpthread... yes
checking openssl/ssl.h usability... yes
checking openssl/ssl.h presence... yes
checking for openssl/ssl.h... yes
checking for SSL_new in -lssl... yes
    Using SSLLIBS="-lssl -lcrypto"
    Using SSLFLAGS="-DOPENSSL_DISABLE_OLD_DES_SUPPORT"
checking for dlopen in -ldl... yes
checking for pam_start in -lpam... yes
checking for pam_set_item in -lpam... yes
checking for pam_setcred in -lpam... yes
checking security/pam_appl.h usability... yes
checking security/pam_appl.h presence... yes
checking for security/pam_appl.h... yes
checking for special C compiler options needed for large files... no
checking for _FILE_OFFSET_BITS value needed for large files... 64
checking for long long int... yes
checking for strtoll... yes
checking dns_sd.h usability... yes
checking dns_sd.h presence... yes
checking for dns_sd.h... yes
checking for current version of dns_sd library... no
checking for launch_msg... no
checking launch.h usability... no
checking launch.h presence... no
checking for launch.h... no
checking whether to use network default printers... yes
checking for default system groups... "sys root"
checking for pdftops... /usr/bin/pdftops
checking for java... /usr/bin/java
checking for perl... /usr/bin/perl
checking for python... /usr/bin/python
checking for str_to_label in -ltsol... yes
checking tsol/label.h usability... yes
checking tsol/label.h presence... yes
checking for tsol/label.h... yes
checking for adt_start_session in -lbsm... yes
checking bsm/adt.h usability... yes
checking bsm/adt.h presence... yes
checking for bsm/adt.h... yes
checking bsm/adt_event.h usability... yes
checking bsm/adt_event.h presence... yes
checking for bsm/adt_event.h... yes
configure: creating ./config.status
config.status: creating Makedefs
config.status: creating packaging/cups.list
config.status: creating init/cups.sh
config.status: creating init/cups-lpd
config.status: creating cups-config
config.status: creating conf/cupsd.conf
config.status: creating conf/mime.convs
config.status: creating conf/pam.std
config.status: creating conf/snmp.conf
config.status: creating data/testprint
config.status: creating desktop/cups.desktop
config.status: creating doc/index.html
config.status: creating doc/help/ref-cupsd-conf.html
config.status: creating doc/help/standard.html
config.status: creating init/org.cups.cups-lpd.plist
config.status: creating init/cups.xml
config.status: creating man/client.conf.man
config.status: creating man/cups-deviced.man
config.status: creating man/cups-driverd.man
config.status: creating man/cups-lpd.man
config.status: creating man/cupsaddsmb.man
config.status: creating man/cupsd.man
config.status: creating man/cupsd.conf.man
config.status: creating man/lpoptions.man
config.status: creating templates/header.tmpl
config.status: creating cups.pc
config.status: creating doc/de/index.html
config.status: creating templates/de/header.tmpl
config.status: creating doc/es/index.html
config.status: creating templates/es/header.tmpl
config.status: creating doc/eu/index.html
config.status: creating templates/eu/header.tmpl
config.status: creating doc/id/index.html
config.status: creating templates/id/header.tmpl
config.status: creating doc/it/index.html
config.status: creating doc/ja/index.html
config.status: creating templates/ja/header.tmpl
config.status: creating doc/pl/index.html
config.status: creating templates/pl/header.tmpl
config.status: creating doc/ru/index.html
config.status: creating templates/ru/header.tmpl
config.status: creating config.h
/usr/bin/touch /ws/userland/src/components/cups/build/i86/.configured
(cd /ws/userland/src/components/cups/build/i86 ; /usr/bin/env LD_OPTIONS="-M /usr/lib/ld/map.noexdata -M /usr/lib/ld/map.pagealign -Bdirect  -zstrip-class=comment" LD_EXEC_OPTIONS=" -zsx=aslr=enable -zsx=nxstack=enable -zsx=nxheap=enable " LD_PIE_OPTIONS="-zsx=aslr=enable -zsx=nxstack=enable -zsx=nxheap=enable "  PKG_CONFIG_PATH="/usr/lib/pkgconfig" "ac_cv_func_realloc_0_nonnull=yes" INTLTOOL_PERL="/usr/perl5/5.22/bin/perl" \
	/usr/gnu/bin/make  )
make[1]: Entering directory '/ws/userland/src/components/cups/build/i86'
Using ARCHFLAGS=-xarch=generic
Using ALL_CFLAGS=-I.. -D_CUPS_SOURCE -I/usr/include/kerberosv5  -I/usr/include/kerberosv5 -xO4 -xchip=pentium -xregs=no%frameptr -mt -I/usr/include/dbus-1.0 -I/usr/lib/dbus-1.0/include -DDBUS_API_SUBJECT_TO_CHANGE -DOPENSSL_DISABLE_OLD_DES_SUPPORT -D_LARGEFILE_SOURCE -D_LARGEFILE64_SOURCE -D_FILE_OFFSET_BITS=64 -D_THREAD_SAFE -D_REENTRANT -D_POSIX_PTHREAD_SEMANTICS 
Using ALL_CXXFLAGS=-I.. -D_CUPS_SOURCE -I/usr/include/kerberosv5  -norunpath -xO4 -xchip=pentium -xregs=no%frameptr -DOPENSSL_DISABLE_OLD_DES_SUPPORT -D_LARGEFILE_SOURCE -D_LARGEFILE64_SOURCE -D_FILE_OFFSET_BITS=64 -D_THREAD_SAFE -D_REENTRANT -D_POSIX_PTHREAD_SEMANTICS 
Using CC=/opt/solarisstudio12.4/bin/cc
Using CXX=/opt/solarisstudio12.4/bin/cc
Using DSOFLAGS=-L../cups -norunpath -Wl,-hall -G -w -KPIC -xO2
Using LDFLAGS=-L../cgi-bin -L../cups -L../filter -L../ppdc -L../scheduler -norunpath   -w -KPIC -xO2
Using LIBS=-lcups -lssl -lcrypto  -lpthread -lresolv -lm 
Making all in cups...
make[2]: Entering directory '/ws/userland/src/components/cups/build/i86/cups'
Compiling adminutil.c...
Compiling array.c...
Compiling attr.c...
Compiling auth.c...
Compiling backchannel.c...
Compiling backend.c...
Compiling conflicts.c...
Compiling custom.c...
Compiling debug.c...
Compiling dest.c...
Compiling dir.c...
Compiling emit.c...
Compiling encode.c...
Compiling file.c...
Compiling getdevices.c...
Compiling getifaddrs.c...
Compiling getputfile.c...
Compiling globals.c...
Compiling http.c...
Compiling http-addr.c...
Compiling http-addrlist.c...
Compiling http-support.c...
Compiling ipp.c...
Compiling ipp-support.c...
Compiling langprintf.c...
Compiling language.c...
Compiling localize.c...
Compiling mark.c...
Compiling md5.c...
Compiling md5passwd.c...
Compiling notify.c...
Compiling options.c...
Compiling page.c...
Compiling ppd.c...
Compiling pwg-file.c...
Compiling pwg-media.c...
Compiling pwg-ppd.c...
Compiling request.c...
Compiling sidechannel.c...
Compiling snmp.c...
Compiling snprintf.c...
Compiling string.c...
Compiling tempfile.c...
Compiling transcode.c...
Compiling usersys.c...
Compiling util.c...
Linking libcups.so.2...
Compiling 64-bit adminutil.c...
Compiling 64-bit array.c...
Compiling 64-bit attr.c...
Compiling 64-bit auth.c...
Compiling 64-bit backchannel.c...
Compiling 64-bit backend.c...
Compiling 64-bit conflicts.c...
Compiling 64-bit custom.c...
Compiling 64-bit debug.c...
Compiling 64-bit dest.c...
Compiling 64-bit dir.c...
Compiling 64-bit emit.c...
Compiling 64-bit encode.c...
Compiling 64-bit file.c...
Compiling 64-bit getdevices.c...
Compiling 64-bit getifaddrs.c...
Compiling 64-bit getputfile.c...
Compiling 64-bit globals.c...
Compiling 64-bit http.c...
Compiling 64-bit http-addr.c...
Compiling 64-bit http-addrlist.c...
Compiling 64-bit http-support.c...
Compiling 64-bit ipp.c...
Compiling 64-bit ipp-support.c...
Compiling 64-bit langprintf.c...
Compiling 64-bit language.c...
Compiling 64-bit localize.c...
Compiling 64-bit mark.c...
Compiling 64-bit md5.c...
Compiling 64-bit md5passwd.c...
Compiling 64-bit notify.c...
Compiling 64-bit options.c...
Compiling 64-bit page.c...
Compiling 64-bit ppd.c...
Compiling 64-bit pwg-file.c...
Compiling 64-bit pwg-media.c...
Compiling 64-bit pwg-ppd.c...
Compiling 64-bit request.c...
Compiling 64-bit sidechannel.c...
Compiling 64-bit snmp.c...
Compiling 64-bit snprintf.c...
Compiling 64-bit string.c...
Compiling 64-bit tempfile.c...
Compiling 64-bit transcode.c...
Compiling 64-bit usersys.c...
Compiling 64-bit util.c...
Linking 64-bit 64bit/libcups.so.2...
Archiving libcups.a...
ar: writing libcups.a
a - adminutil.o
a - array.o
a - attr.o
a - auth.o
a - backchannel.o
a - backend.o
a - conflicts.o
a - custom.o
a - debug.o
a - dest.o
a - dir.o
a - emit.o
a - encode.o
a - file.o
a - getdevices.o
a - getifaddrs.o
a - getputfile.o
a - globals.o
a - http.o
a - http-addr.o
a - http-addrlist.o
a - http-support.o
a - ipp.o
a - ipp-support.o
a - langprintf.o
a - language.o
a - localize.o
a - mark.o
a - md5.o
a - md5passwd.o
a - notify.o
a - options.o
a - page.o
a - ppd.o
a - pwg-file.o
a - pwg-media.o
a - pwg-ppd.o
a - request.o
a - sidechannel.o
a - snmp.o
a - snprintf.o
a - string.o
a - tempfile.o
a - transcode.o
a - usersys.o
a - util.o
make[2]: Leaving directory '/ws/userland/src/components/cups/build/i86/cups'
Making all in filter...
make[2]: Entering directory '/ws/userland/src/components/cups/build/i86/filter'
Compiling image-bmp.c...
Compiling image-colorspace.c...
Compiling image-gif.c...
Compiling image-jpeg.c...
Compiling image-photocd.c...
Compiling image-pix.c...
Compiling image-png.c...
Compiling image-pnm.c...
Compiling image-sgi.c...
Compiling image-sgilib.c...
Compiling image-sun.c...
Compiling image-tiff.c...
Compiling image-zoom.c...
Compiling image.c...
Compiling error.c...
Compiling interpret.c...
Compiling raster.c...
Linking libcupsimage.so.2...
Archiving libcupsimage.a...
ar: writing libcupsimage.a
a - image-bmp.o
a - image-colorspace.o
a - image-gif.o
a - image-jpeg.o
a - image-photocd.o
a - image-pix.o
a - image-png.o
a - image-pnm.o
a - image-sgi.o
a - image-sgilib.o
a - image-sun.o
a - image-tiff.o
a - image-zoom.o
a - image.o
a - error.o
a - interpret.o
a - raster.o
Compiling 64-bit image-bmp.c...
Compiling 64-bit image-colorspace.c...
Compiling 64-bit image-gif.c...
Compiling 64-bit image-jpeg.c...
Compiling 64-bit image-photocd.c...
Compiling 64-bit image-pix.c...
Compiling 64-bit image-png.c...
Compiling 64-bit image-pnm.c...
Compiling 64-bit image-sgi.c...
Compiling 64-bit image-sgilib.c...
Compiling 64-bit image-sun.c...
Compiling 64-bit image-tiff.c...
Compiling 64-bit image-zoom.c...
Compiling 64-bit image.c...
Compiling 64-bit error.c...
Compiling 64-bit interpret.c...
Compiling 64-bit raster.c...
Linking 64-bit 64bit/libcupsimage.so.2...
Compiling bannertops.c...
Compiling pstext.c...
Compiling common.c...
Compiling tsol_labeled_banner.c...
Linking bannertops...
Compiling commandtops.c...
Linking commandtops...
Compiling gziptoany.c...
Linking gziptoany...
Compiling hpgl-attr.c...
Compiling hpgl-config.c...
Compiling hpgl-main.c...
Compiling hpgl-prolog.c...
Compiling hpgl-char.c...
Compiling hpgl-input.c...
Compiling hpgl-polygon.c...
Compiling hpgl-vector.c...
Linking hpgltops...
Compiling texttops.c...
Compiling textcommon.c...
Linking texttops...
Compiling pstops.c...
Linking pstops...
Compiling imagetops.c...
Linking imagetops...
Compiling imagetoraster.c...
Linking imagetoraster...
Compiling pdftops.c...
Linking pdftops...
Compiling rastertolabel.c...
Linking rastertolabel...
Compiling rastertoepson.c...
Linking rastertoepson...
Compiling rastertohp.c...
Linking rastertohp...
make[2]: Leaving directory '/ws/userland/src/components/cups/build/i86/filter'
Making all in backend...
make[2]: Entering directory '/ws/userland/src/components/cups/build/i86/backend'
Compiling ieee1284.c...
Compiling network.c...
Compiling runloop.c...
Compiling snmp-supplies.c...
Archiving libbackend.a...
ar: writing libbackend.a
a - ieee1284.o
a - network.o
a - runloop.o
a - snmp-supplies.o
Compiling ipp.c...
Linking ipp...
Compiling lpd.c...
Linking lpd...
Compiling parallel.c...
Linking parallel...
Compiling scsi.c...
Linking scsi...
Compiling serial.c...
Linking serial...
Compiling snmp.c...
Linking snmp...
Compiling socket.c...
Linking socket...
Compiling usb.c...
Linking usb...
make[2]: Leaving directory '/ws/userland/src/components/cups/build/i86/backend'
Making all in berkeley...
make[2]: Entering directory '/ws/userland/src/components/cups/build/i86/berkeley'
Compiling lpc.c...
Linking lpc...
Compiling lpq.c...
Linking lpq...
Compiling lpr.c...
Linking lpr...
Compiling lprm.c...
Linking lprm...
make[2]: Leaving directory '/ws/userland/src/components/cups/build/i86/berkeley'
Making all in cgi-bin...
make[2]: Entering directory '/ws/userland/src/components/cups/build/i86/cgi-bin'
Compiling help-index.c...
Compiling html.c...
Compiling ipp-var.c...
Compiling search.c...
Compiling template.c...
Compiling var.c...
Archiving libcupscgi.a...
ar: writing libcupscgi.a
a - help-index.o
a - html.o
a - ipp-var.o
a - search.o
a - template.o
a - var.o
Linking libcupscgi.so.1...
Compiling websearch.c...
Linking websearch...
Compiling admin.c...
Linking admin.cgi...
Compiling classes.c...
Linking classes.cgi...
Compiling help.c...
Linking help.cgi...
Compiling jobs.c...
Linking jobs.cgi...
Compiling printers.c...
Linking printers.cgi...
make[2]: Leaving directory '/ws/userland/src/components/cups/build/i86/cgi-bin'
Making all in driver...
make[2]: Entering directory '/ws/userland/src/components/cups/build/i86/driver'
Compiling attr.c...
Compiling check.c...
Compiling cmyk.c...
Compiling dither.c...
Compiling lut.c...
Compiling pack.c...
Compiling rgb.c...
Compiling srgb.c...
Linking libcupsdriver.so.1...
Archiving libcupsdriver.a...
ar: writing libcupsdriver.a
a - attr.o
a - check.o
a - cmyk.o
a - dither.o
a - lut.o
a - pack.o
a - rgb.o
a - srgb.o
Compiling commandtoescpx.c...
Linking commandtoescpx...
Compiling commandtopclx.c...
Linking commandtopclx...
Compiling rastertoescpx.c...
Linking rastertoescpx...
Compiling rastertopclx.c...
Compiling pcl-common.c...
Linking rastertopclx...
make[2]: Leaving directory '/ws/userland/src/components/cups/build/i86/driver'
Making all in locale...
make[2]: Entering directory '/ws/userland/src/components/cups/build/i86/locale'
Compiling checkpo.c...
Linking checkpo.o...
Compiling po2strings.c...
Linking po2strings.o...
Compiling strings2po.c...
Linking strings2po.o...
Compiling translate.c...
Linking translate.o...
make[2]: Leaving directory '/ws/userland/src/components/cups/build/i86/locale'
Making all in man...
make[2]: Entering directory '/ws/userland/src/components/cups/build/i86/man'
Linking cancel.man...
Linking cups-config.man...
Linking cupstestdsc.man...
Linking cupstestppd.man...
Linking lp.man...
Linking lpoptions.man...
Linking lppasswd.man...
Linking lpq.man...
Linking lprm.man...
Linking lpr.man...
Linking lpstat.man...
Linking ppdc.man...
Linking ppdhtml.man...
Linking ppdi.man...
Linking ppdmerge.man...
Linking ppdpo.man...
Linking classes.conf.man...
Linking client.conf.man...
Linking cups-snmp.conf.man...
Linking cupsd.conf.man...
Linking mailto.conf.man...
Linking mime.convs.man...
Linking mime.types.man...
Linking ppdcfile.man...
Linking printers.conf.man...
Linking subscriptions.conf.man...
Linking backend.man...
Linking filter.man...
Linking notifier.man...
Linking cupsaccept.man...
Linking cupsaddsmb.man...
Linking cupsctl.man...
Linking cupsfilter.man...
Linking cups-deviced.man...
Linking cups-driverd.man...
Linking cups-lpd.man...
Linking cups-polld.man...
Linking cupsd.man...
Linking cupsenable.man...
Linking lpadmin.man...
Linking lpinfo.man...
Linking lpmove.man...
Linking lpc.man...
Compiling mantohtml.c...
Converting man pages to HTML...
    cancel.1...
    cups-config.1...
    cupstestdsc.1...
    cupstestppd.1...
    lp.1...
    lpoptions.1...
    lppasswd.1...
    lpq.1...
    lprm.1...
    lpr.1...
    lpstat.1...
    ppdc.1...
    ppdhtml.1...
    ppdi.1...
    ppdmerge.1...
    ppdpo.1...
    classes.conf.5...
    client.conf.5...
    cups-snmp.conf.5...
    cupsd.conf.5...
    mailto.conf.5...
    mime.convs.5...
    mime.types.5...
    ppdcfile.5...
    printers.conf.5...
    subscriptions.conf.5...
    backend.7...
    filter.7...
    notifier.7...
    cupsaccept.8...
    cupsaddsmb.8...
    cupsctl.8...
    cupsfilter.8...
    cups-deviced.8...
    cups-driverd.8...
    cups-lpd.8...
    cups-polld.8...
    cupsd.8...
    cupsenable.8...
    lpadmin.8...
    lpinfo.8...
    lpmove.8...
    lpc.8...
make[2]: Leaving directory '/ws/userland/src/components/cups/build/i86/man'
Making all in monitor...
make[2]: Entering directory '/ws/userland/src/components/cups/build/i86/monitor'
Compiling bcp.c...
Linking bcp...
Compiling tbcp.c...
Linking tbcp...
make[2]: Leaving directory '/ws/userland/src/components/cups/build/i86/monitor'
Making all in notifier...
make[2]: Entering directory '/ws/userland/src/components/cups/build/i86/notifier'
Compiling dbus.c...
Linking dbus...
Compiling mailto.c...
Linking mailto...
Compiling rss.c...
Linking rss...
Compiling testnotify.c...
Linking testnotify...
make[2]: Leaving directory '/ws/userland/src/components/cups/build/i86/notifier'
Making all in ppdc...
make[2]: Entering directory '/ws/userland/src/components/cups/build/i86/ppdc'
Compiling ppdc-array.cxx...
Compiling ppdc-attr.cxx...
Compiling ppdc-catalog.cxx...
Compiling ppdc-choice.cxx...
Compiling ppdc-constraint.cxx...
Compiling ppdc-driver.cxx...
Compiling ppdc-file.cxx...
Compiling ppdc-filter.cxx...
Compiling ppdc-font.cxx...
Compiling ppdc-group.cxx...
Compiling ppdc-import.cxx...
Compiling ppdc-mediasize.cxx...
Compiling ppdc-message.cxx...
Compiling ppdc-option.cxx...
Compiling ppdc-profile.cxx...
Compiling ppdc-shared.cxx...
Compiling ppdc-source.cxx...
Compiling ppdc-string.cxx...
Compiling ppdc-variable.cxx...
Linking libcupsppdc.so.1...
Archiving libcupsppdc.a...
ar: writing libcupsppdc.a
a - ppdc-array.o
a - ppdc-attr.o
a - ppdc-catalog.o
a - ppdc-choice.o
a - ppdc-constraint.o
a - ppdc-driver.o
a - ppdc-file.o
a - ppdc-filter.o
a - ppdc-font.o
a - ppdc-group.o
a - ppdc-import.o
a - ppdc-mediasize.o
a - ppdc-message.o
a - ppdc-option.o
a - ppdc-profile.o
a - ppdc-shared.o
a - ppdc-source.o
a - ppdc-string.o
a - ppdc-variable.o
Compiling ppdc.cxx...
Linking ppdc...
Compiling ppdhtml.cxx...
Linking ppdhtml...
Compiling ppdi.cxx...
Linking ppdi...
Compiling ppdmerge.cxx...
Linking ppdmerge...
Compiling ppdpo.cxx...
Linking ppdpo...
Compiling genstrings.cxx...
Linking genstrings...
Generating localization strings...
make[2]: Leaving directory '/ws/userland/src/components/cups/build/i86/ppdc'
Making all in scheduler...
make[2]: Entering directory '/ws/userland/src/components/cups/build/i86/scheduler'
Compiling filter.c...
Compiling mime.c...
Compiling type.c...
Linking libcupsmime.so.1...
Archiving libcupsmime.a...
ar: writing libcupsmime.a
a - filter.o
a - mime.o
a - type.o
Compiling audit.c...
Compiling auth.c...
Compiling banners.c...
Compiling cert.c...
Compiling classes.c...
Compiling client.c...
Compiling conf.c...
Compiling dirsvc.c...
Compiling env.c...
Compiling main.c...
Compiling ipp.c...
Compiling listen.c...
Compiling job.c...
Compiling log.c...
Compiling network.c...
Compiling policy.c...
Compiling printers.c...
Compiling process.c...
Compiling quotas.c...
Compiling removefile.c...
Compiling select.c...
Compiling server.c...
Compiling statbuf.c...
Compiling subscriptions.c...
Compiling sysman.c...
Linking cupsd...
Compiling cupsfilter.c...
Linking cupsfilter...
Compiling cups-deviced.c...
Compiling util.c...
Linking cups-deviced...
Compiling cups-driverd.cxx...
Linking cups-driverd...
Compiling cups-lpd.c...
Linking cups-lpd...
Compiling cups-polld.c...
Linking cups-polld...
make[2]: Leaving directory '/ws/userland/src/components/cups/build/i86/scheduler'
Making all in systemv...
make[2]: Entering directory '/ws/userland/src/components/cups/build/i86/systemv'
Compiling cancel.c...
Linking cancel...
Compiling cupsaccept.c...
Linking cupsaccept...
Compiling cupsaddsmb.c...
Linking cupsaddsmb...
Compiling cupsctl.c...
Linking cupsctl...
Compiling cupstestdsc.c...
Linking cupstestdsc...
Compiling cupstestppd.c...
Linking cupstestppd...
Compiling lp.c...
Linking lp...
Compiling lpadmin.c...
Linking lpadmin...
Compiling lpinfo.c...
Linking lpinfo...
Compiling lpmove.c...
Linking lpmove...
Compiling lpoptions.c...
Linking lpoptions...
Compiling lppasswd.c...
Linking lppasswd...
Compiling lpstat.c...
Linking lpstat...
make[2]: Leaving directory '/ws/userland/src/components/cups/build/i86/systemv'
Making all in test...
make[2]: Entering directory '/ws/userland/src/components/cups/build/i86/test'
Compiling ipptest.c...
Linking ipptest...
make[2]: Leaving directory '/ws/userland/src/components/cups/build/i86/test'
Making all in conf...
Making all in data...
Making all in doc...
Making all in examples...
Making all in fonts...
Making all in templates...
make[1]: Leaving directory '/ws/userland/src/components/cups/build/i86'
/usr/bin/touch /ws/userland/src/components/cups/build/i86/.built
(cd /ws/userland/src/components/cups/build/i86 ; /usr/bin/env DSTROOT="/ws/userland/src/components/cups/build/prototype/i386" LD_OPTIONS="-M /usr/lib/ld/map.noexdata -M /usr/lib/ld/map.pagealign -Bdirect  -zstrip-class=comment" LD_EXEC_OPTIONS=" -zsx=aslr=enable -zsx=nxstack=enable -zsx=nxheap=enable " LD_PIE_OPTIONS="-zsx=aslr=enable -zsx=nxstack=enable -zsx=nxheap=enable "  /usr/gnu/bin/make \
		 DESTDIR=/ws/userland/src/components/cups/build/prototype/i386 install)
make[1]: Entering directory '/ws/userland/src/components/cups/build/i86'
Installing data files in cups...
Installing data files in filter...
Installing data files in backend...
Installing data files in berkeley...
Installing data files in cgi-bin...
Installing data files in driver...
Installing data files in locale...
make[2]: Entering directory '/ws/userland/src/components/cups/build/i86/locale'
make[2]: Leaving directory '/ws/userland/src/components/cups/build/i86/locale'
Installing data files in man...
make[2]: Entering directory '/ws/userland/src/components/cups/build/i86/man'
Converting man pages to HTML...
    cancel.1...
    cups-config.1...
    cupstestdsc.1...
    cupstestppd.1...
    lp.1...
    lpoptions.1...
    lppasswd.1...
    lpq.1...
    lprm.1...
    lpr.1...
    lpstat.1...
    ppdc.1...
    ppdhtml.1...
    ppdi.1...
    ppdmerge.1...
    ppdpo.1...
    classes.conf.5...
    client.conf.5...
    cups-snmp.conf.5...
    cupsd.conf.5...
    mailto.conf.5...
    mime.convs.5...
    mime.types.5...
    ppdcfile.5...
    printers.conf.5...
    subscriptions.conf.5...
    backend.7...
    filter.7...
    notifier.7...
    cupsaccept.8...
    cupsaddsmb.8...
    cupsctl.8...
    cupsfilter.8...
    cups-deviced.8...
    cups-driverd.8...
    cups-lpd.8...
    cups-polld.8...
    cupsd.8...
    cupsenable.8...
    lpadmin.8...
    lpinfo.8...
    lpmove.8...
    lpc.8...
Installing cancel.1 in /ws/userland/src/components/cups/build/prototype/i386/usr/share/man/man1...
Installing cups-config.1 in /ws/userland/src/components/cups/build/prototype/i386/usr/share/man/man1...
Installing cupstestdsc.1 in /ws/userland/src/components/cups/build/prototype/i386/usr/share/man/man1...
Installing cupstestppd.1 in /ws/userland/src/components/cups/build/prototype/i386/usr/share/man/man1...
Installing lp.1 in /ws/userland/src/components/cups/build/prototype/i386/usr/share/man/man1...
Installing lpoptions.1 in /ws/userland/src/components/cups/build/prototype/i386/usr/share/man/man1...
Installing lppasswd.1 in /ws/userland/src/components/cups/build/prototype/i386/usr/share/man/man1...
Installing lpq.1 in /ws/userland/src/components/cups/build/prototype/i386/usr/share/man/man1...
Installing lprm.1 in /ws/userland/src/components/cups/build/prototype/i386/usr/share/man/man1...
Installing lpr.1 in /ws/userland/src/components/cups/build/prototype/i386/usr/share/man/man1...
Installing lpstat.1 in /ws/userland/src/components/cups/build/prototype/i386/usr/share/man/man1...
Installing ppdc.1 in /ws/userland/src/components/cups/build/prototype/i386/usr/share/man/man1...
Installing ppdhtml.1 in /ws/userland/src/components/cups/build/prototype/i386/usr/share/man/man1...
Installing ppdi.1 in /ws/userland/src/components/cups/build/prototype/i386/usr/share/man/man1...
Installing ppdmerge.1 in /ws/userland/src/components/cups/build/prototype/i386/usr/share/man/man1...
Installing ppdpo.1 in /ws/userland/src/components/cups/build/prototype/i386/usr/share/man/man1...
Installing classes.conf.5 in /ws/userland/src/components/cups/build/prototype/i386/usr/share/man/man5...
Installing client.conf.5 in /ws/userland/src/components/cups/build/prototype/i386/usr/share/man/man5...
Installing cups-snmp.conf.5 in /ws/userland/src/components/cups/build/prototype/i386/usr/share/man/man5...
Installing cupsd.conf.5 in /ws/userland/src/components/cups/build/prototype/i386/usr/share/man/man5...
Installing mailto.conf.5 in /ws/userland/src/components/cups/build/prototype/i386/usr/share/man/man5...
Installing mime.convs.5 in /ws/userland/src/components/cups/build/prototype/i386/usr/share/man/man5...
Installing mime.types.5 in /ws/userland/src/components/cups/build/prototype/i386/usr/share/man/man5...
Installing ppdcfile.5 in /ws/userland/src/components/cups/build/prototype/i386/usr/share/man/man5...
Installing printers.conf.5 in /ws/userland/src/components/cups/build/prototype/i386/usr/share/man/man5...
Installing subscriptions.conf.5 in /ws/userland/src/components/cups/build/prototype/i386/usr/share/man/man5...
Installing backend.7 in /ws/userland/src/components/cups/build/prototype/i386/usr/share/man/man7...
Installing filter.7 in /ws/userland/src/components/cups/build/prototype/i386/usr/share/man/man7...
Installing notifier.7 in /ws/userland/src/components/cups/build/prototype/i386/usr/share/man/man7...
Installing cupsaccept.8 in /ws/userland/src/components/cups/build/prototype/i386/usr/share/man/man8...
Installing cupsaddsmb.8 in /ws/userland/src/components/cups/build/prototype/i386/usr/share/man/man8...
Installing cupsctl.8 in /ws/userland/src/components/cups/build/prototype/i386/usr/share/man/man8...
Installing cupsfilter.8 in /ws/userland/src/components/cups/build/prototype/i386/usr/share/man/man8...
Installing cups-deviced.8 in /ws/userland/src/components/cups/build/prototype/i386/usr/share/man/man8...
Installing cups-driverd.8 in /ws/userland/src/components/cups/build/prototype/i386/usr/share/man/man8...
Installing cups-lpd.8 in /ws/userland/src/components/cups/build/prototype/i386/usr/share/man/man8...
Installing cups-polld.8 in /ws/userland/src/components/cups/build/prototype/i386/usr/share/man/man8...
Installing cupsd.8 in /ws/userland/src/components/cups/build/prototype/i386/usr/share/man/man8...
Installing cupsenable.8 in /ws/userland/src/components/cups/build/prototype/i386/usr/share/man/man8...
Installing lpadmin.8 in /ws/userland/src/components/cups/build/prototype/i386/usr/share/man/man8...
Installing lpinfo.8 in /ws/userland/src/components/cups/build/prototype/i386/usr/share/man/man8...
Installing lpmove.8 in /ws/userland/src/components/cups/build/prototype/i386/usr/share/man/man8...
Installing lpc.8 in /ws/userland/src/components/cups/build/prototype/i386/usr/share/man/man8...
make[2]: Leaving directory '/ws/userland/src/components/cups/build/i86/man'
Installing data files in monitor...
Installing data files in notifier...
make[2]: Entering directory '/ws/userland/src/components/cups/build/i86/notifier'
chgrp: /ws/userland/src/components/cups/build/prototype/i386/var/cache/cups/rss: Not owner
warning: Unable to change group of /ws/userland/src/components/cups/build/prototype/i386/var/cache/cups/rss!
make[2]: Leaving directory '/ws/userland/src/components/cups/build/i86/notifier'
Installing data files in ppdc...
make[2]: Entering directory '/ws/userland/src/components/cups/build/i86/ppdc'
make[2]: Leaving directory '/ws/userland/src/components/cups/build/i86/ppdc'
Installing data files in scheduler...
make[2]: Entering directory '/ws/userland/src/components/cups/build/i86/scheduler'
Creating /ws/userland/src/components/cups/build/prototype/i386/usr/lib/cups/driver...
Creating /ws/userland/src/components/cups/build/prototype/i386/etc/cups...
chgrp: /ws/userland/src/components/cups/build/prototype/i386/etc/cups: Not owner
warning: Unable to change group of /ws/userland/src/components/cups/build/prototype/i386/etc/cups!
Creating /ws/userland/src/components/cups/build/prototype/i386/etc/cups/interfaces...
chgrp: /ws/userland/src/components/cups/build/prototype/i386/etc/cups/interfaces: Not owner
warning: Unable to change group of /ws/userland/src/components/cups/build/prototype/i386/etc/cups/interfaces!
Creating /ws/userland/src/components/cups/build/prototype/i386/etc/cups/ppd...
chgrp: /ws/userland/src/components/cups/build/prototype/i386/etc/cups/ppd: Not owner
warning: Unable to change group of /ws/userland/src/components/cups/build/prototype/i386/etc/cups/ppd!
Creating /ws/userland/src/components/cups/build/prototype/i386/etc/cups/ssl...
chgrp: /ws/userland/src/components/cups/build/prototype/i386/etc/cups/ssl: Not owner
warning: Unable to change group of /ws/userland/src/components/cups/build/prototype/i386/etc/cups/ssl!
Creating /ws/userland/src/components/cups/build/prototype/i386/var/log/cups...
Creating /ws/userland/src/components/cups/build/prototype/i386/var/spool/cups...
chgrp: /ws/userland/src/components/cups/build/prototype/i386/var/spool/cups: Not owner
warning: Unable to change group of /ws/userland/src/components/cups/build/prototype/i386/var/spool/cups!
Creating /ws/userland/src/components/cups/build/prototype/i386/var/spool/cups/tmp...
chgrp: /ws/userland/src/components/cups/build/prototype/i386/var/spool/cups/tmp: Not owner
warning: Unable to change group of /ws/userland/src/components/cups/build/prototype/i386/var/spool/cups/tmp!
Creating /ws/userland/src/components/cups/build/prototype/i386/var/cache/cups...
chgrp: /ws/userland/src/components/cups/build/prototype/i386/var/cache/cups: Not owner
warning: Unable to change group of /ws/userland/src/components/cups/build/prototype/i386/var/cache/cups!
make[2]: Leaving directory '/ws/userland/src/components/cups/build/i86/scheduler'
Installing data files in systemv...
Installing data files in test...
Installing data files in conf...
make[2]: Entering directory '/ws/userland/src/components/cups/build/i86/conf'
chgrp: /ws/userland/src/components/cups/build/prototype/i386/etc/cups/#inst.8854#: Not owner
warning: Unable to change group of /ws/userland/src/components/cups/build/prototype/i386/etc/cups/cupsd.conf!
chgrp: /ws/userland/src/components/cups/build/prototype/i386/etc/cups/#inst.8865#: Not owner
warning: Unable to change group of /ws/userland/src/components/cups/build/prototype/i386/etc/cups/snmp.conf!
chgrp: /ws/userland/src/components/cups/build/prototype/i386/etc/cups/#inst.8876#: Not owner
warning: Unable to change group of /ws/userland/src/components/cups/build/prototype/i386/etc/cups/cupsd.conf.default!
make[2]: Leaving directory '/ws/userland/src/components/cups/build/i86/conf'
Installing data files in data...
make[2]: Entering directory '/ws/userland/src/components/cups/build/i86/data'
make[2]: Leaving directory '/ws/userland/src/components/cups/build/i86/data'
Installing data files in doc...
make[2]: Entering directory '/ws/userland/src/components/cups/build/i86/doc'
make[2]: Leaving directory '/ws/userland/src/components/cups/build/i86/doc'
Installing data files in examples...
make[2]: Entering directory '/ws/userland/src/components/cups/build/i86/examples'
make[2]: Leaving directory '/ws/userland/src/components/cups/build/i86/examples'
Installing data files in fonts...
make[2]: Entering directory '/ws/userland/src/components/cups/build/i86/fonts'
make[2]: Leaving directory '/ws/userland/src/components/cups/build/i86/fonts'
Installing data files in templates...
make[2]: Entering directory '/ws/userland/src/components/cups/build/i86/templates'
make[2]: Leaving directory '/ws/userland/src/components/cups/build/i86/templates'
Installing cups-config script...
Installing SMF manifest in /lib/svc/manifest/application...
Installing cups.conf in /etc/dbus-1...
Installing desktop menu...
Installing desktop icons...
Installing header files in cups...
make[2]: Entering directory '/ws/userland/src/components/cups/build/i86/cups'
Installing header files into /ws/userland/src/components/cups/build/prototype/i386/usr/include/cups...
make[2]: Leaving directory '/ws/userland/src/components/cups/build/i86/cups'
Installing header files in filter...
make[2]: Entering directory '/ws/userland/src/components/cups/build/i86/filter'
make[2]: Leaving directory '/ws/userland/src/components/cups/build/i86/filter'
Installing header files in backend...
Installing header files in berkeley...
Installing header files in cgi-bin...
make[2]: Entering directory '/ws/userland/src/components/cups/build/i86/cgi-bin'
Installing header files in /ws/userland/src/components/cups/build/prototype/i386/usr/include/cups...
make[2]: Leaving directory '/ws/userland/src/components/cups/build/i86/cgi-bin'
Installing header files in driver...
make[2]: Entering directory '/ws/userland/src/components/cups/build/i86/driver'
Installing header files in /ws/userland/src/components/cups/build/prototype/i386/usr/include/cups...
make[2]: Leaving directory '/ws/userland/src/components/cups/build/i86/driver'
Installing header files in locale...
Installing header files in man...
Installing header files in monitor...
Installing header files in notifier...
Installing header files in ppdc...
make[2]: Entering directory '/ws/userland/src/components/cups/build/i86/ppdc'
Installing header files in /ws/userland/src/components/cups/build/prototype/i386/usr/include/cups...
make[2]: Leaving directory '/ws/userland/src/components/cups/build/i86/ppdc'
Installing header files in scheduler...
make[2]: Entering directory '/ws/userland/src/components/cups/build/i86/scheduler'
Installing header files in /ws/userland/src/components/cups/build/prototype/i386/usr/include/cups...
make[2]: Leaving directory '/ws/userland/src/components/cups/build/i86/scheduler'
Installing header files in systemv...
Installing header files in test...
Installing header files in conf...
Installing header files in data...
Installing header files in doc...
Installing header files in examples...
Installing header files in fonts...
Installing header files in templates...
Using ARCHFLAGS=-xarch=generic
Using ALL_CFLAGS=-I.. -D_CUPS_SOURCE -I/usr/include/kerberosv5  -I/usr/include/kerberosv5 -xO4 -xchip=pentium -xregs=no%frameptr -mt -I/usr/include/dbus-1.0 -I/usr/lib/dbus-1.0/include -DDBUS_API_SUBJECT_TO_CHANGE -DOPENSSL_DISABLE_OLD_DES_SUPPORT -D_LARGEFILE_SOURCE -D_LARGEFILE64_SOURCE -D_FILE_OFFSET_BITS=64 -D_THREAD_SAFE -D_REENTRANT -D_POSIX_PTHREAD_SEMANTICS 
Using ALL_CXXFLAGS=-I.. -D_CUPS_SOURCE -I/usr/include/kerberosv5  -norunpath -xO4 -xchip=pentium -xregs=no%frameptr -DOPENSSL_DISABLE_OLD_DES_SUPPORT -D_LARGEFILE_SOURCE -D_LARGEFILE64_SOURCE -D_FILE_OFFSET_BITS=64 -D_THREAD_SAFE -D_REENTRANT -D_POSIX_PTHREAD_SEMANTICS 
Using CC=/opt/solarisstudio12.4/bin/cc
Using CXX=/opt/solarisstudio12.4/bin/cc
Using DSOFLAGS=-L../cups -norunpath -Wl,-hlibs -G -w -KPIC -xO2
Using LDFLAGS=-L../cgi-bin -L../cups -L../filter -L../ppdc -L../scheduler -norunpath   -w -KPIC -xO2
Using LIBS=-lcups -lssl -lcrypto  -lpthread -lresolv -lm 
Making libraries in cups...
Making libraries in filter...
Making libraries in backend...
Making libraries in berkeley...
Making libraries in cgi-bin...
Making libraries in driver...
Making libraries in locale...
Making libraries in man...
Making libraries in monitor...
Making libraries in notifier...
Making libraries in ppdc...
Making libraries in scheduler...
Making libraries in systemv...
Making libraries in test...
Making libraries in conf...
Making libraries in data...
Making libraries in doc...
Making libraries in examples...
Making libraries in fonts...
Making libraries in templates...
Installing libraries in cups...
make[2]: Entering directory '/ws/userland/src/components/cups/build/i86/cups'
Installing libraries in /ws/userland/src/components/cups/build/prototype/i386/usr/lib/64...
Installing libraries in /ws/userland/src/components/cups/build/prototype/i386/usr/lib...
make[2]: Leaving directory '/ws/userland/src/components/cups/build/i86/cups'
Installing libraries in filter...
make[2]: Entering directory '/ws/userland/src/components/cups/build/i86/filter'
make[2]: Leaving directory '/ws/userland/src/components/cups/build/i86/filter'
Installing libraries in backend...
Installing libraries in berkeley...
Installing libraries in cgi-bin...
make[2]: Entering directory '/ws/userland/src/components/cups/build/i86/cgi-bin'
Installing libraries in /ws/userland/src/components/cups/build/prototype/i386/usr/lib...
make[2]: Leaving directory '/ws/userland/src/components/cups/build/i86/cgi-bin'
Installing libraries in driver...
make[2]: Entering directory '/ws/userland/src/components/cups/build/i86/driver'
Installing libraries in /ws/userland/src/components/cups/build/prototype/i386/usr/lib...
make[2]: Leaving directory '/ws/userland/src/components/cups/build/i86/driver'
Installing libraries in locale...
Installing libraries in man...
Installing libraries in monitor...
Installing libraries in notifier...
Installing libraries in ppdc...
make[2]: Entering directory '/ws/userland/src/components/cups/build/i86/ppdc'
Installing libraries in /ws/userland/src/components/cups/build/prototype/i386/usr/lib...
make[2]: Leaving directory '/ws/userland/src/components/cups/build/i86/ppdc'
Installing libraries in scheduler...
make[2]: Entering directory '/ws/userland/src/components/cups/build/i86/scheduler'
Installing libraries in /ws/userland/src/components/cups/build/prototype/i386/usr/lib...
make[2]: Leaving directory '/ws/userland/src/components/cups/build/i86/scheduler'
Installing libraries in systemv...
Installing libraries in test...
Installing libraries in conf...
Installing libraries in data...
Installing libraries in doc...
Installing libraries in examples...
Installing libraries in fonts...
Installing libraries in templates...
Using ARCHFLAGS=-xarch=generic
Using ALL_CFLAGS=-I.. -D_CUPS_SOURCE -I/usr/include/kerberosv5  -I/usr/include/kerberosv5 -xO4 -xchip=pentium -xregs=no%frameptr -mt -I/usr/include/dbus-1.0 -I/usr/lib/dbus-1.0/include -DDBUS_API_SUBJECT_TO_CHANGE -DOPENSSL_DISABLE_OLD_DES_SUPPORT -D_LARGEFILE_SOURCE -D_LARGEFILE64_SOURCE -D_FILE_OFFSET_BITS=64 -D_THREAD_SAFE -D_REENTRANT -D_POSIX_PTHREAD_SEMANTICS 
Using ALL_CXXFLAGS=-I.. -D_CUPS_SOURCE -I/usr/include/kerberosv5  -norunpath -xO4 -xchip=pentium -xregs=no%frameptr -DOPENSSL_DISABLE_OLD_DES_SUPPORT -D_LARGEFILE_SOURCE -D_LARGEFILE64_SOURCE -D_FILE_OFFSET_BITS=64 -D_THREAD_SAFE -D_REENTRANT -D_POSIX_PTHREAD_SEMANTICS 
Using CC=/opt/solarisstudio12.4/bin/cc
Using CXX=/opt/solarisstudio12.4/bin/cc
Using DSOFLAGS=-L../cups -norunpath -Wl,-hall -G -w -KPIC -xO2
Using LDFLAGS=-L../cgi-bin -L../cups -L../filter -L../ppdc -L../scheduler -norunpath   -w -KPIC -xO2
Using LIBS=-lcups -lssl -lcrypto  -lpthread -lresolv -lm 
Making all in cups...
Making all in filter...
Making all in backend...
Making all in berkeley...
Making all in cgi-bin...
Making all in driver...
Making all in locale...
Making all in man...
make[2]: Entering directory '/ws/userland/src/components/cups/build/i86/man'
Converting man pages to HTML...
    cancel.1...
    cups-config.1...
    cupstestdsc.1...
    cupstestppd.1...
    lp.1...
    lpoptions.1...
    lppasswd.1...
    lpq.1...
    lprm.1...
    lpr.1...
    lpstat.1...
    ppdc.1...
    ppdhtml.1...
    ppdi.1...
    ppdmerge.1...
    ppdpo.1...
    classes.conf.5...
    client.conf.5...
    cups-snmp.conf.5...
    cupsd.conf.5...
    mailto.conf.5...
    mime.convs.5...
    mime.types.5...
    ppdcfile.5...
    printers.conf.5...
    subscriptions.conf.5...
    backend.7...
    filter.7...
    notifier.7...
    cupsaccept.8...
    cupsaddsmb.8...
    cupsctl.8...
    cupsfilter.8...
    cups-deviced.8...
    cups-driverd.8...
    cups-lpd.8...
    cups-polld.8...
    cupsd.8...
    cupsenable.8...
    lpadmin.8...
    lpinfo.8...
    lpmove.8...
    lpc.8...
make[2]: Leaving directory '/ws/userland/src/components/cups/build/i86/man'
Making all in monitor...
Making all in notifier...
Making all in ppdc...
Making all in scheduler...
Making all in systemv...
Making all in test...
Making all in conf...
Making all in data...
Making all in doc...
Making all in examples...
Making all in fonts...
Making all in templates...
Installing programs in cups...
Installing programs in filter...
make[2]: Entering directory '/ws/userland/src/components/cups/build/i86/filter'
make[2]: Leaving directory '/ws/userland/src/components/cups/build/i86/filter'
Installing programs in backend...
make[2]: Entering directory '/ws/userland/src/components/cups/build/i86/backend'
make[2]: Leaving directory '/ws/userland/src/components/cups/build/i86/backend'
Installing programs in berkeley...
make[2]: Entering directory '/ws/userland/src/components/cups/build/i86/berkeley'
Installing Berkeley user printing commands in /ws/userland/src/components/cups/build/prototype/i386/usr/bin...
Installing Berkeley admin printing commands in /ws/userland/src/components/cups/build/prototype/i386/usr/bin...
make[2]: Leaving directory '/ws/userland/src/components/cups/build/i86/berkeley'
Installing programs in cgi-bin...
make[2]: Entering directory '/ws/userland/src/components/cups/build/i86/cgi-bin'
make[2]: Leaving directory '/ws/userland/src/components/cups/build/i86/cgi-bin'
Installing programs in driver...
make[2]: Entering directory '/ws/userland/src/components/cups/build/i86/driver'
make[2]: Leaving directory '/ws/userland/src/components/cups/build/i86/driver'
Installing programs in locale...
Installing programs in man...
Installing programs in monitor...
make[2]: Entering directory '/ws/userland/src/components/cups/build/i86/monitor'
make[2]: Leaving directory '/ws/userland/src/components/cups/build/i86/monitor'
Installing programs in notifier...
make[2]: Entering directory '/ws/userland/src/components/cups/build/i86/notifier'
Installing notifiers in /ws/userland/src/components/cups/build/prototype/i386/usr/lib/cups/notifier...
make[2]: Leaving directory '/ws/userland/src/components/cups/build/i86/notifier'
Installing programs in ppdc...
make[2]: Entering directory '/ws/userland/src/components/cups/build/i86/ppdc'
Installing PPD compiler programs...
make[2]: Leaving directory '/ws/userland/src/components/cups/build/i86/ppdc'
Installing programs in scheduler...
make[2]: Entering directory '/ws/userland/src/components/cups/build/i86/scheduler'
Installing programs in /ws/userland/src/components/cups/build/prototype/i386/usr/sbin...
Installing programs in /ws/userland/src/components/cups/build/prototype/i386/usr/lib/cups/daemon...
make[2]: Leaving directory '/ws/userland/src/components/cups/build/i86/scheduler'
Installing programs in systemv...
make[2]: Entering directory '/ws/userland/src/components/cups/build/i86/systemv'
Installing System V admin printing commands in /ws/userland/src/components/cups/build/prototype/i386/usr/sbin
Installing System V user printing commands in /ws/userland/src/components/cups/build/prototype/i386/usr/bin
make[2]: Leaving directory '/ws/userland/src/components/cups/build/i86/systemv'
Installing programs in test...
Installing programs in conf...
Installing programs in data...
Installing programs in doc...
Installing programs in examples...
Installing programs in fonts...
Installing programs in templates...
make[1]: Leaving directory '/ws/userland/src/components/cups/build/i86'
/usr/bin/touch /ws/userland/src/components/cups/build/prototype/i386/etc/cups/command.types ; /bin/mv -f /ws/userland/src/components/cups/build/prototype/i386/usr/lib/64 /ws/userland/src/components/cups/build/prototype/i386/usr/lib/amd64
/usr/bin/touch /ws/userland/src/components/cups/build/i86/.installed
abort: there is no Mercurial repository here (.hg not found)
/usr/bin/pkgfmt -c -fv2 cups-libs.p5m
/usr/bin/pkgmogrify -D PERL_ARCH=i86pc-solaris-thread-multi-64 -D PERL_VERSION=5.22 -D IPS_COMPONENT_RE_VERSION=1\\.4\\.5 -D COMPONENT_RE_VERSION=1\\.4\\.5 -D PYTHON_2.7_ONLY=# -D PYTHON_3.4_ONLY=# -D PYTHON_3.5_ONLY=# -D SQ=\' -D DQ=\" -D Q=\" -I/ws/userland/src/components/cups -D SOLARIS_11_3_ONLY="#" -D SOLARIS_11_5_ONLY="#" -D SOLARIS_11_3_4_ONLY="" -D SOLARIS_11_4_5_ONLY="" -D SOLARIS_11_4_ONLY="" -D ARC_CASE="" -D TPNO="17705" -D BUILD_VERSION="5.11-11.4.0.0.1.14.0" -D OS_RELEASE="5.11" -D SOLARIS_VERSION="2.11" -D PKG_SOLARIS_VERSION="11.4" -D CONSOLIDATION="userland" -D CONSOLIDATION_CHANGESET="" -D CONSOLIDATION_REPOSITORY_URL="https://github.com/oracle/solaris-userland.git" -D COMPONENT_VERSION="1.4.5" -D IPS_COMPONENT_VERSION="1.4.5" -D HUMAN_VERSION="" -D COMPONENT_ARCHIVE_URL="http://ftp.easysw.com/pub/cups/1.4.5/cups-1.4.5-source.tar.bz2" -D COMPONENT_PROJECT_URL="http://www.cups.org/" -D COMPONENT_NAME="cups" -D HG_REPO="" -D HG_REV="" -D HG_URL="" -D GIT_COMMIT_ID="" -D GIT_REPO="" -D GIT_TAG="" -D MACH="i386" -D MACH32="i86" -D MACH64="amd64" -D PUBLISHER="nightly" -D PUBLISHER_LOCALIZABLE="userland-localizable" cups-libs.p5m \
	/ws/userland/src/transforms/license-changes /ws/userland/src/transforms/variant-cleanup /ws/userland/src/transforms/autopyc /ws/userland/src/transforms/defaults /ws/userland/src/transforms/actuators /ws/userland/src/transforms/depends /ws/userland/src/transforms/devel /ws/userland/src/transforms/docs /ws/userland/src/transforms/locale /ws/userland/src/transforms/standard-python-libraries /ws/userland/src/transforms/python-rename /ws/userland/src/transforms/python-3-groups /ws/userland/src/transforms/python-3-soabi /ws/userland/src/transforms/python-3-no-32bit /ws/userland/src/transforms/ruby-tests /ws/userland/src/transforms/puppet /ws/userland/src/transforms/libtool-drop /ws/userland/src/transforms/incorporate /ws/userland/src/transforms/publish-cleanup | \
	sed -e '/^$/d' -e '/^#.*$/d' | uniq >/ws/userland/src/components/cups/build/manifest-i386-cups-libs.mogrified
/bin/mkdir -p /ws/userland/src/components/cups/build/prototype/i386/mangled
/ws/userland/src/tools/userland-mangler -D /ws/userland/src/components/cups/build/prototype/i386/mangled -d /ws/userland/src/components/cups/build/prototype/i386/mangled -d /ws/userland/src/components/cups/build/prototype/i386 -d /ws/userland/src/components/cups/build -d /ws/userland/src/components/cups -d cups-1.4.5 -d /ws/userland/src/licenses -m /ws/userland/src/components/cups/build/manifest-i386-cups-libs.mogrified >/ws/userland/src/components/cups/build/manifest-i386-cups-libs.mangled
/usr/bin/env  /usr/bin/pkgdepend generate \
    -m -d /ws/userland/src/components/cups/build/prototype/i386/mangled -d /ws/userland/src/components/cups/build/prototype/i386 -d /ws/userland/src/components/cups/build -d /ws/userland/src/components/cups -d cups-1.4.5 -d /ws/userland/src/licenses /ws/userland/src/components/cups/build/manifest-i386-cups-libs.mangled >/ws/userland/src/components/cups/build/manifest-i386-cups-libs.depend
abort: there is no Mercurial repository here (.hg not found)
/usr/bin/pkgfmt -c -fv2 cups.p5m
/usr/bin/pkgmogrify -D PERL_ARCH=i86pc-solaris-thread-multi-64 -D PERL_VERSION=5.22 -D IPS_COMPONENT_RE_VERSION=1\\.4\\.5 -D COMPONENT_RE_VERSION=1\\.4\\.5 -D PYTHON_2.7_ONLY=# -D PYTHON_3.4_ONLY=# -D PYTHON_3.5_ONLY=# -D SQ=\' -D DQ=\" -D Q=\" -I/ws/userland/src/components/cups -D SOLARIS_11_3_ONLY="#" -D SOLARIS_11_5_ONLY="#" -D SOLARIS_11_3_4_ONLY="" -D SOLARIS_11_4_5_ONLY="" -D SOLARIS_11_4_ONLY="" -D ARC_CASE="" -D TPNO="17705" -D BUILD_VERSION="5.11-11.4.0.0.1.14.0" -D OS_RELEASE="5.11" -D SOLARIS_VERSION="2.11" -D PKG_SOLARIS_VERSION="11.4" -D CONSOLIDATION="userland" -D CONSOLIDATION_CHANGESET="" -D CONSOLIDATION_REPOSITORY_URL="https://github.com/oracle/solaris-userland.git" -D COMPONENT_VERSION="1.4.5" -D IPS_COMPONENT_VERSION="1.4.5" -D HUMAN_VERSION="" -D COMPONENT_ARCHIVE_URL="http://ftp.easysw.com/pub/cups/1.4.5/cups-1.4.5-source.tar.bz2" -D COMPONENT_PROJECT_URL="http://www.cups.org/" -D COMPONENT_NAME="cups" -D HG_REPO="" -D HG_REV="" -D HG_URL="" -D GIT_COMMIT_ID="" -D GIT_REPO="" -D GIT_TAG="" -D MACH="i386" -D MACH32="i86" -D MACH64="amd64" -D PUBLISHER="nightly" -D PUBLISHER_LOCALIZABLE="userland-localizable" cups.p5m \
	/ws/userland/src/transforms/license-changes /ws/userland/src/transforms/variant-cleanup /ws/userland/src/transforms/autopyc /ws/userland/src/transforms/defaults /ws/userland/src/transforms/actuators /ws/userland/src/transforms/depends /ws/userland/src/transforms/devel /ws/userland/src/transforms/docs /ws/userland/src/transforms/locale /ws/userland/src/transforms/standard-python-libraries /ws/userland/src/transforms/python-rename /ws/userland/src/transforms/python-3-groups /ws/userland/src/transforms/python-3-soabi /ws/userland/src/transforms/python-3-no-32bit /ws/userland/src/transforms/ruby-tests /ws/userland/src/transforms/puppet /ws/userland/src/transforms/libtool-drop /ws/userland/src/transforms/incorporate /ws/userland/src/transforms/publish-cleanup | \
	sed -e '/^$/d' -e '/^#.*$/d' | uniq >/ws/userland/src/components/cups/build/manifest-i386-cups.mogrified
/ws/userland/src/tools/userland-mangler -D /ws/userland/src/components/cups/build/prototype/i386/mangled -d /ws/userland/src/components/cups/build/prototype/i386/mangled -d /ws/userland/src/components/cups/build/prototype/i386 -d /ws/userland/src/components/cups/build -d /ws/userland/src/components/cups -d cups-1.4.5 -d /ws/userland/src/licenses -m /ws/userland/src/components/cups/build/manifest-i386-cups.mogrified >/ws/userland/src/components/cups/build/manifest-i386-cups.mangled
/usr/bin/env  /usr/bin/pkgdepend generate \
    -m -d /ws/userland/src/components/cups/build/prototype/i386/mangled -d /ws/userland/src/components/cups/build/prototype/i386 -d /ws/userland/src/components/cups/build -d /ws/userland/src/components/cups -d cups-1.4.5 -d /ws/userland/src/licenses /ws/userland/src/components/cups/build/manifest-i386-cups.mangled >/ws/userland/src/components/cups/build/manifest-i386-cups.depend
/usr/bin/pkgdepend resolve -e /ws/userland/src/components/cups/build/resolve.deps -m /ws/userland/src/components/cups/build/manifest-i386-cups-libs.depend /ws/userland/src/components/cups/build/manifest-i386-cups.depend
/usr/bin/touch /ws/userland/src/components/cups/build/.resolved-i386
VALIDATING MANIFEST CONTENT: /ws/userland/src/components/cups/build/manifest-i386-cups-libs.depend.res /ws/userland/src/components/cups/build/manifest-i386-cups.depend.res
/usr/bin/env PYTHONPATH=/ws/userland/src/tools/python PROTO_PATH="/ws/userland/src/components/cups/build/prototype/i386/mangled /ws/userland/src/components/cups/build/prototype/i386 /ws/userland/src/components/cups/build /ws/userland/src/components/cups cups-1.4.5 /ws/userland/src/licenses"\
	SOLARIS_VERSION=2.11\
	/bin/true -c /ws/userland/src/i386/pkglint-cache \
		-f /ws/userland/src/tools/pkglintrc /ws/userland/src/components/cups/build/manifest-i386-cups-libs.depend.res /ws/userland/src/components/cups/build/manifest-i386-cups.depend.res
/usr/bin/touch /ws/userland/src/components/cups/build/.linted-i386
/usr/bin/pkgsend -s file:/ws/userland/src/i386/repo publish --fmri-in-manifest --no-catalog -d /ws/userland/src/components/cups/build/prototype/i386/mangled -d /ws/userland/src/components/cups/build/prototype/i386 -d /ws/userland/src/components/cups/build -d /ws/userland/src/components/cups -d cups-1.4.5 -d /ws/userland/src/licenses -T \*.py /ws/userland/src/components/cups/build/manifest-i386-cups-libs.depend.res
pkg://nightly/library/print/cups-libs@1.4.5,5.11-11.4.0.0.1.14.0:20190727T180603Z
PUBLISHED
/usr/bin/pkgfmt </ws/userland/src/components/cups/build/manifest-i386-cups-libs.depend.res >/ws/userland/src/components/cups/build/manifest-i386-cups-libs.published
/usr/bin/pkgsend -s file:/ws/userland/src/i386/repo publish --fmri-in-manifest --no-catalog -d /ws/userland/src/components/cups/build/prototype/i386/mangled -d /ws/userland/src/components/cups/build/prototype/i386 -d /ws/userland/src/components/cups/build -d /ws/userland/src/components/cups -d cups-1.4.5 -d /ws/userland/src/licenses -T \*.py /ws/userland/src/components/cups/build/manifest-i386-cups.depend.res
pkg://nightly/print/cups@1.4.5,5.11-11.4.0.0.1.14.0:20190727T180604Z
PUBLISHED
/usr/bin/pkgfmt </ws/userland/src/components/cups/build/manifest-i386-cups.depend.res >/ws/userland/src/components/cups/build/manifest-i386-cups.published
/usr/bin/touch /ws/userland/src/components/cups/build/.published-i386
gmake: Leaving directory '/ws/userland/src/components/cups'

real     3:00.2
user     1:39.5
sys        22.0
