gmake: Entering directory '/ws/userland/src/components/dejagnu'
/bin/rm -f -r /ws/userland/src/components/dejagnu/dejagnu-1.6
/usr/bin/env RUBY_VERSION=2.1 /ws/userland/src/tools/userland-unpack  dejagnu-1.6.tar.gz
/usr/bin/touch /ws/userland/src/components/dejagnu/dejagnu-1.6/.unpacked
/usr/bin/patch -d /ws/userland/src/components/dejagnu/dejagnu-1.6 --strip=1 --backup --version-control=numbered < patches/system-test.patch
patching file Makefile.in
Hunk #1 succeeded at 493 (offset -90 lines).
/usr/bin/touch /ws/userland/src/components/dejagnu/dejagnu-1.6/.patched-system-test.patch
/usr/bin/touch /ws/userland/src/components/dejagnu/dejagnu-1.6/.patched
/usr/bin/touch /ws/userland/src/components/dejagnu/dejagnu-1.6/.prep
(/bin/rm -f -rf /ws/userland/src/components/dejagnu/build/amd64 ; /bin/mkdir -p /ws/userland/src/components/dejagnu/build/amd64)
(cd /ws/userland/src/components/dejagnu/build/amd64 ; /usr/bin/env CONFIG_SHELL="/bin/bash" PKG_CONFIG_PATH="/usr/lib/amd64/pkgconfig" CC="/opt/solarisstudio12.4/bin/cc" CXX="/opt/solarisstudio12.4/bin/CC" PATH="/usr/bin/amd64:/usr/bin:/usr/gnu/bin" CC_FOR_BUILD="/opt/solarisstudio12.4/bin/cc -m64" CXX_FOR_BUILD="/opt/solarisstudio12.4/bin/CC -m64" CPPFLAGS="-m64" "ac_cv_func_realloc_0_nonnull=yes" "NM=/usr/gnu/bin/nm" INTLTOOL_PERL="/usr/perl5/5.22/bin/perl" CFLAGS="-m64 -xO4 -xchip=generic -Ui386 -U__i386 -xregs=no%frameptr -mt" CXXFLAGS="-norunpath -m64 -xO4 -xchip=generic -Ui386 -U__i386 -xregs=no%frameptr" LDFLAGS="" /bin/bash \
	/ws/userland/src/components/dejagnu/dejagnu-1.6/configure --prefix=/usr --mandir=/usr/share/man --bindir=/usr/bin --sbindir=/usr/sbin --libdir=/usr/lib/amd64   )
checking for a BSD-compatible install... /usr/bin/ginstall -c
checking whether build environment is sane... yes
checking for a thread-safe mkdir -p... /usr/bin/gmkdir -p
checking for gawk... gawk
checking whether make sets $(MAKE)... yes
checking whether make supports nested variables... yes
checking whether to enable maintainer-specific portions of Makefiles... no
checking whether make sets $(MAKE)... (cached) yes
checking for gcc... /opt/solarisstudio12.4/bin/cc
checking whether the C compiler works... yes
checking for C compiler default output file name... a.out
checking for suffix of executables... 
checking whether we are cross compiling... no
checking for suffix of object files... o
checking whether we are using the GNU C compiler... no
checking whether /opt/solarisstudio12.4/bin/cc accepts -g... yes
checking for /opt/solarisstudio12.4/bin/cc option to accept ISO C89... none needed
checking whether /opt/solarisstudio12.4/bin/cc understands -c and -o together... yes
checking for style of include used by make... GNU
checking dependency style of /opt/solarisstudio12.4/bin/cc... none
checking whether we are using the GNU C++ compiler... no
checking whether /opt/solarisstudio12.4/bin/CC accepts -g... yes
checking dependency style of /opt/solarisstudio12.4/bin/CC... none
checking for expect... /usr/bin/amd64/expect
checking Tcl version 8.5 or greater... yes
checking that generated files are newer than configure... done
configure: creating ./config.status
config.status: creating Makefile
config.status: executing depfiles commands
/usr/bin/touch /ws/userland/src/components/dejagnu/build/amd64/.configured
(cd /ws/userland/src/components/dejagnu/build/amd64 ; /usr/bin/env LD_OPTIONS="-M /usr/lib/ld/map.noexdata -M /usr/lib/ld/map.pagealign -Bdirect -zignore -zstrip-class=comment" LD_EXEC_OPTIONS=" -zsx=aslr=disable -zsx=nxstack=enable -zsx=nxheap=enable " LD_PIE_OPTIONS="-zsx=aslr=disable -zsx=nxstack=enable -zsx=nxheap=enable "  PKG_CONFIG_PATH="/usr/lib/amd64/pkgconfig" "ac_cv_func_realloc_0_nonnull=yes" INTLTOOL_PERL="/usr/perl5/5.22/bin/perl" \
	/usr/gnu/bin/make  )
make[1]: Entering directory '/ws/userland/src/components/dejagnu/build/amd64'
Done. Now run 'make install'.
make[1]: Leaving directory '/ws/userland/src/components/dejagnu/build/amd64'
/usr/bin/touch /ws/userland/src/components/dejagnu/build/amd64/.built
(cd /ws/userland/src/components/dejagnu/build/amd64 ; /usr/bin/env LD_OPTIONS="-M /usr/lib/ld/map.noexdata -M /usr/lib/ld/map.pagealign -Bdirect -zignore -zstrip-class=comment" LD_EXEC_OPTIONS=" -zsx=aslr=disable -zsx=nxstack=enable -zsx=nxheap=enable " LD_PIE_OPTIONS="-zsx=aslr=disable -zsx=nxstack=enable -zsx=nxheap=enable "  /usr/gnu/bin/make \
		 DESTDIR=/ws/userland/src/components/dejagnu/build/prototype/i386 install)
make[1]: Entering directory '/ws/userland/src/components/dejagnu/build/amd64'
Done. Now run 'make install'.
make[2]: Entering directory '/ws/userland/src/components/dejagnu/build/amd64'
 /usr/bin/gmkdir -p '/ws/userland/src/components/dejagnu/build/prototype/i386/usr/bin'
 /usr/bin/ginstall -c /ws/userland/src/components/dejagnu/dejagnu-1.6/runtest '/ws/userland/src/components/dejagnu/build/prototype/i386/usr/bin'
 /usr/bin/gmkdir -p '/ws/userland/src/components/dejagnu/build/prototype/i386/usr/share/dejagnu/libexec'
 /usr/bin/ginstall -c /ws/userland/src/components/dejagnu/dejagnu-1.6/config.guess '/ws/userland/src/components/dejagnu/build/prototype/i386/usr/share/dejagnu/libexec'
 /usr/bin/gmkdir -p '/ws/userland/src/components/dejagnu/build/prototype/i386/usr/share/dejagnu/baseboards'
 /usr/bin/ginstall -c -m 644 /ws/userland/src/components/dejagnu/dejagnu-1.6/baseboards/README /ws/userland/src/components/dejagnu/dejagnu-1.6/baseboards/androideabi.exp /ws/userland/src/components/dejagnu/dejagnu-1.6/baseboards/am33_2.0-libremote.exp /ws/userland/src/components/dejagnu/dejagnu-1.6/baseboards/arm-ice.exp /ws/userland/src/components/dejagnu/dejagnu-1.6/baseboards/arm-sid.exp /ws/userland/src/components/dejagnu/dejagnu-1.6/baseboards/arm-sim.exp /ws/userland/src/components/dejagnu/dejagnu-1.6/baseboards/basic-sid.exp /ws/userland/src/components/dejagnu/dejagnu-1.6/baseboards/basic-sim.exp /ws/userland/src/components/dejagnu/dejagnu-1.6/baseboards/cris-sim.exp /ws/userland/src/components/dejagnu/dejagnu-1.6/baseboards/d30v-sim.exp /ws/userland/src/components/dejagnu/dejagnu-1.6/baseboards/fr30-sim.exp /ws/userland/src/components/dejagnu/dejagnu-1.6/baseboards/frv-sim.exp /ws/userland/src/components/dejagnu/dejagnu-1.6/baseboards/gdbserver-sample.exp /ws/userland/src/components/dejagnu/dejagnu-1.6/baseboards/i386-sid.exp /ws/userland/src/components/dejagnu/dejagnu-1.6/baseboards/iq2000-sim.exp /ws/userland/src/components/dejagnu/dejagnu-1.6/baseboards/jmr3904-sim.exp /ws/userland/src/components/dejagnu/dejagnu-1.6/baseboards/linux-gdbserver.exp /ws/userland/src/components/dejagnu/dejagnu-1.6/baseboards/linux-libremote.exp /ws/userland/src/components/dejagnu/dejagnu-1.6/baseboards/m68k-sid.exp /ws/userland/src/components/dejagnu/dejagnu-1.6/baseboards/mcore-moto-sim.exp /ws/userland/src/components/dejagnu/dejagnu-1.6/baseboards/mcore-sim.exp /ws/userland/src/components/dejagnu/dejagnu-1.6/baseboards/mips-lnews-sim.exp /ws/userland/src/components/dejagnu/dejagnu-1.6/baseboards/mips-lsi-sim.exp /ws/userland/src/components/dejagnu/dejagnu-1.6/baseboards/mips-sim-idt32.exp /ws/userland/src/components/dejagnu/dejagnu-1.6/baseboards/mips-sim-idt64.exp /ws/userland/src/components/dejagnu/dejagnu-1.6/baseboards/mips-sim.exp /ws/userland/src/components/dejagnu/dejagnu-1.6/baseboards/mips-sim-mti32.exp /ws/userland/src/components/dejagnu/dejagnu-1.6/baseboards/mips-sim-mti64.exp /ws/userland/src/components/dejagnu/dejagnu-1.6/baseboards/mips-sim-mti64_n32.exp /ws/userland/src/components/dejagnu/dejagnu-1.6/baseboards/mips-sim-mti64_64.exp /ws/userland/src/components/dejagnu/dejagnu-1.6/baseboards/mips-sim-sde32.exp /ws/userland/src/components/dejagnu/dejagnu-1.6/baseboards/mips-sim-sde64.exp /ws/userland/src/components/dejagnu/dejagnu-1.6/baseboards/mmixware-sim.exp /ws/userland/src/components/dejagnu/dejagnu-1.6/baseboards/mn10200-sim.exp /ws/userland/src/components/dejagnu/dejagnu-1.6/baseboards/mn10300-sim.exp /ws/userland/src/components/dejagnu/dejagnu-1.6/baseboards/mt-sid.exp /ws/userland/src/components/dejagnu/dejagnu-1.6/baseboards/multi-sim.exp /ws/userland/src/components/dejagnu/dejagnu-1.6/baseboards/powerpc-sim.exp /ws/userland/src/components/dejagnu/dejagnu-1.6/baseboards/powerpcle-sim.exp /ws/userland/src/components/dejagnu/dejagnu-1.6/baseboards/rx-sim.exp '/ws/userland/src/components/dejagnu/build/prototype/i386/usr/share/dejagnu/baseboards'
 /usr/bin/ginstall -c -m 644 /ws/userland/src/components/dejagnu/dejagnu-1.6/baseboards/sh-sid.exp /ws/userland/src/components/dejagnu/dejagnu-1.6/baseboards/sh-sim.exp /ws/userland/src/components/dejagnu/dejagnu-1.6/baseboards/sparc-sim.exp /ws/userland/src/components/dejagnu/dejagnu-1.6/baseboards/sparc64-sim.exp /ws/userland/src/components/dejagnu/dejagnu-1.6/baseboards/sparclite-sim-le.exp /ws/userland/src/components/dejagnu/dejagnu-1.6/baseboards/sparclite-sim.exp /ws/userland/src/components/dejagnu/dejagnu-1.6/baseboards/tx39-sim.exp /ws/userland/src/components/dejagnu/dejagnu-1.6/baseboards/unix.exp /ws/userland/src/components/dejagnu/dejagnu-1.6/baseboards/v850-sim.exp /ws/userland/src/components/dejagnu/dejagnu-1.6/baseboards/visium-sim.exp /ws/userland/src/components/dejagnu/dejagnu-1.6/baseboards/vr4100-sim.exp /ws/userland/src/components/dejagnu/dejagnu-1.6/baseboards/vr4111-sim.exp /ws/userland/src/components/dejagnu/dejagnu-1.6/baseboards/vr4300-sim.exp /ws/userland/src/components/dejagnu/dejagnu-1.6/baseboards/xtensa-sim.exp '/ws/userland/src/components/dejagnu/build/prototype/i386/usr/share/dejagnu/baseboards'
 /usr/bin/gmkdir -p '/ws/userland/src/components/dejagnu/build/prototype/i386/usr/share/dejagnu/config'
 /usr/bin/ginstall -c -m 644 /ws/userland/src/components/dejagnu/dejagnu-1.6/config/README /ws/userland/src/components/dejagnu/dejagnu-1.6/config/adb.exp /ws/userland/src/components/dejagnu/dejagnu-1.6/config/aarch64-fv8.exp /ws/userland/src/components/dejagnu/dejagnu-1.6/config/default.exp /ws/userland/src/components/dejagnu/dejagnu-1.6/config/gdb-comm.exp /ws/userland/src/components/dejagnu/dejagnu-1.6/config/gdb_stub.exp /ws/userland/src/components/dejagnu/dejagnu-1.6/config/sid.exp /ws/userland/src/components/dejagnu/dejagnu-1.6/config/sim.exp /ws/userland/src/components/dejagnu/dejagnu-1.6/config/unix.exp /ws/userland/src/components/dejagnu/dejagnu-1.6/config/vxworks.exp '/ws/userland/src/components/dejagnu/build/prototype/i386/usr/share/dejagnu/config'
 /usr/bin/gmkdir -p '/ws/userland/src/components/dejagnu/build/prototype/i386/usr/include'
 /usr/bin/ginstall -c -m 644 /ws/userland/src/components/dejagnu/dejagnu-1.6/dejagnu.h '/ws/userland/src/components/dejagnu/build/prototype/i386/usr/include'
 /usr/bin/gmkdir -p '/ws/userland/src/components/dejagnu/build/prototype/i386/usr/share/info'
 /usr/bin/ginstall -c -m 644 /ws/userland/src/components/dejagnu/dejagnu-1.6/doc/dejagnu.info '/ws/userland/src/components/dejagnu/build/prototype/i386/usr/share/info'
 install-info --info-dir='/ws/userland/src/components/dejagnu/build/prototype/i386/usr/share/info' '/ws/userland/src/components/dejagnu/build/prototype/i386/usr/share/info/dejagnu.info'
 /usr/bin/gmkdir -p '/ws/userland/src/components/dejagnu/build/prototype/i386/usr/share/man/man1'
 /usr/bin/ginstall -c -m 644 /ws/userland/src/components/dejagnu/dejagnu-1.6/doc/runtest.1 '/ws/userland/src/components/dejagnu/build/prototype/i386/usr/share/man/man1'
 /usr/bin/gmkdir -p '/ws/userland/src/components/dejagnu/build/prototype/i386/usr/share/dejagnu'
 /usr/bin/ginstall -c -m 644 /ws/userland/src/components/dejagnu/dejagnu-1.6/stub-loader.c /ws/userland/src/components/dejagnu/dejagnu-1.6/testglue.c /ws/userland/src/components/dejagnu/dejagnu-1.6/runtest.exp /ws/userland/src/components/dejagnu/dejagnu-1.6/lib/debugger.exp /ws/userland/src/components/dejagnu/dejagnu-1.6/lib/dejagnu.exp /ws/userland/src/components/dejagnu/dejagnu-1.6/lib/dg.exp /ws/userland/src/components/dejagnu/dejagnu-1.6/lib/framework.exp /ws/userland/src/components/dejagnu/dejagnu-1.6/lib/ftp.exp /ws/userland/src/components/dejagnu/dejagnu-1.6/lib/kermit.exp /ws/userland/src/components/dejagnu/dejagnu-1.6/lib/libgloss.exp /ws/userland/src/components/dejagnu/dejagnu-1.6/lib/remote.exp /ws/userland/src/components/dejagnu/dejagnu-1.6/lib/rlogin.exp /ws/userland/src/components/dejagnu/dejagnu-1.6/lib/rsh.exp /ws/userland/src/components/dejagnu/dejagnu-1.6/lib/standard.exp /ws/userland/src/components/dejagnu/dejagnu-1.6/lib/target.exp /ws/userland/src/components/dejagnu/dejagnu-1.6/lib/targetdb.exp /ws/userland/src/components/dejagnu/dejagnu-1.6/lib/telnet.exp /ws/userland/src/components/dejagnu/dejagnu-1.6/lib/tip.exp /ws/userland/src/components/dejagnu/dejagnu-1.6/lib/utils.exp '/ws/userland/src/components/dejagnu/build/prototype/i386/usr/share/dejagnu'
make[2]: Leaving directory '/ws/userland/src/components/dejagnu/build/amd64'
make[1]: Leaving directory '/ws/userland/src/components/dejagnu/build/amd64'
/usr/bin/touch /ws/userland/src/components/dejagnu/build/amd64/.installed
abort: there is no Mercurial repository here (.hg not found)
/usr/bin/pkgfmt -c -fv2 dejagnu.p5m
/usr/bin/pkgmogrify -D PERL_ARCH=i86pc-solaris-thread-multi-64 -D PERL_VERSION=5.22 -D IPS_COMPONENT_RE_VERSION=1\\.6 -D COMPONENT_RE_VERSION=1\\.6 -D PYTHON_2.7_ONLY=# -D PYTHON_3.4_ONLY=# -D PYTHON_3.5_ONLY=# -D SQ=\' -D DQ=\" -D Q=\" -I/ws/userland/src/components/dejagnu -D SOLARIS_11_3_ONLY="#" -D SOLARIS_11_5_ONLY="#" -D SOLARIS_11_3_4_ONLY="" -D SOLARIS_11_4_5_ONLY="" -D SOLARIS_11_4_ONLY="" -D ARC_CASE="" -D TPNO="34020" -D BUILD_VERSION="5.11-11.4.0.0.1.14.0" -D OS_RELEASE="5.11" -D SOLARIS_VERSION="2.11" -D PKG_SOLARIS_VERSION="11.4" -D CONSOLIDATION="userland" -D CONSOLIDATION_CHANGESET="" -D CONSOLIDATION_REPOSITORY_URL="https://github.com/oracle/solaris-userland.git" -D COMPONENT_VERSION="1.6" -D IPS_COMPONENT_VERSION="1.6" -D HUMAN_VERSION="" -D COMPONENT_ARCHIVE_URL="https://ftp.gnu.org/gnu/dejagnu/dejagnu-1.6.tar.gz" -D COMPONENT_PROJECT_URL="https://www.gnu.org/software/dejagnu" -D COMPONENT_NAME="dejagnu" -D HG_REPO="" -D HG_REV="" -D HG_URL="" -D GIT_COMMIT_ID="" -D GIT_REPO="" -D GIT_TAG="" -D MACH="i386" -D MACH32="i86" -D MACH64="amd64" -D PUBLISHER="nightly" -D PUBLISHER_LOCALIZABLE="userland-localizable" dejagnu.p5m \
	/ws/userland/src/transforms/license-changes /ws/userland/src/transforms/variant-cleanup /ws/userland/src/transforms/autopyc /ws/userland/src/transforms/defaults /ws/userland/src/transforms/actuators /ws/userland/src/transforms/depends /ws/userland/src/transforms/devel /ws/userland/src/transforms/docs /ws/userland/src/transforms/locale /ws/userland/src/transforms/standard-python-libraries /ws/userland/src/transforms/python-rename /ws/userland/src/transforms/python-3-groups /ws/userland/src/transforms/python-3-soabi /ws/userland/src/transforms/python-3-no-32bit /ws/userland/src/transforms/ruby-tests /ws/userland/src/transforms/puppet /ws/userland/src/transforms/libtool-drop /ws/userland/src/transforms/incorporate /ws/userland/src/transforms/publish-cleanup | \
	sed -e '/^$/d' -e '/^#.*$/d' | uniq >/ws/userland/src/components/dejagnu/build/manifest-i386-dejagnu.mogrified
/bin/mkdir -p /ws/userland/src/components/dejagnu/build/prototype/i386/mangled
/ws/userland/src/tools/userland-mangler -D /ws/userland/src/components/dejagnu/build/prototype/i386/mangled -d /ws/userland/src/components/dejagnu/build/prototype/i386/mangled -d /ws/userland/src/components/dejagnu/build/prototype/i386 -d /ws/userland/src/components/dejagnu/build -d /ws/userland/src/components/dejagnu -d dejagnu-1.6 -d /ws/userland/src/licenses -m /ws/userland/src/components/dejagnu/build/manifest-i386-dejagnu.mogrified >/ws/userland/src/components/dejagnu/build/manifest-i386-dejagnu.mangled
/usr/bin/env  /usr/bin/pkgdepend generate \
    -m -d /ws/userland/src/components/dejagnu/build/prototype/i386/mangled -d /ws/userland/src/components/dejagnu/build/prototype/i386 -d /ws/userland/src/components/dejagnu/build -d /ws/userland/src/components/dejagnu -d dejagnu-1.6 -d /ws/userland/src/licenses /ws/userland/src/components/dejagnu/build/manifest-i386-dejagnu.mangled >/ws/userland/src/components/dejagnu/build/manifest-i386-dejagnu.depend
/usr/bin/pkgdepend resolve -e /ws/userland/src/components/dejagnu/build/resolve.deps -m /ws/userland/src/components/dejagnu/build/manifest-i386-dejagnu.depend
/usr/bin/touch /ws/userland/src/components/dejagnu/build/.resolved-i386
VALIDATING MANIFEST CONTENT: /ws/userland/src/components/dejagnu/build/manifest-i386-dejagnu.depend.res
/usr/bin/env PYTHONPATH=/ws/userland/src/tools/python PROTO_PATH="/ws/userland/src/components/dejagnu/build/prototype/i386/mangled /ws/userland/src/components/dejagnu/build/prototype/i386 /ws/userland/src/components/dejagnu/build /ws/userland/src/components/dejagnu dejagnu-1.6 /ws/userland/src/licenses"\
	SOLARIS_VERSION=2.11\
	/bin/true -c /ws/userland/src/i386/pkglint-cache \
		-f /ws/userland/src/tools/pkglintrc /ws/userland/src/components/dejagnu/build/manifest-i386-dejagnu.depend.res
/usr/bin/touch /ws/userland/src/components/dejagnu/build/.linted-i386
/usr/bin/pkgsend -s file:/ws/userland/src/i386/repo publish --fmri-in-manifest --no-catalog -d /ws/userland/src/components/dejagnu/build/prototype/i386/mangled -d /ws/userland/src/components/dejagnu/build/prototype/i386 -d /ws/userland/src/components/dejagnu/build -d /ws/userland/src/components/dejagnu -d dejagnu-1.6 -d /ws/userland/src/licenses -T \*.py /ws/userland/src/components/dejagnu/build/manifest-i386-dejagnu.depend.res
pkg://nightly/developer/test/dejagnu@1.6,5.11-11.4.0.0.1.14.0:20190727T181517Z
PUBLISHED
/usr/bin/pkgfmt </ws/userland/src/components/dejagnu/build/manifest-i386-dejagnu.depend.res >/ws/userland/src/components/dejagnu/build/manifest-i386-dejagnu.published
/usr/bin/touch /ws/userland/src/components/dejagnu/build/.published-i386
gmake: Leaving directory '/ws/userland/src/components/dejagnu'

real        8.0
user        2.7
sys         1.4
