gmake: Entering directory '/ws/userland/src/components/desktop/libwebp'
/bin/rm -f -r /ws/userland/src/components/desktop/libwebp/libwebp-1.0.0-rc3
/usr/bin/env RUBY_VERSION=2.1 /ws/userland/src/tools/userland-unpack  libwebp-1.0.0-rc3.tar.gz
/usr/bin/touch /ws/userland/src/components/desktop/libwebp/libwebp-1.0.0-rc3/.unpacked
( cd /ws/userland/src/components/desktop/libwebp/libwebp-1.0.0-rc3; autoreconf -fiv);
autoreconf: Entering directory `.'
autoreconf: configure.ac: not using Gettext
autoreconf: running: aclocal --force -I m4
/usr/share/aclocal/aalib.m4:12: warning: underquoted definition of AM_PATH_AALIB
/usr/share/aclocal/aalib.m4:12:   run info Automake 'Extending aclocal'
/usr/share/aclocal/aalib.m4:12:   or see http://www.gnu.org/software/automake/manual/automake.html#Extending-aclocal
autoreconf: configure.ac: tracing
autoreconf: running: libtoolize --copy --force
libtoolize: putting auxiliary files in '.'.
libtoolize: copying file './ltmain.sh'
libtoolize: putting macros in AC_CONFIG_MACRO_DIRS, 'm4'.
libtoolize: copying file 'm4/libtool.m4'
libtoolize: copying file 'm4/ltoptions.m4'
libtoolize: copying file 'm4/ltsugar.m4'
libtoolize: copying file 'm4/ltversion.m4'
libtoolize: copying file 'm4/lt~obsolete.m4'
/usr/share/aclocal/aalib.m4:12: warning: underquoted definition of AM_PATH_AALIB
/usr/share/aclocal/aalib.m4:12:   run info Automake 'Extending aclocal'
/usr/share/aclocal/aalib.m4:12:   or see http://www.gnu.org/software/automake/manual/automake.html#Extending-aclocal
autoreconf: running: /usr/bin/autoconf --force
autoreconf: running: /usr/bin/autoheader --force
autoreconf: running: automake --add-missing --copy --force-missing
configure.ac:10: installing './compile'
configure.ac:6: installing './missing'
examples/Makefile.am: installing './depcomp'
autoreconf: Leaving directory `.'
/usr/bin/touch /ws/userland/src/components/desktop/libwebp/libwebp-1.0.0-rc3/.prep
(/bin/rm -f -rf /ws/userland/src/components/desktop/libwebp/build/i86 ; /bin/mkdir -p /ws/userland/src/components/desktop/libwebp/build/i86)
(cd /ws/userland/src/components/desktop/libwebp/build/i86 ; /usr/bin/env CONFIG_SHELL="/bin/bash" PKG_CONFIG_PATH="/usr/lib/pkgconfig" CC="/usr/gcc/7/bin/gcc" CXX="/usr/gcc/7/bin/g++"  CC_FOR_BUILD="/usr/gcc/7/bin/gcc -m32" CXX_FOR_BUILD="/usr/gcc/7/bin/g++ -m32" CPPFLAGS="-m32" "ac_cv_func_realloc_0_nonnull=yes" "NM=/usr/gnu/bin/nm" INTLTOOL_PERL="/usr/perl5/5.22/bin/perl" CFLAGS="-m32 -O3 -mincoming-stack-boundary=2" CXXFLAGS="-m32 -O3 -mincoming-stack-boundary=2" LDFLAGS="-m32" /bin/bash \
	/ws/userland/src/components/desktop/libwebp/libwebp-1.0.0-rc3/configure --prefix=/usr --mandir=/usr/share/man --bindir=/usr/bin/i86 --sbindir=/usr/sbin/i86 --libdir=/usr/lib    --disable-gif --disable-static --enable-gl --enable-threading --enable-png --enable-jpeg --enable-tiff --enable-everything --enable-shared --with-pic)
checking build system type... i386-pc-solaris2.11
checking host system type... i386-pc-solaris2.11
checking for a BSD-compatible install... /usr/bin/ginstall -c
checking whether build environment is sane... yes
checking for a thread-safe mkdir -p... /usr/bin/gmkdir -p
checking for gawk... gawk
checking whether make sets $(MAKE)... yes
checking whether make supports nested variables... yes
checking for style of include used by make... GNU
checking for gcc... /usr/gcc/7/bin/gcc
checking whether the C compiler works... yes
checking for C compiler default output file name... a.out
checking for suffix of executables... 
checking whether we are cross compiling... no
checking for suffix of object files... o
checking whether we are using the GNU C compiler... yes
checking whether /usr/gcc/7/bin/gcc accepts -g... yes
checking for /usr/gcc/7/bin/gcc option to accept ISO C89... none needed
checking whether /usr/gcc/7/bin/gcc understands -c and -o together... yes
checking dependency style of /usr/gcc/7/bin/gcc... gcc3
checking for ar... ar
checking the archiver (ar) interface... ar
checking how to print strings... print -r
checking for a sed that does not truncate output... /usr/bin/gsed
checking for grep that handles long lines and -e... /usr/bin/ggrep
checking for egrep... /usr/bin/ggrep -E
checking for fgrep... /usr/bin/ggrep -F
checking for ld used by /usr/gcc/7/bin/gcc... /usr/bin/ld
checking if the linker (/usr/bin/ld) is GNU ld... no
checking for BSD- or MS-compatible name lister (nm)... /usr/gnu/bin/nm
checking the name lister (/usr/gnu/bin/nm) interface... BSD nm
checking whether ln -s works... yes
checking the maximum length of command line arguments... 1572480
checking how to convert i386-pc-solaris2.11 file names to i386-pc-solaris2.11 format... func_convert_file_noop
checking how to convert i386-pc-solaris2.11 file names to toolchain format... func_convert_file_noop
checking for /usr/bin/ld option to reload object files... -r
checking for objdump... objdump
checking how to recognize dependent libraries... pass_all
checking for dlltool... no
checking how to associate runtime and link libraries... print -r --
checking for archiver @FILE support... no
checking for strip... strip
checking for ranlib... ranlib
checking command to parse /usr/gnu/bin/nm output from /usr/gcc/7/bin/gcc object... ok
checking for sysroot... no
checking for a working dd... /usr/bin/dd
checking how to truncate binary pipes... /usr/bin/dd bs=4096 count=1
checking for mt... mt
checking if mt is a manifest tool... no
checking how to run the C preprocessor... /usr/gcc/7/bin/gcc -E
checking for ANSI C header files... yes
checking for sys/types.h... yes
checking for sys/stat.h... yes
checking for stdlib.h... yes
checking for string.h... yes
checking for memory.h... yes
checking for strings.h... yes
checking for inttypes.h... yes
checking for stdint.h... yes
checking for unistd.h... yes
checking for dlfcn.h... yes
checking for objdir... .libs
checking if /usr/gcc/7/bin/gcc supports -fno-rtti -fno-exceptions... no
checking for /usr/gcc/7/bin/gcc option to produce PIC... -fPIC -DPIC
checking if /usr/gcc/7/bin/gcc PIC flag -fPIC -DPIC works... yes
checking if /usr/gcc/7/bin/gcc static flag -static works... no
checking if /usr/gcc/7/bin/gcc supports -c -o file.o... yes
checking if /usr/gcc/7/bin/gcc supports -c -o file.o... (cached) yes
checking whether the /usr/gcc/7/bin/gcc linker (/usr/bin/ld) supports shared libraries... yes
checking whether -lc should be explicitly linked in... no
checking dynamic linker characteristics... solaris2.11 ld.so
checking how to hardcode library paths into programs... immediate
checking whether stripping libraries is possible... no
checking if libtool supports shared libraries... yes
checking whether to build shared libraries... yes
checking whether to build static libraries... no
checking for a sed that does not truncate output... (cached) /usr/bin/gsed
checking whether make supports nested variables... (cached) yes
checking whether byte ordering is bigendian... no
checking whether asserts are enabled... no
checking whether /usr/gcc/7/bin/gcc supports -fvisibility=hidden... yes
checking whether /usr/gcc/7/bin/gcc supports -Wall... yes
checking whether /usr/gcc/7/bin/gcc supports -Wconstant-conversion... no
checking whether /usr/gcc/7/bin/gcc supports -Wdeclaration-after-statement... yes
checking whether /usr/gcc/7/bin/gcc supports -Wextra... yes
checking whether /usr/gcc/7/bin/gcc supports -Wfloat-conversion... yes
checking whether /usr/gcc/7/bin/gcc supports -Wformat -Wformat-nonliteral... yes
checking whether /usr/gcc/7/bin/gcc supports -Wformat -Wformat-security... yes
checking whether /usr/gcc/7/bin/gcc supports -Wmissing-declarations... yes
checking whether /usr/gcc/7/bin/gcc supports -Wmissing-prototypes... yes
checking whether /usr/gcc/7/bin/gcc supports -Wold-style-definition... yes
checking whether /usr/gcc/7/bin/gcc supports -Wparentheses-equality... no
checking whether /usr/gcc/7/bin/gcc supports -Wshadow... yes
checking whether /usr/gcc/7/bin/gcc supports -Wshorten-64-to-32... no
checking whether /usr/gcc/7/bin/gcc supports -Wundef... yes
checking whether /usr/gcc/7/bin/gcc supports -Wunreachable-code... yes
checking whether /usr/gcc/7/bin/gcc supports -Wunused-but-set-variable... yes
checking whether /usr/gcc/7/bin/gcc supports -Wunused... yes
checking whether /usr/gcc/7/bin/gcc supports -Wvla... yes
checking whether /usr/gcc/7/bin/gcc supports -mavx2... yes
checking for immintrin.h... yes
checking whether /usr/gcc/7/bin/gcc supports -msse4.1... yes
checking smmintrin.h usability... yes
checking smmintrin.h presence... yes
checking for smmintrin.h... yes
checking whether /usr/gcc/7/bin/gcc supports -msse2... yes
checking emmintrin.h usability... yes
checking emmintrin.h presence... yes
checking for emmintrin.h... yes
checking for __builtin_bswap16... yes
checking for __builtin_bswap32... yes
checking for __builtin_bswap64... yes
configure: checking for threading support...
checking if compiler needs -Werror to reject unknown flags... no
checking whether pthreads work with -pthreads... yes
checking for joinable pthread attribute... PTHREAD_CREATE_JOINABLE
checking if more special flags are required for pthreads... -D_REENTRANT
checking for PTHREAD_PRIO_INHERIT... yes
configure: checking if threading is enabled... yes
checking GL/glut.h usability... yes
checking GL/glut.h presence... yes
checking for GL/glut.h... yes
checking for library containing glBegin... -lGL
checking for sdl-config... /usr/bin/sdl-config
checking SDL/SDL.h usability... yes
checking SDL/SDL.h presence... yes
checking for SDL/SDL.h... yes
checking for libpng-config... /usr/bin/libpng-config
checking png.h usability... yes
checking png.h presence... yes
checking for png.h... yes
checking for library containing png_get_libpng_ver... none required
checking jpeglib.h usability... yes
checking jpeglib.h presence... yes
checking for jpeglib.h... yes
checking for jpeg_set_defaults in -ljpeg... yes
checking tiffio.h usability... yes
checking tiffio.h presence... yes
checking for tiffio.h... yes
checking for TIFFGetVersion in -ltiff... yes
checking if --enable-swap-16bit-csp option is specified... no
checking if --disable-near-lossless option is specified... no
checking whether libwebpmux is to be built... yes
checking whether libwebpdemux is to be built... yes
checking whether decoder library is to be built... yes
checking whether libwebpextras is to be built... yes
checking that generated files are newer than configure... done
configure: creating ./config.status
config.status: creating Makefile
config.status: creating src/Makefile
config.status: creating man/Makefile
config.status: creating examples/Makefile
config.status: creating extras/Makefile
config.status: creating imageio/Makefile
config.status: creating src/dec/Makefile
config.status: creating src/enc/Makefile
config.status: creating src/dsp/Makefile
config.status: creating src/demux/Makefile
config.status: creating src/mux/Makefile
config.status: creating src/utils/Makefile
config.status: creating src/libwebp.pc
config.status: creating src/libwebpdecoder.pc
config.status: creating src/demux/libwebpdemux.pc
config.status: creating src/mux/libwebpmux.pc
config.status: creating src/webp/config.h
config.status: executing depfiles commands
config.status: executing libtool commands
configure:
WebP Configuration Summary
--------------------------

Shared libraries: yes
Static libraries: no
Threading support: yes
libwebp: yes
libwebpdecoder: yes
libwebpdemux: yes
libwebpmux: yes
libwebpextras: yes

Tools:
cwebp : yes
  Input format support
  ====================
  JPEG : yes
  PNG  : yes
  TIFF : yes
  WIC  : no
dwebp : yes
  Output format support
  =====================
  PNG  : yes
  WIC  : no
GIF support : no
anim_diff   : no
gif2webp    : no
img2webp    : yes
webpmux     : yes
vwebp       : yes
webpinfo    : yes
SDL support : yes
vwebp_sdl   : yes

/usr/bin/touch /ws/userland/src/components/desktop/libwebp/build/i86/.configured
(cd /ws/userland/src/components/desktop/libwebp/build/i86 ; /usr/bin/env LD_OPTIONS="-M /usr/lib/ld/map.noexdata -M /usr/lib/ld/map.pagealign -Bdirect -zignore -zstrip-class=comment" LD_EXEC_OPTIONS=" -zsx=aslr=enable -zsx=nxstack=enable -zsx=nxheap=enable " LD_PIE_OPTIONS="-zsx=aslr=enable -zsx=nxstack=enable -zsx=nxheap=enable "  PKG_CONFIG_PATH="/usr/lib/pkgconfig" "ac_cv_func_realloc_0_nonnull=yes" INTLTOOL_PERL="/usr/perl5/5.22/bin/perl" \
	/usr/gnu/bin/make  )
make[1]: Entering directory '/ws/userland/src/components/desktop/libwebp/build/i86'
Making all in src
make[2]: Entering directory '/ws/userland/src/components/desktop/libwebp/build/i86/src'
Making all in dec
make[3]: Entering directory '/ws/userland/src/components/desktop/libwebp/build/i86/src/dec'
  CC       libwebpdecode_la-alpha_dec.lo
  CC       libwebpdecode_la-buffer_dec.lo
  CC       libwebpdecode_la-frame_dec.lo
  CC       libwebpdecode_la-idec_dec.lo
  CC       libwebpdecode_la-io_dec.lo
  CC       libwebpdecode_la-quant_dec.lo
  CC       libwebpdecode_la-tree_dec.lo
  CC       libwebpdecode_la-vp8_dec.lo
  CC       libwebpdecode_la-vp8l_dec.lo
  CC       libwebpdecode_la-webp_dec.lo
  CCLD     libwebpdecode.la
make[3]: Leaving directory '/ws/userland/src/components/desktop/libwebp/build/i86/src/dec'
Making all in enc
make[3]: Entering directory '/ws/userland/src/components/desktop/libwebp/build/i86/src/enc'
  CC       libwebpencode_la-alpha_enc.lo
  CC       libwebpencode_la-analysis_enc.lo
  CC       libwebpencode_la-backward_references_cost_enc.lo
  CC       libwebpencode_la-backward_references_enc.lo
  CC       libwebpencode_la-config_enc.lo
  CC       libwebpencode_la-cost_enc.lo
  CC       libwebpencode_la-filter_enc.lo
  CC       libwebpencode_la-frame_enc.lo
  CC       libwebpencode_la-histogram_enc.lo
  CC       libwebpencode_la-iterator_enc.lo
  CC       libwebpencode_la-near_lossless_enc.lo
  CC       libwebpencode_la-picture_enc.lo
  CC       libwebpencode_la-picture_csp_enc.lo
  CC       libwebpencode_la-picture_psnr_enc.lo
  CC       libwebpencode_la-picture_rescale_enc.lo
  CC       libwebpencode_la-picture_tools_enc.lo
  CC       libwebpencode_la-predictor_enc.lo
  CC       libwebpencode_la-quant_enc.lo
  CC       libwebpencode_la-syntax_enc.lo
  CC       libwebpencode_la-token_enc.lo
  CC       libwebpencode_la-tree_enc.lo
  CC       libwebpencode_la-vp8l_enc.lo
  CC       libwebpencode_la-webp_enc.lo
  CCLD     libwebpencode.la
make[3]: Leaving directory '/ws/userland/src/components/desktop/libwebp/build/i86/src/enc'
Making all in dsp
make[3]: Entering directory '/ws/userland/src/components/desktop/libwebp/build/i86/src/dsp'
  CC       libwebpdsp_la-alpha_processing.lo
  CC       libwebpdsp_la-alpha_processing_mips_dsp_r2.lo
  CC       libwebpdsp_la-cpu.lo
  CC       libwebpdsp_la-dec.lo
  CC       libwebpdsp_la-dec_clip_tables.lo
  CC       libwebpdsp_la-dec_mips32.lo
  CC       libwebpdsp_la-dec_mips_dsp_r2.lo
  CC       libwebpdsp_la-filters.lo
  CC       libwebpdsp_la-filters_mips_dsp_r2.lo
  CC       libwebpdsp_la-lossless.lo
  CC       libwebpdsp_la-lossless_mips_dsp_r2.lo
  CC       libwebpdsp_la-rescaler.lo
  CC       libwebpdsp_la-rescaler_mips32.lo
  CC       libwebpdsp_la-rescaler_mips_dsp_r2.lo
  CC       libwebpdsp_la-upsampling.lo
  CC       libwebpdsp_la-upsampling_mips_dsp_r2.lo
  CC       libwebpdsp_la-yuv.lo
  CC       libwebpdsp_la-yuv_mips32.lo
  CC       libwebpdsp_la-yuv_mips_dsp_r2.lo
  CC       libwebpdsp_la-cost.lo
  CC       libwebpdsp_la-cost_mips32.lo
  CC       libwebpdsp_la-cost_mips_dsp_r2.lo
  CC       libwebpdsp_la-enc.lo
  CC       libwebpdsp_la-enc_mips32.lo
  CC       libwebpdsp_la-enc_mips_dsp_r2.lo
  CC       libwebpdsp_la-lossless_enc.lo
  CC       libwebpdsp_la-lossless_enc_mips32.lo
  CC       libwebpdsp_la-lossless_enc_mips_dsp_r2.lo
  CC       libwebpdsp_la-ssim.lo
  CC       libwebpdsp_avx2_la-enc_avx2.lo
  CCLD     libwebpdsp_avx2.la
  CC       libwebpdsp_sse2_la-cost_sse2.lo
  CC       libwebpdsp_sse2_la-enc_sse2.lo
  CC       libwebpdsp_sse2_la-lossless_enc_sse2.lo
  CC       libwebpdsp_sse2_la-ssim_sse2.lo
  CC       libwebpdspdecode_sse2_la-alpha_processing_sse2.lo
  CC       libwebpdspdecode_sse2_la-dec_sse2.lo
  CC       libwebpdspdecode_sse2_la-filters_sse2.lo
  CC       libwebpdspdecode_sse2_la-lossless_sse2.lo
  CC       libwebpdspdecode_sse2_la-rescaler_sse2.lo
  CC       libwebpdspdecode_sse2_la-upsampling_sse2.lo
  CC       libwebpdspdecode_sse2_la-yuv_sse2.lo
  CCLD     libwebpdspdecode_sse2.la
  CCLD     libwebpdsp_sse2.la
  CC       libwebpdsp_sse41_la-enc_sse41.lo
  CC       libwebpdsp_sse41_la-lossless_enc_sse41.lo
  CC       libwebpdspdecode_sse41_la-alpha_processing_sse41.lo
  CC       libwebpdspdecode_sse41_la-dec_sse41.lo
  CC       libwebpdspdecode_sse41_la-upsampling_sse41.lo
  CC       libwebpdspdecode_sse41_la-yuv_sse41.lo
  CCLD     libwebpdspdecode_sse41.la
  CCLD     libwebpdsp_sse41.la
  CC       libwebpdsp_neon_la-enc_neon.lo
  CC       libwebpdsp_neon_la-lossless_enc_neon.lo
  CC       libwebpdspdecode_neon_la-alpha_processing_neon.lo
  CC       libwebpdspdecode_neon_la-dec_neon.lo
  CC       libwebpdspdecode_neon_la-filters_neon.lo
  CC       libwebpdspdecode_neon_la-lossless_neon.lo
  CC       libwebpdspdecode_neon_la-rescaler_neon.lo
  CC       libwebpdspdecode_neon_la-upsampling_neon.lo
  CC       libwebpdspdecode_neon_la-yuv_neon.lo
  CCLD     libwebpdspdecode_neon.la
  CCLD     libwebpdsp_neon.la
  CC       libwebpdsp_msa_la-enc_msa.lo
  CC       libwebpdsp_msa_la-lossless_enc_msa.lo
  CC       libwebpdspdecode_msa_la-dec_msa.lo
  CC       libwebpdspdecode_msa_la-filters_msa.lo
  CC       libwebpdspdecode_msa_la-lossless_msa.lo
  CC       libwebpdspdecode_msa_la-rescaler_msa.lo
  CC       libwebpdspdecode_msa_la-upsampling_msa.lo
  CCLD     libwebpdspdecode_msa.la
  CCLD     libwebpdsp_msa.la
  CCLD     libwebpdsp.la
  CC       libwebpdspdecode_la-alpha_processing.lo
  CC       libwebpdspdecode_la-alpha_processing_mips_dsp_r2.lo
  CC       libwebpdspdecode_la-cpu.lo
  CC       libwebpdspdecode_la-dec.lo
  CC       libwebpdspdecode_la-dec_clip_tables.lo
  CC       libwebpdspdecode_la-dec_mips32.lo
  CC       libwebpdspdecode_la-dec_mips_dsp_r2.lo
  CC       libwebpdspdecode_la-filters.lo
  CC       libwebpdspdecode_la-filters_mips_dsp_r2.lo
  CC       libwebpdspdecode_la-lossless.lo
  CC       libwebpdspdecode_la-lossless_mips_dsp_r2.lo
  CC       libwebpdspdecode_la-rescaler.lo
  CC       libwebpdspdecode_la-rescaler_mips32.lo
  CC       libwebpdspdecode_la-rescaler_mips_dsp_r2.lo
  CC       libwebpdspdecode_la-upsampling.lo
  CC       libwebpdspdecode_la-upsampling_mips_dsp_r2.lo
  CC       libwebpdspdecode_la-yuv.lo
  CC       libwebpdspdecode_la-yuv_mips32.lo
  CC       libwebpdspdecode_la-yuv_mips_dsp_r2.lo
  CCLD     libwebpdspdecode.la
make[3]: Leaving directory '/ws/userland/src/components/desktop/libwebp/build/i86/src/dsp'
Making all in utils
make[3]: Entering directory '/ws/userland/src/components/desktop/libwebp/build/i86/src/utils'
  CC       bit_reader_utils.lo
  CC       color_cache_utils.lo
  CC       filters_utils.lo
  CC       huffman_utils.lo
  CC       quant_levels_dec_utils.lo
  CC       rescaler_utils.lo
  CC       random_utils.lo
  CC       thread_utils.lo
  CC       utils.lo
  CC       bit_writer_utils.lo
  CC       huffman_encode_utils.lo
  CC       quant_levels_utils.lo
  CCLD     libwebputils.la
  CCLD     libwebputilsdecode.la
make[3]: Leaving directory '/ws/userland/src/components/desktop/libwebp/build/i86/src/utils'
Making all in .
make[3]: Entering directory '/ws/userland/src/components/desktop/libwebp/build/i86/src'
  CCLD     libwebp.la
  CCLD     libwebpdecoder.la
make[3]: Leaving directory '/ws/userland/src/components/desktop/libwebp/build/i86/src'
Making all in mux
make[3]: Entering directory '/ws/userland/src/components/desktop/libwebp/build/i86/src/mux'
  CC       anim_encode.lo
  CC       muxedit.lo
  CC       muxinternal.lo
  CC       muxread.lo
  CCLD     libwebpmux.la
make[3]: Leaving directory '/ws/userland/src/components/desktop/libwebp/build/i86/src/mux'
Making all in demux
make[3]: Entering directory '/ws/userland/src/components/desktop/libwebp/build/i86/src/demux'
  CC       anim_decode.lo
  CC       demux.lo
  CCLD     libwebpdemux.la
make[3]: Leaving directory '/ws/userland/src/components/desktop/libwebp/build/i86/src/demux'
make[2]: Leaving directory '/ws/userland/src/components/desktop/libwebp/build/i86/src'
Making all in imageio
make[2]: Entering directory '/ws/userland/src/components/desktop/libwebp/build/i86/imageio'
  CC       imageio_util.lo
  CCLD     libimageio_util.la
  CC       libimagedec_la-image_dec.lo
  CC       libimagedec_la-jpegdec.lo
  CC       libimagedec_la-metadata.lo
  CC       libimagedec_la-pngdec.lo
  CC       libimagedec_la-pnmdec.lo
  CC       libimagedec_la-tiffdec.lo
  CC       libimagedec_la-webpdec.lo
  CC       libimagedec_la-wicdec.lo
  CCLD     libimagedec.la
  CC       libimageenc_la-image_enc.lo
  CCLD     libimageenc.la
make[2]: Leaving directory '/ws/userland/src/components/desktop/libwebp/build/i86/imageio'
Making all in man
make[2]: Entering directory '/ws/userland/src/components/desktop/libwebp/build/i86/man'
make[2]: Nothing to be done for 'all'.
make[2]: Leaving directory '/ws/userland/src/components/desktop/libwebp/build/i86/man'
Making all in extras
make[2]: Entering directory '/ws/userland/src/components/desktop/libwebp/build/i86/extras'
  CC       libwebpextras_la-extras.lo
  CC       libwebpextras_la-quality_estimate.lo
  CCLD     libwebpextras.la
  CC       webp_quality-webp_quality.o
  CCLD     webp_quality
ld: warning: file ../src/.libs/libwebp.so: linked to /ws/userland/src/components/desktop/libwebp/build/i86/src/.libs/libwebp.so: attempted multiple inclusion of file
  CC       get_disto-get_disto.o
  CCLD     get_disto
ld: warning: file ../src/.libs/libwebp.so: linked to /ws/userland/src/components/desktop/libwebp/build/i86/src/.libs/libwebp.so: attempted multiple inclusion of file
  CC       vwebp_sdl-vwebp_sdl.o
  CC       vwebp_sdl-webp_to_sdl.o
  CCLD     vwebp_sdl
make[2]: Leaving directory '/ws/userland/src/components/desktop/libwebp/build/i86/extras'
Making all in examples
make[2]: Entering directory '/ws/userland/src/components/desktop/libwebp/build/i86/examples'
  CC       example_util.lo
  CCLD     libexample_util.la
  CC       dwebp-dwebp.o
  CCLD     dwebp
ld: warning: file ../src/.libs/libwebp.so: linked to /ws/userland/src/components/desktop/libwebp/build/i86/src/.libs/libwebp.so: attempted multiple inclusion of file
  CC       cwebp-cwebp.o
  CCLD     cwebp
ld: warning: file ../src/.libs/libwebp.so: linked to /ws/userland/src/components/desktop/libwebp/build/i86/src/.libs/libwebp.so: attempted multiple inclusion of file
  CC       img2webp-img2webp.o
  CCLD     img2webp
ld: warning: file ../src/.libs/libwebp.so: linked to /ws/userland/src/components/desktop/libwebp/build/i86/src/.libs/libwebp.so: attempted multiple inclusion of file
  CC       webpmux-webpmux.o
  CCLD     webpmux
ld: warning: file ../src/.libs/libwebp.so: linked to /ws/userland/src/components/desktop/libwebp/build/i86/src/.libs/libwebp.so: attempted multiple inclusion of file
  CC       vwebp-vwebp.o
  CCLD     vwebp
  CC       webpinfo-webpinfo.o
  CCLD     webpinfo
ld: warning: file ../src/.libs/libwebp.so: linked to /ws/userland/src/components/desktop/libwebp/build/i86/src/.libs/libwebp.so: attempted multiple inclusion of file
make[2]: Leaving directory '/ws/userland/src/components/desktop/libwebp/build/i86/examples'
make[2]: Entering directory '/ws/userland/src/components/desktop/libwebp/build/i86'
make[2]: Nothing to be done for 'all-am'.
make[2]: Leaving directory '/ws/userland/src/components/desktop/libwebp/build/i86'
make[1]: Leaving directory '/ws/userland/src/components/desktop/libwebp/build/i86'
/usr/bin/touch /ws/userland/src/components/desktop/libwebp/build/i86/.built
(/bin/rm -f -rf /ws/userland/src/components/desktop/libwebp/build/amd64 ; /bin/mkdir -p /ws/userland/src/components/desktop/libwebp/build/amd64)
(cd /ws/userland/src/components/desktop/libwebp/build/amd64 ; /usr/bin/env CONFIG_SHELL="/bin/bash" PKG_CONFIG_PATH="/usr/lib/amd64/pkgconfig" CC="/usr/gcc/7/bin/gcc" CXX="/usr/gcc/7/bin/g++" PATH="/usr/bin/amd64:/usr/bin:/usr/gnu/bin" CC_FOR_BUILD="/usr/gcc/7/bin/gcc -m64" CXX_FOR_BUILD="/usr/gcc/7/bin/g++ -m64" CPPFLAGS="-m64" "ac_cv_func_realloc_0_nonnull=yes" "NM=/usr/gnu/bin/nm" INTLTOOL_PERL="/usr/perl5/5.22/bin/perl" CFLAGS="-m64 -O3" CXXFLAGS="-m64 -O3" LDFLAGS="-m64" /bin/bash \
	/ws/userland/src/components/desktop/libwebp/libwebp-1.0.0-rc3/configure --prefix=/usr --mandir=/usr/share/man --bindir=/usr/bin --sbindir=/usr/sbin --libdir=/usr/lib/amd64    --disable-gif --disable-static --enable-gl --enable-threading --enable-png --enable-jpeg --enable-tiff --enable-everything --enable-shared --with-pic)
checking build system type... x86_64-pc-solaris2.11
checking host system type... x86_64-pc-solaris2.11
checking for a BSD-compatible install... /usr/bin/ginstall -c
checking whether build environment is sane... yes
checking for a thread-safe mkdir -p... /usr/bin/gmkdir -p
checking for gawk... gawk
checking whether make sets $(MAKE)... yes
checking whether make supports nested variables... yes
checking for style of include used by make... GNU
checking for gcc... /usr/gcc/7/bin/gcc
checking whether the C compiler works... yes
checking for C compiler default output file name... a.out
checking for suffix of executables... 
checking whether we are cross compiling... no
checking for suffix of object files... o
checking whether we are using the GNU C compiler... yes
checking whether /usr/gcc/7/bin/gcc accepts -g... yes
checking for /usr/gcc/7/bin/gcc option to accept ISO C89... none needed
checking whether /usr/gcc/7/bin/gcc understands -c and -o together... yes
checking dependency style of /usr/gcc/7/bin/gcc... gcc3
checking for ar... ar
checking the archiver (ar) interface... ar
checking how to print strings... print -r
checking for a sed that does not truncate output... /usr/bin/gsed
checking for grep that handles long lines and -e... /usr/bin/ggrep
checking for egrep... /usr/bin/ggrep -E
checking for fgrep... /usr/bin/ggrep -F
checking for ld used by /usr/gcc/7/bin/gcc... /usr/bin/ld
checking if the linker (/usr/bin/ld) is GNU ld... no
checking for BSD- or MS-compatible name lister (nm)... /usr/gnu/bin/nm
checking the name lister (/usr/gnu/bin/nm) interface... BSD nm
checking whether ln -s works... yes
checking the maximum length of command line arguments... 1572480
checking how to convert x86_64-pc-solaris2.11 file names to x86_64-pc-solaris2.11 format... func_convert_file_noop
checking how to convert x86_64-pc-solaris2.11 file names to toolchain format... func_convert_file_noop
checking for /usr/bin/ld option to reload object files... -r
checking for objdump... objdump
checking how to recognize dependent libraries... pass_all
checking for dlltool... no
checking how to associate runtime and link libraries... print -r --
checking for archiver @FILE support... no
checking for strip... strip
checking for ranlib... ranlib
checking command to parse /usr/gnu/bin/nm output from /usr/gcc/7/bin/gcc object... ok
checking for sysroot... no
checking for a working dd... /usr/bin/dd
checking how to truncate binary pipes... /usr/bin/dd bs=4096 count=1
checking for mt... mt
checking if mt is a manifest tool... no
checking how to run the C preprocessor... /usr/gcc/7/bin/gcc -E
checking for ANSI C header files... yes
checking for sys/types.h... yes
checking for sys/stat.h... yes
checking for stdlib.h... yes
checking for string.h... yes
checking for memory.h... yes
checking for strings.h... yes
checking for inttypes.h... yes
checking for stdint.h... yes
checking for unistd.h... yes
checking for dlfcn.h... yes
checking for objdir... .libs
checking if /usr/gcc/7/bin/gcc supports -fno-rtti -fno-exceptions... no
checking for /usr/gcc/7/bin/gcc option to produce PIC... -fPIC -DPIC
checking if /usr/gcc/7/bin/gcc PIC flag -fPIC -DPIC works... yes
checking if /usr/gcc/7/bin/gcc static flag -static works... no
checking if /usr/gcc/7/bin/gcc supports -c -o file.o... yes
checking if /usr/gcc/7/bin/gcc supports -c -o file.o... (cached) yes
checking whether the /usr/gcc/7/bin/gcc linker (/usr/bin/ld -64) supports shared libraries... yes
checking whether -lc should be explicitly linked in... no
checking dynamic linker characteristics... solaris2.11 ld.so
checking how to hardcode library paths into programs... immediate
checking whether stripping libraries is possible... no
checking if libtool supports shared libraries... yes
checking whether to build shared libraries... yes
checking whether to build static libraries... no
checking for a sed that does not truncate output... (cached) /usr/bin/gsed
checking whether make supports nested variables... (cached) yes
checking whether byte ordering is bigendian... no
checking whether asserts are enabled... no
checking whether /usr/gcc/7/bin/gcc supports -fvisibility=hidden... yes
checking whether /usr/gcc/7/bin/gcc supports -Wall... yes
checking whether /usr/gcc/7/bin/gcc supports -Wconstant-conversion... no
checking whether /usr/gcc/7/bin/gcc supports -Wdeclaration-after-statement... yes
checking whether /usr/gcc/7/bin/gcc supports -Wextra... yes
checking whether /usr/gcc/7/bin/gcc supports -Wfloat-conversion... yes
checking whether /usr/gcc/7/bin/gcc supports -Wformat -Wformat-nonliteral... yes
checking whether /usr/gcc/7/bin/gcc supports -Wformat -Wformat-security... yes
checking whether /usr/gcc/7/bin/gcc supports -Wmissing-declarations... yes
checking whether /usr/gcc/7/bin/gcc supports -Wmissing-prototypes... yes
checking whether /usr/gcc/7/bin/gcc supports -Wold-style-definition... yes
checking whether /usr/gcc/7/bin/gcc supports -Wparentheses-equality... no
checking whether /usr/gcc/7/bin/gcc supports -Wshadow... yes
checking whether /usr/gcc/7/bin/gcc supports -Wshorten-64-to-32... no
checking whether /usr/gcc/7/bin/gcc supports -Wundef... yes
checking whether /usr/gcc/7/bin/gcc supports -Wunreachable-code... yes
checking whether /usr/gcc/7/bin/gcc supports -Wunused-but-set-variable... yes
checking whether /usr/gcc/7/bin/gcc supports -Wunused... yes
checking whether /usr/gcc/7/bin/gcc supports -Wvla... yes
checking whether /usr/gcc/7/bin/gcc supports -mavx2... yes
checking for immintrin.h... yes
checking whether /usr/gcc/7/bin/gcc supports -msse4.1... yes
checking smmintrin.h usability... yes
checking smmintrin.h presence... yes
checking for smmintrin.h... yes
checking whether /usr/gcc/7/bin/gcc supports -msse2... yes
checking emmintrin.h usability... yes
checking emmintrin.h presence... yes
checking for emmintrin.h... yes
checking for __builtin_bswap16... yes
checking for __builtin_bswap32... yes
checking for __builtin_bswap64... yes
configure: checking for threading support...
checking if compiler needs -Werror to reject unknown flags... no
checking whether pthreads work with -pthreads... yes
checking for joinable pthread attribute... PTHREAD_CREATE_JOINABLE
checking if more special flags are required for pthreads... -D_REENTRANT
checking for PTHREAD_PRIO_INHERIT... yes
configure: checking if threading is enabled... yes
checking GL/glut.h usability... yes
checking GL/glut.h presence... yes
checking for GL/glut.h... yes
checking for library containing glBegin... -lGL
checking for sdl-config... /usr/bin/amd64/sdl-config
checking SDL/SDL.h usability... yes
checking SDL/SDL.h presence... yes
checking for SDL/SDL.h... yes
checking for libpng-config... /usr/bin/amd64/libpng-config
checking png.h usability... yes
checking png.h presence... yes
checking for png.h... yes
checking for library containing png_get_libpng_ver... none required
checking jpeglib.h usability... yes
checking jpeglib.h presence... yes
checking for jpeglib.h... yes
checking for jpeg_set_defaults in -ljpeg... yes
checking tiffio.h usability... yes
checking tiffio.h presence... yes
checking for tiffio.h... yes
checking for TIFFGetVersion in -ltiff... yes
checking if --enable-swap-16bit-csp option is specified... no
checking if --disable-near-lossless option is specified... no
checking whether libwebpmux is to be built... yes
checking whether libwebpdemux is to be built... yes
checking whether decoder library is to be built... yes
checking whether libwebpextras is to be built... yes
checking that generated files are newer than configure... done
configure: creating ./config.status
config.status: creating Makefile
config.status: creating src/Makefile
config.status: creating man/Makefile
config.status: creating examples/Makefile
config.status: creating extras/Makefile
config.status: creating imageio/Makefile
config.status: creating src/dec/Makefile
config.status: creating src/enc/Makefile
config.status: creating src/dsp/Makefile
config.status: creating src/demux/Makefile
config.status: creating src/mux/Makefile
config.status: creating src/utils/Makefile
config.status: creating src/libwebp.pc
config.status: creating src/libwebpdecoder.pc
config.status: creating src/demux/libwebpdemux.pc
config.status: creating src/mux/libwebpmux.pc
config.status: creating src/webp/config.h
config.status: executing depfiles commands
config.status: executing libtool commands
configure:
WebP Configuration Summary
--------------------------

Shared libraries: yes
Static libraries: no
Threading support: yes
libwebp: yes
libwebpdecoder: yes
libwebpdemux: yes
libwebpmux: yes
libwebpextras: yes

Tools:
cwebp : yes
  Input format support
  ====================
  JPEG : yes
  PNG  : yes
  TIFF : yes
  WIC  : no
dwebp : yes
  Output format support
  =====================
  PNG  : yes
  WIC  : no
GIF support : no
anim_diff   : no
gif2webp    : no
img2webp    : yes
webpmux     : yes
vwebp       : yes
webpinfo    : yes
SDL support : yes
vwebp_sdl   : yes

/usr/bin/touch /ws/userland/src/components/desktop/libwebp/build/amd64/.configured
(cd /ws/userland/src/components/desktop/libwebp/build/amd64 ; /usr/bin/env LD_OPTIONS="-M /usr/lib/ld/map.noexdata -M /usr/lib/ld/map.pagealign -Bdirect -zignore -zstrip-class=comment" LD_EXEC_OPTIONS=" -zsx=aslr=enable -zsx=nxstack=enable -zsx=nxheap=enable " LD_PIE_OPTIONS="-zsx=aslr=enable -zsx=nxstack=enable -zsx=nxheap=enable "  PKG_CONFIG_PATH="/usr/lib/amd64/pkgconfig" "ac_cv_func_realloc_0_nonnull=yes" INTLTOOL_PERL="/usr/perl5/5.22/bin/perl" \
	/usr/gnu/bin/make  )
make[1]: Entering directory '/ws/userland/src/components/desktop/libwebp/build/amd64'
Making all in src
make[2]: Entering directory '/ws/userland/src/components/desktop/libwebp/build/amd64/src'
Making all in dec
make[3]: Entering directory '/ws/userland/src/components/desktop/libwebp/build/amd64/src/dec'
  CC       libwebpdecode_la-alpha_dec.lo
  CC       libwebpdecode_la-buffer_dec.lo
  CC       libwebpdecode_la-frame_dec.lo
  CC       libwebpdecode_la-idec_dec.lo
  CC       libwebpdecode_la-io_dec.lo
  CC       libwebpdecode_la-quant_dec.lo
  CC       libwebpdecode_la-tree_dec.lo
  CC       libwebpdecode_la-vp8_dec.lo
  CC       libwebpdecode_la-vp8l_dec.lo
  CC       libwebpdecode_la-webp_dec.lo
  CCLD     libwebpdecode.la
make[3]: Leaving directory '/ws/userland/src/components/desktop/libwebp/build/amd64/src/dec'
Making all in enc
make[3]: Entering directory '/ws/userland/src/components/desktop/libwebp/build/amd64/src/enc'
  CC       libwebpencode_la-alpha_enc.lo
  CC       libwebpencode_la-analysis_enc.lo
  CC       libwebpencode_la-backward_references_cost_enc.lo
  CC       libwebpencode_la-backward_references_enc.lo
  CC       libwebpencode_la-config_enc.lo
  CC       libwebpencode_la-cost_enc.lo
  CC       libwebpencode_la-filter_enc.lo
  CC       libwebpencode_la-frame_enc.lo
  CC       libwebpencode_la-histogram_enc.lo
  CC       libwebpencode_la-iterator_enc.lo
  CC       libwebpencode_la-near_lossless_enc.lo
  CC       libwebpencode_la-picture_enc.lo
  CC       libwebpencode_la-picture_csp_enc.lo
  CC       libwebpencode_la-picture_psnr_enc.lo
  CC       libwebpencode_la-picture_rescale_enc.lo
  CC       libwebpencode_la-picture_tools_enc.lo
  CC       libwebpencode_la-predictor_enc.lo
  CC       libwebpencode_la-quant_enc.lo
  CC       libwebpencode_la-syntax_enc.lo
  CC       libwebpencode_la-token_enc.lo
  CC       libwebpencode_la-tree_enc.lo
  CC       libwebpencode_la-vp8l_enc.lo
  CC       libwebpencode_la-webp_enc.lo
  CCLD     libwebpencode.la
make[3]: Leaving directory '/ws/userland/src/components/desktop/libwebp/build/amd64/src/enc'
Making all in dsp
make[3]: Entering directory '/ws/userland/src/components/desktop/libwebp/build/amd64/src/dsp'
  CC       libwebpdsp_la-alpha_processing.lo
  CC       libwebpdsp_la-alpha_processing_mips_dsp_r2.lo
  CC       libwebpdsp_la-cpu.lo
  CC       libwebpdsp_la-dec.lo
  CC       libwebpdsp_la-dec_clip_tables.lo
  CC       libwebpdsp_la-dec_mips32.lo
  CC       libwebpdsp_la-dec_mips_dsp_r2.lo
  CC       libwebpdsp_la-filters.lo
  CC       libwebpdsp_la-filters_mips_dsp_r2.lo
  CC       libwebpdsp_la-lossless.lo
  CC       libwebpdsp_la-lossless_mips_dsp_r2.lo
  CC       libwebpdsp_la-rescaler.lo
  CC       libwebpdsp_la-rescaler_mips32.lo
  CC       libwebpdsp_la-rescaler_mips_dsp_r2.lo
  CC       libwebpdsp_la-upsampling.lo
  CC       libwebpdsp_la-upsampling_mips_dsp_r2.lo
  CC       libwebpdsp_la-yuv.lo
  CC       libwebpdsp_la-yuv_mips32.lo
  CC       libwebpdsp_la-yuv_mips_dsp_r2.lo
  CC       libwebpdsp_la-cost.lo
  CC       libwebpdsp_la-cost_mips32.lo
  CC       libwebpdsp_la-cost_mips_dsp_r2.lo
  CC       libwebpdsp_la-enc.lo
  CC       libwebpdsp_la-enc_mips32.lo
  CC       libwebpdsp_la-enc_mips_dsp_r2.lo
  CC       libwebpdsp_la-lossless_enc.lo
  CC       libwebpdsp_la-lossless_enc_mips32.lo
  CC       libwebpdsp_la-lossless_enc_mips_dsp_r2.lo
  CC       libwebpdsp_la-ssim.lo
  CC       libwebpdsp_avx2_la-enc_avx2.lo
  CCLD     libwebpdsp_avx2.la
  CC       libwebpdsp_sse2_la-cost_sse2.lo
  CC       libwebpdsp_sse2_la-enc_sse2.lo
  CC       libwebpdsp_sse2_la-lossless_enc_sse2.lo
  CC       libwebpdsp_sse2_la-ssim_sse2.lo
  CC       libwebpdspdecode_sse2_la-alpha_processing_sse2.lo
  CC       libwebpdspdecode_sse2_la-dec_sse2.lo
  CC       libwebpdspdecode_sse2_la-filters_sse2.lo
  CC       libwebpdspdecode_sse2_la-lossless_sse2.lo
  CC       libwebpdspdecode_sse2_la-rescaler_sse2.lo
  CC       libwebpdspdecode_sse2_la-upsampling_sse2.lo
  CC       libwebpdspdecode_sse2_la-yuv_sse2.lo
  CCLD     libwebpdspdecode_sse2.la
  CCLD     libwebpdsp_sse2.la
  CC       libwebpdsp_sse41_la-enc_sse41.lo
  CC       libwebpdsp_sse41_la-lossless_enc_sse41.lo
  CC       libwebpdspdecode_sse41_la-alpha_processing_sse41.lo
  CC       libwebpdspdecode_sse41_la-dec_sse41.lo
  CC       libwebpdspdecode_sse41_la-upsampling_sse41.lo
  CC       libwebpdspdecode_sse41_la-yuv_sse41.lo
  CCLD     libwebpdspdecode_sse41.la
  CCLD     libwebpdsp_sse41.la
  CC       libwebpdsp_neon_la-enc_neon.lo
  CC       libwebpdsp_neon_la-lossless_enc_neon.lo
  CC       libwebpdspdecode_neon_la-alpha_processing_neon.lo
  CC       libwebpdspdecode_neon_la-dec_neon.lo
  CC       libwebpdspdecode_neon_la-filters_neon.lo
  CC       libwebpdspdecode_neon_la-lossless_neon.lo
  CC       libwebpdspdecode_neon_la-rescaler_neon.lo
  CC       libwebpdspdecode_neon_la-upsampling_neon.lo
  CC       libwebpdspdecode_neon_la-yuv_neon.lo
  CCLD     libwebpdspdecode_neon.la
  CCLD     libwebpdsp_neon.la
  CC       libwebpdsp_msa_la-enc_msa.lo
  CC       libwebpdsp_msa_la-lossless_enc_msa.lo
  CC       libwebpdspdecode_msa_la-dec_msa.lo
  CC       libwebpdspdecode_msa_la-filters_msa.lo
  CC       libwebpdspdecode_msa_la-lossless_msa.lo
  CC       libwebpdspdecode_msa_la-rescaler_msa.lo
  CC       libwebpdspdecode_msa_la-upsampling_msa.lo
  CCLD     libwebpdspdecode_msa.la
  CCLD     libwebpdsp_msa.la
  CCLD     libwebpdsp.la
  CC       libwebpdspdecode_la-alpha_processing.lo
  CC       libwebpdspdecode_la-alpha_processing_mips_dsp_r2.lo
  CC       libwebpdspdecode_la-cpu.lo
  CC       libwebpdspdecode_la-dec.lo
  CC       libwebpdspdecode_la-dec_clip_tables.lo
  CC       libwebpdspdecode_la-dec_mips32.lo
  CC       libwebpdspdecode_la-dec_mips_dsp_r2.lo
  CC       libwebpdspdecode_la-filters.lo
  CC       libwebpdspdecode_la-filters_mips_dsp_r2.lo
  CC       libwebpdspdecode_la-lossless.lo
  CC       libwebpdspdecode_la-lossless_mips_dsp_r2.lo
  CC       libwebpdspdecode_la-rescaler.lo
  CC       libwebpdspdecode_la-rescaler_mips32.lo
  CC       libwebpdspdecode_la-rescaler_mips_dsp_r2.lo
  CC       libwebpdspdecode_la-upsampling.lo
  CC       libwebpdspdecode_la-upsampling_mips_dsp_r2.lo
  CC       libwebpdspdecode_la-yuv.lo
  CC       libwebpdspdecode_la-yuv_mips32.lo
  CC       libwebpdspdecode_la-yuv_mips_dsp_r2.lo
  CCLD     libwebpdspdecode.la
make[3]: Leaving directory '/ws/userland/src/components/desktop/libwebp/build/amd64/src/dsp'
Making all in utils
make[3]: Entering directory '/ws/userland/src/components/desktop/libwebp/build/amd64/src/utils'
  CC       bit_reader_utils.lo
  CC       color_cache_utils.lo
  CC       filters_utils.lo
  CC       huffman_utils.lo
  CC       quant_levels_dec_utils.lo
  CC       rescaler_utils.lo
  CC       random_utils.lo
  CC       thread_utils.lo
  CC       utils.lo
  CC       bit_writer_utils.lo
  CC       huffman_encode_utils.lo
  CC       quant_levels_utils.lo
  CCLD     libwebputils.la
  CCLD     libwebputilsdecode.la
make[3]: Leaving directory '/ws/userland/src/components/desktop/libwebp/build/amd64/src/utils'
Making all in .
make[3]: Entering directory '/ws/userland/src/components/desktop/libwebp/build/amd64/src'
  CCLD     libwebp.la
  CCLD     libwebpdecoder.la
make[3]: Leaving directory '/ws/userland/src/components/desktop/libwebp/build/amd64/src'
Making all in mux
make[3]: Entering directory '/ws/userland/src/components/desktop/libwebp/build/amd64/src/mux'
  CC       anim_encode.lo
  CC       muxedit.lo
  CC       muxinternal.lo
  CC       muxread.lo
  CCLD     libwebpmux.la
make[3]: Leaving directory '/ws/userland/src/components/desktop/libwebp/build/amd64/src/mux'
Making all in demux
make[3]: Entering directory '/ws/userland/src/components/desktop/libwebp/build/amd64/src/demux'
  CC       anim_decode.lo
  CC       demux.lo
  CCLD     libwebpdemux.la
make[3]: Leaving directory '/ws/userland/src/components/desktop/libwebp/build/amd64/src/demux'
make[2]: Leaving directory '/ws/userland/src/components/desktop/libwebp/build/amd64/src'
Making all in imageio
make[2]: Entering directory '/ws/userland/src/components/desktop/libwebp/build/amd64/imageio'
  CC       imageio_util.lo
  CCLD     libimageio_util.la
  CC       libimagedec_la-image_dec.lo
  CC       libimagedec_la-jpegdec.lo
  CC       libimagedec_la-metadata.lo
  CC       libimagedec_la-pngdec.lo
  CC       libimagedec_la-pnmdec.lo
  CC       libimagedec_la-tiffdec.lo
  CC       libimagedec_la-webpdec.lo
  CC       libimagedec_la-wicdec.lo
  CCLD     libimagedec.la
  CC       libimageenc_la-image_enc.lo
  CCLD     libimageenc.la
make[2]: Leaving directory '/ws/userland/src/components/desktop/libwebp/build/amd64/imageio'
Making all in man
make[2]: Entering directory '/ws/userland/src/components/desktop/libwebp/build/amd64/man'
make[2]: Nothing to be done for 'all'.
make[2]: Leaving directory '/ws/userland/src/components/desktop/libwebp/build/amd64/man'
Making all in extras
make[2]: Entering directory '/ws/userland/src/components/desktop/libwebp/build/amd64/extras'
  CC       libwebpextras_la-extras.lo
  CC       libwebpextras_la-quality_estimate.lo
  CCLD     libwebpextras.la
  CC       webp_quality-webp_quality.o
  CCLD     webp_quality
ld: warning: file ../src/.libs/libwebp.so: linked to /ws/userland/src/components/desktop/libwebp/build/amd64/src/.libs/libwebp.so: attempted multiple inclusion of file
  CC       get_disto-get_disto.o
  CCLD     get_disto
ld: warning: file ../src/.libs/libwebp.so: linked to /ws/userland/src/components/desktop/libwebp/build/amd64/src/.libs/libwebp.so: attempted multiple inclusion of file
  CC       vwebp_sdl-vwebp_sdl.o
  CC       vwebp_sdl-webp_to_sdl.o
  CCLD     vwebp_sdl
make[2]: Leaving directory '/ws/userland/src/components/desktop/libwebp/build/amd64/extras'
Making all in examples
make[2]: Entering directory '/ws/userland/src/components/desktop/libwebp/build/amd64/examples'
  CC       example_util.lo
  CCLD     libexample_util.la
  CC       dwebp-dwebp.o
  CCLD     dwebp
ld: warning: file ../src/.libs/libwebp.so: linked to /ws/userland/src/components/desktop/libwebp/build/amd64/src/.libs/libwebp.so: attempted multiple inclusion of file
  CC       cwebp-cwebp.o
  CCLD     cwebp
ld: warning: file ../src/.libs/libwebp.so: linked to /ws/userland/src/components/desktop/libwebp/build/amd64/src/.libs/libwebp.so: attempted multiple inclusion of file
  CC       img2webp-img2webp.o
  CCLD     img2webp
ld: warning: file ../src/.libs/libwebp.so: linked to /ws/userland/src/components/desktop/libwebp/build/amd64/src/.libs/libwebp.so: attempted multiple inclusion of file
  CC       webpmux-webpmux.o
  CCLD     webpmux
ld: warning: file ../src/.libs/libwebp.so: linked to /ws/userland/src/components/desktop/libwebp/build/amd64/src/.libs/libwebp.so: attempted multiple inclusion of file
  CC       vwebp-vwebp.o
  CCLD     vwebp
  CC       webpinfo-webpinfo.o
  CCLD     webpinfo
ld: warning: file ../src/.libs/libwebp.so: linked to /ws/userland/src/components/desktop/libwebp/build/amd64/src/.libs/libwebp.so: attempted multiple inclusion of file
make[2]: Leaving directory '/ws/userland/src/components/desktop/libwebp/build/amd64/examples'
make[2]: Entering directory '/ws/userland/src/components/desktop/libwebp/build/amd64'
make[2]: Nothing to be done for 'all-am'.
make[2]: Leaving directory '/ws/userland/src/components/desktop/libwebp/build/amd64'
make[1]: Leaving directory '/ws/userland/src/components/desktop/libwebp/build/amd64'
/usr/bin/touch /ws/userland/src/components/desktop/libwebp/build/amd64/.built
(cd /ws/userland/src/components/desktop/libwebp/build/i86 ; /usr/bin/env LD_OPTIONS="-M /usr/lib/ld/map.noexdata -M /usr/lib/ld/map.pagealign -Bdirect -zignore -zstrip-class=comment" LD_EXEC_OPTIONS=" -zsx=aslr=enable -zsx=nxstack=enable -zsx=nxheap=enable " LD_PIE_OPTIONS="-zsx=aslr=enable -zsx=nxstack=enable -zsx=nxheap=enable "  /usr/gnu/bin/make \
		 DESTDIR=/ws/userland/src/components/desktop/libwebp/build/prototype/i386 install)
make[1]: Entering directory '/ws/userland/src/components/desktop/libwebp/build/i86'
Making install in src
make[2]: Entering directory '/ws/userland/src/components/desktop/libwebp/build/i86/src'
Making install in dec
make[3]: Entering directory '/ws/userland/src/components/desktop/libwebp/build/i86/src/dec'
make[4]: Entering directory '/ws/userland/src/components/desktop/libwebp/build/i86/src/dec'
make[4]: Nothing to be done for 'install-exec-am'.
 /usr/bin/gmkdir -p '/ws/userland/src/components/desktop/libwebp/build/prototype/i386/usr/include/webp'
 /usr/bin/ginstall -c -m 644 /ws/userland/src/components/desktop/libwebp/libwebp-1.0.0-rc3/src/dec/../webp/decode.h /ws/userland/src/components/desktop/libwebp/libwebp-1.0.0-rc3/src/dec/../webp/types.h '/ws/userland/src/components/desktop/libwebp/build/prototype/i386/usr/include/webp'
make[4]: Leaving directory '/ws/userland/src/components/desktop/libwebp/build/i86/src/dec'
make[3]: Leaving directory '/ws/userland/src/components/desktop/libwebp/build/i86/src/dec'
Making install in enc
make[3]: Entering directory '/ws/userland/src/components/desktop/libwebp/build/i86/src/enc'
make[4]: Entering directory '/ws/userland/src/components/desktop/libwebp/build/i86/src/enc'
make[4]: Nothing to be done for 'install-exec-am'.
 /usr/bin/gmkdir -p '/ws/userland/src/components/desktop/libwebp/build/prototype/i386/usr/include/webp'
 /usr/bin/ginstall -c -m 644 /ws/userland/src/components/desktop/libwebp/libwebp-1.0.0-rc3/src/enc/../webp/encode.h /ws/userland/src/components/desktop/libwebp/libwebp-1.0.0-rc3/src/enc/../webp/types.h '/ws/userland/src/components/desktop/libwebp/build/prototype/i386/usr/include/webp'
make[4]: Leaving directory '/ws/userland/src/components/desktop/libwebp/build/i86/src/enc'
make[3]: Leaving directory '/ws/userland/src/components/desktop/libwebp/build/i86/src/enc'
Making install in dsp
make[3]: Entering directory '/ws/userland/src/components/desktop/libwebp/build/i86/src/dsp'
make[4]: Entering directory '/ws/userland/src/components/desktop/libwebp/build/i86/src/dsp'
make[4]: Nothing to be done for 'install-exec-am'.
 /usr/bin/gmkdir -p '/ws/userland/src/components/desktop/libwebp/build/prototype/i386/usr/include/webp'
 /usr/bin/ginstall -c -m 644 /ws/userland/src/components/desktop/libwebp/libwebp-1.0.0-rc3/src/dsp/../webp/types.h '/ws/userland/src/components/desktop/libwebp/build/prototype/i386/usr/include/webp'
make[4]: Leaving directory '/ws/userland/src/components/desktop/libwebp/build/i86/src/dsp'
make[3]: Leaving directory '/ws/userland/src/components/desktop/libwebp/build/i86/src/dsp'
Making install in utils
make[3]: Entering directory '/ws/userland/src/components/desktop/libwebp/build/i86/src/utils'
make[4]: Entering directory '/ws/userland/src/components/desktop/libwebp/build/i86/src/utils'
make[4]: Nothing to be done for 'install-exec-am'.
 /usr/bin/gmkdir -p '/ws/userland/src/components/desktop/libwebp/build/prototype/i386/usr/include/webp'
 /usr/bin/ginstall -c -m 644 /ws/userland/src/components/desktop/libwebp/libwebp-1.0.0-rc3/src/utils/../webp/types.h '/ws/userland/src/components/desktop/libwebp/build/prototype/i386/usr/include/webp'
make[4]: Leaving directory '/ws/userland/src/components/desktop/libwebp/build/i86/src/utils'
make[3]: Leaving directory '/ws/userland/src/components/desktop/libwebp/build/i86/src/utils'
Making install in .
make[3]: Entering directory '/ws/userland/src/components/desktop/libwebp/build/i86/src'
make[4]: Entering directory '/ws/userland/src/components/desktop/libwebp/build/i86/src'
 /usr/bin/gmkdir -p '/ws/userland/src/components/desktop/libwebp/build/prototype/i386/usr/lib'
 /bin/bash ../libtool   --mode=install /usr/bin/ginstall -c   libwebp.la libwebpdecoder.la '/ws/userland/src/components/desktop/libwebp/build/prototype/i386/usr/lib'
libtool: install: /usr/bin/ginstall -c .libs/libwebp.so.7.0.2 /ws/userland/src/components/desktop/libwebp/build/prototype/i386/usr/lib/libwebp.so.7.0.2
libtool: install: (cd /ws/userland/src/components/desktop/libwebp/build/prototype/i386/usr/lib && { ln -s -f libwebp.so.7.0.2 libwebp.so.7 || { rm -f libwebp.so.7 && ln -s libwebp.so.7.0.2 libwebp.so.7; }; })
libtool: install: (cd /ws/userland/src/components/desktop/libwebp/build/prototype/i386/usr/lib && { ln -s -f libwebp.so.7.0.2 libwebp.so || { rm -f libwebp.so && ln -s libwebp.so.7.0.2 libwebp.so; }; })
libtool: install: chmod +x /ws/userland/src/components/desktop/libwebp/build/prototype/i386/usr/lib/libwebp.so.7.0.2
libtool: install: /usr/bin/ginstall -c .libs/libwebp.lai /ws/userland/src/components/desktop/libwebp/build/prototype/i386/usr/lib/libwebp.la
libtool: install: /usr/bin/ginstall -c .libs/libwebpdecoder.so.3.0.2 /ws/userland/src/components/desktop/libwebp/build/prototype/i386/usr/lib/libwebpdecoder.so.3.0.2
libtool: install: (cd /ws/userland/src/components/desktop/libwebp/build/prototype/i386/usr/lib && { ln -s -f libwebpdecoder.so.3.0.2 libwebpdecoder.so.3 || { rm -f libwebpdecoder.so.3 && ln -s libwebpdecoder.so.3.0.2 libwebpdecoder.so.3; }; })
libtool: install: (cd /ws/userland/src/components/desktop/libwebp/build/prototype/i386/usr/lib && { ln -s -f libwebpdecoder.so.3.0.2 libwebpdecoder.so || { rm -f libwebpdecoder.so && ln -s libwebpdecoder.so.3.0.2 libwebpdecoder.so; }; })
libtool: install: chmod +x /ws/userland/src/components/desktop/libwebp/build/prototype/i386/usr/lib/libwebpdecoder.so.3.0.2
libtool: install: /usr/bin/ginstall -c .libs/libwebpdecoder.lai /ws/userland/src/components/desktop/libwebp/build/prototype/i386/usr/lib/libwebpdecoder.la
libtool: warning: remember to run 'libtool --finish /usr/lib'
 /usr/bin/gmkdir -p '/ws/userland/src/components/desktop/libwebp/build/prototype/i386/usr/include/webp'
 /usr/bin/ginstall -c -m 644 /ws/userland/src/components/desktop/libwebp/libwebp-1.0.0-rc3/src/webp/decode.h /ws/userland/src/components/desktop/libwebp/libwebp-1.0.0-rc3/src/webp/types.h '/ws/userland/src/components/desktop/libwebp/build/prototype/i386/usr/include/webp'
 /usr/bin/gmkdir -p '/ws/userland/src/components/desktop/libwebp/build/prototype/i386/usr/include/webp'
 /usr/bin/ginstall -c -m 644 /ws/userland/src/components/desktop/libwebp/libwebp-1.0.0-rc3/src/webp/encode.h '/ws/userland/src/components/desktop/libwebp/build/prototype/i386/usr/include/webp'
 /usr/bin/gmkdir -p '/ws/userland/src/components/desktop/libwebp/build/prototype/i386/usr/lib/pkgconfig'
 /usr/bin/ginstall -c -m 644 libwebp.pc libwebpdecoder.pc '/ws/userland/src/components/desktop/libwebp/build/prototype/i386/usr/lib/pkgconfig'
make[4]: Leaving directory '/ws/userland/src/components/desktop/libwebp/build/i86/src'
make[3]: Leaving directory '/ws/userland/src/components/desktop/libwebp/build/i86/src'
Making install in mux
make[3]: Entering directory '/ws/userland/src/components/desktop/libwebp/build/i86/src/mux'
make[4]: Entering directory '/ws/userland/src/components/desktop/libwebp/build/i86/src/mux'
 /usr/bin/gmkdir -p '/ws/userland/src/components/desktop/libwebp/build/prototype/i386/usr/lib'
 /bin/bash ../../libtool   --mode=install /usr/bin/ginstall -c   libwebpmux.la '/ws/userland/src/components/desktop/libwebp/build/prototype/i386/usr/lib'
libtool: warning: relinking 'libwebpmux.la'
libtool: install: (cd /ws/userland/src/components/desktop/libwebp/build/i86/src/mux; /bin/bash "/ws/userland/src/components/desktop/libwebp/build/i86/libtool"  --silent --tag CC --mode=relink /usr/gcc/7/bin/gcc -fvisibility=hidden -Wall -Wdeclaration-after-statement -Wextra -Wfloat-conversion -Wformat -Wformat-nonliteral -Wformat -Wformat-security -Wmissing-declarations -Wmissing-prototypes -Wold-style-definition -Wshadow -Wundef -Wunreachable-code -Wunused-but-set-variable -Wunused -Wvla -m32 -O3 -mincoming-stack-boundary=2 -D_REENTRANT -pthreads -no-undefined -version-info 3:2:0 -lm -m32 -o libwebpmux.la -rpath /usr/lib anim_encode.lo muxedit.lo muxinternal.lo muxread.lo ../libwebp.la -inst-prefix-dir /ws/userland/src/components/desktop/libwebp/build/prototype/i386)
libtool: install: /usr/bin/ginstall -c .libs/libwebpmux.so.3.0.2T /ws/userland/src/components/desktop/libwebp/build/prototype/i386/usr/lib/libwebpmux.so.3.0.2
libtool: install: (cd /ws/userland/src/components/desktop/libwebp/build/prototype/i386/usr/lib && { ln -s -f libwebpmux.so.3.0.2 libwebpmux.so.3 || { rm -f libwebpmux.so.3 && ln -s libwebpmux.so.3.0.2 libwebpmux.so.3; }; })
libtool: install: (cd /ws/userland/src/components/desktop/libwebp/build/prototype/i386/usr/lib && { ln -s -f libwebpmux.so.3.0.2 libwebpmux.so || { rm -f libwebpmux.so && ln -s libwebpmux.so.3.0.2 libwebpmux.so; }; })
libtool: install: chmod +x /ws/userland/src/components/desktop/libwebp/build/prototype/i386/usr/lib/libwebpmux.so.3.0.2
libtool: install: /usr/bin/ginstall -c .libs/libwebpmux.lai /ws/userland/src/components/desktop/libwebp/build/prototype/i386/usr/lib/libwebpmux.la
libtool: warning: remember to run 'libtool --finish /usr/lib'
 /usr/bin/gmkdir -p '/ws/userland/src/components/desktop/libwebp/build/prototype/i386/usr/include/webp'
 /usr/bin/ginstall -c -m 644 /ws/userland/src/components/desktop/libwebp/libwebp-1.0.0-rc3/src/mux/../webp/mux.h /ws/userland/src/components/desktop/libwebp/libwebp-1.0.0-rc3/src/mux/../webp/mux_types.h /ws/userland/src/components/desktop/libwebp/libwebp-1.0.0-rc3/src/mux/../webp/types.h '/ws/userland/src/components/desktop/libwebp/build/prototype/i386/usr/include/webp'
 /usr/bin/gmkdir -p '/ws/userland/src/components/desktop/libwebp/build/prototype/i386/usr/lib/pkgconfig'
 /usr/bin/ginstall -c -m 644 libwebpmux.pc '/ws/userland/src/components/desktop/libwebp/build/prototype/i386/usr/lib/pkgconfig'
make[4]: Leaving directory '/ws/userland/src/components/desktop/libwebp/build/i86/src/mux'
make[3]: Leaving directory '/ws/userland/src/components/desktop/libwebp/build/i86/src/mux'
Making install in demux
make[3]: Entering directory '/ws/userland/src/components/desktop/libwebp/build/i86/src/demux'
make[4]: Entering directory '/ws/userland/src/components/desktop/libwebp/build/i86/src/demux'
 /usr/bin/gmkdir -p '/ws/userland/src/components/desktop/libwebp/build/prototype/i386/usr/lib'
 /bin/bash ../../libtool   --mode=install /usr/bin/ginstall -c   libwebpdemux.la '/ws/userland/src/components/desktop/libwebp/build/prototype/i386/usr/lib'
libtool: warning: relinking 'libwebpdemux.la'
libtool: install: (cd /ws/userland/src/components/desktop/libwebp/build/i86/src/demux; /bin/bash "/ws/userland/src/components/desktop/libwebp/build/i86/libtool"  --silent --tag CC --mode=relink /usr/gcc/7/bin/gcc -fvisibility=hidden -Wall -Wdeclaration-after-statement -Wextra -Wfloat-conversion -Wformat -Wformat-nonliteral -Wformat -Wformat-security -Wmissing-declarations -Wmissing-prototypes -Wold-style-definition -Wshadow -Wundef -Wunreachable-code -Wunused-but-set-variable -Wunused -Wvla -m32 -O3 -mincoming-stack-boundary=2 -D_REENTRANT -pthreads -no-undefined -version-info 2:4:0 -m32 -o libwebpdemux.la -rpath /usr/lib anim_decode.lo demux.lo ../libwebp.la -inst-prefix-dir /ws/userland/src/components/desktop/libwebp/build/prototype/i386)
libtool: install: /usr/bin/ginstall -c .libs/libwebpdemux.so.2.0.4T /ws/userland/src/components/desktop/libwebp/build/prototype/i386/usr/lib/libwebpdemux.so.2.0.4
libtool: install: (cd /ws/userland/src/components/desktop/libwebp/build/prototype/i386/usr/lib && { ln -s -f libwebpdemux.so.2.0.4 libwebpdemux.so.2 || { rm -f libwebpdemux.so.2 && ln -s libwebpdemux.so.2.0.4 libwebpdemux.so.2; }; })
libtool: install: (cd /ws/userland/src/components/desktop/libwebp/build/prototype/i386/usr/lib && { ln -s -f libwebpdemux.so.2.0.4 libwebpdemux.so || { rm -f libwebpdemux.so && ln -s libwebpdemux.so.2.0.4 libwebpdemux.so; }; })
libtool: install: chmod +x /ws/userland/src/components/desktop/libwebp/build/prototype/i386/usr/lib/libwebpdemux.so.2.0.4
libtool: install: /usr/bin/ginstall -c .libs/libwebpdemux.lai /ws/userland/src/components/desktop/libwebp/build/prototype/i386/usr/lib/libwebpdemux.la
libtool: warning: remember to run 'libtool --finish /usr/lib'
 /usr/bin/gmkdir -p '/ws/userland/src/components/desktop/libwebp/build/prototype/i386/usr/include/webp'
 /usr/bin/ginstall -c -m 644 /ws/userland/src/components/desktop/libwebp/libwebp-1.0.0-rc3/src/demux/../webp/decode.h /ws/userland/src/components/desktop/libwebp/libwebp-1.0.0-rc3/src/demux/../webp/demux.h /ws/userland/src/components/desktop/libwebp/libwebp-1.0.0-rc3/src/demux/../webp/mux_types.h /ws/userland/src/components/desktop/libwebp/libwebp-1.0.0-rc3/src/demux/../webp/types.h '/ws/userland/src/components/desktop/libwebp/build/prototype/i386/usr/include/webp'
 /usr/bin/gmkdir -p '/ws/userland/src/components/desktop/libwebp/build/prototype/i386/usr/lib/pkgconfig'
 /usr/bin/ginstall -c -m 644 libwebpdemux.pc '/ws/userland/src/components/desktop/libwebp/build/prototype/i386/usr/lib/pkgconfig'
make[4]: Leaving directory '/ws/userland/src/components/desktop/libwebp/build/i86/src/demux'
make[3]: Leaving directory '/ws/userland/src/components/desktop/libwebp/build/i86/src/demux'
make[2]: Leaving directory '/ws/userland/src/components/desktop/libwebp/build/i86/src'
Making install in imageio
make[2]: Entering directory '/ws/userland/src/components/desktop/libwebp/build/i86/imageio'
make[3]: Entering directory '/ws/userland/src/components/desktop/libwebp/build/i86/imageio'
make[3]: Nothing to be done for 'install-exec-am'.
make[3]: Nothing to be done for 'install-data-am'.
make[3]: Leaving directory '/ws/userland/src/components/desktop/libwebp/build/i86/imageio'
make[2]: Leaving directory '/ws/userland/src/components/desktop/libwebp/build/i86/imageio'
Making install in man
make[2]: Entering directory '/ws/userland/src/components/desktop/libwebp/build/i86/man'
make[3]: Entering directory '/ws/userland/src/components/desktop/libwebp/build/i86/man'
make[3]: Nothing to be done for 'install-exec-am'.
 /usr/bin/gmkdir -p '/ws/userland/src/components/desktop/libwebp/build/prototype/i386/usr/share/man/man1'
 /usr/bin/ginstall -c -m 644 /ws/userland/src/components/desktop/libwebp/libwebp-1.0.0-rc3/man/cwebp.1 /ws/userland/src/components/desktop/libwebp/libwebp-1.0.0-rc3/man/dwebp.1 /ws/userland/src/components/desktop/libwebp/libwebp-1.0.0-rc3/man/webpmux.1 /ws/userland/src/components/desktop/libwebp/libwebp-1.0.0-rc3/man/vwebp.1 /ws/userland/src/components/desktop/libwebp/libwebp-1.0.0-rc3/man/webpinfo.1 '/ws/userland/src/components/desktop/libwebp/build/prototype/i386/usr/share/man/man1'
make[3]: Leaving directory '/ws/userland/src/components/desktop/libwebp/build/i86/man'
make[2]: Leaving directory '/ws/userland/src/components/desktop/libwebp/build/i86/man'
Making install in extras
make[2]: Entering directory '/ws/userland/src/components/desktop/libwebp/build/i86/extras'
make[3]: Entering directory '/ws/userland/src/components/desktop/libwebp/build/i86/extras'
make[3]: Nothing to be done for 'install-exec-am'.
make[3]: Nothing to be done for 'install-data-am'.
make[3]: Leaving directory '/ws/userland/src/components/desktop/libwebp/build/i86/extras'
make[2]: Leaving directory '/ws/userland/src/components/desktop/libwebp/build/i86/extras'
Making install in examples
make[2]: Entering directory '/ws/userland/src/components/desktop/libwebp/build/i86/examples'
make[3]: Entering directory '/ws/userland/src/components/desktop/libwebp/build/i86/examples'
 /usr/bin/gmkdir -p '/ws/userland/src/components/desktop/libwebp/build/prototype/i386/usr/bin/i86'
  /bin/bash ../libtool   --mode=install /usr/bin/ginstall -c dwebp cwebp img2webp webpmux vwebp webpinfo '/ws/userland/src/components/desktop/libwebp/build/prototype/i386/usr/bin/i86'
libtool: warning: '/ws/userland/src/components/desktop/libwebp/build/i86/src/demux/libwebpdemux.la' has not been installed in '/usr/lib'
libtool: warning: '/ws/userland/src/components/desktop/libwebp/build/i86/src/libwebp.la' has not been installed in '/usr/lib'
libtool: warning: '../src/libwebp.la' has not been installed in '/usr/lib'
libtool: install: /usr/bin/ginstall -c .libs/dwebp /ws/userland/src/components/desktop/libwebp/build/prototype/i386/usr/bin/i86/dwebp
libtool: warning: '/ws/userland/src/components/desktop/libwebp/build/i86/src/demux/libwebpdemux.la' has not been installed in '/usr/lib'
libtool: warning: '/ws/userland/src/components/desktop/libwebp/build/i86/src/libwebp.la' has not been installed in '/usr/lib'
libtool: warning: '../src/libwebp.la' has not been installed in '/usr/lib'
libtool: install: /usr/bin/ginstall -c .libs/cwebp /ws/userland/src/components/desktop/libwebp/build/prototype/i386/usr/bin/i86/cwebp
libtool: warning: '/ws/userland/src/components/desktop/libwebp/build/i86/src/demux/libwebpdemux.la' has not been installed in '/usr/lib'
libtool: warning: '../src/mux/libwebpmux.la' has not been installed in '/usr/lib'
libtool: warning: '/ws/userland/src/components/desktop/libwebp/build/i86/src/libwebp.la' has not been installed in '/usr/lib'
libtool: warning: '../src/libwebp.la' has not been installed in '/usr/lib'
libtool: install: /usr/bin/ginstall -c .libs/img2webp /ws/userland/src/components/desktop/libwebp/build/prototype/i386/usr/bin/i86/img2webp
libtool: warning: '../src/mux/libwebpmux.la' has not been installed in '/usr/lib'
libtool: warning: '/ws/userland/src/components/desktop/libwebp/build/i86/src/libwebp.la' has not been installed in '/usr/lib'
libtool: warning: '../src/libwebp.la' has not been installed in '/usr/lib'
libtool: install: /usr/bin/ginstall -c .libs/webpmux /ws/userland/src/components/desktop/libwebp/build/prototype/i386/usr/bin/i86/webpmux
libtool: warning: '../src/demux/libwebpdemux.la' has not been installed in '/usr/lib'
libtool: warning: '/ws/userland/src/components/desktop/libwebp/build/i86/src/libwebp.la' has not been installed in '/usr/lib'
libtool: warning: '../src/libwebpdecoder.la' has not been installed in '/usr/lib'
libtool: install: /usr/bin/ginstall -c .libs/vwebp /ws/userland/src/components/desktop/libwebp/build/prototype/i386/usr/bin/i86/vwebp
libtool: warning: '/ws/userland/src/components/desktop/libwebp/build/i86/src/libwebp.la' has not been installed in '/usr/lib'
libtool: warning: '../src/libwebp.la' has not been installed in '/usr/lib'
libtool: install: /usr/bin/ginstall -c .libs/webpinfo /ws/userland/src/components/desktop/libwebp/build/prototype/i386/usr/bin/i86/webpinfo
make[3]: Nothing to be done for 'install-data-am'.
make[3]: Leaving directory '/ws/userland/src/components/desktop/libwebp/build/i86/examples'
make[2]: Leaving directory '/ws/userland/src/components/desktop/libwebp/build/i86/examples'
make[2]: Entering directory '/ws/userland/src/components/desktop/libwebp/build/i86'
make[3]: Entering directory '/ws/userland/src/components/desktop/libwebp/build/i86'
make[3]: Nothing to be done for 'install-exec-am'.
make[3]: Nothing to be done for 'install-data-am'.
make[3]: Leaving directory '/ws/userland/src/components/desktop/libwebp/build/i86'
make[2]: Leaving directory '/ws/userland/src/components/desktop/libwebp/build/i86'
make[1]: Leaving directory '/ws/userland/src/components/desktop/libwebp/build/i86'
/usr/bin/touch /ws/userland/src/components/desktop/libwebp/build/i86/.installed
(cd /ws/userland/src/components/desktop/libwebp/build/amd64 ; /usr/bin/env LD_OPTIONS="-M /usr/lib/ld/map.noexdata -M /usr/lib/ld/map.pagealign -Bdirect -zignore -zstrip-class=comment" LD_EXEC_OPTIONS=" -zsx=aslr=enable -zsx=nxstack=enable -zsx=nxheap=enable " LD_PIE_OPTIONS="-zsx=aslr=enable -zsx=nxstack=enable -zsx=nxheap=enable "  /usr/gnu/bin/make \
		 DESTDIR=/ws/userland/src/components/desktop/libwebp/build/prototype/i386 install)
make[1]: Entering directory '/ws/userland/src/components/desktop/libwebp/build/amd64'
Making install in src
make[2]: Entering directory '/ws/userland/src/components/desktop/libwebp/build/amd64/src'
Making install in dec
make[3]: Entering directory '/ws/userland/src/components/desktop/libwebp/build/amd64/src/dec'
make[4]: Entering directory '/ws/userland/src/components/desktop/libwebp/build/amd64/src/dec'
make[4]: Nothing to be done for 'install-exec-am'.
 /usr/bin/gmkdir -p '/ws/userland/src/components/desktop/libwebp/build/prototype/i386/usr/include/webp'
 /usr/bin/ginstall -c -m 644 /ws/userland/src/components/desktop/libwebp/libwebp-1.0.0-rc3/src/dec/../webp/decode.h /ws/userland/src/components/desktop/libwebp/libwebp-1.0.0-rc3/src/dec/../webp/types.h '/ws/userland/src/components/desktop/libwebp/build/prototype/i386/usr/include/webp'
make[4]: Leaving directory '/ws/userland/src/components/desktop/libwebp/build/amd64/src/dec'
make[3]: Leaving directory '/ws/userland/src/components/desktop/libwebp/build/amd64/src/dec'
Making install in enc
make[3]: Entering directory '/ws/userland/src/components/desktop/libwebp/build/amd64/src/enc'
make[4]: Entering directory '/ws/userland/src/components/desktop/libwebp/build/amd64/src/enc'
make[4]: Nothing to be done for 'install-exec-am'.
 /usr/bin/gmkdir -p '/ws/userland/src/components/desktop/libwebp/build/prototype/i386/usr/include/webp'
 /usr/bin/ginstall -c -m 644 /ws/userland/src/components/desktop/libwebp/libwebp-1.0.0-rc3/src/enc/../webp/encode.h /ws/userland/src/components/desktop/libwebp/libwebp-1.0.0-rc3/src/enc/../webp/types.h '/ws/userland/src/components/desktop/libwebp/build/prototype/i386/usr/include/webp'
make[4]: Leaving directory '/ws/userland/src/components/desktop/libwebp/build/amd64/src/enc'
make[3]: Leaving directory '/ws/userland/src/components/desktop/libwebp/build/amd64/src/enc'
Making install in dsp
make[3]: Entering directory '/ws/userland/src/components/desktop/libwebp/build/amd64/src/dsp'
make[4]: Entering directory '/ws/userland/src/components/desktop/libwebp/build/amd64/src/dsp'
make[4]: Nothing to be done for 'install-exec-am'.
 /usr/bin/gmkdir -p '/ws/userland/src/components/desktop/libwebp/build/prototype/i386/usr/include/webp'
 /usr/bin/ginstall -c -m 644 /ws/userland/src/components/desktop/libwebp/libwebp-1.0.0-rc3/src/dsp/../webp/types.h '/ws/userland/src/components/desktop/libwebp/build/prototype/i386/usr/include/webp'
make[4]: Leaving directory '/ws/userland/src/components/desktop/libwebp/build/amd64/src/dsp'
make[3]: Leaving directory '/ws/userland/src/components/desktop/libwebp/build/amd64/src/dsp'
Making install in utils
make[3]: Entering directory '/ws/userland/src/components/desktop/libwebp/build/amd64/src/utils'
make[4]: Entering directory '/ws/userland/src/components/desktop/libwebp/build/amd64/src/utils'
make[4]: Nothing to be done for 'install-exec-am'.
 /usr/bin/gmkdir -p '/ws/userland/src/components/desktop/libwebp/build/prototype/i386/usr/include/webp'
 /usr/bin/ginstall -c -m 644 /ws/userland/src/components/desktop/libwebp/libwebp-1.0.0-rc3/src/utils/../webp/types.h '/ws/userland/src/components/desktop/libwebp/build/prototype/i386/usr/include/webp'
make[4]: Leaving directory '/ws/userland/src/components/desktop/libwebp/build/amd64/src/utils'
make[3]: Leaving directory '/ws/userland/src/components/desktop/libwebp/build/amd64/src/utils'
Making install in .
make[3]: Entering directory '/ws/userland/src/components/desktop/libwebp/build/amd64/src'
make[4]: Entering directory '/ws/userland/src/components/desktop/libwebp/build/amd64/src'
 /usr/bin/gmkdir -p '/ws/userland/src/components/desktop/libwebp/build/prototype/i386/usr/lib/amd64'
 /bin/bash ../libtool   --mode=install /usr/bin/ginstall -c   libwebp.la libwebpdecoder.la '/ws/userland/src/components/desktop/libwebp/build/prototype/i386/usr/lib/amd64'
libtool: install: /usr/bin/ginstall -c .libs/libwebp.so.7.0.2 /ws/userland/src/components/desktop/libwebp/build/prototype/i386/usr/lib/amd64/libwebp.so.7.0.2
libtool: install: (cd /ws/userland/src/components/desktop/libwebp/build/prototype/i386/usr/lib/amd64 && { ln -s -f libwebp.so.7.0.2 libwebp.so.7 || { rm -f libwebp.so.7 && ln -s libwebp.so.7.0.2 libwebp.so.7; }; })
libtool: install: (cd /ws/userland/src/components/desktop/libwebp/build/prototype/i386/usr/lib/amd64 && { ln -s -f libwebp.so.7.0.2 libwebp.so || { rm -f libwebp.so && ln -s libwebp.so.7.0.2 libwebp.so; }; })
libtool: install: chmod +x /ws/userland/src/components/desktop/libwebp/build/prototype/i386/usr/lib/amd64/libwebp.so.7.0.2
libtool: install: /usr/bin/ginstall -c .libs/libwebp.lai /ws/userland/src/components/desktop/libwebp/build/prototype/i386/usr/lib/amd64/libwebp.la
libtool: install: /usr/bin/ginstall -c .libs/libwebpdecoder.so.3.0.2 /ws/userland/src/components/desktop/libwebp/build/prototype/i386/usr/lib/amd64/libwebpdecoder.so.3.0.2
libtool: install: (cd /ws/userland/src/components/desktop/libwebp/build/prototype/i386/usr/lib/amd64 && { ln -s -f libwebpdecoder.so.3.0.2 libwebpdecoder.so.3 || { rm -f libwebpdecoder.so.3 && ln -s libwebpdecoder.so.3.0.2 libwebpdecoder.so.3; }; })
libtool: install: (cd /ws/userland/src/components/desktop/libwebp/build/prototype/i386/usr/lib/amd64 && { ln -s -f libwebpdecoder.so.3.0.2 libwebpdecoder.so || { rm -f libwebpdecoder.so && ln -s libwebpdecoder.so.3.0.2 libwebpdecoder.so; }; })
libtool: install: chmod +x /ws/userland/src/components/desktop/libwebp/build/prototype/i386/usr/lib/amd64/libwebpdecoder.so.3.0.2
libtool: install: /usr/bin/ginstall -c .libs/libwebpdecoder.lai /ws/userland/src/components/desktop/libwebp/build/prototype/i386/usr/lib/amd64/libwebpdecoder.la
libtool: warning: remember to run 'libtool --finish /usr/lib/amd64'
 /usr/bin/gmkdir -p '/ws/userland/src/components/desktop/libwebp/build/prototype/i386/usr/include/webp'
 /usr/bin/ginstall -c -m 644 /ws/userland/src/components/desktop/libwebp/libwebp-1.0.0-rc3/src/webp/decode.h /ws/userland/src/components/desktop/libwebp/libwebp-1.0.0-rc3/src/webp/types.h '/ws/userland/src/components/desktop/libwebp/build/prototype/i386/usr/include/webp'
 /usr/bin/gmkdir -p '/ws/userland/src/components/desktop/libwebp/build/prototype/i386/usr/include/webp'
 /usr/bin/ginstall -c -m 644 /ws/userland/src/components/desktop/libwebp/libwebp-1.0.0-rc3/src/webp/encode.h '/ws/userland/src/components/desktop/libwebp/build/prototype/i386/usr/include/webp'
 /usr/bin/gmkdir -p '/ws/userland/src/components/desktop/libwebp/build/prototype/i386/usr/lib/amd64/pkgconfig'
 /usr/bin/ginstall -c -m 644 libwebp.pc libwebpdecoder.pc '/ws/userland/src/components/desktop/libwebp/build/prototype/i386/usr/lib/amd64/pkgconfig'
make[4]: Leaving directory '/ws/userland/src/components/desktop/libwebp/build/amd64/src'
make[3]: Leaving directory '/ws/userland/src/components/desktop/libwebp/build/amd64/src'
Making install in mux
make[3]: Entering directory '/ws/userland/src/components/desktop/libwebp/build/amd64/src/mux'
make[4]: Entering directory '/ws/userland/src/components/desktop/libwebp/build/amd64/src/mux'
 /usr/bin/gmkdir -p '/ws/userland/src/components/desktop/libwebp/build/prototype/i386/usr/lib/amd64'
 /bin/bash ../../libtool   --mode=install /usr/bin/ginstall -c   libwebpmux.la '/ws/userland/src/components/desktop/libwebp/build/prototype/i386/usr/lib/amd64'
libtool: warning: relinking 'libwebpmux.la'
libtool: install: (cd /ws/userland/src/components/desktop/libwebp/build/amd64/src/mux; /bin/bash "/ws/userland/src/components/desktop/libwebp/build/amd64/libtool"  --silent --tag CC --mode=relink /usr/gcc/7/bin/gcc -fvisibility=hidden -Wall -Wdeclaration-after-statement -Wextra -Wfloat-conversion -Wformat -Wformat-nonliteral -Wformat -Wformat-security -Wmissing-declarations -Wmissing-prototypes -Wold-style-definition -Wshadow -Wundef -Wunreachable-code -Wunused-but-set-variable -Wunused -Wvla -m64 -O3 -D_REENTRANT -pthreads -no-undefined -version-info 3:2:0 -lm -m64 -o libwebpmux.la -rpath /usr/lib/amd64 anim_encode.lo muxedit.lo muxinternal.lo muxread.lo ../libwebp.la -inst-prefix-dir /ws/userland/src/components/desktop/libwebp/build/prototype/i386)
libtool: install: /usr/bin/ginstall -c .libs/libwebpmux.so.3.0.2T /ws/userland/src/components/desktop/libwebp/build/prototype/i386/usr/lib/amd64/libwebpmux.so.3.0.2
libtool: install: (cd /ws/userland/src/components/desktop/libwebp/build/prototype/i386/usr/lib/amd64 && { ln -s -f libwebpmux.so.3.0.2 libwebpmux.so.3 || { rm -f libwebpmux.so.3 && ln -s libwebpmux.so.3.0.2 libwebpmux.so.3; }; })
libtool: install: (cd /ws/userland/src/components/desktop/libwebp/build/prototype/i386/usr/lib/amd64 && { ln -s -f libwebpmux.so.3.0.2 libwebpmux.so || { rm -f libwebpmux.so && ln -s libwebpmux.so.3.0.2 libwebpmux.so; }; })
libtool: install: chmod +x /ws/userland/src/components/desktop/libwebp/build/prototype/i386/usr/lib/amd64/libwebpmux.so.3.0.2
libtool: install: /usr/bin/ginstall -c .libs/libwebpmux.lai /ws/userland/src/components/desktop/libwebp/build/prototype/i386/usr/lib/amd64/libwebpmux.la
libtool: warning: remember to run 'libtool --finish /usr/lib/amd64'
 /usr/bin/gmkdir -p '/ws/userland/src/components/desktop/libwebp/build/prototype/i386/usr/include/webp'
 /usr/bin/ginstall -c -m 644 /ws/userland/src/components/desktop/libwebp/libwebp-1.0.0-rc3/src/mux/../webp/mux.h /ws/userland/src/components/desktop/libwebp/libwebp-1.0.0-rc3/src/mux/../webp/mux_types.h /ws/userland/src/components/desktop/libwebp/libwebp-1.0.0-rc3/src/mux/../webp/types.h '/ws/userland/src/components/desktop/libwebp/build/prototype/i386/usr/include/webp'
 /usr/bin/gmkdir -p '/ws/userland/src/components/desktop/libwebp/build/prototype/i386/usr/lib/amd64/pkgconfig'
 /usr/bin/ginstall -c -m 644 libwebpmux.pc '/ws/userland/src/components/desktop/libwebp/build/prototype/i386/usr/lib/amd64/pkgconfig'
make[4]: Leaving directory '/ws/userland/src/components/desktop/libwebp/build/amd64/src/mux'
make[3]: Leaving directory '/ws/userland/src/components/desktop/libwebp/build/amd64/src/mux'
Making install in demux
make[3]: Entering directory '/ws/userland/src/components/desktop/libwebp/build/amd64/src/demux'
make[4]: Entering directory '/ws/userland/src/components/desktop/libwebp/build/amd64/src/demux'
 /usr/bin/gmkdir -p '/ws/userland/src/components/desktop/libwebp/build/prototype/i386/usr/lib/amd64'
 /bin/bash ../../libtool   --mode=install /usr/bin/ginstall -c   libwebpdemux.la '/ws/userland/src/components/desktop/libwebp/build/prototype/i386/usr/lib/amd64'
libtool: warning: relinking 'libwebpdemux.la'
libtool: install: (cd /ws/userland/src/components/desktop/libwebp/build/amd64/src/demux; /bin/bash "/ws/userland/src/components/desktop/libwebp/build/amd64/libtool"  --silent --tag CC --mode=relink /usr/gcc/7/bin/gcc -fvisibility=hidden -Wall -Wdeclaration-after-statement -Wextra -Wfloat-conversion -Wformat -Wformat-nonliteral -Wformat -Wformat-security -Wmissing-declarations -Wmissing-prototypes -Wold-style-definition -Wshadow -Wundef -Wunreachable-code -Wunused-but-set-variable -Wunused -Wvla -m64 -O3 -D_REENTRANT -pthreads -no-undefined -version-info 2:4:0 -m64 -o libwebpdemux.la -rpath /usr/lib/amd64 anim_decode.lo demux.lo ../libwebp.la -inst-prefix-dir /ws/userland/src/components/desktop/libwebp/build/prototype/i386)
libtool: install: /usr/bin/ginstall -c .libs/libwebpdemux.so.2.0.4T /ws/userland/src/components/desktop/libwebp/build/prototype/i386/usr/lib/amd64/libwebpdemux.so.2.0.4
libtool: install: (cd /ws/userland/src/components/desktop/libwebp/build/prototype/i386/usr/lib/amd64 && { ln -s -f libwebpdemux.so.2.0.4 libwebpdemux.so.2 || { rm -f libwebpdemux.so.2 && ln -s libwebpdemux.so.2.0.4 libwebpdemux.so.2; }; })
libtool: install: (cd /ws/userland/src/components/desktop/libwebp/build/prototype/i386/usr/lib/amd64 && { ln -s -f libwebpdemux.so.2.0.4 libwebpdemux.so || { rm -f libwebpdemux.so && ln -s libwebpdemux.so.2.0.4 libwebpdemux.so; }; })
libtool: install: chmod +x /ws/userland/src/components/desktop/libwebp/build/prototype/i386/usr/lib/amd64/libwebpdemux.so.2.0.4
libtool: install: /usr/bin/ginstall -c .libs/libwebpdemux.lai /ws/userland/src/components/desktop/libwebp/build/prototype/i386/usr/lib/amd64/libwebpdemux.la
libtool: warning: remember to run 'libtool --finish /usr/lib/amd64'
 /usr/bin/gmkdir -p '/ws/userland/src/components/desktop/libwebp/build/prototype/i386/usr/include/webp'
 /usr/bin/ginstall -c -m 644 /ws/userland/src/components/desktop/libwebp/libwebp-1.0.0-rc3/src/demux/../webp/decode.h /ws/userland/src/components/desktop/libwebp/libwebp-1.0.0-rc3/src/demux/../webp/demux.h /ws/userland/src/components/desktop/libwebp/libwebp-1.0.0-rc3/src/demux/../webp/mux_types.h /ws/userland/src/components/desktop/libwebp/libwebp-1.0.0-rc3/src/demux/../webp/types.h '/ws/userland/src/components/desktop/libwebp/build/prototype/i386/usr/include/webp'
 /usr/bin/gmkdir -p '/ws/userland/src/components/desktop/libwebp/build/prototype/i386/usr/lib/amd64/pkgconfig'
 /usr/bin/ginstall -c -m 644 libwebpdemux.pc '/ws/userland/src/components/desktop/libwebp/build/prototype/i386/usr/lib/amd64/pkgconfig'
make[4]: Leaving directory '/ws/userland/src/components/desktop/libwebp/build/amd64/src/demux'
make[3]: Leaving directory '/ws/userland/src/components/desktop/libwebp/build/amd64/src/demux'
make[2]: Leaving directory '/ws/userland/src/components/desktop/libwebp/build/amd64/src'
Making install in imageio
make[2]: Entering directory '/ws/userland/src/components/desktop/libwebp/build/amd64/imageio'
make[3]: Entering directory '/ws/userland/src/components/desktop/libwebp/build/amd64/imageio'
make[3]: Nothing to be done for 'install-exec-am'.
make[3]: Nothing to be done for 'install-data-am'.
make[3]: Leaving directory '/ws/userland/src/components/desktop/libwebp/build/amd64/imageio'
make[2]: Leaving directory '/ws/userland/src/components/desktop/libwebp/build/amd64/imageio'
Making install in man
make[2]: Entering directory '/ws/userland/src/components/desktop/libwebp/build/amd64/man'
make[3]: Entering directory '/ws/userland/src/components/desktop/libwebp/build/amd64/man'
make[3]: Nothing to be done for 'install-exec-am'.
 /usr/bin/gmkdir -p '/ws/userland/src/components/desktop/libwebp/build/prototype/i386/usr/share/man/man1'
 /usr/bin/ginstall -c -m 644 /ws/userland/src/components/desktop/libwebp/libwebp-1.0.0-rc3/man/cwebp.1 /ws/userland/src/components/desktop/libwebp/libwebp-1.0.0-rc3/man/dwebp.1 /ws/userland/src/components/desktop/libwebp/libwebp-1.0.0-rc3/man/webpmux.1 /ws/userland/src/components/desktop/libwebp/libwebp-1.0.0-rc3/man/vwebp.1 /ws/userland/src/components/desktop/libwebp/libwebp-1.0.0-rc3/man/webpinfo.1 '/ws/userland/src/components/desktop/libwebp/build/prototype/i386/usr/share/man/man1'
make[3]: Leaving directory '/ws/userland/src/components/desktop/libwebp/build/amd64/man'
make[2]: Leaving directory '/ws/userland/src/components/desktop/libwebp/build/amd64/man'
Making install in extras
make[2]: Entering directory '/ws/userland/src/components/desktop/libwebp/build/amd64/extras'
make[3]: Entering directory '/ws/userland/src/components/desktop/libwebp/build/amd64/extras'
make[3]: Nothing to be done for 'install-exec-am'.
make[3]: Nothing to be done for 'install-data-am'.
make[3]: Leaving directory '/ws/userland/src/components/desktop/libwebp/build/amd64/extras'
make[2]: Leaving directory '/ws/userland/src/components/desktop/libwebp/build/amd64/extras'
Making install in examples
make[2]: Entering directory '/ws/userland/src/components/desktop/libwebp/build/amd64/examples'
make[3]: Entering directory '/ws/userland/src/components/desktop/libwebp/build/amd64/examples'
 /usr/bin/gmkdir -p '/ws/userland/src/components/desktop/libwebp/build/prototype/i386/usr/bin'
  /bin/bash ../libtool   --mode=install /usr/bin/ginstall -c dwebp cwebp img2webp webpmux vwebp webpinfo '/ws/userland/src/components/desktop/libwebp/build/prototype/i386/usr/bin'
libtool: warning: '/ws/userland/src/components/desktop/libwebp/build/amd64/src/demux/libwebpdemux.la' has not been installed in '/usr/lib/amd64'
libtool: warning: '/ws/userland/src/components/desktop/libwebp/build/amd64/src/libwebp.la' has not been installed in '/usr/lib/amd64'
libtool: warning: '../src/libwebp.la' has not been installed in '/usr/lib/amd64'
libtool: install: /usr/bin/ginstall -c .libs/dwebp /ws/userland/src/components/desktop/libwebp/build/prototype/i386/usr/bin/dwebp
libtool: warning: '/ws/userland/src/components/desktop/libwebp/build/amd64/src/demux/libwebpdemux.la' has not been installed in '/usr/lib/amd64'
libtool: warning: '/ws/userland/src/components/desktop/libwebp/build/amd64/src/libwebp.la' has not been installed in '/usr/lib/amd64'
libtool: warning: '../src/libwebp.la' has not been installed in '/usr/lib/amd64'
libtool: install: /usr/bin/ginstall -c .libs/cwebp /ws/userland/src/components/desktop/libwebp/build/prototype/i386/usr/bin/cwebp
libtool: warning: '/ws/userland/src/components/desktop/libwebp/build/amd64/src/demux/libwebpdemux.la' has not been installed in '/usr/lib/amd64'
libtool: warning: '../src/mux/libwebpmux.la' has not been installed in '/usr/lib/amd64'
libtool: warning: '/ws/userland/src/components/desktop/libwebp/build/amd64/src/libwebp.la' has not been installed in '/usr/lib/amd64'
libtool: warning: '../src/libwebp.la' has not been installed in '/usr/lib/amd64'
libtool: install: /usr/bin/ginstall -c .libs/img2webp /ws/userland/src/components/desktop/libwebp/build/prototype/i386/usr/bin/img2webp
libtool: warning: '../src/mux/libwebpmux.la' has not been installed in '/usr/lib/amd64'
libtool: warning: '/ws/userland/src/components/desktop/libwebp/build/amd64/src/libwebp.la' has not been installed in '/usr/lib/amd64'
libtool: warning: '../src/libwebp.la' has not been installed in '/usr/lib/amd64'
libtool: install: /usr/bin/ginstall -c .libs/webpmux /ws/userland/src/components/desktop/libwebp/build/prototype/i386/usr/bin/webpmux
libtool: warning: '../src/demux/libwebpdemux.la' has not been installed in '/usr/lib/amd64'
libtool: warning: '/ws/userland/src/components/desktop/libwebp/build/amd64/src/libwebp.la' has not been installed in '/usr/lib/amd64'
libtool: warning: '../src/libwebpdecoder.la' has not been installed in '/usr/lib/amd64'
libtool: install: /usr/bin/ginstall -c .libs/vwebp /ws/userland/src/components/desktop/libwebp/build/prototype/i386/usr/bin/vwebp
libtool: warning: '/ws/userland/src/components/desktop/libwebp/build/amd64/src/libwebp.la' has not been installed in '/usr/lib/amd64'
libtool: warning: '../src/libwebp.la' has not been installed in '/usr/lib/amd64'
libtool: install: /usr/bin/ginstall -c .libs/webpinfo /ws/userland/src/components/desktop/libwebp/build/prototype/i386/usr/bin/webpinfo
make[3]: Nothing to be done for 'install-data-am'.
make[3]: Leaving directory '/ws/userland/src/components/desktop/libwebp/build/amd64/examples'
make[2]: Leaving directory '/ws/userland/src/components/desktop/libwebp/build/amd64/examples'
make[2]: Entering directory '/ws/userland/src/components/desktop/libwebp/build/amd64'
make[3]: Entering directory '/ws/userland/src/components/desktop/libwebp/build/amd64'
make[3]: Nothing to be done for 'install-exec-am'.
make[3]: Nothing to be done for 'install-data-am'.
make[3]: Leaving directory '/ws/userland/src/components/desktop/libwebp/build/amd64'
make[2]: Leaving directory '/ws/userland/src/components/desktop/libwebp/build/amd64'
make[1]: Leaving directory '/ws/userland/src/components/desktop/libwebp/build/amd64'
/usr/bin/touch /ws/userland/src/components/desktop/libwebp/build/amd64/.installed
abort: there is no Mercurial repository here (.hg not found)
/usr/bin/pkgfmt -c -fv2 libwebp.p5m
/usr/bin/pkgmogrify -D PERL_ARCH=i86pc-solaris-thread-multi-64 -D PERL_VERSION=5.22 -D IPS_COMPONENT_RE_VERSION=1\\.0\\.0 -D COMPONENT_RE_VERSION=1\\.0\\.0 -D PYTHON_2.7_ONLY=# -D PYTHON_3.4_ONLY=# -D PYTHON_3.5_ONLY=# -D SQ=\' -D DQ=\" -D Q=\" -I/ws/userland/src/components/desktop/libwebp -D SOLARIS_11_3_ONLY="#" -D SOLARIS_11_5_ONLY="#" -D SOLARIS_11_3_4_ONLY="" -D SOLARIS_11_4_5_ONLY="" -D SOLARIS_11_4_ONLY="" -D ARC_CASE="" -D TPNO="42648" -D BUILD_VERSION="5.11-11.4.0.0.1.14.0" -D OS_RELEASE="5.11" -D SOLARIS_VERSION="2.11" -D PKG_SOLARIS_VERSION="11.4" -D CONSOLIDATION="userland" -D CONSOLIDATION_CHANGESET="" -D CONSOLIDATION_REPOSITORY_URL="https://github.com/oracle/solaris-userland.git" -D COMPONENT_VERSION="1.0.0" -D IPS_COMPONENT_VERSION="1.0.0" -D HUMAN_VERSION="" -D COMPONENT_ARCHIVE_URL="http://downloads.webmproject.org/releases/webp/libwebp-1.0.0-rc3.tar.gz" -D COMPONENT_PROJECT_URL="https://www.webmproject.org/" -D COMPONENT_NAME="libwebp" -D HG_REPO="" -D HG_REV="" -D HG_URL="" -D GIT_COMMIT_ID="" -D GIT_REPO="" -D GIT_TAG="" -D MACH="i386" -D MACH32="i86" -D MACH64="amd64" -D PUBLISHER="nightly" -D PUBLISHER_LOCALIZABLE="userland-localizable" libwebp.p5m \
	/ws/userland/src/transforms/license-changes /ws/userland/src/transforms/variant-cleanup /ws/userland/src/transforms/autopyc /ws/userland/src/transforms/defaults /ws/userland/src/transforms/actuators /ws/userland/src/transforms/depends /ws/userland/src/transforms/devel /ws/userland/src/transforms/docs /ws/userland/src/transforms/locale /ws/userland/src/transforms/standard-python-libraries /ws/userland/src/transforms/python-rename /ws/userland/src/transforms/python-3-groups /ws/userland/src/transforms/python-3-soabi /ws/userland/src/transforms/python-3-no-32bit /ws/userland/src/transforms/ruby-tests /ws/userland/src/transforms/puppet /ws/userland/src/transforms/libtool-drop /ws/userland/src/transforms/incorporate /ws/userland/src/transforms/publish-cleanup | \
	sed -e '/^$/d' -e '/^#.*$/d' | uniq >/ws/userland/src/components/desktop/libwebp/build/manifest-i386-libwebp.mogrified
/bin/mkdir -p /ws/userland/src/components/desktop/libwebp/build/prototype/i386/mangled
/ws/userland/src/tools/userland-mangler -D /ws/userland/src/components/desktop/libwebp/build/prototype/i386/mangled -d /ws/userland/src/components/desktop/libwebp/build/prototype/i386/mangled -d /ws/userland/src/components/desktop/libwebp/build/prototype/i386 -d /ws/userland/src/components/desktop/libwebp/build -d /ws/userland/src/components/desktop/libwebp -d libwebp-1.0.0-rc3 -d /ws/userland/src/licenses -m /ws/userland/src/components/desktop/libwebp/build/manifest-i386-libwebp.mogrified >/ws/userland/src/components/desktop/libwebp/build/manifest-i386-libwebp.mangled
/usr/bin/env  /usr/bin/pkgdepend generate \
    -m -d /ws/userland/src/components/desktop/libwebp/build/prototype/i386/mangled -d /ws/userland/src/components/desktop/libwebp/build/prototype/i386 -d /ws/userland/src/components/desktop/libwebp/build -d /ws/userland/src/components/desktop/libwebp -d libwebp-1.0.0-rc3 -d /ws/userland/src/licenses /ws/userland/src/components/desktop/libwebp/build/manifest-i386-libwebp.mangled >/ws/userland/src/components/desktop/libwebp/build/manifest-i386-libwebp.depend
/usr/bin/pkgdepend resolve -e /ws/userland/src/components/desktop/libwebp/build/resolve.deps -m /ws/userland/src/components/desktop/libwebp/build/manifest-i386-libwebp.depend
/usr/bin/touch /ws/userland/src/components/desktop/libwebp/build/.resolved-i386
VALIDATING MANIFEST CONTENT: /ws/userland/src/components/desktop/libwebp/build/manifest-i386-libwebp.depend.res
/usr/bin/env PYTHONPATH=/ws/userland/src/tools/python PROTO_PATH="/ws/userland/src/components/desktop/libwebp/build/prototype/i386/mangled /ws/userland/src/components/desktop/libwebp/build/prototype/i386 /ws/userland/src/components/desktop/libwebp/build /ws/userland/src/components/desktop/libwebp libwebp-1.0.0-rc3 /ws/userland/src/licenses"\
	SOLARIS_VERSION=2.11\
	/bin/true -c /ws/userland/src/i386/pkglint-cache \
		-f /ws/userland/src/tools/pkglintrc /ws/userland/src/components/desktop/libwebp/build/manifest-i386-libwebp.depend.res
/usr/bin/touch /ws/userland/src/components/desktop/libwebp/build/.linted-i386
/usr/bin/pkgsend -s file:/ws/userland/src/i386/repo publish --fmri-in-manifest --no-catalog -d /ws/userland/src/components/desktop/libwebp/build/prototype/i386/mangled -d /ws/userland/src/components/desktop/libwebp/build/prototype/i386 -d /ws/userland/src/components/desktop/libwebp/build -d /ws/userland/src/components/desktop/libwebp -d libwebp-1.0.0-rc3 -d /ws/userland/src/licenses -T \*.py /ws/userland/src/components/desktop/libwebp/build/manifest-i386-libwebp.depend.res
pkg://nightly/image/library/libwebp@1.0.0,5.11-11.4.0.0.1.14.0:20190727T214925Z
PUBLISHED
/usr/bin/pkgfmt </ws/userland/src/components/desktop/libwebp/build/manifest-i386-libwebp.depend.res >/ws/userland/src/components/desktop/libwebp/build/manifest-i386-libwebp.published
/usr/bin/touch /ws/userland/src/components/desktop/libwebp/build/.published-i386
gmake: Leaving directory '/ws/userland/src/components/desktop/libwebp'

real     3:28.7
user     1:43.4
sys        17.6
