gmake: Entering directory '/ws/userland/src/components/desktop/libvorbis'
/bin/rm -f -r /ws/userland/src/components/desktop/libvorbis/libvorbis-1.3.6
/usr/bin/env RUBY_VERSION=2.1 /ws/userland/src/tools/userland-unpack  libvorbis-1.3.6.tar.gz
/usr/bin/touch /ws/userland/src/components/desktop/libvorbis/libvorbis-1.3.6/.unpacked
/usr/bin/patch -d /ws/userland/src/components/desktop/libvorbis/libvorbis-1.3.6 --strip=1 --backup --version-control=numbered < patches/0001-CVE-2017-14160.patch
patching file lib/psy.c
/usr/bin/touch /ws/userland/src/components/desktop/libvorbis/libvorbis-1.3.6/.patched-0001-CVE-2017-14160.patch
/usr/bin/patch -d /ws/userland/src/components/desktop/libvorbis/libvorbis-1.3.6 --strip=1 --backup --version-control=numbered < patches/0002-CVE-2018-10392.patch
patching file lib/vorbisenc.c
/usr/bin/touch /ws/userland/src/components/desktop/libvorbis/libvorbis-1.3.6/.patched-0002-CVE-2018-10392.patch
/usr/bin/touch /ws/userland/src/components/desktop/libvorbis/libvorbis-1.3.6/.patched
/usr/bin/touch /ws/userland/src/components/desktop/libvorbis/libvorbis-1.3.6/.prep
(/bin/rm -f -rf /ws/userland/src/components/desktop/libvorbis/build/i86 ; /bin/mkdir -p /ws/userland/src/components/desktop/libvorbis/build/i86)
(cd /ws/userland/src/components/desktop/libvorbis/build/i86 ; /usr/bin/env CONFIG_SHELL="/bin/bash" PKG_CONFIG_PATH="/usr/lib/pkgconfig" CC="/usr/gcc/7/bin/gcc" CXX="/usr/gcc/7/bin/g++"  CC_FOR_BUILD="/usr/gcc/7/bin/gcc -m32" CXX_FOR_BUILD="/usr/gcc/7/bin/g++ -m32" CPPFLAGS="-m32" "ac_cv_func_realloc_0_nonnull=yes" "NM=/usr/gnu/bin/nm" INTLTOOL_PERL="/usr/perl5/5.22/bin/perl" CFLAGS="-m32 -O3 -mincoming-stack-boundary=2" CXXFLAGS="-m32 -O3 -mincoming-stack-boundary=2" LDFLAGS="" PATH="/usr/gnu/bin:/usr/bin:/usr/gnu/bin" /bin/bash \
	/ws/userland/src/components/desktop/libvorbis/libvorbis-1.3.6/configure --prefix=/usr --mandir=/usr/share/man --bindir=/usr/bin --sbindir=/usr/sbin --libdir=/usr/lib   )
checking build system type... i386-pc-solaris2.11
checking host system type... i386-pc-solaris2.11
checking target system type... i386-pc-solaris2.11
checking for a BSD-compatible install... /usr/gnu/bin/install -c
checking whether build environment is sane... yes
checking for a thread-safe mkdir -p... /usr/gnu/bin/mkdir -p
checking for gawk... gawk
checking whether make sets $(MAKE)... yes
checking whether make supports nested variables... yes
checking whether to enable maintainer-specific portions of Makefiles... no
checking whether make supports nested variables... (cached) yes
checking for gcc... /usr/gcc/7/bin/gcc
checking whether the C compiler works... yes
checking for C compiler default output file name... a.out
checking for suffix of executables... 
checking whether we are cross compiling... no
checking for suffix of object files... o
checking whether we are using the GNU C compiler... yes
checking whether /usr/gcc/7/bin/gcc accepts -g... yes
checking for /usr/gcc/7/bin/gcc option to accept ISO C89... none needed
checking whether /usr/gcc/7/bin/gcc understands -c and -o together... yes
checking for style of include used by make... GNU
checking dependency style of /usr/gcc/7/bin/gcc... gcc3
checking how to run the C preprocessor... /usr/gcc/7/bin/gcc -E
checking for inline... inline
checking how to print strings... print -r
checking for a sed that does not truncate output... /usr/gnu/bin/sed
checking for grep that handles long lines and -e... /usr/gnu/bin/grep
checking for egrep... /usr/gnu/bin/grep -E
checking for fgrep... /usr/gnu/bin/grep -F
checking for ld used by /usr/gcc/7/bin/gcc... /usr/bin/ld
checking if the linker (/usr/bin/ld) is GNU ld... no
checking for BSD- or MS-compatible name lister (nm)... /usr/gnu/bin/nm
checking the name lister (/usr/gnu/bin/nm) interface... BSD nm
checking whether ln -s works... yes
checking the maximum length of command line arguments... 1572480
checking how to convert i386-pc-solaris2.11 file names to i386-pc-solaris2.11 format... func_convert_file_noop
checking how to convert i386-pc-solaris2.11 file names to toolchain format... func_convert_file_noop
checking for /usr/bin/ld option to reload object files... -r
checking for objdump... objdump
checking how to recognize dependent libraries... pass_all
checking for dlltool... dlltool
checking how to associate runtime and link libraries... print -r --
checking for ar... ar
checking for archiver @FILE support... @
checking for strip... strip
checking for ranlib... ranlib
checking command to parse /usr/gnu/bin/nm output from /usr/gcc/7/bin/gcc object... ok
checking for sysroot... no
checking for a working dd... /usr/gnu/bin/dd
checking how to truncate binary pipes... /usr/gnu/bin/dd bs=4096 count=1
checking for mt... mt
checking if mt is a manifest tool... no
checking for ANSI C header files... yes
checking for sys/types.h... yes
checking for sys/stat.h... yes
checking for stdlib.h... yes
checking for string.h... yes
checking for memory.h... yes
checking for strings.h... yes
checking for inttypes.h... yes
checking for stdint.h... yes
checking for unistd.h... yes
checking for dlfcn.h... yes
checking for objdir... .libs
checking if /usr/gcc/7/bin/gcc supports -fno-rtti -fno-exceptions... no
checking for /usr/gcc/7/bin/gcc option to produce PIC... -fPIC -DPIC
checking if /usr/gcc/7/bin/gcc PIC flag -fPIC -DPIC works... yes
checking if /usr/gcc/7/bin/gcc static flag -static works... no
checking if /usr/gcc/7/bin/gcc supports -c -o file.o... yes
checking if /usr/gcc/7/bin/gcc supports -c -o file.o... (cached) yes
checking whether the /usr/gcc/7/bin/gcc linker (/usr/bin/ld) supports shared libraries... yes
checking whether -lc should be explicitly linked in... no
checking dynamic linker characteristics... solaris2.11 ld.so
checking how to hardcode library paths into programs... immediate
checking whether stripping libraries is possible... no
checking if libtool supports shared libraries... yes
checking whether to build shared libraries... yes
checking whether to build static libraries... yes
checking GCC version... 7.3.0
checking if /usr/gcc/7/bin/gcc accepts -Wdeclaration-after-statement... yes
checking for memory.h... (cached) yes
checking for cos in -lm... yes
checking for pthread_create in -lpthread... yes
checking for pkg-config... /usr/bin/pkg-config
checking pkg-config is at least version 0.9.0... yes
checking for OGG... yes
checking for size_t... yes
checking for working alloca.h... yes
checking for alloca... yes
checking for working memcmp... yes
checking that generated files are newer than configure... done
configure: creating ./config.status
config.status: creating Makefile
config.status: creating m4/Makefile
config.status: creating lib/Makefile
config.status: creating lib/modes/Makefile
config.status: creating lib/books/Makefile
config.status: creating lib/books/coupled/Makefile
config.status: creating lib/books/uncoupled/Makefile
config.status: creating lib/books/floor/Makefile
config.status: creating doc/Makefile
config.status: creating doc/vorbisfile/Makefile
config.status: creating doc/vorbisenc/Makefile
config.status: creating doc/libvorbis/Makefile
config.status: creating doc/Doxyfile
config.status: creating include/Makefile
config.status: creating include/vorbis/Makefile
config.status: creating examples/Makefile
config.status: creating test/Makefile
config.status: creating vq/Makefile
config.status: creating libvorbis.spec
config.status: creating vorbis.pc
config.status: creating vorbisenc.pc
config.status: creating vorbisfile.pc
config.status: creating vorbis-uninstalled.pc
config.status: creating vorbisenc-uninstalled.pc
config.status: creating vorbisfile-uninstalled.pc
config.status: creating config.h
config.status: executing depfiles commands
config.status: executing libtool commands
/usr/bin/touch /ws/userland/src/components/desktop/libvorbis/build/i86/.configured
(cd /ws/userland/src/components/desktop/libvorbis/build/i86 ; /usr/bin/env LD_OPTIONS="-M /usr/lib/ld/map.noexdata -M /usr/lib/ld/map.pagealign -Bdirect -zignore -zstrip-class=comment" LD_EXEC_OPTIONS=" -zsx=aslr=enable -zsx=nxstack=enable -zsx=nxheap=enable " LD_PIE_OPTIONS="-zsx=aslr=enable -zsx=nxstack=enable -zsx=nxheap=enable "  PKG_CONFIG_PATH="/usr/lib/pkgconfig" "ac_cv_func_realloc_0_nonnull=yes" INTLTOOL_PERL="/usr/perl5/5.22/bin/perl" \
	/usr/gnu/bin/make  )
make[1]: Entering directory '/ws/userland/src/components/desktop/libvorbis/build/i86'
/usr/gnu/bin/make  all-recursive
make[2]: Entering directory '/ws/userland/src/components/desktop/libvorbis/build/i86'
Making all in m4
make[3]: Entering directory '/ws/userland/src/components/desktop/libvorbis/build/i86/m4'
make[3]: Nothing to be done for 'all'.
make[3]: Leaving directory '/ws/userland/src/components/desktop/libvorbis/build/i86/m4'
Making all in include
make[3]: Entering directory '/ws/userland/src/components/desktop/libvorbis/build/i86/include'
Making all in vorbis
make[4]: Entering directory '/ws/userland/src/components/desktop/libvorbis/build/i86/include/vorbis'
make[4]: Nothing to be done for 'all'.
make[4]: Leaving directory '/ws/userland/src/components/desktop/libvorbis/build/i86/include/vorbis'
make[4]: Entering directory '/ws/userland/src/components/desktop/libvorbis/build/i86/include'
make[4]: Nothing to be done for 'all-am'.
make[4]: Leaving directory '/ws/userland/src/components/desktop/libvorbis/build/i86/include'
make[3]: Leaving directory '/ws/userland/src/components/desktop/libvorbis/build/i86/include'
Making all in vq
make[3]: Entering directory '/ws/userland/src/components/desktop/libvorbis/build/i86/vq'
make[3]: Nothing to be done for 'all'.
make[3]: Leaving directory '/ws/userland/src/components/desktop/libvorbis/build/i86/vq'
Making all in lib
make[3]: Entering directory '/ws/userland/src/components/desktop/libvorbis/build/i86/lib'
Making all in modes
make[4]: Entering directory '/ws/userland/src/components/desktop/libvorbis/build/i86/lib/modes'
make[4]: Nothing to be done for 'all'.
make[4]: Leaving directory '/ws/userland/src/components/desktop/libvorbis/build/i86/lib/modes'
Making all in books
make[4]: Entering directory '/ws/userland/src/components/desktop/libvorbis/build/i86/lib/books'
Making all in coupled
make[5]: Entering directory '/ws/userland/src/components/desktop/libvorbis/build/i86/lib/books/coupled'
make[5]: Nothing to be done for 'all'.
make[5]: Leaving directory '/ws/userland/src/components/desktop/libvorbis/build/i86/lib/books/coupled'
Making all in uncoupled
make[5]: Entering directory '/ws/userland/src/components/desktop/libvorbis/build/i86/lib/books/uncoupled'
make[5]: Nothing to be done for 'all'.
make[5]: Leaving directory '/ws/userland/src/components/desktop/libvorbis/build/i86/lib/books/uncoupled'
Making all in floor
make[5]: Entering directory '/ws/userland/src/components/desktop/libvorbis/build/i86/lib/books/floor'
make[5]: Nothing to be done for 'all'.
make[5]: Leaving directory '/ws/userland/src/components/desktop/libvorbis/build/i86/lib/books/floor'
make[5]: Entering directory '/ws/userland/src/components/desktop/libvorbis/build/i86/lib/books'
make[5]: Nothing to be done for 'all-am'.
make[5]: Leaving directory '/ws/userland/src/components/desktop/libvorbis/build/i86/lib/books'
make[4]: Leaving directory '/ws/userland/src/components/desktop/libvorbis/build/i86/lib/books'
make[4]: Entering directory '/ws/userland/src/components/desktop/libvorbis/build/i86/lib'
  CC       mdct.lo
  CC       smallft.lo
  CC       block.lo
  CC       envelope.lo
  CC       window.lo
  CC       lsp.lo
  CC       lpc.lo
  CC       analysis.lo
  CC       synthesis.lo
  CC       psy.lo
  CC       info.lo
  CC       floor1.lo
  CC       floor0.lo
  CC       res0.lo
  CC       mapping0.lo
  CC       registry.lo
  CC       codebook.lo
  CC       sharedbook.lo
  CC       lookup.lo
  CC       bitrate.lo
  CCLD     libvorbis.la
  CC       vorbisfile.lo
  CCLD     libvorbisfile.la
  CC       vorbisenc.lo
  CCLD     libvorbisenc.la
  CC       test_sharedbook-sharedbook.o
  CCLD     test_sharedbook
make[4]: Leaving directory '/ws/userland/src/components/desktop/libvorbis/build/i86/lib'
make[3]: Leaving directory '/ws/userland/src/components/desktop/libvorbis/build/i86/lib'
Making all in test
make[3]: Entering directory '/ws/userland/src/components/desktop/libvorbis/build/i86/test'
make[3]: Nothing to be done for 'all'.
make[3]: Leaving directory '/ws/userland/src/components/desktop/libvorbis/build/i86/test'
Making all in doc
make[3]: Entering directory '/ws/userland/src/components/desktop/libvorbis/build/i86/doc'
Making all in libvorbis
make[4]: Entering directory '/ws/userland/src/components/desktop/libvorbis/build/i86/doc/libvorbis'
make[4]: Nothing to be done for 'all'.
make[4]: Leaving directory '/ws/userland/src/components/desktop/libvorbis/build/i86/doc/libvorbis'
Making all in vorbisfile
make[4]: Entering directory '/ws/userland/src/components/desktop/libvorbis/build/i86/doc/vorbisfile'
make[4]: Nothing to be done for 'all'.
make[4]: Leaving directory '/ws/userland/src/components/desktop/libvorbis/build/i86/doc/vorbisfile'
Making all in vorbisenc
make[4]: Entering directory '/ws/userland/src/components/desktop/libvorbis/build/i86/doc/vorbisenc'
make[4]: Nothing to be done for 'all'.
make[4]: Leaving directory '/ws/userland/src/components/desktop/libvorbis/build/i86/doc/vorbisenc'
make[4]: Entering directory '/ws/userland/src/components/desktop/libvorbis/build/i86/doc'
echo "*** Warning: Documentation build is disabled."
*** Warning: Documentation build is disabled.
touch doxygen-build.stamp
make[4]: Leaving directory '/ws/userland/src/components/desktop/libvorbis/build/i86/doc'
make[3]: Leaving directory '/ws/userland/src/components/desktop/libvorbis/build/i86/doc'
make[3]: Entering directory '/ws/userland/src/components/desktop/libvorbis/build/i86'
make[3]: Leaving directory '/ws/userland/src/components/desktop/libvorbis/build/i86'
make[2]: Leaving directory '/ws/userland/src/components/desktop/libvorbis/build/i86'
make[1]: Leaving directory '/ws/userland/src/components/desktop/libvorbis/build/i86'
/usr/bin/touch /ws/userland/src/components/desktop/libvorbis/build/i86/.built
(/bin/rm -f -rf /ws/userland/src/components/desktop/libvorbis/build/amd64 ; /bin/mkdir -p /ws/userland/src/components/desktop/libvorbis/build/amd64)
(cd /ws/userland/src/components/desktop/libvorbis/build/amd64 ; /usr/bin/env CONFIG_SHELL="/bin/bash" PKG_CONFIG_PATH="/usr/lib/amd64/pkgconfig" CC="/usr/gcc/7/bin/gcc" CXX="/usr/gcc/7/bin/g++" PATH="/usr/bin/amd64:/usr/bin:/usr/gnu/bin" CC_FOR_BUILD="/usr/gcc/7/bin/gcc -m64" CXX_FOR_BUILD="/usr/gcc/7/bin/g++ -m64" CPPFLAGS="-m64" "ac_cv_func_realloc_0_nonnull=yes" "NM=/usr/gnu/bin/nm" INTLTOOL_PERL="/usr/perl5/5.22/bin/perl" CFLAGS="-m64 -O3" CXXFLAGS="-m64 -O3" LDFLAGS="" PATH="/usr/gnu/bin:/usr/bin:/usr/gnu/bin" /bin/bash \
	/ws/userland/src/components/desktop/libvorbis/libvorbis-1.3.6/configure --prefix=/usr --mandir=/usr/share/man --bindir=/usr/bin/amd64 --sbindir=/usr/sbin/amd64 --libdir=/usr/lib/amd64   )
checking build system type... x86_64-pc-solaris2.11
checking host system type... x86_64-pc-solaris2.11
checking target system type... x86_64-pc-solaris2.11
checking for a BSD-compatible install... /usr/gnu/bin/install -c
checking whether build environment is sane... yes
checking for a thread-safe mkdir -p... /usr/gnu/bin/mkdir -p
checking for gawk... gawk
checking whether make sets $(MAKE)... yes
checking whether make supports nested variables... yes
checking whether to enable maintainer-specific portions of Makefiles... no
checking whether make supports nested variables... (cached) yes
checking for gcc... /usr/gcc/7/bin/gcc
checking whether the C compiler works... yes
checking for C compiler default output file name... a.out
checking for suffix of executables... 
checking whether we are cross compiling... no
checking for suffix of object files... o
checking whether we are using the GNU C compiler... yes
checking whether /usr/gcc/7/bin/gcc accepts -g... yes
checking for /usr/gcc/7/bin/gcc option to accept ISO C89... none needed
checking whether /usr/gcc/7/bin/gcc understands -c and -o together... yes
checking for style of include used by make... GNU
checking dependency style of /usr/gcc/7/bin/gcc... gcc3
checking how to run the C preprocessor... /usr/gcc/7/bin/gcc -E
checking for inline... inline
checking how to print strings... print -r
checking for a sed that does not truncate output... /usr/gnu/bin/sed
checking for grep that handles long lines and -e... /usr/gnu/bin/grep
checking for egrep... /usr/gnu/bin/grep -E
checking for fgrep... /usr/gnu/bin/grep -F
checking for ld used by /usr/gcc/7/bin/gcc... /usr/bin/ld
checking if the linker (/usr/bin/ld) is GNU ld... no
checking for BSD- or MS-compatible name lister (nm)... /usr/gnu/bin/nm
checking the name lister (/usr/gnu/bin/nm) interface... BSD nm
checking whether ln -s works... yes
checking the maximum length of command line arguments... 1572480
checking how to convert x86_64-pc-solaris2.11 file names to x86_64-pc-solaris2.11 format... func_convert_file_noop
checking how to convert x86_64-pc-solaris2.11 file names to toolchain format... func_convert_file_noop
checking for /usr/bin/ld option to reload object files... -r
checking for objdump... objdump
checking how to recognize dependent libraries... pass_all
checking for dlltool... dlltool
checking how to associate runtime and link libraries... print -r --
checking for ar... ar
checking for archiver @FILE support... @
checking for strip... strip
checking for ranlib... ranlib
checking command to parse /usr/gnu/bin/nm output from /usr/gcc/7/bin/gcc object... ok
checking for sysroot... no
checking for a working dd... /usr/gnu/bin/dd
checking how to truncate binary pipes... /usr/gnu/bin/dd bs=4096 count=1
checking for mt... mt
checking if mt is a manifest tool... no
checking for ANSI C header files... yes
checking for sys/types.h... yes
checking for sys/stat.h... yes
checking for stdlib.h... yes
checking for string.h... yes
checking for memory.h... yes
checking for strings.h... yes
checking for inttypes.h... yes
checking for stdint.h... yes
checking for unistd.h... yes
checking for dlfcn.h... yes
checking for objdir... .libs
checking if /usr/gcc/7/bin/gcc supports -fno-rtti -fno-exceptions... no
checking for /usr/gcc/7/bin/gcc option to produce PIC... -fPIC -DPIC
checking if /usr/gcc/7/bin/gcc PIC flag -fPIC -DPIC works... yes
checking if /usr/gcc/7/bin/gcc static flag -static works... no
checking if /usr/gcc/7/bin/gcc supports -c -o file.o... yes
checking if /usr/gcc/7/bin/gcc supports -c -o file.o... (cached) yes
checking whether the /usr/gcc/7/bin/gcc linker (/usr/bin/ld -64) supports shared libraries... yes
checking whether -lc should be explicitly linked in... no
checking dynamic linker characteristics... solaris2.11 ld.so
checking how to hardcode library paths into programs... immediate
checking whether stripping libraries is possible... no
checking if libtool supports shared libraries... yes
checking whether to build shared libraries... yes
checking whether to build static libraries... yes
checking GCC version... 7.3.0
checking if /usr/gcc/7/bin/gcc accepts -Wdeclaration-after-statement... yes
checking for memory.h... (cached) yes
checking for cos in -lm... yes
checking for pthread_create in -lpthread... yes
checking for pkg-config... /usr/bin/pkg-config
checking pkg-config is at least version 0.9.0... yes
checking for OGG... yes
checking for size_t... yes
checking for working alloca.h... yes
checking for alloca... yes
checking for working memcmp... yes
checking that generated files are newer than configure... done
configure: creating ./config.status
config.status: creating Makefile
config.status: creating m4/Makefile
config.status: creating lib/Makefile
config.status: creating lib/modes/Makefile
config.status: creating lib/books/Makefile
config.status: creating lib/books/coupled/Makefile
config.status: creating lib/books/uncoupled/Makefile
config.status: creating lib/books/floor/Makefile
config.status: creating doc/Makefile
config.status: creating doc/vorbisfile/Makefile
config.status: creating doc/vorbisenc/Makefile
config.status: creating doc/libvorbis/Makefile
config.status: creating doc/Doxyfile
config.status: creating include/Makefile
config.status: creating include/vorbis/Makefile
config.status: creating examples/Makefile
config.status: creating test/Makefile
config.status: creating vq/Makefile
config.status: creating libvorbis.spec
config.status: creating vorbis.pc
config.status: creating vorbisenc.pc
config.status: creating vorbisfile.pc
config.status: creating vorbis-uninstalled.pc
config.status: creating vorbisenc-uninstalled.pc
config.status: creating vorbisfile-uninstalled.pc
config.status: creating config.h
config.status: executing depfiles commands
config.status: executing libtool commands
/usr/bin/touch /ws/userland/src/components/desktop/libvorbis/build/amd64/.configured
(cd /ws/userland/src/components/desktop/libvorbis/build/amd64 ; /usr/bin/env LD_OPTIONS="-M /usr/lib/ld/map.noexdata -M /usr/lib/ld/map.pagealign -Bdirect -zignore -zstrip-class=comment" LD_EXEC_OPTIONS=" -zsx=aslr=enable -zsx=nxstack=enable -zsx=nxheap=enable " LD_PIE_OPTIONS="-zsx=aslr=enable -zsx=nxstack=enable -zsx=nxheap=enable "  PKG_CONFIG_PATH="/usr/lib/amd64/pkgconfig" "ac_cv_func_realloc_0_nonnull=yes" INTLTOOL_PERL="/usr/perl5/5.22/bin/perl" \
	/usr/gnu/bin/make  )
make[1]: Entering directory '/ws/userland/src/components/desktop/libvorbis/build/amd64'
/usr/gnu/bin/make  all-recursive
make[2]: Entering directory '/ws/userland/src/components/desktop/libvorbis/build/amd64'
Making all in m4
make[3]: Entering directory '/ws/userland/src/components/desktop/libvorbis/build/amd64/m4'
make[3]: Nothing to be done for 'all'.
make[3]: Leaving directory '/ws/userland/src/components/desktop/libvorbis/build/amd64/m4'
Making all in include
make[3]: Entering directory '/ws/userland/src/components/desktop/libvorbis/build/amd64/include'
Making all in vorbis
make[4]: Entering directory '/ws/userland/src/components/desktop/libvorbis/build/amd64/include/vorbis'
make[4]: Nothing to be done for 'all'.
make[4]: Leaving directory '/ws/userland/src/components/desktop/libvorbis/build/amd64/include/vorbis'
make[4]: Entering directory '/ws/userland/src/components/desktop/libvorbis/build/amd64/include'
make[4]: Nothing to be done for 'all-am'.
make[4]: Leaving directory '/ws/userland/src/components/desktop/libvorbis/build/amd64/include'
make[3]: Leaving directory '/ws/userland/src/components/desktop/libvorbis/build/amd64/include'
Making all in vq
make[3]: Entering directory '/ws/userland/src/components/desktop/libvorbis/build/amd64/vq'
make[3]: Nothing to be done for 'all'.
make[3]: Leaving directory '/ws/userland/src/components/desktop/libvorbis/build/amd64/vq'
Making all in lib
make[3]: Entering directory '/ws/userland/src/components/desktop/libvorbis/build/amd64/lib'
Making all in modes
make[4]: Entering directory '/ws/userland/src/components/desktop/libvorbis/build/amd64/lib/modes'
make[4]: Nothing to be done for 'all'.
make[4]: Leaving directory '/ws/userland/src/components/desktop/libvorbis/build/amd64/lib/modes'
Making all in books
make[4]: Entering directory '/ws/userland/src/components/desktop/libvorbis/build/amd64/lib/books'
Making all in coupled
make[5]: Entering directory '/ws/userland/src/components/desktop/libvorbis/build/amd64/lib/books/coupled'
make[5]: Nothing to be done for 'all'.
make[5]: Leaving directory '/ws/userland/src/components/desktop/libvorbis/build/amd64/lib/books/coupled'
Making all in uncoupled
make[5]: Entering directory '/ws/userland/src/components/desktop/libvorbis/build/amd64/lib/books/uncoupled'
make[5]: Nothing to be done for 'all'.
make[5]: Leaving directory '/ws/userland/src/components/desktop/libvorbis/build/amd64/lib/books/uncoupled'
Making all in floor
make[5]: Entering directory '/ws/userland/src/components/desktop/libvorbis/build/amd64/lib/books/floor'
make[5]: Nothing to be done for 'all'.
make[5]: Leaving directory '/ws/userland/src/components/desktop/libvorbis/build/amd64/lib/books/floor'
make[5]: Entering directory '/ws/userland/src/components/desktop/libvorbis/build/amd64/lib/books'
make[5]: Nothing to be done for 'all-am'.
make[5]: Leaving directory '/ws/userland/src/components/desktop/libvorbis/build/amd64/lib/books'
make[4]: Leaving directory '/ws/userland/src/components/desktop/libvorbis/build/amd64/lib/books'
make[4]: Entering directory '/ws/userland/src/components/desktop/libvorbis/build/amd64/lib'
  CC       mdct.lo
  CC       smallft.lo
  CC       block.lo
  CC       envelope.lo
  CC       window.lo
  CC       lsp.lo
  CC       lpc.lo
  CC       analysis.lo
  CC       synthesis.lo
  CC       psy.lo
  CC       info.lo
  CC       floor1.lo
  CC       floor0.lo
  CC       res0.lo
  CC       mapping0.lo
  CC       registry.lo
  CC       codebook.lo
  CC       sharedbook.lo
  CC       lookup.lo
  CC       bitrate.lo
  CCLD     libvorbis.la
  CC       vorbisfile.lo
  CCLD     libvorbisfile.la
  CC       vorbisenc.lo
  CCLD     libvorbisenc.la
  CC       test_sharedbook-sharedbook.o
  CCLD     test_sharedbook
make[4]: Leaving directory '/ws/userland/src/components/desktop/libvorbis/build/amd64/lib'
make[3]: Leaving directory '/ws/userland/src/components/desktop/libvorbis/build/amd64/lib'
Making all in test
make[3]: Entering directory '/ws/userland/src/components/desktop/libvorbis/build/amd64/test'
make[3]: Nothing to be done for 'all'.
make[3]: Leaving directory '/ws/userland/src/components/desktop/libvorbis/build/amd64/test'
Making all in doc
make[3]: Entering directory '/ws/userland/src/components/desktop/libvorbis/build/amd64/doc'
Making all in libvorbis
make[4]: Entering directory '/ws/userland/src/components/desktop/libvorbis/build/amd64/doc/libvorbis'
make[4]: Nothing to be done for 'all'.
make[4]: Leaving directory '/ws/userland/src/components/desktop/libvorbis/build/amd64/doc/libvorbis'
Making all in vorbisfile
make[4]: Entering directory '/ws/userland/src/components/desktop/libvorbis/build/amd64/doc/vorbisfile'
make[4]: Nothing to be done for 'all'.
make[4]: Leaving directory '/ws/userland/src/components/desktop/libvorbis/build/amd64/doc/vorbisfile'
Making all in vorbisenc
make[4]: Entering directory '/ws/userland/src/components/desktop/libvorbis/build/amd64/doc/vorbisenc'
make[4]: Nothing to be done for 'all'.
make[4]: Leaving directory '/ws/userland/src/components/desktop/libvorbis/build/amd64/doc/vorbisenc'
make[4]: Entering directory '/ws/userland/src/components/desktop/libvorbis/build/amd64/doc'
echo "*** Warning: Documentation build is disabled."
*** Warning: Documentation build is disabled.
touch doxygen-build.stamp
make[4]: Leaving directory '/ws/userland/src/components/desktop/libvorbis/build/amd64/doc'
make[3]: Leaving directory '/ws/userland/src/components/desktop/libvorbis/build/amd64/doc'
make[3]: Entering directory '/ws/userland/src/components/desktop/libvorbis/build/amd64'
make[3]: Leaving directory '/ws/userland/src/components/desktop/libvorbis/build/amd64'
make[2]: Leaving directory '/ws/userland/src/components/desktop/libvorbis/build/amd64'
make[1]: Leaving directory '/ws/userland/src/components/desktop/libvorbis/build/amd64'
/usr/bin/touch /ws/userland/src/components/desktop/libvorbis/build/amd64/.built
(cd /ws/userland/src/components/desktop/libvorbis/build/i86 ; /usr/bin/env LD_OPTIONS="-M /usr/lib/ld/map.noexdata -M /usr/lib/ld/map.pagealign -Bdirect -zignore -zstrip-class=comment" LD_EXEC_OPTIONS=" -zsx=aslr=enable -zsx=nxstack=enable -zsx=nxheap=enable " LD_PIE_OPTIONS="-zsx=aslr=enable -zsx=nxstack=enable -zsx=nxheap=enable "  /usr/gnu/bin/make \
		 DESTDIR=/ws/userland/src/components/desktop/libvorbis/build/prototype/i386 install)
make[1]: Entering directory '/ws/userland/src/components/desktop/libvorbis/build/i86'
Making install in m4
make[2]: Entering directory '/ws/userland/src/components/desktop/libvorbis/build/i86/m4'
make[3]: Entering directory '/ws/userland/src/components/desktop/libvorbis/build/i86/m4'
make[3]: Nothing to be done for 'install-exec-am'.
make[3]: Nothing to be done for 'install-data-am'.
make[3]: Leaving directory '/ws/userland/src/components/desktop/libvorbis/build/i86/m4'
make[2]: Leaving directory '/ws/userland/src/components/desktop/libvorbis/build/i86/m4'
Making install in include
make[2]: Entering directory '/ws/userland/src/components/desktop/libvorbis/build/i86/include'
Making install in vorbis
make[3]: Entering directory '/ws/userland/src/components/desktop/libvorbis/build/i86/include/vorbis'
make[4]: Entering directory '/ws/userland/src/components/desktop/libvorbis/build/i86/include/vorbis'
make[4]: Nothing to be done for 'install-exec-am'.
 /usr/gnu/bin/mkdir -p '/ws/userland/src/components/desktop/libvorbis/build/prototype/i386/usr/include/vorbis'
 /usr/gnu/bin/install -c -m 644 /ws/userland/src/components/desktop/libvorbis/libvorbis-1.3.6/include/vorbis/codec.h /ws/userland/src/components/desktop/libvorbis/libvorbis-1.3.6/include/vorbis/vorbisfile.h /ws/userland/src/components/desktop/libvorbis/libvorbis-1.3.6/include/vorbis/vorbisenc.h '/ws/userland/src/components/desktop/libvorbis/build/prototype/i386/usr/include/vorbis'
make[4]: Leaving directory '/ws/userland/src/components/desktop/libvorbis/build/i86/include/vorbis'
make[3]: Leaving directory '/ws/userland/src/components/desktop/libvorbis/build/i86/include/vorbis'
make[3]: Entering directory '/ws/userland/src/components/desktop/libvorbis/build/i86/include'
make[4]: Entering directory '/ws/userland/src/components/desktop/libvorbis/build/i86/include'
make[4]: Nothing to be done for 'install-exec-am'.
make[4]: Nothing to be done for 'install-data-am'.
make[4]: Leaving directory '/ws/userland/src/components/desktop/libvorbis/build/i86/include'
make[3]: Leaving directory '/ws/userland/src/components/desktop/libvorbis/build/i86/include'
make[2]: Leaving directory '/ws/userland/src/components/desktop/libvorbis/build/i86/include'
Making install in vq
make[2]: Entering directory '/ws/userland/src/components/desktop/libvorbis/build/i86/vq'
make[3]: Entering directory '/ws/userland/src/components/desktop/libvorbis/build/i86/vq'
make[3]: Nothing to be done for 'install-exec-am'.
make[3]: Nothing to be done for 'install-data-am'.
make[3]: Leaving directory '/ws/userland/src/components/desktop/libvorbis/build/i86/vq'
make[2]: Leaving directory '/ws/userland/src/components/desktop/libvorbis/build/i86/vq'
Making install in lib
make[2]: Entering directory '/ws/userland/src/components/desktop/libvorbis/build/i86/lib'
Making install in modes
make[3]: Entering directory '/ws/userland/src/components/desktop/libvorbis/build/i86/lib/modes'
make[4]: Entering directory '/ws/userland/src/components/desktop/libvorbis/build/i86/lib/modes'
make[4]: Nothing to be done for 'install-exec-am'.
make[4]: Nothing to be done for 'install-data-am'.
make[4]: Leaving directory '/ws/userland/src/components/desktop/libvorbis/build/i86/lib/modes'
make[3]: Leaving directory '/ws/userland/src/components/desktop/libvorbis/build/i86/lib/modes'
Making install in books
make[3]: Entering directory '/ws/userland/src/components/desktop/libvorbis/build/i86/lib/books'
Making install in coupled
make[4]: Entering directory '/ws/userland/src/components/desktop/libvorbis/build/i86/lib/books/coupled'
make[5]: Entering directory '/ws/userland/src/components/desktop/libvorbis/build/i86/lib/books/coupled'
make[5]: Nothing to be done for 'install-exec-am'.
make[5]: Nothing to be done for 'install-data-am'.
make[5]: Leaving directory '/ws/userland/src/components/desktop/libvorbis/build/i86/lib/books/coupled'
make[4]: Leaving directory '/ws/userland/src/components/desktop/libvorbis/build/i86/lib/books/coupled'
Making install in uncoupled
make[4]: Entering directory '/ws/userland/src/components/desktop/libvorbis/build/i86/lib/books/uncoupled'
make[5]: Entering directory '/ws/userland/src/components/desktop/libvorbis/build/i86/lib/books/uncoupled'
make[5]: Nothing to be done for 'install-exec-am'.
make[5]: Nothing to be done for 'install-data-am'.
make[5]: Leaving directory '/ws/userland/src/components/desktop/libvorbis/build/i86/lib/books/uncoupled'
make[4]: Leaving directory '/ws/userland/src/components/desktop/libvorbis/build/i86/lib/books/uncoupled'
Making install in floor
make[4]: Entering directory '/ws/userland/src/components/desktop/libvorbis/build/i86/lib/books/floor'
make[5]: Entering directory '/ws/userland/src/components/desktop/libvorbis/build/i86/lib/books/floor'
make[5]: Nothing to be done for 'install-exec-am'.
make[5]: Nothing to be done for 'install-data-am'.
make[5]: Leaving directory '/ws/userland/src/components/desktop/libvorbis/build/i86/lib/books/floor'
make[4]: Leaving directory '/ws/userland/src/components/desktop/libvorbis/build/i86/lib/books/floor'
make[4]: Entering directory '/ws/userland/src/components/desktop/libvorbis/build/i86/lib/books'
make[5]: Entering directory '/ws/userland/src/components/desktop/libvorbis/build/i86/lib/books'
make[5]: Nothing to be done for 'install-exec-am'.
make[5]: Nothing to be done for 'install-data-am'.
make[5]: Leaving directory '/ws/userland/src/components/desktop/libvorbis/build/i86/lib/books'
make[4]: Leaving directory '/ws/userland/src/components/desktop/libvorbis/build/i86/lib/books'
make[3]: Leaving directory '/ws/userland/src/components/desktop/libvorbis/build/i86/lib/books'
make[3]: Entering directory '/ws/userland/src/components/desktop/libvorbis/build/i86/lib'
make[4]: Entering directory '/ws/userland/src/components/desktop/libvorbis/build/i86/lib'
 /usr/gnu/bin/mkdir -p '/ws/userland/src/components/desktop/libvorbis/build/prototype/i386/usr/lib'
 /bin/bash ../libtool   --mode=install /usr/gnu/bin/install -c   libvorbis.la libvorbisfile.la libvorbisenc.la '/ws/userland/src/components/desktop/libvorbis/build/prototype/i386/usr/lib'
libtool: install: /usr/gnu/bin/install -c .libs/libvorbis.so.0.4.8 /ws/userland/src/components/desktop/libvorbis/build/prototype/i386/usr/lib/libvorbis.so.0.4.8
libtool: install: (cd /ws/userland/src/components/desktop/libvorbis/build/prototype/i386/usr/lib && { ln -s -f libvorbis.so.0.4.8 libvorbis.so.0 || { rm -f libvorbis.so.0 && ln -s libvorbis.so.0.4.8 libvorbis.so.0; }; })
libtool: install: (cd /ws/userland/src/components/desktop/libvorbis/build/prototype/i386/usr/lib && { ln -s -f libvorbis.so.0.4.8 libvorbis.so || { rm -f libvorbis.so && ln -s libvorbis.so.0.4.8 libvorbis.so; }; })
libtool: install: chmod +x /ws/userland/src/components/desktop/libvorbis/build/prototype/i386/usr/lib/libvorbis.so.0.4.8
libtool: install: /usr/gnu/bin/install -c .libs/libvorbis.lai /ws/userland/src/components/desktop/libvorbis/build/prototype/i386/usr/lib/libvorbis.la
libtool: warning: relinking 'libvorbisfile.la'
libtool: install: (cd /ws/userland/src/components/desktop/libvorbis/build/i86/lib; /bin/bash "/ws/userland/src/components/desktop/libvorbis/build/i86/libtool"  --silent --tag CC --mode=relink /usr/gcc/7/bin/gcc -O3 -Wall -Wextra -D__NO_MATH_INLINES -fsigned-char -Wdeclaration-after-statement -m32 -O3 -mincoming-stack-boundary=2 -DUSE_MEMORY_H -no-undefined -version-info 6:7:3 -o libvorbisfile.la -rpath /usr/lib vorbisfile.lo libvorbis.la -logg -inst-prefix-dir /ws/userland/src/components/desktop/libvorbis/build/prototype/i386)
libtool: install: /usr/gnu/bin/install -c .libs/libvorbisfile.so.3.3.7T /ws/userland/src/components/desktop/libvorbis/build/prototype/i386/usr/lib/libvorbisfile.so.3.3.7
libtool: install: (cd /ws/userland/src/components/desktop/libvorbis/build/prototype/i386/usr/lib && { ln -s -f libvorbisfile.so.3.3.7 libvorbisfile.so.3 || { rm -f libvorbisfile.so.3 && ln -s libvorbisfile.so.3.3.7 libvorbisfile.so.3; }; })
libtool: install: (cd /ws/userland/src/components/desktop/libvorbis/build/prototype/i386/usr/lib && { ln -s -f libvorbisfile.so.3.3.7 libvorbisfile.so || { rm -f libvorbisfile.so && ln -s libvorbisfile.so.3.3.7 libvorbisfile.so; }; })
libtool: install: chmod +x /ws/userland/src/components/desktop/libvorbis/build/prototype/i386/usr/lib/libvorbisfile.so.3.3.7
libtool: install: /usr/gnu/bin/install -c .libs/libvorbisfile.lai /ws/userland/src/components/desktop/libvorbis/build/prototype/i386/usr/lib/libvorbisfile.la
libtool: warning: relinking 'libvorbisenc.la'
libtool: install: (cd /ws/userland/src/components/desktop/libvorbis/build/i86/lib; /bin/bash "/ws/userland/src/components/desktop/libvorbis/build/i86/libtool"  --silent --tag CC --mode=relink /usr/gcc/7/bin/gcc -O3 -Wall -Wextra -D__NO_MATH_INLINES -fsigned-char -Wdeclaration-after-statement -m32 -O3 -mincoming-stack-boundary=2 -DUSE_MEMORY_H -no-undefined -version-info 2:11:0 -o libvorbisenc.la -rpath /usr/lib vorbisenc.lo libvorbis.la -logg -inst-prefix-dir /ws/userland/src/components/desktop/libvorbis/build/prototype/i386)
libtool: install: /usr/gnu/bin/install -c .libs/libvorbisenc.so.2.0.11T /ws/userland/src/components/desktop/libvorbis/build/prototype/i386/usr/lib/libvorbisenc.so.2.0.11
libtool: install: (cd /ws/userland/src/components/desktop/libvorbis/build/prototype/i386/usr/lib && { ln -s -f libvorbisenc.so.2.0.11 libvorbisenc.so.2 || { rm -f libvorbisenc.so.2 && ln -s libvorbisenc.so.2.0.11 libvorbisenc.so.2; }; })
libtool: install: (cd /ws/userland/src/components/desktop/libvorbis/build/prototype/i386/usr/lib && { ln -s -f libvorbisenc.so.2.0.11 libvorbisenc.so || { rm -f libvorbisenc.so && ln -s libvorbisenc.so.2.0.11 libvorbisenc.so; }; })
libtool: install: chmod +x /ws/userland/src/components/desktop/libvorbis/build/prototype/i386/usr/lib/libvorbisenc.so.2.0.11
libtool: install: /usr/gnu/bin/install -c .libs/libvorbisenc.lai /ws/userland/src/components/desktop/libvorbis/build/prototype/i386/usr/lib/libvorbisenc.la
libtool: install: /usr/gnu/bin/install -c .libs/libvorbis.a /ws/userland/src/components/desktop/libvorbis/build/prototype/i386/usr/lib/libvorbis.a
libtool: install: chmod 644 /ws/userland/src/components/desktop/libvorbis/build/prototype/i386/usr/lib/libvorbis.a
libtool: install: ranlib /ws/userland/src/components/desktop/libvorbis/build/prototype/i386/usr/lib/libvorbis.a
libtool: install: /usr/gnu/bin/install -c .libs/libvorbisfile.a /ws/userland/src/components/desktop/libvorbis/build/prototype/i386/usr/lib/libvorbisfile.a
libtool: install: chmod 644 /ws/userland/src/components/desktop/libvorbis/build/prototype/i386/usr/lib/libvorbisfile.a
libtool: install: ranlib /ws/userland/src/components/desktop/libvorbis/build/prototype/i386/usr/lib/libvorbisfile.a
libtool: install: /usr/gnu/bin/install -c .libs/libvorbisenc.a /ws/userland/src/components/desktop/libvorbis/build/prototype/i386/usr/lib/libvorbisenc.a
libtool: install: chmod 644 /ws/userland/src/components/desktop/libvorbis/build/prototype/i386/usr/lib/libvorbisenc.a
libtool: install: ranlib /ws/userland/src/components/desktop/libvorbis/build/prototype/i386/usr/lib/libvorbisenc.a
libtool: warning: remember to run 'libtool --finish /usr/lib'
make[4]: Nothing to be done for 'install-data-am'.
make[4]: Leaving directory '/ws/userland/src/components/desktop/libvorbis/build/i86/lib'
make[3]: Leaving directory '/ws/userland/src/components/desktop/libvorbis/build/i86/lib'
make[2]: Leaving directory '/ws/userland/src/components/desktop/libvorbis/build/i86/lib'
Making install in test
make[2]: Entering directory '/ws/userland/src/components/desktop/libvorbis/build/i86/test'
make[3]: Entering directory '/ws/userland/src/components/desktop/libvorbis/build/i86/test'
make[3]: Nothing to be done for 'install-exec-am'.
make[3]: Nothing to be done for 'install-data-am'.
make[3]: Leaving directory '/ws/userland/src/components/desktop/libvorbis/build/i86/test'
make[2]: Leaving directory '/ws/userland/src/components/desktop/libvorbis/build/i86/test'
Making install in doc
make[2]: Entering directory '/ws/userland/src/components/desktop/libvorbis/build/i86/doc'
Making install in libvorbis
make[3]: Entering directory '/ws/userland/src/components/desktop/libvorbis/build/i86/doc/libvorbis'
make[4]: Entering directory '/ws/userland/src/components/desktop/libvorbis/build/i86/doc/libvorbis'
make[4]: Nothing to be done for 'install-exec-am'.
 /usr/gnu/bin/mkdir -p '/ws/userland/src/components/desktop/libvorbis/build/prototype/i386/usr/share/doc/libvorbis-1.3.6/libvorbis'
 /usr/gnu/bin/install -c -m 644 /ws/userland/src/components/desktop/libvorbis/libvorbis-1.3.6/doc/libvorbis/index.html /ws/userland/src/components/desktop/libvorbis/libvorbis-1.3.6/doc/libvorbis/reference.html /ws/userland/src/components/desktop/libvorbis/libvorbis-1.3.6/doc/libvorbis/style.css /ws/userland/src/components/desktop/libvorbis/libvorbis-1.3.6/doc/libvorbis/vorbis_comment.html /ws/userland/src/components/desktop/libvorbis/libvorbis-1.3.6/doc/libvorbis/vorbis_info.html /ws/userland/src/components/desktop/libvorbis/libvorbis-1.3.6/doc/libvorbis/vorbis_analysis_blockout.html /ws/userland/src/components/desktop/libvorbis/libvorbis-1.3.6/doc/libvorbis/vorbis_analysis_buffer.html /ws/userland/src/components/desktop/libvorbis/libvorbis-1.3.6/doc/libvorbis/vorbis_analysis_headerout.html /ws/userland/src/components/desktop/libvorbis/libvorbis-1.3.6/doc/libvorbis/vorbis_analysis_init.html /ws/userland/src/components/desktop/libvorbis/libvorbis-1.3.6/doc/libvorbis/vorbis_analysis_wrote.html /ws/userland/src/components/desktop/libvorbis/libvorbis-1.3.6/doc/libvorbis/vorbis_analysis.html /ws/userland/src/components/desktop/libvorbis/libvorbis-1.3.6/doc/libvorbis/vorbis_bitrate_addblock.html /ws/userland/src/components/desktop/libvorbis/libvorbis-1.3.6/doc/libvorbis/vorbis_bitrate_flushpacket.html /ws/userland/src/components/desktop/libvorbis/libvorbis-1.3.6/doc/libvorbis/vorbis_block_init.html /ws/userland/src/components/desktop/libvorbis/libvorbis-1.3.6/doc/libvorbis/vorbis_block_clear.html /ws/userland/src/components/desktop/libvorbis/libvorbis-1.3.6/doc/libvorbis/vorbis_dsp_clear.html /ws/userland/src/components/desktop/libvorbis/libvorbis-1.3.6/doc/libvorbis/vorbis_granule_time.html /ws/userland/src/components/desktop/libvorbis/libvorbis-1.3.6/doc/libvorbis/vorbis_version_string.html /ws/userland/src/components/desktop/libvorbis/libvorbis-1.3.6/doc/libvorbis/vorbis_info_blocksize.html /ws/userland/src/components/desktop/libvorbis/libvorbis-1.3.6/doc/libvorbis/vorbis_info_clear.html /ws/userland/src/components/desktop/libvorbis/libvorbis-1.3.6/doc/libvorbis/vorbis_info_init.html /ws/userland/src/components/desktop/libvorbis/libvorbis-1.3.6/doc/libvorbis/vorbis_comment_add.html /ws/userland/src/components/desktop/libvorbis/libvorbis-1.3.6/doc/libvorbis/vorbis_comment_add_tag.html /ws/userland/src/components/desktop/libvorbis/libvorbis-1.3.6/doc/libvorbis/vorbis_comment_clear.html /ws/userland/src/components/desktop/libvorbis/libvorbis-1.3.6/doc/libvorbis/vorbis_comment_init.html /ws/userland/src/components/desktop/libvorbis/libvorbis-1.3.6/doc/libvorbis/vorbis_comment_query.html /ws/userland/src/components/desktop/libvorbis/libvorbis-1.3.6/doc/libvorbis/vorbis_comment_query_count.html /ws/userland/src/components/desktop/libvorbis/libvorbis-1.3.6/doc/libvorbis/vorbis_commentheader_out.html /ws/userland/src/components/desktop/libvorbis/libvorbis-1.3.6/doc/libvorbis/vorbis_packet_blocksize.html /ws/userland/src/components/desktop/libvorbis/libvorbis-1.3.6/doc/libvorbis/vorbis_synthesis.html /ws/userland/src/components/desktop/libvorbis/libvorbis-1.3.6/doc/libvorbis/vorbis_synthesis_blockin.html /ws/userland/src/components/desktop/libvorbis/libvorbis-1.3.6/doc/libvorbis/vorbis_synthesis_halfrate.html /ws/userland/src/components/desktop/libvorbis/libvorbis-1.3.6/doc/libvorbis/vorbis_synthesis_halfrate_p.html /ws/userland/src/components/desktop/libvorbis/libvorbis-1.3.6/doc/libvorbis/vorbis_synthesis_headerin.html /ws/userland/src/components/desktop/libvorbis/libvorbis-1.3.6/doc/libvorbis/vorbis_synthesis_idheader.html /ws/userland/src/components/desktop/libvorbis/libvorbis-1.3.6/doc/libvorbis/vorbis_synthesis_init.html /ws/userland/src/components/desktop/libvorbis/libvorbis-1.3.6/doc/libvorbis/vorbis_synthesis_lapout.html /ws/userland/src/components/desktop/libvorbis/libvorbis-1.3.6/doc/libvorbis/vorbis_synthesis_pcmout.html /ws/userland/src/components/desktop/libvorbis/libvorbis-1.3.6/doc/libvorbis/vorbis_synthesis_read.html /ws/userland/src/components/desktop/libvorbis/libvorbis-1.3.6/doc/libvorbis/vorbis_synthesis_restart.html '/ws/userland/src/components/desktop/libvorbis/build/prototype/i386/usr/share/doc/libvorbis-1.3.6/libvorbis'
 /usr/gnu/bin/install -c -m 644 /ws/userland/src/components/desktop/libvorbis/libvorbis-1.3.6/doc/libvorbis/vorbis_synthesis_trackonly.html /ws/userland/src/components/desktop/libvorbis/libvorbis-1.3.6/doc/libvorbis/vorbis_block.html /ws/userland/src/components/desktop/libvorbis/libvorbis-1.3.6/doc/libvorbis/vorbis_dsp_state.html /ws/userland/src/components/desktop/libvorbis/libvorbis-1.3.6/doc/libvorbis/return.html /ws/userland/src/components/desktop/libvorbis/libvorbis-1.3.6/doc/libvorbis/overview.html '/ws/userland/src/components/desktop/libvorbis/build/prototype/i386/usr/share/doc/libvorbis-1.3.6/libvorbis'
make[4]: Leaving directory '/ws/userland/src/components/desktop/libvorbis/build/i86/doc/libvorbis'
make[3]: Leaving directory '/ws/userland/src/components/desktop/libvorbis/build/i86/doc/libvorbis'
Making install in vorbisfile
make[3]: Entering directory '/ws/userland/src/components/desktop/libvorbis/build/i86/doc/vorbisfile'
make[4]: Entering directory '/ws/userland/src/components/desktop/libvorbis/build/i86/doc/vorbisfile'
make[4]: Nothing to be done for 'install-exec-am'.
 /usr/gnu/bin/mkdir -p '/ws/userland/src/components/desktop/libvorbis/build/prototype/i386/usr/share/doc/libvorbis-1.3.6/vorbisfile'
 /usr/gnu/bin/install -c -m 644 /ws/userland/src/components/desktop/libvorbis/libvorbis-1.3.6/doc/vorbisfile/OggVorbis_File.html /ws/userland/src/components/desktop/libvorbis/libvorbis-1.3.6/doc/vorbisfile/callbacks.html /ws/userland/src/components/desktop/libvorbis/libvorbis-1.3.6/doc/vorbisfile/chaining_example_c.html /ws/userland/src/components/desktop/libvorbis/libvorbis-1.3.6/doc/vorbisfile/chainingexample.html /ws/userland/src/components/desktop/libvorbis/libvorbis-1.3.6/doc/vorbisfile/crosslap.html /ws/userland/src/components/desktop/libvorbis/libvorbis-1.3.6/doc/vorbisfile/datastructures.html /ws/userland/src/components/desktop/libvorbis/libvorbis-1.3.6/doc/vorbisfile/decoding.html /ws/userland/src/components/desktop/libvorbis/libvorbis-1.3.6/doc/vorbisfile/example.html /ws/userland/src/components/desktop/libvorbis/libvorbis-1.3.6/doc/vorbisfile/exampleindex.html /ws/userland/src/components/desktop/libvorbis/libvorbis-1.3.6/doc/vorbisfile/fileinfo.html /ws/userland/src/components/desktop/libvorbis/libvorbis-1.3.6/doc/vorbisfile/index.html /ws/userland/src/components/desktop/libvorbis/libvorbis-1.3.6/doc/vorbisfile/initialization.html /ws/userland/src/components/desktop/libvorbis/libvorbis-1.3.6/doc/vorbisfile/ov_bitrate.html /ws/userland/src/components/desktop/libvorbis/libvorbis-1.3.6/doc/vorbisfile/ov_bitrate_instant.html /ws/userland/src/components/desktop/libvorbis/libvorbis-1.3.6/doc/vorbisfile/ov_callbacks.html /ws/userland/src/components/desktop/libvorbis/libvorbis-1.3.6/doc/vorbisfile/ov_clear.html /ws/userland/src/components/desktop/libvorbis/libvorbis-1.3.6/doc/vorbisfile/ov_comment.html /ws/userland/src/components/desktop/libvorbis/libvorbis-1.3.6/doc/vorbisfile/ov_crosslap.html /ws/userland/src/components/desktop/libvorbis/libvorbis-1.3.6/doc/vorbisfile/ov_fopen.html /ws/userland/src/components/desktop/libvorbis/libvorbis-1.3.6/doc/vorbisfile/ov_info.html /ws/userland/src/components/desktop/libvorbis/libvorbis-1.3.6/doc/vorbisfile/ov_open.html /ws/userland/src/components/desktop/libvorbis/libvorbis-1.3.6/doc/vorbisfile/ov_open_callbacks.html /ws/userland/src/components/desktop/libvorbis/libvorbis-1.3.6/doc/vorbisfile/ov_pcm_seek.html /ws/userland/src/components/desktop/libvorbis/libvorbis-1.3.6/doc/vorbisfile/ov_pcm_seek_lap.html /ws/userland/src/components/desktop/libvorbis/libvorbis-1.3.6/doc/vorbisfile/ov_pcm_seek_page.html /ws/userland/src/components/desktop/libvorbis/libvorbis-1.3.6/doc/vorbisfile/ov_pcm_seek_page_lap.html /ws/userland/src/components/desktop/libvorbis/libvorbis-1.3.6/doc/vorbisfile/ov_pcm_tell.html /ws/userland/src/components/desktop/libvorbis/libvorbis-1.3.6/doc/vorbisfile/ov_pcm_total.html /ws/userland/src/components/desktop/libvorbis/libvorbis-1.3.6/doc/vorbisfile/ov_raw_seek.html /ws/userland/src/components/desktop/libvorbis/libvorbis-1.3.6/doc/vorbisfile/ov_raw_seek_lap.html /ws/userland/src/components/desktop/libvorbis/libvorbis-1.3.6/doc/vorbisfile/ov_raw_tell.html /ws/userland/src/components/desktop/libvorbis/libvorbis-1.3.6/doc/vorbisfile/ov_raw_total.html /ws/userland/src/components/desktop/libvorbis/libvorbis-1.3.6/doc/vorbisfile/ov_read.html /ws/userland/src/components/desktop/libvorbis/libvorbis-1.3.6/doc/vorbisfile/ov_read_float.html /ws/userland/src/components/desktop/libvorbis/libvorbis-1.3.6/doc/vorbisfile/ov_read_filter.html /ws/userland/src/components/desktop/libvorbis/libvorbis-1.3.6/doc/vorbisfile/ov_seekable.html /ws/userland/src/components/desktop/libvorbis/libvorbis-1.3.6/doc/vorbisfile/ov_serialnumber.html /ws/userland/src/components/desktop/libvorbis/libvorbis-1.3.6/doc/vorbisfile/ov_streams.html /ws/userland/src/components/desktop/libvorbis/libvorbis-1.3.6/doc/vorbisfile/ov_test.html /ws/userland/src/components/desktop/libvorbis/libvorbis-1.3.6/doc/vorbisfile/ov_test_callbacks.html '/ws/userland/src/components/desktop/libvorbis/build/prototype/i386/usr/share/doc/libvorbis-1.3.6/vorbisfile'
 /usr/gnu/bin/install -c -m 644 /ws/userland/src/components/desktop/libvorbis/libvorbis-1.3.6/doc/vorbisfile/ov_test_open.html /ws/userland/src/components/desktop/libvorbis/libvorbis-1.3.6/doc/vorbisfile/ov_time_seek.html /ws/userland/src/components/desktop/libvorbis/libvorbis-1.3.6/doc/vorbisfile/ov_time_seek_lap.html /ws/userland/src/components/desktop/libvorbis/libvorbis-1.3.6/doc/vorbisfile/ov_time_seek_page.html /ws/userland/src/components/desktop/libvorbis/libvorbis-1.3.6/doc/vorbisfile/ov_time_seek_page_lap.html /ws/userland/src/components/desktop/libvorbis/libvorbis-1.3.6/doc/vorbisfile/ov_time_tell.html /ws/userland/src/components/desktop/libvorbis/libvorbis-1.3.6/doc/vorbisfile/ov_time_total.html /ws/userland/src/components/desktop/libvorbis/libvorbis-1.3.6/doc/vorbisfile/overview.html /ws/userland/src/components/desktop/libvorbis/libvorbis-1.3.6/doc/vorbisfile/reference.html /ws/userland/src/components/desktop/libvorbis/libvorbis-1.3.6/doc/vorbisfile/seekexample.html /ws/userland/src/components/desktop/libvorbis/libvorbis-1.3.6/doc/vorbisfile/seeking.html /ws/userland/src/components/desktop/libvorbis/libvorbis-1.3.6/doc/vorbisfile/seeking_example_c.html /ws/userland/src/components/desktop/libvorbis/libvorbis-1.3.6/doc/vorbisfile/seeking_test_c.html /ws/userland/src/components/desktop/libvorbis/libvorbis-1.3.6/doc/vorbisfile/seekingexample.html /ws/userland/src/components/desktop/libvorbis/libvorbis-1.3.6/doc/vorbisfile/style.css /ws/userland/src/components/desktop/libvorbis/libvorbis-1.3.6/doc/vorbisfile/threads.html /ws/userland/src/components/desktop/libvorbis/libvorbis-1.3.6/doc/vorbisfile/vorbisfile_example_c.html '/ws/userland/src/components/desktop/libvorbis/build/prototype/i386/usr/share/doc/libvorbis-1.3.6/vorbisfile'
make[4]: Leaving directory '/ws/userland/src/components/desktop/libvorbis/build/i86/doc/vorbisfile'
make[3]: Leaving directory '/ws/userland/src/components/desktop/libvorbis/build/i86/doc/vorbisfile'
Making install in vorbisenc
make[3]: Entering directory '/ws/userland/src/components/desktop/libvorbis/build/i86/doc/vorbisenc'
make[4]: Entering directory '/ws/userland/src/components/desktop/libvorbis/build/i86/doc/vorbisenc'
make[4]: Nothing to be done for 'install-exec-am'.
 /usr/gnu/bin/mkdir -p '/ws/userland/src/components/desktop/libvorbis/build/prototype/i386/usr/share/doc/libvorbis-1.3.6/vorbisenc'
 /usr/gnu/bin/install -c -m 644 /ws/userland/src/components/desktop/libvorbis/libvorbis-1.3.6/doc/vorbisenc/changes.html /ws/userland/src/components/desktop/libvorbis/libvorbis-1.3.6/doc/vorbisenc/examples.html /ws/userland/src/components/desktop/libvorbis/libvorbis-1.3.6/doc/vorbisenc/index.html /ws/userland/src/components/desktop/libvorbis/libvorbis-1.3.6/doc/vorbisenc/ovectl_ratemanage2_arg.html /ws/userland/src/components/desktop/libvorbis/libvorbis-1.3.6/doc/vorbisenc/ovectl_ratemanage_arg.html /ws/userland/src/components/desktop/libvorbis/libvorbis-1.3.6/doc/vorbisenc/overview.html /ws/userland/src/components/desktop/libvorbis/libvorbis-1.3.6/doc/vorbisenc/reference.html /ws/userland/src/components/desktop/libvorbis/libvorbis-1.3.6/doc/vorbisenc/style.css /ws/userland/src/components/desktop/libvorbis/libvorbis-1.3.6/doc/vorbisenc/vorbis_encode_ctl.html /ws/userland/src/components/desktop/libvorbis/libvorbis-1.3.6/doc/vorbisenc/vorbis_encode_init.html /ws/userland/src/components/desktop/libvorbis/libvorbis-1.3.6/doc/vorbisenc/vorbis_encode_setup_init.html /ws/userland/src/components/desktop/libvorbis/libvorbis-1.3.6/doc/vorbisenc/vorbis_encode_setup_managed.html /ws/userland/src/components/desktop/libvorbis/libvorbis-1.3.6/doc/vorbisenc/vorbis_encode_setup_vbr.html /ws/userland/src/components/desktop/libvorbis/libvorbis-1.3.6/doc/vorbisenc/vorbis_encode_init_vbr.html '/ws/userland/src/components/desktop/libvorbis/build/prototype/i386/usr/share/doc/libvorbis-1.3.6/vorbisenc'
make[4]: Leaving directory '/ws/userland/src/components/desktop/libvorbis/build/i86/doc/vorbisenc'
make[3]: Leaving directory '/ws/userland/src/components/desktop/libvorbis/build/i86/doc/vorbisenc'
make[3]: Entering directory '/ws/userland/src/components/desktop/libvorbis/build/i86/doc'
make[4]: Entering directory '/ws/userland/src/components/desktop/libvorbis/build/i86/doc'
make[4]: Nothing to be done for 'install-exec-am'.
/bin/bash /ws/userland/src/components/desktop/libvorbis/libvorbis-1.3.6/install-sh -d /ws/userland/src/components/desktop/libvorbis/build/prototype/i386/usr/share/doc/libvorbis-1.3.6
if test -d vorbis; then \
  for dir in vorbis/*; do \
    if test -d $dir; then \
      b=`basename $dir`; \
      /bin/bash /ws/userland/src/components/desktop/libvorbis/libvorbis-1.3.6/install-sh -d /ws/userland/src/components/desktop/libvorbis/build/prototype/i386/usr/share/doc/libvorbis-1.3.6/$b; \
      for f in $dir/*; do \
	/usr/gnu/bin/install -c -m 644 $f /ws/userland/src/components/desktop/libvorbis/build/prototype/i386/usr/share/doc/libvorbis-1.3.6/$b; \
      done \
    fi \
  done \
fi
 /usr/gnu/bin/mkdir -p '/ws/userland/src/components/desktop/libvorbis/build/prototype/i386/usr/share/doc/libvorbis-1.3.6'
 /usr/gnu/bin/install -c -m 644 /ws/userland/src/components/desktop/libvorbis/libvorbis-1.3.6/doc/rfc5215.xml /ws/userland/src/components/desktop/libvorbis/libvorbis-1.3.6/doc/rfc5215.txt /ws/userland/src/components/desktop/libvorbis/libvorbis-1.3.6/doc/eightphase.png /ws/userland/src/components/desktop/libvorbis/libvorbis-1.3.6/doc/fish_xiph_org.png /ws/userland/src/components/desktop/libvorbis/libvorbis-1.3.6/doc/floor1_inverse_dB_table.html /ws/userland/src/components/desktop/libvorbis/libvorbis-1.3.6/doc/floorval.png /ws/userland/src/components/desktop/libvorbis/libvorbis-1.3.6/doc/fourphase.png /ws/userland/src/components/desktop/libvorbis/libvorbis-1.3.6/doc/framing.html /ws/userland/src/components/desktop/libvorbis/libvorbis-1.3.6/doc/helper.html /ws/userland/src/components/desktop/libvorbis/libvorbis-1.3.6/doc/index.html /ws/userland/src/components/desktop/libvorbis/libvorbis-1.3.6/doc/oggstream.html /ws/userland/src/components/desktop/libvorbis/libvorbis-1.3.6/doc/programming.html /ws/userland/src/components/desktop/libvorbis/libvorbis-1.3.6/doc/squarepolar.png /ws/userland/src/components/desktop/libvorbis/libvorbis-1.3.6/doc/stereo.html /ws/userland/src/components/desktop/libvorbis/libvorbis-1.3.6/doc/stream.png /ws/userland/src/components/desktop/libvorbis/libvorbis-1.3.6/doc/v-comment.html /ws/userland/src/components/desktop/libvorbis/libvorbis-1.3.6/doc/vorbis-clip.txt /ws/userland/src/components/desktop/libvorbis/libvorbis-1.3.6/doc/vorbis-errors.txt /ws/userland/src/components/desktop/libvorbis/libvorbis-1.3.6/doc/vorbis-fidelity.html doxygen-build.stamp '/ws/userland/src/components/desktop/libvorbis/build/prototype/i386/usr/share/doc/libvorbis-1.3.6'
make[4]: Leaving directory '/ws/userland/src/components/desktop/libvorbis/build/i86/doc'
make[3]: Leaving directory '/ws/userland/src/components/desktop/libvorbis/build/i86/doc'
make[2]: Leaving directory '/ws/userland/src/components/desktop/libvorbis/build/i86/doc'
make[2]: Entering directory '/ws/userland/src/components/desktop/libvorbis/build/i86'
make[3]: Entering directory '/ws/userland/src/components/desktop/libvorbis/build/i86'
make[3]: Nothing to be done for 'install-exec-am'.
 /usr/gnu/bin/mkdir -p '/ws/userland/src/components/desktop/libvorbis/build/prototype/i386/usr/share/aclocal'
 /usr/gnu/bin/install -c -m 644 /ws/userland/src/components/desktop/libvorbis/libvorbis-1.3.6/vorbis.m4 '/ws/userland/src/components/desktop/libvorbis/build/prototype/i386/usr/share/aclocal'
 /usr/gnu/bin/mkdir -p '/ws/userland/src/components/desktop/libvorbis/build/prototype/i386/usr/lib/pkgconfig'
 /usr/gnu/bin/install -c -m 644 vorbis.pc vorbisenc.pc vorbisfile.pc '/ws/userland/src/components/desktop/libvorbis/build/prototype/i386/usr/lib/pkgconfig'
make[3]: Leaving directory '/ws/userland/src/components/desktop/libvorbis/build/i86'
make[2]: Leaving directory '/ws/userland/src/components/desktop/libvorbis/build/i86'
make[1]: Leaving directory '/ws/userland/src/components/desktop/libvorbis/build/i86'
/usr/bin/touch /ws/userland/src/components/desktop/libvorbis/build/i86/.installed
(cd /ws/userland/src/components/desktop/libvorbis/build/amd64 ; /usr/bin/env LD_OPTIONS="-M /usr/lib/ld/map.noexdata -M /usr/lib/ld/map.pagealign -Bdirect -zignore -zstrip-class=comment" LD_EXEC_OPTIONS=" -zsx=aslr=enable -zsx=nxstack=enable -zsx=nxheap=enable " LD_PIE_OPTIONS="-zsx=aslr=enable -zsx=nxstack=enable -zsx=nxheap=enable "  /usr/gnu/bin/make \
		 DESTDIR=/ws/userland/src/components/desktop/libvorbis/build/prototype/i386 install)
make[1]: Entering directory '/ws/userland/src/components/desktop/libvorbis/build/amd64'
Making install in m4
make[2]: Entering directory '/ws/userland/src/components/desktop/libvorbis/build/amd64/m4'
make[3]: Entering directory '/ws/userland/src/components/desktop/libvorbis/build/amd64/m4'
make[3]: Nothing to be done for 'install-exec-am'.
make[3]: Nothing to be done for 'install-data-am'.
make[3]: Leaving directory '/ws/userland/src/components/desktop/libvorbis/build/amd64/m4'
make[2]: Leaving directory '/ws/userland/src/components/desktop/libvorbis/build/amd64/m4'
Making install in include
make[2]: Entering directory '/ws/userland/src/components/desktop/libvorbis/build/amd64/include'
Making install in vorbis
make[3]: Entering directory '/ws/userland/src/components/desktop/libvorbis/build/amd64/include/vorbis'
make[4]: Entering directory '/ws/userland/src/components/desktop/libvorbis/build/amd64/include/vorbis'
make[4]: Nothing to be done for 'install-exec-am'.
 /usr/gnu/bin/mkdir -p '/ws/userland/src/components/desktop/libvorbis/build/prototype/i386/usr/include/vorbis'
 /usr/gnu/bin/install -c -m 644 /ws/userland/src/components/desktop/libvorbis/libvorbis-1.3.6/include/vorbis/codec.h /ws/userland/src/components/desktop/libvorbis/libvorbis-1.3.6/include/vorbis/vorbisfile.h /ws/userland/src/components/desktop/libvorbis/libvorbis-1.3.6/include/vorbis/vorbisenc.h '/ws/userland/src/components/desktop/libvorbis/build/prototype/i386/usr/include/vorbis'
make[4]: Leaving directory '/ws/userland/src/components/desktop/libvorbis/build/amd64/include/vorbis'
make[3]: Leaving directory '/ws/userland/src/components/desktop/libvorbis/build/amd64/include/vorbis'
make[3]: Entering directory '/ws/userland/src/components/desktop/libvorbis/build/amd64/include'
make[4]: Entering directory '/ws/userland/src/components/desktop/libvorbis/build/amd64/include'
make[4]: Nothing to be done for 'install-exec-am'.
make[4]: Nothing to be done for 'install-data-am'.
make[4]: Leaving directory '/ws/userland/src/components/desktop/libvorbis/build/amd64/include'
make[3]: Leaving directory '/ws/userland/src/components/desktop/libvorbis/build/amd64/include'
make[2]: Leaving directory '/ws/userland/src/components/desktop/libvorbis/build/amd64/include'
Making install in vq
make[2]: Entering directory '/ws/userland/src/components/desktop/libvorbis/build/amd64/vq'
make[3]: Entering directory '/ws/userland/src/components/desktop/libvorbis/build/amd64/vq'
make[3]: Nothing to be done for 'install-exec-am'.
make[3]: Nothing to be done for 'install-data-am'.
make[3]: Leaving directory '/ws/userland/src/components/desktop/libvorbis/build/amd64/vq'
make[2]: Leaving directory '/ws/userland/src/components/desktop/libvorbis/build/amd64/vq'
Making install in lib
make[2]: Entering directory '/ws/userland/src/components/desktop/libvorbis/build/amd64/lib'
Making install in modes
make[3]: Entering directory '/ws/userland/src/components/desktop/libvorbis/build/amd64/lib/modes'
make[4]: Entering directory '/ws/userland/src/components/desktop/libvorbis/build/amd64/lib/modes'
make[4]: Nothing to be done for 'install-exec-am'.
make[4]: Nothing to be done for 'install-data-am'.
make[4]: Leaving directory '/ws/userland/src/components/desktop/libvorbis/build/amd64/lib/modes'
make[3]: Leaving directory '/ws/userland/src/components/desktop/libvorbis/build/amd64/lib/modes'
Making install in books
make[3]: Entering directory '/ws/userland/src/components/desktop/libvorbis/build/amd64/lib/books'
Making install in coupled
make[4]: Entering directory '/ws/userland/src/components/desktop/libvorbis/build/amd64/lib/books/coupled'
make[5]: Entering directory '/ws/userland/src/components/desktop/libvorbis/build/amd64/lib/books/coupled'
make[5]: Nothing to be done for 'install-exec-am'.
make[5]: Nothing to be done for 'install-data-am'.
make[5]: Leaving directory '/ws/userland/src/components/desktop/libvorbis/build/amd64/lib/books/coupled'
make[4]: Leaving directory '/ws/userland/src/components/desktop/libvorbis/build/amd64/lib/books/coupled'
Making install in uncoupled
make[4]: Entering directory '/ws/userland/src/components/desktop/libvorbis/build/amd64/lib/books/uncoupled'
make[5]: Entering directory '/ws/userland/src/components/desktop/libvorbis/build/amd64/lib/books/uncoupled'
make[5]: Nothing to be done for 'install-exec-am'.
make[5]: Nothing to be done for 'install-data-am'.
make[5]: Leaving directory '/ws/userland/src/components/desktop/libvorbis/build/amd64/lib/books/uncoupled'
make[4]: Leaving directory '/ws/userland/src/components/desktop/libvorbis/build/amd64/lib/books/uncoupled'
Making install in floor
make[4]: Entering directory '/ws/userland/src/components/desktop/libvorbis/build/amd64/lib/books/floor'
make[5]: Entering directory '/ws/userland/src/components/desktop/libvorbis/build/amd64/lib/books/floor'
make[5]: Nothing to be done for 'install-exec-am'.
make[5]: Nothing to be done for 'install-data-am'.
make[5]: Leaving directory '/ws/userland/src/components/desktop/libvorbis/build/amd64/lib/books/floor'
make[4]: Leaving directory '/ws/userland/src/components/desktop/libvorbis/build/amd64/lib/books/floor'
make[4]: Entering directory '/ws/userland/src/components/desktop/libvorbis/build/amd64/lib/books'
make[5]: Entering directory '/ws/userland/src/components/desktop/libvorbis/build/amd64/lib/books'
make[5]: Nothing to be done for 'install-exec-am'.
make[5]: Nothing to be done for 'install-data-am'.
make[5]: Leaving directory '/ws/userland/src/components/desktop/libvorbis/build/amd64/lib/books'
make[4]: Leaving directory '/ws/userland/src/components/desktop/libvorbis/build/amd64/lib/books'
make[3]: Leaving directory '/ws/userland/src/components/desktop/libvorbis/build/amd64/lib/books'
make[3]: Entering directory '/ws/userland/src/components/desktop/libvorbis/build/amd64/lib'
make[4]: Entering directory '/ws/userland/src/components/desktop/libvorbis/build/amd64/lib'
 /usr/gnu/bin/mkdir -p '/ws/userland/src/components/desktop/libvorbis/build/prototype/i386/usr/lib/amd64'
 /bin/bash ../libtool   --mode=install /usr/gnu/bin/install -c   libvorbis.la libvorbisfile.la libvorbisenc.la '/ws/userland/src/components/desktop/libvorbis/build/prototype/i386/usr/lib/amd64'
libtool: install: /usr/gnu/bin/install -c .libs/libvorbis.so.0.4.8 /ws/userland/src/components/desktop/libvorbis/build/prototype/i386/usr/lib/amd64/libvorbis.so.0.4.8
libtool: install: (cd /ws/userland/src/components/desktop/libvorbis/build/prototype/i386/usr/lib/amd64 && { ln -s -f libvorbis.so.0.4.8 libvorbis.so.0 || { rm -f libvorbis.so.0 && ln -s libvorbis.so.0.4.8 libvorbis.so.0; }; })
libtool: install: (cd /ws/userland/src/components/desktop/libvorbis/build/prototype/i386/usr/lib/amd64 && { ln -s -f libvorbis.so.0.4.8 libvorbis.so || { rm -f libvorbis.so && ln -s libvorbis.so.0.4.8 libvorbis.so; }; })
libtool: install: chmod +x /ws/userland/src/components/desktop/libvorbis/build/prototype/i386/usr/lib/amd64/libvorbis.so.0.4.8
libtool: install: /usr/gnu/bin/install -c .libs/libvorbis.lai /ws/userland/src/components/desktop/libvorbis/build/prototype/i386/usr/lib/amd64/libvorbis.la
libtool: warning: relinking 'libvorbisfile.la'
libtool: install: (cd /ws/userland/src/components/desktop/libvorbis/build/amd64/lib; /bin/bash "/ws/userland/src/components/desktop/libvorbis/build/amd64/libtool"  --silent --tag CC --mode=relink /usr/gcc/7/bin/gcc -O3 -Wall -Wextra -D__NO_MATH_INLINES -fsigned-char -Wdeclaration-after-statement -m64 -O3 -DUSE_MEMORY_H -no-undefined -version-info 6:7:3 -o libvorbisfile.la -rpath /usr/lib/amd64 vorbisfile.lo libvorbis.la -L/usr/lib/amd64 -logg -inst-prefix-dir /ws/userland/src/components/desktop/libvorbis/build/prototype/i386)
libtool: install: /usr/gnu/bin/install -c .libs/libvorbisfile.so.3.3.7T /ws/userland/src/components/desktop/libvorbis/build/prototype/i386/usr/lib/amd64/libvorbisfile.so.3.3.7
libtool: install: (cd /ws/userland/src/components/desktop/libvorbis/build/prototype/i386/usr/lib/amd64 && { ln -s -f libvorbisfile.so.3.3.7 libvorbisfile.so.3 || { rm -f libvorbisfile.so.3 && ln -s libvorbisfile.so.3.3.7 libvorbisfile.so.3; }; })
libtool: install: (cd /ws/userland/src/components/desktop/libvorbis/build/prototype/i386/usr/lib/amd64 && { ln -s -f libvorbisfile.so.3.3.7 libvorbisfile.so || { rm -f libvorbisfile.so && ln -s libvorbisfile.so.3.3.7 libvorbisfile.so; }; })
libtool: install: chmod +x /ws/userland/src/components/desktop/libvorbis/build/prototype/i386/usr/lib/amd64/libvorbisfile.so.3.3.7
libtool: install: /usr/gnu/bin/install -c .libs/libvorbisfile.lai /ws/userland/src/components/desktop/libvorbis/build/prototype/i386/usr/lib/amd64/libvorbisfile.la
libtool: warning: relinking 'libvorbisenc.la'
libtool: install: (cd /ws/userland/src/components/desktop/libvorbis/build/amd64/lib; /bin/bash "/ws/userland/src/components/desktop/libvorbis/build/amd64/libtool"  --silent --tag CC --mode=relink /usr/gcc/7/bin/gcc -O3 -Wall -Wextra -D__NO_MATH_INLINES -fsigned-char -Wdeclaration-after-statement -m64 -O3 -DUSE_MEMORY_H -no-undefined -version-info 2:11:0 -o libvorbisenc.la -rpath /usr/lib/amd64 vorbisenc.lo libvorbis.la -L/usr/lib/amd64 -logg -inst-prefix-dir /ws/userland/src/components/desktop/libvorbis/build/prototype/i386)
libtool: install: /usr/gnu/bin/install -c .libs/libvorbisenc.so.2.0.11T /ws/userland/src/components/desktop/libvorbis/build/prototype/i386/usr/lib/amd64/libvorbisenc.so.2.0.11
libtool: install: (cd /ws/userland/src/components/desktop/libvorbis/build/prototype/i386/usr/lib/amd64 && { ln -s -f libvorbisenc.so.2.0.11 libvorbisenc.so.2 || { rm -f libvorbisenc.so.2 && ln -s libvorbisenc.so.2.0.11 libvorbisenc.so.2; }; })
libtool: install: (cd /ws/userland/src/components/desktop/libvorbis/build/prototype/i386/usr/lib/amd64 && { ln -s -f libvorbisenc.so.2.0.11 libvorbisenc.so || { rm -f libvorbisenc.so && ln -s libvorbisenc.so.2.0.11 libvorbisenc.so; }; })
libtool: install: chmod +x /ws/userland/src/components/desktop/libvorbis/build/prototype/i386/usr/lib/amd64/libvorbisenc.so.2.0.11
libtool: install: /usr/gnu/bin/install -c .libs/libvorbisenc.lai /ws/userland/src/components/desktop/libvorbis/build/prototype/i386/usr/lib/amd64/libvorbisenc.la
libtool: install: /usr/gnu/bin/install -c .libs/libvorbis.a /ws/userland/src/components/desktop/libvorbis/build/prototype/i386/usr/lib/amd64/libvorbis.a
libtool: install: chmod 644 /ws/userland/src/components/desktop/libvorbis/build/prototype/i386/usr/lib/amd64/libvorbis.a
libtool: install: ranlib /ws/userland/src/components/desktop/libvorbis/build/prototype/i386/usr/lib/amd64/libvorbis.a
libtool: install: /usr/gnu/bin/install -c .libs/libvorbisfile.a /ws/userland/src/components/desktop/libvorbis/build/prototype/i386/usr/lib/amd64/libvorbisfile.a
libtool: install: chmod 644 /ws/userland/src/components/desktop/libvorbis/build/prototype/i386/usr/lib/amd64/libvorbisfile.a
libtool: install: ranlib /ws/userland/src/components/desktop/libvorbis/build/prototype/i386/usr/lib/amd64/libvorbisfile.a
libtool: install: /usr/gnu/bin/install -c .libs/libvorbisenc.a /ws/userland/src/components/desktop/libvorbis/build/prototype/i386/usr/lib/amd64/libvorbisenc.a
libtool: install: chmod 644 /ws/userland/src/components/desktop/libvorbis/build/prototype/i386/usr/lib/amd64/libvorbisenc.a
libtool: install: ranlib /ws/userland/src/components/desktop/libvorbis/build/prototype/i386/usr/lib/amd64/libvorbisenc.a
libtool: warning: remember to run 'libtool --finish /usr/lib/amd64'
make[4]: Nothing to be done for 'install-data-am'.
make[4]: Leaving directory '/ws/userland/src/components/desktop/libvorbis/build/amd64/lib'
make[3]: Leaving directory '/ws/userland/src/components/desktop/libvorbis/build/amd64/lib'
make[2]: Leaving directory '/ws/userland/src/components/desktop/libvorbis/build/amd64/lib'
Making install in test
make[2]: Entering directory '/ws/userland/src/components/desktop/libvorbis/build/amd64/test'
make[3]: Entering directory '/ws/userland/src/components/desktop/libvorbis/build/amd64/test'
make[3]: Nothing to be done for 'install-exec-am'.
make[3]: Nothing to be done for 'install-data-am'.
make[3]: Leaving directory '/ws/userland/src/components/desktop/libvorbis/build/amd64/test'
make[2]: Leaving directory '/ws/userland/src/components/desktop/libvorbis/build/amd64/test'
Making install in doc
make[2]: Entering directory '/ws/userland/src/components/desktop/libvorbis/build/amd64/doc'
Making install in libvorbis
make[3]: Entering directory '/ws/userland/src/components/desktop/libvorbis/build/amd64/doc/libvorbis'
make[4]: Entering directory '/ws/userland/src/components/desktop/libvorbis/build/amd64/doc/libvorbis'
make[4]: Nothing to be done for 'install-exec-am'.
 /usr/gnu/bin/mkdir -p '/ws/userland/src/components/desktop/libvorbis/build/prototype/i386/usr/share/doc/libvorbis-1.3.6/libvorbis'
 /usr/gnu/bin/install -c -m 644 /ws/userland/src/components/desktop/libvorbis/libvorbis-1.3.6/doc/libvorbis/index.html /ws/userland/src/components/desktop/libvorbis/libvorbis-1.3.6/doc/libvorbis/reference.html /ws/userland/src/components/desktop/libvorbis/libvorbis-1.3.6/doc/libvorbis/style.css /ws/userland/src/components/desktop/libvorbis/libvorbis-1.3.6/doc/libvorbis/vorbis_comment.html /ws/userland/src/components/desktop/libvorbis/libvorbis-1.3.6/doc/libvorbis/vorbis_info.html /ws/userland/src/components/desktop/libvorbis/libvorbis-1.3.6/doc/libvorbis/vorbis_analysis_blockout.html /ws/userland/src/components/desktop/libvorbis/libvorbis-1.3.6/doc/libvorbis/vorbis_analysis_buffer.html /ws/userland/src/components/desktop/libvorbis/libvorbis-1.3.6/doc/libvorbis/vorbis_analysis_headerout.html /ws/userland/src/components/desktop/libvorbis/libvorbis-1.3.6/doc/libvorbis/vorbis_analysis_init.html /ws/userland/src/components/desktop/libvorbis/libvorbis-1.3.6/doc/libvorbis/vorbis_analysis_wrote.html /ws/userland/src/components/desktop/libvorbis/libvorbis-1.3.6/doc/libvorbis/vorbis_analysis.html /ws/userland/src/components/desktop/libvorbis/libvorbis-1.3.6/doc/libvorbis/vorbis_bitrate_addblock.html /ws/userland/src/components/desktop/libvorbis/libvorbis-1.3.6/doc/libvorbis/vorbis_bitrate_flushpacket.html /ws/userland/src/components/desktop/libvorbis/libvorbis-1.3.6/doc/libvorbis/vorbis_block_init.html /ws/userland/src/components/desktop/libvorbis/libvorbis-1.3.6/doc/libvorbis/vorbis_block_clear.html /ws/userland/src/components/desktop/libvorbis/libvorbis-1.3.6/doc/libvorbis/vorbis_dsp_clear.html /ws/userland/src/components/desktop/libvorbis/libvorbis-1.3.6/doc/libvorbis/vorbis_granule_time.html /ws/userland/src/components/desktop/libvorbis/libvorbis-1.3.6/doc/libvorbis/vorbis_version_string.html /ws/userland/src/components/desktop/libvorbis/libvorbis-1.3.6/doc/libvorbis/vorbis_info_blocksize.html /ws/userland/src/components/desktop/libvorbis/libvorbis-1.3.6/doc/libvorbis/vorbis_info_clear.html /ws/userland/src/components/desktop/libvorbis/libvorbis-1.3.6/doc/libvorbis/vorbis_info_init.html /ws/userland/src/components/desktop/libvorbis/libvorbis-1.3.6/doc/libvorbis/vorbis_comment_add.html /ws/userland/src/components/desktop/libvorbis/libvorbis-1.3.6/doc/libvorbis/vorbis_comment_add_tag.html /ws/userland/src/components/desktop/libvorbis/libvorbis-1.3.6/doc/libvorbis/vorbis_comment_clear.html /ws/userland/src/components/desktop/libvorbis/libvorbis-1.3.6/doc/libvorbis/vorbis_comment_init.html /ws/userland/src/components/desktop/libvorbis/libvorbis-1.3.6/doc/libvorbis/vorbis_comment_query.html /ws/userland/src/components/desktop/libvorbis/libvorbis-1.3.6/doc/libvorbis/vorbis_comment_query_count.html /ws/userland/src/components/desktop/libvorbis/libvorbis-1.3.6/doc/libvorbis/vorbis_commentheader_out.html /ws/userland/src/components/desktop/libvorbis/libvorbis-1.3.6/doc/libvorbis/vorbis_packet_blocksize.html /ws/userland/src/components/desktop/libvorbis/libvorbis-1.3.6/doc/libvorbis/vorbis_synthesis.html /ws/userland/src/components/desktop/libvorbis/libvorbis-1.3.6/doc/libvorbis/vorbis_synthesis_blockin.html /ws/userland/src/components/desktop/libvorbis/libvorbis-1.3.6/doc/libvorbis/vorbis_synthesis_halfrate.html /ws/userland/src/components/desktop/libvorbis/libvorbis-1.3.6/doc/libvorbis/vorbis_synthesis_halfrate_p.html /ws/userland/src/components/desktop/libvorbis/libvorbis-1.3.6/doc/libvorbis/vorbis_synthesis_headerin.html /ws/userland/src/components/desktop/libvorbis/libvorbis-1.3.6/doc/libvorbis/vorbis_synthesis_idheader.html /ws/userland/src/components/desktop/libvorbis/libvorbis-1.3.6/doc/libvorbis/vorbis_synthesis_init.html /ws/userland/src/components/desktop/libvorbis/libvorbis-1.3.6/doc/libvorbis/vorbis_synthesis_lapout.html /ws/userland/src/components/desktop/libvorbis/libvorbis-1.3.6/doc/libvorbis/vorbis_synthesis_pcmout.html /ws/userland/src/components/desktop/libvorbis/libvorbis-1.3.6/doc/libvorbis/vorbis_synthesis_read.html /ws/userland/src/components/desktop/libvorbis/libvorbis-1.3.6/doc/libvorbis/vorbis_synthesis_restart.html '/ws/userland/src/components/desktop/libvorbis/build/prototype/i386/usr/share/doc/libvorbis-1.3.6/libvorbis'
 /usr/gnu/bin/install -c -m 644 /ws/userland/src/components/desktop/libvorbis/libvorbis-1.3.6/doc/libvorbis/vorbis_synthesis_trackonly.html /ws/userland/src/components/desktop/libvorbis/libvorbis-1.3.6/doc/libvorbis/vorbis_block.html /ws/userland/src/components/desktop/libvorbis/libvorbis-1.3.6/doc/libvorbis/vorbis_dsp_state.html /ws/userland/src/components/desktop/libvorbis/libvorbis-1.3.6/doc/libvorbis/return.html /ws/userland/src/components/desktop/libvorbis/libvorbis-1.3.6/doc/libvorbis/overview.html '/ws/userland/src/components/desktop/libvorbis/build/prototype/i386/usr/share/doc/libvorbis-1.3.6/libvorbis'
make[4]: Leaving directory '/ws/userland/src/components/desktop/libvorbis/build/amd64/doc/libvorbis'
make[3]: Leaving directory '/ws/userland/src/components/desktop/libvorbis/build/amd64/doc/libvorbis'
Making install in vorbisfile
make[3]: Entering directory '/ws/userland/src/components/desktop/libvorbis/build/amd64/doc/vorbisfile'
make[4]: Entering directory '/ws/userland/src/components/desktop/libvorbis/build/amd64/doc/vorbisfile'
make[4]: Nothing to be done for 'install-exec-am'.
 /usr/gnu/bin/mkdir -p '/ws/userland/src/components/desktop/libvorbis/build/prototype/i386/usr/share/doc/libvorbis-1.3.6/vorbisfile'
 /usr/gnu/bin/install -c -m 644 /ws/userland/src/components/desktop/libvorbis/libvorbis-1.3.6/doc/vorbisfile/OggVorbis_File.html /ws/userland/src/components/desktop/libvorbis/libvorbis-1.3.6/doc/vorbisfile/callbacks.html /ws/userland/src/components/desktop/libvorbis/libvorbis-1.3.6/doc/vorbisfile/chaining_example_c.html /ws/userland/src/components/desktop/libvorbis/libvorbis-1.3.6/doc/vorbisfile/chainingexample.html /ws/userland/src/components/desktop/libvorbis/libvorbis-1.3.6/doc/vorbisfile/crosslap.html /ws/userland/src/components/desktop/libvorbis/libvorbis-1.3.6/doc/vorbisfile/datastructures.html /ws/userland/src/components/desktop/libvorbis/libvorbis-1.3.6/doc/vorbisfile/decoding.html /ws/userland/src/components/desktop/libvorbis/libvorbis-1.3.6/doc/vorbisfile/example.html /ws/userland/src/components/desktop/libvorbis/libvorbis-1.3.6/doc/vorbisfile/exampleindex.html /ws/userland/src/components/desktop/libvorbis/libvorbis-1.3.6/doc/vorbisfile/fileinfo.html /ws/userland/src/components/desktop/libvorbis/libvorbis-1.3.6/doc/vorbisfile/index.html /ws/userland/src/components/desktop/libvorbis/libvorbis-1.3.6/doc/vorbisfile/initialization.html /ws/userland/src/components/desktop/libvorbis/libvorbis-1.3.6/doc/vorbisfile/ov_bitrate.html /ws/userland/src/components/desktop/libvorbis/libvorbis-1.3.6/doc/vorbisfile/ov_bitrate_instant.html /ws/userland/src/components/desktop/libvorbis/libvorbis-1.3.6/doc/vorbisfile/ov_callbacks.html /ws/userland/src/components/desktop/libvorbis/libvorbis-1.3.6/doc/vorbisfile/ov_clear.html /ws/userland/src/components/desktop/libvorbis/libvorbis-1.3.6/doc/vorbisfile/ov_comment.html /ws/userland/src/components/desktop/libvorbis/libvorbis-1.3.6/doc/vorbisfile/ov_crosslap.html /ws/userland/src/components/desktop/libvorbis/libvorbis-1.3.6/doc/vorbisfile/ov_fopen.html /ws/userland/src/components/desktop/libvorbis/libvorbis-1.3.6/doc/vorbisfile/ov_info.html /ws/userland/src/components/desktop/libvorbis/libvorbis-1.3.6/doc/vorbisfile/ov_open.html /ws/userland/src/components/desktop/libvorbis/libvorbis-1.3.6/doc/vorbisfile/ov_open_callbacks.html /ws/userland/src/components/desktop/libvorbis/libvorbis-1.3.6/doc/vorbisfile/ov_pcm_seek.html /ws/userland/src/components/desktop/libvorbis/libvorbis-1.3.6/doc/vorbisfile/ov_pcm_seek_lap.html /ws/userland/src/components/desktop/libvorbis/libvorbis-1.3.6/doc/vorbisfile/ov_pcm_seek_page.html /ws/userland/src/components/desktop/libvorbis/libvorbis-1.3.6/doc/vorbisfile/ov_pcm_seek_page_lap.html /ws/userland/src/components/desktop/libvorbis/libvorbis-1.3.6/doc/vorbisfile/ov_pcm_tell.html /ws/userland/src/components/desktop/libvorbis/libvorbis-1.3.6/doc/vorbisfile/ov_pcm_total.html /ws/userland/src/components/desktop/libvorbis/libvorbis-1.3.6/doc/vorbisfile/ov_raw_seek.html /ws/userland/src/components/desktop/libvorbis/libvorbis-1.3.6/doc/vorbisfile/ov_raw_seek_lap.html /ws/userland/src/components/desktop/libvorbis/libvorbis-1.3.6/doc/vorbisfile/ov_raw_tell.html /ws/userland/src/components/desktop/libvorbis/libvorbis-1.3.6/doc/vorbisfile/ov_raw_total.html /ws/userland/src/components/desktop/libvorbis/libvorbis-1.3.6/doc/vorbisfile/ov_read.html /ws/userland/src/components/desktop/libvorbis/libvorbis-1.3.6/doc/vorbisfile/ov_read_float.html /ws/userland/src/components/desktop/libvorbis/libvorbis-1.3.6/doc/vorbisfile/ov_read_filter.html /ws/userland/src/components/desktop/libvorbis/libvorbis-1.3.6/doc/vorbisfile/ov_seekable.html /ws/userland/src/components/desktop/libvorbis/libvorbis-1.3.6/doc/vorbisfile/ov_serialnumber.html /ws/userland/src/components/desktop/libvorbis/libvorbis-1.3.6/doc/vorbisfile/ov_streams.html /ws/userland/src/components/desktop/libvorbis/libvorbis-1.3.6/doc/vorbisfile/ov_test.html /ws/userland/src/components/desktop/libvorbis/libvorbis-1.3.6/doc/vorbisfile/ov_test_callbacks.html '/ws/userland/src/components/desktop/libvorbis/build/prototype/i386/usr/share/doc/libvorbis-1.3.6/vorbisfile'
 /usr/gnu/bin/install -c -m 644 /ws/userland/src/components/desktop/libvorbis/libvorbis-1.3.6/doc/vorbisfile/ov_test_open.html /ws/userland/src/components/desktop/libvorbis/libvorbis-1.3.6/doc/vorbisfile/ov_time_seek.html /ws/userland/src/components/desktop/libvorbis/libvorbis-1.3.6/doc/vorbisfile/ov_time_seek_lap.html /ws/userland/src/components/desktop/libvorbis/libvorbis-1.3.6/doc/vorbisfile/ov_time_seek_page.html /ws/userland/src/components/desktop/libvorbis/libvorbis-1.3.6/doc/vorbisfile/ov_time_seek_page_lap.html /ws/userland/src/components/desktop/libvorbis/libvorbis-1.3.6/doc/vorbisfile/ov_time_tell.html /ws/userland/src/components/desktop/libvorbis/libvorbis-1.3.6/doc/vorbisfile/ov_time_total.html /ws/userland/src/components/desktop/libvorbis/libvorbis-1.3.6/doc/vorbisfile/overview.html /ws/userland/src/components/desktop/libvorbis/libvorbis-1.3.6/doc/vorbisfile/reference.html /ws/userland/src/components/desktop/libvorbis/libvorbis-1.3.6/doc/vorbisfile/seekexample.html /ws/userland/src/components/desktop/libvorbis/libvorbis-1.3.6/doc/vorbisfile/seeking.html /ws/userland/src/components/desktop/libvorbis/libvorbis-1.3.6/doc/vorbisfile/seeking_example_c.html /ws/userland/src/components/desktop/libvorbis/libvorbis-1.3.6/doc/vorbisfile/seeking_test_c.html /ws/userland/src/components/desktop/libvorbis/libvorbis-1.3.6/doc/vorbisfile/seekingexample.html /ws/userland/src/components/desktop/libvorbis/libvorbis-1.3.6/doc/vorbisfile/style.css /ws/userland/src/components/desktop/libvorbis/libvorbis-1.3.6/doc/vorbisfile/threads.html /ws/userland/src/components/desktop/libvorbis/libvorbis-1.3.6/doc/vorbisfile/vorbisfile_example_c.html '/ws/userland/src/components/desktop/libvorbis/build/prototype/i386/usr/share/doc/libvorbis-1.3.6/vorbisfile'
make[4]: Leaving directory '/ws/userland/src/components/desktop/libvorbis/build/amd64/doc/vorbisfile'
make[3]: Leaving directory '/ws/userland/src/components/desktop/libvorbis/build/amd64/doc/vorbisfile'
Making install in vorbisenc
make[3]: Entering directory '/ws/userland/src/components/desktop/libvorbis/build/amd64/doc/vorbisenc'
make[4]: Entering directory '/ws/userland/src/components/desktop/libvorbis/build/amd64/doc/vorbisenc'
make[4]: Nothing to be done for 'install-exec-am'.
 /usr/gnu/bin/mkdir -p '/ws/userland/src/components/desktop/libvorbis/build/prototype/i386/usr/share/doc/libvorbis-1.3.6/vorbisenc'
 /usr/gnu/bin/install -c -m 644 /ws/userland/src/components/desktop/libvorbis/libvorbis-1.3.6/doc/vorbisenc/changes.html /ws/userland/src/components/desktop/libvorbis/libvorbis-1.3.6/doc/vorbisenc/examples.html /ws/userland/src/components/desktop/libvorbis/libvorbis-1.3.6/doc/vorbisenc/index.html /ws/userland/src/components/desktop/libvorbis/libvorbis-1.3.6/doc/vorbisenc/ovectl_ratemanage2_arg.html /ws/userland/src/components/desktop/libvorbis/libvorbis-1.3.6/doc/vorbisenc/ovectl_ratemanage_arg.html /ws/userland/src/components/desktop/libvorbis/libvorbis-1.3.6/doc/vorbisenc/overview.html /ws/userland/src/components/desktop/libvorbis/libvorbis-1.3.6/doc/vorbisenc/reference.html /ws/userland/src/components/desktop/libvorbis/libvorbis-1.3.6/doc/vorbisenc/style.css /ws/userland/src/components/desktop/libvorbis/libvorbis-1.3.6/doc/vorbisenc/vorbis_encode_ctl.html /ws/userland/src/components/desktop/libvorbis/libvorbis-1.3.6/doc/vorbisenc/vorbis_encode_init.html /ws/userland/src/components/desktop/libvorbis/libvorbis-1.3.6/doc/vorbisenc/vorbis_encode_setup_init.html /ws/userland/src/components/desktop/libvorbis/libvorbis-1.3.6/doc/vorbisenc/vorbis_encode_setup_managed.html /ws/userland/src/components/desktop/libvorbis/libvorbis-1.3.6/doc/vorbisenc/vorbis_encode_setup_vbr.html /ws/userland/src/components/desktop/libvorbis/libvorbis-1.3.6/doc/vorbisenc/vorbis_encode_init_vbr.html '/ws/userland/src/components/desktop/libvorbis/build/prototype/i386/usr/share/doc/libvorbis-1.3.6/vorbisenc'
make[4]: Leaving directory '/ws/userland/src/components/desktop/libvorbis/build/amd64/doc/vorbisenc'
make[3]: Leaving directory '/ws/userland/src/components/desktop/libvorbis/build/amd64/doc/vorbisenc'
make[3]: Entering directory '/ws/userland/src/components/desktop/libvorbis/build/amd64/doc'
make[4]: Entering directory '/ws/userland/src/components/desktop/libvorbis/build/amd64/doc'
make[4]: Nothing to be done for 'install-exec-am'.
/bin/bash /ws/userland/src/components/desktop/libvorbis/libvorbis-1.3.6/install-sh -d /ws/userland/src/components/desktop/libvorbis/build/prototype/i386/usr/share/doc/libvorbis-1.3.6
if test -d vorbis; then \
  for dir in vorbis/*; do \
    if test -d $dir; then \
      b=`basename $dir`; \
      /bin/bash /ws/userland/src/components/desktop/libvorbis/libvorbis-1.3.6/install-sh -d /ws/userland/src/components/desktop/libvorbis/build/prototype/i386/usr/share/doc/libvorbis-1.3.6/$b; \
      for f in $dir/*; do \
	/usr/gnu/bin/install -c -m 644 $f /ws/userland/src/components/desktop/libvorbis/build/prototype/i386/usr/share/doc/libvorbis-1.3.6/$b; \
      done \
    fi \
  done \
fi
 /usr/gnu/bin/mkdir -p '/ws/userland/src/components/desktop/libvorbis/build/prototype/i386/usr/share/doc/libvorbis-1.3.6'
 /usr/gnu/bin/install -c -m 644 /ws/userland/src/components/desktop/libvorbis/libvorbis-1.3.6/doc/rfc5215.xml /ws/userland/src/components/desktop/libvorbis/libvorbis-1.3.6/doc/rfc5215.txt /ws/userland/src/components/desktop/libvorbis/libvorbis-1.3.6/doc/eightphase.png /ws/userland/src/components/desktop/libvorbis/libvorbis-1.3.6/doc/fish_xiph_org.png /ws/userland/src/components/desktop/libvorbis/libvorbis-1.3.6/doc/floor1_inverse_dB_table.html /ws/userland/src/components/desktop/libvorbis/libvorbis-1.3.6/doc/floorval.png /ws/userland/src/components/desktop/libvorbis/libvorbis-1.3.6/doc/fourphase.png /ws/userland/src/components/desktop/libvorbis/libvorbis-1.3.6/doc/framing.html /ws/userland/src/components/desktop/libvorbis/libvorbis-1.3.6/doc/helper.html /ws/userland/src/components/desktop/libvorbis/libvorbis-1.3.6/doc/index.html /ws/userland/src/components/desktop/libvorbis/libvorbis-1.3.6/doc/oggstream.html /ws/userland/src/components/desktop/libvorbis/libvorbis-1.3.6/doc/programming.html /ws/userland/src/components/desktop/libvorbis/libvorbis-1.3.6/doc/squarepolar.png /ws/userland/src/components/desktop/libvorbis/libvorbis-1.3.6/doc/stereo.html /ws/userland/src/components/desktop/libvorbis/libvorbis-1.3.6/doc/stream.png /ws/userland/src/components/desktop/libvorbis/libvorbis-1.3.6/doc/v-comment.html /ws/userland/src/components/desktop/libvorbis/libvorbis-1.3.6/doc/vorbis-clip.txt /ws/userland/src/components/desktop/libvorbis/libvorbis-1.3.6/doc/vorbis-errors.txt /ws/userland/src/components/desktop/libvorbis/libvorbis-1.3.6/doc/vorbis-fidelity.html doxygen-build.stamp '/ws/userland/src/components/desktop/libvorbis/build/prototype/i386/usr/share/doc/libvorbis-1.3.6'
make[4]: Leaving directory '/ws/userland/src/components/desktop/libvorbis/build/amd64/doc'
make[3]: Leaving directory '/ws/userland/src/components/desktop/libvorbis/build/amd64/doc'
make[2]: Leaving directory '/ws/userland/src/components/desktop/libvorbis/build/amd64/doc'
make[2]: Entering directory '/ws/userland/src/components/desktop/libvorbis/build/amd64'
make[3]: Entering directory '/ws/userland/src/components/desktop/libvorbis/build/amd64'
make[3]: Nothing to be done for 'install-exec-am'.
 /usr/gnu/bin/mkdir -p '/ws/userland/src/components/desktop/libvorbis/build/prototype/i386/usr/share/aclocal'
 /usr/gnu/bin/install -c -m 644 /ws/userland/src/components/desktop/libvorbis/libvorbis-1.3.6/vorbis.m4 '/ws/userland/src/components/desktop/libvorbis/build/prototype/i386/usr/share/aclocal'
 /usr/gnu/bin/mkdir -p '/ws/userland/src/components/desktop/libvorbis/build/prototype/i386/usr/lib/amd64/pkgconfig'
 /usr/gnu/bin/install -c -m 644 vorbis.pc vorbisenc.pc vorbisfile.pc '/ws/userland/src/components/desktop/libvorbis/build/prototype/i386/usr/lib/amd64/pkgconfig'
make[3]: Leaving directory '/ws/userland/src/components/desktop/libvorbis/build/amd64'
make[2]: Leaving directory '/ws/userland/src/components/desktop/libvorbis/build/amd64'
make[1]: Leaving directory '/ws/userland/src/components/desktop/libvorbis/build/amd64'
/usr/bin/touch /ws/userland/src/components/desktop/libvorbis/build/amd64/.installed
abort: there is no Mercurial repository here (.hg not found)
/usr/bin/pkgfmt -c -fv2 libvorbis.p5m
/usr/bin/pkgmogrify -D PERL_ARCH=i86pc-solaris-thread-multi-64 -D PERL_VERSION=5.22 -D IPS_COMPONENT_RE_VERSION=1\\.3\\.6 -D COMPONENT_RE_VERSION=1\\.3\\.6 -D PYTHON_2.7_ONLY=# -D PYTHON_3.4_ONLY=# -D PYTHON_3.5_ONLY=# -D SQ=\' -D DQ=\" -D Q=\" -I/ws/userland/src/components/desktop/libvorbis -D SOLARIS_11_3_ONLY="#" -D SOLARIS_11_5_ONLY="#" -D SOLARIS_11_3_4_ONLY="" -D SOLARIS_11_4_5_ONLY="" -D SOLARIS_11_4_ONLY="" -D ARC_CASE="" -D TPNO="42388" -D BUILD_VERSION="5.11-11.4.0.0.1.14.0" -D OS_RELEASE="5.11" -D SOLARIS_VERSION="2.11" -D PKG_SOLARIS_VERSION="11.4" -D CONSOLIDATION="userland" -D CONSOLIDATION_CHANGESET="" -D CONSOLIDATION_REPOSITORY_URL="https://github.com/oracle/solaris-userland.git" -D COMPONENT_VERSION="1.3.6" -D IPS_COMPONENT_VERSION="1.3.6" -D HUMAN_VERSION="" -D COMPONENT_ARCHIVE_URL="http://downloads.xiph.org/releases/vorbis/libvorbis-1.3.6.tar.gz" -D COMPONENT_PROJECT_URL="https://xiph.org/vorbis/" -D COMPONENT_NAME="libvorbis" -D HG_REPO="" -D HG_REV="" -D HG_URL="" -D GIT_COMMIT_ID="" -D GIT_REPO="" -D GIT_TAG="" -D MACH="i386" -D MACH32="i86" -D MACH64="amd64" -D PUBLISHER="nightly" -D PUBLISHER_LOCALIZABLE="userland-localizable" libvorbis.p5m \
	/ws/userland/src/transforms/license-changes /ws/userland/src/transforms/variant-cleanup /ws/userland/src/transforms/autopyc /ws/userland/src/transforms/defaults /ws/userland/src/transforms/actuators /ws/userland/src/transforms/depends /ws/userland/src/transforms/devel /ws/userland/src/transforms/docs /ws/userland/src/transforms/locale /ws/userland/src/transforms/standard-python-libraries /ws/userland/src/transforms/python-rename /ws/userland/src/transforms/python-3-groups /ws/userland/src/transforms/python-3-soabi /ws/userland/src/transforms/python-3-no-32bit /ws/userland/src/transforms/ruby-tests /ws/userland/src/transforms/puppet /ws/userland/src/transforms/libtool-drop /ws/userland/src/transforms/incorporate /ws/userland/src/transforms/publish-cleanup | \
	sed -e '/^$/d' -e '/^#.*$/d' | uniq >/ws/userland/src/components/desktop/libvorbis/build/manifest-i386-libvorbis.mogrified
/bin/mkdir -p /ws/userland/src/components/desktop/libvorbis/build/prototype/i386/mangled
/ws/userland/src/tools/userland-mangler -D /ws/userland/src/components/desktop/libvorbis/build/prototype/i386/mangled -d /ws/userland/src/components/desktop/libvorbis/build/prototype/i386/mangled -d /ws/userland/src/components/desktop/libvorbis/build/prototype/i386 -d /ws/userland/src/components/desktop/libvorbis/build -d /ws/userland/src/components/desktop/libvorbis -d libvorbis-1.3.6 -d /ws/userland/src/licenses -d /ws/userland/src/components/desktop/libvorbis/files -m /ws/userland/src/components/desktop/libvorbis/build/manifest-i386-libvorbis.mogrified >/ws/userland/src/components/desktop/libvorbis/build/manifest-i386-libvorbis.mangled
/usr/bin/env  /usr/bin/pkgdepend generate \
    -m -d /ws/userland/src/components/desktop/libvorbis/build/prototype/i386/mangled -d /ws/userland/src/components/desktop/libvorbis/build/prototype/i386 -d /ws/userland/src/components/desktop/libvorbis/build -d /ws/userland/src/components/desktop/libvorbis -d libvorbis-1.3.6 -d /ws/userland/src/licenses -d /ws/userland/src/components/desktop/libvorbis/files /ws/userland/src/components/desktop/libvorbis/build/manifest-i386-libvorbis.mangled >/ws/userland/src/components/desktop/libvorbis/build/manifest-i386-libvorbis.depend
/usr/bin/pkgdepend resolve -e /ws/userland/src/components/desktop/libvorbis/build/resolve.deps -m /ws/userland/src/components/desktop/libvorbis/build/manifest-i386-libvorbis.depend
/usr/bin/touch /ws/userland/src/components/desktop/libvorbis/build/.resolved-i386
VALIDATING MANIFEST CONTENT: /ws/userland/src/components/desktop/libvorbis/build/manifest-i386-libvorbis.depend.res
/usr/bin/env PYTHONPATH=/ws/userland/src/tools/python PROTO_PATH="/ws/userland/src/components/desktop/libvorbis/build/prototype/i386/mangled /ws/userland/src/components/desktop/libvorbis/build/prototype/i386 /ws/userland/src/components/desktop/libvorbis/build /ws/userland/src/components/desktop/libvorbis libvorbis-1.3.6 /ws/userland/src/licenses /ws/userland/src/components/desktop/libvorbis/files"\
	SOLARIS_VERSION=2.11\
	/bin/true -c /ws/userland/src/i386/pkglint-cache \
		-f /ws/userland/src/tools/pkglintrc /ws/userland/src/components/desktop/libvorbis/build/manifest-i386-libvorbis.depend.res
/usr/bin/touch /ws/userland/src/components/desktop/libvorbis/build/.linted-i386
/usr/bin/pkgsend -s file:/ws/userland/src/i386/repo publish --fmri-in-manifest --no-catalog -d /ws/userland/src/components/desktop/libvorbis/build/prototype/i386/mangled -d /ws/userland/src/components/desktop/libvorbis/build/prototype/i386 -d /ws/userland/src/components/desktop/libvorbis/build -d /ws/userland/src/components/desktop/libvorbis -d libvorbis-1.3.6 -d /ws/userland/src/licenses -d /ws/userland/src/components/desktop/libvorbis/files -T \*.py /ws/userland/src/components/desktop/libvorbis/build/manifest-i386-libvorbis.depend.res
pkg://nightly/codec/libvorbis@1.3.6,5.11-11.4.0.0.1.14.0:20190727T213744Z
PUBLISHED
/usr/bin/pkgfmt </ws/userland/src/components/desktop/libvorbis/build/manifest-i386-libvorbis.depend.res >/ws/userland/src/components/desktop/libvorbis/build/manifest-i386-libvorbis.published
/usr/bin/touch /ws/userland/src/components/desktop/libvorbis/build/.published-i386
gmake: Leaving directory '/ws/userland/src/components/desktop/libvorbis'

real     1:13.9
user       37.5
sys         6.1
