gmake: Entering directory '/ws/userland/src/components/desktop/startup-notification'
/bin/rm -f -r /ws/userland/src/components/desktop/startup-notification/startup-notification-0.12
/usr/bin/env RUBY_VERSION=2.1 /ws/userland/src/tools/userland-unpack  startup-notification-0.12.tar.gz
/usr/bin/touch /ws/userland/src/components/desktop/startup-notification/startup-notification-0.12/.unpacked
/usr/bin/touch /ws/userland/src/components/desktop/startup-notification/startup-notification-0.12/.prep
(/bin/rm -f -rf /ws/userland/src/components/desktop/startup-notification/build/i86 ; /bin/mkdir -p /ws/userland/src/components/desktop/startup-notification/build/i86)
(cd /ws/userland/src/components/desktop/startup-notification/build/i86 ; /usr/bin/env CONFIG_SHELL="/bin/bash" PKG_CONFIG_PATH="/usr/lib/pkgconfig" CC="/usr/gcc/7/bin/gcc" CXX="/usr/gcc/7/bin/g++"  CC_FOR_BUILD="/usr/gcc/7/bin/gcc -m32" CXX_FOR_BUILD="/usr/gcc/7/bin/g++ -m32" CPPFLAGS="-m32" "ac_cv_func_realloc_0_nonnull=yes" "NM=/usr/gnu/bin/nm" INTLTOOL_PERL="/usr/perl5/5.22/bin/perl" CFLAGS="-m32 -O3 -mincoming-stack-boundary=2" CXXFLAGS="-m32 -O3 -mincoming-stack-boundary=2" LDFLAGS="" /bin/bash \
	/ws/userland/src/components/desktop/startup-notification/startup-notification-0.12/configure --prefix=/usr --mandir=/usr/share/man --bindir=/usr/bin --sbindir=/usr/sbin --libdir=/usr/lib    --enable-static=no --with-x)
checking for a BSD-compatible install... /usr/bin/ginstall -c
checking whether build environment is sane... yes
checking for a thread-safe mkdir -p... /usr/bin/gmkdir -p
checking for gawk... gawk
checking whether make sets $(MAKE)... yes
checking whether to enable maintainer-specific portions of Makefiles... no
checking for gcc... /usr/gcc/7/bin/gcc
checking whether the C compiler works... yes
checking for C compiler default output file name... a.out
checking for suffix of executables... 
checking whether we are cross compiling... no
checking for suffix of object files... o
checking whether we are using the GNU C compiler... yes
checking whether /usr/gcc/7/bin/gcc accepts -g... yes
checking for /usr/gcc/7/bin/gcc option to accept ISO C89... none needed
checking for style of include used by make... GNU
checking dependency style of /usr/gcc/7/bin/gcc... gcc3
checking for library containing strerror... none required
checking how to run the C preprocessor... /usr/gcc/7/bin/gcc -E
checking for grep that handles long lines and -e... /usr/bin/ggrep
checking for egrep... /usr/bin/ggrep -E
checking for ANSI C header files... yes
checking build system type... i386-pc-solaris2.11
checking host system type... i386-pc-solaris2.11
checking how to print strings... print -r
checking for a sed that does not truncate output... /usr/bin/gsed
checking for fgrep... /usr/bin/ggrep -F
checking for ld used by /usr/gcc/7/bin/gcc... /usr/bin/ld
checking if the linker (/usr/bin/ld) is GNU ld... no
checking for BSD- or MS-compatible name lister (nm)... /usr/gnu/bin/nm
checking the name lister (/usr/gnu/bin/nm) interface... BSD nm
checking whether ln -s works... yes
checking the maximum length of command line arguments... 1572480
checking whether the shell understands some XSI constructs... yes
checking whether the shell understands "+="... yes
checking how to convert i386-pc-solaris2.11 file names to i386-pc-solaris2.11 format... func_convert_file_noop
checking how to convert i386-pc-solaris2.11 file names to toolchain format... func_convert_file_noop
checking for /usr/bin/ld option to reload object files... -r
checking for objdump... objdump
checking how to recognize dependent libraries... pass_all
checking for dlltool... dlltool
checking how to associate runtime and link libraries... print -r --
checking for ar... ar
checking for archiver @FILE support... no
checking for strip... strip
checking for ranlib... ranlib
checking command to parse /usr/gnu/bin/nm output from /usr/gcc/7/bin/gcc object... ok
checking for sysroot... no
checking for mt... mt
checking if mt is a manifest tool... no
checking for sys/types.h... yes
checking for sys/stat.h... yes
checking for stdlib.h... yes
checking for string.h... yes
checking for memory.h... yes
checking for strings.h... yes
checking for inttypes.h... yes
checking for stdint.h... yes
checking for unistd.h... yes
checking for dlfcn.h... yes
checking for objdir... .libs
checking if /usr/gcc/7/bin/gcc supports -fno-rtti -fno-exceptions... no
checking for /usr/gcc/7/bin/gcc option to produce PIC... -fPIC -DPIC
checking if /usr/gcc/7/bin/gcc PIC flag -fPIC -DPIC works... yes
checking if /usr/gcc/7/bin/gcc static flag -static works... no
checking if /usr/gcc/7/bin/gcc supports -c -o file.o... yes
checking if /usr/gcc/7/bin/gcc supports -c -o file.o... (cached) yes
checking whether the /usr/gcc/7/bin/gcc linker (/usr/bin/ld) supports shared libraries... yes
checking whether -lc should be explicitly linked in... no
checking dynamic linker characteristics... solaris2.11 ld.so
checking how to hardcode library paths into programs... immediate
checking whether stripping libraries is possible... no
checking if libtool supports shared libraries... yes
checking whether to build shared libraries... yes
checking whether to build static libraries... no
checking for X... libraries , headers 
checking for gethostbyname... yes
checking for connect... yes
checking for remove... yes
checking for shmat... yes
checking for IceConnectionNumber in -lICE... yes
checking if malloc() and friends prototypes are sn-util.h compatible... no
checking whether realloc (NULL,) will work... yes
checking execinfo.h usability... yes
checking execinfo.h presence... yes
checking for execinfo.h... yes
checking for backtrace... yes
checking for pkg-config... /usr/bin/pkg-config
checking pkg-config is at least version 0.9.0... yes
checking for xcb... yes
checking for xcb_aux... yes
checking for xcb_event... yes
checking for x11_xcb... yes
configure: creating ./config.status
config.status: creating Makefile
config.status: creating libsn/Makefile
config.status: creating test/Makefile
config.status: creating doc/Makefile
config.status: creating libstartup-notification-1.0.pc
config.status: creating config.h
config.status: executing depfiles commands
config.status: executing libtool commands
/usr/bin/touch /ws/userland/src/components/desktop/startup-notification/build/i86/.configured
(cd /ws/userland/src/components/desktop/startup-notification/build/i86 ; /usr/bin/env LD_OPTIONS="-M /usr/lib/ld/map.noexdata -M /usr/lib/ld/map.pagealign -Bdirect -zignore -zstrip-class=comment" LD_EXEC_OPTIONS=" -zsx=aslr=enable -zsx=nxstack=enable -zsx=nxheap=enable " LD_PIE_OPTIONS="-zsx=aslr=enable -zsx=nxstack=enable -zsx=nxheap=enable "  PKG_CONFIG_PATH="/usr/lib/pkgconfig" "ac_cv_func_realloc_0_nonnull=yes" INTLTOOL_PERL="/usr/perl5/5.22/bin/perl" \
	/usr/gnu/bin/make  )
make[1]: Entering directory '/ws/userland/src/components/desktop/startup-notification/build/i86'
/usr/gnu/bin/make  all-recursive
make[2]: Entering directory '/ws/userland/src/components/desktop/startup-notification/build/i86'
Making all in libsn
make[3]: Entering directory '/ws/userland/src/components/desktop/startup-notification/build/i86/libsn'
/bin/bash ../libtool --tag=CC   --mode=compile /usr/gcc/7/bin/gcc -DHAVE_CONFIG_H -I. -I/ws/userland/src/components/desktop/startup-notification/startup-notification-0.12/libsn -I.. -I/ws/userland/src/components/desktop/startup-notification/startup-notification-0.12 -D_REENTRANT -D_POSIX_PTHREAD_SEMANTICS -DSN_API_NOT_YET_FROZEN=1  -m32  -m32 -O3 -mincoming-stack-boundary=2 -Wall -MT sn-common.lo -MD -MP -MF .deps/sn-common.Tpo -c -o sn-common.lo /ws/userland/src/components/desktop/startup-notification/startup-notification-0.12/libsn/sn-common.c
libtool: compile:  /usr/gcc/7/bin/gcc -DHAVE_CONFIG_H -I. -I/ws/userland/src/components/desktop/startup-notification/startup-notification-0.12/libsn -I.. -I/ws/userland/src/components/desktop/startup-notification/startup-notification-0.12 -D_REENTRANT -D_POSIX_PTHREAD_SEMANTICS -DSN_API_NOT_YET_FROZEN=1 -m32 -m32 -O3 -mincoming-stack-boundary=2 -Wall -MT sn-common.lo -MD -MP -MF .deps/sn-common.Tpo -c /ws/userland/src/components/desktop/startup-notification/startup-notification-0.12/libsn/sn-common.c  -fPIC -DPIC -o .libs/sn-common.o
mv -f .deps/sn-common.Tpo .deps/sn-common.Plo
/bin/bash ../libtool --tag=CC   --mode=compile /usr/gcc/7/bin/gcc -DHAVE_CONFIG_H -I. -I/ws/userland/src/components/desktop/startup-notification/startup-notification-0.12/libsn -I.. -I/ws/userland/src/components/desktop/startup-notification/startup-notification-0.12 -D_REENTRANT -D_POSIX_PTHREAD_SEMANTICS -DSN_API_NOT_YET_FROZEN=1  -m32  -m32 -O3 -mincoming-stack-boundary=2 -Wall -MT sn-internals.lo -MD -MP -MF .deps/sn-internals.Tpo -c -o sn-internals.lo /ws/userland/src/components/desktop/startup-notification/startup-notification-0.12/libsn/sn-internals.c
libtool: compile:  /usr/gcc/7/bin/gcc -DHAVE_CONFIG_H -I. -I/ws/userland/src/components/desktop/startup-notification/startup-notification-0.12/libsn -I.. -I/ws/userland/src/components/desktop/startup-notification/startup-notification-0.12 -D_REENTRANT -D_POSIX_PTHREAD_SEMANTICS -DSN_API_NOT_YET_FROZEN=1 -m32 -m32 -O3 -mincoming-stack-boundary=2 -Wall -MT sn-internals.lo -MD -MP -MF .deps/sn-internals.Tpo -c /ws/userland/src/components/desktop/startup-notification/startup-notification-0.12/libsn/sn-internals.c  -fPIC -DPIC -o .libs/sn-internals.o
mv -f .deps/sn-internals.Tpo .deps/sn-internals.Plo
/bin/bash ../libtool --tag=CC   --mode=compile /usr/gcc/7/bin/gcc -DHAVE_CONFIG_H -I. -I/ws/userland/src/components/desktop/startup-notification/startup-notification-0.12/libsn -I.. -I/ws/userland/src/components/desktop/startup-notification/startup-notification-0.12 -D_REENTRANT -D_POSIX_PTHREAD_SEMANTICS -DSN_API_NOT_YET_FROZEN=1  -m32  -m32 -O3 -mincoming-stack-boundary=2 -Wall -MT sn-launchee.lo -MD -MP -MF .deps/sn-launchee.Tpo -c -o sn-launchee.lo /ws/userland/src/components/desktop/startup-notification/startup-notification-0.12/libsn/sn-launchee.c
libtool: compile:  /usr/gcc/7/bin/gcc -DHAVE_CONFIG_H -I. -I/ws/userland/src/components/desktop/startup-notification/startup-notification-0.12/libsn -I.. -I/ws/userland/src/components/desktop/startup-notification/startup-notification-0.12 -D_REENTRANT -D_POSIX_PTHREAD_SEMANTICS -DSN_API_NOT_YET_FROZEN=1 -m32 -m32 -O3 -mincoming-stack-boundary=2 -Wall -MT sn-launchee.lo -MD -MP -MF .deps/sn-launchee.Tpo -c /ws/userland/src/components/desktop/startup-notification/startup-notification-0.12/libsn/sn-launchee.c  -fPIC -DPIC -o .libs/sn-launchee.o
mv -f .deps/sn-launchee.Tpo .deps/sn-launchee.Plo
/bin/bash ../libtool --tag=CC   --mode=compile /usr/gcc/7/bin/gcc -DHAVE_CONFIG_H -I. -I/ws/userland/src/components/desktop/startup-notification/startup-notification-0.12/libsn -I.. -I/ws/userland/src/components/desktop/startup-notification/startup-notification-0.12 -D_REENTRANT -D_POSIX_PTHREAD_SEMANTICS -DSN_API_NOT_YET_FROZEN=1  -m32  -m32 -O3 -mincoming-stack-boundary=2 -Wall -MT sn-launcher.lo -MD -MP -MF .deps/sn-launcher.Tpo -c -o sn-launcher.lo /ws/userland/src/components/desktop/startup-notification/startup-notification-0.12/libsn/sn-launcher.c
libtool: compile:  /usr/gcc/7/bin/gcc -DHAVE_CONFIG_H -I. -I/ws/userland/src/components/desktop/startup-notification/startup-notification-0.12/libsn -I.. -I/ws/userland/src/components/desktop/startup-notification/startup-notification-0.12 -D_REENTRANT -D_POSIX_PTHREAD_SEMANTICS -DSN_API_NOT_YET_FROZEN=1 -m32 -m32 -O3 -mincoming-stack-boundary=2 -Wall -MT sn-launcher.lo -MD -MP -MF .deps/sn-launcher.Tpo -c /ws/userland/src/components/desktop/startup-notification/startup-notification-0.12/libsn/sn-launcher.c  -fPIC -DPIC -o .libs/sn-launcher.o
mv -f .deps/sn-launcher.Tpo .deps/sn-launcher.Plo
/bin/bash ../libtool --tag=CC   --mode=compile /usr/gcc/7/bin/gcc -DHAVE_CONFIG_H -I. -I/ws/userland/src/components/desktop/startup-notification/startup-notification-0.12/libsn -I.. -I/ws/userland/src/components/desktop/startup-notification/startup-notification-0.12 -D_REENTRANT -D_POSIX_PTHREAD_SEMANTICS -DSN_API_NOT_YET_FROZEN=1  -m32  -m32 -O3 -mincoming-stack-boundary=2 -Wall -MT sn-list.lo -MD -MP -MF .deps/sn-list.Tpo -c -o sn-list.lo /ws/userland/src/components/desktop/startup-notification/startup-notification-0.12/libsn/sn-list.c
libtool: compile:  /usr/gcc/7/bin/gcc -DHAVE_CONFIG_H -I. -I/ws/userland/src/components/desktop/startup-notification/startup-notification-0.12/libsn -I.. -I/ws/userland/src/components/desktop/startup-notification/startup-notification-0.12 -D_REENTRANT -D_POSIX_PTHREAD_SEMANTICS -DSN_API_NOT_YET_FROZEN=1 -m32 -m32 -O3 -mincoming-stack-boundary=2 -Wall -MT sn-list.lo -MD -MP -MF .deps/sn-list.Tpo -c /ws/userland/src/components/desktop/startup-notification/startup-notification-0.12/libsn/sn-list.c  -fPIC -DPIC -o .libs/sn-list.o
mv -f .deps/sn-list.Tpo .deps/sn-list.Plo
/bin/bash ../libtool --tag=CC   --mode=compile /usr/gcc/7/bin/gcc -DHAVE_CONFIG_H -I. -I/ws/userland/src/components/desktop/startup-notification/startup-notification-0.12/libsn -I.. -I/ws/userland/src/components/desktop/startup-notification/startup-notification-0.12 -D_REENTRANT -D_POSIX_PTHREAD_SEMANTICS -DSN_API_NOT_YET_FROZEN=1  -m32  -m32 -O3 -mincoming-stack-boundary=2 -Wall -MT sn-monitor.lo -MD -MP -MF .deps/sn-monitor.Tpo -c -o sn-monitor.lo /ws/userland/src/components/desktop/startup-notification/startup-notification-0.12/libsn/sn-monitor.c
libtool: compile:  /usr/gcc/7/bin/gcc -DHAVE_CONFIG_H -I. -I/ws/userland/src/components/desktop/startup-notification/startup-notification-0.12/libsn -I.. -I/ws/userland/src/components/desktop/startup-notification/startup-notification-0.12 -D_REENTRANT -D_POSIX_PTHREAD_SEMANTICS -DSN_API_NOT_YET_FROZEN=1 -m32 -m32 -O3 -mincoming-stack-boundary=2 -Wall -MT sn-monitor.lo -MD -MP -MF .deps/sn-monitor.Tpo -c /ws/userland/src/components/desktop/startup-notification/startup-notification-0.12/libsn/sn-monitor.c  -fPIC -DPIC -o .libs/sn-monitor.o
mv -f .deps/sn-monitor.Tpo .deps/sn-monitor.Plo
/bin/bash ../libtool --tag=CC   --mode=compile /usr/gcc/7/bin/gcc -DHAVE_CONFIG_H -I. -I/ws/userland/src/components/desktop/startup-notification/startup-notification-0.12/libsn -I.. -I/ws/userland/src/components/desktop/startup-notification/startup-notification-0.12 -D_REENTRANT -D_POSIX_PTHREAD_SEMANTICS -DSN_API_NOT_YET_FROZEN=1  -m32  -m32 -O3 -mincoming-stack-boundary=2 -Wall -MT sn-util.lo -MD -MP -MF .deps/sn-util.Tpo -c -o sn-util.lo /ws/userland/src/components/desktop/startup-notification/startup-notification-0.12/libsn/sn-util.c
libtool: compile:  /usr/gcc/7/bin/gcc -DHAVE_CONFIG_H -I. -I/ws/userland/src/components/desktop/startup-notification/startup-notification-0.12/libsn -I.. -I/ws/userland/src/components/desktop/startup-notification/startup-notification-0.12 -D_REENTRANT -D_POSIX_PTHREAD_SEMANTICS -DSN_API_NOT_YET_FROZEN=1 -m32 -m32 -O3 -mincoming-stack-boundary=2 -Wall -MT sn-util.lo -MD -MP -MF .deps/sn-util.Tpo -c /ws/userland/src/components/desktop/startup-notification/startup-notification-0.12/libsn/sn-util.c  -fPIC -DPIC -o .libs/sn-util.o
mv -f .deps/sn-util.Tpo .deps/sn-util.Plo
/bin/bash ../libtool --tag=CC   --mode=compile /usr/gcc/7/bin/gcc -DHAVE_CONFIG_H -I. -I/ws/userland/src/components/desktop/startup-notification/startup-notification-0.12/libsn -I.. -I/ws/userland/src/components/desktop/startup-notification/startup-notification-0.12 -D_REENTRANT -D_POSIX_PTHREAD_SEMANTICS -DSN_API_NOT_YET_FROZEN=1  -m32  -m32 -O3 -mincoming-stack-boundary=2 -Wall -MT sn-xmessages.lo -MD -MP -MF .deps/sn-xmessages.Tpo -c -o sn-xmessages.lo /ws/userland/src/components/desktop/startup-notification/startup-notification-0.12/libsn/sn-xmessages.c
libtool: compile:  /usr/gcc/7/bin/gcc -DHAVE_CONFIG_H -I. -I/ws/userland/src/components/desktop/startup-notification/startup-notification-0.12/libsn -I.. -I/ws/userland/src/components/desktop/startup-notification/startup-notification-0.12 -D_REENTRANT -D_POSIX_PTHREAD_SEMANTICS -DSN_API_NOT_YET_FROZEN=1 -m32 -m32 -O3 -mincoming-stack-boundary=2 -Wall -MT sn-xmessages.lo -MD -MP -MF .deps/sn-xmessages.Tpo -c /ws/userland/src/components/desktop/startup-notification/startup-notification-0.12/libsn/sn-xmessages.c  -fPIC -DPIC -o .libs/sn-xmessages.o
mv -f .deps/sn-xmessages.Tpo .deps/sn-xmessages.Plo
/bin/bash ../libtool --tag=CC   --mode=compile /usr/gcc/7/bin/gcc -DHAVE_CONFIG_H -I. -I/ws/userland/src/components/desktop/startup-notification/startup-notification-0.12/libsn -I.. -I/ws/userland/src/components/desktop/startup-notification/startup-notification-0.12 -D_REENTRANT -D_POSIX_PTHREAD_SEMANTICS -DSN_API_NOT_YET_FROZEN=1  -m32  -m32 -O3 -mincoming-stack-boundary=2 -Wall -MT sn-xutils.lo -MD -MP -MF .deps/sn-xutils.Tpo -c -o sn-xutils.lo /ws/userland/src/components/desktop/startup-notification/startup-notification-0.12/libsn/sn-xutils.c
libtool: compile:  /usr/gcc/7/bin/gcc -DHAVE_CONFIG_H -I. -I/ws/userland/src/components/desktop/startup-notification/startup-notification-0.12/libsn -I.. -I/ws/userland/src/components/desktop/startup-notification/startup-notification-0.12 -D_REENTRANT -D_POSIX_PTHREAD_SEMANTICS -DSN_API_NOT_YET_FROZEN=1 -m32 -m32 -O3 -mincoming-stack-boundary=2 -Wall -MT sn-xutils.lo -MD -MP -MF .deps/sn-xutils.Tpo -c /ws/userland/src/components/desktop/startup-notification/startup-notification-0.12/libsn/sn-xutils.c  -fPIC -DPIC -o .libs/sn-xutils.o
mv -f .deps/sn-xutils.Tpo .deps/sn-xutils.Plo
/bin/bash ../libtool --tag=CC   --mode=link /usr/gcc/7/bin/gcc  -m32 -O3 -mincoming-stack-boundary=2 -Wall -no-undefined  -o libstartup-notification-1.la -rpath /usr/lib sn-common.lo sn-internals.lo sn-launchee.lo sn-launcher.lo sn-list.lo sn-monitor.lo sn-util.lo sn-xmessages.lo sn-xutils.lo -lxcb -lxcb-util -lxcb -lX11-xcb -lX11 -lxcb 
libtool: link: /usr/gcc/7/bin/gcc -shared  -fPIC -DPIC -Wl,-z -Wl,text -Wl,-h -Wl,libstartup-notification-1.so.0 -o .libs/libstartup-notification-1.so.0.0.0  .libs/sn-common.o .libs/sn-internals.o .libs/sn-launchee.o .libs/sn-launcher.o .libs/sn-list.o .libs/sn-monitor.o .libs/sn-util.o .libs/sn-xmessages.o .libs/sn-xutils.o   -lxcb-util -lX11-xcb -lX11 -lxcb  -m32 -O3 -mincoming-stack-boundary=2  
libtool: link: (cd ".libs" && rm -f "libstartup-notification-1.so.0" && ln -s "libstartup-notification-1.so.0.0.0" "libstartup-notification-1.so.0")
libtool: link: (cd ".libs" && rm -f "libstartup-notification-1.so" && ln -s "libstartup-notification-1.so.0.0.0" "libstartup-notification-1.so")
libtool: link: ( cd ".libs" && rm -f "libstartup-notification-1.la" && ln -s "../libstartup-notification-1.la" "libstartup-notification-1.la" )
make[3]: Leaving directory '/ws/userland/src/components/desktop/startup-notification/build/i86/libsn'
Making all in test
make[3]: Entering directory '/ws/userland/src/components/desktop/startup-notification/build/i86/test'
make[3]: Nothing to be done for 'all'.
make[3]: Leaving directory '/ws/userland/src/components/desktop/startup-notification/build/i86/test'
Making all in doc
make[3]: Entering directory '/ws/userland/src/components/desktop/startup-notification/build/i86/doc'
make[3]: Nothing to be done for 'all'.
make[3]: Leaving directory '/ws/userland/src/components/desktop/startup-notification/build/i86/doc'
make[3]: Entering directory '/ws/userland/src/components/desktop/startup-notification/build/i86'
make[3]: Leaving directory '/ws/userland/src/components/desktop/startup-notification/build/i86'
make[2]: Leaving directory '/ws/userland/src/components/desktop/startup-notification/build/i86'
make[1]: Leaving directory '/ws/userland/src/components/desktop/startup-notification/build/i86'
/usr/bin/touch /ws/userland/src/components/desktop/startup-notification/build/i86/.built
(/bin/rm -f -rf /ws/userland/src/components/desktop/startup-notification/build/amd64 ; /bin/mkdir -p /ws/userland/src/components/desktop/startup-notification/build/amd64)
(cd /ws/userland/src/components/desktop/startup-notification/build/amd64 ; /usr/bin/env CONFIG_SHELL="/bin/bash" PKG_CONFIG_PATH="/usr/lib/amd64/pkgconfig" CC="/usr/gcc/7/bin/gcc" CXX="/usr/gcc/7/bin/g++" PATH="/usr/bin/amd64:/usr/bin:/usr/gnu/bin" CC_FOR_BUILD="/usr/gcc/7/bin/gcc -m64" CXX_FOR_BUILD="/usr/gcc/7/bin/g++ -m64" CPPFLAGS="-m64" "ac_cv_func_realloc_0_nonnull=yes" "NM=/usr/gnu/bin/nm" INTLTOOL_PERL="/usr/perl5/5.22/bin/perl" CFLAGS="-m64 -O3" CXXFLAGS="-m64 -O3" LDFLAGS="" /bin/bash \
	/ws/userland/src/components/desktop/startup-notification/startup-notification-0.12/configure --prefix=/usr --mandir=/usr/share/man --bindir=/usr/bin/amd64 --sbindir=/usr/sbin/amd64 --libdir=/usr/lib/amd64    --enable-static=no --with-x)
checking for a BSD-compatible install... /usr/bin/ginstall -c
checking whether build environment is sane... yes
checking for a thread-safe mkdir -p... /usr/bin/gmkdir -p
checking for gawk... gawk
checking whether make sets $(MAKE)... yes
checking whether to enable maintainer-specific portions of Makefiles... no
checking for gcc... /usr/gcc/7/bin/gcc
checking whether the C compiler works... yes
checking for C compiler default output file name... a.out
checking for suffix of executables... 
checking whether we are cross compiling... no
checking for suffix of object files... o
checking whether we are using the GNU C compiler... yes
checking whether /usr/gcc/7/bin/gcc accepts -g... yes
checking for /usr/gcc/7/bin/gcc option to accept ISO C89... none needed
checking for style of include used by make... GNU
checking dependency style of /usr/gcc/7/bin/gcc... gcc3
checking for library containing strerror... none required
checking how to run the C preprocessor... /usr/gcc/7/bin/gcc -E
checking for grep that handles long lines and -e... /usr/bin/ggrep
checking for egrep... /usr/bin/ggrep -E
checking for ANSI C header files... yes
checking build system type... x86_64-pc-solaris2.11
checking host system type... x86_64-pc-solaris2.11
checking how to print strings... print -r
checking for a sed that does not truncate output... /usr/bin/gsed
checking for fgrep... /usr/bin/ggrep -F
checking for ld used by /usr/gcc/7/bin/gcc... /usr/bin/ld
checking if the linker (/usr/bin/ld) is GNU ld... no
checking for BSD- or MS-compatible name lister (nm)... /usr/gnu/bin/nm
checking the name lister (/usr/gnu/bin/nm) interface... BSD nm
checking whether ln -s works... yes
checking the maximum length of command line arguments... 1572480
checking whether the shell understands some XSI constructs... yes
checking whether the shell understands "+="... yes
checking how to convert x86_64-pc-solaris2.11 file names to x86_64-pc-solaris2.11 format... func_convert_file_noop
checking how to convert x86_64-pc-solaris2.11 file names to toolchain format... func_convert_file_noop
checking for /usr/bin/ld option to reload object files... -r
checking for objdump... objdump
checking how to recognize dependent libraries... pass_all
checking for dlltool... dlltool
checking how to associate runtime and link libraries... print -r --
checking for ar... ar
checking for archiver @FILE support... no
checking for strip... strip
checking for ranlib... ranlib
checking command to parse /usr/gnu/bin/nm output from /usr/gcc/7/bin/gcc object... ok
checking for sysroot... no
checking for mt... mt
checking if mt is a manifest tool... no
checking for sys/types.h... yes
checking for sys/stat.h... yes
checking for stdlib.h... yes
checking for string.h... yes
checking for memory.h... yes
checking for strings.h... yes
checking for inttypes.h... yes
checking for stdint.h... yes
checking for unistd.h... yes
checking for dlfcn.h... yes
checking for objdir... .libs
checking if /usr/gcc/7/bin/gcc supports -fno-rtti -fno-exceptions... no
checking for /usr/gcc/7/bin/gcc option to produce PIC... -fPIC -DPIC
checking if /usr/gcc/7/bin/gcc PIC flag -fPIC -DPIC works... yes
checking if /usr/gcc/7/bin/gcc static flag -static works... no
checking if /usr/gcc/7/bin/gcc supports -c -o file.o... yes
checking if /usr/gcc/7/bin/gcc supports -c -o file.o... (cached) yes
checking whether the /usr/gcc/7/bin/gcc linker (/usr/bin/ld) supports shared libraries... yes
checking whether -lc should be explicitly linked in... no
checking dynamic linker characteristics... solaris2.11 ld.so
checking how to hardcode library paths into programs... immediate
checking whether stripping libraries is possible... no
checking if libtool supports shared libraries... yes
checking whether to build shared libraries... yes
checking whether to build static libraries... no
checking for X... libraries , headers 
checking for gethostbyname... yes
checking for connect... yes
checking for remove... yes
checking for shmat... yes
checking for IceConnectionNumber in -lICE... yes
checking if malloc() and friends prototypes are sn-util.h compatible... no
checking whether realloc (NULL,) will work... yes
checking execinfo.h usability... yes
checking execinfo.h presence... yes
checking for execinfo.h... yes
checking for backtrace... yes
checking for pkg-config... /usr/bin/pkg-config
checking pkg-config is at least version 0.9.0... yes
checking for xcb... yes
checking for xcb_aux... yes
checking for xcb_event... yes
checking for x11_xcb... yes
configure: creating ./config.status
config.status: creating Makefile
config.status: creating libsn/Makefile
config.status: creating test/Makefile
config.status: creating doc/Makefile
config.status: creating libstartup-notification-1.0.pc
config.status: creating config.h
config.status: executing depfiles commands
config.status: executing libtool commands
/usr/bin/touch /ws/userland/src/components/desktop/startup-notification/build/amd64/.configured
(cd /ws/userland/src/components/desktop/startup-notification/build/amd64 ; /usr/bin/env LD_OPTIONS="-M /usr/lib/ld/map.noexdata -M /usr/lib/ld/map.pagealign -Bdirect -zignore -zstrip-class=comment" LD_EXEC_OPTIONS=" -zsx=aslr=enable -zsx=nxstack=enable -zsx=nxheap=enable " LD_PIE_OPTIONS="-zsx=aslr=enable -zsx=nxstack=enable -zsx=nxheap=enable "  PKG_CONFIG_PATH="/usr/lib/amd64/pkgconfig" "ac_cv_func_realloc_0_nonnull=yes" INTLTOOL_PERL="/usr/perl5/5.22/bin/perl" \
	/usr/gnu/bin/make  )
make[1]: Entering directory '/ws/userland/src/components/desktop/startup-notification/build/amd64'
/usr/gnu/bin/make  all-recursive
make[2]: Entering directory '/ws/userland/src/components/desktop/startup-notification/build/amd64'
Making all in libsn
make[3]: Entering directory '/ws/userland/src/components/desktop/startup-notification/build/amd64/libsn'
/bin/bash ../libtool --tag=CC   --mode=compile /usr/gcc/7/bin/gcc -DHAVE_CONFIG_H -I. -I/ws/userland/src/components/desktop/startup-notification/startup-notification-0.12/libsn -I.. -I/ws/userland/src/components/desktop/startup-notification/startup-notification-0.12 -D_REENTRANT -D_POSIX_PTHREAD_SEMANTICS -DSN_API_NOT_YET_FROZEN=1  -m64  -m64 -O3 -Wall -MT sn-common.lo -MD -MP -MF .deps/sn-common.Tpo -c -o sn-common.lo /ws/userland/src/components/desktop/startup-notification/startup-notification-0.12/libsn/sn-common.c
libtool: compile:  /usr/gcc/7/bin/gcc -DHAVE_CONFIG_H -I. -I/ws/userland/src/components/desktop/startup-notification/startup-notification-0.12/libsn -I.. -I/ws/userland/src/components/desktop/startup-notification/startup-notification-0.12 -D_REENTRANT -D_POSIX_PTHREAD_SEMANTICS -DSN_API_NOT_YET_FROZEN=1 -m64 -m64 -O3 -Wall -MT sn-common.lo -MD -MP -MF .deps/sn-common.Tpo -c /ws/userland/src/components/desktop/startup-notification/startup-notification-0.12/libsn/sn-common.c  -fPIC -DPIC -o .libs/sn-common.o
mv -f .deps/sn-common.Tpo .deps/sn-common.Plo
/bin/bash ../libtool --tag=CC   --mode=compile /usr/gcc/7/bin/gcc -DHAVE_CONFIG_H -I. -I/ws/userland/src/components/desktop/startup-notification/startup-notification-0.12/libsn -I.. -I/ws/userland/src/components/desktop/startup-notification/startup-notification-0.12 -D_REENTRANT -D_POSIX_PTHREAD_SEMANTICS -DSN_API_NOT_YET_FROZEN=1  -m64  -m64 -O3 -Wall -MT sn-internals.lo -MD -MP -MF .deps/sn-internals.Tpo -c -o sn-internals.lo /ws/userland/src/components/desktop/startup-notification/startup-notification-0.12/libsn/sn-internals.c
libtool: compile:  /usr/gcc/7/bin/gcc -DHAVE_CONFIG_H -I. -I/ws/userland/src/components/desktop/startup-notification/startup-notification-0.12/libsn -I.. -I/ws/userland/src/components/desktop/startup-notification/startup-notification-0.12 -D_REENTRANT -D_POSIX_PTHREAD_SEMANTICS -DSN_API_NOT_YET_FROZEN=1 -m64 -m64 -O3 -Wall -MT sn-internals.lo -MD -MP -MF .deps/sn-internals.Tpo -c /ws/userland/src/components/desktop/startup-notification/startup-notification-0.12/libsn/sn-internals.c  -fPIC -DPIC -o .libs/sn-internals.o
mv -f .deps/sn-internals.Tpo .deps/sn-internals.Plo
/bin/bash ../libtool --tag=CC   --mode=compile /usr/gcc/7/bin/gcc -DHAVE_CONFIG_H -I. -I/ws/userland/src/components/desktop/startup-notification/startup-notification-0.12/libsn -I.. -I/ws/userland/src/components/desktop/startup-notification/startup-notification-0.12 -D_REENTRANT -D_POSIX_PTHREAD_SEMANTICS -DSN_API_NOT_YET_FROZEN=1  -m64  -m64 -O3 -Wall -MT sn-launchee.lo -MD -MP -MF .deps/sn-launchee.Tpo -c -o sn-launchee.lo /ws/userland/src/components/desktop/startup-notification/startup-notification-0.12/libsn/sn-launchee.c
libtool: compile:  /usr/gcc/7/bin/gcc -DHAVE_CONFIG_H -I. -I/ws/userland/src/components/desktop/startup-notification/startup-notification-0.12/libsn -I.. -I/ws/userland/src/components/desktop/startup-notification/startup-notification-0.12 -D_REENTRANT -D_POSIX_PTHREAD_SEMANTICS -DSN_API_NOT_YET_FROZEN=1 -m64 -m64 -O3 -Wall -MT sn-launchee.lo -MD -MP -MF .deps/sn-launchee.Tpo -c /ws/userland/src/components/desktop/startup-notification/startup-notification-0.12/libsn/sn-launchee.c  -fPIC -DPIC -o .libs/sn-launchee.o
mv -f .deps/sn-launchee.Tpo .deps/sn-launchee.Plo
/bin/bash ../libtool --tag=CC   --mode=compile /usr/gcc/7/bin/gcc -DHAVE_CONFIG_H -I. -I/ws/userland/src/components/desktop/startup-notification/startup-notification-0.12/libsn -I.. -I/ws/userland/src/components/desktop/startup-notification/startup-notification-0.12 -D_REENTRANT -D_POSIX_PTHREAD_SEMANTICS -DSN_API_NOT_YET_FROZEN=1  -m64  -m64 -O3 -Wall -MT sn-launcher.lo -MD -MP -MF .deps/sn-launcher.Tpo -c -o sn-launcher.lo /ws/userland/src/components/desktop/startup-notification/startup-notification-0.12/libsn/sn-launcher.c
libtool: compile:  /usr/gcc/7/bin/gcc -DHAVE_CONFIG_H -I. -I/ws/userland/src/components/desktop/startup-notification/startup-notification-0.12/libsn -I.. -I/ws/userland/src/components/desktop/startup-notification/startup-notification-0.12 -D_REENTRANT -D_POSIX_PTHREAD_SEMANTICS -DSN_API_NOT_YET_FROZEN=1 -m64 -m64 -O3 -Wall -MT sn-launcher.lo -MD -MP -MF .deps/sn-launcher.Tpo -c /ws/userland/src/components/desktop/startup-notification/startup-notification-0.12/libsn/sn-launcher.c  -fPIC -DPIC -o .libs/sn-launcher.o
mv -f .deps/sn-launcher.Tpo .deps/sn-launcher.Plo
/bin/bash ../libtool --tag=CC   --mode=compile /usr/gcc/7/bin/gcc -DHAVE_CONFIG_H -I. -I/ws/userland/src/components/desktop/startup-notification/startup-notification-0.12/libsn -I.. -I/ws/userland/src/components/desktop/startup-notification/startup-notification-0.12 -D_REENTRANT -D_POSIX_PTHREAD_SEMANTICS -DSN_API_NOT_YET_FROZEN=1  -m64  -m64 -O3 -Wall -MT sn-list.lo -MD -MP -MF .deps/sn-list.Tpo -c -o sn-list.lo /ws/userland/src/components/desktop/startup-notification/startup-notification-0.12/libsn/sn-list.c
libtool: compile:  /usr/gcc/7/bin/gcc -DHAVE_CONFIG_H -I. -I/ws/userland/src/components/desktop/startup-notification/startup-notification-0.12/libsn -I.. -I/ws/userland/src/components/desktop/startup-notification/startup-notification-0.12 -D_REENTRANT -D_POSIX_PTHREAD_SEMANTICS -DSN_API_NOT_YET_FROZEN=1 -m64 -m64 -O3 -Wall -MT sn-list.lo -MD -MP -MF .deps/sn-list.Tpo -c /ws/userland/src/components/desktop/startup-notification/startup-notification-0.12/libsn/sn-list.c  -fPIC -DPIC -o .libs/sn-list.o
mv -f .deps/sn-list.Tpo .deps/sn-list.Plo
/bin/bash ../libtool --tag=CC   --mode=compile /usr/gcc/7/bin/gcc -DHAVE_CONFIG_H -I. -I/ws/userland/src/components/desktop/startup-notification/startup-notification-0.12/libsn -I.. -I/ws/userland/src/components/desktop/startup-notification/startup-notification-0.12 -D_REENTRANT -D_POSIX_PTHREAD_SEMANTICS -DSN_API_NOT_YET_FROZEN=1  -m64  -m64 -O3 -Wall -MT sn-monitor.lo -MD -MP -MF .deps/sn-monitor.Tpo -c -o sn-monitor.lo /ws/userland/src/components/desktop/startup-notification/startup-notification-0.12/libsn/sn-monitor.c
libtool: compile:  /usr/gcc/7/bin/gcc -DHAVE_CONFIG_H -I. -I/ws/userland/src/components/desktop/startup-notification/startup-notification-0.12/libsn -I.. -I/ws/userland/src/components/desktop/startup-notification/startup-notification-0.12 -D_REENTRANT -D_POSIX_PTHREAD_SEMANTICS -DSN_API_NOT_YET_FROZEN=1 -m64 -m64 -O3 -Wall -MT sn-monitor.lo -MD -MP -MF .deps/sn-monitor.Tpo -c /ws/userland/src/components/desktop/startup-notification/startup-notification-0.12/libsn/sn-monitor.c  -fPIC -DPIC -o .libs/sn-monitor.o
mv -f .deps/sn-monitor.Tpo .deps/sn-monitor.Plo
/bin/bash ../libtool --tag=CC   --mode=compile /usr/gcc/7/bin/gcc -DHAVE_CONFIG_H -I. -I/ws/userland/src/components/desktop/startup-notification/startup-notification-0.12/libsn -I.. -I/ws/userland/src/components/desktop/startup-notification/startup-notification-0.12 -D_REENTRANT -D_POSIX_PTHREAD_SEMANTICS -DSN_API_NOT_YET_FROZEN=1  -m64  -m64 -O3 -Wall -MT sn-util.lo -MD -MP -MF .deps/sn-util.Tpo -c -o sn-util.lo /ws/userland/src/components/desktop/startup-notification/startup-notification-0.12/libsn/sn-util.c
libtool: compile:  /usr/gcc/7/bin/gcc -DHAVE_CONFIG_H -I. -I/ws/userland/src/components/desktop/startup-notification/startup-notification-0.12/libsn -I.. -I/ws/userland/src/components/desktop/startup-notification/startup-notification-0.12 -D_REENTRANT -D_POSIX_PTHREAD_SEMANTICS -DSN_API_NOT_YET_FROZEN=1 -m64 -m64 -O3 -Wall -MT sn-util.lo -MD -MP -MF .deps/sn-util.Tpo -c /ws/userland/src/components/desktop/startup-notification/startup-notification-0.12/libsn/sn-util.c  -fPIC -DPIC -o .libs/sn-util.o
mv -f .deps/sn-util.Tpo .deps/sn-util.Plo
/bin/bash ../libtool --tag=CC   --mode=compile /usr/gcc/7/bin/gcc -DHAVE_CONFIG_H -I. -I/ws/userland/src/components/desktop/startup-notification/startup-notification-0.12/libsn -I.. -I/ws/userland/src/components/desktop/startup-notification/startup-notification-0.12 -D_REENTRANT -D_POSIX_PTHREAD_SEMANTICS -DSN_API_NOT_YET_FROZEN=1  -m64  -m64 -O3 -Wall -MT sn-xmessages.lo -MD -MP -MF .deps/sn-xmessages.Tpo -c -o sn-xmessages.lo /ws/userland/src/components/desktop/startup-notification/startup-notification-0.12/libsn/sn-xmessages.c
libtool: compile:  /usr/gcc/7/bin/gcc -DHAVE_CONFIG_H -I. -I/ws/userland/src/components/desktop/startup-notification/startup-notification-0.12/libsn -I.. -I/ws/userland/src/components/desktop/startup-notification/startup-notification-0.12 -D_REENTRANT -D_POSIX_PTHREAD_SEMANTICS -DSN_API_NOT_YET_FROZEN=1 -m64 -m64 -O3 -Wall -MT sn-xmessages.lo -MD -MP -MF .deps/sn-xmessages.Tpo -c /ws/userland/src/components/desktop/startup-notification/startup-notification-0.12/libsn/sn-xmessages.c  -fPIC -DPIC -o .libs/sn-xmessages.o
mv -f .deps/sn-xmessages.Tpo .deps/sn-xmessages.Plo
/bin/bash ../libtool --tag=CC   --mode=compile /usr/gcc/7/bin/gcc -DHAVE_CONFIG_H -I. -I/ws/userland/src/components/desktop/startup-notification/startup-notification-0.12/libsn -I.. -I/ws/userland/src/components/desktop/startup-notification/startup-notification-0.12 -D_REENTRANT -D_POSIX_PTHREAD_SEMANTICS -DSN_API_NOT_YET_FROZEN=1  -m64  -m64 -O3 -Wall -MT sn-xutils.lo -MD -MP -MF .deps/sn-xutils.Tpo -c -o sn-xutils.lo /ws/userland/src/components/desktop/startup-notification/startup-notification-0.12/libsn/sn-xutils.c
libtool: compile:  /usr/gcc/7/bin/gcc -DHAVE_CONFIG_H -I. -I/ws/userland/src/components/desktop/startup-notification/startup-notification-0.12/libsn -I.. -I/ws/userland/src/components/desktop/startup-notification/startup-notification-0.12 -D_REENTRANT -D_POSIX_PTHREAD_SEMANTICS -DSN_API_NOT_YET_FROZEN=1 -m64 -m64 -O3 -Wall -MT sn-xutils.lo -MD -MP -MF .deps/sn-xutils.Tpo -c /ws/userland/src/components/desktop/startup-notification/startup-notification-0.12/libsn/sn-xutils.c  -fPIC -DPIC -o .libs/sn-xutils.o
mv -f .deps/sn-xutils.Tpo .deps/sn-xutils.Plo
/bin/bash ../libtool --tag=CC   --mode=link /usr/gcc/7/bin/gcc  -m64 -O3 -Wall -no-undefined  -o libstartup-notification-1.la -rpath /usr/lib/amd64 sn-common.lo sn-internals.lo sn-launchee.lo sn-launcher.lo sn-list.lo sn-monitor.lo sn-util.lo sn-xmessages.lo sn-xutils.lo -lxcb -lxcb-util -lxcb -lX11-xcb -lX11 -lxcb 
libtool: link: /usr/gcc/7/bin/gcc -shared  -fPIC -DPIC -Wl,-z -Wl,text -Wl,-h -Wl,libstartup-notification-1.so.0 -o .libs/libstartup-notification-1.so.0.0.0  .libs/sn-common.o .libs/sn-internals.o .libs/sn-launchee.o .libs/sn-launcher.o .libs/sn-list.o .libs/sn-monitor.o .libs/sn-util.o .libs/sn-xmessages.o .libs/sn-xutils.o   -lxcb-util -lX11-xcb -lX11 -lxcb  -m64 -O3  
libtool: link: (cd ".libs" && rm -f "libstartup-notification-1.so.0" && ln -s "libstartup-notification-1.so.0.0.0" "libstartup-notification-1.so.0")
libtool: link: (cd ".libs" && rm -f "libstartup-notification-1.so" && ln -s "libstartup-notification-1.so.0.0.0" "libstartup-notification-1.so")
libtool: link: ( cd ".libs" && rm -f "libstartup-notification-1.la" && ln -s "../libstartup-notification-1.la" "libstartup-notification-1.la" )
make[3]: Leaving directory '/ws/userland/src/components/desktop/startup-notification/build/amd64/libsn'
Making all in test
make[3]: Entering directory '/ws/userland/src/components/desktop/startup-notification/build/amd64/test'
make[3]: Nothing to be done for 'all'.
make[3]: Leaving directory '/ws/userland/src/components/desktop/startup-notification/build/amd64/test'
Making all in doc
make[3]: Entering directory '/ws/userland/src/components/desktop/startup-notification/build/amd64/doc'
make[3]: Nothing to be done for 'all'.
make[3]: Leaving directory '/ws/userland/src/components/desktop/startup-notification/build/amd64/doc'
make[3]: Entering directory '/ws/userland/src/components/desktop/startup-notification/build/amd64'
make[3]: Leaving directory '/ws/userland/src/components/desktop/startup-notification/build/amd64'
make[2]: Leaving directory '/ws/userland/src/components/desktop/startup-notification/build/amd64'
make[1]: Leaving directory '/ws/userland/src/components/desktop/startup-notification/build/amd64'
/usr/bin/touch /ws/userland/src/components/desktop/startup-notification/build/amd64/.built
(cd /ws/userland/src/components/desktop/startup-notification/build/i86 ; /usr/bin/env LD_OPTIONS="-M /usr/lib/ld/map.noexdata -M /usr/lib/ld/map.pagealign -Bdirect -zignore -zstrip-class=comment" LD_EXEC_OPTIONS=" -zsx=aslr=enable -zsx=nxstack=enable -zsx=nxheap=enable " LD_PIE_OPTIONS="-zsx=aslr=enable -zsx=nxstack=enable -zsx=nxheap=enable "  /usr/gnu/bin/make \
		 DESTDIR=/ws/userland/src/components/desktop/startup-notification/build/prototype/i386 install)
make[1]: Entering directory '/ws/userland/src/components/desktop/startup-notification/build/i86'
Making install in libsn
make[2]: Entering directory '/ws/userland/src/components/desktop/startup-notification/build/i86/libsn'
make[3]: Entering directory '/ws/userland/src/components/desktop/startup-notification/build/i86/libsn'
test -z "/usr/lib" || /usr/bin/gmkdir -p "/ws/userland/src/components/desktop/startup-notification/build/prototype/i386/usr/lib"
 /bin/bash ../libtool   --mode=install /usr/bin/ginstall -c   libstartup-notification-1.la '/ws/userland/src/components/desktop/startup-notification/build/prototype/i386/usr/lib'
libtool: install: /usr/bin/ginstall -c .libs/libstartup-notification-1.so.0.0.0 /ws/userland/src/components/desktop/startup-notification/build/prototype/i386/usr/lib/libstartup-notification-1.so.0.0.0
libtool: install: (cd /ws/userland/src/components/desktop/startup-notification/build/prototype/i386/usr/lib && { ln -s -f libstartup-notification-1.so.0.0.0 libstartup-notification-1.so.0 || { rm -f libstartup-notification-1.so.0 && ln -s libstartup-notification-1.so.0.0.0 libstartup-notification-1.so.0; }; })
libtool: install: (cd /ws/userland/src/components/desktop/startup-notification/build/prototype/i386/usr/lib && { ln -s -f libstartup-notification-1.so.0.0.0 libstartup-notification-1.so || { rm -f libstartup-notification-1.so && ln -s libstartup-notification-1.so.0.0.0 libstartup-notification-1.so; }; })
libtool: install: chmod +x /ws/userland/src/components/desktop/startup-notification/build/prototype/i386/usr/lib/libstartup-notification-1.so.0.0.0
libtool: install: /usr/bin/ginstall -c .libs/libstartup-notification-1.lai /ws/userland/src/components/desktop/startup-notification/build/prototype/i386/usr/lib/libstartup-notification-1.la
libtool: install: warning: remember to run `libtool --finish /usr/lib'
test -z "/usr/include/startup-notification-1.0/libsn" || /usr/bin/gmkdir -p "/ws/userland/src/components/desktop/startup-notification/build/prototype/i386/usr/include/startup-notification-1.0/libsn"
 /usr/bin/ginstall -c -m 644 /ws/userland/src/components/desktop/startup-notification/startup-notification-0.12/libsn/sn.h /ws/userland/src/components/desktop/startup-notification/startup-notification-0.12/libsn/sn-common.h /ws/userland/src/components/desktop/startup-notification/startup-notification-0.12/libsn/sn-launchee.h /ws/userland/src/components/desktop/startup-notification/startup-notification-0.12/libsn/sn-launcher.h /ws/userland/src/components/desktop/startup-notification/startup-notification-0.12/libsn/sn-monitor.h /ws/userland/src/components/desktop/startup-notification/startup-notification-0.12/libsn/sn-util.h '/ws/userland/src/components/desktop/startup-notification/build/prototype/i386/usr/include/startup-notification-1.0/libsn'
make[3]: Leaving directory '/ws/userland/src/components/desktop/startup-notification/build/i86/libsn'
make[2]: Leaving directory '/ws/userland/src/components/desktop/startup-notification/build/i86/libsn'
Making install in test
make[2]: Entering directory '/ws/userland/src/components/desktop/startup-notification/build/i86/test'
make[3]: Entering directory '/ws/userland/src/components/desktop/startup-notification/build/i86/test'
make[3]: Nothing to be done for 'install-exec-am'.
make[3]: Nothing to be done for 'install-data-am'.
make[3]: Leaving directory '/ws/userland/src/components/desktop/startup-notification/build/i86/test'
make[2]: Leaving directory '/ws/userland/src/components/desktop/startup-notification/build/i86/test'
Making install in doc
make[2]: Entering directory '/ws/userland/src/components/desktop/startup-notification/build/i86/doc'
make[3]: Entering directory '/ws/userland/src/components/desktop/startup-notification/build/i86/doc'
make[3]: Nothing to be done for 'install-exec-am'.
make[3]: Nothing to be done for 'install-data-am'.
make[3]: Leaving directory '/ws/userland/src/components/desktop/startup-notification/build/i86/doc'
make[2]: Leaving directory '/ws/userland/src/components/desktop/startup-notification/build/i86/doc'
make[2]: Entering directory '/ws/userland/src/components/desktop/startup-notification/build/i86'
make[3]: Entering directory '/ws/userland/src/components/desktop/startup-notification/build/i86'
make[3]: Nothing to be done for 'install-exec-am'.
test -z "/usr/lib/pkgconfig" || /usr/bin/gmkdir -p "/ws/userland/src/components/desktop/startup-notification/build/prototype/i386/usr/lib/pkgconfig"
 /usr/bin/ginstall -c -m 644 libstartup-notification-1.0.pc '/ws/userland/src/components/desktop/startup-notification/build/prototype/i386/usr/lib/pkgconfig'
make[3]: Leaving directory '/ws/userland/src/components/desktop/startup-notification/build/i86'
make[2]: Leaving directory '/ws/userland/src/components/desktop/startup-notification/build/i86'
make[1]: Leaving directory '/ws/userland/src/components/desktop/startup-notification/build/i86'
/usr/bin/touch /ws/userland/src/components/desktop/startup-notification/build/i86/.installed
(cd /ws/userland/src/components/desktop/startup-notification/build/amd64 ; /usr/bin/env LD_OPTIONS="-M /usr/lib/ld/map.noexdata -M /usr/lib/ld/map.pagealign -Bdirect -zignore -zstrip-class=comment" LD_EXEC_OPTIONS=" -zsx=aslr=enable -zsx=nxstack=enable -zsx=nxheap=enable " LD_PIE_OPTIONS="-zsx=aslr=enable -zsx=nxstack=enable -zsx=nxheap=enable "  /usr/gnu/bin/make \
		 DESTDIR=/ws/userland/src/components/desktop/startup-notification/build/prototype/i386 install)
make[1]: Entering directory '/ws/userland/src/components/desktop/startup-notification/build/amd64'
Making install in libsn
make[2]: Entering directory '/ws/userland/src/components/desktop/startup-notification/build/amd64/libsn'
make[3]: Entering directory '/ws/userland/src/components/desktop/startup-notification/build/amd64/libsn'
test -z "/usr/lib/amd64" || /usr/bin/gmkdir -p "/ws/userland/src/components/desktop/startup-notification/build/prototype/i386/usr/lib/amd64"
 /bin/bash ../libtool   --mode=install /usr/bin/ginstall -c   libstartup-notification-1.la '/ws/userland/src/components/desktop/startup-notification/build/prototype/i386/usr/lib/amd64'
libtool: install: /usr/bin/ginstall -c .libs/libstartup-notification-1.so.0.0.0 /ws/userland/src/components/desktop/startup-notification/build/prototype/i386/usr/lib/amd64/libstartup-notification-1.so.0.0.0
libtool: install: (cd /ws/userland/src/components/desktop/startup-notification/build/prototype/i386/usr/lib/amd64 && { ln -s -f libstartup-notification-1.so.0.0.0 libstartup-notification-1.so.0 || { rm -f libstartup-notification-1.so.0 && ln -s libstartup-notification-1.so.0.0.0 libstartup-notification-1.so.0; }; })
libtool: install: (cd /ws/userland/src/components/desktop/startup-notification/build/prototype/i386/usr/lib/amd64 && { ln -s -f libstartup-notification-1.so.0.0.0 libstartup-notification-1.so || { rm -f libstartup-notification-1.so && ln -s libstartup-notification-1.so.0.0.0 libstartup-notification-1.so; }; })
libtool: install: chmod +x /ws/userland/src/components/desktop/startup-notification/build/prototype/i386/usr/lib/amd64/libstartup-notification-1.so.0.0.0
libtool: install: /usr/bin/ginstall -c .libs/libstartup-notification-1.lai /ws/userland/src/components/desktop/startup-notification/build/prototype/i386/usr/lib/amd64/libstartup-notification-1.la
libtool: install: warning: remember to run `libtool --finish /usr/lib/amd64'
test -z "/usr/include/startup-notification-1.0/libsn" || /usr/bin/gmkdir -p "/ws/userland/src/components/desktop/startup-notification/build/prototype/i386/usr/include/startup-notification-1.0/libsn"
 /usr/bin/ginstall -c -m 644 /ws/userland/src/components/desktop/startup-notification/startup-notification-0.12/libsn/sn.h /ws/userland/src/components/desktop/startup-notification/startup-notification-0.12/libsn/sn-common.h /ws/userland/src/components/desktop/startup-notification/startup-notification-0.12/libsn/sn-launchee.h /ws/userland/src/components/desktop/startup-notification/startup-notification-0.12/libsn/sn-launcher.h /ws/userland/src/components/desktop/startup-notification/startup-notification-0.12/libsn/sn-monitor.h /ws/userland/src/components/desktop/startup-notification/startup-notification-0.12/libsn/sn-util.h '/ws/userland/src/components/desktop/startup-notification/build/prototype/i386/usr/include/startup-notification-1.0/libsn'
make[3]: Leaving directory '/ws/userland/src/components/desktop/startup-notification/build/amd64/libsn'
make[2]: Leaving directory '/ws/userland/src/components/desktop/startup-notification/build/amd64/libsn'
Making install in test
make[2]: Entering directory '/ws/userland/src/components/desktop/startup-notification/build/amd64/test'
make[3]: Entering directory '/ws/userland/src/components/desktop/startup-notification/build/amd64/test'
make[3]: Nothing to be done for 'install-exec-am'.
make[3]: Nothing to be done for 'install-data-am'.
make[3]: Leaving directory '/ws/userland/src/components/desktop/startup-notification/build/amd64/test'
make[2]: Leaving directory '/ws/userland/src/components/desktop/startup-notification/build/amd64/test'
Making install in doc
make[2]: Entering directory '/ws/userland/src/components/desktop/startup-notification/build/amd64/doc'
make[3]: Entering directory '/ws/userland/src/components/desktop/startup-notification/build/amd64/doc'
make[3]: Nothing to be done for 'install-exec-am'.
make[3]: Nothing to be done for 'install-data-am'.
make[3]: Leaving directory '/ws/userland/src/components/desktop/startup-notification/build/amd64/doc'
make[2]: Leaving directory '/ws/userland/src/components/desktop/startup-notification/build/amd64/doc'
make[2]: Entering directory '/ws/userland/src/components/desktop/startup-notification/build/amd64'
make[3]: Entering directory '/ws/userland/src/components/desktop/startup-notification/build/amd64'
make[3]: Nothing to be done for 'install-exec-am'.
test -z "/usr/lib/amd64/pkgconfig" || /usr/bin/gmkdir -p "/ws/userland/src/components/desktop/startup-notification/build/prototype/i386/usr/lib/amd64/pkgconfig"
 /usr/bin/ginstall -c -m 644 libstartup-notification-1.0.pc '/ws/userland/src/components/desktop/startup-notification/build/prototype/i386/usr/lib/amd64/pkgconfig'
make[3]: Leaving directory '/ws/userland/src/components/desktop/startup-notification/build/amd64'
make[2]: Leaving directory '/ws/userland/src/components/desktop/startup-notification/build/amd64'
make[1]: Leaving directory '/ws/userland/src/components/desktop/startup-notification/build/amd64'
/usr/bin/touch /ws/userland/src/components/desktop/startup-notification/build/amd64/.installed
abort: there is no Mercurial repository here (.hg not found)
/usr/bin/pkgfmt -c -fv2 startup-notification.p5m
/usr/bin/pkgmogrify -D PERL_ARCH=i86pc-solaris-thread-multi-64 -D PERL_VERSION=5.22 -D IPS_COMPONENT_RE_VERSION=0\\.12 -D COMPONENT_RE_VERSION=0\\.12 -D PYTHON_2.7_ONLY=# -D PYTHON_3.4_ONLY=# -D PYTHON_3.5_ONLY=# -D SQ=\' -D DQ=\" -D Q=\" -I/ws/userland/src/components/desktop/startup-notification -D SOLARIS_11_3_ONLY="#" -D SOLARIS_11_5_ONLY="#" -D SOLARIS_11_3_4_ONLY="" -D SOLARIS_11_4_5_ONLY="" -D SOLARIS_11_4_ONLY="" -D ARC_CASE="" -D TPNO="24899" -D BUILD_VERSION="5.11-11.4.0.0.1.14.0" -D OS_RELEASE="5.11" -D SOLARIS_VERSION="2.11" -D PKG_SOLARIS_VERSION="11.4" -D CONSOLIDATION="userland" -D CONSOLIDATION_CHANGESET="" -D CONSOLIDATION_REPOSITORY_URL="https://github.com/oracle/solaris-userland.git" -D COMPONENT_VERSION="0.12" -D IPS_COMPONENT_VERSION="0.12" -D HUMAN_VERSION="" -D COMPONENT_ARCHIVE_URL="http://www.freedesktop.org/software/startup-notification/releases/startup-notification-0.12.tar.gz" -D COMPONENT_PROJECT_URL="http://www.freedesktop.org/wiki/Software/startup-notification/" -D COMPONENT_NAME="startup-notification" -D HG_REPO="" -D HG_REV="" -D HG_URL="" -D GIT_COMMIT_ID="" -D GIT_REPO="" -D GIT_TAG="" -D MACH="i386" -D MACH32="i86" -D MACH64="amd64" -D PUBLISHER="nightly" -D PUBLISHER_LOCALIZABLE="userland-localizable" startup-notification.p5m \
	/ws/userland/src/transforms/license-changes /ws/userland/src/transforms/variant-cleanup /ws/userland/src/transforms/autopyc /ws/userland/src/transforms/defaults /ws/userland/src/transforms/actuators /ws/userland/src/transforms/depends /ws/userland/src/transforms/devel /ws/userland/src/transforms/docs /ws/userland/src/transforms/locale /ws/userland/src/transforms/standard-python-libraries /ws/userland/src/transforms/python-rename /ws/userland/src/transforms/python-3-groups /ws/userland/src/transforms/python-3-soabi /ws/userland/src/transforms/python-3-no-32bit /ws/userland/src/transforms/ruby-tests /ws/userland/src/transforms/puppet /ws/userland/src/transforms/libtool-drop /ws/userland/src/transforms/incorporate /ws/userland/src/transforms/publish-cleanup | \
	sed -e '/^$/d' -e '/^#.*$/d' | uniq >/ws/userland/src/components/desktop/startup-notification/build/manifest-i386-startup-notification.mogrified
/bin/mkdir -p /ws/userland/src/components/desktop/startup-notification/build/prototype/i386/mangled
/ws/userland/src/tools/userland-mangler -D /ws/userland/src/components/desktop/startup-notification/build/prototype/i386/mangled -d /ws/userland/src/components/desktop/startup-notification/build/prototype/i386/mangled -d /ws/userland/src/components/desktop/startup-notification/build/prototype/i386 -d /ws/userland/src/components/desktop/startup-notification/build -d /ws/userland/src/components/desktop/startup-notification -d startup-notification-0.12 -d /ws/userland/src/licenses -m /ws/userland/src/components/desktop/startup-notification/build/manifest-i386-startup-notification.mogrified >/ws/userland/src/components/desktop/startup-notification/build/manifest-i386-startup-notification.mangled
/usr/bin/env  /usr/bin/pkgdepend generate \
    -m -d /ws/userland/src/components/desktop/startup-notification/build/prototype/i386/mangled -d /ws/userland/src/components/desktop/startup-notification/build/prototype/i386 -d /ws/userland/src/components/desktop/startup-notification/build -d /ws/userland/src/components/desktop/startup-notification -d startup-notification-0.12 -d /ws/userland/src/licenses /ws/userland/src/components/desktop/startup-notification/build/manifest-i386-startup-notification.mangled >/ws/userland/src/components/desktop/startup-notification/build/manifest-i386-startup-notification.depend
/usr/bin/pkgdepend resolve -e /ws/userland/src/components/desktop/startup-notification/build/resolve.deps -m /ws/userland/src/components/desktop/startup-notification/build/manifest-i386-startup-notification.depend
/usr/bin/touch /ws/userland/src/components/desktop/startup-notification/build/.resolved-i386
VALIDATING MANIFEST CONTENT: /ws/userland/src/components/desktop/startup-notification/build/manifest-i386-startup-notification.depend.res
/usr/bin/env PYTHONPATH=/ws/userland/src/tools/python PROTO_PATH="/ws/userland/src/components/desktop/startup-notification/build/prototype/i386/mangled /ws/userland/src/components/desktop/startup-notification/build/prototype/i386 /ws/userland/src/components/desktop/startup-notification/build /ws/userland/src/components/desktop/startup-notification startup-notification-0.12 /ws/userland/src/licenses"\
	SOLARIS_VERSION=2.11\
	/bin/true -c /ws/userland/src/i386/pkglint-cache \
		-f /ws/userland/src/tools/pkglintrc /ws/userland/src/components/desktop/startup-notification/build/manifest-i386-startup-notification.depend.res
/usr/bin/touch /ws/userland/src/components/desktop/startup-notification/build/.linted-i386
/usr/bin/pkgsend -s file:/ws/userland/src/i386/repo publish --fmri-in-manifest --no-catalog -d /ws/userland/src/components/desktop/startup-notification/build/prototype/i386/mangled -d /ws/userland/src/components/desktop/startup-notification/build/prototype/i386 -d /ws/userland/src/components/desktop/startup-notification/build -d /ws/userland/src/components/desktop/startup-notification -d startup-notification-0.12 -d /ws/userland/src/licenses -T \*.py /ws/userland/src/components/desktop/startup-notification/build/manifest-i386-startup-notification.depend.res
pkg://nightly/library/desktop/startup-notification@0.12,5.11-11.4.0.0.1.14.0:20190727T224853Z
PUBLISHED
/usr/bin/pkgfmt </ws/userland/src/components/desktop/startup-notification/build/manifest-i386-startup-notification.depend.res >/ws/userland/src/components/desktop/startup-notification/build/manifest-i386-startup-notification.published
/usr/bin/touch /ws/userland/src/components/desktop/startup-notification/build/.published-i386
gmake: Leaving directory '/ws/userland/src/components/desktop/startup-notification'

real       30.7
user        6.0
sys         2.9
