gmake: Entering directory '/ws/userland/src/components/desktop/gstreamer1/gst-python'
/bin/rm -f -r /ws/userland/src/components/desktop/gstreamer1/gst-python/gst-python-1.10.3
/usr/bin/env RUBY_VERSION=2.1 /ws/userland/src/tools/userland-unpack  gst-python-1.10.3.tar.xz
/usr/bin/touch /ws/userland/src/components/desktop/gstreamer1/gst-python/gst-python-1.10.3/.unpacked
/usr/bin/touch /ws/userland/src/components/desktop/gstreamer1/gst-python/gst-python-1.10.3/.prep
(/bin/rm -f -rf /ws/userland/src/components/desktop/gstreamer1/gst-python/build/i86 ; /bin/mkdir -p /ws/userland/src/components/desktop/gstreamer1/gst-python/build/i86)
(cd /ws/userland/src/components/desktop/gstreamer1/gst-python/build/i86 ; /usr/bin/env CONFIG_SHELL="/bin/bash" PKG_CONFIG_PATH="/ws/userland/src/components/desktop/gstreamer1/gstreamer/build/prototype/i386/usr/lib/pkgconfig/:/usr/lib/pkgconfig" CC="/usr/gcc/7/bin/gcc" CXX="/usr/gcc/7/bin/g++"  CC_FOR_BUILD="/usr/gcc/7/bin/gcc -m32" CXX_FOR_BUILD="/usr/gcc/7/bin/g++ -m32" CPPFLAGS="-m32" "ac_cv_func_realloc_0_nonnull=yes" "NM=/usr/gnu/bin/nm" INTLTOOL_PERL="/usr/perl5/5.22/bin/perl" CFLAGS="-m32 -O3 -mincoming-stack-boundary=2" CXXFLAGS="-m32 -O3 -mincoming-stack-boundary=2" LDFLAGS="" PYTHON=/usr/bin/python2.7 am_cv_python_pythondir=/usr/lib/python2.7/vendor-packages am_cv_python_pyexecdir=/usr/lib/python2.7/vendor-packages /bin/bash \
	/ws/userland/src/components/desktop/gstreamer1/gst-python/gst-python-1.10.3/configure --prefix=/usr --mandir=/usr/share/man --bindir=/usr/bin --sbindir=/usr/sbin --libdir=/usr/lib    --disable-static)
checking build system type... i386-pc-solaris2.11
checking host system type... i386-pc-solaris2.11
checking target system type... i386-pc-solaris2.11
checking for a BSD-compatible install... /usr/bin/ginstall -c
checking whether build environment is sane... yes
checking for a thread-safe mkdir -p... /usr/bin/gmkdir -p
checking for gawk... gawk
checking whether make sets $(MAKE)... yes
checking whether make supports nested variables... yes
checking whether UID '100' is supported by ustar format... yes
checking whether GID '10' is supported by ustar format... yes
checking how to create a ustar tar archive... gnutar
checking nano version... 0 (release)
checking whether to enable maintainer-specific portions of Makefiles... yes
checking whether make supports nested variables... (cached) yes
checking how to print strings... print -r
checking for style of include used by make... GNU
checking for gcc... /usr/gcc/7/bin/gcc
checking whether the C compiler works... yes
checking for C compiler default output file name... a.out
checking for suffix of executables... 
checking whether we are cross compiling... no
checking for suffix of object files... o
checking whether we are using the GNU C compiler... yes
checking whether /usr/gcc/7/bin/gcc accepts -g... yes
checking for /usr/gcc/7/bin/gcc option to accept ISO C89... none needed
checking whether /usr/gcc/7/bin/gcc understands -c and -o together... yes
checking dependency style of /usr/gcc/7/bin/gcc... gcc3
checking for a sed that does not truncate output... /usr/bin/gsed
checking for grep that handles long lines and -e... /usr/bin/ggrep
checking for egrep... /usr/bin/ggrep -E
checking for fgrep... /usr/bin/ggrep -F
checking for ld used by /usr/gcc/7/bin/gcc... /usr/bin/ld
checking if the linker (/usr/bin/ld) is GNU ld... no
checking for BSD- or MS-compatible name lister (nm)... /usr/gnu/bin/nm
checking the name lister (/usr/gnu/bin/nm) interface... BSD nm
checking whether ln -s works... yes
checking the maximum length of command line arguments... 1572480
checking how to convert i386-pc-solaris2.11 file names to i386-pc-solaris2.11 format... func_convert_file_noop
checking how to convert i386-pc-solaris2.11 file names to toolchain format... func_convert_file_noop
checking for /usr/bin/ld option to reload object files... -r
checking for objdump... objdump
checking how to recognize dependent libraries... pass_all
checking for dlltool... no
checking how to associate runtime and link libraries... print -r --
checking for ar... ar
checking for archiver @FILE support... no
checking for strip... strip
checking for ranlib... ranlib
checking command to parse /usr/gnu/bin/nm output from /usr/gcc/7/bin/gcc object... ok
checking for sysroot... no
checking for a working dd... /usr/bin/dd
checking how to truncate binary pipes... /usr/bin/dd bs=4096 count=1
checking for mt... mt
checking if mt is a manifest tool... no
checking how to run the C preprocessor... /usr/gcc/7/bin/gcc -E
checking for ANSI C header files... yes
checking for sys/types.h... yes
checking for sys/stat.h... yes
checking for stdlib.h... yes
checking for string.h... yes
checking for memory.h... yes
checking for strings.h... yes
checking for inttypes.h... yes
checking for stdint.h... yes
checking for unistd.h... yes
checking for dlfcn.h... yes
checking for objdir... .libs
checking if /usr/gcc/7/bin/gcc supports -fno-rtti -fno-exceptions... no
checking for /usr/gcc/7/bin/gcc option to produce PIC... -fPIC -DPIC
checking if /usr/gcc/7/bin/gcc PIC flag -fPIC -DPIC works... yes
checking if /usr/gcc/7/bin/gcc static flag -static works... no
checking if /usr/gcc/7/bin/gcc supports -c -o file.o... yes
checking if /usr/gcc/7/bin/gcc supports -c -o file.o... (cached) yes
checking whether the /usr/gcc/7/bin/gcc linker (/usr/bin/ld) supports shared libraries... yes
checking whether -lc should be explicitly linked in... no
checking dynamic linker characteristics... solaris2.11 ld.so
checking how to hardcode library paths into programs... immediate
checking for shl_load... no
checking for shl_load in -ldld... no
checking for dlopen... yes
checking whether a program can dlopen itself... yes
checking whether a statically linked program can dlopen itself... yes
checking whether stripping libraries is possible... no
checking if libtool supports shared libraries... yes
checking whether to build shared libraries... yes
checking whether to build static libraries... no
checking for gcc... (cached) /usr/gcc/7/bin/gcc
checking whether we are using the GNU C compiler... (cached) yes
checking whether /usr/gcc/7/bin/gcc accepts -g... (cached) yes
checking for /usr/gcc/7/bin/gcc option to accept ISO C89... (cached) none needed
checking whether /usr/gcc/7/bin/gcc understands -c and -o together... (cached) yes
checking dependency style of /usr/gcc/7/bin/gcc... (cached) gcc3
checking for /usr/gcc/7/bin/gcc option to accept ISO C99... none needed
checking for /usr/gcc/7/bin/gcc option to accept ISO Standard C... (cached) none needed
checking for python version... 2.7
checking for python platform... sunos5
checking for python script directory... (cached) /usr/lib/python2.7/vendor-packages
checking for python extension module directory... (cached) /usr/lib/python2.7/vendor-packages
checking for python >= 2.7... checking for pkg-config... /usr/bin/pkg-config
checking pkg-config is at least version 0.9.0... yes
checking for GST... yes
checking for PYGOBJECT... yes
okay
checking for headers required to compile python extensions... found
checking for pygobject overrides directory... /usr/lib/python2.7/vendor-packages/gi/overrides
checking for GST... yes
configure: Using /usr/lib/gstreamer-1.0 as the plugin install location
checking for PYGOBJECT... yes
checking for libraries required to embed python... yes
checking for valgrind... no
checking that generated files are newer than configure... done
configure: creating ./config.status
config.status: creating Makefile
config.status: creating common/Makefile
config.status: creating common/m4/Makefile
config.status: creating gi/Makefile
config.status: creating plugin/Makefile
config.status: creating testsuite/Makefile
config.status: creating gi/overrides/Makefile
config.status: creating config.h
config.status: executing depfiles commands
config.status: executing libtool commands
/usr/bin/touch /ws/userland/src/components/desktop/gstreamer1/gst-python/build/i86/.configured
(cd /ws/userland/src/components/desktop/gstreamer1/gst-python/build/i86 ; /usr/bin/env LD_OPTIONS="-M /usr/lib/ld/map.noexdata -M /usr/lib/ld/map.pagealign -Bdirect -zignore -zstrip-class=comment" LD_EXEC_OPTIONS=" -zsx=aslr=enable -zsx=nxstack=enable -zsx=nxheap=enable " LD_PIE_OPTIONS="-zsx=aslr=enable -zsx=nxstack=enable -zsx=nxheap=enable "  PKG_CONFIG_PATH="/ws/userland/src/components/desktop/gstreamer1/gstreamer/build/prototype/i386/usr/lib/pkgconfig/:/usr/lib/pkgconfig" "ac_cv_func_realloc_0_nonnull=yes" INTLTOOL_PERL="/usr/perl5/5.22/bin/perl" \
	/usr/gnu/bin/make  )
make[1]: Entering directory '/ws/userland/src/components/desktop/gstreamer1/gst-python/build/i86'
/usr/gnu/bin/make  all-recursive
make[2]: Entering directory '/ws/userland/src/components/desktop/gstreamer1/gst-python/build/i86'
Making all in common
make[3]: Entering directory '/ws/userland/src/components/desktop/gstreamer1/gst-python/build/i86/common'
Making all in m4
make[4]: Entering directory '/ws/userland/src/components/desktop/gstreamer1/gst-python/build/i86/common/m4'
make[4]: Nothing to be done for 'all'.
make[4]: Leaving directory '/ws/userland/src/components/desktop/gstreamer1/gst-python/build/i86/common/m4'
make[4]: Entering directory '/ws/userland/src/components/desktop/gstreamer1/gst-python/build/i86/common'
make[4]: Nothing to be done for 'all-am'.
make[4]: Leaving directory '/ws/userland/src/components/desktop/gstreamer1/gst-python/build/i86/common'
make[3]: Leaving directory '/ws/userland/src/components/desktop/gstreamer1/gst-python/build/i86/common'
Making all in gi
make[3]: Entering directory '/ws/userland/src/components/desktop/gstreamer1/gst-python/build/i86/gi'
Making all in overrides
make[4]: Entering directory '/ws/userland/src/components/desktop/gstreamer1/gst-python/build/i86/gi/overrides'
  CC       _gi_gst_la-gstmodule.lo
  CCLD     _gi_gst.la
ln -s -f .libs/_gi_gst.so _gi_gst.so
for f in Gst.py GstPbutils.py __init__.py; do \
    [ -e ./$f ] || ln -s -f /ws/userland/src/components/desktop/gstreamer1/gst-python/gst-python-1.10.3/gi/overrides/$f ./$f; \
done
make[4]: Leaving directory '/ws/userland/src/components/desktop/gstreamer1/gst-python/build/i86/gi/overrides'
make[4]: Entering directory '/ws/userland/src/components/desktop/gstreamer1/gst-python/build/i86/gi'
make[4]: Nothing to be done for 'all-am'.
make[4]: Leaving directory '/ws/userland/src/components/desktop/gstreamer1/gst-python/build/i86/gi'
make[3]: Leaving directory '/ws/userland/src/components/desktop/gstreamer1/gst-python/build/i86/gi'
Making all in plugin
make[3]: Entering directory '/ws/userland/src/components/desktop/gstreamer1/gst-python/build/i86/plugin'
  CC       libgstpythonplugin_la-gstpythonplugin.lo
  CCLD     libgstpythonplugin.la
make[3]: Leaving directory '/ws/userland/src/components/desktop/gstreamer1/gst-python/build/i86/plugin'
Making all in testsuite
make[3]: Entering directory '/ws/userland/src/components/desktop/gstreamer1/gst-python/build/i86/testsuite'
make[3]: Nothing to be done for 'all'.
make[3]: Leaving directory '/ws/userland/src/components/desktop/gstreamer1/gst-python/build/i86/testsuite'
make[3]: Entering directory '/ws/userland/src/components/desktop/gstreamer1/gst-python/build/i86'
make[3]: Leaving directory '/ws/userland/src/components/desktop/gstreamer1/gst-python/build/i86'
make[2]: Leaving directory '/ws/userland/src/components/desktop/gstreamer1/gst-python/build/i86'
make[1]: Leaving directory '/ws/userland/src/components/desktop/gstreamer1/gst-python/build/i86'
/usr/bin/touch /ws/userland/src/components/desktop/gstreamer1/gst-python/build/i86/.built
(/bin/rm -f -rf /ws/userland/src/components/desktop/gstreamer1/gst-python/build/amd64 ; /bin/mkdir -p /ws/userland/src/components/desktop/gstreamer1/gst-python/build/amd64)
(cd /ws/userland/src/components/desktop/gstreamer1/gst-python/build/amd64 ; /usr/bin/env CONFIG_SHELL="/bin/bash" PKG_CONFIG_PATH="/ws/userland/src/components/desktop/gstreamer1/gstreamer/build/prototype/i386/usr/lib/amd64/pkgconfig/:/usr/lib/amd64/pkgconfig" CC="/usr/gcc/7/bin/gcc" CXX="/usr/gcc/7/bin/g++" PATH="/usr/bin/amd64:/usr/bin:/usr/gnu/bin" CC_FOR_BUILD="/usr/gcc/7/bin/gcc -m64" CXX_FOR_BUILD="/usr/gcc/7/bin/g++ -m64" CPPFLAGS="-m64" "ac_cv_func_realloc_0_nonnull=yes" "NM=/usr/gnu/bin/nm" INTLTOOL_PERL="/usr/perl5/5.22/bin/perl" CFLAGS="-m64 -O3" CXXFLAGS="-m64 -O3" LDFLAGS="" PYTHON=/usr/bin/amd64/python2.7 am_cv_python_pythondir=/usr/lib/python2.7/vendor-packages/64 am_cv_python_pyexecdir=/usr/lib/python2.7/vendor-packages/64 /bin/bash \
	/ws/userland/src/components/desktop/gstreamer1/gst-python/gst-python-1.10.3/configure --prefix=/usr --mandir=/usr/share/man --bindir=/usr/bin/amd64 --sbindir=/usr/sbin/amd64 --libdir=/usr/lib/amd64 --with-pygi-overrides-dir=/usr/lib/python2.7/vendor-packages/gi/overrides/64   --disable-static)
checking build system type... x86_64-pc-solaris2.11
checking host system type... x86_64-pc-solaris2.11
checking target system type... x86_64-pc-solaris2.11
checking for a BSD-compatible install... /usr/bin/ginstall -c
checking whether build environment is sane... yes
checking for a thread-safe mkdir -p... /usr/bin/gmkdir -p
checking for gawk... gawk
checking whether make sets $(MAKE)... yes
checking whether make supports nested variables... yes
checking whether UID '100' is supported by ustar format... yes
checking whether GID '10' is supported by ustar format... yes
checking how to create a ustar tar archive... gnutar
checking nano version... 0 (release)
checking whether to enable maintainer-specific portions of Makefiles... yes
checking whether make supports nested variables... (cached) yes
checking how to print strings... print -r
checking for style of include used by make... GNU
checking for gcc... /usr/gcc/7/bin/gcc
checking whether the C compiler works... yes
checking for C compiler default output file name... a.out
checking for suffix of executables... 
checking whether we are cross compiling... no
checking for suffix of object files... o
checking whether we are using the GNU C compiler... yes
checking whether /usr/gcc/7/bin/gcc accepts -g... yes
checking for /usr/gcc/7/bin/gcc option to accept ISO C89... none needed
checking whether /usr/gcc/7/bin/gcc understands -c and -o together... yes
checking dependency style of /usr/gcc/7/bin/gcc... gcc3
checking for a sed that does not truncate output... /usr/bin/gsed
checking for grep that handles long lines and -e... /usr/bin/ggrep
checking for egrep... /usr/bin/ggrep -E
checking for fgrep... /usr/bin/ggrep -F
checking for ld used by /usr/gcc/7/bin/gcc... /usr/bin/ld
checking if the linker (/usr/bin/ld) is GNU ld... no
checking for BSD- or MS-compatible name lister (nm)... /usr/gnu/bin/nm
checking the name lister (/usr/gnu/bin/nm) interface... BSD nm
checking whether ln -s works... yes
checking the maximum length of command line arguments... 1572480
checking how to convert x86_64-pc-solaris2.11 file names to x86_64-pc-solaris2.11 format... func_convert_file_noop
checking how to convert x86_64-pc-solaris2.11 file names to toolchain format... func_convert_file_noop
checking for /usr/bin/ld option to reload object files... -r
checking for objdump... objdump
checking how to recognize dependent libraries... pass_all
checking for dlltool... no
checking how to associate runtime and link libraries... print -r --
checking for ar... ar
checking for archiver @FILE support... no
checking for strip... strip
checking for ranlib... ranlib
checking command to parse /usr/gnu/bin/nm output from /usr/gcc/7/bin/gcc object... ok
checking for sysroot... no
checking for a working dd... /usr/bin/dd
checking how to truncate binary pipes... /usr/bin/dd bs=4096 count=1
checking for mt... mt
checking if mt is a manifest tool... no
checking how to run the C preprocessor... /usr/gcc/7/bin/gcc -E
checking for ANSI C header files... yes
checking for sys/types.h... yes
checking for sys/stat.h... yes
checking for stdlib.h... yes
checking for string.h... yes
checking for memory.h... yes
checking for strings.h... yes
checking for inttypes.h... yes
checking for stdint.h... yes
checking for unistd.h... yes
checking for dlfcn.h... yes
checking for objdir... .libs
checking if /usr/gcc/7/bin/gcc supports -fno-rtti -fno-exceptions... no
checking for /usr/gcc/7/bin/gcc option to produce PIC... -fPIC -DPIC
checking if /usr/gcc/7/bin/gcc PIC flag -fPIC -DPIC works... yes
checking if /usr/gcc/7/bin/gcc static flag -static works... no
checking if /usr/gcc/7/bin/gcc supports -c -o file.o... yes
checking if /usr/gcc/7/bin/gcc supports -c -o file.o... (cached) yes
checking whether the /usr/gcc/7/bin/gcc linker (/usr/bin/ld -64) supports shared libraries... yes
checking whether -lc should be explicitly linked in... no
checking dynamic linker characteristics... solaris2.11 ld.so
checking how to hardcode library paths into programs... immediate
checking for shl_load... no
checking for shl_load in -ldld... no
checking for dlopen... yes
checking whether a program can dlopen itself... yes
checking whether a statically linked program can dlopen itself... yes
checking whether stripping libraries is possible... no
checking if libtool supports shared libraries... yes
checking whether to build shared libraries... yes
checking whether to build static libraries... no
checking for gcc... (cached) /usr/gcc/7/bin/gcc
checking whether we are using the GNU C compiler... (cached) yes
checking whether /usr/gcc/7/bin/gcc accepts -g... (cached) yes
checking for /usr/gcc/7/bin/gcc option to accept ISO C89... (cached) none needed
checking whether /usr/gcc/7/bin/gcc understands -c and -o together... (cached) yes
checking dependency style of /usr/gcc/7/bin/gcc... (cached) gcc3
checking for /usr/gcc/7/bin/gcc option to accept ISO C99... none needed
checking for /usr/gcc/7/bin/gcc option to accept ISO Standard C... (cached) none needed
checking for python version... 2.7
checking for python platform... sunos5
checking for python script directory... (cached) /usr/lib/python2.7/vendor-packages/64
checking for python extension module directory... (cached) /usr/lib/python2.7/vendor-packages/64
checking for python >= 2.7... checking for pkg-config... /usr/bin/pkg-config
checking pkg-config is at least version 0.9.0... yes
checking for GST... yes
checking for PYGOBJECT... yes
okay
checking for headers required to compile python extensions... found
checking for pygobject overrides directory... /usr/lib/python2.7/vendor-packages/gi/overrides/64
checking for GST... yes
configure: Using /usr/lib/amd64/gstreamer-1.0 as the plugin install location
checking for PYGOBJECT... yes
checking for libraries required to embed python... yes
checking for valgrind... no
checking that generated files are newer than configure... done
configure: creating ./config.status
config.status: creating Makefile
config.status: creating common/Makefile
config.status: creating common/m4/Makefile
config.status: creating gi/Makefile
config.status: creating plugin/Makefile
config.status: creating testsuite/Makefile
config.status: creating gi/overrides/Makefile
config.status: creating config.h
config.status: executing depfiles commands
config.status: executing libtool commands
/usr/bin/touch /ws/userland/src/components/desktop/gstreamer1/gst-python/build/amd64/.configured
(cd /ws/userland/src/components/desktop/gstreamer1/gst-python/build/amd64 ; /usr/bin/env LD_OPTIONS="-M /usr/lib/ld/map.noexdata -M /usr/lib/ld/map.pagealign -Bdirect -zignore -zstrip-class=comment" LD_EXEC_OPTIONS=" -zsx=aslr=enable -zsx=nxstack=enable -zsx=nxheap=enable " LD_PIE_OPTIONS="-zsx=aslr=enable -zsx=nxstack=enable -zsx=nxheap=enable "  PKG_CONFIG_PATH="/ws/userland/src/components/desktop/gstreamer1/gstreamer/build/prototype/i386/usr/lib/amd64/pkgconfig/:/usr/lib/amd64/pkgconfig" "ac_cv_func_realloc_0_nonnull=yes" INTLTOOL_PERL="/usr/perl5/5.22/bin/perl" \
	/usr/gnu/bin/make  )
make[1]: Entering directory '/ws/userland/src/components/desktop/gstreamer1/gst-python/build/amd64'
/usr/gnu/bin/make  all-recursive
make[2]: Entering directory '/ws/userland/src/components/desktop/gstreamer1/gst-python/build/amd64'
Making all in common
make[3]: Entering directory '/ws/userland/src/components/desktop/gstreamer1/gst-python/build/amd64/common'
Making all in m4
make[4]: Entering directory '/ws/userland/src/components/desktop/gstreamer1/gst-python/build/amd64/common/m4'
make[4]: Nothing to be done for 'all'.
make[4]: Leaving directory '/ws/userland/src/components/desktop/gstreamer1/gst-python/build/amd64/common/m4'
make[4]: Entering directory '/ws/userland/src/components/desktop/gstreamer1/gst-python/build/amd64/common'
make[4]: Nothing to be done for 'all-am'.
make[4]: Leaving directory '/ws/userland/src/components/desktop/gstreamer1/gst-python/build/amd64/common'
make[3]: Leaving directory '/ws/userland/src/components/desktop/gstreamer1/gst-python/build/amd64/common'
Making all in gi
make[3]: Entering directory '/ws/userland/src/components/desktop/gstreamer1/gst-python/build/amd64/gi'
Making all in overrides
make[4]: Entering directory '/ws/userland/src/components/desktop/gstreamer1/gst-python/build/amd64/gi/overrides'
  CC       _gi_gst_la-gstmodule.lo
  CCLD     _gi_gst.la
ln -s -f .libs/_gi_gst.so _gi_gst.so
for f in Gst.py GstPbutils.py __init__.py; do \
    [ -e ./$f ] || ln -s -f /ws/userland/src/components/desktop/gstreamer1/gst-python/gst-python-1.10.3/gi/overrides/$f ./$f; \
done
make[4]: Leaving directory '/ws/userland/src/components/desktop/gstreamer1/gst-python/build/amd64/gi/overrides'
make[4]: Entering directory '/ws/userland/src/components/desktop/gstreamer1/gst-python/build/amd64/gi'
make[4]: Nothing to be done for 'all-am'.
make[4]: Leaving directory '/ws/userland/src/components/desktop/gstreamer1/gst-python/build/amd64/gi'
make[3]: Leaving directory '/ws/userland/src/components/desktop/gstreamer1/gst-python/build/amd64/gi'
Making all in plugin
make[3]: Entering directory '/ws/userland/src/components/desktop/gstreamer1/gst-python/build/amd64/plugin'
  CC       libgstpythonplugin_la-gstpythonplugin.lo
  CCLD     libgstpythonplugin.la
make[3]: Leaving directory '/ws/userland/src/components/desktop/gstreamer1/gst-python/build/amd64/plugin'
Making all in testsuite
make[3]: Entering directory '/ws/userland/src/components/desktop/gstreamer1/gst-python/build/amd64/testsuite'
make[3]: Nothing to be done for 'all'.
make[3]: Leaving directory '/ws/userland/src/components/desktop/gstreamer1/gst-python/build/amd64/testsuite'
make[3]: Entering directory '/ws/userland/src/components/desktop/gstreamer1/gst-python/build/amd64'
make[3]: Leaving directory '/ws/userland/src/components/desktop/gstreamer1/gst-python/build/amd64'
make[2]: Leaving directory '/ws/userland/src/components/desktop/gstreamer1/gst-python/build/amd64'
make[1]: Leaving directory '/ws/userland/src/components/desktop/gstreamer1/gst-python/build/amd64'
/usr/bin/touch /ws/userland/src/components/desktop/gstreamer1/gst-python/build/amd64/.built
(cd /ws/userland/src/components/desktop/gstreamer1/gst-python/build/i86 ; /usr/bin/env LD_OPTIONS="-M /usr/lib/ld/map.noexdata -M /usr/lib/ld/map.pagealign -Bdirect -zignore -zstrip-class=comment" LD_EXEC_OPTIONS=" -zsx=aslr=enable -zsx=nxstack=enable -zsx=nxheap=enable " LD_PIE_OPTIONS="-zsx=aslr=enable -zsx=nxstack=enable -zsx=nxheap=enable "  /usr/gnu/bin/make \
		 DESTDIR=/ws/userland/src/components/desktop/gstreamer1/gst-python/build/prototype/i386 install)
make[1]: Entering directory '/ws/userland/src/components/desktop/gstreamer1/gst-python/build/i86'
Making install in common
make[2]: Entering directory '/ws/userland/src/components/desktop/gstreamer1/gst-python/build/i86/common'
Making install in m4
make[3]: Entering directory '/ws/userland/src/components/desktop/gstreamer1/gst-python/build/i86/common/m4'
make[4]: Entering directory '/ws/userland/src/components/desktop/gstreamer1/gst-python/build/i86/common/m4'
make[4]: Nothing to be done for 'install-exec-am'.
make[4]: Nothing to be done for 'install-data-am'.
make[4]: Leaving directory '/ws/userland/src/components/desktop/gstreamer1/gst-python/build/i86/common/m4'
make[3]: Leaving directory '/ws/userland/src/components/desktop/gstreamer1/gst-python/build/i86/common/m4'
make[3]: Entering directory '/ws/userland/src/components/desktop/gstreamer1/gst-python/build/i86/common'
make[4]: Entering directory '/ws/userland/src/components/desktop/gstreamer1/gst-python/build/i86/common'
make[4]: Nothing to be done for 'install-exec-am'.
make[4]: Nothing to be done for 'install-data-am'.
make[4]: Leaving directory '/ws/userland/src/components/desktop/gstreamer1/gst-python/build/i86/common'
make[3]: Leaving directory '/ws/userland/src/components/desktop/gstreamer1/gst-python/build/i86/common'
make[2]: Leaving directory '/ws/userland/src/components/desktop/gstreamer1/gst-python/build/i86/common'
Making install in gi
make[2]: Entering directory '/ws/userland/src/components/desktop/gstreamer1/gst-python/build/i86/gi'
Making install in overrides
make[3]: Entering directory '/ws/userland/src/components/desktop/gstreamer1/gst-python/build/i86/gi/overrides'
make[4]: Entering directory '/ws/userland/src/components/desktop/gstreamer1/gst-python/build/i86/gi/overrides'
 /usr/bin/gmkdir -p '/ws/userland/src/components/desktop/gstreamer1/gst-python/build/prototype/i386/usr/lib/python2.7/vendor-packages/gi/overrides'
 /bin/bash ../../libtool   --mode=install /usr/bin/ginstall -c   _gi_gst.la '/ws/userland/src/components/desktop/gstreamer1/gst-python/build/prototype/i386/usr/lib/python2.7/vendor-packages/gi/overrides'
libtool: install: /usr/bin/ginstall -c .libs/_gi_gst.so /ws/userland/src/components/desktop/gstreamer1/gst-python/build/prototype/i386/usr/lib/python2.7/vendor-packages/gi/overrides/_gi_gst.so
libtool: install: chmod +x /ws/userland/src/components/desktop/gstreamer1/gst-python/build/prototype/i386/usr/lib/python2.7/vendor-packages/gi/overrides/_gi_gst.so
libtool: install: /usr/bin/ginstall -c .libs/_gi_gst.lai /ws/userland/src/components/desktop/gstreamer1/gst-python/build/prototype/i386/usr/lib/python2.7/vendor-packages/gi/overrides/_gi_gst.la
libtool: warning: remember to run 'libtool --finish /usr/lib/python2.7/vendor-packages/gi/overrides'
 /usr/bin/gmkdir -p '/ws/userland/src/components/desktop/gstreamer1/gst-python/build/prototype/i386/usr/lib/python2.7/vendor-packages/gi/overrides'
 /usr/bin/ginstall -c -m 644 Gst.py GstPbutils.py '/ws/userland/src/components/desktop/gstreamer1/gst-python/build/prototype/i386/usr/lib/python2.7/vendor-packages/gi/overrides'
Byte-compiling python modules...
Gst.pyGstPbutils.py
Byte-compiling python modules (optimized versions) ...
Gst.pyGstPbutils.py
make[4]: Leaving directory '/ws/userland/src/components/desktop/gstreamer1/gst-python/build/i86/gi/overrides'
make[3]: Leaving directory '/ws/userland/src/components/desktop/gstreamer1/gst-python/build/i86/gi/overrides'
make[3]: Entering directory '/ws/userland/src/components/desktop/gstreamer1/gst-python/build/i86/gi'
make[4]: Entering directory '/ws/userland/src/components/desktop/gstreamer1/gst-python/build/i86/gi'
make[4]: Nothing to be done for 'install-exec-am'.
make[4]: Nothing to be done for 'install-data-am'.
make[4]: Leaving directory '/ws/userland/src/components/desktop/gstreamer1/gst-python/build/i86/gi'
make[3]: Leaving directory '/ws/userland/src/components/desktop/gstreamer1/gst-python/build/i86/gi'
make[2]: Leaving directory '/ws/userland/src/components/desktop/gstreamer1/gst-python/build/i86/gi'
Making install in plugin
make[2]: Entering directory '/ws/userland/src/components/desktop/gstreamer1/gst-python/build/i86/plugin'
make[3]: Entering directory '/ws/userland/src/components/desktop/gstreamer1/gst-python/build/i86/plugin'
make[3]: Nothing to be done for 'install-exec-am'.
 /usr/bin/gmkdir -p '/ws/userland/src/components/desktop/gstreamer1/gst-python/build/prototype/i386/usr/lib/gstreamer-1.0'
 /bin/bash ../libtool   --mode=install /usr/bin/ginstall -c   libgstpythonplugin.la '/ws/userland/src/components/desktop/gstreamer1/gst-python/build/prototype/i386/usr/lib/gstreamer-1.0'
libtool: install: /usr/bin/ginstall -c .libs/libgstpythonplugin.so /ws/userland/src/components/desktop/gstreamer1/gst-python/build/prototype/i386/usr/lib/gstreamer-1.0/libgstpythonplugin.so
libtool: install: chmod +x /ws/userland/src/components/desktop/gstreamer1/gst-python/build/prototype/i386/usr/lib/gstreamer-1.0/libgstpythonplugin.so
libtool: install: /usr/bin/ginstall -c .libs/libgstpythonplugin.lai /ws/userland/src/components/desktop/gstreamer1/gst-python/build/prototype/i386/usr/lib/gstreamer-1.0/libgstpythonplugin.la
libtool: warning: remember to run 'libtool --finish /usr/lib/gstreamer-1.0'
make[3]: Leaving directory '/ws/userland/src/components/desktop/gstreamer1/gst-python/build/i86/plugin'
make[2]: Leaving directory '/ws/userland/src/components/desktop/gstreamer1/gst-python/build/i86/plugin'
Making install in testsuite
make[2]: Entering directory '/ws/userland/src/components/desktop/gstreamer1/gst-python/build/i86/testsuite'
make[3]: Entering directory '/ws/userland/src/components/desktop/gstreamer1/gst-python/build/i86/testsuite'
make[3]: Nothing to be done for 'install-exec-am'.
make[3]: Nothing to be done for 'install-data-am'.
make[3]: Leaving directory '/ws/userland/src/components/desktop/gstreamer1/gst-python/build/i86/testsuite'
make[2]: Leaving directory '/ws/userland/src/components/desktop/gstreamer1/gst-python/build/i86/testsuite'
make[2]: Entering directory '/ws/userland/src/components/desktop/gstreamer1/gst-python/build/i86'
make[3]: Entering directory '/ws/userland/src/components/desktop/gstreamer1/gst-python/build/i86'
make[3]: Nothing to be done for 'install-exec-am'.
make[3]: Nothing to be done for 'install-data-am'.
make[3]: Leaving directory '/ws/userland/src/components/desktop/gstreamer1/gst-python/build/i86'
make[2]: Leaving directory '/ws/userland/src/components/desktop/gstreamer1/gst-python/build/i86'
make[1]: Leaving directory '/ws/userland/src/components/desktop/gstreamer1/gst-python/build/i86'
/usr/bin/touch /ws/userland/src/components/desktop/gstreamer1/gst-python/build/i86/.installed
(cd /ws/userland/src/components/desktop/gstreamer1/gst-python/build/amd64 ; /usr/bin/env LD_OPTIONS="-M /usr/lib/ld/map.noexdata -M /usr/lib/ld/map.pagealign -Bdirect -zignore -zstrip-class=comment" LD_EXEC_OPTIONS=" -zsx=aslr=enable -zsx=nxstack=enable -zsx=nxheap=enable " LD_PIE_OPTIONS="-zsx=aslr=enable -zsx=nxstack=enable -zsx=nxheap=enable "  /usr/gnu/bin/make \
		 DESTDIR=/ws/userland/src/components/desktop/gstreamer1/gst-python/build/prototype/i386 install)
make[1]: Entering directory '/ws/userland/src/components/desktop/gstreamer1/gst-python/build/amd64'
Making install in common
make[2]: Entering directory '/ws/userland/src/components/desktop/gstreamer1/gst-python/build/amd64/common'
Making install in m4
make[3]: Entering directory '/ws/userland/src/components/desktop/gstreamer1/gst-python/build/amd64/common/m4'
make[4]: Entering directory '/ws/userland/src/components/desktop/gstreamer1/gst-python/build/amd64/common/m4'
make[4]: Nothing to be done for 'install-exec-am'.
make[4]: Nothing to be done for 'install-data-am'.
make[4]: Leaving directory '/ws/userland/src/components/desktop/gstreamer1/gst-python/build/amd64/common/m4'
make[3]: Leaving directory '/ws/userland/src/components/desktop/gstreamer1/gst-python/build/amd64/common/m4'
make[3]: Entering directory '/ws/userland/src/components/desktop/gstreamer1/gst-python/build/amd64/common'
make[4]: Entering directory '/ws/userland/src/components/desktop/gstreamer1/gst-python/build/amd64/common'
make[4]: Nothing to be done for 'install-exec-am'.
make[4]: Nothing to be done for 'install-data-am'.
make[4]: Leaving directory '/ws/userland/src/components/desktop/gstreamer1/gst-python/build/amd64/common'
make[3]: Leaving directory '/ws/userland/src/components/desktop/gstreamer1/gst-python/build/amd64/common'
make[2]: Leaving directory '/ws/userland/src/components/desktop/gstreamer1/gst-python/build/amd64/common'
Making install in gi
make[2]: Entering directory '/ws/userland/src/components/desktop/gstreamer1/gst-python/build/amd64/gi'
Making install in overrides
make[3]: Entering directory '/ws/userland/src/components/desktop/gstreamer1/gst-python/build/amd64/gi/overrides'
make[4]: Entering directory '/ws/userland/src/components/desktop/gstreamer1/gst-python/build/amd64/gi/overrides'
 /usr/bin/gmkdir -p '/ws/userland/src/components/desktop/gstreamer1/gst-python/build/prototype/i386/usr/lib/python2.7/vendor-packages/gi/overrides/64'
 /bin/bash ../../libtool   --mode=install /usr/bin/ginstall -c   _gi_gst.la '/ws/userland/src/components/desktop/gstreamer1/gst-python/build/prototype/i386/usr/lib/python2.7/vendor-packages/gi/overrides/64'
libtool: install: /usr/bin/ginstall -c .libs/_gi_gst.so /ws/userland/src/components/desktop/gstreamer1/gst-python/build/prototype/i386/usr/lib/python2.7/vendor-packages/gi/overrides/64/_gi_gst.so
libtool: install: chmod +x /ws/userland/src/components/desktop/gstreamer1/gst-python/build/prototype/i386/usr/lib/python2.7/vendor-packages/gi/overrides/64/_gi_gst.so
libtool: install: /usr/bin/ginstall -c .libs/_gi_gst.lai /ws/userland/src/components/desktop/gstreamer1/gst-python/build/prototype/i386/usr/lib/python2.7/vendor-packages/gi/overrides/64/_gi_gst.la
libtool: warning: remember to run 'libtool --finish /usr/lib/python2.7/vendor-packages/gi/overrides/64'
 /usr/bin/gmkdir -p '/ws/userland/src/components/desktop/gstreamer1/gst-python/build/prototype/i386/usr/lib/python2.7/vendor-packages/gi/overrides/64'
 /usr/bin/ginstall -c -m 644 Gst.py GstPbutils.py '/ws/userland/src/components/desktop/gstreamer1/gst-python/build/prototype/i386/usr/lib/python2.7/vendor-packages/gi/overrides/64'
Byte-compiling python modules...
Gst.pyGstPbutils.py
Byte-compiling python modules (optimized versions) ...
Gst.pyGstPbutils.py
make[4]: Leaving directory '/ws/userland/src/components/desktop/gstreamer1/gst-python/build/amd64/gi/overrides'
make[3]: Leaving directory '/ws/userland/src/components/desktop/gstreamer1/gst-python/build/amd64/gi/overrides'
make[3]: Entering directory '/ws/userland/src/components/desktop/gstreamer1/gst-python/build/amd64/gi'
make[4]: Entering directory '/ws/userland/src/components/desktop/gstreamer1/gst-python/build/amd64/gi'
make[4]: Nothing to be done for 'install-exec-am'.
make[4]: Nothing to be done for 'install-data-am'.
make[4]: Leaving directory '/ws/userland/src/components/desktop/gstreamer1/gst-python/build/amd64/gi'
make[3]: Leaving directory '/ws/userland/src/components/desktop/gstreamer1/gst-python/build/amd64/gi'
make[2]: Leaving directory '/ws/userland/src/components/desktop/gstreamer1/gst-python/build/amd64/gi'
Making install in plugin
make[2]: Entering directory '/ws/userland/src/components/desktop/gstreamer1/gst-python/build/amd64/plugin'
make[3]: Entering directory '/ws/userland/src/components/desktop/gstreamer1/gst-python/build/amd64/plugin'
make[3]: Nothing to be done for 'install-exec-am'.
 /usr/bin/gmkdir -p '/ws/userland/src/components/desktop/gstreamer1/gst-python/build/prototype/i386/usr/lib/amd64/gstreamer-1.0'
 /bin/bash ../libtool   --mode=install /usr/bin/ginstall -c   libgstpythonplugin.la '/ws/userland/src/components/desktop/gstreamer1/gst-python/build/prototype/i386/usr/lib/amd64/gstreamer-1.0'
libtool: install: /usr/bin/ginstall -c .libs/libgstpythonplugin.so /ws/userland/src/components/desktop/gstreamer1/gst-python/build/prototype/i386/usr/lib/amd64/gstreamer-1.0/libgstpythonplugin.so
libtool: install: chmod +x /ws/userland/src/components/desktop/gstreamer1/gst-python/build/prototype/i386/usr/lib/amd64/gstreamer-1.0/libgstpythonplugin.so
libtool: install: /usr/bin/ginstall -c .libs/libgstpythonplugin.lai /ws/userland/src/components/desktop/gstreamer1/gst-python/build/prototype/i386/usr/lib/amd64/gstreamer-1.0/libgstpythonplugin.la
libtool: warning: remember to run 'libtool --finish /usr/lib/amd64/gstreamer-1.0'
make[3]: Leaving directory '/ws/userland/src/components/desktop/gstreamer1/gst-python/build/amd64/plugin'
make[2]: Leaving directory '/ws/userland/src/components/desktop/gstreamer1/gst-python/build/amd64/plugin'
Making install in testsuite
make[2]: Entering directory '/ws/userland/src/components/desktop/gstreamer1/gst-python/build/amd64/testsuite'
make[3]: Entering directory '/ws/userland/src/components/desktop/gstreamer1/gst-python/build/amd64/testsuite'
make[3]: Nothing to be done for 'install-exec-am'.
make[3]: Nothing to be done for 'install-data-am'.
make[3]: Leaving directory '/ws/userland/src/components/desktop/gstreamer1/gst-python/build/amd64/testsuite'
make[2]: Leaving directory '/ws/userland/src/components/desktop/gstreamer1/gst-python/build/amd64/testsuite'
make[2]: Entering directory '/ws/userland/src/components/desktop/gstreamer1/gst-python/build/amd64'
make[3]: Entering directory '/ws/userland/src/components/desktop/gstreamer1/gst-python/build/amd64'
make[3]: Nothing to be done for 'install-exec-am'.
make[3]: Nothing to be done for 'install-data-am'.
make[3]: Leaving directory '/ws/userland/src/components/desktop/gstreamer1/gst-python/build/amd64'
make[2]: Leaving directory '/ws/userland/src/components/desktop/gstreamer1/gst-python/build/amd64'
make[1]: Leaving directory '/ws/userland/src/components/desktop/gstreamer1/gst-python/build/amd64'
/usr/bin/touch /ws/userland/src/components/desktop/gstreamer1/gst-python/build/amd64/.installed
if [ -f gst-python-1-27GENFRAG.p5m ]; then cat gst-python-1-27GENFRAG.p5m >> /ws/userland/src/components/desktop/gstreamer1/gst-python/build/manifest-i386-gst-python-1-27.p5m; fi
/usr/bin/pkgfmt -c -fv2 gst-python-1-PYVER.p5m
/usr/bin/pkgmogrify -D PYVER=2.7 -D MAYBE_PYVER_SPACE="2.7 " -D MAYBE_SPACE_PYVER=" 2.7" -D SOLARIS_11_3_ONLY="#" -D SOLARIS_11_5_ONLY="#" -D SOLARIS_11_3_4_ONLY="" -D SOLARIS_11_4_5_ONLY="" -D SOLARIS_11_4_ONLY="" -D PYV=27 gst-python-1-PYVER.p5m > /ws/userland/src/components/desktop/gstreamer1/gst-python/build/manifest-i386-gst-python-1-27.p5m
abort: there is no Mercurial repository here (.hg not found)
/usr/bin/pkgmogrify -D PERL_ARCH=i86pc-solaris-thread-multi-64 -D PERL_VERSION=5.22 -D IPS_COMPONENT_RE_VERSION=1\\.10\\.3 -D COMPONENT_RE_VERSION=1\\.10\\.3 -D PYTHON_2.7_ONLY=# -D PYTHON_3.4_ONLY=# -D PYTHON_3.5_ONLY=# -D SQ=\' -D DQ=\" -D Q=\" -D PYTHON_2.7_ONLY= -I/ws/userland/src/components/desktop/gstreamer1/gst-python -D SOLARIS_11_3_ONLY="#" -D SOLARIS_11_5_ONLY="#" -D SOLARIS_11_3_4_ONLY="" -D SOLARIS_11_4_5_ONLY="" -D SOLARIS_11_4_ONLY="" -D ARC_CASE="" -D TPNO="33712" -D BUILD_VERSION="5.11-11.4.0.0.1.14.0" -D OS_RELEASE="5.11" -D SOLARIS_VERSION="2.11" -D PKG_SOLARIS_VERSION="11.4" -D CONSOLIDATION="userland" -D CONSOLIDATION_CHANGESET="" -D CONSOLIDATION_REPOSITORY_URL="https://github.com/oracle/solaris-userland.git" -D COMPONENT_VERSION="1.10.3" -D IPS_COMPONENT_VERSION="1.10.3" -D HUMAN_VERSION="" -D COMPONENT_ARCHIVE_URL="https://gstreamer.freedesktop.org/src/gst-python/gst-python-1.10.3.tar.xz" -D COMPONENT_PROJECT_URL="https://gstreamer.freedesktop.org/" -D COMPONENT_NAME="gst-python" -D HG_REPO="" -D HG_REV="" -D HG_URL="" -D GIT_COMMIT_ID="" -D GIT_REPO="" -D GIT_TAG="" -D MACH="i386" -D MACH32="i86" -D MACH64="amd64" -D PUBLISHER="nightly" -D PUBLISHER_LOCALIZABLE="userland-localizable" /ws/userland/src/components/desktop/gstreamer1/gst-python/build/manifest-i386-gst-python-1-27.p5m \
	/ws/userland/src/transforms/license-changes /ws/userland/src/transforms/variant-cleanup /ws/userland/src/transforms/autopyc /ws/userland/src/transforms/defaults /ws/userland/src/transforms/actuators /ws/userland/src/transforms/depends /ws/userland/src/transforms/devel /ws/userland/src/transforms/docs /ws/userland/src/transforms/locale /ws/userland/src/transforms/standard-python-libraries /ws/userland/src/transforms/python-rename /ws/userland/src/transforms/python-3-groups /ws/userland/src/transforms/python-3-soabi /ws/userland/src/transforms/python-3-no-32bit /ws/userland/src/transforms/ruby-tests /ws/userland/src/transforms/puppet /ws/userland/src/transforms/libtool-drop /ws/userland/src/transforms/incorporate /ws/userland/src/transforms/publish-cleanup | \
	sed -e '/^$/d' -e '/^#.*$/d' | uniq >/ws/userland/src/components/desktop/gstreamer1/gst-python/build/manifest-i386-gst-python-1-27.mogrified
/bin/mkdir -p /ws/userland/src/components/desktop/gstreamer1/gst-python/build/prototype/i386/mangled
/ws/userland/src/tools/userland-mangler -D /ws/userland/src/components/desktop/gstreamer1/gst-python/build/prototype/i386/mangled -d /ws/userland/src/components/desktop/gstreamer1/gst-python/build/prototype/i386/mangled -d /ws/userland/src/components/desktop/gstreamer1/gst-python/build/prototype/i386 -d /ws/userland/src/components/desktop/gstreamer1/gst-python/build -d /ws/userland/src/components/desktop/gstreamer1/gst-python -d gst-python-1.10.3 -d /ws/userland/src/licenses -m /ws/userland/src/components/desktop/gstreamer1/gst-python/build/manifest-i386-gst-python-1-27.mogrified >/ws/userland/src/components/desktop/gstreamer1/gst-python/build/manifest-i386-gst-python-1-27.mangled
/usr/bin/env  /usr/bin/pkgdepend generate \
    -m -d /ws/userland/src/components/desktop/gstreamer1/gst-python/build/prototype/i386/mangled -d /ws/userland/src/components/desktop/gstreamer1/gst-python/build/prototype/i386 -d /ws/userland/src/components/desktop/gstreamer1/gst-python/build -d /ws/userland/src/components/desktop/gstreamer1/gst-python -d gst-python-1.10.3 -d /ws/userland/src/licenses /ws/userland/src/components/desktop/gstreamer1/gst-python/build/manifest-i386-gst-python-1-27.mangled >/ws/userland/src/components/desktop/gstreamer1/gst-python/build/manifest-i386-gst-python-1-27.depend
/bin/rm -f /ws/userland/src/components/desktop/gstreamer1/gst-python/build/mkgeneric-python
echo "<transform set name=pkg.fmri value=(?:pkg:/)?(.+)-###PYV###@(.*)" "-> emit depend nodrop=true type=conditional" "predicate=runtime/python-27 fmri=%<1>-27@%<2>>" >> /ws/userland/src/components/desktop/gstreamer1/gst-python/build/mkgeneric-python;
/usr/bin/pkgfmt -c -fv2 gst-python-1-PYVER.p5m
/usr/bin/pkgmogrify -D PYV=###PYV### -D MAYBE_PYVER_SPACE= \
	-D SOLARIS_11_3_ONLY="#" -D SOLARIS_11_5_ONLY="#" -D SOLARIS_11_3_4_ONLY="" -D SOLARIS_11_4_5_ONLY="" -D SOLARIS_11_4_ONLY="" \
	-D MAYBE_SPACE_PYVER= /ws/userland/src/components/desktop/gstreamer1/gst-python/build/mkgeneric-python \
	/ws/userland/src/transforms/mkgeneric gst-python-1-PYVER.p5m > /ws/userland/src/components/desktop/gstreamer1/gst-python/build/manifest-i386-gst-python-1.p5m
if [ -f gst-python-1-GENFRAG.p5m ]; then cat gst-python-1-GENFRAG.p5m >> /ws/userland/src/components/desktop/gstreamer1/gst-python/build/manifest-i386-gst-python-1.p5m; fi
abort: there is no Mercurial repository here (.hg not found)
/usr/bin/pkgmogrify -D PERL_ARCH=i86pc-solaris-thread-multi-64 -D PERL_VERSION=5.22 -D IPS_COMPONENT_RE_VERSION=1\\.10\\.3 -D COMPONENT_RE_VERSION=1\\.10\\.3 -D PYTHON_2.7_ONLY=# -D PYTHON_3.4_ONLY=# -D PYTHON_3.5_ONLY=# -D SQ=\' -D DQ=\" -D Q=\" -I/ws/userland/src/components/desktop/gstreamer1/gst-python -D SOLARIS_11_3_ONLY="#" -D SOLARIS_11_5_ONLY="#" -D SOLARIS_11_3_4_ONLY="" -D SOLARIS_11_4_5_ONLY="" -D SOLARIS_11_4_ONLY="" -D ARC_CASE="" -D TPNO="33712" -D BUILD_VERSION="5.11-11.4.0.0.1.14.0" -D OS_RELEASE="5.11" -D SOLARIS_VERSION="2.11" -D PKG_SOLARIS_VERSION="11.4" -D CONSOLIDATION="userland" -D CONSOLIDATION_CHANGESET="" -D CONSOLIDATION_REPOSITORY_URL="https://github.com/oracle/solaris-userland.git" -D COMPONENT_VERSION="1.10.3" -D IPS_COMPONENT_VERSION="1.10.3" -D HUMAN_VERSION="" -D COMPONENT_ARCHIVE_URL="https://gstreamer.freedesktop.org/src/gst-python/gst-python-1.10.3.tar.xz" -D COMPONENT_PROJECT_URL="https://gstreamer.freedesktop.org/" -D COMPONENT_NAME="gst-python" -D HG_REPO="" -D HG_REV="" -D HG_URL="" -D GIT_COMMIT_ID="" -D GIT_REPO="" -D GIT_TAG="" -D MACH="i386" -D MACH32="i86" -D MACH64="amd64" -D PUBLISHER="nightly" -D PUBLISHER_LOCALIZABLE="userland-localizable" /ws/userland/src/components/desktop/gstreamer1/gst-python/build/manifest-i386-gst-python-1.p5m \
	/ws/userland/src/transforms/license-changes /ws/userland/src/transforms/variant-cleanup /ws/userland/src/transforms/autopyc /ws/userland/src/transforms/defaults /ws/userland/src/transforms/actuators /ws/userland/src/transforms/depends /ws/userland/src/transforms/devel /ws/userland/src/transforms/docs /ws/userland/src/transforms/locale /ws/userland/src/transforms/standard-python-libraries /ws/userland/src/transforms/python-rename /ws/userland/src/transforms/python-3-groups /ws/userland/src/transforms/python-3-soabi /ws/userland/src/transforms/python-3-no-32bit /ws/userland/src/transforms/ruby-tests /ws/userland/src/transforms/puppet /ws/userland/src/transforms/libtool-drop /ws/userland/src/transforms/incorporate /ws/userland/src/transforms/publish-cleanup | \
	sed -e '/^$/d' -e '/^#.*$/d' | uniq >/ws/userland/src/components/desktop/gstreamer1/gst-python/build/manifest-i386-gst-python-1.mogrified
/ws/userland/src/tools/userland-mangler -D /ws/userland/src/components/desktop/gstreamer1/gst-python/build/prototype/i386/mangled -d /ws/userland/src/components/desktop/gstreamer1/gst-python/build/prototype/i386/mangled -d /ws/userland/src/components/desktop/gstreamer1/gst-python/build/prototype/i386 -d /ws/userland/src/components/desktop/gstreamer1/gst-python/build -d /ws/userland/src/components/desktop/gstreamer1/gst-python -d gst-python-1.10.3 -d /ws/userland/src/licenses -m /ws/userland/src/components/desktop/gstreamer1/gst-python/build/manifest-i386-gst-python-1.mogrified >/ws/userland/src/components/desktop/gstreamer1/gst-python/build/manifest-i386-gst-python-1.mangled
/usr/bin/env  /usr/bin/pkgdepend generate \
    -m -d /ws/userland/src/components/desktop/gstreamer1/gst-python/build/prototype/i386/mangled -d /ws/userland/src/components/desktop/gstreamer1/gst-python/build/prototype/i386 -d /ws/userland/src/components/desktop/gstreamer1/gst-python/build -d /ws/userland/src/components/desktop/gstreamer1/gst-python -d gst-python-1.10.3 -d /ws/userland/src/licenses /ws/userland/src/components/desktop/gstreamer1/gst-python/build/manifest-i386-gst-python-1.mangled >/ws/userland/src/components/desktop/gstreamer1/gst-python/build/manifest-i386-gst-python-1.depend
/usr/bin/pkgdepend resolve -e /ws/userland/src/components/desktop/gstreamer1/gst-python/build/resolve.deps -m /ws/userland/src/components/desktop/gstreamer1/gst-python/build/manifest-i386-gst-python-1-27.depend /ws/userland/src/components/desktop/gstreamer1/gst-python/build/manifest-i386-gst-python-1.depend
/usr/bin/touch /ws/userland/src/components/desktop/gstreamer1/gst-python/build/.resolved-i386
VALIDATING MANIFEST CONTENT: /ws/userland/src/components/desktop/gstreamer1/gst-python/build/manifest-i386-gst-python-1-27.depend.res /ws/userland/src/components/desktop/gstreamer1/gst-python/build/manifest-i386-gst-python-1.depend.res
/usr/bin/env PYTHONPATH=/ws/userland/src/tools/python PROTO_PATH="/ws/userland/src/components/desktop/gstreamer1/gst-python/build/prototype/i386/mangled /ws/userland/src/components/desktop/gstreamer1/gst-python/build/prototype/i386 /ws/userland/src/components/desktop/gstreamer1/gst-python/build /ws/userland/src/components/desktop/gstreamer1/gst-python gst-python-1.10.3 /ws/userland/src/licenses"\
	SOLARIS_VERSION=2.11\
	/bin/true -c /ws/userland/src/i386/pkglint-cache \
		-f /ws/userland/src/tools/pkglintrc /ws/userland/src/components/desktop/gstreamer1/gst-python/build/manifest-i386-gst-python-1-27.depend.res /ws/userland/src/components/desktop/gstreamer1/gst-python/build/manifest-i386-gst-python-1.depend.res
/usr/bin/touch /ws/userland/src/components/desktop/gstreamer1/gst-python/build/.linted-i386
/usr/bin/pkgsend -s file:/ws/userland/src/i386/repo publish --fmri-in-manifest --no-catalog -d /ws/userland/src/components/desktop/gstreamer1/gst-python/build/prototype/i386/mangled -d /ws/userland/src/components/desktop/gstreamer1/gst-python/build/prototype/i386 -d /ws/userland/src/components/desktop/gstreamer1/gst-python/build -d /ws/userland/src/components/desktop/gstreamer1/gst-python -d gst-python-1.10.3 -d /ws/userland/src/licenses -T \*.py /ws/userland/src/components/desktop/gstreamer1/gst-python/build/manifest-i386-gst-python-1-27.depend.res
pkg://nightly/library/python/gst-python-1-27@1.10.3,5.11-11.4.0.0.1.14.0:20190727T210952Z
PUBLISHED
/usr/bin/pkgfmt </ws/userland/src/components/desktop/gstreamer1/gst-python/build/manifest-i386-gst-python-1-27.depend.res >/ws/userland/src/components/desktop/gstreamer1/gst-python/build/manifest-i386-gst-python-1-27.published
/usr/bin/pkgsend -s file:/ws/userland/src/i386/repo publish --fmri-in-manifest --no-catalog -d /ws/userland/src/components/desktop/gstreamer1/gst-python/build/prototype/i386/mangled -d /ws/userland/src/components/desktop/gstreamer1/gst-python/build/prototype/i386 -d /ws/userland/src/components/desktop/gstreamer1/gst-python/build -d /ws/userland/src/components/desktop/gstreamer1/gst-python -d gst-python-1.10.3 -d /ws/userland/src/licenses -T \*.py /ws/userland/src/components/desktop/gstreamer1/gst-python/build/manifest-i386-gst-python-1.depend.res
pkg://nightly/library/python/gst-python-1@1.10.3,5.11-11.4.0.0.1.14.0:20190727T210952Z
PUBLISHED
/usr/bin/pkgfmt </ws/userland/src/components/desktop/gstreamer1/gst-python/build/manifest-i386-gst-python-1.depend.res >/ws/userland/src/components/desktop/gstreamer1/gst-python/build/manifest-i386-gst-python-1.published
/usr/bin/touch /ws/userland/src/components/desktop/gstreamer1/gst-python/build/.published-i386
gmake: Leaving directory '/ws/userland/src/components/desktop/gstreamer1/gst-python'

real       31.4
user        8.1
sys         4.0
