gmake: Entering directory '/ws/userland/src/components/desktop/itstool'
/bin/rm -f -r /ws/userland/src/components/desktop/itstool/itstool-2.0.2
/usr/bin/env RUBY_VERSION=2.1 /ws/userland/src/tools/userland-unpack  itstool-2.0.2.tar.bz2
/usr/bin/touch /ws/userland/src/components/desktop/itstool/itstool-2.0.2/.unpacked
/usr/bin/touch /ws/userland/src/components/desktop/itstool/itstool-2.0.2/.prep
(/bin/rm -f -rf /ws/userland/src/components/desktop/itstool/build/i386 ; /bin/mkdir -p /ws/userland/src/components/desktop/itstool/build/i386)
(cd /ws/userland/src/components/desktop/itstool/build/i386 ; /usr/bin/env CONFIG_SHELL="/bin/bash" PKG_CONFIG_PATH="/usr/lib/pkgconfig" CC="/opt/solarisstudio12.4/bin/cc" CXX="/opt/solarisstudio12.4/bin/CC"  CC_FOR_BUILD="/opt/solarisstudio12.4/bin/cc -m32" CXX_FOR_BUILD="/opt/solarisstudio12.4/bin/CC -m32" CPPFLAGS="-m32" "ac_cv_func_realloc_0_nonnull=yes" "NM=/usr/gnu/bin/nm" INTLTOOL_PERL="/usr/perl5/5.22/bin/perl" CFLAGS="-m32 -xO4 -xchip=pentium -xregs=no%frameptr -mt" CXXFLAGS="-norunpath -m32 -xO4 -xchip=pentium -xregs=no%frameptr" LDFLAGS="" /bin/bash \
	/ws/userland/src/components/desktop/itstool/itstool-2.0.2/configure --prefix=/usr --mandir=/usr/share/man --bindir=/usr/bin --sbindir=/usr/sbin --libdir=/usr/lib    PYTHON="/usr/bin/python2.7")
checking for a BSD-compatible install... /usr/bin/ginstall -c
checking whether build environment is sane... yes
checking for a thread-safe mkdir -p... /usr/bin/gmkdir -p
checking for gawk... gawk
checking whether make sets $(MAKE)... yes
checking whether /usr/bin/python2.7 version >= 2.6... yes
checking for /usr/bin/python2.7 version... 2.7
checking for /usr/bin/python2.7 platform... sunos5
checking for /usr/bin/python2.7 script directory... ${prefix}/lib/python2.7/site-packages
checking for /usr/bin/python2.7 extension module directory... ${exec_prefix}/lib/python2.7/site-packages
checking for python module libxml2... found
configure: creating ./config.status
config.status: creating Makefile
config.status: creating itstool
config.status: creating itstool.1
config.status: creating its/Makefile
/usr/bin/touch /ws/userland/src/components/desktop/itstool/build/i386/.configured
(cd /ws/userland/src/components/desktop/itstool/build/i386 ; /usr/bin/env LD_OPTIONS="-M /usr/lib/ld/map.noexdata -M /usr/lib/ld/map.pagealign -Bdirect -zignore -zstrip-class=comment" LD_EXEC_OPTIONS=" -zsx=aslr=disable -zsx=nxstack=disable -zsx=nxheap=disable " LD_PIE_OPTIONS="-zsx=aslr=disable -zsx=nxstack=disable -zsx=nxheap=disable "  PKG_CONFIG_PATH="/usr/lib/pkgconfig" "ac_cv_func_realloc_0_nonnull=yes" INTLTOOL_PERL="/usr/perl5/5.22/bin/perl" \
	/usr/gnu/bin/make  )
make[1]: Entering directory '/ws/userland/src/components/desktop/itstool/build/i386'
Making all in its
make[2]: Entering directory '/ws/userland/src/components/desktop/itstool/build/i386/its'
make[2]: Nothing to be done for 'all'.
make[2]: Leaving directory '/ws/userland/src/components/desktop/itstool/build/i386/its'
make[2]: Entering directory '/ws/userland/src/components/desktop/itstool/build/i386'
make[2]: Nothing to be done for 'all-am'.
make[2]: Leaving directory '/ws/userland/src/components/desktop/itstool/build/i386'
make[1]: Leaving directory '/ws/userland/src/components/desktop/itstool/build/i386'
/usr/bin/touch /ws/userland/src/components/desktop/itstool/build/i386/.built
(cd /ws/userland/src/components/desktop/itstool/build/i386 ; /usr/bin/env LD_OPTIONS="-M /usr/lib/ld/map.noexdata -M /usr/lib/ld/map.pagealign -Bdirect -zignore -zstrip-class=comment" LD_EXEC_OPTIONS=" -zsx=aslr=disable -zsx=nxstack=disable -zsx=nxheap=disable " LD_PIE_OPTIONS="-zsx=aslr=disable -zsx=nxstack=disable -zsx=nxheap=disable "  /usr/gnu/bin/make \
		 DESTDIR=/ws/userland/src/components/desktop/itstool/build/prototype/i386 install)
make[1]: Entering directory '/ws/userland/src/components/desktop/itstool/build/i386'
Making install in its
make[2]: Entering directory '/ws/userland/src/components/desktop/itstool/build/i386/its'
make[3]: Entering directory '/ws/userland/src/components/desktop/itstool/build/i386/its'
make[3]: Nothing to be done for 'install-exec-am'.
test -z "/usr/share/itstool/its" || /usr/bin/gmkdir -p "/ws/userland/src/components/desktop/itstool/build/prototype/i386/usr/share/itstool/its"
 /usr/bin/ginstall -c -m 644 /ws/userland/src/components/desktop/itstool/itstool-2.0.2/its/docbook.its /ws/userland/src/components/desktop/itstool/itstool-2.0.2/its/docbook5.its /ws/userland/src/components/desktop/itstool/itstool-2.0.2/its/its.its /ws/userland/src/components/desktop/itstool/itstool-2.0.2/its/mallard.its /ws/userland/src/components/desktop/itstool/itstool-2.0.2/its/ttml.its /ws/userland/src/components/desktop/itstool/itstool-2.0.2/its/xhtml.its '/ws/userland/src/components/desktop/itstool/build/prototype/i386/usr/share/itstool/its'
make[3]: Leaving directory '/ws/userland/src/components/desktop/itstool/build/i386/its'
make[2]: Leaving directory '/ws/userland/src/components/desktop/itstool/build/i386/its'
make[2]: Entering directory '/ws/userland/src/components/desktop/itstool/build/i386'
make[3]: Entering directory '/ws/userland/src/components/desktop/itstool/build/i386'
test -z "/usr/bin" || /usr/bin/gmkdir -p "/ws/userland/src/components/desktop/itstool/build/prototype/i386/usr/bin"
 /usr/bin/ginstall -c itstool '/ws/userland/src/components/desktop/itstool/build/prototype/i386/usr/bin'
test -z "/usr/share/man/man1" || /usr/bin/gmkdir -p "/ws/userland/src/components/desktop/itstool/build/prototype/i386/usr/share/man/man1"
 /usr/bin/ginstall -c -m 644 itstool.1 '/ws/userland/src/components/desktop/itstool/build/prototype/i386/usr/share/man/man1'
make[3]: Leaving directory '/ws/userland/src/components/desktop/itstool/build/i386'
make[2]: Leaving directory '/ws/userland/src/components/desktop/itstool/build/i386'
make[1]: Leaving directory '/ws/userland/src/components/desktop/itstool/build/i386'
/usr/bin/touch /ws/userland/src/components/desktop/itstool/build/i386/.installed
abort: there is no Mercurial repository here (.hg not found)
/usr/bin/pkgfmt -c -fv2 itstool.p5m
/usr/bin/pkgmogrify -D PERL_ARCH=i86pc-solaris-thread-multi-64 -D PERL_VERSION=5.22 -D IPS_COMPONENT_RE_VERSION=2\\.0\\.2 -D COMPONENT_RE_VERSION=2\\.0\\.2 -D PYTHON_2.7_ONLY=# -D PYTHON_3.4_ONLY=# -D PYTHON_3.5_ONLY=# -D SQ=\' -D DQ=\" -D Q=\" -I/ws/userland/src/components/desktop/itstool -D SOLARIS_11_3_ONLY="#" -D SOLARIS_11_5_ONLY="#" -D SOLARIS_11_3_4_ONLY="" -D SOLARIS_11_4_5_ONLY="" -D SOLARIS_11_4_ONLY="" -D ARC_CASE="" -D TPNO="25891" -D BUILD_VERSION="5.11-11.4.0.0.1.14.0" -D OS_RELEASE="5.11" -D SOLARIS_VERSION="2.11" -D PKG_SOLARIS_VERSION="11.4" -D CONSOLIDATION="userland" -D CONSOLIDATION_CHANGESET="" -D CONSOLIDATION_REPOSITORY_URL="https://github.com/oracle/solaris-userland.git" -D COMPONENT_VERSION="2.0.2" -D IPS_COMPONENT_VERSION="2.0.2" -D HUMAN_VERSION="" -D COMPONENT_ARCHIVE_URL="http://files.itstool.org/itstool/itstool-2.0.2.tar.bz2" -D COMPONENT_PROJECT_URL="http://itstool.org/" -D COMPONENT_NAME="itstool" -D HG_REPO="" -D HG_REV="" -D HG_URL="" -D GIT_COMMIT_ID="" -D GIT_REPO="" -D GIT_TAG="" -D MACH="i386" -D MACH32="i86" -D MACH64="amd64" -D PUBLISHER="nightly" -D PUBLISHER_LOCALIZABLE="userland-localizable" itstool.p5m \
	/ws/userland/src/transforms/license-changes /ws/userland/src/transforms/variant-cleanup /ws/userland/src/transforms/autopyc /ws/userland/src/transforms/defaults /ws/userland/src/transforms/actuators /ws/userland/src/transforms/depends /ws/userland/src/transforms/devel /ws/userland/src/transforms/docs /ws/userland/src/transforms/locale /ws/userland/src/transforms/standard-python-libraries /ws/userland/src/transforms/python-rename /ws/userland/src/transforms/python-3-groups /ws/userland/src/transforms/python-3-soabi /ws/userland/src/transforms/python-3-no-32bit /ws/userland/src/transforms/ruby-tests /ws/userland/src/transforms/puppet /ws/userland/src/transforms/libtool-drop /ws/userland/src/transforms/incorporate /ws/userland/src/transforms/publish-cleanup | \
	sed -e '/^$/d' -e '/^#.*$/d' | uniq >/ws/userland/src/components/desktop/itstool/build/manifest-i386-itstool.mogrified
/bin/mkdir -p /ws/userland/src/components/desktop/itstool/build/prototype/i386/mangled
/ws/userland/src/tools/userland-mangler -D /ws/userland/src/components/desktop/itstool/build/prototype/i386/mangled -d /ws/userland/src/components/desktop/itstool/build/prototype/i386/mangled -d /ws/userland/src/components/desktop/itstool/build/prototype/i386 -d /ws/userland/src/components/desktop/itstool/build -d /ws/userland/src/components/desktop/itstool -d itstool-2.0.2 -d /ws/userland/src/licenses -m /ws/userland/src/components/desktop/itstool/build/manifest-i386-itstool.mogrified >/ws/userland/src/components/desktop/itstool/build/manifest-i386-itstool.mangled
/usr/bin/env  /usr/bin/pkgdepend generate \
    -m -d /ws/userland/src/components/desktop/itstool/build/prototype/i386/mangled -d /ws/userland/src/components/desktop/itstool/build/prototype/i386 -d /ws/userland/src/components/desktop/itstool/build -d /ws/userland/src/components/desktop/itstool -d itstool-2.0.2 -d /ws/userland/src/licenses /ws/userland/src/components/desktop/itstool/build/manifest-i386-itstool.mangled >/ws/userland/src/components/desktop/itstool/build/manifest-i386-itstool.depend
/usr/bin/pkgdepend resolve -e /ws/userland/src/components/desktop/itstool/build/resolve.deps -m /ws/userland/src/components/desktop/itstool/build/manifest-i386-itstool.depend
/usr/bin/touch /ws/userland/src/components/desktop/itstool/build/.resolved-i386
VALIDATING MANIFEST CONTENT: /ws/userland/src/components/desktop/itstool/build/manifest-i386-itstool.depend.res
/usr/bin/env PYTHONPATH=/ws/userland/src/tools/python PROTO_PATH="/ws/userland/src/components/desktop/itstool/build/prototype/i386/mangled /ws/userland/src/components/desktop/itstool/build/prototype/i386 /ws/userland/src/components/desktop/itstool/build /ws/userland/src/components/desktop/itstool itstool-2.0.2 /ws/userland/src/licenses"\
	SOLARIS_VERSION=2.11\
	/bin/true -c /ws/userland/src/i386/pkglint-cache \
		-f /ws/userland/src/tools/pkglintrc /ws/userland/src/components/desktop/itstool/build/manifest-i386-itstool.depend.res
/usr/bin/touch /ws/userland/src/components/desktop/itstool/build/.linted-i386
/usr/bin/pkgsend -s file:/ws/userland/src/i386/repo publish --fmri-in-manifest --no-catalog -d /ws/userland/src/components/desktop/itstool/build/prototype/i386/mangled -d /ws/userland/src/components/desktop/itstool/build/prototype/i386 -d /ws/userland/src/components/desktop/itstool/build -d /ws/userland/src/components/desktop/itstool -d itstool-2.0.2 -d /ws/userland/src/licenses -T \*.py /ws/userland/src/components/desktop/itstool/build/manifest-i386-itstool.depend.res
pkg://nightly/developer/documentation-tool/itstool@2.0.2,5.11-11.4.0.0.1.14.0:20190727T211533Z
PUBLISHED
/usr/bin/pkgfmt </ws/userland/src/components/desktop/itstool/build/manifest-i386-itstool.depend.res >/ws/userland/src/components/desktop/itstool/build/manifest-i386-itstool.published
/usr/bin/touch /ws/userland/src/components/desktop/itstool/build/.published-i386
gmake: Leaving directory '/ws/userland/src/components/desktop/itstool'

real        6.6
user        2.4
sys         1.2
