gmake: Entering directory '/ws/userland/src/components/desktop/uhttpmock'
/bin/rm -f -r /ws/userland/src/components/desktop/uhttpmock/uhttpmock-0.5.1
/usr/bin/env RUBY_VERSION=2.1 /ws/userland/src/tools/userland-unpack  uhttpmock-0.5.1.tar.xz
/usr/bin/touch /ws/userland/src/components/desktop/uhttpmock/uhttpmock-0.5.1/.unpacked
/usr/bin/touch /ws/userland/src/components/desktop/uhttpmock/uhttpmock-0.5.1/.prep
(/bin/rm -f -rf /ws/userland/src/components/desktop/uhttpmock/build/i86 ; /bin/mkdir -p /ws/userland/src/components/desktop/uhttpmock/build/i86)
(cd /ws/userland/src/components/desktop/uhttpmock/build/i86 ; /usr/bin/env CONFIG_SHELL="/bin/bash" PKG_CONFIG_PATH="/usr/lib/pkgconfig" CC="/usr/gcc/7/bin/gcc" CXX="/usr/gcc/7/bin/g++"  CC_FOR_BUILD="/usr/gcc/7/bin/gcc -m32" CXX_FOR_BUILD="/usr/gcc/7/bin/g++ -m32" CPPFLAGS="-m32" "ac_cv_func_realloc_0_nonnull=yes" "NM=/usr/gnu/bin/nm" INTLTOOL_PERL="/usr/perl5/5.22/bin/perl" CFLAGS="-m32 -O3 -mincoming-stack-boundary=2" CXXFLAGS="-m32 -O3 -mincoming-stack-boundary=2" LDFLAGS="" /bin/bash \
	/ws/userland/src/components/desktop/uhttpmock/uhttpmock-0.5.1/configure --prefix=/usr --mandir=/usr/share/man --bindir=/usr/bin/i86 --sbindir=/usr/sbin/i86 --libdir=/usr/lib    --disable-static --enable-gtk-doc --enable-introspection --enable-shared --enable-vala --with-pic)
checking whether to enable debugging... no
checking for gcc... /usr/gcc/7/bin/gcc
checking whether the C compiler works... yes
checking for C compiler default output file name... a.out
checking for suffix of executables... 
checking whether we are cross compiling... no
checking for suffix of object files... o
checking whether we are using the GNU C compiler... yes
checking whether /usr/gcc/7/bin/gcc accepts -g... yes
checking for /usr/gcc/7/bin/gcc option to accept ISO C89... none needed
checking whether /usr/gcc/7/bin/gcc understands -c and -o together... yes
checking how to run the C preprocessor... /usr/gcc/7/bin/gcc -E
checking for grep that handles long lines and -e... /usr/bin/ggrep
checking for egrep... /usr/bin/ggrep -E
checking for ANSI C header files... yes
checking for sys/types.h... yes
checking for sys/stat.h... yes
checking for stdlib.h... yes
checking for string.h... yes
checking for memory.h... yes
checking for strings.h... yes
checking for inttypes.h... yes
checking for stdint.h... yes
checking for unistd.h... yes
checking minix/config.h usability... no
checking minix/config.h presence... no
checking for minix/config.h... no
checking whether it is safe to define __EXTENSIONS__... yes
checking for a BSD-compatible install... /usr/bin/ginstall -c
checking whether build environment is sane... yes
checking for a thread-safe mkdir -p... /usr/bin/gmkdir -p
checking for gawk... gawk
checking whether make sets $(MAKE)... yes
checking for style of include used by make... GNU
checking whether make supports nested variables... yes
checking dependency style of /usr/gcc/7/bin/gcc... gcc3
checking whether make supports nested variables... (cached) yes
checking whether we are using the GNU C++ compiler... yes
checking whether /usr/gcc/7/bin/g++ accepts -g... yes
checking dependency style of /usr/gcc/7/bin/g++... gcc3
checking build system type... i386-pc-solaris2.11
checking host system type... i386-pc-solaris2.11
checking how to print strings... print -r
checking for a sed that does not truncate output... /usr/bin/gsed
checking for fgrep... /usr/bin/ggrep -F
checking for ld used by /usr/gcc/7/bin/gcc... /usr/bin/ld
checking if the linker (/usr/bin/ld) is GNU ld... no
checking for BSD- or MS-compatible name lister (nm)... /usr/gnu/bin/nm
checking the name lister (/usr/gnu/bin/nm) interface... BSD nm
checking whether ln -s works... yes
checking the maximum length of command line arguments... 1572480
checking how to convert i386-pc-solaris2.11 file names to i386-pc-solaris2.11 format... func_convert_file_noop
checking how to convert i386-pc-solaris2.11 file names to toolchain format... func_convert_file_noop
checking for /usr/bin/ld option to reload object files... -r
checking for objdump... objdump
checking how to recognize dependent libraries... pass_all
checking for dlltool... no
checking how to associate runtime and link libraries... print -r --
checking for ar... ar
checking for archiver @FILE support... no
checking for strip... strip
checking for ranlib... ranlib
checking command to parse /usr/gnu/bin/nm output from /usr/gcc/7/bin/gcc object... ok
checking for sysroot... no
checking for a working dd... /usr/bin/dd
checking how to truncate binary pipes... /usr/bin/dd bs=4096 count=1
checking for mt... mt
checking if mt is a manifest tool... no
checking for dlfcn.h... yes
checking for objdir... .libs
checking if /usr/gcc/7/bin/gcc supports -fno-rtti -fno-exceptions... no
checking for /usr/gcc/7/bin/gcc option to produce PIC... -fPIC -DPIC
checking if /usr/gcc/7/bin/gcc PIC flag -fPIC -DPIC works... yes
checking if /usr/gcc/7/bin/gcc static flag -static works... no
checking if /usr/gcc/7/bin/gcc supports -c -o file.o... yes
checking if /usr/gcc/7/bin/gcc supports -c -o file.o... (cached) yes
checking whether the /usr/gcc/7/bin/gcc linker (/usr/bin/ld) supports shared libraries... yes
checking whether -lc should be explicitly linked in... no
checking dynamic linker characteristics... solaris2.11 ld.so
checking how to hardcode library paths into programs... immediate
checking whether stripping libraries is possible... no
checking if libtool supports shared libraries... yes
checking whether to build shared libraries... yes
checking whether to build static libraries... no
checking how to run the C++ preprocessor... /usr/gcc/7/bin/g++ -E
checking for ld used by /usr/gcc/7/bin/g++... /usr/bin/ld
checking if the linker (/usr/bin/ld) is GNU ld... no
checking whether the /usr/gcc/7/bin/g++ linker (/usr/bin/ld) supports shared libraries... yes
checking for /usr/gcc/7/bin/g++ option to produce PIC... -fPIC -DPIC
checking if /usr/gcc/7/bin/g++ PIC flag -fPIC -DPIC works... yes
checking if /usr/gcc/7/bin/g++ static flag -static works... no
checking if /usr/gcc/7/bin/g++ supports -c -o file.o... yes
checking if /usr/gcc/7/bin/g++ supports -c -o file.o... (cached) yes
checking whether the /usr/gcc/7/bin/g++ linker (/usr/bin/ld) supports shared libraries... yes
checking dynamic linker characteristics... solaris2.11 ld.so
checking how to hardcode library paths into programs... immediate
checking for pkg-config... /usr/bin/pkg-config
checking pkg-config is at least version 0.9.0... yes
checking for UHM... yes
checking for LIBSOUP... yes
checking whether to build with code coverage support... no
checking whether C compiler accepts -Werror=unknown-warning-option... no
checking whether C compiler accepts -fno-strict-aliasing... yes
checking whether C compiler accepts -Wall... yes
checking whether C compiler accepts -Wextra... yes
checking whether C compiler accepts -Wundef... yes
checking whether C compiler accepts -Wnested-externs... yes
checking whether C compiler accepts -Wwrite-strings... yes
checking whether C compiler accepts -Wpointer-arith... yes
checking whether C compiler accepts -Wmissing-declarations... yes
checking whether C compiler accepts -Wmissing-prototypes... yes
checking whether C compiler accepts -Wstrict-prototypes... yes
checking whether C compiler accepts -Wredundant-decls... yes
checking whether C compiler accepts -Wno-unused-parameter... yes
checking whether C compiler accepts -Wno-missing-field-initializers... yes
checking whether C compiler accepts -Wdeclaration-after-statement... yes
checking whether C compiler accepts -Wformat=2... yes
checking whether C compiler accepts -Wold-style-definition... yes
checking whether C compiler accepts -Wcast-align... yes
checking whether C compiler accepts -Wformat-nonliteral... yes
checking whether C compiler accepts -Wformat-security... yes
checking whether C compiler accepts -Wsign-compare... yes
checking whether C compiler accepts -Wstrict-aliasing... yes
checking whether C compiler accepts -Wshadow... yes
checking whether C compiler accepts -Winline... yes
checking whether C compiler accepts -Wpacked... yes
checking whether C compiler accepts -Wmissing-format-attribute... yes
checking whether C compiler accepts -Wmissing-noreturn... yes
checking whether C compiler accepts -Winit-self... yes
checking whether C compiler accepts -Wredundant-decls... (cached) yes
checking whether C compiler accepts -Wmissing-include-dirs... yes
checking whether C compiler accepts -Wunused-but-set-variable... yes
checking whether C compiler accepts -Warray-bounds... yes
checking whether C compiler accepts -Wimplicit-function-declaration... yes
checking whether C compiler accepts -Wreturn-type... yes
checking whether C compiler accepts -Wswitch-enum... yes
checking whether C compiler accepts -Wswitch-default... yes
checking whether C compiler accepts -Wno-error=unused-parameter... yes
checking whether C compiler accepts -Wno-error=missing-field-initializers... yes
checking whether C++ compiler accepts -Werror=unknown-warning-option... no
checking whether C++ compiler accepts -fno-strict-aliasing... yes
checking whether C++ compiler accepts -Wall... yes
checking whether C++ compiler accepts -Wextra... yes
checking whether C++ compiler accepts -Wundef... yes
checking whether C++ compiler accepts -Wwrite-strings... yes
checking whether C++ compiler accepts -Wpointer-arith... yes
checking whether C++ compiler accepts -Wmissing-declarations... yes
checking whether C++ compiler accepts -Wredundant-decls... yes
checking whether C++ compiler accepts -Wno-unused-parameter... yes
checking whether C++ compiler accepts -Wno-missing-field-initializers... yes
checking whether C++ compiler accepts -Wformat=2... yes
checking whether C++ compiler accepts -Wcast-align... yes
checking whether C++ compiler accepts -Wformat-nonliteral... yes
checking whether C++ compiler accepts -Wformat-security... yes
checking whether C++ compiler accepts -Wsign-compare... yes
checking whether C++ compiler accepts -Wstrict-aliasing... yes
checking whether C++ compiler accepts -Wshadow... yes
checking whether C++ compiler accepts -Winline... yes
checking whether C++ compiler accepts -Wpacked... yes
checking whether C++ compiler accepts -Wmissing-format-attribute... yes
checking whether C++ compiler accepts -Wmissing-noreturn... yes
checking whether C++ compiler accepts -Winit-self... yes
checking whether C++ compiler accepts -Wredundant-decls... (cached) yes
checking whether C++ compiler accepts -Wmissing-include-dirs... yes
checking whether C++ compiler accepts -Wunused-but-set-variable... yes
checking whether C++ compiler accepts -Warray-bounds... yes
checking whether C++ compiler accepts -Wreturn-type... yes
checking whether C++ compiler accepts -Wno-overloaded-virtual... yes
checking whether C++ compiler accepts -Wswitch-enum... yes
checking whether C++ compiler accepts -Wswitch-default... yes
checking whether C++ compiler accepts -Wno-error=unused-parameter... yes
checking whether C++ compiler accepts -Wno-error=missing-field-initializers... yes
checking whether C++ compiler accepts -Wno-error=overloaded-virtual... yes
checking whether C compiler accepts -Werror=unknown-warning-option... (cached) no
checking whether the linker accepts -Wl,--no-as-needed... yes
checking whether the linker accepts -Wl,--fatal-warnings... yes
checking whether the linker accepts -Wl,-fatal_warnings... no
checking whether the linker accepts -Wl,--no-as-needed... yes
checking for gobject-introspection... yes
checking for pkg-config... (cached) /usr/bin/pkg-config
checking pkg-config is at least version 0.9.0... yes
checking for vapigen... yes
checking for gtk-doc... yes
checking for gtkdoc-check... gtkdoc-check.test
checking for gtkdoc-check... /usr/bin/gtkdoc-check
checking for gtkdoc-rebase... /usr/bin/gtkdoc-rebase
checking for gtkdoc-mkpdf... /usr/bin/gtkdoc-mkpdf
checking whether to build gtk-doc documentation... yes
checking for GTKDOC_DEPS... yes
checking that generated files are newer than configure... done
configure: creating ./config.status
config.status: creating Makefile
config.status: creating libuhttpmock/libuhttpmock-0.0.pc
config.status: creating libuhttpmock/uhm-version.h
config.status: creating libuhttpmock/tests/Makefile
config.status: creating libuhttpmock/docs/Makefile
config.status: creating libuhttpmock/docs/version.xml
config.status: creating config.h
config.status: executing depfiles commands
config.status: executing libtool commands
/usr/bin/touch /ws/userland/src/components/desktop/uhttpmock/build/i86/.configured
(cd /ws/userland/src/components/desktop/uhttpmock/build/i86 ; /usr/bin/env LD_OPTIONS="-M /usr/lib/ld/map.noexdata -M /usr/lib/ld/map.pagealign -Bdirect -zignore -zstrip-class=comment" LD_EXEC_OPTIONS=" -zsx=aslr=enable -zsx=nxstack=enable -zsx=nxheap=enable " LD_PIE_OPTIONS="-zsx=aslr=enable -zsx=nxstack=enable -zsx=nxheap=enable "  PKG_CONFIG_PATH="/usr/lib/pkgconfig" "ac_cv_func_realloc_0_nonnull=yes" INTLTOOL_PERL="/usr/perl5/5.22/bin/perl" GI_SCANNER_DISABLE_CACHE="" \
	/usr/gnu/bin/make  )
make[1]: Entering directory '/ws/userland/src/components/desktop/uhttpmock/build/i86'
/usr/gnu/bin/make  all-recursive
make[2]: Entering directory '/ws/userland/src/components/desktop/uhttpmock/build/i86'
Making all in .
make[3]: Entering directory '/ws/userland/src/components/desktop/uhttpmock/build/i86'
  CC       libuhttpmock/libuhttpmock_libuhttpmock_0.0_la-uhm-resolver.lo
  CC       libuhttpmock/libuhttpmock_libuhttpmock_0.0_la-uhm-server.lo
  CCLD     libuhttpmock/libuhttpmock-0.0.la
  GISCAN   libuhttpmock/Uhm-0.0.gir
/usr/gcc/7/lib/gcc/x86_64-pc-solaris2.11/7.3.0/include/stddef.h:435: syntax error, unexpected identifier in '  __float128 __max_align_f128 __attribute__((__aligned__(__alignof(__float128))));' at '__float128'
  GICOMP   libuhttpmock/Uhm-0.0.gir
 VAPIGEN libuhttpmock/libuhttpmock-0.0.vapi
  GEN      libuhttpmock/libuhttpmock-0.0.deps
make[3]: Leaving directory '/ws/userland/src/components/desktop/uhttpmock/build/i86'
Making all in libuhttpmock/tests
make[3]: Entering directory '/ws/userland/src/components/desktop/uhttpmock/build/i86/libuhttpmock/tests'
  CC       server.o
  CCLD     server
  CC       resolver.o
  CCLD     resolver
make[3]: Leaving directory '/ws/userland/src/components/desktop/uhttpmock/build/i86/libuhttpmock/tests'
Making all in libuhttpmock/docs
make[3]: Entering directory '/ws/userland/src/components/desktop/uhttpmock/build/i86/libuhttpmock/docs'
  DOC   Preparing build
  DOC   Scanning header files
  DOC   Introspecting gobjects
  DOC   Building XML
  DOC   Building XML
cd ../.. && /bin/bash ./config.status libuhttpmock/docs/version.xml
config.status: creating libuhttpmock/docs/version.xml
  DOC   Building HTML
  DOC   Fixing cross-references
html/libuhttpmock-0.0-Version-Information.html:81: warning: no link for: 'TRUE:CAPS' -> (<code class="literal">TRUE</code>).
html/UhmServer.html:326: warning: no link for: 'GTlsCertificate' -> (<span class="type">GTlsCertificate</span>).
html/UhmServer.html:332: warning: no link for: 'GFile' -> (<span class="type">GFile</span>).
html/UhmServer.html:351: warning: no link for: 'G-SIGNAL-RUN-LAST:CAPS' -> (Run Last).
html/UhmServer.html:404: warning: no link for: 'FALSE:CAPS' -> (<code class="literal">FALSE</code>).
html/UhmServer.html:423: warning: no link for: 'g-object-unref' -> (<code class="function">g_object_unref()</code>).
html/UhmServer.html:435: warning: no link for: 'GResolver' -> (<span class="type">GResolver</span>).
html/UhmServer.html:488: warning: no link for: 'GError' -> (<span class="type">GError</span>).
html/UhmServer.html:492: warning: no link for: 'NULL:CAPS' -> (<code class="literal">NULL</code>).
html/UhmServer.html:543: warning: no link for: 'GIOError' -> (<span class="type">GIOError</span>).
html/UhmServer.html:606: warning: no link for: 'GCancellable' -> (<span class="type">GCancellable</span>).
html/UhmServer.html:658: warning: no link for: 'GAsyncReadyCallback' -> (<span class="type">GAsyncReadyCallback</span>).
html/UhmServer.html:707: warning: no link for: 'GAsyncResult' -> (<span class="type">GAsyncResult</span>).
html/UhmServer.html:772: warning: no link for: 'UhmServer--compare-messages' -> (<span class="type">“compare-messages”</span>).
html/UhmServer.html:863: warning: no link for: 'G-IO-ERROR:CAPS' -> (<code class="literal">G_IO_ERROR</code>).
html/UhmServer.html:1376: warning: no link for: 'GObject-notify' -> (<span class="type">“notify”</span>).
html/UhmServer.html:1626: warning: no link for: 'g-tls-certificate-new-from-files' -> (<code class="function">g_tls_certificate_new_from_files()</code>).
make[3]: Leaving directory '/ws/userland/src/components/desktop/uhttpmock/build/i86/libuhttpmock/docs'
make[2]: Leaving directory '/ws/userland/src/components/desktop/uhttpmock/build/i86'
make[1]: Leaving directory '/ws/userland/src/components/desktop/uhttpmock/build/i86'
/usr/bin/touch /ws/userland/src/components/desktop/uhttpmock/build/i86/.built
(/bin/rm -f -rf /ws/userland/src/components/desktop/uhttpmock/build/amd64 ; /bin/mkdir -p /ws/userland/src/components/desktop/uhttpmock/build/amd64)
(cd /ws/userland/src/components/desktop/uhttpmock/build/amd64 ; /usr/bin/env CONFIG_SHELL="/bin/bash" PKG_CONFIG_PATH="/usr/lib/amd64/pkgconfig" CC="/usr/gcc/7/bin/gcc" CXX="/usr/gcc/7/bin/g++" PATH="/usr/bin/amd64:/usr/bin:/usr/gnu/bin" CC_FOR_BUILD="/usr/gcc/7/bin/gcc -m64" CXX_FOR_BUILD="/usr/gcc/7/bin/g++ -m64" CPPFLAGS="-m64" "ac_cv_func_realloc_0_nonnull=yes" "NM=/usr/gnu/bin/nm" INTLTOOL_PERL="/usr/perl5/5.22/bin/perl" CFLAGS="-m64 -O3" CXXFLAGS="-m64 -O3" LDFLAGS="" /bin/bash \
	/ws/userland/src/components/desktop/uhttpmock/uhttpmock-0.5.1/configure --prefix=/usr --mandir=/usr/share/man --bindir=/usr/bin --sbindir=/usr/sbin --libdir=/usr/lib/amd64    --disable-static --enable-gtk-doc --enable-introspection --enable-shared --enable-vala --with-pic)
checking whether to enable debugging... no
checking for gcc... /usr/gcc/7/bin/gcc
checking whether the C compiler works... yes
checking for C compiler default output file name... a.out
checking for suffix of executables... 
checking whether we are cross compiling... no
checking for suffix of object files... o
checking whether we are using the GNU C compiler... yes
checking whether /usr/gcc/7/bin/gcc accepts -g... yes
checking for /usr/gcc/7/bin/gcc option to accept ISO C89... none needed
checking whether /usr/gcc/7/bin/gcc understands -c and -o together... yes
checking how to run the C preprocessor... /usr/gcc/7/bin/gcc -E
checking for grep that handles long lines and -e... /usr/bin/ggrep
checking for egrep... /usr/bin/ggrep -E
checking for ANSI C header files... yes
checking for sys/types.h... yes
checking for sys/stat.h... yes
checking for stdlib.h... yes
checking for string.h... yes
checking for memory.h... yes
checking for strings.h... yes
checking for inttypes.h... yes
checking for stdint.h... yes
checking for unistd.h... yes
checking minix/config.h usability... no
checking minix/config.h presence... no
checking for minix/config.h... no
checking whether it is safe to define __EXTENSIONS__... yes
checking for a BSD-compatible install... /usr/bin/ginstall -c
checking whether build environment is sane... yes
checking for a thread-safe mkdir -p... /usr/bin/gmkdir -p
checking for gawk... gawk
checking whether make sets $(MAKE)... yes
checking for style of include used by make... GNU
checking whether make supports nested variables... yes
checking dependency style of /usr/gcc/7/bin/gcc... gcc3
checking whether make supports nested variables... (cached) yes
checking whether we are using the GNU C++ compiler... yes
checking whether /usr/gcc/7/bin/g++ accepts -g... yes
checking dependency style of /usr/gcc/7/bin/g++... gcc3
checking build system type... x86_64-pc-solaris2.11
checking host system type... x86_64-pc-solaris2.11
checking how to print strings... print -r
checking for a sed that does not truncate output... /usr/bin/gsed
checking for fgrep... /usr/bin/ggrep -F
checking for ld used by /usr/gcc/7/bin/gcc... /usr/bin/ld
checking if the linker (/usr/bin/ld) is GNU ld... no
checking for BSD- or MS-compatible name lister (nm)... /usr/gnu/bin/nm
checking the name lister (/usr/gnu/bin/nm) interface... BSD nm
checking whether ln -s works... yes
checking the maximum length of command line arguments... 1572480
checking how to convert x86_64-pc-solaris2.11 file names to x86_64-pc-solaris2.11 format... func_convert_file_noop
checking how to convert x86_64-pc-solaris2.11 file names to toolchain format... func_convert_file_noop
checking for /usr/bin/ld option to reload object files... -r
checking for objdump... objdump
checking how to recognize dependent libraries... pass_all
checking for dlltool... no
checking how to associate runtime and link libraries... print -r --
checking for ar... ar
checking for archiver @FILE support... no
checking for strip... strip
checking for ranlib... ranlib
checking command to parse /usr/gnu/bin/nm output from /usr/gcc/7/bin/gcc object... ok
checking for sysroot... no
checking for a working dd... /usr/bin/dd
checking how to truncate binary pipes... /usr/bin/dd bs=4096 count=1
checking for mt... mt
checking if mt is a manifest tool... no
checking for dlfcn.h... yes
checking for objdir... .libs
checking if /usr/gcc/7/bin/gcc supports -fno-rtti -fno-exceptions... no
checking for /usr/gcc/7/bin/gcc option to produce PIC... -fPIC -DPIC
checking if /usr/gcc/7/bin/gcc PIC flag -fPIC -DPIC works... yes
checking if /usr/gcc/7/bin/gcc static flag -static works... no
checking if /usr/gcc/7/bin/gcc supports -c -o file.o... yes
checking if /usr/gcc/7/bin/gcc supports -c -o file.o... (cached) yes
checking whether the /usr/gcc/7/bin/gcc linker (/usr/bin/ld -64) supports shared libraries... yes
checking whether -lc should be explicitly linked in... no
checking dynamic linker characteristics... solaris2.11 ld.so
checking how to hardcode library paths into programs... immediate
checking whether stripping libraries is possible... no
checking if libtool supports shared libraries... yes
checking whether to build shared libraries... yes
checking whether to build static libraries... no
checking how to run the C++ preprocessor... /usr/gcc/7/bin/g++ -E
checking for ld used by /usr/gcc/7/bin/g++... /usr/bin/ld -64
checking if the linker (/usr/bin/ld -64) is GNU ld... no
checking whether the /usr/gcc/7/bin/g++ linker (/usr/bin/ld -64) supports shared libraries... yes
checking for /usr/gcc/7/bin/g++ option to produce PIC... -fPIC -DPIC
checking if /usr/gcc/7/bin/g++ PIC flag -fPIC -DPIC works... yes
checking if /usr/gcc/7/bin/g++ static flag -static works... no
checking if /usr/gcc/7/bin/g++ supports -c -o file.o... yes
checking if /usr/gcc/7/bin/g++ supports -c -o file.o... (cached) yes
checking whether the /usr/gcc/7/bin/g++ linker (/usr/bin/ld -64) supports shared libraries... yes
checking dynamic linker characteristics... solaris2.11 ld.so
checking how to hardcode library paths into programs... immediate
checking for pkg-config... /usr/bin/pkg-config
checking pkg-config is at least version 0.9.0... yes
checking for UHM... yes
checking for LIBSOUP... yes
checking whether to build with code coverage support... no
checking whether C compiler accepts -Werror=unknown-warning-option... no
checking whether C compiler accepts -fno-strict-aliasing... yes
checking whether C compiler accepts -Wall... yes
checking whether C compiler accepts -Wextra... yes
checking whether C compiler accepts -Wundef... yes
checking whether C compiler accepts -Wnested-externs... yes
checking whether C compiler accepts -Wwrite-strings... yes
checking whether C compiler accepts -Wpointer-arith... yes
checking whether C compiler accepts -Wmissing-declarations... yes
checking whether C compiler accepts -Wmissing-prototypes... yes
checking whether C compiler accepts -Wstrict-prototypes... yes
checking whether C compiler accepts -Wredundant-decls... yes
checking whether C compiler accepts -Wno-unused-parameter... yes
checking whether C compiler accepts -Wno-missing-field-initializers... yes
checking whether C compiler accepts -Wdeclaration-after-statement... yes
checking whether C compiler accepts -Wformat=2... yes
checking whether C compiler accepts -Wold-style-definition... yes
checking whether C compiler accepts -Wcast-align... yes
checking whether C compiler accepts -Wformat-nonliteral... yes
checking whether C compiler accepts -Wformat-security... yes
checking whether C compiler accepts -Wsign-compare... yes
checking whether C compiler accepts -Wstrict-aliasing... yes
checking whether C compiler accepts -Wshadow... yes
checking whether C compiler accepts -Winline... yes
checking whether C compiler accepts -Wpacked... yes
checking whether C compiler accepts -Wmissing-format-attribute... yes
checking whether C compiler accepts -Wmissing-noreturn... yes
checking whether C compiler accepts -Winit-self... yes
checking whether C compiler accepts -Wredundant-decls... (cached) yes
checking whether C compiler accepts -Wmissing-include-dirs... yes
checking whether C compiler accepts -Wunused-but-set-variable... yes
checking whether C compiler accepts -Warray-bounds... yes
checking whether C compiler accepts -Wimplicit-function-declaration... yes
checking whether C compiler accepts -Wreturn-type... yes
checking whether C compiler accepts -Wswitch-enum... yes
checking whether C compiler accepts -Wswitch-default... yes
checking whether C compiler accepts -Wno-error=unused-parameter... yes
checking whether C compiler accepts -Wno-error=missing-field-initializers... yes
checking whether C++ compiler accepts -Werror=unknown-warning-option... no
checking whether C++ compiler accepts -fno-strict-aliasing... yes
checking whether C++ compiler accepts -Wall... yes
checking whether C++ compiler accepts -Wextra... yes
checking whether C++ compiler accepts -Wundef... yes
checking whether C++ compiler accepts -Wwrite-strings... yes
checking whether C++ compiler accepts -Wpointer-arith... yes
checking whether C++ compiler accepts -Wmissing-declarations... yes
checking whether C++ compiler accepts -Wredundant-decls... yes
checking whether C++ compiler accepts -Wno-unused-parameter... yes
checking whether C++ compiler accepts -Wno-missing-field-initializers... yes
checking whether C++ compiler accepts -Wformat=2... yes
checking whether C++ compiler accepts -Wcast-align... yes
checking whether C++ compiler accepts -Wformat-nonliteral... yes
checking whether C++ compiler accepts -Wformat-security... yes
checking whether C++ compiler accepts -Wsign-compare... yes
checking whether C++ compiler accepts -Wstrict-aliasing... yes
checking whether C++ compiler accepts -Wshadow... yes
checking whether C++ compiler accepts -Winline... yes
checking whether C++ compiler accepts -Wpacked... yes
checking whether C++ compiler accepts -Wmissing-format-attribute... yes
checking whether C++ compiler accepts -Wmissing-noreturn... yes
checking whether C++ compiler accepts -Winit-self... yes
checking whether C++ compiler accepts -Wredundant-decls... (cached) yes
checking whether C++ compiler accepts -Wmissing-include-dirs... yes
checking whether C++ compiler accepts -Wunused-but-set-variable... yes
checking whether C++ compiler accepts -Warray-bounds... yes
checking whether C++ compiler accepts -Wreturn-type... yes
checking whether C++ compiler accepts -Wno-overloaded-virtual... yes
checking whether C++ compiler accepts -Wswitch-enum... yes
checking whether C++ compiler accepts -Wswitch-default... yes
checking whether C++ compiler accepts -Wno-error=unused-parameter... yes
checking whether C++ compiler accepts -Wno-error=missing-field-initializers... yes
checking whether C++ compiler accepts -Wno-error=overloaded-virtual... yes
checking whether C compiler accepts -Werror=unknown-warning-option... (cached) no
checking whether the linker accepts -Wl,--no-as-needed... yes
checking whether the linker accepts -Wl,--fatal-warnings... yes
checking whether the linker accepts -Wl,-fatal_warnings... no
checking whether the linker accepts -Wl,--no-as-needed... yes
checking for gobject-introspection... yes
checking for pkg-config... (cached) /usr/bin/pkg-config
checking pkg-config is at least version 0.9.0... yes
checking for vapigen... yes
checking for gtk-doc... yes
checking for gtkdoc-check... gtkdoc-check.test
checking for gtkdoc-check... /usr/bin/gtkdoc-check
checking for gtkdoc-rebase... /usr/bin/gtkdoc-rebase
checking for gtkdoc-mkpdf... /usr/bin/gtkdoc-mkpdf
checking whether to build gtk-doc documentation... yes
checking for GTKDOC_DEPS... yes
checking that generated files are newer than configure... done
configure: creating ./config.status
config.status: creating Makefile
config.status: creating libuhttpmock/libuhttpmock-0.0.pc
config.status: creating libuhttpmock/uhm-version.h
config.status: creating libuhttpmock/tests/Makefile
config.status: creating libuhttpmock/docs/Makefile
config.status: creating libuhttpmock/docs/version.xml
config.status: creating config.h
config.status: executing depfiles commands
config.status: executing libtool commands
/usr/bin/touch /ws/userland/src/components/desktop/uhttpmock/build/amd64/.configured
(cd /ws/userland/src/components/desktop/uhttpmock/build/amd64 ; /usr/bin/env LD_OPTIONS="-M /usr/lib/ld/map.noexdata -M /usr/lib/ld/map.pagealign -Bdirect -zignore -zstrip-class=comment" LD_EXEC_OPTIONS=" -zsx=aslr=enable -zsx=nxstack=enable -zsx=nxheap=enable " LD_PIE_OPTIONS="-zsx=aslr=enable -zsx=nxstack=enable -zsx=nxheap=enable "  PKG_CONFIG_PATH="/usr/lib/amd64/pkgconfig" "ac_cv_func_realloc_0_nonnull=yes" INTLTOOL_PERL="/usr/perl5/5.22/bin/perl" GI_SCANNER_DISABLE_CACHE="" \
	/usr/gnu/bin/make  )
make[1]: Entering directory '/ws/userland/src/components/desktop/uhttpmock/build/amd64'
/usr/gnu/bin/make  all-recursive
make[2]: Entering directory '/ws/userland/src/components/desktop/uhttpmock/build/amd64'
Making all in .
make[3]: Entering directory '/ws/userland/src/components/desktop/uhttpmock/build/amd64'
  CC       libuhttpmock/libuhttpmock_libuhttpmock_0.0_la-uhm-resolver.lo
  CC       libuhttpmock/libuhttpmock_libuhttpmock_0.0_la-uhm-server.lo
  CCLD     libuhttpmock/libuhttpmock-0.0.la
  GISCAN   libuhttpmock/Uhm-0.0.gir
  GICOMP   libuhttpmock/Uhm-0.0.gir
 VAPIGEN libuhttpmock/libuhttpmock-0.0.vapi
  GEN      libuhttpmock/libuhttpmock-0.0.deps
make[3]: Leaving directory '/ws/userland/src/components/desktop/uhttpmock/build/amd64'
Making all in libuhttpmock/tests
make[3]: Entering directory '/ws/userland/src/components/desktop/uhttpmock/build/amd64/libuhttpmock/tests'
  CC       server.o
  CCLD     server
  CC       resolver.o
  CCLD     resolver
make[3]: Leaving directory '/ws/userland/src/components/desktop/uhttpmock/build/amd64/libuhttpmock/tests'
Making all in libuhttpmock/docs
make[3]: Entering directory '/ws/userland/src/components/desktop/uhttpmock/build/amd64/libuhttpmock/docs'
  DOC   Preparing build
  DOC   Scanning header files
  DOC   Introspecting gobjects
  DOC   Building XML
  DOC   Building XML
cd ../.. && /bin/bash ./config.status libuhttpmock/docs/version.xml
config.status: creating libuhttpmock/docs/version.xml
  DOC   Building HTML
  DOC   Fixing cross-references
html/UhmResolver.html:140: warning: no link for: 'g-object-unref' -> (<code class="function">g_object_unref()</code>).
html/UhmResolver.html:205: warning: no link for: 'TRUE:CAPS' -> (<code class="literal">TRUE</code>).
html/UhmResolver.html:205: warning: no link for: 'FALSE:CAPS' -> (<code class="literal">FALSE</code>).
html/UhmServer.html:326: warning: no link for: 'GTlsCertificate' -> (<span class="type">GTlsCertificate</span>).
html/UhmServer.html:332: warning: no link for: 'GFile' -> (<span class="type">GFile</span>).
html/UhmServer.html:351: warning: no link for: 'G-SIGNAL-RUN-LAST:CAPS' -> (Run Last).
html/UhmServer.html:435: warning: no link for: 'GResolver' -> (<span class="type">GResolver</span>).
html/UhmServer.html:488: warning: no link for: 'GError' -> (<span class="type">GError</span>).
html/UhmServer.html:492: warning: no link for: 'NULL:CAPS' -> (<code class="literal">NULL</code>).
html/UhmServer.html:543: warning: no link for: 'GIOError' -> (<span class="type">GIOError</span>).
html/UhmServer.html:606: warning: no link for: 'GCancellable' -> (<span class="type">GCancellable</span>).
html/UhmServer.html:658: warning: no link for: 'GAsyncReadyCallback' -> (<span class="type">GAsyncReadyCallback</span>).
html/UhmServer.html:707: warning: no link for: 'GAsyncResult' -> (<span class="type">GAsyncResult</span>).
html/UhmServer.html:772: warning: no link for: 'UhmServer--compare-messages' -> (<span class="type">“compare-messages”</span>).
html/UhmServer.html:863: warning: no link for: 'G-IO-ERROR:CAPS' -> (<code class="literal">G_IO_ERROR</code>).
html/UhmServer.html:1376: warning: no link for: 'GObject-notify' -> (<span class="type">“notify”</span>).
html/UhmServer.html:1626: warning: no link for: 'g-tls-certificate-new-from-files' -> (<code class="function">g_tls_certificate_new_from_files()</code>).
make[3]: Leaving directory '/ws/userland/src/components/desktop/uhttpmock/build/amd64/libuhttpmock/docs'
make[2]: Leaving directory '/ws/userland/src/components/desktop/uhttpmock/build/amd64'
make[1]: Leaving directory '/ws/userland/src/components/desktop/uhttpmock/build/amd64'
/usr/bin/touch /ws/userland/src/components/desktop/uhttpmock/build/amd64/.built
(cd /ws/userland/src/components/desktop/uhttpmock/build/i86 ; /usr/bin/env LD_OPTIONS="-M /usr/lib/ld/map.noexdata -M /usr/lib/ld/map.pagealign -Bdirect -zignore -zstrip-class=comment" LD_EXEC_OPTIONS=" -zsx=aslr=enable -zsx=nxstack=enable -zsx=nxheap=enable " LD_PIE_OPTIONS="-zsx=aslr=enable -zsx=nxstack=enable -zsx=nxheap=enable "  /usr/gnu/bin/make \
		 DESTDIR=/ws/userland/src/components/desktop/uhttpmock/build/prototype/i386 install)
make[1]: Entering directory '/ws/userland/src/components/desktop/uhttpmock/build/i86'
Making install in .
make[2]: Entering directory '/ws/userland/src/components/desktop/uhttpmock/build/i86'
make[3]: Entering directory '/ws/userland/src/components/desktop/uhttpmock/build/i86'
 /usr/bin/gmkdir -p '/ws/userland/src/components/desktop/uhttpmock/build/prototype/i386/usr/lib'
 /bin/bash ./libtool   --mode=install /usr/bin/ginstall -c   libuhttpmock/libuhttpmock-0.0.la '/ws/userland/src/components/desktop/uhttpmock/build/prototype/i386/usr/lib'
libtool: install: /usr/bin/ginstall -c libuhttpmock/.libs/libuhttpmock-0.0.so.0.2.1 /ws/userland/src/components/desktop/uhttpmock/build/prototype/i386/usr/lib/libuhttpmock-0.0.so.0.2.1
libtool: install: (cd /ws/userland/src/components/desktop/uhttpmock/build/prototype/i386/usr/lib && { ln -s -f libuhttpmock-0.0.so.0.2.1 libuhttpmock-0.0.so.0 || { rm -f libuhttpmock-0.0.so.0 && ln -s libuhttpmock-0.0.so.0.2.1 libuhttpmock-0.0.so.0; }; })
libtool: install: (cd /ws/userland/src/components/desktop/uhttpmock/build/prototype/i386/usr/lib && { ln -s -f libuhttpmock-0.0.so.0.2.1 libuhttpmock-0.0.so || { rm -f libuhttpmock-0.0.so && ln -s libuhttpmock-0.0.so.0.2.1 libuhttpmock-0.0.so; }; })
libtool: install: chmod +x /ws/userland/src/components/desktop/uhttpmock/build/prototype/i386/usr/lib/libuhttpmock-0.0.so.0.2.1
libtool: install: /usr/bin/ginstall -c libuhttpmock/.libs/libuhttpmock-0.0.lai /ws/userland/src/components/desktop/uhttpmock/build/prototype/i386/usr/lib/libuhttpmock-0.0.la
libtool: warning: remember to run 'libtool --finish /usr/lib'
 /usr/bin/gmkdir -p '/ws/userland/src/components/desktop/uhttpmock/build/prototype/i386/usr/share/gir-1.0'
 /usr/bin/ginstall -c -m 644 libuhttpmock/Uhm-0.0.gir '/ws/userland/src/components/desktop/uhttpmock/build/prototype/i386/usr/share/gir-1.0'
 /usr/bin/gmkdir -p '/ws/userland/src/components/desktop/uhttpmock/build/prototype/i386/usr/lib/pkgconfig'
 /usr/bin/ginstall -c -m 644 libuhttpmock/libuhttpmock-0.0.pc '/ws/userland/src/components/desktop/uhttpmock/build/prototype/i386/usr/lib/pkgconfig'
 /usr/bin/gmkdir -p '/ws/userland/src/components/desktop/uhttpmock/build/prototype/i386/usr/lib/girepository-1.0'
 /usr/bin/ginstall -c -m 644 libuhttpmock/Uhm-0.0.typelib '/ws/userland/src/components/desktop/uhttpmock/build/prototype/i386/usr/lib/girepository-1.0'
 /usr/bin/gmkdir -p '/ws/userland/src/components/desktop/uhttpmock/build/prototype/i386/usr/include/libuhttpmock-0.0/uhttpmock'
 /usr/bin/ginstall -c -m 644 /ws/userland/src/components/desktop/uhttpmock/uhttpmock-0.5.1/libuhttpmock/uhm.h /ws/userland/src/components/desktop/uhttpmock/uhttpmock-0.5.1/libuhttpmock/uhm-resolver.h /ws/userland/src/components/desktop/uhttpmock/uhttpmock-0.5.1/libuhttpmock/uhm-server.h libuhttpmock/uhm-version.h '/ws/userland/src/components/desktop/uhttpmock/build/prototype/i386/usr/include/libuhttpmock-0.0/uhttpmock'
 /usr/bin/gmkdir -p '/ws/userland/src/components/desktop/uhttpmock/build/prototype/i386/usr/share/vala/vapi'
 /usr/bin/ginstall -c -m 644 libuhttpmock/libuhttpmock-0.0.vapi libuhttpmock/libuhttpmock-0.0.deps '/ws/userland/src/components/desktop/uhttpmock/build/prototype/i386/usr/share/vala/vapi'
make[3]: Leaving directory '/ws/userland/src/components/desktop/uhttpmock/build/i86'
make[2]: Leaving directory '/ws/userland/src/components/desktop/uhttpmock/build/i86'
Making install in libuhttpmock/tests
make[2]: Entering directory '/ws/userland/src/components/desktop/uhttpmock/build/i86/libuhttpmock/tests'
make[3]: Entering directory '/ws/userland/src/components/desktop/uhttpmock/build/i86/libuhttpmock/tests'
make[3]: Nothing to be done for 'install-exec-am'.
make[3]: Nothing to be done for 'install-data-am'.
make[3]: Leaving directory '/ws/userland/src/components/desktop/uhttpmock/build/i86/libuhttpmock/tests'
make[2]: Leaving directory '/ws/userland/src/components/desktop/uhttpmock/build/i86/libuhttpmock/tests'
Making install in libuhttpmock/docs
make[2]: Entering directory '/ws/userland/src/components/desktop/uhttpmock/build/i86/libuhttpmock/docs'
make[3]: Entering directory '/ws/userland/src/components/desktop/uhttpmock/build/i86/libuhttpmock/docs'
make[3]: Nothing to be done for 'install-exec-am'.
 /usr/bin/ginstall -c -m 644 ./html/UhmResolver.html
 /usr/bin/ginstall -c -m 644 ./html/UhmServer.html
 /usr/bin/ginstall -c -m 644 ./html/annotation-glossary.html
 /usr/bin/ginstall -c -m 644 ./html/ch01.html
 /usr/bin/ginstall -c -m 644 ./html/ch02.html
 /usr/bin/ginstall -c -m 644 ./html/home.png
 /usr/bin/ginstall -c -m 644 ./html/index.html
 /usr/bin/ginstall -c -m 644 ./html/ix01.html
 /usr/bin/ginstall -c -m 644 ./html/ix02.html
 /usr/bin/ginstall -c -m 644 ./html/ix03.html
 /usr/bin/ginstall -c -m 644 ./html/ix04.html
 /usr/bin/ginstall -c -m 644 ./html/ix05.html
 /usr/bin/ginstall -c -m 644 ./html/left-insensitive.png
 /usr/bin/ginstall -c -m 644 ./html/left.png
 /usr/bin/ginstall -c -m 644 ./html/libuhttpmock-0.0-Version-Information.html
 /usr/bin/ginstall -c -m 644 ./html/libuhttpmock-0.0.devhelp2
 /usr/bin/ginstall -c -m 644 ./html/pt01.html
 /usr/bin/ginstall -c -m 644 ./html/pt02.html
 /usr/bin/ginstall -c -m 644 ./html/pt03.html
 /usr/bin/ginstall -c -m 644 ./html/right-insensitive.png
 /usr/bin/ginstall -c -m 644 ./html/right.png
 /usr/bin/ginstall -c -m 644 ./html/style.css
 /usr/bin/ginstall -c -m 644 ./html/up-insensitive.png
 /usr/bin/ginstall -c -m 644 ./html/up.png
../libsoup-2.4/ -> /usr/share/gtk-doc/html/libsoup-2.4/ (16)
make[3]: Leaving directory '/ws/userland/src/components/desktop/uhttpmock/build/i86/libuhttpmock/docs'
make[2]: Leaving directory '/ws/userland/src/components/desktop/uhttpmock/build/i86/libuhttpmock/docs'
make[1]: Leaving directory '/ws/userland/src/components/desktop/uhttpmock/build/i86'
/usr/bin/touch /ws/userland/src/components/desktop/uhttpmock/build/i86/.installed
(cd /ws/userland/src/components/desktop/uhttpmock/build/amd64 ; /usr/bin/env LD_OPTIONS="-M /usr/lib/ld/map.noexdata -M /usr/lib/ld/map.pagealign -Bdirect -zignore -zstrip-class=comment" LD_EXEC_OPTIONS=" -zsx=aslr=enable -zsx=nxstack=enable -zsx=nxheap=enable " LD_PIE_OPTIONS="-zsx=aslr=enable -zsx=nxstack=enable -zsx=nxheap=enable "  /usr/gnu/bin/make \
		 DESTDIR=/ws/userland/src/components/desktop/uhttpmock/build/prototype/i386 install)
make[1]: Entering directory '/ws/userland/src/components/desktop/uhttpmock/build/amd64'
Making install in .
make[2]: Entering directory '/ws/userland/src/components/desktop/uhttpmock/build/amd64'
make[3]: Entering directory '/ws/userland/src/components/desktop/uhttpmock/build/amd64'
 /usr/bin/gmkdir -p '/ws/userland/src/components/desktop/uhttpmock/build/prototype/i386/usr/lib/amd64'
 /bin/bash ./libtool   --mode=install /usr/bin/ginstall -c   libuhttpmock/libuhttpmock-0.0.la '/ws/userland/src/components/desktop/uhttpmock/build/prototype/i386/usr/lib/amd64'
libtool: install: /usr/bin/ginstall -c libuhttpmock/.libs/libuhttpmock-0.0.so.0.2.1 /ws/userland/src/components/desktop/uhttpmock/build/prototype/i386/usr/lib/amd64/libuhttpmock-0.0.so.0.2.1
libtool: install: (cd /ws/userland/src/components/desktop/uhttpmock/build/prototype/i386/usr/lib/amd64 && { ln -s -f libuhttpmock-0.0.so.0.2.1 libuhttpmock-0.0.so.0 || { rm -f libuhttpmock-0.0.so.0 && ln -s libuhttpmock-0.0.so.0.2.1 libuhttpmock-0.0.so.0; }; })
libtool: install: (cd /ws/userland/src/components/desktop/uhttpmock/build/prototype/i386/usr/lib/amd64 && { ln -s -f libuhttpmock-0.0.so.0.2.1 libuhttpmock-0.0.so || { rm -f libuhttpmock-0.0.so && ln -s libuhttpmock-0.0.so.0.2.1 libuhttpmock-0.0.so; }; })
libtool: install: chmod +x /ws/userland/src/components/desktop/uhttpmock/build/prototype/i386/usr/lib/amd64/libuhttpmock-0.0.so.0.2.1
libtool: install: /usr/bin/ginstall -c libuhttpmock/.libs/libuhttpmock-0.0.lai /ws/userland/src/components/desktop/uhttpmock/build/prototype/i386/usr/lib/amd64/libuhttpmock-0.0.la
libtool: warning: remember to run 'libtool --finish /usr/lib/amd64'
 /usr/bin/gmkdir -p '/ws/userland/src/components/desktop/uhttpmock/build/prototype/i386/usr/share/gir-1.0'
 /usr/bin/ginstall -c -m 644 libuhttpmock/Uhm-0.0.gir '/ws/userland/src/components/desktop/uhttpmock/build/prototype/i386/usr/share/gir-1.0'
 /usr/bin/gmkdir -p '/ws/userland/src/components/desktop/uhttpmock/build/prototype/i386/usr/lib/amd64/pkgconfig'
 /usr/bin/ginstall -c -m 644 libuhttpmock/libuhttpmock-0.0.pc '/ws/userland/src/components/desktop/uhttpmock/build/prototype/i386/usr/lib/amd64/pkgconfig'
 /usr/bin/gmkdir -p '/ws/userland/src/components/desktop/uhttpmock/build/prototype/i386/usr/lib/amd64/girepository-1.0'
 /usr/bin/ginstall -c -m 644 libuhttpmock/Uhm-0.0.typelib '/ws/userland/src/components/desktop/uhttpmock/build/prototype/i386/usr/lib/amd64/girepository-1.0'
 /usr/bin/gmkdir -p '/ws/userland/src/components/desktop/uhttpmock/build/prototype/i386/usr/include/libuhttpmock-0.0/uhttpmock'
 /usr/bin/ginstall -c -m 644 /ws/userland/src/components/desktop/uhttpmock/uhttpmock-0.5.1/libuhttpmock/uhm.h /ws/userland/src/components/desktop/uhttpmock/uhttpmock-0.5.1/libuhttpmock/uhm-resolver.h /ws/userland/src/components/desktop/uhttpmock/uhttpmock-0.5.1/libuhttpmock/uhm-server.h libuhttpmock/uhm-version.h '/ws/userland/src/components/desktop/uhttpmock/build/prototype/i386/usr/include/libuhttpmock-0.0/uhttpmock'
 /usr/bin/gmkdir -p '/ws/userland/src/components/desktop/uhttpmock/build/prototype/i386/usr/share/vala/vapi'
 /usr/bin/ginstall -c -m 644 libuhttpmock/libuhttpmock-0.0.vapi libuhttpmock/libuhttpmock-0.0.deps '/ws/userland/src/components/desktop/uhttpmock/build/prototype/i386/usr/share/vala/vapi'
make[3]: Leaving directory '/ws/userland/src/components/desktop/uhttpmock/build/amd64'
make[2]: Leaving directory '/ws/userland/src/components/desktop/uhttpmock/build/amd64'
Making install in libuhttpmock/tests
make[2]: Entering directory '/ws/userland/src/components/desktop/uhttpmock/build/amd64/libuhttpmock/tests'
make[3]: Entering directory '/ws/userland/src/components/desktop/uhttpmock/build/amd64/libuhttpmock/tests'
make[3]: Nothing to be done for 'install-exec-am'.
make[3]: Nothing to be done for 'install-data-am'.
make[3]: Leaving directory '/ws/userland/src/components/desktop/uhttpmock/build/amd64/libuhttpmock/tests'
make[2]: Leaving directory '/ws/userland/src/components/desktop/uhttpmock/build/amd64/libuhttpmock/tests'
Making install in libuhttpmock/docs
make[2]: Entering directory '/ws/userland/src/components/desktop/uhttpmock/build/amd64/libuhttpmock/docs'
make[3]: Entering directory '/ws/userland/src/components/desktop/uhttpmock/build/amd64/libuhttpmock/docs'
make[3]: Nothing to be done for 'install-exec-am'.
 /usr/bin/ginstall -c -m 644 ./html/UhmResolver.html
 /usr/bin/ginstall -c -m 644 ./html/UhmServer.html
 /usr/bin/ginstall -c -m 644 ./html/annotation-glossary.html
 /usr/bin/ginstall -c -m 644 ./html/ch01.html
 /usr/bin/ginstall -c -m 644 ./html/ch02.html
 /usr/bin/ginstall -c -m 644 ./html/home.png
 /usr/bin/ginstall -c -m 644 ./html/index.html
 /usr/bin/ginstall -c -m 644 ./html/ix01.html
 /usr/bin/ginstall -c -m 644 ./html/ix02.html
 /usr/bin/ginstall -c -m 644 ./html/ix03.html
 /usr/bin/ginstall -c -m 644 ./html/ix04.html
 /usr/bin/ginstall -c -m 644 ./html/ix05.html
 /usr/bin/ginstall -c -m 644 ./html/left-insensitive.png
 /usr/bin/ginstall -c -m 644 ./html/left.png
 /usr/bin/ginstall -c -m 644 ./html/libuhttpmock-0.0-Version-Information.html
 /usr/bin/ginstall -c -m 644 ./html/libuhttpmock-0.0.devhelp2
 /usr/bin/ginstall -c -m 644 ./html/pt01.html
 /usr/bin/ginstall -c -m 644 ./html/pt02.html
 /usr/bin/ginstall -c -m 644 ./html/pt03.html
 /usr/bin/ginstall -c -m 644 ./html/right-insensitive.png
 /usr/bin/ginstall -c -m 644 ./html/right.png
 /usr/bin/ginstall -c -m 644 ./html/style.css
 /usr/bin/ginstall -c -m 644 ./html/up-insensitive.png
 /usr/bin/ginstall -c -m 644 ./html/up.png
../libsoup-2.4/ -> /usr/share/gtk-doc/html/libsoup-2.4/ (16)
make[3]: Leaving directory '/ws/userland/src/components/desktop/uhttpmock/build/amd64/libuhttpmock/docs'
make[2]: Leaving directory '/ws/userland/src/components/desktop/uhttpmock/build/amd64/libuhttpmock/docs'
make[1]: Leaving directory '/ws/userland/src/components/desktop/uhttpmock/build/amd64'
/usr/bin/touch /ws/userland/src/components/desktop/uhttpmock/build/amd64/.installed
abort: there is no Mercurial repository here (.hg not found)
/usr/bin/pkgfmt -c -fv2 uhttpmock.p5m
/usr/bin/pkgmogrify -D PERL_ARCH=i86pc-solaris-thread-multi-64 -D PERL_VERSION=5.22 -D IPS_COMPONENT_RE_VERSION=0\\.5\\.1 -D COMPONENT_RE_VERSION=0\\.5\\.1 -D PYTHON_2.7_ONLY=# -D PYTHON_3.4_ONLY=# -D PYTHON_3.5_ONLY=# -D SQ=\' -D DQ=\" -D Q=\" -I/ws/userland/src/components/desktop/uhttpmock -D SOLARIS_11_3_ONLY="#" -D SOLARIS_11_5_ONLY="#" -D SOLARIS_11_3_4_ONLY="" -D SOLARIS_11_4_5_ONLY="" -D SOLARIS_11_4_ONLY="" -D ARC_CASE="" -D TPNO="34660" -D BUILD_VERSION="5.11-11.4.0.0.1.14.0" -D OS_RELEASE="5.11" -D SOLARIS_VERSION="2.11" -D PKG_SOLARIS_VERSION="11.4" -D CONSOLIDATION="userland" -D CONSOLIDATION_CHANGESET="" -D CONSOLIDATION_REPOSITORY_URL="https://github.com/oracle/solaris-userland.git" -D COMPONENT_VERSION="0.5.1" -D IPS_COMPONENT_VERSION="0.5.1" -D HUMAN_VERSION="" -D COMPONENT_ARCHIVE_URL="https://tecnocode.co.uk/downloads/uhttpmock/uhttpmock-0.5.1.tar.xz" -D COMPONENT_PROJECT_URL="https://gitlab.com/uhttpmock/" -D COMPONENT_NAME="uhttpmock" -D HG_REPO="" -D HG_REV="" -D HG_URL="" -D GIT_COMMIT_ID="" -D GIT_REPO="" -D GIT_TAG="" -D MACH="i386" -D MACH32="i86" -D MACH64="amd64" -D PUBLISHER="nightly" -D PUBLISHER_LOCALIZABLE="userland-localizable" uhttpmock.p5m \
	/ws/userland/src/transforms/license-changes /ws/userland/src/transforms/variant-cleanup /ws/userland/src/transforms/autopyc /ws/userland/src/transforms/defaults /ws/userland/src/transforms/actuators /ws/userland/src/transforms/depends /ws/userland/src/transforms/devel /ws/userland/src/transforms/docs /ws/userland/src/transforms/locale /ws/userland/src/transforms/standard-python-libraries /ws/userland/src/transforms/python-rename /ws/userland/src/transforms/python-3-groups /ws/userland/src/transforms/python-3-soabi /ws/userland/src/transforms/python-3-no-32bit /ws/userland/src/transforms/ruby-tests /ws/userland/src/transforms/puppet /ws/userland/src/transforms/libtool-drop /ws/userland/src/transforms/incorporate /ws/userland/src/transforms/publish-cleanup | \
	sed -e '/^$/d' -e '/^#.*$/d' | uniq >/ws/userland/src/components/desktop/uhttpmock/build/manifest-i386-uhttpmock.mogrified
/bin/mkdir -p /ws/userland/src/components/desktop/uhttpmock/build/prototype/i386/mangled
/ws/userland/src/tools/userland-mangler -D /ws/userland/src/components/desktop/uhttpmock/build/prototype/i386/mangled -d /ws/userland/src/components/desktop/uhttpmock/build/prototype/i386/mangled -d /ws/userland/src/components/desktop/uhttpmock/build/prototype/i386 -d /ws/userland/src/components/desktop/uhttpmock/build -d /ws/userland/src/components/desktop/uhttpmock -d uhttpmock-0.5.1 -d /ws/userland/src/licenses -m /ws/userland/src/components/desktop/uhttpmock/build/manifest-i386-uhttpmock.mogrified >/ws/userland/src/components/desktop/uhttpmock/build/manifest-i386-uhttpmock.mangled
/usr/bin/env  /usr/bin/pkgdepend generate \
    -m -d /ws/userland/src/components/desktop/uhttpmock/build/prototype/i386/mangled -d /ws/userland/src/components/desktop/uhttpmock/build/prototype/i386 -d /ws/userland/src/components/desktop/uhttpmock/build -d /ws/userland/src/components/desktop/uhttpmock -d uhttpmock-0.5.1 -d /ws/userland/src/licenses /ws/userland/src/components/desktop/uhttpmock/build/manifest-i386-uhttpmock.mangled >/ws/userland/src/components/desktop/uhttpmock/build/manifest-i386-uhttpmock.depend
/usr/bin/pkgdepend resolve -e /ws/userland/src/components/desktop/uhttpmock/build/resolve.deps -m /ws/userland/src/components/desktop/uhttpmock/build/manifest-i386-uhttpmock.depend
/usr/bin/touch /ws/userland/src/components/desktop/uhttpmock/build/.resolved-i386
VALIDATING MANIFEST CONTENT: /ws/userland/src/components/desktop/uhttpmock/build/manifest-i386-uhttpmock.depend.res
/usr/bin/env PYTHONPATH=/ws/userland/src/tools/python PROTO_PATH="/ws/userland/src/components/desktop/uhttpmock/build/prototype/i386/mangled /ws/userland/src/components/desktop/uhttpmock/build/prototype/i386 /ws/userland/src/components/desktop/uhttpmock/build /ws/userland/src/components/desktop/uhttpmock uhttpmock-0.5.1 /ws/userland/src/licenses"\
	SOLARIS_VERSION=2.11\
	/bin/true -c /ws/userland/src/i386/pkglint-cache \
		-f /ws/userland/src/tools/pkglintrc /ws/userland/src/components/desktop/uhttpmock/build/manifest-i386-uhttpmock.depend.res
/usr/bin/touch /ws/userland/src/components/desktop/uhttpmock/build/.linted-i386
/usr/bin/pkgsend -s file:/ws/userland/src/i386/repo publish --fmri-in-manifest --no-catalog -d /ws/userland/src/components/desktop/uhttpmock/build/prototype/i386/mangled -d /ws/userland/src/components/desktop/uhttpmock/build/prototype/i386 -d /ws/userland/src/components/desktop/uhttpmock/build -d /ws/userland/src/components/desktop/uhttpmock -d uhttpmock-0.5.1 -d /ws/userland/src/licenses -T \*.py /ws/userland/src/components/desktop/uhttpmock/build/manifest-i386-uhttpmock.depend.res
pkg://nightly/library/uhttpmock@0.5.1,5.11-11.4.0.0.1.14.0:20190728T003351Z
PUBLISHED
/usr/bin/pkgfmt </ws/userland/src/components/desktop/uhttpmock/build/manifest-i386-uhttpmock.depend.res >/ws/userland/src/components/desktop/uhttpmock/build/manifest-i386-uhttpmock.published
/usr/bin/touch /ws/userland/src/components/desktop/uhttpmock/build/.published-i386
gmake: Leaving directory '/ws/userland/src/components/desktop/uhttpmock'

real     1:20.1
user       22.6
sys        16.1
