gmake: Entering directory '/ws/userland/src/components/desktop/pidgin-otr'
/bin/rm -f -r /ws/userland/src/components/desktop/pidgin-otr/pidgin-otr-4.0.2
/usr/bin/env RUBY_VERSION=2.1 /ws/userland/src/tools/userland-unpack  pidgin-otr-4.0.2.tar.gz
/usr/bin/touch /ws/userland/src/components/desktop/pidgin-otr/pidgin-otr-4.0.2/.unpacked
/usr/bin/touch /ws/userland/src/components/desktop/pidgin-otr/pidgin-otr-4.0.2/.prep
(/bin/rm -f -rf /ws/userland/src/components/desktop/pidgin-otr/build/amd64 ; /bin/mkdir -p /ws/userland/src/components/desktop/pidgin-otr/build/amd64)
(cd /ws/userland/src/components/desktop/pidgin-otr/build/amd64 ; /usr/bin/env CONFIG_SHELL="/bin/bash" PKG_CONFIG_PATH="/usr/lib/amd64/pkgconfig" CC="/opt/solarisstudio12.4/bin/cc" CXX="/opt/solarisstudio12.4/bin/CC" PATH="/usr/bin/amd64:/usr/gnu/bin:/usr/bin" CC_FOR_BUILD="/opt/solarisstudio12.4/bin/cc -m64" CXX_FOR_BUILD="/opt/solarisstudio12.4/bin/CC -m64" CPPFLAGS="-m64" "ac_cv_func_realloc_0_nonnull=yes" "NM=/usr/gnu/bin/nm" INTLTOOL_PERL="/usr/perl5/5.22/bin/perl" CFLAGS="-m64 -xO4 -xchip=generic -Ui386 -U__i386 -xregs=no%frameptr -mt -DG_IMPLEMENT_INLINES -DG_HAVE_ISO_VARARGS" CXXFLAGS="-norunpath -m64 -xO4 -xchip=generic -Ui386 -U__i386 -xregs=no%frameptr" LDFLAGS="" /bin/bash \
	/ws/userland/src/components/desktop/pidgin-otr/pidgin-otr-4.0.2/configure --prefix=/usr --mandir=/usr/share/man --bindir=/usr/bin --sbindir=/usr/sbin --libdir=/usr/lib/amd64   )
checking whether make supports nested variables... yes
checking for a BSD-compatible install... /usr/gnu/bin/install -c
checking whether build environment is sane... yes
checking for a thread-safe mkdir -p... /usr/gnu/bin/mkdir -p
checking for gawk... gawk
checking whether make sets $(MAKE)... yes
checking for style of include used by make... GNU
checking for gcc... /opt/solarisstudio12.4/bin/cc
checking whether the C compiler works... yes
checking for C compiler default output file name... a.out
checking for suffix of executables... 
checking whether we are cross compiling... no
checking for suffix of object files... o
checking whether we are using the GNU C compiler... no
checking whether /opt/solarisstudio12.4/bin/cc accepts -g... yes
checking for /opt/solarisstudio12.4/bin/cc option to accept ISO C89... none needed
checking whether /opt/solarisstudio12.4/bin/cc understands -c and -o together... yes
checking dependency style of /opt/solarisstudio12.4/bin/cc... none
checking for ar... ar
checking the archiver (ar) interface... ar
checking for gcc... (cached) /opt/solarisstudio12.4/bin/cc
checking whether we are using the GNU C compiler... (cached) no
checking whether /opt/solarisstudio12.4/bin/cc accepts -g... (cached) yes
checking for /opt/solarisstudio12.4/bin/cc option to accept ISO C89... (cached) none needed
checking whether /opt/solarisstudio12.4/bin/cc understands -c and -o together... (cached) yes
checking dependency style of /opt/solarisstudio12.4/bin/cc... (cached) none
checking build system type... x86_64-pc-solaris2.11
checking host system type... x86_64-pc-solaris2.11
checking how to print strings... print -r
checking for a sed that does not truncate output... /usr/gnu/bin/sed
checking for grep that handles long lines and -e... /usr/gnu/bin/grep
checking for egrep... /usr/gnu/bin/grep -E
checking for fgrep... /usr/gnu/bin/grep -F
checking for non-GNU ld... /usr/bin/amd64/ld
checking if the linker (/usr/bin/amd64/ld) is GNU ld... no
checking for BSD- or MS-compatible name lister (nm)... /usr/gnu/bin/nm
checking the name lister (/usr/gnu/bin/nm) interface... BSD nm
checking whether ln -s works... yes
checking the maximum length of command line arguments... 1572480
checking whether the shell understands some XSI constructs... yes
checking whether the shell understands "+="... yes
checking how to convert x86_64-pc-solaris2.11 file names to x86_64-pc-solaris2.11 format... func_convert_file_noop
checking how to convert x86_64-pc-solaris2.11 file names to toolchain format... func_convert_file_noop
checking for /usr/bin/amd64/ld option to reload object files... -r
checking for objdump... objdump
checking how to recognize dependent libraries... pass_all
checking for dlltool... no
checking how to associate runtime and link libraries... print -r --
checking for archiver @FILE support... @
checking for strip... strip
checking for ranlib... ranlib
checking command to parse /usr/gnu/bin/nm output from /opt/solarisstudio12.4/bin/cc object... ok
checking for sysroot... no
checking for mt... mt
checking if mt is a manifest tool... no
checking how to run the C preprocessor... /opt/solarisstudio12.4/bin/cc -E
checking for ANSI C header files... yes
checking for sys/types.h... yes
checking for sys/stat.h... yes
checking for stdlib.h... yes
checking for string.h... yes
checking for memory.h... yes
checking for strings.h... yes
checking for inttypes.h... yes
checking for stdint.h... yes
checking for unistd.h... yes
checking for dlfcn.h... yes
checking for objdir... .libs
checking for /opt/solarisstudio12.4/bin/cc option to produce PIC... -KPIC -DPIC
checking if /opt/solarisstudio12.4/bin/cc PIC flag -KPIC -DPIC works... yes
checking if /opt/solarisstudio12.4/bin/cc static flag -Bstatic works... yes
checking if /opt/solarisstudio12.4/bin/cc supports -c -o file.o... yes
checking if /opt/solarisstudio12.4/bin/cc supports -c -o file.o... (cached) yes
checking whether the /opt/solarisstudio12.4/bin/cc linker (/usr/bin/amd64/ld -64) supports shared libraries... yes
checking dynamic linker characteristics... solaris2.11 ld.so
checking how to hardcode library paths into programs... immediate
checking whether stripping libraries is possible... no
checking if libtool supports shared libraries... yes
checking whether to build shared libraries... yes
checking whether to build static libraries... no
checking for libgcrypt-config... /usr/bin/amd64/libgcrypt-config
checking for LIBGCRYPT - version >= 1.2.0... yes (1.8.1)
checking LIBGCRYPT API version... okay
checking for libotr CFLAGS... 
checking for libotr LIBS...  -lotr
checking for libotr headers version 4.x >= 4.0.0... found.
checking for otrl_message_receiving in -lotr... yes
checking for pkg-config... /usr/bin/pkg-config
checking pkg-config is at least version 0.9.0... yes
checking for EXTRA... yes
checking whether NLS is requested... yes
checking for intltool-update... /usr/bin/intltool-update
checking for intltool-merge... /usr/bin/intltool-merge
checking for intltool-extract... /usr/bin/intltool-extract
checking for xgettext... /usr/gnu/bin/xgettext
checking for msgmerge... /usr/bin/msgmerge
checking for msgfmt... /usr/gnu/bin/msgfmt
checking for gmsgfmt... /usr/bin/gmsgfmt
checking for perl... /usr/perl5/5.22/bin/perl
checking for perl >= 5.8.1... 5.22.1
checking for XML::Parser... ok
checking locale.h usability... yes
checking locale.h presence... yes
checking for locale.h... yes
checking for LC_MESSAGES... yes
checking libintl.h usability... yes
checking libintl.h presence... yes
checking for libintl.h... yes
checking for ngettext in libc... yes
checking for dgettext in libc... yes
checking for bind_textdomain_codeset... yes
checking for msgfmt... (cached) /usr/gnu/bin/msgfmt
checking for dcgettext... yes
checking if msgfmt accepts -c... yes
checking for gmsgfmt... (cached) /usr/bin/gmsgfmt
checking for xgettext... (cached) /usr/gnu/bin/xgettext
checking for catalogs to be installed...  ar cs da de el es fa fi fr hu it my_MM nb_NO nl nn pl pt_BR ru sk sv vi zh_CN
checking for win32... no
checking whether the compiler accepts -fstack-protector-all... no
checking whether the compiler accepts -Wstack-protector... no
checking whether the compiler accepts -fwrapv... no
checking whether the compiler accepts --param ssp-buffer-size=1... no
checking whether the compiler accepts -fno-strict-overflow... no
checking whether the compiler accepts -Wall... no
checking whether the compiler accepts -Wextra -Wno-unused-parameter -Wno-missing-field-initializers... no
checking whether the compiler accepts -Wformat-security... no
checking whether the compiler accepts -fPIE... no
checking whether the linker accepts -pie... no
checking whether the linker accepts -z relro -z now... no
checking that generated files are newer than configure... done
configure: creating ./config.status
config.status: creating Makefile
config.status: creating po/Makefile.in
config.status: creating config.h
config.status: executing depfiles commands
config.status: executing libtool commands
config.status: executing default-1 commands
config.status: executing po/stamp-it commands
/usr/bin/touch /ws/userland/src/components/desktop/pidgin-otr/build/amd64/.configured
(cd /ws/userland/src/components/desktop/pidgin-otr/build/amd64 ; /usr/bin/env LD_OPTIONS="-M /usr/lib/ld/map.noexdata -M /usr/lib/ld/map.pagealign -Bdirect -zignore -zstrip-class=comment" LD_EXEC_OPTIONS=" -zsx=aslr=enable -zsx=nxstack=enable -zsx=nxheap=enable " LD_PIE_OPTIONS="-zsx=aslr=enable -zsx=nxstack=enable -zsx=nxheap=enable "  PKG_CONFIG_PATH="/usr/lib/amd64/pkgconfig" "ac_cv_func_realloc_0_nonnull=yes" INTLTOOL_PERL="/usr/perl5/5.22/bin/perl" \
	/usr/gnu/bin/make  )
make[1]: Entering directory '/ws/userland/src/components/desktop/pidgin-otr/build/amd64'
/usr/gnu/bin/make  all-recursive
make[2]: Entering directory '/ws/userland/src/components/desktop/pidgin-otr/build/amd64'
Making all in po
make[3]: Entering directory '/ws/userland/src/components/desktop/pidgin-otr/build/amd64/po'
  MSGFMT ar.gmo
  MSGFMT cs.gmo
  MSGFMT da.gmo
  MSGFMT de.gmo
  MSGFMT el.gmo
  MSGFMT es.gmo
  MSGFMT fa.gmo
  MSGFMT fi.gmo
  MSGFMT fr.gmo
  MSGFMT hu.gmo
  MSGFMT it.gmo
  MSGFMT my_MM.gmo
  MSGFMT nb_NO.gmo
  MSGFMT nl.gmo
  MSGFMT nn.gmo
  MSGFMT pl.gmo
  MSGFMT pt_BR.gmo
  MSGFMT ru.gmo
  MSGFMT sk.gmo
  MSGFMT sv.gmo
  MSGFMT vi.gmo
  MSGFMT zh_CN.gmo
make[3]: Leaving directory '/ws/userland/src/components/desktop/pidgin-otr/build/amd64/po'
make[3]: Entering directory '/ws/userland/src/components/desktop/pidgin-otr/build/amd64'
  CC       otr-plugin.lo
  CC       ui.lo
  CC       dialogs.lo
  CC       gtk-ui.lo
  CC       gtk-dialog.lo
  CC       tooltipmenu.lo
  CCLD     pidgin-otr.la
make[3]: Leaving directory '/ws/userland/src/components/desktop/pidgin-otr/build/amd64'
make[2]: Leaving directory '/ws/userland/src/components/desktop/pidgin-otr/build/amd64'
make[1]: Leaving directory '/ws/userland/src/components/desktop/pidgin-otr/build/amd64'
/usr/bin/touch /ws/userland/src/components/desktop/pidgin-otr/build/amd64/.built
(cd /ws/userland/src/components/desktop/pidgin-otr/build/amd64 ; /usr/bin/env LD_OPTIONS="-M /usr/lib/ld/map.noexdata -M /usr/lib/ld/map.pagealign -Bdirect -zignore -zstrip-class=comment" LD_EXEC_OPTIONS=" -zsx=aslr=enable -zsx=nxstack=enable -zsx=nxheap=enable " LD_PIE_OPTIONS="-zsx=aslr=enable -zsx=nxstack=enable -zsx=nxheap=enable "  /usr/gnu/bin/make \
		 DESTDIR=/ws/userland/src/components/desktop/pidgin-otr/build/prototype/i386 install)
make[1]: Entering directory '/ws/userland/src/components/desktop/pidgin-otr/build/amd64'
Making install in po
make[2]: Entering directory '/ws/userland/src/components/desktop/pidgin-otr/build/amd64/po'
linguas="ar cs da de el es fa fi fr hu it my_MM nb_NO nl nn pl pt_BR ru sk sv vi zh_CN "; \
for lang in $linguas; do \
  dir=/ws/userland/src/components/desktop/pidgin-otr/build/prototype/i386/usr/share/locale/$lang/LC_MESSAGES; \
  /bin/bash /ws/userland/src/components/desktop/pidgin-otr/pidgin-otr-4.0.2/install-sh -d $dir; \
  if test -r $lang.gmo; then \
    /usr/gnu/bin/install -c -m 644 $lang.gmo $dir/pidgin-otr.mo; \
    echo "installing $lang.gmo as $dir/pidgin-otr.mo"; \
  else \
    /usr/gnu/bin/install -c -m 644 /ws/userland/src/components/desktop/pidgin-otr/pidgin-otr-4.0.2/po/$lang.gmo $dir/pidgin-otr.mo; \
    echo "installing /ws/userland/src/components/desktop/pidgin-otr/pidgin-otr-4.0.2/po/$lang.gmo as" \
	 "$dir/pidgin-otr.mo"; \
  fi; \
  if test -r $lang.gmo.m; then \
    /usr/gnu/bin/install -c -m 644 $lang.gmo.m $dir/pidgin-otr.mo.m; \
    echo "installing $lang.gmo.m as $dir/pidgin-otr.mo.m"; \
  else \
    if test -r /ws/userland/src/components/desktop/pidgin-otr/pidgin-otr-4.0.2/po/$lang.gmo.m ; then \
      /usr/gnu/bin/install -c -m 644 /ws/userland/src/components/desktop/pidgin-otr/pidgin-otr-4.0.2/po/$lang.gmo.m \
	$dir/pidgin-otr.mo.m; \
      echo "installing /ws/userland/src/components/desktop/pidgin-otr/pidgin-otr-4.0.2/po/$lang.gmo.m as" \
	   "$dir/pidgin-otr.mo.m"; \
    else \
      true; \
    fi; \
  fi; \
done
installing ar.gmo as /ws/userland/src/components/desktop/pidgin-otr/build/prototype/i386/usr/share/locale/ar/LC_MESSAGES/pidgin-otr.mo
installing cs.gmo as /ws/userland/src/components/desktop/pidgin-otr/build/prototype/i386/usr/share/locale/cs/LC_MESSAGES/pidgin-otr.mo
installing da.gmo as /ws/userland/src/components/desktop/pidgin-otr/build/prototype/i386/usr/share/locale/da/LC_MESSAGES/pidgin-otr.mo
installing de.gmo as /ws/userland/src/components/desktop/pidgin-otr/build/prototype/i386/usr/share/locale/de/LC_MESSAGES/pidgin-otr.mo
installing el.gmo as /ws/userland/src/components/desktop/pidgin-otr/build/prototype/i386/usr/share/locale/el/LC_MESSAGES/pidgin-otr.mo
installing es.gmo as /ws/userland/src/components/desktop/pidgin-otr/build/prototype/i386/usr/share/locale/es/LC_MESSAGES/pidgin-otr.mo
installing fa.gmo as /ws/userland/src/components/desktop/pidgin-otr/build/prototype/i386/usr/share/locale/fa/LC_MESSAGES/pidgin-otr.mo
installing fi.gmo as /ws/userland/src/components/desktop/pidgin-otr/build/prototype/i386/usr/share/locale/fi/LC_MESSAGES/pidgin-otr.mo
installing fr.gmo as /ws/userland/src/components/desktop/pidgin-otr/build/prototype/i386/usr/share/locale/fr/LC_MESSAGES/pidgin-otr.mo
installing hu.gmo as /ws/userland/src/components/desktop/pidgin-otr/build/prototype/i386/usr/share/locale/hu/LC_MESSAGES/pidgin-otr.mo
installing it.gmo as /ws/userland/src/components/desktop/pidgin-otr/build/prototype/i386/usr/share/locale/it/LC_MESSAGES/pidgin-otr.mo
installing my_MM.gmo as /ws/userland/src/components/desktop/pidgin-otr/build/prototype/i386/usr/share/locale/my_MM/LC_MESSAGES/pidgin-otr.mo
installing nb_NO.gmo as /ws/userland/src/components/desktop/pidgin-otr/build/prototype/i386/usr/share/locale/nb_NO/LC_MESSAGES/pidgin-otr.mo
installing nl.gmo as /ws/userland/src/components/desktop/pidgin-otr/build/prototype/i386/usr/share/locale/nl/LC_MESSAGES/pidgin-otr.mo
installing nn.gmo as /ws/userland/src/components/desktop/pidgin-otr/build/prototype/i386/usr/share/locale/nn/LC_MESSAGES/pidgin-otr.mo
installing pl.gmo as /ws/userland/src/components/desktop/pidgin-otr/build/prototype/i386/usr/share/locale/pl/LC_MESSAGES/pidgin-otr.mo
installing pt_BR.gmo as /ws/userland/src/components/desktop/pidgin-otr/build/prototype/i386/usr/share/locale/pt_BR/LC_MESSAGES/pidgin-otr.mo
installing ru.gmo as /ws/userland/src/components/desktop/pidgin-otr/build/prototype/i386/usr/share/locale/ru/LC_MESSAGES/pidgin-otr.mo
installing sk.gmo as /ws/userland/src/components/desktop/pidgin-otr/build/prototype/i386/usr/share/locale/sk/LC_MESSAGES/pidgin-otr.mo
installing sv.gmo as /ws/userland/src/components/desktop/pidgin-otr/build/prototype/i386/usr/share/locale/sv/LC_MESSAGES/pidgin-otr.mo
installing vi.gmo as /ws/userland/src/components/desktop/pidgin-otr/build/prototype/i386/usr/share/locale/vi/LC_MESSAGES/pidgin-otr.mo
installing zh_CN.gmo as /ws/userland/src/components/desktop/pidgin-otr/build/prototype/i386/usr/share/locale/zh_CN/LC_MESSAGES/pidgin-otr.mo
make[2]: Leaving directory '/ws/userland/src/components/desktop/pidgin-otr/build/amd64/po'
make[2]: Entering directory '/ws/userland/src/components/desktop/pidgin-otr/build/amd64'
make[3]: Entering directory '/ws/userland/src/components/desktop/pidgin-otr/build/amd64'
make[3]: Nothing to be done for 'install-exec-am'.
 /usr/gnu/bin/mkdir -p '/ws/userland/src/components/desktop/pidgin-otr/build/prototype/i386/usr/lib/amd64/pidgin'
 /bin/bash ./libtool   --mode=install /usr/gnu/bin/install -c   pidgin-otr.la '/ws/userland/src/components/desktop/pidgin-otr/build/prototype/i386/usr/lib/amd64/pidgin'
libtool: install: /usr/gnu/bin/install -c .libs/pidgin-otr.so /ws/userland/src/components/desktop/pidgin-otr/build/prototype/i386/usr/lib/amd64/pidgin/pidgin-otr.so
libtool: install: chmod +x /ws/userland/src/components/desktop/pidgin-otr/build/prototype/i386/usr/lib/amd64/pidgin/pidgin-otr.so
libtool: install: /usr/gnu/bin/install -c .libs/pidgin-otr.lai /ws/userland/src/components/desktop/pidgin-otr/build/prototype/i386/usr/lib/amd64/pidgin/pidgin-otr.la
libtool: install: warning: remember to run `libtool --finish /usr/lib/amd64/pidgin'
make[3]: Leaving directory '/ws/userland/src/components/desktop/pidgin-otr/build/amd64'
make[2]: Leaving directory '/ws/userland/src/components/desktop/pidgin-otr/build/amd64'
make[1]: Leaving directory '/ws/userland/src/components/desktop/pidgin-otr/build/amd64'
/usr/bin/touch /ws/userland/src/components/desktop/pidgin-otr/build/amd64/.installed
abort: there is no Mercurial repository here (.hg not found)
/usr/bin/pkgfmt -c -fv2 pidgin-otr.p5m
/usr/bin/pkgmogrify -D PERL_ARCH=i86pc-solaris-thread-multi-64 -D PERL_VERSION=5.22 -D IPS_COMPONENT_RE_VERSION=4\\.0\\.2 -D COMPONENT_RE_VERSION=4\\.0\\.2 -D PYTHON_2.7_ONLY=# -D PYTHON_3.4_ONLY=# -D PYTHON_3.5_ONLY=# -D SQ=\' -D DQ=\" -D Q=\" -I/ws/userland/src/components/desktop/pidgin-otr -D SOLARIS_11_3_ONLY="#" -D SOLARIS_11_5_ONLY="#" -D SOLARIS_11_3_4_ONLY="" -D SOLARIS_11_4_5_ONLY="" -D SOLARIS_11_4_ONLY="" -D ARC_CASE="" -D TPNO="27403" -D BUILD_VERSION="5.11-11.4.0.0.1.14.0" -D OS_RELEASE="5.11" -D SOLARIS_VERSION="2.11" -D PKG_SOLARIS_VERSION="11.4" -D CONSOLIDATION="userland" -D CONSOLIDATION_CHANGESET="" -D CONSOLIDATION_REPOSITORY_URL="https://github.com/oracle/solaris-userland.git" -D COMPONENT_VERSION="4.0.2" -D IPS_COMPONENT_VERSION="4.0.2" -D HUMAN_VERSION="" -D COMPONENT_ARCHIVE_URL="http://www.cypherpunks.ca/otr/pidgin-otr-4.0.2.tar.gz" -D COMPONENT_PROJECT_URL="http://www.cypherpunks.ca/otr/" -D COMPONENT_NAME="pidgin-otr" -D HG_REPO="" -D HG_REV="" -D HG_URL="" -D GIT_COMMIT_ID="" -D GIT_REPO="" -D GIT_TAG="" -D MACH="i386" -D MACH32="i86" -D MACH64="amd64" -D PUBLISHER="nightly" -D PUBLISHER_LOCALIZABLE="userland-localizable" pidgin-otr.p5m \
	/ws/userland/src/transforms/license-changes /ws/userland/src/transforms/variant-cleanup /ws/userland/src/transforms/autopyc /ws/userland/src/transforms/defaults /ws/userland/src/transforms/actuators /ws/userland/src/transforms/depends /ws/userland/src/transforms/devel /ws/userland/src/transforms/docs /ws/userland/src/transforms/locale /ws/userland/src/transforms/standard-python-libraries /ws/userland/src/transforms/python-rename /ws/userland/src/transforms/python-3-groups /ws/userland/src/transforms/python-3-soabi /ws/userland/src/transforms/python-3-no-32bit /ws/userland/src/transforms/ruby-tests /ws/userland/src/transforms/puppet /ws/userland/src/transforms/libtool-drop /ws/userland/src/transforms/incorporate /ws/userland/src/transforms/publish-cleanup | \
	sed -e '/^$/d' -e '/^#.*$/d' | uniq >/ws/userland/src/components/desktop/pidgin-otr/build/manifest-i386-pidgin-otr.mogrified
/bin/mkdir -p /ws/userland/src/components/desktop/pidgin-otr/build/prototype/i386/mangled
/ws/userland/src/tools/userland-mangler -D /ws/userland/src/components/desktop/pidgin-otr/build/prototype/i386/mangled -d /ws/userland/src/components/desktop/pidgin-otr/build/prototype/i386/mangled -d /ws/userland/src/components/desktop/pidgin-otr/build/prototype/i386 -d /ws/userland/src/components/desktop/pidgin-otr/build -d /ws/userland/src/components/desktop/pidgin-otr -d pidgin-otr-4.0.2 -d /ws/userland/src/licenses -m /ws/userland/src/components/desktop/pidgin-otr/build/manifest-i386-pidgin-otr.mogrified >/ws/userland/src/components/desktop/pidgin-otr/build/manifest-i386-pidgin-otr.mangled
/usr/bin/env  /usr/bin/pkgdepend generate \
    -m -d /ws/userland/src/components/desktop/pidgin-otr/build/prototype/i386/mangled -d /ws/userland/src/components/desktop/pidgin-otr/build/prototype/i386 -d /ws/userland/src/components/desktop/pidgin-otr/build -d /ws/userland/src/components/desktop/pidgin-otr -d pidgin-otr-4.0.2 -d /ws/userland/src/licenses /ws/userland/src/components/desktop/pidgin-otr/build/manifest-i386-pidgin-otr.mangled >/ws/userland/src/components/desktop/pidgin-otr/build/manifest-i386-pidgin-otr.depend
/usr/bin/pkgdepend resolve -e /ws/userland/src/components/desktop/pidgin-otr/build/resolve.deps -m /ws/userland/src/components/desktop/pidgin-otr/build/manifest-i386-pidgin-otr.depend
/usr/bin/touch /ws/userland/src/components/desktop/pidgin-otr/build/.resolved-i386
VALIDATING MANIFEST CONTENT: /ws/userland/src/components/desktop/pidgin-otr/build/manifest-i386-pidgin-otr.depend.res
/usr/bin/env PYTHONPATH=/ws/userland/src/tools/python PROTO_PATH="/ws/userland/src/components/desktop/pidgin-otr/build/prototype/i386/mangled /ws/userland/src/components/desktop/pidgin-otr/build/prototype/i386 /ws/userland/src/components/desktop/pidgin-otr/build /ws/userland/src/components/desktop/pidgin-otr pidgin-otr-4.0.2 /ws/userland/src/licenses"\
	SOLARIS_VERSION=2.11\
	/bin/true -c /ws/userland/src/i386/pkglint-cache \
		-f /ws/userland/src/tools/pkglintrc /ws/userland/src/components/desktop/pidgin-otr/build/manifest-i386-pidgin-otr.depend.res
/usr/bin/touch /ws/userland/src/components/desktop/pidgin-otr/build/.linted-i386
/usr/bin/pkgsend -s file:/ws/userland/src/i386/repo publish --fmri-in-manifest --no-catalog -d /ws/userland/src/components/desktop/pidgin-otr/build/prototype/i386/mangled -d /ws/userland/src/components/desktop/pidgin-otr/build/prototype/i386 -d /ws/userland/src/components/desktop/pidgin-otr/build -d /ws/userland/src/components/desktop/pidgin-otr -d pidgin-otr-4.0.2 -d /ws/userland/src/licenses -T \*.py /ws/userland/src/components/desktop/pidgin-otr/build/manifest-i386-pidgin-otr.depend.res
pkg://nightly/communication/im/pidgin-otr@4.0.2,5.11-11.4.0.0.1.14.0:20190727T221744Z
PUBLISHED
/usr/bin/pkgfmt </ws/userland/src/components/desktop/pidgin-otr/build/manifest-i386-pidgin-otr.depend.res >/ws/userland/src/components/desktop/pidgin-otr/build/manifest-i386-pidgin-otr.published
/usr/bin/touch /ws/userland/src/components/desktop/pidgin-otr/build/.published-i386
gmake: Leaving directory '/ws/userland/src/components/desktop/pidgin-otr'

real       20.9
user        6.3
sys         2.9
