gmake: Entering directory '/ws/userland/src/components/desktop/desktop-cache'
/bin/mkdir -p /ws/userland/src/components/desktop/desktop-cache/build
+ /usr/sbin/svccfg validate files/desktop-mime-cache.xml
+ /usr/sbin/svccfg validate files/gconf-cache.xml
+ /usr/sbin/svccfg validate files/icon-cache.xml
+ /usr/sbin/svccfg validate files/input-method-cache.xml
+ /usr/sbin/svccfg validate files/mime-types-cache.xml
+ /usr/sbin/svccfg validate files/pixbuf-loaders-installer.xml
/usr/bin/touch /ws/userland/src/components/desktop/desktop-cache/build/.validated-smf-manifests-i386
abort: there is no Mercurial repository here (.hg not found)
/usr/bin/pkgfmt -c -fv2 desktop-cache.p5m
/usr/bin/pkgmogrify -D PERL_ARCH=i86pc-solaris-thread-multi-64 -D PERL_VERSION=5.22 -D IPS_COMPONENT_RE_VERSION=0\\.2\\.9 -D COMPONENT_RE_VERSION=0\\.2\\.9 -D PYTHON_2.7_ONLY=# -D PYTHON_3.4_ONLY=# -D PYTHON_3.5_ONLY=# -D SQ=\' -D DQ=\" -D Q=\" -I/ws/userland/src/components/desktop/desktop-cache -D SOLARIS_11_3_ONLY="#" -D SOLARIS_11_5_ONLY="#" -D SOLARIS_11_3_4_ONLY="" -D SOLARIS_11_4_5_ONLY="" -D SOLARIS_11_4_ONLY="" -D ARC_CASE="" -D TPNO="" -D BUILD_VERSION="5.11-11.4.0.0.1.14.0" -D OS_RELEASE="5.11" -D SOLARIS_VERSION="2.11" -D PKG_SOLARIS_VERSION="11.4" -D CONSOLIDATION="userland" -D CONSOLIDATION_CHANGESET="" -D CONSOLIDATION_REPOSITORY_URL="https://github.com/oracle/solaris-userland.git" -D COMPONENT_VERSION="0.2.9" -D IPS_COMPONENT_VERSION="0.2.9" -D HUMAN_VERSION="" -D COMPONENT_ARCHIVE_URL="" -D COMPONENT_PROJECT_URL="" -D COMPONENT_NAME="desktop-cache" -D HG_REPO="" -D HG_REV="" -D HG_URL="" -D GIT_COMMIT_ID="" -D GIT_REPO="" -D GIT_TAG="" -D MACH="i386" -D MACH32="i86" -D MACH64="amd64" -D PUBLISHER="nightly" -D PUBLISHER_LOCALIZABLE="userland-localizable" desktop-cache.p5m \
	/ws/userland/src/transforms/license-changes /ws/userland/src/transforms/variant-cleanup /ws/userland/src/transforms/autopyc /ws/userland/src/transforms/defaults /ws/userland/src/transforms/actuators /ws/userland/src/transforms/depends /ws/userland/src/transforms/devel /ws/userland/src/transforms/docs /ws/userland/src/transforms/locale /ws/userland/src/transforms/standard-python-libraries /ws/userland/src/transforms/python-rename /ws/userland/src/transforms/python-3-groups /ws/userland/src/transforms/python-3-soabi /ws/userland/src/transforms/python-3-no-32bit /ws/userland/src/transforms/ruby-tests /ws/userland/src/transforms/puppet /ws/userland/src/transforms/libtool-drop /ws/userland/src/transforms/incorporate /ws/userland/src/transforms/publish-cleanup | \
	sed -e '/^$/d' -e '/^#.*$/d' | uniq >/ws/userland/src/components/desktop/desktop-cache/build/manifest-i386-desktop-cache.mogrified
/bin/mkdir -p /ws/userland/src/components/desktop/desktop-cache/build/prototype/i386/mangled
/ws/userland/src/tools/userland-mangler -D /ws/userland/src/components/desktop/desktop-cache/build/prototype/i386/mangled -d /ws/userland/src/components/desktop/desktop-cache/build/prototype/i386/mangled -d /ws/userland/src/components/desktop/desktop-cache/build/prototype/i386 -d /ws/userland/src/components/desktop/desktop-cache/build -d /ws/userland/src/components/desktop/desktop-cache -d /ws/userland/src/licenses -d /ws/userland/src/components/desktop/desktop-cache/files -m /ws/userland/src/components/desktop/desktop-cache/build/manifest-i386-desktop-cache.mogrified >/ws/userland/src/components/desktop/desktop-cache/build/manifest-i386-desktop-cache.mangled
/usr/bin/env  /usr/bin/pkgdepend generate \
    -m -d /ws/userland/src/components/desktop/desktop-cache/build/prototype/i386/mangled -d /ws/userland/src/components/desktop/desktop-cache/build/prototype/i386 -d /ws/userland/src/components/desktop/desktop-cache/build -d /ws/userland/src/components/desktop/desktop-cache -d /ws/userland/src/licenses -d /ws/userland/src/components/desktop/desktop-cache/files /ws/userland/src/components/desktop/desktop-cache/build/manifest-i386-desktop-cache.mangled >/ws/userland/src/components/desktop/desktop-cache/build/manifest-i386-desktop-cache.depend
/usr/bin/pkgdepend resolve -e /ws/userland/src/components/desktop/desktop-cache/build/resolve.deps -m /ws/userland/src/components/desktop/desktop-cache/build/manifest-i386-desktop-cache.depend
/usr/bin/touch /ws/userland/src/components/desktop/desktop-cache/build/.resolved-i386
VALIDATING MANIFEST CONTENT: /ws/userland/src/components/desktop/desktop-cache/build/manifest-i386-desktop-cache.depend.res
/usr/bin/env PYTHONPATH=/ws/userland/src/tools/python PROTO_PATH="/ws/userland/src/components/desktop/desktop-cache/build/prototype/i386/mangled /ws/userland/src/components/desktop/desktop-cache/build/prototype/i386 /ws/userland/src/components/desktop/desktop-cache/build /ws/userland/src/components/desktop/desktop-cache  /ws/userland/src/licenses /ws/userland/src/components/desktop/desktop-cache/files"\
	SOLARIS_VERSION=2.11\
	/bin/true -c /ws/userland/src/i386/pkglint-cache \
		-f /ws/userland/src/tools/pkglintrc /ws/userland/src/components/desktop/desktop-cache/build/manifest-i386-desktop-cache.depend.res
/usr/bin/touch /ws/userland/src/components/desktop/desktop-cache/build/.linted-i386
/usr/bin/pkgsend -s file:/ws/userland/src/i386/repo publish --fmri-in-manifest --no-catalog -d /ws/userland/src/components/desktop/desktop-cache/build/prototype/i386/mangled -d /ws/userland/src/components/desktop/desktop-cache/build/prototype/i386 -d /ws/userland/src/components/desktop/desktop-cache/build -d /ws/userland/src/components/desktop/desktop-cache -d /ws/userland/src/licenses -d /ws/userland/src/components/desktop/desktop-cache/files -T \*.py /ws/userland/src/components/desktop/desktop-cache/build/manifest-i386-desktop-cache.depend.res
pkg://nightly/service/gnome/desktop-cache@0.2.9,5.11-11.4.0.0.1.14.0:20190727T184223Z
PUBLISHED
/usr/bin/pkgfmt </ws/userland/src/components/desktop/desktop-cache/build/manifest-i386-desktop-cache.depend.res >/ws/userland/src/components/desktop/desktop-cache/build/manifest-i386-desktop-cache.published
/usr/bin/touch /ws/userland/src/components/desktop/desktop-cache/build/.published-i386
gmake: Leaving directory '/ws/userland/src/components/desktop/desktop-cache'

real        6.9
user        3.6
sys         1.5
