gmake: Entering directory '/ws/userland/src/components/desktop/libotr'
/bin/rm -f -r /ws/userland/src/components/desktop/libotr/libotr-4.1.1
/usr/bin/env RUBY_VERSION=2.1 /ws/userland/src/tools/userland-unpack  libotr-4.1.1.tar.gz
/usr/bin/touch /ws/userland/src/components/desktop/libotr/libotr-4.1.1/.unpacked
(cd /ws/userland/src/components/desktop/libotr/libotr-4.1.1 ; glib-gettextize -f ; libtoolize --force ; aclocal -I . ; autoheader ; automake -a -c -f ; autoconf )
Creating po/ subdirectory
Symlinking file po/Makefile.in.in

Please add the files
  codeset.m4 gettext.m4 glibc21.m4 iconv.m4 isc-posix.m4 lcmessage.m4
  progtest.m4
from the /usr/share/aclocal directory to your autoconf macro directory
or directly to your aclocal.m4 file.
You will also need config.guess and config.sub, which you can get from
ftp://ftp.gnu.org/pub/gnu/config/.

libtoolize: putting auxiliary files in AC_CONFIG_AUX_DIR, 'config'.
libtoolize: linking file 'config/ltmain.sh'
libtoolize: putting macros in AC_CONFIG_MACRO_DIRS, 'config'.
libtoolize: linking file 'config/libtool.m4'
libtoolize: linking file 'config/ltoptions.m4'
libtoolize: linking file 'config/ltsugar.m4'
libtoolize: linking file 'config/ltversion.m4'
libtoolize: linking file 'config/lt~obsolete.m4'
/usr/share/aclocal/aalib.m4:12: warning: underquoted definition of AM_PATH_AALIB
/usr/share/aclocal/aalib.m4:12:   run info Automake 'Extending aclocal'
/usr/share/aclocal/aalib.m4:12:   or see http://www.gnu.org/software/automake/manual/automake.html#Extending-aclocal
configure.ac:28: installing 'config/compile'
configure.ac:19: installing 'config/missing'
src/Makefile.am: installing 'config/depcomp'
/usr/bin/touch /ws/userland/src/components/desktop/libotr/libotr-4.1.1/.prep
(/bin/rm -f -rf /ws/userland/src/components/desktop/libotr/build/i86 ; /bin/mkdir -p /ws/userland/src/components/desktop/libotr/build/i86)
(cd /ws/userland/src/components/desktop/libotr/build/i86 ; /usr/bin/env CONFIG_SHELL="/bin/bash" PKG_CONFIG_PATH="/usr/lib/pkgconfig" CC="/opt/solarisstudio12.4/bin/cc" CXX="/opt/solarisstudio12.4/bin/CC"  CC_FOR_BUILD="/opt/solarisstudio12.4/bin/cc -m32" CXX_FOR_BUILD="/opt/solarisstudio12.4/bin/CC -m32" CPPFLAGS="-m32" "ac_cv_func_realloc_0_nonnull=yes" "NM=/usr/gnu/bin/nm" INTLTOOL_PERL="/usr/perl5/5.22/bin/perl" CFLAGS="-m32 -xO4 -xchip=pentium -xregs=no%frameptr -mt -I /ws/userland/src/components/desktop/libotr/libotr-4.1.1/src" CXXFLAGS="-norunpath -m32 -xO4 -xchip=pentium -xregs=no%frameptr" LDFLAGS="" /bin/bash \
	/ws/userland/src/components/desktop/libotr/libotr-4.1.1/configure --prefix=/usr --mandir=/usr/share/man --bindir=/usr/bin/i86 --sbindir=/usr/sbin/i86 --libdir=/usr/lib   )
checking for a BSD-compatible install... /usr/bin/ginstall -c
checking whether build environment is sane... yes
checking for a thread-safe mkdir -p... /usr/bin/gmkdir -p
checking for gawk... gawk
checking whether make sets $(MAKE)... yes
checking whether make supports nested variables... yes
checking whether make supports nested variables... (cached) yes
checking for gcc... /opt/solarisstudio12.4/bin/cc
checking whether the C compiler works... yes
checking for C compiler default output file name... a.out
checking for suffix of executables... 
checking whether we are cross compiling... no
checking for suffix of object files... o
checking whether we are using the GNU C compiler... no
checking whether /opt/solarisstudio12.4/bin/cc accepts -g... yes
checking for /opt/solarisstudio12.4/bin/cc option to accept ISO C89... none needed
checking whether /opt/solarisstudio12.4/bin/cc understands -c and -o together... yes
checking for style of include used by make... GNU
checking dependency style of /opt/solarisstudio12.4/bin/cc... none
checking build system type... i386-pc-solaris2.11
checking host system type... i386-pc-solaris2.11
checking how to print strings... print -r
checking for a sed that does not truncate output... /usr/bin/gsed
checking for grep that handles long lines and -e... /usr/bin/ggrep
checking for egrep... /usr/bin/ggrep -E
checking for fgrep... /usr/bin/ggrep -F
checking for non-GNU ld... /usr/bin/ld
checking if the linker (/usr/bin/ld) is GNU ld... no
checking for BSD- or MS-compatible name lister (nm)... /usr/gnu/bin/nm
checking the name lister (/usr/gnu/bin/nm) interface... BSD nm
checking whether ln -s works... yes
checking the maximum length of command line arguments... 1572480
checking how to convert i386-pc-solaris2.11 file names to i386-pc-solaris2.11 format... func_convert_file_noop
checking how to convert i386-pc-solaris2.11 file names to toolchain format... func_convert_file_noop
checking for /usr/bin/ld option to reload object files... -r
checking for objdump... objdump
checking how to recognize dependent libraries... pass_all
checking for dlltool... no
checking how to associate runtime and link libraries... print -r --
checking for ar... ar
checking for archiver @FILE support... no
checking for strip... strip
checking for ranlib... ranlib
checking command to parse /usr/gnu/bin/nm output from /opt/solarisstudio12.4/bin/cc object... ok
checking for sysroot... no
checking for a working dd... /usr/bin/dd
checking how to truncate binary pipes... /usr/bin/dd bs=4096 count=1
checking for mt... mt
checking if mt is a manifest tool... no
checking how to run the C preprocessor... /opt/solarisstudio12.4/bin/cc -E
checking for ANSI C header files... yes
checking for sys/types.h... yes
checking for sys/stat.h... yes
checking for stdlib.h... yes
checking for string.h... yes
checking for memory.h... yes
checking for strings.h... yes
checking for inttypes.h... yes
checking for stdint.h... yes
checking for unistd.h... yes
checking for dlfcn.h... yes
checking for objdir... .libs
checking for /opt/solarisstudio12.4/bin/cc option to produce PIC... -KPIC -DPIC
checking if /opt/solarisstudio12.4/bin/cc PIC flag -KPIC -DPIC works... yes
checking if /opt/solarisstudio12.4/bin/cc static flag -Bstatic works... yes
checking if /opt/solarisstudio12.4/bin/cc supports -c -o file.o... yes
checking if /opt/solarisstudio12.4/bin/cc supports -c -o file.o... (cached) yes
checking whether the /opt/solarisstudio12.4/bin/cc linker (/usr/bin/ld) supports shared libraries... yes
checking dynamic linker characteristics... solaris2.11 ld.so
checking how to hardcode library paths into programs... immediate
checking whether stripping libraries is possible... no
checking if libtool supports shared libraries... yes
checking whether to build shared libraries... yes
checking whether to build static libraries... yes
checking for libgcrypt-config... /usr/bin/libgcrypt-config
checking for LIBGCRYPT - version >= 1.2.0... yes (1.8.1)
checking LIBGCRYPT API version... okay
checking for win32... no
checking whether the compiler accepts -fstack-protector-all... no
checking whether the compiler accepts -Wstack-protector... no
checking whether the compiler accepts -fwrapv... no
checking whether the compiler accepts -fno-strict-overflow... no
checking whether the compiler accepts -Wall... no
checking whether the compiler accepts -Wextra -Wno-unused-parameter... no
checking whether the compiler accepts -Wformat-security... no
checking whether the compiler accepts --param ssp-buffer-size=1... no
checking whether the compiler accepts -fPIE... no
checking whether the linker accepts -pie... no
checking whether the linker accepts -z relro -z now... no
checking that generated files are newer than configure... done
configure: creating ./config.status
config.status: creating Makefile
config.status: creating src/Makefile
config.status: creating toolkit/Makefile
config.status: creating tests/Makefile
config.status: creating tests/utils/Makefile
config.status: creating libotr.pc
config.status: creating tests/utils/tap/Makefile
config.status: creating tests/unit/Makefile
config.status: creating tests/regression/Makefile
config.status: creating tests/regression/client/Makefile
config.status: creating config.h
config.status: executing depfiles commands
config.status: executing libtool commands
checking that generated files are newer than configure... done
configure: creating ./config.status
config.status: creating Makefile
config.status: creating src/Makefile
config.status: creating toolkit/Makefile
config.status: creating tests/Makefile
config.status: creating tests/utils/Makefile
config.status: creating libotr.pc
config.status: creating tests/utils/tap/Makefile
config.status: creating tests/unit/Makefile
config.status: creating tests/regression/Makefile
config.status: creating tests/regression/client/Makefile
config.status: creating config.h
config.status: config.h is unchanged
config.status: executing depfiles commands
config.status: executing libtool commands
/usr/bin/touch /ws/userland/src/components/desktop/libotr/build/i86/.configured
(cd /ws/userland/src/components/desktop/libotr/build/i86 ; /usr/bin/env LD_OPTIONS="-M /usr/lib/ld/map.noexdata -M /usr/lib/ld/map.pagealign -Bdirect -zignore -zstrip-class=comment" LD_EXEC_OPTIONS=" -zsx=aslr=enable -zsx=nxstack=enable -zsx=nxheap=enable " LD_PIE_OPTIONS="-zsx=aslr=enable -zsx=nxstack=enable -zsx=nxheap=enable "  PKG_CONFIG_PATH="/usr/lib/pkgconfig" "ac_cv_func_realloc_0_nonnull=yes" INTLTOOL_PERL="/usr/perl5/5.22/bin/perl" \
	/usr/gnu/bin/make  )
make[1]: Entering directory '/ws/userland/src/components/desktop/libotr/build/i86'
/usr/gnu/bin/make  all-recursive
make[2]: Entering directory '/ws/userland/src/components/desktop/libotr/build/i86'
Making all in src
make[3]: Entering directory '/ws/userland/src/components/desktop/libotr/build/i86/src'
  CC       privkey.lo
  CC       context.lo
  CC       proto.lo
  CC       b64.lo
  CC       dh.lo
  CC       mem.lo
  CC       message.lo
  CC       userstate.lo
  CC       tlv.lo
  CC       auth.lo
  CC       sm.lo
  CC       context_priv.lo
  CC       instag.lo
  CCLD     libotr.la
make[3]: Leaving directory '/ws/userland/src/components/desktop/libotr/build/i86/src'
Making all in toolkit
make[3]: Entering directory '/ws/userland/src/components/desktop/libotr/build/i86/toolkit'
  CC       otr_parse.o
  CC       readotr.o
  CC       parse.o
  CC       sha1hmac.o
  CCLD     otr_parse
  CC       otr_sesskeys.o
  CC       sesskeys.o
  CCLD     otr_sesskeys
  CC       otr_mackey.o
  CCLD     otr_mackey
  CC       otr_readforge.o
  CC       aes.o
  CC       ctrmode.o
  CCLD     otr_readforge
  CC       otr_modify.o
  CCLD     otr_modify
  CC       otr_remac.o
  CCLD     otr_remac
make[3]: Leaving directory '/ws/userland/src/components/desktop/libotr/build/i86/toolkit'
make[3]: Entering directory '/ws/userland/src/components/desktop/libotr/build/i86'
make[3]: Leaving directory '/ws/userland/src/components/desktop/libotr/build/i86'
make[2]: Leaving directory '/ws/userland/src/components/desktop/libotr/build/i86'
make[1]: Leaving directory '/ws/userland/src/components/desktop/libotr/build/i86'
/usr/bin/touch /ws/userland/src/components/desktop/libotr/build/i86/.built
(/bin/rm -f -rf /ws/userland/src/components/desktop/libotr/build/amd64 ; /bin/mkdir -p /ws/userland/src/components/desktop/libotr/build/amd64)
(cd /ws/userland/src/components/desktop/libotr/build/amd64 ; /usr/bin/env CONFIG_SHELL="/bin/bash" PKG_CONFIG_PATH="/usr/lib/amd64/pkgconfig" CC="/opt/solarisstudio12.4/bin/cc" CXX="/opt/solarisstudio12.4/bin/CC" PATH="/usr/bin/amd64:/usr/bin:/usr/gnu/bin" CC_FOR_BUILD="/opt/solarisstudio12.4/bin/cc -m64" CXX_FOR_BUILD="/opt/solarisstudio12.4/bin/CC -m64" CPPFLAGS="-m64" "ac_cv_func_realloc_0_nonnull=yes" "NM=/usr/gnu/bin/nm" INTLTOOL_PERL="/usr/perl5/5.22/bin/perl" CFLAGS="-m64 -xO4 -xchip=generic -Ui386 -U__i386 -xregs=no%frameptr -mt -I /ws/userland/src/components/desktop/libotr/libotr-4.1.1/src" CXXFLAGS="-norunpath -m64 -xO4 -xchip=generic -Ui386 -U__i386 -xregs=no%frameptr" LDFLAGS="" /bin/bash \
	/ws/userland/src/components/desktop/libotr/libotr-4.1.1/configure --prefix=/usr --mandir=/usr/share/man --bindir=/usr/bin --sbindir=/usr/sbin --libdir=/usr/lib/amd64   )
checking for a BSD-compatible install... /usr/bin/ginstall -c
checking whether build environment is sane... yes
checking for a thread-safe mkdir -p... /usr/bin/gmkdir -p
checking for gawk... gawk
checking whether make sets $(MAKE)... yes
checking whether make supports nested variables... yes
checking whether make supports nested variables... (cached) yes
checking for gcc... /opt/solarisstudio12.4/bin/cc
checking whether the C compiler works... yes
checking for C compiler default output file name... a.out
checking for suffix of executables... 
checking whether we are cross compiling... no
checking for suffix of object files... o
checking whether we are using the GNU C compiler... no
checking whether /opt/solarisstudio12.4/bin/cc accepts -g... yes
checking for /opt/solarisstudio12.4/bin/cc option to accept ISO C89... none needed
checking whether /opt/solarisstudio12.4/bin/cc understands -c and -o together... yes
checking for style of include used by make... GNU
checking dependency style of /opt/solarisstudio12.4/bin/cc... none
checking build system type... x86_64-pc-solaris2.11
checking host system type... x86_64-pc-solaris2.11
checking how to print strings... print -r
checking for a sed that does not truncate output... /usr/bin/gsed
checking for grep that handles long lines and -e... /usr/bin/ggrep
checking for egrep... /usr/bin/ggrep -E
checking for fgrep... /usr/bin/ggrep -F
checking for non-GNU ld... /usr/bin/amd64/ld
checking if the linker (/usr/bin/amd64/ld) is GNU ld... no
checking for BSD- or MS-compatible name lister (nm)... /usr/gnu/bin/nm
checking the name lister (/usr/gnu/bin/nm) interface... BSD nm
checking whether ln -s works... yes
checking the maximum length of command line arguments... 1572480
checking how to convert x86_64-pc-solaris2.11 file names to x86_64-pc-solaris2.11 format... func_convert_file_noop
checking how to convert x86_64-pc-solaris2.11 file names to toolchain format... func_convert_file_noop
checking for /usr/bin/amd64/ld option to reload object files... -r
checking for objdump... objdump
checking how to recognize dependent libraries... pass_all
checking for dlltool... no
checking how to associate runtime and link libraries... print -r --
checking for ar... ar
checking for archiver @FILE support... no
checking for strip... strip
checking for ranlib... ranlib
checking command to parse /usr/gnu/bin/nm output from /opt/solarisstudio12.4/bin/cc object... ok
checking for sysroot... no
checking for a working dd... /usr/bin/dd
checking how to truncate binary pipes... /usr/bin/dd bs=4096 count=1
checking for mt... mt
checking if mt is a manifest tool... no
checking how to run the C preprocessor... /opt/solarisstudio12.4/bin/cc -E
checking for ANSI C header files... yes
checking for sys/types.h... yes
checking for sys/stat.h... yes
checking for stdlib.h... yes
checking for string.h... yes
checking for memory.h... yes
checking for strings.h... yes
checking for inttypes.h... yes
checking for stdint.h... yes
checking for unistd.h... yes
checking for dlfcn.h... yes
checking for objdir... .libs
checking for /opt/solarisstudio12.4/bin/cc option to produce PIC... -KPIC -DPIC
checking if /opt/solarisstudio12.4/bin/cc PIC flag -KPIC -DPIC works... yes
checking if /opt/solarisstudio12.4/bin/cc static flag -Bstatic works... yes
checking if /opt/solarisstudio12.4/bin/cc supports -c -o file.o... yes
checking if /opt/solarisstudio12.4/bin/cc supports -c -o file.o... (cached) yes
checking whether the /opt/solarisstudio12.4/bin/cc linker (/usr/bin/amd64/ld -64) supports shared libraries... yes
checking dynamic linker characteristics... solaris2.11 ld.so
checking how to hardcode library paths into programs... immediate
checking whether stripping libraries is possible... no
checking if libtool supports shared libraries... yes
checking whether to build shared libraries... yes
checking whether to build static libraries... yes
checking for libgcrypt-config... /usr/bin/amd64/libgcrypt-config
checking for LIBGCRYPT - version >= 1.2.0... yes (1.8.1)
checking LIBGCRYPT API version... okay
checking for win32... no
checking whether the compiler accepts -fstack-protector-all... no
checking whether the compiler accepts -Wstack-protector... no
checking whether the compiler accepts -fwrapv... no
checking whether the compiler accepts -fno-strict-overflow... no
checking whether the compiler accepts -Wall... no
checking whether the compiler accepts -Wextra -Wno-unused-parameter... no
checking whether the compiler accepts -Wformat-security... no
checking whether the compiler accepts --param ssp-buffer-size=1... no
checking whether the compiler accepts -fPIE... no
checking whether the linker accepts -pie... no
checking whether the linker accepts -z relro -z now... no
checking that generated files are newer than configure... done
configure: creating ./config.status
config.status: creating Makefile
config.status: creating src/Makefile
config.status: creating toolkit/Makefile
config.status: creating tests/Makefile
config.status: creating tests/utils/Makefile
config.status: creating libotr.pc
config.status: creating tests/utils/tap/Makefile
config.status: creating tests/unit/Makefile
config.status: creating tests/regression/Makefile
config.status: creating tests/regression/client/Makefile
config.status: creating config.h
config.status: executing depfiles commands
config.status: executing libtool commands
checking that generated files are newer than configure... done
configure: creating ./config.status
config.status: creating Makefile
config.status: creating src/Makefile
config.status: creating toolkit/Makefile
config.status: creating tests/Makefile
config.status: creating tests/utils/Makefile
config.status: creating libotr.pc
config.status: creating tests/utils/tap/Makefile
config.status: creating tests/unit/Makefile
config.status: creating tests/regression/Makefile
config.status: creating tests/regression/client/Makefile
config.status: creating config.h
config.status: config.h is unchanged
config.status: executing depfiles commands
config.status: executing libtool commands
/usr/bin/touch /ws/userland/src/components/desktop/libotr/build/amd64/.configured
(cd /ws/userland/src/components/desktop/libotr/build/amd64 ; /usr/bin/env LD_OPTIONS="-M /usr/lib/ld/map.noexdata -M /usr/lib/ld/map.pagealign -Bdirect -zignore -zstrip-class=comment" LD_EXEC_OPTIONS=" -zsx=aslr=enable -zsx=nxstack=enable -zsx=nxheap=enable " LD_PIE_OPTIONS="-zsx=aslr=enable -zsx=nxstack=enable -zsx=nxheap=enable "  PKG_CONFIG_PATH="/usr/lib/amd64/pkgconfig" "ac_cv_func_realloc_0_nonnull=yes" INTLTOOL_PERL="/usr/perl5/5.22/bin/perl" \
	/usr/gnu/bin/make  )
make[1]: Entering directory '/ws/userland/src/components/desktop/libotr/build/amd64'
/usr/gnu/bin/make  all-recursive
make[2]: Entering directory '/ws/userland/src/components/desktop/libotr/build/amd64'
Making all in src
make[3]: Entering directory '/ws/userland/src/components/desktop/libotr/build/amd64/src'
  CC       privkey.lo
  CC       context.lo
  CC       proto.lo
  CC       b64.lo
  CC       dh.lo
  CC       mem.lo
  CC       message.lo
  CC       userstate.lo
  CC       tlv.lo
  CC       auth.lo
  CC       sm.lo
  CC       context_priv.lo
  CC       instag.lo
  CCLD     libotr.la
make[3]: Leaving directory '/ws/userland/src/components/desktop/libotr/build/amd64/src'
Making all in toolkit
make[3]: Entering directory '/ws/userland/src/components/desktop/libotr/build/amd64/toolkit'
  CC       otr_parse.o
  CC       readotr.o
  CC       parse.o
  CC       sha1hmac.o
  CCLD     otr_parse
  CC       otr_sesskeys.o
  CC       sesskeys.o
  CCLD     otr_sesskeys
  CC       otr_mackey.o
  CCLD     otr_mackey
  CC       otr_readforge.o
  CC       aes.o
  CC       ctrmode.o
  CCLD     otr_readforge
  CC       otr_modify.o
  CCLD     otr_modify
  CC       otr_remac.o
  CCLD     otr_remac
make[3]: Leaving directory '/ws/userland/src/components/desktop/libotr/build/amd64/toolkit'
make[3]: Entering directory '/ws/userland/src/components/desktop/libotr/build/amd64'
make[3]: Leaving directory '/ws/userland/src/components/desktop/libotr/build/amd64'
make[2]: Leaving directory '/ws/userland/src/components/desktop/libotr/build/amd64'
make[1]: Leaving directory '/ws/userland/src/components/desktop/libotr/build/amd64'
/usr/bin/touch /ws/userland/src/components/desktop/libotr/build/amd64/.built
(cd /ws/userland/src/components/desktop/libotr/build/i86 ; /usr/bin/env LD_OPTIONS="-M /usr/lib/ld/map.noexdata -M /usr/lib/ld/map.pagealign -Bdirect -zignore -zstrip-class=comment" LD_EXEC_OPTIONS=" -zsx=aslr=enable -zsx=nxstack=enable -zsx=nxheap=enable " LD_PIE_OPTIONS="-zsx=aslr=enable -zsx=nxstack=enable -zsx=nxheap=enable "  /usr/gnu/bin/make \
		 DESTDIR=/ws/userland/src/components/desktop/libotr/build/prototype/i386 install)
make[1]: Entering directory '/ws/userland/src/components/desktop/libotr/build/i86'
Making install in src
make[2]: Entering directory '/ws/userland/src/components/desktop/libotr/build/i86/src'
make[3]: Entering directory '/ws/userland/src/components/desktop/libotr/build/i86/src'
 /usr/bin/gmkdir -p '/ws/userland/src/components/desktop/libotr/build/prototype/i386/usr/lib'
 /bin/bash ../libtool   --mode=install /usr/bin/ginstall -c   libotr.la '/ws/userland/src/components/desktop/libotr/build/prototype/i386/usr/lib'
libtool: install: /usr/bin/ginstall -c .libs/libotr.so.5.1.1 /ws/userland/src/components/desktop/libotr/build/prototype/i386/usr/lib/libotr.so.5.1.1
libtool: install: (cd /ws/userland/src/components/desktop/libotr/build/prototype/i386/usr/lib && { ln -s -f libotr.so.5.1.1 libotr.so.5 || { rm -f libotr.so.5 && ln -s libotr.so.5.1.1 libotr.so.5; }; })
libtool: install: (cd /ws/userland/src/components/desktop/libotr/build/prototype/i386/usr/lib && { ln -s -f libotr.so.5.1.1 libotr.so || { rm -f libotr.so && ln -s libotr.so.5.1.1 libotr.so; }; })
libtool: install: chmod +x /ws/userland/src/components/desktop/libotr/build/prototype/i386/usr/lib/libotr.so.5.1.1
libtool: install: /usr/bin/ginstall -c .libs/libotr.lai /ws/userland/src/components/desktop/libotr/build/prototype/i386/usr/lib/libotr.la
libtool: install: /usr/bin/ginstall -c .libs/libotr.a /ws/userland/src/components/desktop/libotr/build/prototype/i386/usr/lib/libotr.a
libtool: install: chmod 644 /ws/userland/src/components/desktop/libotr/build/prototype/i386/usr/lib/libotr.a
libtool: install: ranlib /ws/userland/src/components/desktop/libotr/build/prototype/i386/usr/lib/libotr.a
libtool: warning: remember to run 'libtool --finish /usr/lib'
 /usr/bin/gmkdir -p '/ws/userland/src/components/desktop/libotr/build/prototype/i386/usr/include/libotr'
 /usr/bin/ginstall -c -m 644 /ws/userland/src/components/desktop/libotr/libotr-4.1.1/src/b64.h /ws/userland/src/components/desktop/libotr/libotr-4.1.1/src/context.h /ws/userland/src/components/desktop/libotr/libotr-4.1.1/src/dh.h /ws/userland/src/components/desktop/libotr/libotr-4.1.1/src/mem.h /ws/userland/src/components/desktop/libotr/libotr-4.1.1/src/message.h /ws/userland/src/components/desktop/libotr/libotr-4.1.1/src/privkey.h /ws/userland/src/components/desktop/libotr/libotr-4.1.1/src/proto.h /ws/userland/src/components/desktop/libotr/libotr-4.1.1/src/version.h /ws/userland/src/components/desktop/libotr/libotr-4.1.1/src/userstate.h /ws/userland/src/components/desktop/libotr/libotr-4.1.1/src/tlv.h /ws/userland/src/components/desktop/libotr/libotr-4.1.1/src/serial.h /ws/userland/src/components/desktop/libotr/libotr-4.1.1/src/auth.h /ws/userland/src/components/desktop/libotr/libotr-4.1.1/src/sm.h /ws/userland/src/components/desktop/libotr/libotr-4.1.1/src/privkey-t.h /ws/userland/src/components/desktop/libotr/libotr-4.1.1/src/context_priv.h /ws/userland/src/components/desktop/libotr/libotr-4.1.1/src/instag.h '/ws/userland/src/components/desktop/libotr/build/prototype/i386/usr/include/libotr'
make[3]: Leaving directory '/ws/userland/src/components/desktop/libotr/build/i86/src'
make[2]: Leaving directory '/ws/userland/src/components/desktop/libotr/build/i86/src'
Making install in toolkit
make[2]: Entering directory '/ws/userland/src/components/desktop/libotr/build/i86/toolkit'
make[3]: Entering directory '/ws/userland/src/components/desktop/libotr/build/i86/toolkit'
 /usr/bin/gmkdir -p '/ws/userland/src/components/desktop/libotr/build/prototype/i386/usr/bin/i86'
  /bin/bash ../libtool   --mode=install /usr/bin/ginstall -c otr_parse otr_sesskeys otr_mackey otr_readforge otr_modify otr_remac '/ws/userland/src/components/desktop/libotr/build/prototype/i386/usr/bin/i86'
libtool: warning: '../src/libotr.la' has not been installed in '/usr/lib'
libtool: install: /usr/bin/ginstall -c .libs/otr_parse /ws/userland/src/components/desktop/libotr/build/prototype/i386/usr/bin/i86/otr_parse
libtool: warning: '../src/libotr.la' has not been installed in '/usr/lib'
libtool: install: /usr/bin/ginstall -c .libs/otr_sesskeys /ws/userland/src/components/desktop/libotr/build/prototype/i386/usr/bin/i86/otr_sesskeys
libtool: warning: '../src/libotr.la' has not been installed in '/usr/lib'
libtool: install: /usr/bin/ginstall -c .libs/otr_mackey /ws/userland/src/components/desktop/libotr/build/prototype/i386/usr/bin/i86/otr_mackey
libtool: warning: '../src/libotr.la' has not been installed in '/usr/lib'
libtool: install: /usr/bin/ginstall -c .libs/otr_readforge /ws/userland/src/components/desktop/libotr/build/prototype/i386/usr/bin/i86/otr_readforge
libtool: warning: '../src/libotr.la' has not been installed in '/usr/lib'
libtool: install: /usr/bin/ginstall -c .libs/otr_modify /ws/userland/src/components/desktop/libotr/build/prototype/i386/usr/bin/i86/otr_modify
libtool: warning: '../src/libotr.la' has not been installed in '/usr/lib'
libtool: install: /usr/bin/ginstall -c .libs/otr_remac /ws/userland/src/components/desktop/libotr/build/prototype/i386/usr/bin/i86/otr_remac
mkdir -p /ws/userland/src/components/desktop/libotr/build/prototype/i386/usr/share/man/man1
(cd /ws/userland/src/components/desktop/libotr/build/prototype/i386/usr/share/man/man1 && \
for f in otr_parse.1 otr_sesskeys.1 otr_mackey.1 otr_readforge.1 otr_modify.1 otr_remac.1; do ln -sf otr_toolkit.1 $f; done)
 /usr/bin/gmkdir -p '/ws/userland/src/components/desktop/libotr/build/prototype/i386/usr/share/man/man1'
 /usr/bin/ginstall -c -m 644 /ws/userland/src/components/desktop/libotr/libotr-4.1.1/toolkit/otr_toolkit.1 '/ws/userland/src/components/desktop/libotr/build/prototype/i386/usr/share/man/man1'
make[3]: Leaving directory '/ws/userland/src/components/desktop/libotr/build/i86/toolkit'
make[2]: Leaving directory '/ws/userland/src/components/desktop/libotr/build/i86/toolkit'
make[2]: Entering directory '/ws/userland/src/components/desktop/libotr/build/i86'
make[3]: Entering directory '/ws/userland/src/components/desktop/libotr/build/i86'
make[3]: Nothing to be done for 'install-exec-am'.
 /usr/bin/gmkdir -p '/ws/userland/src/components/desktop/libotr/build/prototype/i386/usr/share/aclocal'
 /usr/bin/ginstall -c -m 644 /ws/userland/src/components/desktop/libotr/libotr-4.1.1/libotr.m4 '/ws/userland/src/components/desktop/libotr/build/prototype/i386/usr/share/aclocal'
 /usr/bin/gmkdir -p '/ws/userland/src/components/desktop/libotr/build/prototype/i386/usr/lib/pkgconfig'
 /usr/bin/ginstall -c -m 644 libotr.pc '/ws/userland/src/components/desktop/libotr/build/prototype/i386/usr/lib/pkgconfig'
make[3]: Leaving directory '/ws/userland/src/components/desktop/libotr/build/i86'
make[2]: Leaving directory '/ws/userland/src/components/desktop/libotr/build/i86'
make[1]: Leaving directory '/ws/userland/src/components/desktop/libotr/build/i86'
/usr/bin/touch /ws/userland/src/components/desktop/libotr/build/i86/.installed
(cd /ws/userland/src/components/desktop/libotr/build/amd64 ; /usr/bin/env LD_OPTIONS="-M /usr/lib/ld/map.noexdata -M /usr/lib/ld/map.pagealign -Bdirect -zignore -zstrip-class=comment" LD_EXEC_OPTIONS=" -zsx=aslr=enable -zsx=nxstack=enable -zsx=nxheap=enable " LD_PIE_OPTIONS="-zsx=aslr=enable -zsx=nxstack=enable -zsx=nxheap=enable "  /usr/gnu/bin/make \
		 DESTDIR=/ws/userland/src/components/desktop/libotr/build/prototype/i386 install)
make[1]: Entering directory '/ws/userland/src/components/desktop/libotr/build/amd64'
Making install in src
make[2]: Entering directory '/ws/userland/src/components/desktop/libotr/build/amd64/src'
make[3]: Entering directory '/ws/userland/src/components/desktop/libotr/build/amd64/src'
 /usr/bin/gmkdir -p '/ws/userland/src/components/desktop/libotr/build/prototype/i386/usr/lib/amd64'
 /bin/bash ../libtool   --mode=install /usr/bin/ginstall -c   libotr.la '/ws/userland/src/components/desktop/libotr/build/prototype/i386/usr/lib/amd64'
libtool: install: /usr/bin/ginstall -c .libs/libotr.so.5.1.1 /ws/userland/src/components/desktop/libotr/build/prototype/i386/usr/lib/amd64/libotr.so.5.1.1
libtool: install: (cd /ws/userland/src/components/desktop/libotr/build/prototype/i386/usr/lib/amd64 && { ln -s -f libotr.so.5.1.1 libotr.so.5 || { rm -f libotr.so.5 && ln -s libotr.so.5.1.1 libotr.so.5; }; })
libtool: install: (cd /ws/userland/src/components/desktop/libotr/build/prototype/i386/usr/lib/amd64 && { ln -s -f libotr.so.5.1.1 libotr.so || { rm -f libotr.so && ln -s libotr.so.5.1.1 libotr.so; }; })
libtool: install: chmod +x /ws/userland/src/components/desktop/libotr/build/prototype/i386/usr/lib/amd64/libotr.so.5.1.1
libtool: install: /usr/bin/ginstall -c .libs/libotr.lai /ws/userland/src/components/desktop/libotr/build/prototype/i386/usr/lib/amd64/libotr.la
libtool: install: /usr/bin/ginstall -c .libs/libotr.a /ws/userland/src/components/desktop/libotr/build/prototype/i386/usr/lib/amd64/libotr.a
libtool: install: chmod 644 /ws/userland/src/components/desktop/libotr/build/prototype/i386/usr/lib/amd64/libotr.a
libtool: install: ranlib /ws/userland/src/components/desktop/libotr/build/prototype/i386/usr/lib/amd64/libotr.a
libtool: warning: remember to run 'libtool --finish /usr/lib/amd64'
 /usr/bin/gmkdir -p '/ws/userland/src/components/desktop/libotr/build/prototype/i386/usr/include/libotr'
 /usr/bin/ginstall -c -m 644 /ws/userland/src/components/desktop/libotr/libotr-4.1.1/src/b64.h /ws/userland/src/components/desktop/libotr/libotr-4.1.1/src/context.h /ws/userland/src/components/desktop/libotr/libotr-4.1.1/src/dh.h /ws/userland/src/components/desktop/libotr/libotr-4.1.1/src/mem.h /ws/userland/src/components/desktop/libotr/libotr-4.1.1/src/message.h /ws/userland/src/components/desktop/libotr/libotr-4.1.1/src/privkey.h /ws/userland/src/components/desktop/libotr/libotr-4.1.1/src/proto.h /ws/userland/src/components/desktop/libotr/libotr-4.1.1/src/version.h /ws/userland/src/components/desktop/libotr/libotr-4.1.1/src/userstate.h /ws/userland/src/components/desktop/libotr/libotr-4.1.1/src/tlv.h /ws/userland/src/components/desktop/libotr/libotr-4.1.1/src/serial.h /ws/userland/src/components/desktop/libotr/libotr-4.1.1/src/auth.h /ws/userland/src/components/desktop/libotr/libotr-4.1.1/src/sm.h /ws/userland/src/components/desktop/libotr/libotr-4.1.1/src/privkey-t.h /ws/userland/src/components/desktop/libotr/libotr-4.1.1/src/context_priv.h /ws/userland/src/components/desktop/libotr/libotr-4.1.1/src/instag.h '/ws/userland/src/components/desktop/libotr/build/prototype/i386/usr/include/libotr'
make[3]: Leaving directory '/ws/userland/src/components/desktop/libotr/build/amd64/src'
make[2]: Leaving directory '/ws/userland/src/components/desktop/libotr/build/amd64/src'
Making install in toolkit
make[2]: Entering directory '/ws/userland/src/components/desktop/libotr/build/amd64/toolkit'
make[3]: Entering directory '/ws/userland/src/components/desktop/libotr/build/amd64/toolkit'
 /usr/bin/gmkdir -p '/ws/userland/src/components/desktop/libotr/build/prototype/i386/usr/bin'
  /bin/bash ../libtool   --mode=install /usr/bin/ginstall -c otr_parse otr_sesskeys otr_mackey otr_readforge otr_modify otr_remac '/ws/userland/src/components/desktop/libotr/build/prototype/i386/usr/bin'
libtool: warning: '../src/libotr.la' has not been installed in '/usr/lib/amd64'
libtool: install: /usr/bin/ginstall -c .libs/otr_parse /ws/userland/src/components/desktop/libotr/build/prototype/i386/usr/bin/otr_parse
libtool: warning: '../src/libotr.la' has not been installed in '/usr/lib/amd64'
libtool: install: /usr/bin/ginstall -c .libs/otr_sesskeys /ws/userland/src/components/desktop/libotr/build/prototype/i386/usr/bin/otr_sesskeys
libtool: warning: '../src/libotr.la' has not been installed in '/usr/lib/amd64'
libtool: install: /usr/bin/ginstall -c .libs/otr_mackey /ws/userland/src/components/desktop/libotr/build/prototype/i386/usr/bin/otr_mackey
libtool: warning: '../src/libotr.la' has not been installed in '/usr/lib/amd64'
libtool: install: /usr/bin/ginstall -c .libs/otr_readforge /ws/userland/src/components/desktop/libotr/build/prototype/i386/usr/bin/otr_readforge
libtool: warning: '../src/libotr.la' has not been installed in '/usr/lib/amd64'
libtool: install: /usr/bin/ginstall -c .libs/otr_modify /ws/userland/src/components/desktop/libotr/build/prototype/i386/usr/bin/otr_modify
libtool: warning: '../src/libotr.la' has not been installed in '/usr/lib/amd64'
libtool: install: /usr/bin/ginstall -c .libs/otr_remac /ws/userland/src/components/desktop/libotr/build/prototype/i386/usr/bin/otr_remac
mkdir -p /ws/userland/src/components/desktop/libotr/build/prototype/i386/usr/share/man/man1
(cd /ws/userland/src/components/desktop/libotr/build/prototype/i386/usr/share/man/man1 && \
for f in otr_parse.1 otr_sesskeys.1 otr_mackey.1 otr_readforge.1 otr_modify.1 otr_remac.1; do ln -sf otr_toolkit.1 $f; done)
 /usr/bin/gmkdir -p '/ws/userland/src/components/desktop/libotr/build/prototype/i386/usr/share/man/man1'
 /usr/bin/ginstall -c -m 644 /ws/userland/src/components/desktop/libotr/libotr-4.1.1/toolkit/otr_toolkit.1 '/ws/userland/src/components/desktop/libotr/build/prototype/i386/usr/share/man/man1'
make[3]: Leaving directory '/ws/userland/src/components/desktop/libotr/build/amd64/toolkit'
make[2]: Leaving directory '/ws/userland/src/components/desktop/libotr/build/amd64/toolkit'
make[2]: Entering directory '/ws/userland/src/components/desktop/libotr/build/amd64'
make[3]: Entering directory '/ws/userland/src/components/desktop/libotr/build/amd64'
make[3]: Nothing to be done for 'install-exec-am'.
 /usr/bin/gmkdir -p '/ws/userland/src/components/desktop/libotr/build/prototype/i386/usr/share/aclocal'
 /usr/bin/ginstall -c -m 644 /ws/userland/src/components/desktop/libotr/libotr-4.1.1/libotr.m4 '/ws/userland/src/components/desktop/libotr/build/prototype/i386/usr/share/aclocal'
 /usr/bin/gmkdir -p '/ws/userland/src/components/desktop/libotr/build/prototype/i386/usr/lib/amd64/pkgconfig'
 /usr/bin/ginstall -c -m 644 libotr.pc '/ws/userland/src/components/desktop/libotr/build/prototype/i386/usr/lib/amd64/pkgconfig'
make[3]: Leaving directory '/ws/userland/src/components/desktop/libotr/build/amd64'
make[2]: Leaving directory '/ws/userland/src/components/desktop/libotr/build/amd64'
make[1]: Leaving directory '/ws/userland/src/components/desktop/libotr/build/amd64'
/usr/bin/touch /ws/userland/src/components/desktop/libotr/build/amd64/.installed
abort: there is no Mercurial repository here (.hg not found)
/usr/bin/pkgfmt -c -fv2 libotr.p5m
/usr/bin/pkgmogrify -D PERL_ARCH=i86pc-solaris-thread-multi-64 -D PERL_VERSION=5.22 -D IPS_COMPONENT_RE_VERSION=4\\.1\\.1 -D COMPONENT_RE_VERSION=4\\.1\\.1 -D PYTHON_2.7_ONLY=# -D PYTHON_3.4_ONLY=# -D PYTHON_3.5_ONLY=# -D SQ=\' -D DQ=\" -D Q=\" -I/ws/userland/src/components/desktop/libotr -D SOLARIS_11_3_ONLY="#" -D SOLARIS_11_5_ONLY="#" -D SOLARIS_11_3_4_ONLY="" -D SOLARIS_11_4_5_ONLY="" -D SOLARIS_11_4_ONLY="" -D ARC_CASE="" -D TPNO="27468" -D BUILD_VERSION="5.11-11.4.0.0.1.14.0" -D OS_RELEASE="5.11" -D SOLARIS_VERSION="2.11" -D PKG_SOLARIS_VERSION="11.4" -D CONSOLIDATION="userland" -D CONSOLIDATION_CHANGESET="" -D CONSOLIDATION_REPOSITORY_URL="https://github.com/oracle/solaris-userland.git" -D COMPONENT_VERSION="4.1.1" -D IPS_COMPONENT_VERSION="4.1.1" -D HUMAN_VERSION="" -D COMPONENT_ARCHIVE_URL="https://otr.cypherpunks.ca/libotr-4.1.1.tar.gz" -D COMPONENT_PROJECT_URL="https://otr.cypherpunks.ca/" -D COMPONENT_NAME="libotr" -D HG_REPO="" -D HG_REV="" -D HG_URL="" -D GIT_COMMIT_ID="" -D GIT_REPO="" -D GIT_TAG="" -D MACH="i386" -D MACH32="i86" -D MACH64="amd64" -D PUBLISHER="nightly" -D PUBLISHER_LOCALIZABLE="userland-localizable" libotr.p5m \
	/ws/userland/src/transforms/license-changes /ws/userland/src/transforms/variant-cleanup /ws/userland/src/transforms/autopyc /ws/userland/src/transforms/defaults /ws/userland/src/transforms/actuators /ws/userland/src/transforms/depends /ws/userland/src/transforms/devel /ws/userland/src/transforms/docs /ws/userland/src/transforms/locale /ws/userland/src/transforms/standard-python-libraries /ws/userland/src/transforms/python-rename /ws/userland/src/transforms/python-3-groups /ws/userland/src/transforms/python-3-soabi /ws/userland/src/transforms/python-3-no-32bit /ws/userland/src/transforms/ruby-tests /ws/userland/src/transforms/puppet /ws/userland/src/transforms/libtool-drop /ws/userland/src/transforms/incorporate /ws/userland/src/transforms/publish-cleanup | \
	sed -e '/^$/d' -e '/^#.*$/d' | uniq >/ws/userland/src/components/desktop/libotr/build/manifest-i386-libotr.mogrified
/bin/mkdir -p /ws/userland/src/components/desktop/libotr/build/prototype/i386/mangled
/ws/userland/src/tools/userland-mangler -D /ws/userland/src/components/desktop/libotr/build/prototype/i386/mangled -d /ws/userland/src/components/desktop/libotr/build/prototype/i386/mangled -d /ws/userland/src/components/desktop/libotr/build/prototype/i386 -d /ws/userland/src/components/desktop/libotr/build -d /ws/userland/src/components/desktop/libotr -d libotr-4.1.1 -d /ws/userland/src/licenses -m /ws/userland/src/components/desktop/libotr/build/manifest-i386-libotr.mogrified >/ws/userland/src/components/desktop/libotr/build/manifest-i386-libotr.mangled
/usr/bin/env  /usr/bin/pkgdepend generate \
    -m -d /ws/userland/src/components/desktop/libotr/build/prototype/i386/mangled -d /ws/userland/src/components/desktop/libotr/build/prototype/i386 -d /ws/userland/src/components/desktop/libotr/build -d /ws/userland/src/components/desktop/libotr -d libotr-4.1.1 -d /ws/userland/src/licenses /ws/userland/src/components/desktop/libotr/build/manifest-i386-libotr.mangled >/ws/userland/src/components/desktop/libotr/build/manifest-i386-libotr.depend
/usr/bin/pkgdepend resolve -e /ws/userland/src/components/desktop/libotr/build/resolve.deps -m /ws/userland/src/components/desktop/libotr/build/manifest-i386-libotr.depend
/usr/bin/touch /ws/userland/src/components/desktop/libotr/build/.resolved-i386
VALIDATING MANIFEST CONTENT: /ws/userland/src/components/desktop/libotr/build/manifest-i386-libotr.depend.res
/usr/bin/env PYTHONPATH=/ws/userland/src/tools/python PROTO_PATH="/ws/userland/src/components/desktop/libotr/build/prototype/i386/mangled /ws/userland/src/components/desktop/libotr/build/prototype/i386 /ws/userland/src/components/desktop/libotr/build /ws/userland/src/components/desktop/libotr libotr-4.1.1 /ws/userland/src/licenses"\
	SOLARIS_VERSION=2.11\
	/bin/true -c /ws/userland/src/i386/pkglint-cache \
		-f /ws/userland/src/tools/pkglintrc /ws/userland/src/components/desktop/libotr/build/manifest-i386-libotr.depend.res
/usr/bin/touch /ws/userland/src/components/desktop/libotr/build/.linted-i386
/usr/bin/pkgsend -s file:/ws/userland/src/i386/repo publish --fmri-in-manifest --no-catalog -d /ws/userland/src/components/desktop/libotr/build/prototype/i386/mangled -d /ws/userland/src/components/desktop/libotr/build/prototype/i386 -d /ws/userland/src/components/desktop/libotr/build -d /ws/userland/src/components/desktop/libotr -d libotr-4.1.1 -d /ws/userland/src/licenses -T \*.py /ws/userland/src/components/desktop/libotr/build/manifest-i386-libotr.depend.res
pkg://nightly/communication/im/libotr@4.1.1,5.11-11.4.0.0.1.14.0:20190727T212547Z
PUBLISHED
/usr/bin/pkgfmt </ws/userland/src/components/desktop/libotr/build/manifest-i386-libotr.depend.res >/ws/userland/src/components/desktop/libotr/build/manifest-i386-libotr.published
/usr/bin/touch /ws/userland/src/components/desktop/libotr/build/.published-i386
gmake: Leaving directory '/ws/userland/src/components/desktop/libotr'

real     1:03.0
user       22.8
sys         8.0
