gmake: Entering directory '/ws/userland/src/components/desktop/harfbuzz'
/bin/rm -f -r /ws/userland/src/components/desktop/harfbuzz/harfbuzz-1.0.6
/usr/bin/env RUBY_VERSION=2.1 /ws/userland/src/tools/userland-unpack  harfbuzz-1.0.6.tar.bz2
/usr/bin/touch /ws/userland/src/components/desktop/harfbuzz/harfbuzz-1.0.6/.unpacked
/usr/bin/touch /ws/userland/src/components/desktop/harfbuzz/harfbuzz-1.0.6/.prep
(/bin/rm -f -rf /ws/userland/src/components/desktop/harfbuzz/build/i86 ; /bin/mkdir -p /ws/userland/src/components/desktop/harfbuzz/build/i86)
(cd /ws/userland/src/components/desktop/harfbuzz/build/i86 ; /usr/bin/env CONFIG_SHELL="/bin/bash" PKG_CONFIG_PATH="/usr/lib/pkgconfig" CC="/usr/gcc/7/bin/gcc" CXX="/usr/gcc/7/bin/g++"  CC_FOR_BUILD="/usr/gcc/7/bin/gcc -m32" CXX_FOR_BUILD="/usr/gcc/7/bin/g++ -m32" CPPFLAGS="-m32" "ac_cv_func_realloc_0_nonnull=yes" "NM=/usr/gnu/bin/nm" INTLTOOL_PERL="/usr/perl5/5.22/bin/perl" CFLAGS="-m32 -O3 -mincoming-stack-boundary=2" CXXFLAGS="-m32 -O3 -mincoming-stack-boundary=2 -std=c++11" LDFLAGS="" CC="/usr/gcc/7/bin/gcc -m32" /bin/bash \
	/ws/userland/src/components/desktop/harfbuzz/harfbuzz-1.0.6/configure --prefix=/usr --mandir=/usr/share/man --bindir=/usr/bin/i86 --sbindir=/usr/sbin/i86 --libdir=/usr/lib    --enable-introspection --with-glib --with-gobject --with-icu --enable-gtk-doc)
checking for a BSD-compatible install... /usr/bin/ginstall -c
checking whether build environment is sane... yes
checking for a thread-safe mkdir -p... /usr/bin/gmkdir -p
checking for gawk... gawk
checking whether make sets $(MAKE)... yes
checking whether make supports nested variables... yes
checking how to create a pax tar archive... gnutar
checking whether make supports nested variables... (cached) yes
checking for style of include used by make... GNU
checking for gcc... /usr/gcc/7/bin/gcc -m32
checking whether the C compiler works... yes
checking for C compiler default output file name... a.out
checking for suffix of executables... 
checking whether we are cross compiling... no
checking for suffix of object files... o
checking whether we are using the GNU C compiler... yes
checking whether /usr/gcc/7/bin/gcc -m32 accepts -g... yes
checking for /usr/gcc/7/bin/gcc -m32 option to accept ISO C89... none needed
checking whether /usr/gcc/7/bin/gcc -m32 understands -c and -o together... yes
checking dependency style of /usr/gcc/7/bin/gcc -m32... gcc3
checking for ar... ar
checking the archiver (ar) interface... ar
checking build system type... i386-pc-solaris2.11
checking host system type... i386-pc-solaris2.11
checking how to print strings... print -r
checking for a sed that does not truncate output... /usr/bin/gsed
checking for grep that handles long lines and -e... /usr/bin/ggrep
checking for egrep... /usr/bin/ggrep -E
checking for fgrep... /usr/bin/ggrep -F
checking for ld used by /usr/gcc/7/bin/gcc -m32... /usr/bin/ld
checking if the linker (/usr/bin/ld) is GNU ld... no
checking for BSD- or MS-compatible name lister (nm)... /usr/gnu/bin/nm
checking the name lister (/usr/gnu/bin/nm) interface... BSD nm
checking whether ln -s works... yes
checking the maximum length of command line arguments... 1572480
checking whether the shell understands some XSI constructs... yes
checking whether the shell understands "+="... yes
checking how to convert i386-pc-solaris2.11 file names to i386-pc-solaris2.11 format... func_convert_file_noop
checking how to convert i386-pc-solaris2.11 file names to toolchain format... func_convert_file_noop
checking for /usr/bin/ld option to reload object files... -r
checking for objdump... objdump
checking how to recognize dependent libraries... pass_all
checking for dlltool... no
checking how to associate runtime and link libraries... print -r --
checking for archiver @FILE support... no
checking for strip... strip
checking for ranlib... ranlib
checking command to parse /usr/gnu/bin/nm output from /usr/gcc/7/bin/gcc -m32 object... ok
checking for sysroot... no
checking for mt... mt
checking if mt is a manifest tool... no
checking how to run the C preprocessor... /usr/gcc/7/bin/gcc -m32 -E
checking for ANSI C header files... yes
checking for sys/types.h... yes
checking for sys/stat.h... yes
checking for stdlib.h... yes
checking for string.h... yes
checking for memory.h... yes
checking for strings.h... yes
checking for inttypes.h... yes
checking for stdint.h... yes
checking for unistd.h... yes
checking for dlfcn.h... yes
checking for objdir... .libs
checking if /usr/gcc/7/bin/gcc -m32 supports -fno-rtti -fno-exceptions... no
checking for /usr/gcc/7/bin/gcc -m32 option to produce PIC... -fPIC -DPIC
checking if /usr/gcc/7/bin/gcc -m32 PIC flag -fPIC -DPIC works... yes
checking if /usr/gcc/7/bin/gcc -m32 static flag -static works... no
checking if /usr/gcc/7/bin/gcc -m32 supports -c -o file.o... yes
checking if /usr/gcc/7/bin/gcc -m32 supports -c -o file.o... (cached) yes
checking whether the /usr/gcc/7/bin/gcc -m32 linker (/usr/bin/ld) supports shared libraries... yes
checking whether -lc should be explicitly linked in... no
checking dynamic linker characteristics... solaris2.11 ld.so
checking how to hardcode library paths into programs... immediate
checking whether stripping libraries is possible... no
checking if libtool supports shared libraries... yes
checking whether to build shared libraries... yes
checking whether to build static libraries... no
checking for gcc... (cached) /usr/gcc/7/bin/gcc -m32
checking whether we are using the GNU C compiler... (cached) yes
checking whether /usr/gcc/7/bin/gcc -m32 accepts -g... (cached) yes
checking for /usr/gcc/7/bin/gcc -m32 option to accept ISO C89... (cached) none needed
checking whether /usr/gcc/7/bin/gcc -m32 understands -c and -o together... (cached) yes
checking dependency style of /usr/gcc/7/bin/gcc -m32... (cached) gcc3
checking whether we are using the GNU C++ compiler... yes
checking whether /usr/gcc/7/bin/g++ accepts -g... yes
checking dependency style of /usr/gcc/7/bin/g++... gcc3
checking how to run the C++ preprocessor... /usr/gcc/7/bin/g++ -E
checking for ld used by /usr/gcc/7/bin/g++... /usr/bin/ld
checking if the linker (/usr/bin/ld) is GNU ld... no
checking whether the /usr/gcc/7/bin/g++ linker (/usr/bin/ld) supports shared libraries... yes
checking for /usr/gcc/7/bin/g++ option to produce PIC... -fPIC -DPIC
checking if /usr/gcc/7/bin/g++ PIC flag -fPIC -DPIC works... yes
checking if /usr/gcc/7/bin/g++ static flag -static works... no
checking if /usr/gcc/7/bin/g++ supports -c -o file.o... yes
checking if /usr/gcc/7/bin/g++ supports -c -o file.o... (cached) yes
checking whether the /usr/gcc/7/bin/g++ linker (/usr/bin/ld) supports shared libraries... yes
checking dynamic linker characteristics... solaris2.11 ld.so
checking how to hardcode library paths into programs... immediate
checking for pkg-config... /usr/bin/pkg-config
checking pkg-config is at least version 0.20... yes
checking for gtk-doc... yes
checking for gtkdoc-check... gtkdoc-check.test
checking for gtkdoc-check... /usr/bin/gtkdoc-check
checking for gtkdoc-rebase... /usr/bin/gtkdoc-rebase
checking for gtkdoc-mkpdf... /usr/bin/gtkdoc-mkpdf
checking whether to build gtk-doc documentation... yes
checking for GTKDOC_DEPS... yes
checking for atexit... yes
checking for mprotect... yes
checking for sysconf... yes
checking for getpagesize... yes
checking for mmap... yes
checking for isatty... yes
checking for unistd.h... (cached) yes
checking sys/mman.h usability... yes
checking sys/mman.h presence... yes
checking for sys/mman.h... yes
checking alignment of struct{char;}... 1
checking for native Win32... no
checking whether pthreads work with -pthreads... yes
checking for joinable pthread attribute... PTHREAD_CREATE_JOINABLE
checking if more special flags are required for pthreads... -D_REENTRANT
checking for PTHREAD_PRIO_INHERIT... yes
checking for GLIB... yes
checking for GOBJECT... yes
checking for gobject-introspection... yes
checking for CAIRO... yes
checking for CAIRO_FT... yes
checking for FONTCONFIG... yes
checking for ICU... yes
checking for FREETYPE... yes
checking for Intel atomic primitives... true
checking for Solaris atomic operations... false
checking that generated files are newer than configure... done
configure: creating ./config.status
config.status: creating Makefile
config.status: creating src/Makefile
config.status: creating src/hb-version.h
config.status: creating src/hb-ucdn/Makefile
config.status: creating util/Makefile
config.status: creating test/Makefile
config.status: creating test/api/Makefile
config.status: creating test/shaping/Makefile
config.status: creating docs/Makefile
config.status: creating docs/version.xml
config.status: creating config.h
config.status: executing depfiles commands
config.status: executing libtool commands
configure:

Build configuration:

Unicode callbacks (you want at least one):
	Glib:			true
	ICU:			true
	UCDN:			false

Font callbacks (the more the better):
	FreeType:		true

Tools used for command-line utilities:
	Cairo:			true
	Fontconfig:		true

Additional shapers (the more the better):
	Graphite2:		false

Platform shapers (not normally needed):
	CoreText:		false
	Uniscribe:		false

Other features:
	Documentation:		true
	GObject bindings:	true
	Introspection:		true

/usr/bin/touch /ws/userland/src/components/desktop/harfbuzz/build/i86/.configured
(cd /ws/userland/src/components/desktop/harfbuzz/build/i86 ; /usr/bin/env LD_OPTIONS="-M /usr/lib/ld/map.noexdata -M /usr/lib/ld/map.pagealign -Bdirect -zignore -zstrip-class=comment" LD_EXEC_OPTIONS=" -zsx=aslr=enable -zsx=nxstack=enable -zsx=nxheap=enable " LD_PIE_OPTIONS="-zsx=aslr=enable -zsx=nxstack=enable -zsx=nxheap=enable "  PKG_CONFIG_PATH="/usr/lib/pkgconfig" "ac_cv_func_realloc_0_nonnull=yes" INTLTOOL_PERL="/usr/perl5/5.22/bin/perl" GI_SCANNER_DISABLE_CACHE=yes \
	/usr/gnu/bin/make  )
make[1]: Entering directory '/ws/userland/src/components/desktop/harfbuzz/build/i86'
/usr/gnu/bin/make  all-recursive
make[2]: Entering directory '/ws/userland/src/components/desktop/harfbuzz/build/i86'
Making all in src
make[3]: Entering directory '/ws/userland/src/components/desktop/harfbuzz/build/i86/src'
  GEN      hb-gobject-enums.cc
  GEN      hb-gobject-enums.h
/usr/gnu/bin/make  all-recursive
make[4]: Entering directory '/ws/userland/src/components/desktop/harfbuzz/build/i86/src'
make[5]: Entering directory '/ws/userland/src/components/desktop/harfbuzz/build/i86/src'
  CXX      libharfbuzz_la-hb-blob.lo
  CXX      libharfbuzz_la-hb-buffer-serialize.lo
  CXX      libharfbuzz_la-hb-buffer.lo
  CXX      libharfbuzz_la-hb-common.lo
  CXX      libharfbuzz_la-hb-face.lo
  CXX      libharfbuzz_la-hb-font.lo
  CXX      libharfbuzz_la-hb-ot-tag.lo
  CXX      libharfbuzz_la-hb-set.lo
  CXX      libharfbuzz_la-hb-shape.lo
  CXX      libharfbuzz_la-hb-shape-plan.lo
  CXX      libharfbuzz_la-hb-shaper.lo
  CXX      libharfbuzz_la-hb-unicode.lo
  CXX      libharfbuzz_la-hb-warning.lo
  CXX      libharfbuzz_la-hb-ot-font.lo
  CXX      libharfbuzz_la-hb-ot-layout.lo
  CXX      libharfbuzz_la-hb-ot-map.lo
  CXX      libharfbuzz_la-hb-ot-shape.lo
  CXX      libharfbuzz_la-hb-ot-shape-complex-arabic.lo
  CXX      libharfbuzz_la-hb-ot-shape-complex-default.lo
  CXX      libharfbuzz_la-hb-ot-shape-complex-hangul.lo
  CXX      libharfbuzz_la-hb-ot-shape-complex-hebrew.lo
  CXX      libharfbuzz_la-hb-ot-shape-complex-indic.lo
  CXX      libharfbuzz_la-hb-ot-shape-complex-indic-table.lo
  CXX      libharfbuzz_la-hb-ot-shape-complex-myanmar.lo
  CXX      libharfbuzz_la-hb-ot-shape-complex-thai.lo
  CXX      libharfbuzz_la-hb-ot-shape-complex-tibetan.lo
  CXX      libharfbuzz_la-hb-ot-shape-complex-use.lo
  CXX      libharfbuzz_la-hb-ot-shape-complex-use-table.lo
  CXX      libharfbuzz_la-hb-ot-shape-normalize.lo
  CXX      libharfbuzz_la-hb-ot-shape-fallback.lo
  CXX      libharfbuzz_la-hb-fallback-shape.lo
  CXX      libharfbuzz_la-hb-glib.lo
  CXX      libharfbuzz_la-hb-ft.lo
  GEN      libharfbuzz.la
  CXX      libharfbuzz_icu_la-hb-icu.lo
  CXXLD    libharfbuzz-icu.la
  CXX      libharfbuzz_gobject_la-hb-gobject-structs.lo
  CXX      libharfbuzz_gobject_la-hb-gobject-enums.lo
  CXXLD    libharfbuzz-gobject.la
  CXX      main-main.o
  CXXLD    main
  CXX      test-test.o
  CXXLD    test
  CXX      test_buffer_serialize-test-buffer-serialize.o
  CXXLD    test-buffer-serialize
  CXX      test_size_params-test-size-params.o
  CXXLD    test-size-params
  CXX      test_would_substitute-test-would-substitute.o
  CXXLD    test-would-substitute
  GISCAN   HarfBuzz-0.0.gir
/usr/gcc/7/lib/gcc/x86_64-pc-solaris2.11/7.3.0/include/stddef.h:435: syntax error, unexpected identifier in '  __float128 __max_align_f128 __attribute__((__aligned__(__alignof(__float128))));' at '__float128'
harfbuzz-1.0.6/src/hb-buffer.cc:40: Error: HarfBuzz: identifier not found on the first line:
 * Since: 0.9.7
   ^
harfbuzz-1.0.6/src/hb-buffer.cc:55: Error: HarfBuzz: identifier not found on the first line:
 * Since: 0.9.7
   ^
harfbuzz-1.0.6/src/hb-buffer.cc:701: Warning: HarfBuzz: unknown annotation: xconstructor
harfbuzz-1.0.6/src/hb-face.cc:152: Warning: HarfBuzz: unknown annotation: xconstructor
harfbuzz-1.0.6/src/hb-font.cc:233: Warning: HarfBuzz: unknown annotation: xconstructor
harfbuzz-1.0.6/src/hb-font.cc:841: Warning: HarfBuzz: unknown annotation: xconstructor
harfbuzz-1.0.6/src/hb-set.cc:34: Warning: HarfBuzz: unknown annotation: xconstructor
harfbuzz-1.0.6/src/hb-shape-plan.cc:98: Warning: HarfBuzz: unknown annotation: xconstructor
harfbuzz-1.0.6/src/hb-unicode.cc:154: Warning: HarfBuzz: unknown annotation: xconstructor
harfbuzz-1.0.6/src/hb-ot-font.cc:421: Error: HarfBuzz: identifier not found on the first line:
 * Since: 0.9.28
   ^
harfbuzz-1.0.6/src/hb-ot-layout.cc:133: Error: HarfBuzz: identifier not found on the first line:
 * Since: 0.9.7
   ^
harfbuzz-1.0.6/src/hb-ot-layout.cc:143: Error: HarfBuzz: identifier not found on the first line:
 * Since: 0.9.7
   ^
harfbuzz-1.0.6/src/hb-ot-layout.cc:368: Error: HarfBuzz: identifier not found on the first line:
 * Since: 0.9.30
   ^
harfbuzz-1.0.6/src/hb-ot-layout.cc:455: Error: HarfBuzz: identifier not found on the first line:
 * Since: 0.9.7
   ^
harfbuzz-1.0.6/src/hb-ot-layout.cc:472: Error: HarfBuzz: identifier not found on the first line:
 * Since: 0.9.22
   ^
harfbuzz-1.0.6/src/hb-ot-layout.cc:632: Error: HarfBuzz: identifier not found on the first line:
 * Since: 0.9.8
   ^
harfbuzz-1.0.6/src/hb-ot-layout.cc:676: Error: HarfBuzz: identifier not found on the first line:
 * Since: 0.9.7
   ^
harfbuzz-1.0.6/src/hb-ot-layout.cc:724: Error: HarfBuzz: identifier not found on the first line:
 * Since: 0.9.7
   ^
harfbuzz-1.0.6/src/hb-ot-layout.cc:765: Error: HarfBuzz: identifier not found on the first line:
 * Since: 0.9.7
   ^
harfbuzz-1.0.6/src/hb-ot-layout.cc:802: Error: HarfBuzz: identifier not found on the first line:
 * Since: 0.9.10
   ^
harfbuzz-1.0.6/src/hb-ot-shape.cc:823: Error: HarfBuzz: identifier not found on the first line:
 * Since: 0.9.7
   ^
harfbuzz-1.0.6/src/hb-ot-shape.cc:856: Error: HarfBuzz: identifier not found on the first line:
 * Since: 0.9.2
   ^
harfbuzz-1.0.6/src/hb-glib.cc:386: Error: HarfBuzz: identifier not found on the first line:
 * Since: 0.9.38
   ^
harfbuzz-1.0.6/src/hb-unicode.h:408: Error: HarfBuzz: identifier not found on the first line:
 * Since: 0.9.2
   ^
harfbuzz-1.0.6/src/hb-unicode.h:415: Error: HarfBuzz: identifier not found on the first line:
 * Since: 0.9.2
   ^
harfbuzz-1.0.6/src/hb-unicode.h:422: Error: HarfBuzz: identifier not found on the first line:
 * Since: 0.9.2
   ^
harfbuzz-1.0.6/src/hb-unicode.h:429: Error: HarfBuzz: identifier not found on the first line:
 * Since: 0.9.2
   ^
harfbuzz-1.0.6/src/hb-unicode.h:436: Error: HarfBuzz: identifier not found on the first line:
 * Since: 0.9.2
   ^
harfbuzz-1.0.6/src/hb-unicode.h:443: Error: HarfBuzz: identifier not found on the first line:
 * Since: 0.9.2
   ^
harfbuzz-1.0.6/src/hb-unicode.h:452: Error: HarfBuzz: identifier not found on the first line:
 * Since: 0.9.2
   ^
harfbuzz-1.0.6/src/hb-unicode.h:461: Error: HarfBuzz: identifier not found on the first line:
 * Since: 0.9.2
   ^
harfbuzz-1.0.6/src/hb-gobject-structs.h:44: Error: HarfBuzz: identifier not found on the first line:
 * Since: 0.9.2
   ^
harfbuzz-1.0.6/src/hb-gobject-structs.h:50: Error: HarfBuzz: identifier not found on the first line:
 * Since: 0.9.2
   ^
harfbuzz-1.0.6/src/hb-gobject-structs.h:56: Error: HarfBuzz: identifier not found on the first line:
 * Since: 0.9.2
   ^
harfbuzz-1.0.6/src/hb-gobject-structs.h:62: Error: HarfBuzz: identifier not found on the first line:
 * Since: 0.9.2
   ^
harfbuzz-1.0.6/src/hb-gobject-structs.h:68: Error: HarfBuzz: identifier not found on the first line:
 * Since: 0.9.2
   ^
harfbuzz-1.0.6/src/hb-gobject-structs.h:80: Error: HarfBuzz: identifier not found on the first line:
 * Since: 0.9.2
   ^
ld: warning: file /ws/userland/src/components/desktop/harfbuzz/build/i86/src/.libs/libharfbuzz.so: linked to ./.libs/libharfbuzz.so: attempted multiple inclusion of file
harfbuzz-1.0.6/src/hb-shape.cc:395: Warning: HarfBuzz: hb_shape: invalid return annotation
harfbuzz-1.0.6/src/hb-ft.cc:432: Warning: HarfBuzz: hb_ft_face_create: argument ft_face: Unresolved type: u'FT_Face'
harfbuzz-1.0.6/src/hb-ft.cc:489: Warning: HarfBuzz: hb_ft_face_create_cached: argument ft_face: Unresolved type: u'FT_Face'
harfbuzz-1.0.6/src/hb-ft.cc:467: Warning: HarfBuzz: hb_ft_face_create_referenced: argument ft_face: Unresolved type: u'FT_Face'
harfbuzz-1.0.6/src/hb-ft.cc:514: Warning: HarfBuzz: hb_ft_font_create: argument ft_face: Unresolved type: u'FT_Face'
harfbuzz-1.0.6/src/hb-ft.cc:547: Warning: HarfBuzz: hb_ft_font_create_referenced: argument ft_face: Unresolved type: u'FT_Face'
harfbuzz-1.0.6/src/hb-ft.h:111: Warning: HarfBuzz: hb_ft_font_get_face: return value: Unresolved type: u'FT_Face'
  GEN      harfbuzz.pc
  GEN      harfbuzz-icu.pc
  GEN      harfbuzz-gobject.pc
  GICOMP   HarfBuzz-0.0.gir
make[5]: Leaving directory '/ws/userland/src/components/desktop/harfbuzz/build/i86/src'
make[4]: Leaving directory '/ws/userland/src/components/desktop/harfbuzz/build/i86/src'
make[3]: Leaving directory '/ws/userland/src/components/desktop/harfbuzz/build/i86/src'
Making all in util
make[3]: Entering directory '/ws/userland/src/components/desktop/harfbuzz/build/i86/util'
  CXX      hb-view.o
  CXX      options.o
  CXX      ansi-print.o
  CXX      helper-cairo.o
  CXX      helper-cairo-ansi.o
  CXX      view-cairo.o
  CXXLD    hb-view
  CXX      hb-shape.o
  CXXLD    hb-shape
  CXX      hb-ot-shape-closure.o
  CXXLD    hb-ot-shape-closure
make[3]: Leaving directory '/ws/userland/src/components/desktop/harfbuzz/build/i86/util'
Making all in test
make[3]: Entering directory '/ws/userland/src/components/desktop/harfbuzz/build/i86/test'
Making all in api
make[4]: Entering directory '/ws/userland/src/components/desktop/harfbuzz/build/i86/test/api'
  CC       test-blob.o
  CCLD     test-blob
  CC       test-buffer.o
  CCLD     test-buffer
  CC       test-common.o
  CCLD     test-common
  CC       test-font.o
  CCLD     test-font
  CC       test-object.o
  CCLD     test-object
  CC       test-set.o
  CCLD     test-set
  CC       test-shape.o
  CCLD     test-shape
  CC       test_unicode-test-unicode.o
  CCLD     test-unicode
ld: warning: file /ws/userland/src/components/desktop/harfbuzz/build/i86/src/.libs/libharfbuzz.so: linked to ../../src/.libs/libharfbuzz.so: attempted multiple inclusion of file
  CC       test-version.o
  CCLD     test-version
  CC       test-ot-tag.o
  CCLD     test-ot-tag
  CC       test_c-test-c.o
  CCLD     test-c
  CXX      test_cplusplus-test-cplusplus.o
  CXXLD    test-cplusplus
make[4]: Leaving directory '/ws/userland/src/components/desktop/harfbuzz/build/i86/test/api'
Making all in shaping
make[4]: Entering directory '/ws/userland/src/components/desktop/harfbuzz/build/i86/test/shaping'
make[4]: Nothing to be done for 'all'.
make[4]: Leaving directory '/ws/userland/src/components/desktop/harfbuzz/build/i86/test/shaping'
make[4]: Entering directory '/ws/userland/src/components/desktop/harfbuzz/build/i86/test'
make[4]: Nothing to be done for 'all-am'.
make[4]: Leaving directory '/ws/userland/src/components/desktop/harfbuzz/build/i86/test'
make[3]: Leaving directory '/ws/userland/src/components/desktop/harfbuzz/build/i86/test'
Making all in docs
make[3]: Entering directory '/ws/userland/src/components/desktop/harfbuzz/build/i86/docs'
  DOC   Preparing build
  DOC   Scanning header files
  DOC   Introspecting gobjects
ld: warning: file /ws/userland/src/components/desktop/harfbuzz/build/i86/src/.libs/libharfbuzz.so: linked to ../src/.libs/libharfbuzz.so: attempted multiple inclusion of file
  DOC   Building XML
Can't parse args for function in "/* -1 means nul-terminated */
							 hb_codepoint_t *glyph,
							 void *user_data
" at /usr/share/gtk-doc/data/gtkdoc-common.pl line 443, <INPUT> line 205.
/ws/userland/src/components/desktop/harfbuzz/harfbuzz-1.0.6/src/hb-ot-layout.cc:134: warning: Symbol name not found at the start of the comment block.
/ws/userland/src/components/desktop/harfbuzz/harfbuzz-1.0.6/src/hb-ot-layout.cc:144: warning: Symbol name not found at the start of the comment block.
/ws/userland/src/components/desktop/harfbuzz/harfbuzz-1.0.6/src/hb-ot-layout.cc:369: warning: Symbol name not found at the start of the comment block.
/ws/userland/src/components/desktop/harfbuzz/harfbuzz-1.0.6/src/hb-ot-layout.cc:456: warning: Symbol name not found at the start of the comment block.
/ws/userland/src/components/desktop/harfbuzz/harfbuzz-1.0.6/src/hb-ot-layout.cc:473: warning: Symbol name not found at the start of the comment block.
/ws/userland/src/components/desktop/harfbuzz/harfbuzz-1.0.6/src/hb-ot-layout.cc:633: warning: Symbol name not found at the start of the comment block.
/ws/userland/src/components/desktop/harfbuzz/harfbuzz-1.0.6/src/hb-ot-layout.cc:677: warning: Symbol name not found at the start of the comment block.
/ws/userland/src/components/desktop/harfbuzz/harfbuzz-1.0.6/src/hb-ot-layout.cc:725: warning: Symbol name not found at the start of the comment block.
/ws/userland/src/components/desktop/harfbuzz/harfbuzz-1.0.6/src/hb-ot-layout.cc:766: warning: Symbol name not found at the start of the comment block.
/ws/userland/src/components/desktop/harfbuzz/harfbuzz-1.0.6/src/hb-ot-layout.cc:803: warning: Symbol name not found at the start of the comment block.
/ws/userland/src/components/desktop/harfbuzz/harfbuzz-1.0.6/src/hb-ot-shape.cc:824: warning: Symbol name not found at the start of the comment block.
/ws/userland/src/components/desktop/harfbuzz/harfbuzz-1.0.6/src/hb-ot-shape.cc:857: warning: Symbol name not found at the start of the comment block.
/ws/userland/src/components/desktop/harfbuzz/harfbuzz-1.0.6/src/hb-gobject-structs.h:45: warning: Symbol name not found at the start of the comment block.
/ws/userland/src/components/desktop/harfbuzz/harfbuzz-1.0.6/src/hb-gobject-structs.h:51: warning: Symbol name not found at the start of the comment block.
/ws/userland/src/components/desktop/harfbuzz/harfbuzz-1.0.6/src/hb-gobject-structs.h:57: warning: Symbol name not found at the start of the comment block.
/ws/userland/src/components/desktop/harfbuzz/harfbuzz-1.0.6/src/hb-gobject-structs.h:63: warning: Symbol name not found at the start of the comment block.
/ws/userland/src/components/desktop/harfbuzz/harfbuzz-1.0.6/src/hb-gobject-structs.h:69: warning: Symbol name not found at the start of the comment block.
/ws/userland/src/components/desktop/harfbuzz/harfbuzz-1.0.6/src/hb-gobject-structs.h:81: warning: Symbol name not found at the start of the comment block.
/ws/userland/src/components/desktop/harfbuzz/harfbuzz-1.0.6/src/hb-buffer.cc:41: warning: Symbol name not found at the start of the comment block.
/ws/userland/src/components/desktop/harfbuzz/harfbuzz-1.0.6/src/hb-buffer.cc:56: warning: Symbol name not found at the start of the comment block.
/ws/userland/src/components/desktop/harfbuzz/harfbuzz-1.0.6/src/hb-unicode.h:409: warning: Symbol name not found at the start of the comment block.
/ws/userland/src/components/desktop/harfbuzz/harfbuzz-1.0.6/src/hb-unicode.h:416: warning: Symbol name not found at the start of the comment block.
/ws/userland/src/components/desktop/harfbuzz/harfbuzz-1.0.6/src/hb-unicode.h:423: warning: Symbol name not found at the start of the comment block.
/ws/userland/src/components/desktop/harfbuzz/harfbuzz-1.0.6/src/hb-unicode.h:430: warning: Symbol name not found at the start of the comment block.
/ws/userland/src/components/desktop/harfbuzz/harfbuzz-1.0.6/src/hb-unicode.h:437: warning: Symbol name not found at the start of the comment block.
/ws/userland/src/components/desktop/harfbuzz/harfbuzz-1.0.6/src/hb-unicode.h:444: warning: Symbol name not found at the start of the comment block.
/ws/userland/src/components/desktop/harfbuzz/harfbuzz-1.0.6/src/hb-unicode.h:453: warning: Symbol name not found at the start of the comment block.
/ws/userland/src/components/desktop/harfbuzz/harfbuzz-1.0.6/src/hb-unicode.h:462: warning: Symbol name not found at the start of the comment block.
/ws/userland/src/components/desktop/harfbuzz/harfbuzz-1.0.6/src/hb-ot-font.cc:422: warning: Symbol name not found at the start of the comment block.
/ws/userland/src/components/desktop/harfbuzz/harfbuzz-1.0.6/src/hb-glib.cc:387: warning: Symbol name not found at the start of the comment block.
:0: warning: Value descriptions for hb_memory_mode_t are missing in source code comment block.
:0: warning: Value descriptions for hb_buffer_content_type_t are missing in source code comment block.
/ws/userland/src/components/desktop/harfbuzz/harfbuzz-1.0.6/src/hb-buffer.cc:708: warning: unknown annotation "Xconstructor" in documentation for hb_buffer_create.
:0: warning: Value descriptions for hb_buffer_flags_t are missing in source code comment block.
:0: warning: Value descriptions for hb_buffer_serialize_flags_t are missing in source code comment block.
:0: warning: Value descriptions for hb_buffer_serialize_format_t are missing in source code comment block.
:0: warning: Field descriptions for struct hb_glyph_info_t are missing in source code comment block.
:0: warning: Field descriptions for struct hb_glyph_position_t are missing in source code comment block.
:0: warning: Field descriptions for struct hb_segment_properties_t are missing in source code comment block.
:0: warning: Value descriptions for hb_direction_t are missing in source code comment block.
:0: warning: Value descriptions for hb_script_t are missing in source code comment block.
:0: warning: Field descriptions for union hb_var_int_t are missing in source code comment block.
/ws/userland/src/components/desktop/harfbuzz/harfbuzz-1.0.6/src/hb-face.cc:161: warning: unknown annotation "Xconstructor" in documentation for hb_face_create.
/ws/userland/src/components/desktop/harfbuzz/harfbuzz-1.0.6/src/hb-font.cc:849: warning: unknown annotation "Xconstructor" in documentation for hb_font_create.
/ws/userland/src/components/desktop/harfbuzz/harfbuzz-1.0.6/src/hb-font.cc:240: warning: unknown annotation "Xconstructor" in documentation for hb_font_funcs_create.
:0: warning: Value descriptions for hb_ot_layout_glyph_class_t are missing in source code comment block.
/ws/userland/src/components/desktop/harfbuzz/harfbuzz-1.0.6/src/hb-ot-tag.cc:888: warning: Parameter description for hb_ot_tag_to_language::tag is missing in source code comment block.
/ws/userland/src/components/desktop/harfbuzz/harfbuzz-1.0.6/src/hb-set.cc:39: warning: unknown annotation "Xconstructor" in documentation for hb_set_create.
/ws/userland/src/components/desktop/harfbuzz/harfbuzz-1.0.6/src/hb-set.cc:114: warning: Parameter description for hb_set_set_user_data::destroy is missing in source code comment block.
:0: warning: Field descriptions for struct hb_feature_t are missing in source code comment block.
/ws/userland/src/components/desktop/harfbuzz/harfbuzz-1.0.6/src/hb-shape-plan.cc:110: warning: unknown annotation "Xconstructor" in documentation for hb_shape_plan_create.
:0: warning: Value descriptions for hb_unicode_combining_class_t are missing in source code comment block.
/ws/userland/src/components/desktop/harfbuzz/harfbuzz-1.0.6/src/hb-unicode.cc:162: warning: unknown annotation "Xconstructor" in documentation for hb_unicode_funcs_create.
:0: warning: Value descriptions for hb_unicode_general_category_t are missing in source code comment block.
./harfbuzz-unused.txt:1: warning: 32 unused declarations.They should be added to harfbuzz-sections.txt in the appropriate place.
cd .. && /bin/bash ./config.status docs/version.xml
config.status: creating docs/version.xml
  DOC   Building HTML
  DOC   Fixing cross-references
html/harfbuzz-hb-version.html:145: warning: no link for: 'api-index-0.9.2' -> (0.9.2).
html/harfbuzz-hb-version.html:154: warning: no link for: 'api-index-0.9.30' -> (0.9.30).
html/harfbuzz-hb-set.html:327: warning: no link for: 'api-index-0.9.7' -> (0.9.7).
html/harfbuzz-hb-set.html:644: warning: no link for: 'api-index-0.9.10' -> (0.9.10).
html/harfbuzz-hb-ft.html:93: warning: no link for: 'FT-Face' -> (<span class="type">FT_Face</span>).
html/harfbuzz-hb-blob.html:388: warning: no link for: 'NULL:CAPS' -> (<code class="literal">NULL</code>).
html/api-index-full.html:975: warning: no link for: 'hb-ot-font-set-funcs' -> (hb_ot_font_set_funcs).
html/api-index-full.html:975: warning: no link for: 'harfbuzz-hb-ot-font' -> (hb-ot-font).
html/api-index-full.html:1095: warning: no link for: 'hb-ot-shape-glyphs-closure' -> (hb_ot_shape_glyphs_closure).
html/api-index-full.html:1095: warning: no link for: 'harfbuzz-hb-ot-shape' -> (hb-ot-shape).
html/harfbuzz-hb-common.html:463: warning: no link for: 'api-index-0.9.5' -> (0.9.5).
html/harfbuzz-Shaping.html:158: warning: no link for: 'TRUE:CAPS' -> (<code class="literal">TRUE</code>).
html/harfbuzz-Shaping.html:159: warning: no link for: 'FALSE:CAPS' -> (<code class="literal">FALSE</code>).
html/harfbuzz-hb-icu.html:89: warning: no link for: 'UScriptCode' -> (<span class="type">UScriptCode</span>).
html/harfbuzz-hb-coretext.html:96: warning: no link for: 'CGFontRef' -> (<span class="type">CGFontRef</span>).
html/harfbuzz-hb-buffer.html:616: warning: no link for: 'api-index-0.9.11' -> (0.9.11).
html/harfbuzz-hb-glib.html:89: warning: no link for: 'GUnicodeScript' -> (<span class="type">GUnicodeScript</span>).
make[3]: Leaving directory '/ws/userland/src/components/desktop/harfbuzz/build/i86/docs'
make[3]: Entering directory '/ws/userland/src/components/desktop/harfbuzz/build/i86'
make[3]: Leaving directory '/ws/userland/src/components/desktop/harfbuzz/build/i86'
make[2]: Leaving directory '/ws/userland/src/components/desktop/harfbuzz/build/i86'
make[1]: Leaving directory '/ws/userland/src/components/desktop/harfbuzz/build/i86'
/usr/bin/touch /ws/userland/src/components/desktop/harfbuzz/build/i86/.built
(/bin/rm -f -rf /ws/userland/src/components/desktop/harfbuzz/build/amd64 ; /bin/mkdir -p /ws/userland/src/components/desktop/harfbuzz/build/amd64)
(cd /ws/userland/src/components/desktop/harfbuzz/build/amd64 ; /usr/bin/env CONFIG_SHELL="/bin/bash" PKG_CONFIG_PATH="/usr/lib/amd64/pkgconfig" CC="/usr/gcc/7/bin/gcc" CXX="/usr/gcc/7/bin/g++" PATH="/usr/bin/amd64:/usr/bin:/usr/gnu/bin" CC_FOR_BUILD="/usr/gcc/7/bin/gcc -m64" CXX_FOR_BUILD="/usr/gcc/7/bin/g++ -m64" CPPFLAGS="-m64" "ac_cv_func_realloc_0_nonnull=yes" "NM=/usr/gnu/bin/nm" INTLTOOL_PERL="/usr/perl5/5.22/bin/perl" CFLAGS="-m64 -O3" CXXFLAGS="-m64 -O3 -std=c++11" LDFLAGS="" CC="/usr/gcc/7/bin/gcc -m64" /bin/bash \
	/ws/userland/src/components/desktop/harfbuzz/harfbuzz-1.0.6/configure --prefix=/usr --mandir=/usr/share/man --bindir=/usr/bin --sbindir=/usr/sbin --libdir=/usr/lib/amd64    --enable-introspection --with-glib --with-gobject --with-icu --enable-gtk-doc)
checking for a BSD-compatible install... /usr/bin/ginstall -c
checking whether build environment is sane... yes
checking for a thread-safe mkdir -p... /usr/bin/gmkdir -p
checking for gawk... gawk
checking whether make sets $(MAKE)... yes
checking whether make supports nested variables... yes
checking how to create a pax tar archive... gnutar
checking whether make supports nested variables... (cached) yes
checking for style of include used by make... GNU
checking for gcc... /usr/gcc/7/bin/gcc -m64
checking whether the C compiler works... yes
checking for C compiler default output file name... a.out
checking for suffix of executables... 
checking whether we are cross compiling... no
checking for suffix of object files... o
checking whether we are using the GNU C compiler... yes
checking whether /usr/gcc/7/bin/gcc -m64 accepts -g... yes
checking for /usr/gcc/7/bin/gcc -m64 option to accept ISO C89... none needed
checking whether /usr/gcc/7/bin/gcc -m64 understands -c and -o together... yes
checking dependency style of /usr/gcc/7/bin/gcc -m64... gcc3
checking for ar... ar
checking the archiver (ar) interface... ar
checking build system type... x86_64-pc-solaris2.11
checking host system type... x86_64-pc-solaris2.11
checking how to print strings... print -r
checking for a sed that does not truncate output... /usr/bin/gsed
checking for grep that handles long lines and -e... /usr/bin/ggrep
checking for egrep... /usr/bin/ggrep -E
checking for fgrep... /usr/bin/ggrep -F
checking for ld used by /usr/gcc/7/bin/gcc -m64... /usr/bin/ld
checking if the linker (/usr/bin/ld) is GNU ld... no
checking for BSD- or MS-compatible name lister (nm)... /usr/gnu/bin/nm
checking the name lister (/usr/gnu/bin/nm) interface... BSD nm
checking whether ln -s works... yes
checking the maximum length of command line arguments... 1572480
checking whether the shell understands some XSI constructs... yes
checking whether the shell understands "+="... yes
checking how to convert x86_64-pc-solaris2.11 file names to x86_64-pc-solaris2.11 format... func_convert_file_noop
checking how to convert x86_64-pc-solaris2.11 file names to toolchain format... func_convert_file_noop
checking for /usr/bin/ld option to reload object files... -r
checking for objdump... objdump
checking how to recognize dependent libraries... pass_all
checking for dlltool... no
checking how to associate runtime and link libraries... print -r --
checking for archiver @FILE support... no
checking for strip... strip
checking for ranlib... ranlib
checking command to parse /usr/gnu/bin/nm output from /usr/gcc/7/bin/gcc -m64 object... ok
checking for sysroot... no
checking for mt... mt
checking if mt is a manifest tool... no
checking how to run the C preprocessor... /usr/gcc/7/bin/gcc -m64 -E
checking for ANSI C header files... yes
checking for sys/types.h... yes
checking for sys/stat.h... yes
checking for stdlib.h... yes
checking for string.h... yes
checking for memory.h... yes
checking for strings.h... yes
checking for inttypes.h... yes
checking for stdint.h... yes
checking for unistd.h... yes
checking for dlfcn.h... yes
checking for objdir... .libs
checking if /usr/gcc/7/bin/gcc -m64 supports -fno-rtti -fno-exceptions... no
checking for /usr/gcc/7/bin/gcc -m64 option to produce PIC... -fPIC -DPIC
checking if /usr/gcc/7/bin/gcc -m64 PIC flag -fPIC -DPIC works... yes
checking if /usr/gcc/7/bin/gcc -m64 static flag -static works... no
checking if /usr/gcc/7/bin/gcc -m64 supports -c -o file.o... yes
checking if /usr/gcc/7/bin/gcc -m64 supports -c -o file.o... (cached) yes
checking whether the /usr/gcc/7/bin/gcc -m64 linker (/usr/bin/ld -64) supports shared libraries... yes
checking whether -lc should be explicitly linked in... no
checking dynamic linker characteristics... solaris2.11 ld.so
checking how to hardcode library paths into programs... immediate
checking whether stripping libraries is possible... no
checking if libtool supports shared libraries... yes
checking whether to build shared libraries... yes
checking whether to build static libraries... no
checking for gcc... (cached) /usr/gcc/7/bin/gcc -m64
checking whether we are using the GNU C compiler... (cached) yes
checking whether /usr/gcc/7/bin/gcc -m64 accepts -g... (cached) yes
checking for /usr/gcc/7/bin/gcc -m64 option to accept ISO C89... (cached) none needed
checking whether /usr/gcc/7/bin/gcc -m64 understands -c and -o together... (cached) yes
checking dependency style of /usr/gcc/7/bin/gcc -m64... (cached) gcc3
checking whether we are using the GNU C++ compiler... yes
checking whether /usr/gcc/7/bin/g++ accepts -g... yes
checking dependency style of /usr/gcc/7/bin/g++... gcc3
checking how to run the C++ preprocessor... /usr/gcc/7/bin/g++ -E
checking for ld used by /usr/gcc/7/bin/g++... /usr/bin/ld -64
checking if the linker (/usr/bin/ld -64) is GNU ld... no
checking whether the /usr/gcc/7/bin/g++ linker (/usr/bin/ld -64) supports shared libraries... yes
checking for /usr/gcc/7/bin/g++ option to produce PIC... -fPIC -DPIC
checking if /usr/gcc/7/bin/g++ PIC flag -fPIC -DPIC works... yes
checking if /usr/gcc/7/bin/g++ static flag -static works... no
checking if /usr/gcc/7/bin/g++ supports -c -o file.o... yes
checking if /usr/gcc/7/bin/g++ supports -c -o file.o... (cached) yes
checking whether the /usr/gcc/7/bin/g++ linker (/usr/bin/ld -64) supports shared libraries... yes
checking dynamic linker characteristics... solaris2.11 ld.so
checking how to hardcode library paths into programs... immediate
checking for pkg-config... /usr/bin/pkg-config
checking pkg-config is at least version 0.20... yes
checking for gtk-doc... yes
checking for gtkdoc-check... gtkdoc-check.test
checking for gtkdoc-check... /usr/bin/gtkdoc-check
checking for gtkdoc-rebase... /usr/bin/gtkdoc-rebase
checking for gtkdoc-mkpdf... /usr/bin/gtkdoc-mkpdf
checking whether to build gtk-doc documentation... yes
checking for GTKDOC_DEPS... yes
checking for atexit... yes
checking for mprotect... yes
checking for sysconf... yes
checking for getpagesize... yes
checking for mmap... yes
checking for isatty... yes
checking for unistd.h... (cached) yes
checking sys/mman.h usability... yes
checking sys/mman.h presence... yes
checking for sys/mman.h... yes
checking alignment of struct{char;}... 1
checking for native Win32... no
checking whether pthreads work with -pthreads... yes
checking for joinable pthread attribute... PTHREAD_CREATE_JOINABLE
checking if more special flags are required for pthreads... -D_REENTRANT
checking for PTHREAD_PRIO_INHERIT... yes
checking for GLIB... yes
checking for GOBJECT... yes
checking for gobject-introspection... yes
checking for CAIRO... yes
checking for CAIRO_FT... yes
checking for FONTCONFIG... yes
checking for ICU... yes
checking for FREETYPE... yes
checking for Intel atomic primitives... true
checking for Solaris atomic operations... false
checking that generated files are newer than configure... done
configure: creating ./config.status
config.status: creating Makefile
config.status: creating src/Makefile
config.status: creating src/hb-version.h
config.status: creating src/hb-ucdn/Makefile
config.status: creating util/Makefile
config.status: creating test/Makefile
config.status: creating test/api/Makefile
config.status: creating test/shaping/Makefile
config.status: creating docs/Makefile
config.status: creating docs/version.xml
config.status: creating config.h
config.status: executing depfiles commands
config.status: executing libtool commands
configure:

Build configuration:

Unicode callbacks (you want at least one):
	Glib:			true
	ICU:			true
	UCDN:			false

Font callbacks (the more the better):
	FreeType:		true

Tools used for command-line utilities:
	Cairo:			true
	Fontconfig:		true

Additional shapers (the more the better):
	Graphite2:		false

Platform shapers (not normally needed):
	CoreText:		false
	Uniscribe:		false

Other features:
	Documentation:		true
	GObject bindings:	true
	Introspection:		true

/usr/bin/touch /ws/userland/src/components/desktop/harfbuzz/build/amd64/.configured
(cd /ws/userland/src/components/desktop/harfbuzz/build/amd64 ; /usr/bin/env LD_OPTIONS="-M /usr/lib/ld/map.noexdata -M /usr/lib/ld/map.pagealign -Bdirect -zignore -zstrip-class=comment" LD_EXEC_OPTIONS=" -zsx=aslr=enable -zsx=nxstack=enable -zsx=nxheap=enable " LD_PIE_OPTIONS="-zsx=aslr=enable -zsx=nxstack=enable -zsx=nxheap=enable "  PKG_CONFIG_PATH="/usr/lib/amd64/pkgconfig" "ac_cv_func_realloc_0_nonnull=yes" INTLTOOL_PERL="/usr/perl5/5.22/bin/perl" GI_SCANNER_DISABLE_CACHE=yes \
	/usr/gnu/bin/make  )
make[1]: Entering directory '/ws/userland/src/components/desktop/harfbuzz/build/amd64'
/usr/gnu/bin/make  all-recursive
make[2]: Entering directory '/ws/userland/src/components/desktop/harfbuzz/build/amd64'
Making all in src
make[3]: Entering directory '/ws/userland/src/components/desktop/harfbuzz/build/amd64/src'
  GEN      hb-gobject-enums.cc
  GEN      hb-gobject-enums.h
/usr/gnu/bin/make  all-recursive
make[4]: Entering directory '/ws/userland/src/components/desktop/harfbuzz/build/amd64/src'
make[5]: Entering directory '/ws/userland/src/components/desktop/harfbuzz/build/amd64/src'
  CXX      libharfbuzz_la-hb-blob.lo
  CXX      libharfbuzz_la-hb-buffer-serialize.lo
  CXX      libharfbuzz_la-hb-buffer.lo
  CXX      libharfbuzz_la-hb-common.lo
  CXX      libharfbuzz_la-hb-face.lo
  CXX      libharfbuzz_la-hb-font.lo
  CXX      libharfbuzz_la-hb-ot-tag.lo
  CXX      libharfbuzz_la-hb-set.lo
  CXX      libharfbuzz_la-hb-shape.lo
  CXX      libharfbuzz_la-hb-shape-plan.lo
  CXX      libharfbuzz_la-hb-shaper.lo
  CXX      libharfbuzz_la-hb-unicode.lo
  CXX      libharfbuzz_la-hb-warning.lo
  CXX      libharfbuzz_la-hb-ot-font.lo
  CXX      libharfbuzz_la-hb-ot-layout.lo
  CXX      libharfbuzz_la-hb-ot-map.lo
  CXX      libharfbuzz_la-hb-ot-shape.lo
  CXX      libharfbuzz_la-hb-ot-shape-complex-arabic.lo
  CXX      libharfbuzz_la-hb-ot-shape-complex-default.lo
  CXX      libharfbuzz_la-hb-ot-shape-complex-hangul.lo
  CXX      libharfbuzz_la-hb-ot-shape-complex-hebrew.lo
  CXX      libharfbuzz_la-hb-ot-shape-complex-indic.lo
  CXX      libharfbuzz_la-hb-ot-shape-complex-indic-table.lo
  CXX      libharfbuzz_la-hb-ot-shape-complex-myanmar.lo
  CXX      libharfbuzz_la-hb-ot-shape-complex-thai.lo
  CXX      libharfbuzz_la-hb-ot-shape-complex-tibetan.lo
  CXX      libharfbuzz_la-hb-ot-shape-complex-use.lo
  CXX      libharfbuzz_la-hb-ot-shape-complex-use-table.lo
  CXX      libharfbuzz_la-hb-ot-shape-normalize.lo
  CXX      libharfbuzz_la-hb-ot-shape-fallback.lo
  CXX      libharfbuzz_la-hb-fallback-shape.lo
  CXX      libharfbuzz_la-hb-glib.lo
  CXX      libharfbuzz_la-hb-ft.lo
  GEN      libharfbuzz.la
  CXX      libharfbuzz_icu_la-hb-icu.lo
  CXXLD    libharfbuzz-icu.la
  CXX      libharfbuzz_gobject_la-hb-gobject-structs.lo
  CXX      libharfbuzz_gobject_la-hb-gobject-enums.lo
  CXXLD    libharfbuzz-gobject.la
  CXX      main-main.o
  CXXLD    main
  CXX      test-test.o
  CXXLD    test
  CXX      test_buffer_serialize-test-buffer-serialize.o
  CXXLD    test-buffer-serialize
  CXX      test_size_params-test-size-params.o
  CXXLD    test-size-params
  CXX      test_would_substitute-test-would-substitute.o
  CXXLD    test-would-substitute
  GISCAN   HarfBuzz-0.0.gir
harfbuzz-1.0.6/src/hb-buffer.cc:40: Error: HarfBuzz: identifier not found on the first line:
 * Since: 0.9.7
   ^
harfbuzz-1.0.6/src/hb-buffer.cc:55: Error: HarfBuzz: identifier not found on the first line:
 * Since: 0.9.7
   ^
harfbuzz-1.0.6/src/hb-buffer.cc:701: Warning: HarfBuzz: unknown annotation: xconstructor
harfbuzz-1.0.6/src/hb-face.cc:152: Warning: HarfBuzz: unknown annotation: xconstructor
harfbuzz-1.0.6/src/hb-font.cc:233: Warning: HarfBuzz: unknown annotation: xconstructor
harfbuzz-1.0.6/src/hb-font.cc:841: Warning: HarfBuzz: unknown annotation: xconstructor
harfbuzz-1.0.6/src/hb-set.cc:34: Warning: HarfBuzz: unknown annotation: xconstructor
harfbuzz-1.0.6/src/hb-shape-plan.cc:98: Warning: HarfBuzz: unknown annotation: xconstructor
harfbuzz-1.0.6/src/hb-unicode.cc:154: Warning: HarfBuzz: unknown annotation: xconstructor
harfbuzz-1.0.6/src/hb-ot-font.cc:421: Error: HarfBuzz: identifier not found on the first line:
 * Since: 0.9.28
   ^
harfbuzz-1.0.6/src/hb-ot-layout.cc:133: Error: HarfBuzz: identifier not found on the first line:
 * Since: 0.9.7
   ^
harfbuzz-1.0.6/src/hb-ot-layout.cc:143: Error: HarfBuzz: identifier not found on the first line:
 * Since: 0.9.7
   ^
harfbuzz-1.0.6/src/hb-ot-layout.cc:368: Error: HarfBuzz: identifier not found on the first line:
 * Since: 0.9.30
   ^
harfbuzz-1.0.6/src/hb-ot-layout.cc:455: Error: HarfBuzz: identifier not found on the first line:
 * Since: 0.9.7
   ^
harfbuzz-1.0.6/src/hb-ot-layout.cc:472: Error: HarfBuzz: identifier not found on the first line:
 * Since: 0.9.22
   ^
harfbuzz-1.0.6/src/hb-ot-layout.cc:632: Error: HarfBuzz: identifier not found on the first line:
 * Since: 0.9.8
   ^
harfbuzz-1.0.6/src/hb-ot-layout.cc:676: Error: HarfBuzz: identifier not found on the first line:
 * Since: 0.9.7
   ^
harfbuzz-1.0.6/src/hb-ot-layout.cc:724: Error: HarfBuzz: identifier not found on the first line:
 * Since: 0.9.7
   ^
harfbuzz-1.0.6/src/hb-ot-layout.cc:765: Error: HarfBuzz: identifier not found on the first line:
 * Since: 0.9.7
   ^
harfbuzz-1.0.6/src/hb-ot-layout.cc:802: Error: HarfBuzz: identifier not found on the first line:
 * Since: 0.9.10
   ^
harfbuzz-1.0.6/src/hb-ot-shape.cc:823: Error: HarfBuzz: identifier not found on the first line:
 * Since: 0.9.7
   ^
harfbuzz-1.0.6/src/hb-ot-shape.cc:856: Error: HarfBuzz: identifier not found on the first line:
 * Since: 0.9.2
   ^
harfbuzz-1.0.6/src/hb-glib.cc:386: Error: HarfBuzz: identifier not found on the first line:
 * Since: 0.9.38
   ^
harfbuzz-1.0.6/src/hb-unicode.h:408: Error: HarfBuzz: identifier not found on the first line:
 * Since: 0.9.2
   ^
harfbuzz-1.0.6/src/hb-unicode.h:415: Error: HarfBuzz: identifier not found on the first line:
 * Since: 0.9.2
   ^
harfbuzz-1.0.6/src/hb-unicode.h:422: Error: HarfBuzz: identifier not found on the first line:
 * Since: 0.9.2
   ^
harfbuzz-1.0.6/src/hb-unicode.h:429: Error: HarfBuzz: identifier not found on the first line:
 * Since: 0.9.2
   ^
harfbuzz-1.0.6/src/hb-unicode.h:436: Error: HarfBuzz: identifier not found on the first line:
 * Since: 0.9.2
   ^
harfbuzz-1.0.6/src/hb-unicode.h:443: Error: HarfBuzz: identifier not found on the first line:
 * Since: 0.9.2
   ^
harfbuzz-1.0.6/src/hb-unicode.h:452: Error: HarfBuzz: identifier not found on the first line:
 * Since: 0.9.2
   ^
harfbuzz-1.0.6/src/hb-unicode.h:461: Error: HarfBuzz: identifier not found on the first line:
 * Since: 0.9.2
   ^
harfbuzz-1.0.6/src/hb-gobject-structs.h:44: Error: HarfBuzz: identifier not found on the first line:
 * Since: 0.9.2
   ^
harfbuzz-1.0.6/src/hb-gobject-structs.h:50: Error: HarfBuzz: identifier not found on the first line:
 * Since: 0.9.2
   ^
harfbuzz-1.0.6/src/hb-gobject-structs.h:56: Error: HarfBuzz: identifier not found on the first line:
 * Since: 0.9.2
   ^
harfbuzz-1.0.6/src/hb-gobject-structs.h:62: Error: HarfBuzz: identifier not found on the first line:
 * Since: 0.9.2
   ^
harfbuzz-1.0.6/src/hb-gobject-structs.h:68: Error: HarfBuzz: identifier not found on the first line:
 * Since: 0.9.2
   ^
harfbuzz-1.0.6/src/hb-gobject-structs.h:80: Error: HarfBuzz: identifier not found on the first line:
 * Since: 0.9.2
   ^
ld: warning: file /ws/userland/src/components/desktop/harfbuzz/build/amd64/src/.libs/libharfbuzz.so: linked to ./.libs/libharfbuzz.so: attempted multiple inclusion of file
harfbuzz-1.0.6/src/hb-shape.cc:395: Warning: HarfBuzz: hb_shape: invalid return annotation
harfbuzz-1.0.6/src/hb-ft.cc:432: Warning: HarfBuzz: hb_ft_face_create: argument ft_face: Unresolved type: u'FT_Face'
harfbuzz-1.0.6/src/hb-ft.cc:489: Warning: HarfBuzz: hb_ft_face_create_cached: argument ft_face: Unresolved type: u'FT_Face'
harfbuzz-1.0.6/src/hb-ft.cc:467: Warning: HarfBuzz: hb_ft_face_create_referenced: argument ft_face: Unresolved type: u'FT_Face'
harfbuzz-1.0.6/src/hb-ft.cc:514: Warning: HarfBuzz: hb_ft_font_create: argument ft_face: Unresolved type: u'FT_Face'
harfbuzz-1.0.6/src/hb-ft.cc:547: Warning: HarfBuzz: hb_ft_font_create_referenced: argument ft_face: Unresolved type: u'FT_Face'
harfbuzz-1.0.6/src/hb-ft.h:111: Warning: HarfBuzz: hb_ft_font_get_face: return value: Unresolved type: u'FT_Face'
  GEN      harfbuzz.pc
  GEN      harfbuzz-icu.pc
  GEN      harfbuzz-gobject.pc
  GICOMP   HarfBuzz-0.0.gir
make[5]: Leaving directory '/ws/userland/src/components/desktop/harfbuzz/build/amd64/src'
make[4]: Leaving directory '/ws/userland/src/components/desktop/harfbuzz/build/amd64/src'
make[3]: Leaving directory '/ws/userland/src/components/desktop/harfbuzz/build/amd64/src'
Making all in util
make[3]: Entering directory '/ws/userland/src/components/desktop/harfbuzz/build/amd64/util'
  CXX      hb-view.o
  CXX      options.o
  CXX      ansi-print.o
  CXX      helper-cairo.o
  CXX      helper-cairo-ansi.o
  CXX      view-cairo.o
  CXXLD    hb-view
  CXX      hb-shape.o
  CXXLD    hb-shape
  CXX      hb-ot-shape-closure.o
  CXXLD    hb-ot-shape-closure
make[3]: Leaving directory '/ws/userland/src/components/desktop/harfbuzz/build/amd64/util'
Making all in test
make[3]: Entering directory '/ws/userland/src/components/desktop/harfbuzz/build/amd64/test'
Making all in api
make[4]: Entering directory '/ws/userland/src/components/desktop/harfbuzz/build/amd64/test/api'
  CC       test-blob.o
  CCLD     test-blob
  CC       test-buffer.o
  CCLD     test-buffer
  CC       test-common.o
  CCLD     test-common
  CC       test-font.o
  CCLD     test-font
  CC       test-object.o
  CCLD     test-object
  CC       test-set.o
  CCLD     test-set
  CC       test-shape.o
  CCLD     test-shape
  CC       test_unicode-test-unicode.o
  CCLD     test-unicode
ld: warning: file /ws/userland/src/components/desktop/harfbuzz/build/amd64/src/.libs/libharfbuzz.so: linked to ../../src/.libs/libharfbuzz.so: attempted multiple inclusion of file
  CC       test-version.o
  CCLD     test-version
  CC       test-ot-tag.o
  CCLD     test-ot-tag
  CC       test_c-test-c.o
  CCLD     test-c
  CXX      test_cplusplus-test-cplusplus.o
  CXXLD    test-cplusplus
make[4]: Leaving directory '/ws/userland/src/components/desktop/harfbuzz/build/amd64/test/api'
Making all in shaping
make[4]: Entering directory '/ws/userland/src/components/desktop/harfbuzz/build/amd64/test/shaping'
make[4]: Nothing to be done for 'all'.
make[4]: Leaving directory '/ws/userland/src/components/desktop/harfbuzz/build/amd64/test/shaping'
make[4]: Entering directory '/ws/userland/src/components/desktop/harfbuzz/build/amd64/test'
make[4]: Nothing to be done for 'all-am'.
make[4]: Leaving directory '/ws/userland/src/components/desktop/harfbuzz/build/amd64/test'
make[3]: Leaving directory '/ws/userland/src/components/desktop/harfbuzz/build/amd64/test'
Making all in docs
make[3]: Entering directory '/ws/userland/src/components/desktop/harfbuzz/build/amd64/docs'
  DOC   Preparing build
  DOC   Scanning header files
  DOC   Introspecting gobjects
ld: warning: file /ws/userland/src/components/desktop/harfbuzz/build/amd64/src/.libs/libharfbuzz.so: linked to ../src/.libs/libharfbuzz.so: attempted multiple inclusion of file
  DOC   Building XML
Can't parse args for function in "/* -1 means nul-terminated */
							 hb_codepoint_t *glyph,
							 void *user_data
" at /usr/share/gtk-doc/data/gtkdoc-common.pl line 443, <INPUT> line 205.
/ws/userland/src/components/desktop/harfbuzz/harfbuzz-1.0.6/src/hb-ot-layout.cc:134: warning: Symbol name not found at the start of the comment block.
/ws/userland/src/components/desktop/harfbuzz/harfbuzz-1.0.6/src/hb-ot-layout.cc:144: warning: Symbol name not found at the start of the comment block.
/ws/userland/src/components/desktop/harfbuzz/harfbuzz-1.0.6/src/hb-ot-layout.cc:369: warning: Symbol name not found at the start of the comment block.
/ws/userland/src/components/desktop/harfbuzz/harfbuzz-1.0.6/src/hb-ot-layout.cc:456: warning: Symbol name not found at the start of the comment block.
/ws/userland/src/components/desktop/harfbuzz/harfbuzz-1.0.6/src/hb-ot-layout.cc:473: warning: Symbol name not found at the start of the comment block.
/ws/userland/src/components/desktop/harfbuzz/harfbuzz-1.0.6/src/hb-ot-layout.cc:633: warning: Symbol name not found at the start of the comment block.
/ws/userland/src/components/desktop/harfbuzz/harfbuzz-1.0.6/src/hb-ot-layout.cc:677: warning: Symbol name not found at the start of the comment block.
/ws/userland/src/components/desktop/harfbuzz/harfbuzz-1.0.6/src/hb-ot-layout.cc:725: warning: Symbol name not found at the start of the comment block.
/ws/userland/src/components/desktop/harfbuzz/harfbuzz-1.0.6/src/hb-ot-layout.cc:766: warning: Symbol name not found at the start of the comment block.
/ws/userland/src/components/desktop/harfbuzz/harfbuzz-1.0.6/src/hb-ot-layout.cc:803: warning: Symbol name not found at the start of the comment block.
/ws/userland/src/components/desktop/harfbuzz/harfbuzz-1.0.6/src/hb-ot-shape.cc:824: warning: Symbol name not found at the start of the comment block.
/ws/userland/src/components/desktop/harfbuzz/harfbuzz-1.0.6/src/hb-ot-shape.cc:857: warning: Symbol name not found at the start of the comment block.
/ws/userland/src/components/desktop/harfbuzz/harfbuzz-1.0.6/src/hb-gobject-structs.h:45: warning: Symbol name not found at the start of the comment block.
/ws/userland/src/components/desktop/harfbuzz/harfbuzz-1.0.6/src/hb-gobject-structs.h:51: warning: Symbol name not found at the start of the comment block.
/ws/userland/src/components/desktop/harfbuzz/harfbuzz-1.0.6/src/hb-gobject-structs.h:57: warning: Symbol name not found at the start of the comment block.
/ws/userland/src/components/desktop/harfbuzz/harfbuzz-1.0.6/src/hb-gobject-structs.h:63: warning: Symbol name not found at the start of the comment block.
/ws/userland/src/components/desktop/harfbuzz/harfbuzz-1.0.6/src/hb-gobject-structs.h:69: warning: Symbol name not found at the start of the comment block.
/ws/userland/src/components/desktop/harfbuzz/harfbuzz-1.0.6/src/hb-gobject-structs.h:81: warning: Symbol name not found at the start of the comment block.
/ws/userland/src/components/desktop/harfbuzz/harfbuzz-1.0.6/src/hb-buffer.cc:41: warning: Symbol name not found at the start of the comment block.
/ws/userland/src/components/desktop/harfbuzz/harfbuzz-1.0.6/src/hb-buffer.cc:56: warning: Symbol name not found at the start of the comment block.
/ws/userland/src/components/desktop/harfbuzz/harfbuzz-1.0.6/src/hb-unicode.h:409: warning: Symbol name not found at the start of the comment block.
/ws/userland/src/components/desktop/harfbuzz/harfbuzz-1.0.6/src/hb-unicode.h:416: warning: Symbol name not found at the start of the comment block.
/ws/userland/src/components/desktop/harfbuzz/harfbuzz-1.0.6/src/hb-unicode.h:423: warning: Symbol name not found at the start of the comment block.
/ws/userland/src/components/desktop/harfbuzz/harfbuzz-1.0.6/src/hb-unicode.h:430: warning: Symbol name not found at the start of the comment block.
/ws/userland/src/components/desktop/harfbuzz/harfbuzz-1.0.6/src/hb-unicode.h:437: warning: Symbol name not found at the start of the comment block.
/ws/userland/src/components/desktop/harfbuzz/harfbuzz-1.0.6/src/hb-unicode.h:444: warning: Symbol name not found at the start of the comment block.
/ws/userland/src/components/desktop/harfbuzz/harfbuzz-1.0.6/src/hb-unicode.h:453: warning: Symbol name not found at the start of the comment block.
/ws/userland/src/components/desktop/harfbuzz/harfbuzz-1.0.6/src/hb-unicode.h:462: warning: Symbol name not found at the start of the comment block.
/ws/userland/src/components/desktop/harfbuzz/harfbuzz-1.0.6/src/hb-ot-font.cc:422: warning: Symbol name not found at the start of the comment block.
/ws/userland/src/components/desktop/harfbuzz/harfbuzz-1.0.6/src/hb-glib.cc:387: warning: Symbol name not found at the start of the comment block.
:0: warning: Value descriptions for hb_memory_mode_t are missing in source code comment block.
:0: warning: Value descriptions for hb_buffer_content_type_t are missing in source code comment block.
/ws/userland/src/components/desktop/harfbuzz/harfbuzz-1.0.6/src/hb-buffer.cc:708: warning: unknown annotation "Xconstructor" in documentation for hb_buffer_create.
:0: warning: Value descriptions for hb_buffer_flags_t are missing in source code comment block.
:0: warning: Value descriptions for hb_buffer_serialize_flags_t are missing in source code comment block.
:0: warning: Value descriptions for hb_buffer_serialize_format_t are missing in source code comment block.
:0: warning: Field descriptions for struct hb_glyph_info_t are missing in source code comment block.
:0: warning: Field descriptions for struct hb_glyph_position_t are missing in source code comment block.
:0: warning: Field descriptions for struct hb_segment_properties_t are missing in source code comment block.
:0: warning: Value descriptions for hb_direction_t are missing in source code comment block.
:0: warning: Value descriptions for hb_script_t are missing in source code comment block.
:0: warning: Field descriptions for union hb_var_int_t are missing in source code comment block.
/ws/userland/src/components/desktop/harfbuzz/harfbuzz-1.0.6/src/hb-face.cc:161: warning: unknown annotation "Xconstructor" in documentation for hb_face_create.
/ws/userland/src/components/desktop/harfbuzz/harfbuzz-1.0.6/src/hb-font.cc:849: warning: unknown annotation "Xconstructor" in documentation for hb_font_create.
/ws/userland/src/components/desktop/harfbuzz/harfbuzz-1.0.6/src/hb-font.cc:240: warning: unknown annotation "Xconstructor" in documentation for hb_font_funcs_create.
:0: warning: Value descriptions for hb_ot_layout_glyph_class_t are missing in source code comment block.
/ws/userland/src/components/desktop/harfbuzz/harfbuzz-1.0.6/src/hb-ot-tag.cc:888: warning: Parameter description for hb_ot_tag_to_language::tag is missing in source code comment block.
/ws/userland/src/components/desktop/harfbuzz/harfbuzz-1.0.6/src/hb-set.cc:39: warning: unknown annotation "Xconstructor" in documentation for hb_set_create.
/ws/userland/src/components/desktop/harfbuzz/harfbuzz-1.0.6/src/hb-set.cc:114: warning: Parameter description for hb_set_set_user_data::destroy is missing in source code comment block.
:0: warning: Field descriptions for struct hb_feature_t are missing in source code comment block.
/ws/userland/src/components/desktop/harfbuzz/harfbuzz-1.0.6/src/hb-shape-plan.cc:110: warning: unknown annotation "Xconstructor" in documentation for hb_shape_plan_create.
:0: warning: Value descriptions for hb_unicode_combining_class_t are missing in source code comment block.
/ws/userland/src/components/desktop/harfbuzz/harfbuzz-1.0.6/src/hb-unicode.cc:162: warning: unknown annotation "Xconstructor" in documentation for hb_unicode_funcs_create.
:0: warning: Value descriptions for hb_unicode_general_category_t are missing in source code comment block.
./harfbuzz-unused.txt:1: warning: 32 unused declarations.They should be added to harfbuzz-sections.txt in the appropriate place.
cd .. && /bin/bash ./config.status docs/version.xml
config.status: creating docs/version.xml
  DOC   Building HTML
  DOC   Fixing cross-references
html/harfbuzz-hb-face.html:214: warning: no link for: 'api-index-0.9.2' -> (0.9.2).
html/harfbuzz-hb-face.html:298: warning: no link for: 'api-index-0.9.7' -> (0.9.7).
html/harfbuzz-hb-version.html:154: warning: no link for: 'api-index-0.9.30' -> (0.9.30).
html/harfbuzz-hb-icu.html:89: warning: no link for: 'UScriptCode' -> (<span class="type">UScriptCode</span>).
html/harfbuzz-hb-glib.html:89: warning: no link for: 'GUnicodeScript' -> (<span class="type">GUnicodeScript</span>).
html/harfbuzz-hb-common.html:463: warning: no link for: 'api-index-0.9.5' -> (0.9.5).
html/harfbuzz-hb-coretext.html:96: warning: no link for: 'CGFontRef' -> (<span class="type">CGFontRef</span>).
html/harfbuzz-hb-set.html:644: warning: no link for: 'api-index-0.9.10' -> (0.9.10).
html/harfbuzz-hb-blob.html:388: warning: no link for: 'NULL:CAPS' -> (<code class="literal">NULL</code>).
html/harfbuzz-Shaping.html:158: warning: no link for: 'TRUE:CAPS' -> (<code class="literal">TRUE</code>).
html/harfbuzz-Shaping.html:159: warning: no link for: 'FALSE:CAPS' -> (<code class="literal">FALSE</code>).
html/harfbuzz-hb-ft.html:93: warning: no link for: 'FT-Face' -> (<span class="type">FT_Face</span>).
html/api-index-full.html:975: warning: no link for: 'hb-ot-font-set-funcs' -> (hb_ot_font_set_funcs).
html/api-index-full.html:975: warning: no link for: 'harfbuzz-hb-ot-font' -> (hb-ot-font).
html/api-index-full.html:1095: warning: no link for: 'hb-ot-shape-glyphs-closure' -> (hb_ot_shape_glyphs_closure).
html/api-index-full.html:1095: warning: no link for: 'harfbuzz-hb-ot-shape' -> (hb-ot-shape).
html/harfbuzz-hb-buffer.html:616: warning: no link for: 'api-index-0.9.11' -> (0.9.11).
make[3]: Leaving directory '/ws/userland/src/components/desktop/harfbuzz/build/amd64/docs'
make[3]: Entering directory '/ws/userland/src/components/desktop/harfbuzz/build/amd64'
make[3]: Leaving directory '/ws/userland/src/components/desktop/harfbuzz/build/amd64'
make[2]: Leaving directory '/ws/userland/src/components/desktop/harfbuzz/build/amd64'
make[1]: Leaving directory '/ws/userland/src/components/desktop/harfbuzz/build/amd64'
/usr/bin/touch /ws/userland/src/components/desktop/harfbuzz/build/amd64/.built
(cd /ws/userland/src/components/desktop/harfbuzz/build/i86 ; /usr/bin/env LD_OPTIONS="-M /usr/lib/ld/map.noexdata -M /usr/lib/ld/map.pagealign -Bdirect -zignore -zstrip-class=comment" LD_EXEC_OPTIONS=" -zsx=aslr=enable -zsx=nxstack=enable -zsx=nxheap=enable " LD_PIE_OPTIONS="-zsx=aslr=enable -zsx=nxstack=enable -zsx=nxheap=enable "  /usr/gnu/bin/make \
		 DESTDIR=/ws/userland/src/components/desktop/harfbuzz/build/prototype/i386 install)
make[1]: Entering directory '/ws/userland/src/components/desktop/harfbuzz/build/i86'
Making install in src
make[2]: Entering directory '/ws/userland/src/components/desktop/harfbuzz/build/i86/src'
/usr/gnu/bin/make  install-recursive
make[3]: Entering directory '/ws/userland/src/components/desktop/harfbuzz/build/i86/src'
make[4]: Entering directory '/ws/userland/src/components/desktop/harfbuzz/build/i86/src'
make[5]: Entering directory '/ws/userland/src/components/desktop/harfbuzz/build/i86/src'
 /usr/bin/gmkdir -p '/ws/userland/src/components/desktop/harfbuzz/build/prototype/i386/usr/lib'
 /bin/bash ../libtool   --mode=install /usr/bin/ginstall -c   libharfbuzz.la libharfbuzz-icu.la libharfbuzz-gobject.la '/ws/userland/src/components/desktop/harfbuzz/build/prototype/i386/usr/lib'
libtool: install: /usr/bin/ginstall -c .libs/libharfbuzz.so.0.10000.6 /ws/userland/src/components/desktop/harfbuzz/build/prototype/i386/usr/lib/libharfbuzz.so.0.10000.6
libtool: install: (cd /ws/userland/src/components/desktop/harfbuzz/build/prototype/i386/usr/lib && { ln -s -f libharfbuzz.so.0.10000.6 libharfbuzz.so.0 || { rm -f libharfbuzz.so.0 && ln -s libharfbuzz.so.0.10000.6 libharfbuzz.so.0; }; })
libtool: install: (cd /ws/userland/src/components/desktop/harfbuzz/build/prototype/i386/usr/lib && { ln -s -f libharfbuzz.so.0.10000.6 libharfbuzz.so || { rm -f libharfbuzz.so && ln -s libharfbuzz.so.0.10000.6 libharfbuzz.so; }; })
libtool: install: chmod +x /ws/userland/src/components/desktop/harfbuzz/build/prototype/i386/usr/lib/libharfbuzz.so.0.10000.6
libtool: install: /usr/bin/ginstall -c .libs/libharfbuzz.lai /ws/userland/src/components/desktop/harfbuzz/build/prototype/i386/usr/lib/libharfbuzz.la
libtool: install: warning: relinking `libharfbuzz-icu.la'
libtool: install: (cd /ws/userland/src/components/desktop/harfbuzz/build/i86/src; /bin/bash /ws/userland/src/components/desktop/harfbuzz/build/i86/libtool  --silent --tag CXX --mode=relink /usr/gcc/7/bin/g++ -m32 -O3 -mincoming-stack-boundary=2 -std=c++11 -fno-rtti -fno-exceptions -Wcast-align -fvisibility-inlines-hidden -version-info 10000:6:10000 -no-undefined -Bsymbolic-functions -o libharfbuzz-icu.la -rpath /usr/lib libharfbuzz_icu_la-hb-icu.lo -licuuc -licudata libharfbuzz.la -inst-prefix-dir /ws/userland/src/components/desktop/harfbuzz/build/prototype/i386)
libtool: install: /usr/bin/ginstall -c .libs/libharfbuzz-icu.so.0.10000.6T /ws/userland/src/components/desktop/harfbuzz/build/prototype/i386/usr/lib/libharfbuzz-icu.so.0.10000.6
libtool: install: (cd /ws/userland/src/components/desktop/harfbuzz/build/prototype/i386/usr/lib && { ln -s -f libharfbuzz-icu.so.0.10000.6 libharfbuzz-icu.so.0 || { rm -f libharfbuzz-icu.so.0 && ln -s libharfbuzz-icu.so.0.10000.6 libharfbuzz-icu.so.0; }; })
libtool: install: (cd /ws/userland/src/components/desktop/harfbuzz/build/prototype/i386/usr/lib && { ln -s -f libharfbuzz-icu.so.0.10000.6 libharfbuzz-icu.so || { rm -f libharfbuzz-icu.so && ln -s libharfbuzz-icu.so.0.10000.6 libharfbuzz-icu.so; }; })
libtool: install: chmod +x /ws/userland/src/components/desktop/harfbuzz/build/prototype/i386/usr/lib/libharfbuzz-icu.so.0.10000.6
libtool: install: /usr/bin/ginstall -c .libs/libharfbuzz-icu.lai /ws/userland/src/components/desktop/harfbuzz/build/prototype/i386/usr/lib/libharfbuzz-icu.la
libtool: install: warning: relinking `libharfbuzz-gobject.la'
libtool: install: (cd /ws/userland/src/components/desktop/harfbuzz/build/i86/src; /bin/bash /ws/userland/src/components/desktop/harfbuzz/build/i86/libtool  --silent --tag CXX --mode=relink /usr/gcc/7/bin/g++ -m32 -O3 -mincoming-stack-boundary=2 -std=c++11 -fno-rtti -fno-exceptions -Wcast-align -fvisibility-inlines-hidden -version-info 10000:6:10000 -no-undefined -Bsymbolic-functions -o libharfbuzz-gobject.la -rpath /usr/lib libharfbuzz_gobject_la-hb-gobject-structs.lo libharfbuzz_gobject_la-hb-gobject-enums.lo -lgobject-2.0 -lglib-2.0 libharfbuzz.la -inst-prefix-dir /ws/userland/src/components/desktop/harfbuzz/build/prototype/i386)
libtool: install: /usr/bin/ginstall -c .libs/libharfbuzz-gobject.so.0.10000.6T /ws/userland/src/components/desktop/harfbuzz/build/prototype/i386/usr/lib/libharfbuzz-gobject.so.0.10000.6
libtool: install: (cd /ws/userland/src/components/desktop/harfbuzz/build/prototype/i386/usr/lib && { ln -s -f libharfbuzz-gobject.so.0.10000.6 libharfbuzz-gobject.so.0 || { rm -f libharfbuzz-gobject.so.0 && ln -s libharfbuzz-gobject.so.0.10000.6 libharfbuzz-gobject.so.0; }; })
libtool: install: (cd /ws/userland/src/components/desktop/harfbuzz/build/prototype/i386/usr/lib && { ln -s -f libharfbuzz-gobject.so.0.10000.6 libharfbuzz-gobject.so || { rm -f libharfbuzz-gobject.so && ln -s libharfbuzz-gobject.so.0.10000.6 libharfbuzz-gobject.so; }; })
libtool: install: chmod +x /ws/userland/src/components/desktop/harfbuzz/build/prototype/i386/usr/lib/libharfbuzz-gobject.so.0.10000.6
libtool: install: /usr/bin/ginstall -c .libs/libharfbuzz-gobject.lai /ws/userland/src/components/desktop/harfbuzz/build/prototype/i386/usr/lib/libharfbuzz-gobject.la
libtool: install: warning: remember to run `libtool --finish /usr/lib'
 /usr/bin/gmkdir -p '/ws/userland/src/components/desktop/harfbuzz/build/prototype/i386/usr/share/gir-1.0'
 /usr/bin/ginstall -c -m 644 HarfBuzz-0.0.gir '/ws/userland/src/components/desktop/harfbuzz/build/prototype/i386/usr/share/gir-1.0'
 /usr/bin/gmkdir -p '/ws/userland/src/components/desktop/harfbuzz/build/prototype/i386/usr/include/harfbuzz'
 /usr/bin/ginstall -c -m 644 hb-version.h hb-gobject-enums.h '/ws/userland/src/components/desktop/harfbuzz/build/prototype/i386/usr/include/harfbuzz'
 /usr/bin/gmkdir -p '/ws/userland/src/components/desktop/harfbuzz/build/prototype/i386/usr/lib/pkgconfig'
 /usr/bin/ginstall -c -m 644 harfbuzz.pc harfbuzz-icu.pc harfbuzz-gobject.pc '/ws/userland/src/components/desktop/harfbuzz/build/prototype/i386/usr/lib/pkgconfig'
 /usr/bin/gmkdir -p '/ws/userland/src/components/desktop/harfbuzz/build/prototype/i386/usr/include/harfbuzz'
 /usr/bin/ginstall -c -m 644 /ws/userland/src/components/desktop/harfbuzz/harfbuzz-1.0.6/src/hb.h /ws/userland/src/components/desktop/harfbuzz/harfbuzz-1.0.6/src/hb-blob.h /ws/userland/src/components/desktop/harfbuzz/harfbuzz-1.0.6/src/hb-buffer.h /ws/userland/src/components/desktop/harfbuzz/harfbuzz-1.0.6/src/hb-common.h /ws/userland/src/components/desktop/harfbuzz/harfbuzz-1.0.6/src/hb-deprecated.h /ws/userland/src/components/desktop/harfbuzz/harfbuzz-1.0.6/src/hb-face.h /ws/userland/src/components/desktop/harfbuzz/harfbuzz-1.0.6/src/hb-font.h /ws/userland/src/components/desktop/harfbuzz/harfbuzz-1.0.6/src/hb-set.h /ws/userland/src/components/desktop/harfbuzz/harfbuzz-1.0.6/src/hb-shape.h /ws/userland/src/components/desktop/harfbuzz/harfbuzz-1.0.6/src/hb-shape-plan.h /ws/userland/src/components/desktop/harfbuzz/harfbuzz-1.0.6/src/hb-unicode.h /ws/userland/src/components/desktop/harfbuzz/harfbuzz-1.0.6/src/hb-ot.h /ws/userland/src/components/desktop/harfbuzz/harfbuzz-1.0.6/src/hb-ot-font.h /ws/userland/src/components/desktop/harfbuzz/harfbuzz-1.0.6/src/hb-ot-layout.h /ws/userland/src/components/desktop/harfbuzz/harfbuzz-1.0.6/src/hb-ot-shape.h /ws/userland/src/components/desktop/harfbuzz/harfbuzz-1.0.6/src/hb-ot-tag.h /ws/userland/src/components/desktop/harfbuzz/harfbuzz-1.0.6/src/hb-glib.h /ws/userland/src/components/desktop/harfbuzz/harfbuzz-1.0.6/src/hb-ft.h /ws/userland/src/components/desktop/harfbuzz/harfbuzz-1.0.6/src/hb-icu.h /ws/userland/src/components/desktop/harfbuzz/harfbuzz-1.0.6/src/hb-gobject.h /ws/userland/src/components/desktop/harfbuzz/harfbuzz-1.0.6/src/hb-gobject-structs.h '/ws/userland/src/components/desktop/harfbuzz/build/prototype/i386/usr/include/harfbuzz'
 /usr/bin/gmkdir -p '/ws/userland/src/components/desktop/harfbuzz/build/prototype/i386/usr/lib/girepository-1.0'
 /usr/bin/ginstall -c -m 644 HarfBuzz-0.0.typelib '/ws/userland/src/components/desktop/harfbuzz/build/prototype/i386/usr/lib/girepository-1.0'
make[5]: Leaving directory '/ws/userland/src/components/desktop/harfbuzz/build/i86/src'
make[4]: Leaving directory '/ws/userland/src/components/desktop/harfbuzz/build/i86/src'
make[3]: Leaving directory '/ws/userland/src/components/desktop/harfbuzz/build/i86/src'
make[2]: Leaving directory '/ws/userland/src/components/desktop/harfbuzz/build/i86/src'
Making install in util
make[2]: Entering directory '/ws/userland/src/components/desktop/harfbuzz/build/i86/util'
make[3]: Entering directory '/ws/userland/src/components/desktop/harfbuzz/build/i86/util'
 /usr/bin/gmkdir -p '/ws/userland/src/components/desktop/harfbuzz/build/prototype/i386/usr/bin/i86'
  /bin/bash ../libtool   --mode=install /usr/bin/ginstall -c hb-view hb-shape hb-ot-shape-closure '/ws/userland/src/components/desktop/harfbuzz/build/prototype/i386/usr/bin/i86'
libtool: install: warning: `../src/libharfbuzz.la' has not been installed in `/usr/lib'
libtool: install: /usr/bin/ginstall -c .libs/hb-view /ws/userland/src/components/desktop/harfbuzz/build/prototype/i386/usr/bin/i86/hb-view
libtool: install: warning: `../src/libharfbuzz.la' has not been installed in `/usr/lib'
libtool: install: /usr/bin/ginstall -c .libs/hb-shape /ws/userland/src/components/desktop/harfbuzz/build/prototype/i386/usr/bin/i86/hb-shape
libtool: install: warning: `../src/libharfbuzz.la' has not been installed in `/usr/lib'
libtool: install: /usr/bin/ginstall -c .libs/hb-ot-shape-closure /ws/userland/src/components/desktop/harfbuzz/build/prototype/i386/usr/bin/i86/hb-ot-shape-closure
make[3]: Nothing to be done for 'install-data-am'.
make[3]: Leaving directory '/ws/userland/src/components/desktop/harfbuzz/build/i86/util'
make[2]: Leaving directory '/ws/userland/src/components/desktop/harfbuzz/build/i86/util'
Making install in test
make[2]: Entering directory '/ws/userland/src/components/desktop/harfbuzz/build/i86/test'
Making install in api
make[3]: Entering directory '/ws/userland/src/components/desktop/harfbuzz/build/i86/test/api'
make[4]: Entering directory '/ws/userland/src/components/desktop/harfbuzz/build/i86/test/api'
make[4]: Nothing to be done for 'install-exec-am'.
make[4]: Nothing to be done for 'install-data-am'.
make[4]: Leaving directory '/ws/userland/src/components/desktop/harfbuzz/build/i86/test/api'
make[3]: Leaving directory '/ws/userland/src/components/desktop/harfbuzz/build/i86/test/api'
Making install in shaping
make[3]: Entering directory '/ws/userland/src/components/desktop/harfbuzz/build/i86/test/shaping'
make[4]: Entering directory '/ws/userland/src/components/desktop/harfbuzz/build/i86/test/shaping'
make[4]: Nothing to be done for 'install-exec-am'.
make[4]: Nothing to be done for 'install-data-am'.
make[4]: Leaving directory '/ws/userland/src/components/desktop/harfbuzz/build/i86/test/shaping'
make[3]: Leaving directory '/ws/userland/src/components/desktop/harfbuzz/build/i86/test/shaping'
make[3]: Entering directory '/ws/userland/src/components/desktop/harfbuzz/build/i86/test'
make[4]: Entering directory '/ws/userland/src/components/desktop/harfbuzz/build/i86/test'
make[4]: Nothing to be done for 'install-exec-am'.
make[4]: Nothing to be done for 'install-data-am'.
make[4]: Leaving directory '/ws/userland/src/components/desktop/harfbuzz/build/i86/test'
make[3]: Leaving directory '/ws/userland/src/components/desktop/harfbuzz/build/i86/test'
make[2]: Leaving directory '/ws/userland/src/components/desktop/harfbuzz/build/i86/test'
Making install in docs
make[2]: Entering directory '/ws/userland/src/components/desktop/harfbuzz/build/i86/docs'
make[3]: Entering directory '/ws/userland/src/components/desktop/harfbuzz/build/i86/docs'
make[3]: Nothing to be done for 'install-exec-am'.
 /usr/bin/ginstall -c -m 644 ./html/adding-text-to-the-buffer.html
 /usr/bin/ginstall -c -m 644 ./html/annotation-glossary.html
 /usr/bin/ginstall -c -m 644 ./html/api-index-full.html
 /usr/bin/ginstall -c -m 644 ./html/buffers-language-script-and-direction.html
 /usr/bin/ginstall -c -m 644 ./html/ch06.html
 /usr/bin/ginstall -c -m 644 ./html/customizing-unicode-functions.html
 /usr/bin/ginstall -c -m 644 ./html/deprecated-api-index.html
 /usr/bin/ginstall -c -m 644 ./html/fonts-and-faces.html
 /usr/bin/ginstall -c -m 644 ./html/harfbuzz-Shaping.html
 /usr/bin/ginstall -c -m 644 ./html/harfbuzz-hb-blob.html
 /usr/bin/ginstall -c -m 644 ./html/harfbuzz-hb-buffer.html
 /usr/bin/ginstall -c -m 644 ./html/harfbuzz-hb-common.html
 /usr/bin/ginstall -c -m 644 ./html/harfbuzz-hb-coretext.html
 /usr/bin/ginstall -c -m 644 ./html/harfbuzz-hb-deprecated.html
 /usr/bin/ginstall -c -m 644 ./html/harfbuzz-hb-face.html
 /usr/bin/ginstall -c -m 644 ./html/harfbuzz-hb-font.html
 /usr/bin/ginstall -c -m 644 ./html/harfbuzz-hb-ft.html
 /usr/bin/ginstall -c -m 644 ./html/harfbuzz-hb-glib.html
 /usr/bin/ginstall -c -m 644 ./html/harfbuzz-hb-gobject.html
 /usr/bin/ginstall -c -m 644 ./html/harfbuzz-hb-graphite2.html
 /usr/bin/ginstall -c -m 644 ./html/harfbuzz-hb-icu.html
 /usr/bin/ginstall -c -m 644 ./html/harfbuzz-hb-ot-layout.html
 /usr/bin/ginstall -c -m 644 ./html/harfbuzz-hb-ot-tag.html
 /usr/bin/ginstall -c -m 644 ./html/harfbuzz-hb-ot.html
 /usr/bin/ginstall -c -m 644 ./html/harfbuzz-hb-set.html
 /usr/bin/ginstall -c -m 644 ./html/harfbuzz-hb-shape-plan.html
 /usr/bin/ginstall -c -m 644 ./html/harfbuzz-hb-unicode.html
 /usr/bin/ginstall -c -m 644 ./html/harfbuzz-hb-uniscribe.html
 /usr/bin/ginstall -c -m 644 ./html/harfbuzz-hb-version.html
 /usr/bin/ginstall -c -m 644 ./html/harfbuzz-hb.html
 /usr/bin/ginstall -c -m 644 ./html/harfbuzz.devhelp2
 /usr/bin/ginstall -c -m 644 ./html/hello-harfbuzz.html
 /usr/bin/ginstall -c -m 644 ./html/home.png
 /usr/bin/ginstall -c -m 644 ./html/index.html
 /usr/bin/ginstall -c -m 644 ./html/left-insensitive.png
 /usr/bin/ginstall -c -m 644 ./html/left.png
 /usr/bin/ginstall -c -m 644 ./html/object-tree.html
 /usr/bin/ginstall -c -m 644 ./html/plans-and-caching.html
 /usr/bin/ginstall -c -m 644 ./html/pt01.html
 /usr/bin/ginstall -c -m 644 ./html/pt02.html
 /usr/bin/ginstall -c -m 644 ./html/right-insensitive.png
 /usr/bin/ginstall -c -m 644 ./html/right.png
 /usr/bin/ginstall -c -m 644 ./html/setting-buffer-properties.html
 /usr/bin/ginstall -c -m 644 ./html/shaping-and-shape-plans.html
 /usr/bin/ginstall -c -m 644 ./html/style.css
 /usr/bin/ginstall -c -m 644 ./html/up-insensitive.png
 /usr/bin/ginstall -c -m 644 ./html/up.png
 /usr/bin/ginstall -c -m 644 ./html/using-harfbuzzs-native-opentype-implementation.html
 /usr/bin/ginstall -c -m 644 ./html/using-your-own-font-functions.html
 /usr/bin/ginstall -c -m 644 ./html/what-about-the-other-scripts.html
 /usr/bin/ginstall -c -m 644 ./html/what-is-harfbuzz.html
 /usr/bin/ginstall -c -m 644 ./html/why-is-it-called-harfbuzz.html
make[3]: Leaving directory '/ws/userland/src/components/desktop/harfbuzz/build/i86/docs'
make[2]: Leaving directory '/ws/userland/src/components/desktop/harfbuzz/build/i86/docs'
make[2]: Entering directory '/ws/userland/src/components/desktop/harfbuzz/build/i86'
make[3]: Entering directory '/ws/userland/src/components/desktop/harfbuzz/build/i86'
make[3]: Nothing to be done for 'install-exec-am'.
make[3]: Nothing to be done for 'install-data-am'.
make[3]: Leaving directory '/ws/userland/src/components/desktop/harfbuzz/build/i86'
make[2]: Leaving directory '/ws/userland/src/components/desktop/harfbuzz/build/i86'
make[1]: Leaving directory '/ws/userland/src/components/desktop/harfbuzz/build/i86'
/usr/bin/touch /ws/userland/src/components/desktop/harfbuzz/build/i86/.installed
(cd /ws/userland/src/components/desktop/harfbuzz/build/amd64 ; /usr/bin/env LD_OPTIONS="-M /usr/lib/ld/map.noexdata -M /usr/lib/ld/map.pagealign -Bdirect -zignore -zstrip-class=comment" LD_EXEC_OPTIONS=" -zsx=aslr=enable -zsx=nxstack=enable -zsx=nxheap=enable " LD_PIE_OPTIONS="-zsx=aslr=enable -zsx=nxstack=enable -zsx=nxheap=enable "  /usr/gnu/bin/make \
		 DESTDIR=/ws/userland/src/components/desktop/harfbuzz/build/prototype/i386 install)
make[1]: Entering directory '/ws/userland/src/components/desktop/harfbuzz/build/amd64'
Making install in src
make[2]: Entering directory '/ws/userland/src/components/desktop/harfbuzz/build/amd64/src'
/usr/gnu/bin/make  install-recursive
make[3]: Entering directory '/ws/userland/src/components/desktop/harfbuzz/build/amd64/src'
make[4]: Entering directory '/ws/userland/src/components/desktop/harfbuzz/build/amd64/src'
make[5]: Entering directory '/ws/userland/src/components/desktop/harfbuzz/build/amd64/src'
 /usr/bin/gmkdir -p '/ws/userland/src/components/desktop/harfbuzz/build/prototype/i386/usr/lib/amd64'
 /bin/bash ../libtool   --mode=install /usr/bin/ginstall -c   libharfbuzz.la libharfbuzz-icu.la libharfbuzz-gobject.la '/ws/userland/src/components/desktop/harfbuzz/build/prototype/i386/usr/lib/amd64'
libtool: install: /usr/bin/ginstall -c .libs/libharfbuzz.so.0.10000.6 /ws/userland/src/components/desktop/harfbuzz/build/prototype/i386/usr/lib/amd64/libharfbuzz.so.0.10000.6
libtool: install: (cd /ws/userland/src/components/desktop/harfbuzz/build/prototype/i386/usr/lib/amd64 && { ln -s -f libharfbuzz.so.0.10000.6 libharfbuzz.so.0 || { rm -f libharfbuzz.so.0 && ln -s libharfbuzz.so.0.10000.6 libharfbuzz.so.0; }; })
libtool: install: (cd /ws/userland/src/components/desktop/harfbuzz/build/prototype/i386/usr/lib/amd64 && { ln -s -f libharfbuzz.so.0.10000.6 libharfbuzz.so || { rm -f libharfbuzz.so && ln -s libharfbuzz.so.0.10000.6 libharfbuzz.so; }; })
libtool: install: chmod +x /ws/userland/src/components/desktop/harfbuzz/build/prototype/i386/usr/lib/amd64/libharfbuzz.so.0.10000.6
libtool: install: /usr/bin/ginstall -c .libs/libharfbuzz.lai /ws/userland/src/components/desktop/harfbuzz/build/prototype/i386/usr/lib/amd64/libharfbuzz.la
libtool: install: warning: relinking `libharfbuzz-icu.la'
libtool: install: (cd /ws/userland/src/components/desktop/harfbuzz/build/amd64/src; /bin/bash /ws/userland/src/components/desktop/harfbuzz/build/amd64/libtool  --silent --tag CXX --mode=relink /usr/gcc/7/bin/g++ -m64 -O3 -std=c++11 -fno-rtti -fno-exceptions -Wcast-align -fvisibility-inlines-hidden -version-info 10000:6:10000 -no-undefined -Bsymbolic-functions -o libharfbuzz-icu.la -rpath /usr/lib/amd64 libharfbuzz_icu_la-hb-icu.lo -L/usr/lib/amd64 -licuuc -licudata libharfbuzz.la -inst-prefix-dir /ws/userland/src/components/desktop/harfbuzz/build/prototype/i386)
libtool: install: /usr/bin/ginstall -c .libs/libharfbuzz-icu.so.0.10000.6T /ws/userland/src/components/desktop/harfbuzz/build/prototype/i386/usr/lib/amd64/libharfbuzz-icu.so.0.10000.6
libtool: install: (cd /ws/userland/src/components/desktop/harfbuzz/build/prototype/i386/usr/lib/amd64 && { ln -s -f libharfbuzz-icu.so.0.10000.6 libharfbuzz-icu.so.0 || { rm -f libharfbuzz-icu.so.0 && ln -s libharfbuzz-icu.so.0.10000.6 libharfbuzz-icu.so.0; }; })
libtool: install: (cd /ws/userland/src/components/desktop/harfbuzz/build/prototype/i386/usr/lib/amd64 && { ln -s -f libharfbuzz-icu.so.0.10000.6 libharfbuzz-icu.so || { rm -f libharfbuzz-icu.so && ln -s libharfbuzz-icu.so.0.10000.6 libharfbuzz-icu.so; }; })
libtool: install: chmod +x /ws/userland/src/components/desktop/harfbuzz/build/prototype/i386/usr/lib/amd64/libharfbuzz-icu.so.0.10000.6
libtool: install: /usr/bin/ginstall -c .libs/libharfbuzz-icu.lai /ws/userland/src/components/desktop/harfbuzz/build/prototype/i386/usr/lib/amd64/libharfbuzz-icu.la
libtool: install: warning: relinking `libharfbuzz-gobject.la'
libtool: install: (cd /ws/userland/src/components/desktop/harfbuzz/build/amd64/src; /bin/bash /ws/userland/src/components/desktop/harfbuzz/build/amd64/libtool  --silent --tag CXX --mode=relink /usr/gcc/7/bin/g++ -m64 -O3 -std=c++11 -fno-rtti -fno-exceptions -Wcast-align -fvisibility-inlines-hidden -version-info 10000:6:10000 -no-undefined -Bsymbolic-functions -o libharfbuzz-gobject.la -rpath /usr/lib/amd64 libharfbuzz_gobject_la-hb-gobject-structs.lo libharfbuzz_gobject_la-hb-gobject-enums.lo -L/usr/lib/amd64 -lgobject-2.0 -lglib-2.0 libharfbuzz.la -inst-prefix-dir /ws/userland/src/components/desktop/harfbuzz/build/prototype/i386)
libtool: install: /usr/bin/ginstall -c .libs/libharfbuzz-gobject.so.0.10000.6T /ws/userland/src/components/desktop/harfbuzz/build/prototype/i386/usr/lib/amd64/libharfbuzz-gobject.so.0.10000.6
libtool: install: (cd /ws/userland/src/components/desktop/harfbuzz/build/prototype/i386/usr/lib/amd64 && { ln -s -f libharfbuzz-gobject.so.0.10000.6 libharfbuzz-gobject.so.0 || { rm -f libharfbuzz-gobject.so.0 && ln -s libharfbuzz-gobject.so.0.10000.6 libharfbuzz-gobject.so.0; }; })
libtool: install: (cd /ws/userland/src/components/desktop/harfbuzz/build/prototype/i386/usr/lib/amd64 && { ln -s -f libharfbuzz-gobject.so.0.10000.6 libharfbuzz-gobject.so || { rm -f libharfbuzz-gobject.so && ln -s libharfbuzz-gobject.so.0.10000.6 libharfbuzz-gobject.so; }; })
libtool: install: chmod +x /ws/userland/src/components/desktop/harfbuzz/build/prototype/i386/usr/lib/amd64/libharfbuzz-gobject.so.0.10000.6
libtool: install: /usr/bin/ginstall -c .libs/libharfbuzz-gobject.lai /ws/userland/src/components/desktop/harfbuzz/build/prototype/i386/usr/lib/amd64/libharfbuzz-gobject.la
libtool: install: warning: remember to run `libtool --finish /usr/lib/amd64'
 /usr/bin/gmkdir -p '/ws/userland/src/components/desktop/harfbuzz/build/prototype/i386/usr/share/gir-1.0'
 /usr/bin/ginstall -c -m 644 HarfBuzz-0.0.gir '/ws/userland/src/components/desktop/harfbuzz/build/prototype/i386/usr/share/gir-1.0'
 /usr/bin/gmkdir -p '/ws/userland/src/components/desktop/harfbuzz/build/prototype/i386/usr/include/harfbuzz'
 /usr/bin/ginstall -c -m 644 hb-version.h hb-gobject-enums.h '/ws/userland/src/components/desktop/harfbuzz/build/prototype/i386/usr/include/harfbuzz'
 /usr/bin/gmkdir -p '/ws/userland/src/components/desktop/harfbuzz/build/prototype/i386/usr/lib/amd64/pkgconfig'
 /usr/bin/ginstall -c -m 644 harfbuzz.pc harfbuzz-icu.pc harfbuzz-gobject.pc '/ws/userland/src/components/desktop/harfbuzz/build/prototype/i386/usr/lib/amd64/pkgconfig'
 /usr/bin/gmkdir -p '/ws/userland/src/components/desktop/harfbuzz/build/prototype/i386/usr/include/harfbuzz'
 /usr/bin/ginstall -c -m 644 /ws/userland/src/components/desktop/harfbuzz/harfbuzz-1.0.6/src/hb.h /ws/userland/src/components/desktop/harfbuzz/harfbuzz-1.0.6/src/hb-blob.h /ws/userland/src/components/desktop/harfbuzz/harfbuzz-1.0.6/src/hb-buffer.h /ws/userland/src/components/desktop/harfbuzz/harfbuzz-1.0.6/src/hb-common.h /ws/userland/src/components/desktop/harfbuzz/harfbuzz-1.0.6/src/hb-deprecated.h /ws/userland/src/components/desktop/harfbuzz/harfbuzz-1.0.6/src/hb-face.h /ws/userland/src/components/desktop/harfbuzz/harfbuzz-1.0.6/src/hb-font.h /ws/userland/src/components/desktop/harfbuzz/harfbuzz-1.0.6/src/hb-set.h /ws/userland/src/components/desktop/harfbuzz/harfbuzz-1.0.6/src/hb-shape.h /ws/userland/src/components/desktop/harfbuzz/harfbuzz-1.0.6/src/hb-shape-plan.h /ws/userland/src/components/desktop/harfbuzz/harfbuzz-1.0.6/src/hb-unicode.h /ws/userland/src/components/desktop/harfbuzz/harfbuzz-1.0.6/src/hb-ot.h /ws/userland/src/components/desktop/harfbuzz/harfbuzz-1.0.6/src/hb-ot-font.h /ws/userland/src/components/desktop/harfbuzz/harfbuzz-1.0.6/src/hb-ot-layout.h /ws/userland/src/components/desktop/harfbuzz/harfbuzz-1.0.6/src/hb-ot-shape.h /ws/userland/src/components/desktop/harfbuzz/harfbuzz-1.0.6/src/hb-ot-tag.h /ws/userland/src/components/desktop/harfbuzz/harfbuzz-1.0.6/src/hb-glib.h /ws/userland/src/components/desktop/harfbuzz/harfbuzz-1.0.6/src/hb-ft.h /ws/userland/src/components/desktop/harfbuzz/harfbuzz-1.0.6/src/hb-icu.h /ws/userland/src/components/desktop/harfbuzz/harfbuzz-1.0.6/src/hb-gobject.h /ws/userland/src/components/desktop/harfbuzz/harfbuzz-1.0.6/src/hb-gobject-structs.h '/ws/userland/src/components/desktop/harfbuzz/build/prototype/i386/usr/include/harfbuzz'
 /usr/bin/gmkdir -p '/ws/userland/src/components/desktop/harfbuzz/build/prototype/i386/usr/lib/amd64/girepository-1.0'
 /usr/bin/ginstall -c -m 644 HarfBuzz-0.0.typelib '/ws/userland/src/components/desktop/harfbuzz/build/prototype/i386/usr/lib/amd64/girepository-1.0'
make[5]: Leaving directory '/ws/userland/src/components/desktop/harfbuzz/build/amd64/src'
make[4]: Leaving directory '/ws/userland/src/components/desktop/harfbuzz/build/amd64/src'
make[3]: Leaving directory '/ws/userland/src/components/desktop/harfbuzz/build/amd64/src'
make[2]: Leaving directory '/ws/userland/src/components/desktop/harfbuzz/build/amd64/src'
Making install in util
make[2]: Entering directory '/ws/userland/src/components/desktop/harfbuzz/build/amd64/util'
make[3]: Entering directory '/ws/userland/src/components/desktop/harfbuzz/build/amd64/util'
 /usr/bin/gmkdir -p '/ws/userland/src/components/desktop/harfbuzz/build/prototype/i386/usr/bin'
  /bin/bash ../libtool   --mode=install /usr/bin/ginstall -c hb-view hb-shape hb-ot-shape-closure '/ws/userland/src/components/desktop/harfbuzz/build/prototype/i386/usr/bin'
libtool: install: warning: `../src/libharfbuzz.la' has not been installed in `/usr/lib/amd64'
libtool: install: /usr/bin/ginstall -c .libs/hb-view /ws/userland/src/components/desktop/harfbuzz/build/prototype/i386/usr/bin/hb-view
libtool: install: warning: `../src/libharfbuzz.la' has not been installed in `/usr/lib/amd64'
libtool: install: /usr/bin/ginstall -c .libs/hb-shape /ws/userland/src/components/desktop/harfbuzz/build/prototype/i386/usr/bin/hb-shape
libtool: install: warning: `../src/libharfbuzz.la' has not been installed in `/usr/lib/amd64'
libtool: install: /usr/bin/ginstall -c .libs/hb-ot-shape-closure /ws/userland/src/components/desktop/harfbuzz/build/prototype/i386/usr/bin/hb-ot-shape-closure
make[3]: Nothing to be done for 'install-data-am'.
make[3]: Leaving directory '/ws/userland/src/components/desktop/harfbuzz/build/amd64/util'
make[2]: Leaving directory '/ws/userland/src/components/desktop/harfbuzz/build/amd64/util'
Making install in test
make[2]: Entering directory '/ws/userland/src/components/desktop/harfbuzz/build/amd64/test'
Making install in api
make[3]: Entering directory '/ws/userland/src/components/desktop/harfbuzz/build/amd64/test/api'
make[4]: Entering directory '/ws/userland/src/components/desktop/harfbuzz/build/amd64/test/api'
make[4]: Nothing to be done for 'install-exec-am'.
make[4]: Nothing to be done for 'install-data-am'.
make[4]: Leaving directory '/ws/userland/src/components/desktop/harfbuzz/build/amd64/test/api'
make[3]: Leaving directory '/ws/userland/src/components/desktop/harfbuzz/build/amd64/test/api'
Making install in shaping
make[3]: Entering directory '/ws/userland/src/components/desktop/harfbuzz/build/amd64/test/shaping'
make[4]: Entering directory '/ws/userland/src/components/desktop/harfbuzz/build/amd64/test/shaping'
make[4]: Nothing to be done for 'install-exec-am'.
make[4]: Nothing to be done for 'install-data-am'.
make[4]: Leaving directory '/ws/userland/src/components/desktop/harfbuzz/build/amd64/test/shaping'
make[3]: Leaving directory '/ws/userland/src/components/desktop/harfbuzz/build/amd64/test/shaping'
make[3]: Entering directory '/ws/userland/src/components/desktop/harfbuzz/build/amd64/test'
make[4]: Entering directory '/ws/userland/src/components/desktop/harfbuzz/build/amd64/test'
make[4]: Nothing to be done for 'install-exec-am'.
make[4]: Nothing to be done for 'install-data-am'.
make[4]: Leaving directory '/ws/userland/src/components/desktop/harfbuzz/build/amd64/test'
make[3]: Leaving directory '/ws/userland/src/components/desktop/harfbuzz/build/amd64/test'
make[2]: Leaving directory '/ws/userland/src/components/desktop/harfbuzz/build/amd64/test'
Making install in docs
make[2]: Entering directory '/ws/userland/src/components/desktop/harfbuzz/build/amd64/docs'
make[3]: Entering directory '/ws/userland/src/components/desktop/harfbuzz/build/amd64/docs'
make[3]: Nothing to be done for 'install-exec-am'.
 /usr/bin/ginstall -c -m 644 ./html/adding-text-to-the-buffer.html
 /usr/bin/ginstall -c -m 644 ./html/annotation-glossary.html
 /usr/bin/ginstall -c -m 644 ./html/api-index-full.html
 /usr/bin/ginstall -c -m 644 ./html/buffers-language-script-and-direction.html
 /usr/bin/ginstall -c -m 644 ./html/ch06.html
 /usr/bin/ginstall -c -m 644 ./html/customizing-unicode-functions.html
 /usr/bin/ginstall -c -m 644 ./html/deprecated-api-index.html
 /usr/bin/ginstall -c -m 644 ./html/fonts-and-faces.html
 /usr/bin/ginstall -c -m 644 ./html/harfbuzz-Shaping.html
 /usr/bin/ginstall -c -m 644 ./html/harfbuzz-hb-blob.html
 /usr/bin/ginstall -c -m 644 ./html/harfbuzz-hb-buffer.html
 /usr/bin/ginstall -c -m 644 ./html/harfbuzz-hb-common.html
 /usr/bin/ginstall -c -m 644 ./html/harfbuzz-hb-coretext.html
 /usr/bin/ginstall -c -m 644 ./html/harfbuzz-hb-deprecated.html
 /usr/bin/ginstall -c -m 644 ./html/harfbuzz-hb-face.html
 /usr/bin/ginstall -c -m 644 ./html/harfbuzz-hb-font.html
 /usr/bin/ginstall -c -m 644 ./html/harfbuzz-hb-ft.html
 /usr/bin/ginstall -c -m 644 ./html/harfbuzz-hb-glib.html
 /usr/bin/ginstall -c -m 644 ./html/harfbuzz-hb-gobject.html
 /usr/bin/ginstall -c -m 644 ./html/harfbuzz-hb-graphite2.html
 /usr/bin/ginstall -c -m 644 ./html/harfbuzz-hb-icu.html
 /usr/bin/ginstall -c -m 644 ./html/harfbuzz-hb-ot-layout.html
 /usr/bin/ginstall -c -m 644 ./html/harfbuzz-hb-ot-tag.html
 /usr/bin/ginstall -c -m 644 ./html/harfbuzz-hb-ot.html
 /usr/bin/ginstall -c -m 644 ./html/harfbuzz-hb-set.html
 /usr/bin/ginstall -c -m 644 ./html/harfbuzz-hb-shape-plan.html
 /usr/bin/ginstall -c -m 644 ./html/harfbuzz-hb-unicode.html
 /usr/bin/ginstall -c -m 644 ./html/harfbuzz-hb-uniscribe.html
 /usr/bin/ginstall -c -m 644 ./html/harfbuzz-hb-version.html
 /usr/bin/ginstall -c -m 644 ./html/harfbuzz-hb.html
 /usr/bin/ginstall -c -m 644 ./html/harfbuzz.devhelp2
 /usr/bin/ginstall -c -m 644 ./html/hello-harfbuzz.html
 /usr/bin/ginstall -c -m 644 ./html/home.png
 /usr/bin/ginstall -c -m 644 ./html/index.html
 /usr/bin/ginstall -c -m 644 ./html/left-insensitive.png
 /usr/bin/ginstall -c -m 644 ./html/left.png
 /usr/bin/ginstall -c -m 644 ./html/object-tree.html
 /usr/bin/ginstall -c -m 644 ./html/plans-and-caching.html
 /usr/bin/ginstall -c -m 644 ./html/pt01.html
 /usr/bin/ginstall -c -m 644 ./html/pt02.html
 /usr/bin/ginstall -c -m 644 ./html/right-insensitive.png
 /usr/bin/ginstall -c -m 644 ./html/right.png
 /usr/bin/ginstall -c -m 644 ./html/setting-buffer-properties.html
 /usr/bin/ginstall -c -m 644 ./html/shaping-and-shape-plans.html
 /usr/bin/ginstall -c -m 644 ./html/style.css
 /usr/bin/ginstall -c -m 644 ./html/up-insensitive.png
 /usr/bin/ginstall -c -m 644 ./html/up.png
 /usr/bin/ginstall -c -m 644 ./html/using-harfbuzzs-native-opentype-implementation.html
 /usr/bin/ginstall -c -m 644 ./html/using-your-own-font-functions.html
 /usr/bin/ginstall -c -m 644 ./html/what-about-the-other-scripts.html
 /usr/bin/ginstall -c -m 644 ./html/what-is-harfbuzz.html
 /usr/bin/ginstall -c -m 644 ./html/why-is-it-called-harfbuzz.html
make[3]: Leaving directory '/ws/userland/src/components/desktop/harfbuzz/build/amd64/docs'
make[2]: Leaving directory '/ws/userland/src/components/desktop/harfbuzz/build/amd64/docs'
make[2]: Entering directory '/ws/userland/src/components/desktop/harfbuzz/build/amd64'
make[3]: Entering directory '/ws/userland/src/components/desktop/harfbuzz/build/amd64'
make[3]: Nothing to be done for 'install-exec-am'.
make[3]: Nothing to be done for 'install-data-am'.
make[3]: Leaving directory '/ws/userland/src/components/desktop/harfbuzz/build/amd64'
make[2]: Leaving directory '/ws/userland/src/components/desktop/harfbuzz/build/amd64'
make[1]: Leaving directory '/ws/userland/src/components/desktop/harfbuzz/build/amd64'
/usr/bin/touch /ws/userland/src/components/desktop/harfbuzz/build/amd64/.installed
abort: there is no Mercurial repository here (.hg not found)
/usr/bin/pkgfmt -c -fv2 harfbuzz.p5m
/usr/bin/pkgmogrify -D PERL_ARCH=i86pc-solaris-thread-multi-64 -D PERL_VERSION=5.22 -D IPS_COMPONENT_RE_VERSION=1\\.0\\.6 -D COMPONENT_RE_VERSION=1\\.0\\.6 -D PYTHON_2.7_ONLY=# -D PYTHON_3.4_ONLY=# -D PYTHON_3.5_ONLY=# -D SQ=\' -D DQ=\" -D Q=\" -I/ws/userland/src/components/desktop/harfbuzz -D SOLARIS_11_3_ONLY="#" -D SOLARIS_11_5_ONLY="#" -D SOLARIS_11_3_4_ONLY="" -D SOLARIS_11_4_5_ONLY="" -D SOLARIS_11_4_ONLY="" -D ARC_CASE="" -D TPNO="25623" -D BUILD_VERSION="5.11-11.4.0.0.1.14.0" -D OS_RELEASE="5.11" -D SOLARIS_VERSION="2.11" -D PKG_SOLARIS_VERSION="11.4" -D CONSOLIDATION="userland" -D CONSOLIDATION_CHANGESET="" -D CONSOLIDATION_REPOSITORY_URL="https://github.com/oracle/solaris-userland.git" -D COMPONENT_VERSION="1.0.6" -D IPS_COMPONENT_VERSION="1.0.6" -D HUMAN_VERSION="" -D COMPONENT_ARCHIVE_URL="http://www.freedesktop.org/software/harfbuzz/release/harfbuzz-1.0.6.tar.bz2" -D COMPONENT_PROJECT_URL="http://www.freedesktop.org/wiki/Software/HarfBuzz/" -D COMPONENT_NAME="harfbuzz" -D HG_REPO="" -D HG_REV="" -D HG_URL="" -D GIT_COMMIT_ID="" -D GIT_REPO="" -D GIT_TAG="" -D MACH="i386" -D MACH32="i86" -D MACH64="amd64" -D PUBLISHER="nightly" -D PUBLISHER_LOCALIZABLE="userland-localizable" harfbuzz.p5m \
	/ws/userland/src/transforms/license-changes /ws/userland/src/transforms/variant-cleanup /ws/userland/src/transforms/autopyc /ws/userland/src/transforms/defaults /ws/userland/src/transforms/actuators /ws/userland/src/transforms/depends /ws/userland/src/transforms/devel /ws/userland/src/transforms/docs /ws/userland/src/transforms/locale /ws/userland/src/transforms/standard-python-libraries /ws/userland/src/transforms/python-rename /ws/userland/src/transforms/python-3-groups /ws/userland/src/transforms/python-3-soabi /ws/userland/src/transforms/python-3-no-32bit /ws/userland/src/transforms/ruby-tests /ws/userland/src/transforms/puppet /ws/userland/src/transforms/libtool-drop /ws/userland/src/transforms/incorporate /ws/userland/src/transforms/publish-cleanup | \
	sed -e '/^$/d' -e '/^#.*$/d' | uniq >/ws/userland/src/components/desktop/harfbuzz/build/manifest-i386-harfbuzz.mogrified
/bin/mkdir -p /ws/userland/src/components/desktop/harfbuzz/build/prototype/i386/mangled
/ws/userland/src/tools/userland-mangler -D /ws/userland/src/components/desktop/harfbuzz/build/prototype/i386/mangled -d /ws/userland/src/components/desktop/harfbuzz/build/prototype/i386/mangled -d /ws/userland/src/components/desktop/harfbuzz/build/prototype/i386 -d /ws/userland/src/components/desktop/harfbuzz/build -d /ws/userland/src/components/desktop/harfbuzz -d harfbuzz-1.0.6 -d /ws/userland/src/licenses -m /ws/userland/src/components/desktop/harfbuzz/build/manifest-i386-harfbuzz.mogrified >/ws/userland/src/components/desktop/harfbuzz/build/manifest-i386-harfbuzz.mangled
/usr/bin/env  /usr/bin/pkgdepend generate \
    -m -d /ws/userland/src/components/desktop/harfbuzz/build/prototype/i386/mangled -d /ws/userland/src/components/desktop/harfbuzz/build/prototype/i386 -d /ws/userland/src/components/desktop/harfbuzz/build -d /ws/userland/src/components/desktop/harfbuzz -d harfbuzz-1.0.6 -d /ws/userland/src/licenses /ws/userland/src/components/desktop/harfbuzz/build/manifest-i386-harfbuzz.mangled >/ws/userland/src/components/desktop/harfbuzz/build/manifest-i386-harfbuzz.depend
/usr/bin/pkgdepend resolve -e /ws/userland/src/components/desktop/harfbuzz/build/resolve.deps -m /ws/userland/src/components/desktop/harfbuzz/build/manifest-i386-harfbuzz.depend
/usr/bin/touch /ws/userland/src/components/desktop/harfbuzz/build/.resolved-i386
VALIDATING MANIFEST CONTENT: /ws/userland/src/components/desktop/harfbuzz/build/manifest-i386-harfbuzz.depend.res
/usr/bin/env PYTHONPATH=/ws/userland/src/tools/python PROTO_PATH="/ws/userland/src/components/desktop/harfbuzz/build/prototype/i386/mangled /ws/userland/src/components/desktop/harfbuzz/build/prototype/i386 /ws/userland/src/components/desktop/harfbuzz/build /ws/userland/src/components/desktop/harfbuzz harfbuzz-1.0.6 /ws/userland/src/licenses"\
	SOLARIS_VERSION=2.11\
	/bin/true -c /ws/userland/src/i386/pkglint-cache \
		-f /ws/userland/src/tools/pkglintrc /ws/userland/src/components/desktop/harfbuzz/build/manifest-i386-harfbuzz.depend.res
/usr/bin/touch /ws/userland/src/components/desktop/harfbuzz/build/.linted-i386
/usr/bin/pkgsend -s file:/ws/userland/src/i386/repo publish --fmri-in-manifest --no-catalog -d /ws/userland/src/components/desktop/harfbuzz/build/prototype/i386/mangled -d /ws/userland/src/components/desktop/harfbuzz/build/prototype/i386 -d /ws/userland/src/components/desktop/harfbuzz/build -d /ws/userland/src/components/desktop/harfbuzz -d harfbuzz-1.0.6 -d /ws/userland/src/licenses -T \*.py /ws/userland/src/components/desktop/harfbuzz/build/manifest-i386-harfbuzz.depend.res
pkg://nightly/library/desktop/harfbuzz@1.0.6,5.11-11.4.0.0.1.14.0:20190727T211511Z
PUBLISHED
/usr/bin/pkgfmt </ws/userland/src/components/desktop/harfbuzz/build/manifest-i386-harfbuzz.depend.res >/ws/userland/src/components/desktop/harfbuzz/build/manifest-i386-harfbuzz.published
/usr/bin/touch /ws/userland/src/components/desktop/harfbuzz/build/.published-i386
gmake: Leaving directory '/ws/userland/src/components/desktop/harfbuzz'

real     2:43.6
user     1:07.2
sys        20.2
