gmake: Entering directory '/ws/userland/src/components/desktop/hicolor-icon-theme'
/bin/rm -f -r /ws/userland/src/components/desktop/hicolor-icon-theme/hicolor-icon-theme-0.17
/usr/bin/env RUBY_VERSION=2.1 /ws/userland/src/tools/userland-unpack  hicolor-icon-theme-0.17.tar.xz
/usr/bin/touch /ws/userland/src/components/desktop/hicolor-icon-theme/hicolor-icon-theme-0.17/.unpacked
/usr/bin/touch /ws/userland/src/components/desktop/hicolor-icon-theme/hicolor-icon-theme-0.17/.prep
(/bin/rm -f -rf /ws/userland/src/components/desktop/hicolor-icon-theme/build/i386 ; /bin/mkdir -p /ws/userland/src/components/desktop/hicolor-icon-theme/build/i386)
(cd /ws/userland/src/components/desktop/hicolor-icon-theme/build/i386 ; /usr/bin/env CONFIG_SHELL="/bin/bash" PKG_CONFIG_PATH="/usr/lib/pkgconfig" CC="/opt/solarisstudio12.4/bin/cc" CXX="/opt/solarisstudio12.4/bin/CC"  CC_FOR_BUILD="/opt/solarisstudio12.4/bin/cc -m32" CXX_FOR_BUILD="/opt/solarisstudio12.4/bin/CC -m32" CPPFLAGS="-m32" "ac_cv_func_realloc_0_nonnull=yes" "NM=/usr/gnu/bin/nm" INTLTOOL_PERL="/usr/perl5/5.22/bin/perl" CFLAGS="-m32 -xO4 -xchip=pentium -xregs=no%frameptr -mt" CXXFLAGS="-norunpath -m32 -xO4 -xchip=pentium -xregs=no%frameptr" LDFLAGS="" MAKE=gmake INTLTOOL_PERL="/usr/perl5/5.22/bin/perl" /bin/bash \
	/ws/userland/src/components/desktop/hicolor-icon-theme/hicolor-icon-theme-0.17/configure --prefix=/usr --mandir=/usr/share/man --bindir=/usr/bin --sbindir=/usr/sbin --libdir=/usr/lib    --libexecdir="/usr/lib" --localstatedir="/var" --x-includes="" --x-libraries="" --sysconfdir="/etc")
checking for a BSD-compatible install... /usr/bin/ginstall -c
checking whether build environment is sane... yes
checking for a thread-safe mkdir -p... /usr/bin/gmkdir -p
checking for gawk... gawk
checking whether gmake sets $(MAKE)... yes
checking whether gmake supports nested variables... yes
checking whether UID '100' is supported by ustar format... yes
checking whether GID '10' is supported by ustar format... yes
checking how to create a ustar tar archive... gnutar
checking that generated files are newer than configure... done
configure: creating ./config.status
config.status: creating Makefile
/usr/bin/touch /ws/userland/src/components/desktop/hicolor-icon-theme/build/i386/.configured
(cd /ws/userland/src/components/desktop/hicolor-icon-theme/build/i386 ; /usr/bin/env LD_OPTIONS="-M /usr/lib/ld/map.noexdata -M /usr/lib/ld/map.pagealign -Bdirect -zignore -zstrip-class=comment" LD_EXEC_OPTIONS=" -zsx=aslr=disable -zsx=nxstack=disable -zsx=nxheap=disable " LD_PIE_OPTIONS="-zsx=aslr=disable -zsx=nxstack=disable -zsx=nxheap=disable "  PKG_CONFIG_PATH="/usr/lib/pkgconfig" "ac_cv_func_realloc_0_nonnull=yes" INTLTOOL_PERL="/usr/perl5/5.22/bin/perl" GI_SCANNER_DISABLE_CACHE="" \
	/usr/gnu/bin/make  )
make[1]: Entering directory '/ws/userland/src/components/desktop/hicolor-icon-theme/build/i386'
make[1]: Nothing to be done for 'all'.
make[1]: Leaving directory '/ws/userland/src/components/desktop/hicolor-icon-theme/build/i386'
/usr/bin/touch /ws/userland/src/components/desktop/hicolor-icon-theme/build/i386/.built
(cd /ws/userland/src/components/desktop/hicolor-icon-theme/build/i386 ; /usr/bin/env LD_OPTIONS="-M /usr/lib/ld/map.noexdata -M /usr/lib/ld/map.pagealign -Bdirect -zignore -zstrip-class=comment" LD_EXEC_OPTIONS=" -zsx=aslr=disable -zsx=nxstack=disable -zsx=nxheap=disable " LD_PIE_OPTIONS="-zsx=aslr=disable -zsx=nxstack=disable -zsx=nxheap=disable "  /usr/gnu/bin/make \
		 DESTDIR=/ws/userland/src/components/desktop/hicolor-icon-theme/build/prototype/i386 install)
make[1]: Entering directory '/ws/userland/src/components/desktop/hicolor-icon-theme/build/i386'
make[2]: Entering directory '/ws/userland/src/components/desktop/hicolor-icon-theme/build/i386'
make[2]: Nothing to be done for 'install-exec-am'.
 /usr/bin/gmkdir -p '/ws/userland/src/components/desktop/hicolor-icon-theme/build/prototype/i386/usr/share/icons/hicolor'
 /usr/bin/ginstall -c -m 644 /ws/userland/src/components/desktop/hicolor-icon-theme/hicolor-icon-theme-0.17/index.theme '/ws/userland/src/components/desktop/hicolor-icon-theme/build/prototype/i386/usr/share/icons/hicolor'
/usr/gnu/bin/make  install-data-hook
make[3]: Entering directory '/ws/userland/src/components/desktop/hicolor-icon-theme/build/i386'
mkdir -p /ws/userland/src/components/desktop/hicolor-icon-theme/build/prototype/i386/usr/share/icons/hicolor
for dir in 16x16 22x22 24x24 32x32 36x36 48x48 64x64 72x72 96x96 128x128 192x192 256x256 512x512 scalable; do \
  for ctxt in actions animations apps categories devices emblems emotes filesystems intl mimetypes places status stock; do \
    mkdir -p /ws/userland/src/components/desktop/hicolor-icon-theme/build/prototype/i386/usr/share/icons/hicolor/$dir/$ctxt; \
    if [ "$ctxt" = "stock" ]; then \
      for sub in chart code data form image io media navigation net object table text; do \
        mkdir -p /ws/userland/src/components/desktop/hicolor-icon-theme/build/prototype/i386/usr/share/icons/hicolor/$dir/$ctxt/$sub; \
      done \
    fi \
  done \
done
mkdir -p /ws/userland/src/components/desktop/hicolor-icon-theme/build/prototype/i386/usr/share/icons/hicolor/symbolic/apps
make[3]: Leaving directory '/ws/userland/src/components/desktop/hicolor-icon-theme/build/i386'
make[2]: Leaving directory '/ws/userland/src/components/desktop/hicolor-icon-theme/build/i386'
make[1]: Leaving directory '/ws/userland/src/components/desktop/hicolor-icon-theme/build/i386'
/usr/bin/touch /ws/userland/src/components/desktop/hicolor-icon-theme/build/i386/.installed
abort: there is no Mercurial repository here (.hg not found)
/usr/bin/pkgfmt -c -fv2 hicolor-icon-theme.p5m
/usr/bin/pkgmogrify -D PERL_ARCH=i86pc-solaris-thread-multi-64 -D PERL_VERSION=5.22 -D IPS_COMPONENT_RE_VERSION=0\\.17 -D COMPONENT_RE_VERSION=0\\.17 -D PYTHON_2.7_ONLY=# -D PYTHON_3.4_ONLY=# -D PYTHON_3.5_ONLY=# -D SQ=\' -D DQ=\" -D Q=\" -I/ws/userland/src/components/desktop/hicolor-icon-theme -D SOLARIS_11_3_ONLY="#" -D SOLARIS_11_5_ONLY="#" -D SOLARIS_11_3_4_ONLY="" -D SOLARIS_11_4_5_ONLY="" -D SOLARIS_11_4_ONLY="" -D ARC_CASE="" -D TPNO="39067" -D BUILD_VERSION="5.11-11.4.0.0.1.14.0" -D OS_RELEASE="5.11" -D SOLARIS_VERSION="2.11" -D PKG_SOLARIS_VERSION="11.4" -D CONSOLIDATION="userland" -D CONSOLIDATION_CHANGESET="" -D CONSOLIDATION_REPOSITORY_URL="https://github.com/oracle/solaris-userland.git" -D COMPONENT_VERSION="0.17" -D IPS_COMPONENT_VERSION="0.17" -D HUMAN_VERSION="" -D COMPONENT_ARCHIVE_URL="http://icon-theme.freedesktop.org/releases/hicolor-icon-theme-0.17.tar.xz" -D COMPONENT_PROJECT_URL="http://freedesktop.org/wiki/Software/icon-theme/" -D COMPONENT_NAME="hicolor-icon-theme" -D HG_REPO="" -D HG_REV="" -D HG_URL="" -D GIT_COMMIT_ID="" -D GIT_REPO="" -D GIT_TAG="" -D MACH="i386" -D MACH32="i86" -D MACH64="amd64" -D PUBLISHER="nightly" -D PUBLISHER_LOCALIZABLE="userland-localizable" hicolor-icon-theme.p5m \
	/ws/userland/src/transforms/license-changes /ws/userland/src/transforms/variant-cleanup /ws/userland/src/transforms/autopyc /ws/userland/src/transforms/defaults /ws/userland/src/transforms/actuators /ws/userland/src/transforms/depends /ws/userland/src/transforms/devel /ws/userland/src/transforms/docs /ws/userland/src/transforms/locale /ws/userland/src/transforms/standard-python-libraries /ws/userland/src/transforms/python-rename /ws/userland/src/transforms/python-3-groups /ws/userland/src/transforms/python-3-soabi /ws/userland/src/transforms/python-3-no-32bit /ws/userland/src/transforms/ruby-tests /ws/userland/src/transforms/puppet /ws/userland/src/transforms/gnome-incorporation /ws/userland/src/transforms/libtool-drop /ws/userland/src/transforms/incorporate /ws/userland/src/transforms/publish-cleanup | \
	sed -e '/^$/d' -e '/^#.*$/d' | uniq >/ws/userland/src/components/desktop/hicolor-icon-theme/build/manifest-i386-hicolor-icon-theme.mogrified
/bin/mkdir -p /ws/userland/src/components/desktop/hicolor-icon-theme/build/prototype/i386/mangled
/ws/userland/src/tools/userland-mangler -D /ws/userland/src/components/desktop/hicolor-icon-theme/build/prototype/i386/mangled -d /ws/userland/src/components/desktop/hicolor-icon-theme/build/prototype/i386/mangled -d /ws/userland/src/components/desktop/hicolor-icon-theme/build/prototype/i386 -d /ws/userland/src/components/desktop/hicolor-icon-theme/build -d /ws/userland/src/components/desktop/hicolor-icon-theme -d hicolor-icon-theme-0.17 -d /ws/userland/src/licenses -m /ws/userland/src/components/desktop/hicolor-icon-theme/build/manifest-i386-hicolor-icon-theme.mogrified >/ws/userland/src/components/desktop/hicolor-icon-theme/build/manifest-i386-hicolor-icon-theme.mangled
/usr/bin/env  /usr/bin/pkgdepend generate \
    -m -d /ws/userland/src/components/desktop/hicolor-icon-theme/build/prototype/i386/mangled -d /ws/userland/src/components/desktop/hicolor-icon-theme/build/prototype/i386 -d /ws/userland/src/components/desktop/hicolor-icon-theme/build -d /ws/userland/src/components/desktop/hicolor-icon-theme -d hicolor-icon-theme-0.17 -d /ws/userland/src/licenses /ws/userland/src/components/desktop/hicolor-icon-theme/build/manifest-i386-hicolor-icon-theme.mangled >/ws/userland/src/components/desktop/hicolor-icon-theme/build/manifest-i386-hicolor-icon-theme.depend
/usr/bin/pkgdepend resolve -e /ws/userland/src/components/desktop/hicolor-icon-theme/build/resolve.deps -m /ws/userland/src/components/desktop/hicolor-icon-theme/build/manifest-i386-hicolor-icon-theme.depend
/usr/bin/touch /ws/userland/src/components/desktop/hicolor-icon-theme/build/.resolved-i386
VALIDATING MANIFEST CONTENT: /ws/userland/src/components/desktop/hicolor-icon-theme/build/manifest-i386-hicolor-icon-theme.depend.res
/usr/bin/env PYTHONPATH=/ws/userland/src/tools/python PROTO_PATH="/ws/userland/src/components/desktop/hicolor-icon-theme/build/prototype/i386/mangled /ws/userland/src/components/desktop/hicolor-icon-theme/build/prototype/i386 /ws/userland/src/components/desktop/hicolor-icon-theme/build /ws/userland/src/components/desktop/hicolor-icon-theme hicolor-icon-theme-0.17 /ws/userland/src/licenses"\
	SOLARIS_VERSION=2.11\
	/bin/true -c /ws/userland/src/i386/pkglint-cache \
		-f /ws/userland/src/tools/pkglintrc /ws/userland/src/components/desktop/hicolor-icon-theme/build/manifest-i386-hicolor-icon-theme.depend.res
/usr/bin/touch /ws/userland/src/components/desktop/hicolor-icon-theme/build/.linted-i386
/usr/bin/pkgsend -s file:/ws/userland/src/i386/repo publish --fmri-in-manifest --no-catalog -d /ws/userland/src/components/desktop/hicolor-icon-theme/build/prototype/i386/mangled -d /ws/userland/src/components/desktop/hicolor-icon-theme/build/prototype/i386 -d /ws/userland/src/components/desktop/hicolor-icon-theme/build -d /ws/userland/src/components/desktop/hicolor-icon-theme -d hicolor-icon-theme-0.17 -d /ws/userland/src/licenses -T \*.py /ws/userland/src/components/desktop/hicolor-icon-theme/build/manifest-i386-hicolor-icon-theme.depend.res
pkg://nightly/gnome/theme/hicolor-icon-theme@0.17,5.11-11.4.0.0.1.14.0:20190727T211519Z
PUBLISHED
/usr/bin/pkgfmt </ws/userland/src/components/desktop/hicolor-icon-theme/build/manifest-i386-hicolor-icon-theme.depend.res >/ws/userland/src/components/desktop/hicolor-icon-theme/build/manifest-i386-hicolor-icon-theme.published
/usr/bin/touch /ws/userland/src/components/desktop/hicolor-icon-theme/build/.published-i386
gmake: Leaving directory '/ws/userland/src/components/desktop/hicolor-icon-theme'

real        6.8
user        2.2
sys         1.2
