gmake: Entering directory '/ws/userland/src/components/desktop/telepathy-logger'
/bin/rm -f -r /ws/userland/src/components/desktop/telepathy-logger/telepathy-logger-0.8.2
/usr/bin/env RUBY_VERSION=2.1 /ws/userland/src/tools/userland-unpack  telepathy-logger-0.8.2.tar.bz2
/usr/bin/touch /ws/userland/src/components/desktop/telepathy-logger/telepathy-logger-0.8.2/.unpacked
/usr/bin/touch /ws/userland/src/components/desktop/telepathy-logger/telepathy-logger-0.8.2/.prep
(/bin/rm -f -rf /ws/userland/src/components/desktop/telepathy-logger/build/i86 ; /bin/mkdir -p /ws/userland/src/components/desktop/telepathy-logger/build/i86)
(/ws/userland/src/tools/cloney /ws/userland/src/components/desktop/telepathy-logger/telepathy-logger-0.8.2 /ws/userland/src/components/desktop/telepathy-logger/build/i86);
symlink cloning /ws/userland/src/components/desktop/telepathy-logger/telepathy-logger-0.8.2 to /ws/userland/src/components/desktop/telepathy-logger/build/i86
(cd /ws/userland/src/components/desktop/telepathy-logger/build/i86 ; /usr/bin/env CONFIG_SHELL="/bin/bash" PKG_CONFIG_PATH="/usr/lib/pkgconfig" CC="/usr/gcc/7/bin/gcc" CXX="/usr/gcc/7/bin/g++"  CC_FOR_BUILD="/usr/gcc/7/bin/gcc -m32" CXX_FOR_BUILD="/usr/gcc/7/bin/g++ -m32" CPPFLAGS="-m32" "ac_cv_func_realloc_0_nonnull=yes" "NM=/usr/gnu/bin/nm" INTLTOOL_PERL="/usr/perl5/5.22/bin/perl" CFLAGS="-m32 -O3 -mincoming-stack-boundary=2 -U_POSIX_SOURCE -D_XOPEN_SOURCE=600 -D__EXTENSIONS__=1 -D_XPG6" CXXFLAGS="-m32 -O3 -mincoming-stack-boundary=2" LDFLAGS="" PATH=/usr/gnu/bin:/usr/bin:/usr/gnu/bin /bin/bash \
	/ws/userland/src/components/desktop/telepathy-logger/telepathy-logger-0.8.2/configure --prefix=/usr --mandir=/usr/share/man --bindir=/usr/bin/i86 --sbindir=/usr/sbin/i86 --libdir=/usr/lib    --disable-static --enable-introspection --enable-shared --with-pic --libexecdir="/usr/lib")
checking whether make supports nested variables... yes
checking for a BSD-compatible install... /usr/gnu/bin/install -c
checking whether build environment is sane... yes
checking for a thread-safe mkdir -p... /usr/gnu/bin/mkdir -p
checking for gawk... gawk
checking whether make sets $(MAKE)... yes
checking whether UID '100' is supported by ustar format... yes
checking whether GID '10' is supported by ustar format... yes
checking how to create a ustar tar archive... gnutar
checking for style of include used by make... GNU
checking for gcc... /usr/gcc/7/bin/gcc
checking whether the C compiler works... yes
checking for C compiler default output file name... a.out
checking for suffix of executables... 
checking whether we are cross compiling... no
checking for suffix of object files... o
checking whether we are using the GNU C compiler... yes
checking whether /usr/gcc/7/bin/gcc accepts -g... yes
checking for /usr/gcc/7/bin/gcc option to accept ISO C89... none needed
checking whether /usr/gcc/7/bin/gcc understands -c and -o together... yes
checking dependency style of /usr/gcc/7/bin/gcc... gcc3
checking for library containing strerror... none required
checking for gcc... (cached) /usr/gcc/7/bin/gcc
checking whether we are using the GNU C compiler... (cached) yes
checking whether /usr/gcc/7/bin/gcc accepts -g... (cached) yes
checking for /usr/gcc/7/bin/gcc option to accept ISO C89... (cached) none needed
checking whether /usr/gcc/7/bin/gcc understands -c and -o together... (cached) yes
checking dependency style of /usr/gcc/7/bin/gcc... (cached) gcc3
checking how to run the C preprocessor... /usr/gcc/7/bin/gcc -E
checking for grep that handles long lines and -e... /usr/gnu/bin/grep
checking for egrep... /usr/gnu/bin/grep -E
checking for ANSI C header files... yes
checking build system type... i386-pc-solaris2.11
checking host system type... i386-pc-solaris2.11
checking how to print strings... print -r
checking for a sed that does not truncate output... /usr/gnu/bin/sed
checking for fgrep... /usr/gnu/bin/grep -F
checking for ld used by /usr/gcc/7/bin/gcc... /usr/bin/ld
checking if the linker (/usr/bin/ld) is GNU ld... no
checking for BSD- or MS-compatible name lister (nm)... /usr/gnu/bin/nm
checking the name lister (/usr/gnu/bin/nm) interface... BSD nm
checking whether ln -s works... yes
checking the maximum length of command line arguments... 1572480
checking whether the shell understands some XSI constructs... yes
checking whether the shell understands "+="... yes
checking how to convert i386-pc-solaris2.11 file names to i386-pc-solaris2.11 format... func_convert_file_noop
checking how to convert i386-pc-solaris2.11 file names to toolchain format... func_convert_file_noop
checking for /usr/bin/ld option to reload object files... -r
checking for objdump... objdump
checking how to recognize dependent libraries... pass_all
checking for dlltool... no
checking how to associate runtime and link libraries... print -r --
checking for ar... ar
checking for archiver @FILE support... @
checking for strip... strip
checking for ranlib... ranlib
checking command to parse /usr/gnu/bin/nm output from /usr/gcc/7/bin/gcc object... ok
checking for sysroot... no
checking for mt... mt
checking if mt is a manifest tool... no
checking for sys/types.h... yes
checking for sys/stat.h... yes
checking for stdlib.h... yes
checking for string.h... yes
checking for memory.h... yes
checking for strings.h... yes
checking for inttypes.h... yes
checking for stdint.h... yes
checking for unistd.h... yes
checking for dlfcn.h... yes
checking for objdir... .libs
checking if /usr/gcc/7/bin/gcc supports -fno-rtti -fno-exceptions... no
checking for /usr/gcc/7/bin/gcc option to produce PIC... -fPIC -DPIC
checking if /usr/gcc/7/bin/gcc PIC flag -fPIC -DPIC works... yes
checking if /usr/gcc/7/bin/gcc static flag -static works... no
checking if /usr/gcc/7/bin/gcc supports -c -o file.o... yes
checking if /usr/gcc/7/bin/gcc supports -c -o file.o... (cached) yes
checking whether the /usr/gcc/7/bin/gcc linker (/usr/bin/ld) supports shared libraries... yes
checking whether -lc should be explicitly linked in... no
checking dynamic linker characteristics... solaris2.11 ld.so
checking how to hardcode library paths into programs... immediate
checking whether stripping libraries is possible... no
checking if libtool supports shared libraries... yes
checking whether to build shared libraries... yes
checking whether to build static libraries... no
checking for pkg-config... /usr/bin/pkg-config
checking pkg-config is at least version 0.16... yes
checking for GLIB - version >= 2.0.0... yes (version 2.52.0)
checking for X... libraries , headers 
checking for gethostbyname... yes
checking for connect... yes
checking for remove... yes
checking for shmat... yes
checking for IceConnectionNumber in -lICE... yes
checking whether NLS is requested... yes
checking for intltool >= 0.35.0... 0.51.0 found
checking for intltool-update... /usr/bin/intltool-update
checking for intltool-merge... /usr/bin/intltool-merge
checking for intltool-extract... /usr/bin/intltool-extract
checking for xgettext... /usr/gnu/bin/xgettext
checking for msgmerge... /usr/bin/msgmerge
checking for msgfmt... /usr/gnu/bin/msgfmt
checking for gmsgfmt... /usr/bin/gmsgfmt
checking for perl... /usr/perl5/5.22/bin/perl
checking for perl >= 5.8.1... 5.22.1
checking for XML::Parser... ok
checking for dbus-binding-tool... /usr/bin/dbus-binding-tool
checking for pkg-config... (cached) /usr/bin/pkg-config
checking pkg-config is at least version 0.16... yes
checking for gobject-introspection... yes
checking for gtk-doc... yes
checking for gtkdoc-check... gtkdoc-check.test
checking for gtkdoc-check... /usr/bin/gtkdoc-check
checking for gtkdoc-rebase... /usr/bin/gtkdoc-rebase
checking for gtkdoc-mkpdf... /usr/bin/gtkdoc-mkpdf
checking whether to build gtk-doc documentation... no
checking for GTKDOC_DEPS... yes
checking for xsltproc... xsltproc
checking for a Python interpreter with version >= 2.5... python
checking for python... /usr/bin/python
checking for python version... 2.7
checking for python platform... sunos5
checking for python script directory... ${prefix}/lib/python2.7/site-packages
checking for python extension module directory... ${exec_prefix}/lib/python2.7/site-packages
checking to see if compiler understands ... yes
checking to see if compiler understands -Wall... yes
checking to see if compiler understands -Wextra... yes
checking to see if compiler understands -Wformat-security... yes
checking to see if compiler understands -Winit-self... yes
checking to see if compiler understands -Wmissing-prototypes... yes
checking to see if compiler understands -Wnested-externs... yes
checking to see if compiler understands -Wpointer-arith... yes
checking to see if compiler understands -Wshadow... yes
checking to see if compiler understands -Wsign-compare... yes
checking to see if compiler understands -Wstrict-prototypes... yes
checking to see if compiler understands -Werror... yes
checking to see if compiler understands -Wno-missing-field-initializers... yes
checking to see if compiler understands -Wno-error=missing-field-initializers... yes
checking to see if compiler understands -Wno-unused-parameter... yes
checking to see if compiler understands -Wno-error=unused-parameter... yes
checking to see if compiler understands -D_POSIX_SOURCE... yes
checking to see if compiler understands -std=c99... yes
checking for TPL... yes
checking that generated files are newer than configure... done
configure: creating ./config.status
config.status: creating Makefile
config.status: creating data/Makefile
config.status: creating doc/Makefile
config.status: creating doc/reference/Makefile
config.status: creating doc/reference/libtelepathy-logger/Makefile
config.status: creating extensions/Makefile
config.status: creating extensions/tpl-extensions.pc
config.status: creating po/Makefile.in
config.status: creating src/Makefile
config.status: creating telepathy-logger/Makefile
config.status: creating telepathy-logger/telepathy-logger-0.2.pc
config.status: creating telepathy-logger/telepathy-logger-0.2-uninstalled.pc
config.status: creating tools/Makefile
config.status: creating tests/Makefile
config.status: creating tests/dbus/Makefile
config.status: creating tests/lib/Makefile
config.status: creating tests/suppressions/Makefile
config.status: creating config.h
config.status: executing depfiles commands
config.status: executing libtool commands
config.status: executing po/stamp-it commands

Configure summary:

	Compiler....................:  /usr/gcc/7/bin/gcc
	Compiler Flags..............:  -m32 -O3 -mincoming-stack-boundary=2 -U_POSIX_SOURCE -D_XOPEN_SOURCE=600 -D__EXTENSIONS__=1 -D_XPG6  -Wall -Wextra -Wformat-security -Winit-self -Wmissing-prototypes -Wnested-externs -Wpointer-arith -Wshadow -Wsign-compare -Wstrict-prototypes -Wno-missing-field-initializers -Wno-unused-parameter -D_POSIX_SOURCE -std=c99
	Prefix......................:  /usr
	Coding style checks.........:  yes
	Bugreporting URL............:  https://bugs.freedesktop.org/buglist.cgi?product=Telepathy&component=logger
	Public extensions library...:  no
	Introspection support.......:  yes


/usr/bin/touch /ws/userland/src/components/desktop/telepathy-logger/build/i86/.configured
(cd /ws/userland/src/components/desktop/telepathy-logger/build/i86 ; /usr/bin/env LD_OPTIONS="-M /usr/lib/ld/map.noexdata -M /usr/lib/ld/map.pagealign -Bdirect -zignore -zstrip-class=comment" LD_EXEC_OPTIONS=" -zsx=aslr=enable -zsx=nxstack=enable -zsx=nxheap=enable " LD_PIE_OPTIONS="-zsx=aslr=enable -zsx=nxstack=enable -zsx=nxheap=enable "  PKG_CONFIG_PATH="/usr/lib/pkgconfig" "ac_cv_func_realloc_0_nonnull=yes" INTLTOOL_PERL="/usr/perl5/5.22/bin/perl" GI_SCANNER_DISABLE_CACHE="" \
	/usr/gnu/bin/make  )
make[1]: Entering directory '/ws/userland/src/components/desktop/telepathy-logger/build/i86'
/usr/gnu/bin/make  all-recursive
make[2]: Entering directory '/ws/userland/src/components/desktop/telepathy-logger/build/i86'
Making all in tools
make[3]: Entering directory '/ws/userland/src/components/desktop/telepathy-logger/build/i86/tools'
sed -e 's![@]abs_top_builddir[@]!/ws/userland/src/components/desktop/telepathy-logger/build/i86!' telepathy-glib-env.in > telepathy-glib-env
chmod +x telepathy-glib-env
make[3]: Leaving directory '/ws/userland/src/components/desktop/telepathy-logger/build/i86/tools'
Making all in extensions
make[3]: Entering directory '/ws/userland/src/components/desktop/telepathy-logger/build/i86/extensions'
/usr/gnu/bin/mkdir -p _gen
  GEN      _gen/all.xml
/usr/gnu/bin/mkdir -p _gen
  GEN      _gen/misc.xml
  GEN      _gen/cli-misc-body.h
  GEN      _gen/gtypes-body.h
  GEN      _gen/interfaces.h
  GEN      _gen/register-dbus-glib-marshallers-body.h
  GEN      _gen/svc-misc.c
  GEN      _gen/enums.h
/usr/gnu/bin/make  all-am
make[4]: Entering directory '/ws/userland/src/components/desktop/telepathy-logger/build/i86/extensions'
  CC       extensions.lo
  CC       extensions-cli.lo
  CC       svc-misc.lo
  CCLD     libtpl-extensions-convenience.la
make[4]: Leaving directory '/ws/userland/src/components/desktop/telepathy-logger/build/i86/extensions'
make[3]: Leaving directory '/ws/userland/src/components/desktop/telepathy-logger/build/i86/extensions'
Making all in telepathy-logger
make[3]: Entering directory '/ws/userland/src/components/desktop/telepathy-logger/build/i86/telepathy-logger'
  GEN      tpl-marshal.c
  GEN      tpl-marshal.c
  GEN      tpl-marshal.h
/usr/gnu/bin/make  all-am
make[4]: Entering directory '/ws/userland/src/components/desktop/telepathy-logger/build/i86/telepathy-logger'
  CC       action-chain.lo
  CC       call-event.lo
  CC       client-factory.lo
  CC       conf.lo
  CC       entity.lo
  CC       dbus-service.lo
  CC       debug.lo
  CC       event.lo
  CC       log-iter.lo
  CC       log-iter-pidgin.lo
  CC       log-iter-xml.lo
  CC       log-manager.lo
  CC       log-store.lo
  CC       log-store-xml.lo
  CC       log-store-empathy.lo
  CC       log-store-sqlite.lo
  CC       log-store-pidgin.lo
log-store-pidgin.c:24:0: warning: "_XOPEN_SOURCE" redefined
 #define _XOPEN_SOURCE
 
<command-line>:0:0: note: this is the location of the previous definition
  CC       log-store-factory.lo
  CC       log-walker.lo
  CC       observer.lo
  CC       text-channel.lo
  CC       text-event.lo
  CC       util.lo
  CC       call-channel.lo
  CC       tpl-marshal.lo
  CCLD     libtelepathy-logger.la
  GISCAN   TelepathyLogger-0.2.gir
/usr/gcc/7/lib/gcc/x86_64-pc-solaris2.11/7.3.0/include/stddef.h:435: syntax error, unexpected identifier in '  __float128 __max_align_f128 __attribute__((__aligned__(__alignof(__float128))));' at '__float128'
telepathy-logger-0.8.2/telepathy-logger/log-manager.c:1386: Warning: TelepathyLogger: tpl_log_manager_search_finish: Unknown type: 'TelepathyLogger.SearchHit'
  GICOMP   TelepathyLogger-0.2.gir
make[4]: Leaving directory '/ws/userland/src/components/desktop/telepathy-logger/build/i86/telepathy-logger'
make[3]: Leaving directory '/ws/userland/src/components/desktop/telepathy-logger/build/i86/telepathy-logger'
Making all in data
make[3]: Entering directory '/ws/userland/src/components/desktop/telepathy-logger/build/i86/data'
  GEN      org.freedesktop.Telepathy.Client.Logger.service
  GEN      org.freedesktop.Telepathy.Logger.service
  ITMRG  org.freedesktop.Telepathy.Logger.gschema.xml
  GEN      org.freedesktop.Telepathy.Logger.gschema.valid
warning: Schema 'org.freedesktop.Telepathy.Logger' has path '/apps/telepathy-logger/'.  Paths starting with '/apps/', '/desktop/' or '/system/' are deprecated.
make[3]: Leaving directory '/ws/userland/src/components/desktop/telepathy-logger/build/i86/data'
Making all in src
make[3]: Entering directory '/ws/userland/src/components/desktop/telepathy-logger/build/i86/src'
/usr/gnu/bin/make  all-am
make[4]: Entering directory '/ws/userland/src/components/desktop/telepathy-logger/build/i86/src'
  CC       telepathy-logger.o
  CCLD     telepathy-logger
  CC       test-api.o
  CCLD     test-api
make[4]: Leaving directory '/ws/userland/src/components/desktop/telepathy-logger/build/i86/src'
make[3]: Leaving directory '/ws/userland/src/components/desktop/telepathy-logger/build/i86/src'
Making all in tests
make[3]: Entering directory '/ws/userland/src/components/desktop/telepathy-logger/build/i86/tests'
Making all in suppressions
make[4]: Entering directory '/ws/userland/src/components/desktop/telepathy-logger/build/i86/tests/suppressions'
make[4]: Nothing to be done for 'all'.
make[4]: Leaving directory '/ws/userland/src/components/desktop/telepathy-logger/build/i86/tests/suppressions'
Making all in lib
make[4]: Entering directory '/ws/userland/src/components/desktop/telepathy-logger/build/i86/tests/lib'
  CC       contacts-conn.lo
  CC       simple-account.lo
  CC       simple-account-manager.lo
  CC       simple-conn.lo
  CC       textchan-null.lo
  CC       util.lo
  CCLD     libtp-logger-tests.la
make[4]: Leaving directory '/ws/userland/src/components/desktop/telepathy-logger/build/i86/tests/lib'
Making all in dbus
make[4]: Entering directory '/ws/userland/src/components/desktop/telepathy-logger/build/i86/tests/dbus'
  GEN      dbus-1/session.conf
/usr/gnu/bin/make  all-am
make[5]: Entering directory '/ws/userland/src/components/desktop/telepathy-logger/build/i86/tests/dbus'
  CC       test-entity.o
  CCLD     test-entity
  CC       test-log-manager.o
  CCLD     test-log-manager
  CC       test-tpl-log-store-pidgin.o
In file included from test-tpl-log-store-pidgin.c:5:0:
../../telepathy-logger/log-store-pidgin.c:24:0: warning: "_XOPEN_SOURCE" redefined
 #define _XOPEN_SOURCE
 
<command-line>:0:0: note: this is the location of the previous definition
  CCLD     test-tpl-log-store-pidgin
  CC       test-tpl-log-iter-pidgin.o
  CCLD     test-tpl-log-iter-pidgin
  CC       test-tpl-log-store-sqlite.o
  CCLD     test-tpl-log-store-sqlite
  CC       test-tpl-log-store-xml.o
  CCLD     test-tpl-log-store-xml
  CC       test-tpl-log-iter-xml.o
  CCLD     test-tpl-log-iter-xml
  CC       test-tpl-log-walker.o
  CCLD     test-tpl-log-walker
  CC       test-tpl-observer.o
  CCLD     test-tpl-observer
make[5]: Leaving directory '/ws/userland/src/components/desktop/telepathy-logger/build/i86/tests/dbus'
make[4]: Leaving directory '/ws/userland/src/components/desktop/telepathy-logger/build/i86/tests/dbus'
make[4]: Entering directory '/ws/userland/src/components/desktop/telepathy-logger/build/i86/tests'
  CC       test-tpl-conf.o
  CCLD     test-tpl-conf
make[4]: Leaving directory '/ws/userland/src/components/desktop/telepathy-logger/build/i86/tests'
make[3]: Leaving directory '/ws/userland/src/components/desktop/telepathy-logger/build/i86/tests'
Making all in doc
make[3]: Entering directory '/ws/userland/src/components/desktop/telepathy-logger/build/i86/doc'
Making all in reference
make[4]: Entering directory '/ws/userland/src/components/desktop/telepathy-logger/build/i86/doc/reference'
Making all in libtelepathy-logger
make[5]: Entering directory '/ws/userland/src/components/desktop/telepathy-logger/build/i86/doc/reference/libtelepathy-logger'
make[5]: Nothing to be done for 'all'.
make[5]: Leaving directory '/ws/userland/src/components/desktop/telepathy-logger/build/i86/doc/reference/libtelepathy-logger'
make[5]: Entering directory '/ws/userland/src/components/desktop/telepathy-logger/build/i86/doc/reference'
make[5]: Nothing to be done for 'all-am'.
make[5]: Leaving directory '/ws/userland/src/components/desktop/telepathy-logger/build/i86/doc/reference'
make[4]: Leaving directory '/ws/userland/src/components/desktop/telepathy-logger/build/i86/doc/reference'
make[4]: Entering directory '/ws/userland/src/components/desktop/telepathy-logger/build/i86/doc'
make[4]: Nothing to be done for 'all-am'.
make[4]: Leaving directory '/ws/userland/src/components/desktop/telepathy-logger/build/i86/doc'
make[3]: Leaving directory '/ws/userland/src/components/desktop/telepathy-logger/build/i86/doc'
Making all in po
make[3]: Entering directory '/ws/userland/src/components/desktop/telepathy-logger/build/i86/po'
make[3]: Nothing to be done for 'all'.
make[3]: Leaving directory '/ws/userland/src/components/desktop/telepathy-logger/build/i86/po'
make[3]: Entering directory '/ws/userland/src/components/desktop/telepathy-logger/build/i86'
make[3]: Leaving directory '/ws/userland/src/components/desktop/telepathy-logger/build/i86'
make[2]: Leaving directory '/ws/userland/src/components/desktop/telepathy-logger/build/i86'
make[1]: Leaving directory '/ws/userland/src/components/desktop/telepathy-logger/build/i86'
/usr/bin/touch /ws/userland/src/components/desktop/telepathy-logger/build/i86/.built
(/bin/rm -f -rf /ws/userland/src/components/desktop/telepathy-logger/build/amd64 ; /bin/mkdir -p /ws/userland/src/components/desktop/telepathy-logger/build/amd64)
(/ws/userland/src/tools/cloney /ws/userland/src/components/desktop/telepathy-logger/telepathy-logger-0.8.2 /ws/userland/src/components/desktop/telepathy-logger/build/amd64);
symlink cloning /ws/userland/src/components/desktop/telepathy-logger/telepathy-logger-0.8.2 to /ws/userland/src/components/desktop/telepathy-logger/build/amd64
(cd /ws/userland/src/components/desktop/telepathy-logger/build/amd64 ; /usr/bin/env CONFIG_SHELL="/bin/bash" PKG_CONFIG_PATH="/usr/lib/amd64/pkgconfig" CC="/usr/gcc/7/bin/gcc" CXX="/usr/gcc/7/bin/g++" PATH="/usr/bin/amd64:/usr/bin:/usr/gnu/bin" CC_FOR_BUILD="/usr/gcc/7/bin/gcc -m64" CXX_FOR_BUILD="/usr/gcc/7/bin/g++ -m64" CPPFLAGS="-m64" "ac_cv_func_realloc_0_nonnull=yes" "NM=/usr/gnu/bin/nm" INTLTOOL_PERL="/usr/perl5/5.22/bin/perl" CFLAGS="-m64 -O3 -U_POSIX_SOURCE -D_XOPEN_SOURCE=600 -D__EXTENSIONS__=1 -D_XPG6" CXXFLAGS="-m64 -O3" LDFLAGS="" PATH=/usr/gnu/bin:/usr/bin:/usr/gnu/bin /bin/bash \
	/ws/userland/src/components/desktop/telepathy-logger/telepathy-logger-0.8.2/configure --prefix=/usr --mandir=/usr/share/man --bindir=/usr/bin --sbindir=/usr/sbin --libdir=/usr/lib/amd64    --disable-static --enable-introspection --enable-shared --with-pic --libexecdir="/usr/lib")
checking whether make supports nested variables... yes
checking for a BSD-compatible install... /usr/gnu/bin/install -c
checking whether build environment is sane... yes
checking for a thread-safe mkdir -p... /usr/gnu/bin/mkdir -p
checking for gawk... gawk
checking whether make sets $(MAKE)... yes
checking whether UID '100' is supported by ustar format... yes
checking whether GID '10' is supported by ustar format... yes
checking how to create a ustar tar archive... gnutar
checking for style of include used by make... GNU
checking for gcc... /usr/gcc/7/bin/gcc
checking whether the C compiler works... yes
checking for C compiler default output file name... a.out
checking for suffix of executables... 
checking whether we are cross compiling... no
checking for suffix of object files... o
checking whether we are using the GNU C compiler... yes
checking whether /usr/gcc/7/bin/gcc accepts -g... yes
checking for /usr/gcc/7/bin/gcc option to accept ISO C89... none needed
checking whether /usr/gcc/7/bin/gcc understands -c and -o together... yes
checking dependency style of /usr/gcc/7/bin/gcc... gcc3
checking for library containing strerror... none required
checking for gcc... (cached) /usr/gcc/7/bin/gcc
checking whether we are using the GNU C compiler... (cached) yes
checking whether /usr/gcc/7/bin/gcc accepts -g... (cached) yes
checking for /usr/gcc/7/bin/gcc option to accept ISO C89... (cached) none needed
checking whether /usr/gcc/7/bin/gcc understands -c and -o together... (cached) yes
checking dependency style of /usr/gcc/7/bin/gcc... (cached) gcc3
checking how to run the C preprocessor... /usr/gcc/7/bin/gcc -E
checking for grep that handles long lines and -e... /usr/gnu/bin/grep
checking for egrep... /usr/gnu/bin/grep -E
checking for ANSI C header files... yes
checking build system type... x86_64-pc-solaris2.11
checking host system type... x86_64-pc-solaris2.11
checking how to print strings... print -r
checking for a sed that does not truncate output... /usr/gnu/bin/sed
checking for fgrep... /usr/gnu/bin/grep -F
checking for ld used by /usr/gcc/7/bin/gcc... /usr/bin/ld
checking if the linker (/usr/bin/ld) is GNU ld... no
checking for BSD- or MS-compatible name lister (nm)... /usr/gnu/bin/nm
checking the name lister (/usr/gnu/bin/nm) interface... BSD nm
checking whether ln -s works... yes
checking the maximum length of command line arguments... 1572480
checking whether the shell understands some XSI constructs... yes
checking whether the shell understands "+="... yes
checking how to convert x86_64-pc-solaris2.11 file names to x86_64-pc-solaris2.11 format... func_convert_file_noop
checking how to convert x86_64-pc-solaris2.11 file names to toolchain format... func_convert_file_noop
checking for /usr/bin/ld option to reload object files... -r
checking for objdump... objdump
checking how to recognize dependent libraries... pass_all
checking for dlltool... no
checking how to associate runtime and link libraries... print -r --
checking for ar... ar
checking for archiver @FILE support... @
checking for strip... strip
checking for ranlib... ranlib
checking command to parse /usr/gnu/bin/nm output from /usr/gcc/7/bin/gcc object... ok
checking for sysroot... no
checking for mt... mt
checking if mt is a manifest tool... no
checking for sys/types.h... yes
checking for sys/stat.h... yes
checking for stdlib.h... yes
checking for string.h... yes
checking for memory.h... yes
checking for strings.h... yes
checking for inttypes.h... yes
checking for stdint.h... yes
checking for unistd.h... yes
checking for dlfcn.h... yes
checking for objdir... .libs
checking if /usr/gcc/7/bin/gcc supports -fno-rtti -fno-exceptions... no
checking for /usr/gcc/7/bin/gcc option to produce PIC... -fPIC -DPIC
checking if /usr/gcc/7/bin/gcc PIC flag -fPIC -DPIC works... yes
checking if /usr/gcc/7/bin/gcc static flag -static works... no
checking if /usr/gcc/7/bin/gcc supports -c -o file.o... yes
checking if /usr/gcc/7/bin/gcc supports -c -o file.o... (cached) yes
checking whether the /usr/gcc/7/bin/gcc linker (/usr/bin/ld -64) supports shared libraries... yes
checking whether -lc should be explicitly linked in... no
checking dynamic linker characteristics... solaris2.11 ld.so
checking how to hardcode library paths into programs... immediate
checking whether stripping libraries is possible... no
checking if libtool supports shared libraries... yes
checking whether to build shared libraries... yes
checking whether to build static libraries... no
checking for pkg-config... /usr/bin/pkg-config
checking pkg-config is at least version 0.16... yes
checking for GLIB - version >= 2.0.0... yes (version 2.52.0)
checking for X... libraries , headers 
checking for gethostbyname... yes
checking for connect... yes
checking for remove... yes
checking for shmat... yes
checking for IceConnectionNumber in -lICE... yes
checking whether NLS is requested... yes
checking for intltool >= 0.35.0... 0.51.0 found
checking for intltool-update... /usr/bin/intltool-update
checking for intltool-merge... /usr/bin/intltool-merge
checking for intltool-extract... /usr/bin/intltool-extract
checking for xgettext... /usr/gnu/bin/xgettext
checking for msgmerge... /usr/bin/msgmerge
checking for msgfmt... /usr/gnu/bin/msgfmt
checking for gmsgfmt... /usr/bin/gmsgfmt
checking for perl... /usr/perl5/5.22/bin/perl
checking for perl >= 5.8.1... 5.22.1
checking for XML::Parser... ok
checking for dbus-binding-tool... /usr/bin/dbus-binding-tool
checking for pkg-config... (cached) /usr/bin/pkg-config
checking pkg-config is at least version 0.16... yes
checking for gobject-introspection... yes
checking for gtk-doc... yes
checking for gtkdoc-check... gtkdoc-check.test
checking for gtkdoc-check... /usr/bin/gtkdoc-check
checking for gtkdoc-rebase... /usr/bin/gtkdoc-rebase
checking for gtkdoc-mkpdf... /usr/bin/gtkdoc-mkpdf
checking whether to build gtk-doc documentation... no
checking for GTKDOC_DEPS... yes
checking for xsltproc... xsltproc
checking for a Python interpreter with version >= 2.5... python
checking for python... /usr/bin/python
checking for python version... 2.7
checking for python platform... sunos5
checking for python script directory... ${prefix}/lib/python2.7/site-packages
checking for python extension module directory... ${exec_prefix}/lib/python2.7/site-packages
checking to see if compiler understands ... yes
checking to see if compiler understands -Wall... yes
checking to see if compiler understands -Wextra... yes
checking to see if compiler understands -Wformat-security... yes
checking to see if compiler understands -Winit-self... yes
checking to see if compiler understands -Wmissing-prototypes... yes
checking to see if compiler understands -Wnested-externs... yes
checking to see if compiler understands -Wpointer-arith... yes
checking to see if compiler understands -Wshadow... yes
checking to see if compiler understands -Wsign-compare... yes
checking to see if compiler understands -Wstrict-prototypes... yes
checking to see if compiler understands -Werror... yes
checking to see if compiler understands -Wno-missing-field-initializers... yes
checking to see if compiler understands -Wno-error=missing-field-initializers... yes
checking to see if compiler understands -Wno-unused-parameter... yes
checking to see if compiler understands -Wno-error=unused-parameter... yes
checking to see if compiler understands -D_POSIX_SOURCE... yes
checking to see if compiler understands -std=c99... yes
checking for TPL... yes
checking that generated files are newer than configure... done
configure: creating ./config.status
config.status: creating Makefile
config.status: creating data/Makefile
config.status: creating doc/Makefile
config.status: creating doc/reference/Makefile
config.status: creating doc/reference/libtelepathy-logger/Makefile
config.status: creating extensions/Makefile
config.status: creating extensions/tpl-extensions.pc
config.status: creating po/Makefile.in
config.status: creating src/Makefile
config.status: creating telepathy-logger/Makefile
config.status: creating telepathy-logger/telepathy-logger-0.2.pc
config.status: creating telepathy-logger/telepathy-logger-0.2-uninstalled.pc
config.status: creating tools/Makefile
config.status: creating tests/Makefile
config.status: creating tests/dbus/Makefile
config.status: creating tests/lib/Makefile
config.status: creating tests/suppressions/Makefile
config.status: creating config.h
config.status: executing depfiles commands
config.status: executing libtool commands
config.status: executing po/stamp-it commands

Configure summary:

	Compiler....................:  /usr/gcc/7/bin/gcc
	Compiler Flags..............:  -m64 -O3 -U_POSIX_SOURCE -D_XOPEN_SOURCE=600 -D__EXTENSIONS__=1 -D_XPG6  -Wall -Wextra -Wformat-security -Winit-self -Wmissing-prototypes -Wnested-externs -Wpointer-arith -Wshadow -Wsign-compare -Wstrict-prototypes -Wno-missing-field-initializers -Wno-unused-parameter -D_POSIX_SOURCE -std=c99
	Prefix......................:  /usr
	Coding style checks.........:  yes
	Bugreporting URL............:  https://bugs.freedesktop.org/buglist.cgi?product=Telepathy&component=logger
	Public extensions library...:  no
	Introspection support.......:  yes


/usr/bin/touch /ws/userland/src/components/desktop/telepathy-logger/build/amd64/.configured
(cd /ws/userland/src/components/desktop/telepathy-logger/build/amd64 ; /usr/bin/env LD_OPTIONS="-M /usr/lib/ld/map.noexdata -M /usr/lib/ld/map.pagealign -Bdirect -zignore -zstrip-class=comment" LD_EXEC_OPTIONS=" -zsx=aslr=enable -zsx=nxstack=enable -zsx=nxheap=enable " LD_PIE_OPTIONS="-zsx=aslr=enable -zsx=nxstack=enable -zsx=nxheap=enable "  PKG_CONFIG_PATH="/usr/lib/amd64/pkgconfig" "ac_cv_func_realloc_0_nonnull=yes" INTLTOOL_PERL="/usr/perl5/5.22/bin/perl" GI_SCANNER_DISABLE_CACHE="" \
	/usr/gnu/bin/make  )
make[1]: Entering directory '/ws/userland/src/components/desktop/telepathy-logger/build/amd64'
/usr/gnu/bin/make  all-recursive
make[2]: Entering directory '/ws/userland/src/components/desktop/telepathy-logger/build/amd64'
Making all in tools
make[3]: Entering directory '/ws/userland/src/components/desktop/telepathy-logger/build/amd64/tools'
sed -e 's![@]abs_top_builddir[@]!/ws/userland/src/components/desktop/telepathy-logger/build/amd64!' telepathy-glib-env.in > telepathy-glib-env
chmod +x telepathy-glib-env
make[3]: Leaving directory '/ws/userland/src/components/desktop/telepathy-logger/build/amd64/tools'
Making all in extensions
make[3]: Entering directory '/ws/userland/src/components/desktop/telepathy-logger/build/amd64/extensions'
/usr/gnu/bin/mkdir -p _gen
  GEN      _gen/all.xml
/usr/gnu/bin/mkdir -p _gen
  GEN      _gen/misc.xml
  GEN      _gen/cli-misc-body.h
  GEN      _gen/gtypes-body.h
  GEN      _gen/interfaces.h
  GEN      _gen/register-dbus-glib-marshallers-body.h
  GEN      _gen/svc-misc.c
  GEN      _gen/enums.h
/usr/gnu/bin/make  all-am
make[4]: Entering directory '/ws/userland/src/components/desktop/telepathy-logger/build/amd64/extensions'
  CC       extensions.lo
  CC       extensions-cli.lo
  CC       svc-misc.lo
  CCLD     libtpl-extensions-convenience.la
make[4]: Leaving directory '/ws/userland/src/components/desktop/telepathy-logger/build/amd64/extensions'
make[3]: Leaving directory '/ws/userland/src/components/desktop/telepathy-logger/build/amd64/extensions'
Making all in telepathy-logger
make[3]: Entering directory '/ws/userland/src/components/desktop/telepathy-logger/build/amd64/telepathy-logger'
  GEN      tpl-marshal.c
  GEN      tpl-marshal.c
  GEN      tpl-marshal.h
/usr/gnu/bin/make  all-am
make[4]: Entering directory '/ws/userland/src/components/desktop/telepathy-logger/build/amd64/telepathy-logger'
  CC       action-chain.lo
  CC       call-event.lo
  CC       client-factory.lo
  CC       conf.lo
  CC       entity.lo
  CC       dbus-service.lo
  CC       debug.lo
  CC       event.lo
  CC       log-iter.lo
  CC       log-iter-pidgin.lo
  CC       log-iter-xml.lo
  CC       log-manager.lo
  CC       log-store.lo
  CC       log-store-xml.lo
  CC       log-store-empathy.lo
  CC       log-store-sqlite.lo
  CC       log-store-pidgin.lo
log-store-pidgin.c:24:0: warning: "_XOPEN_SOURCE" redefined
 #define _XOPEN_SOURCE
 
<command-line>:0:0: note: this is the location of the previous definition
  CC       log-store-factory.lo
  CC       log-walker.lo
  CC       observer.lo
  CC       text-channel.lo
  CC       text-event.lo
  CC       util.lo
  CC       call-channel.lo
  CC       tpl-marshal.lo
  CCLD     libtelepathy-logger.la
  GISCAN   TelepathyLogger-0.2.gir
telepathy-logger-0.8.2/telepathy-logger/log-manager.c:1386: Warning: TelepathyLogger: tpl_log_manager_search_finish: Unknown type: 'TelepathyLogger.SearchHit'
  GICOMP   TelepathyLogger-0.2.gir
make[4]: Leaving directory '/ws/userland/src/components/desktop/telepathy-logger/build/amd64/telepathy-logger'
make[3]: Leaving directory '/ws/userland/src/components/desktop/telepathy-logger/build/amd64/telepathy-logger'
Making all in data
make[3]: Entering directory '/ws/userland/src/components/desktop/telepathy-logger/build/amd64/data'
  GEN      org.freedesktop.Telepathy.Client.Logger.service
  GEN      org.freedesktop.Telepathy.Logger.service
  ITMRG  org.freedesktop.Telepathy.Logger.gschema.xml
  GEN      org.freedesktop.Telepathy.Logger.gschema.valid
warning: Schema 'org.freedesktop.Telepathy.Logger' has path '/apps/telepathy-logger/'.  Paths starting with '/apps/', '/desktop/' or '/system/' are deprecated.
make[3]: Leaving directory '/ws/userland/src/components/desktop/telepathy-logger/build/amd64/data'
Making all in src
make[3]: Entering directory '/ws/userland/src/components/desktop/telepathy-logger/build/amd64/src'
/usr/gnu/bin/make  all-am
make[4]: Entering directory '/ws/userland/src/components/desktop/telepathy-logger/build/amd64/src'
  CC       telepathy-logger.o
  CCLD     telepathy-logger
  CC       test-api.o
  CCLD     test-api
make[4]: Leaving directory '/ws/userland/src/components/desktop/telepathy-logger/build/amd64/src'
make[3]: Leaving directory '/ws/userland/src/components/desktop/telepathy-logger/build/amd64/src'
Making all in tests
make[3]: Entering directory '/ws/userland/src/components/desktop/telepathy-logger/build/amd64/tests'
Making all in suppressions
make[4]: Entering directory '/ws/userland/src/components/desktop/telepathy-logger/build/amd64/tests/suppressions'
make[4]: Nothing to be done for 'all'.
make[4]: Leaving directory '/ws/userland/src/components/desktop/telepathy-logger/build/amd64/tests/suppressions'
Making all in lib
make[4]: Entering directory '/ws/userland/src/components/desktop/telepathy-logger/build/amd64/tests/lib'
  CC       contacts-conn.lo
  CC       simple-account.lo
  CC       simple-account-manager.lo
  CC       simple-conn.lo
  CC       textchan-null.lo
  CC       util.lo
  CCLD     libtp-logger-tests.la
make[4]: Leaving directory '/ws/userland/src/components/desktop/telepathy-logger/build/amd64/tests/lib'
Making all in dbus
make[4]: Entering directory '/ws/userland/src/components/desktop/telepathy-logger/build/amd64/tests/dbus'
  GEN      dbus-1/session.conf
/usr/gnu/bin/make  all-am
make[5]: Entering directory '/ws/userland/src/components/desktop/telepathy-logger/build/amd64/tests/dbus'
  CC       test-entity.o
  CCLD     test-entity
  CC       test-log-manager.o
  CCLD     test-log-manager
  CC       test-tpl-log-store-pidgin.o
In file included from test-tpl-log-store-pidgin.c:5:0:
../../telepathy-logger/log-store-pidgin.c:24:0: warning: "_XOPEN_SOURCE" redefined
 #define _XOPEN_SOURCE
 
<command-line>:0:0: note: this is the location of the previous definition
  CCLD     test-tpl-log-store-pidgin
  CC       test-tpl-log-iter-pidgin.o
  CCLD     test-tpl-log-iter-pidgin
  CC       test-tpl-log-store-sqlite.o
  CCLD     test-tpl-log-store-sqlite
  CC       test-tpl-log-store-xml.o
  CCLD     test-tpl-log-store-xml
  CC       test-tpl-log-iter-xml.o
  CCLD     test-tpl-log-iter-xml
  CC       test-tpl-log-walker.o
  CCLD     test-tpl-log-walker
  CC       test-tpl-observer.o
  CCLD     test-tpl-observer
make[5]: Leaving directory '/ws/userland/src/components/desktop/telepathy-logger/build/amd64/tests/dbus'
make[4]: Leaving directory '/ws/userland/src/components/desktop/telepathy-logger/build/amd64/tests/dbus'
make[4]: Entering directory '/ws/userland/src/components/desktop/telepathy-logger/build/amd64/tests'
  CC       test-tpl-conf.o
  CCLD     test-tpl-conf
make[4]: Leaving directory '/ws/userland/src/components/desktop/telepathy-logger/build/amd64/tests'
make[3]: Leaving directory '/ws/userland/src/components/desktop/telepathy-logger/build/amd64/tests'
Making all in doc
make[3]: Entering directory '/ws/userland/src/components/desktop/telepathy-logger/build/amd64/doc'
Making all in reference
make[4]: Entering directory '/ws/userland/src/components/desktop/telepathy-logger/build/amd64/doc/reference'
Making all in libtelepathy-logger
make[5]: Entering directory '/ws/userland/src/components/desktop/telepathy-logger/build/amd64/doc/reference/libtelepathy-logger'
make[5]: Nothing to be done for 'all'.
make[5]: Leaving directory '/ws/userland/src/components/desktop/telepathy-logger/build/amd64/doc/reference/libtelepathy-logger'
make[5]: Entering directory '/ws/userland/src/components/desktop/telepathy-logger/build/amd64/doc/reference'
make[5]: Nothing to be done for 'all-am'.
make[5]: Leaving directory '/ws/userland/src/components/desktop/telepathy-logger/build/amd64/doc/reference'
make[4]: Leaving directory '/ws/userland/src/components/desktop/telepathy-logger/build/amd64/doc/reference'
make[4]: Entering directory '/ws/userland/src/components/desktop/telepathy-logger/build/amd64/doc'
make[4]: Nothing to be done for 'all-am'.
make[4]: Leaving directory '/ws/userland/src/components/desktop/telepathy-logger/build/amd64/doc'
make[3]: Leaving directory '/ws/userland/src/components/desktop/telepathy-logger/build/amd64/doc'
Making all in po
make[3]: Entering directory '/ws/userland/src/components/desktop/telepathy-logger/build/amd64/po'
make[3]: Nothing to be done for 'all'.
make[3]: Leaving directory '/ws/userland/src/components/desktop/telepathy-logger/build/amd64/po'
make[3]: Entering directory '/ws/userland/src/components/desktop/telepathy-logger/build/amd64'
make[3]: Leaving directory '/ws/userland/src/components/desktop/telepathy-logger/build/amd64'
make[2]: Leaving directory '/ws/userland/src/components/desktop/telepathy-logger/build/amd64'
make[1]: Leaving directory '/ws/userland/src/components/desktop/telepathy-logger/build/amd64'
/usr/bin/touch /ws/userland/src/components/desktop/telepathy-logger/build/amd64/.built
(cd /ws/userland/src/components/desktop/telepathy-logger/build/i86 ; /usr/bin/env LD_OPTIONS="-M /usr/lib/ld/map.noexdata -M /usr/lib/ld/map.pagealign -Bdirect -zignore -zstrip-class=comment" LD_EXEC_OPTIONS=" -zsx=aslr=enable -zsx=nxstack=enable -zsx=nxheap=enable " LD_PIE_OPTIONS="-zsx=aslr=enable -zsx=nxstack=enable -zsx=nxheap=enable "  /usr/gnu/bin/make \
		 DESTDIR=/ws/userland/src/components/desktop/telepathy-logger/build/prototype/i386 install)
make[1]: Entering directory '/ws/userland/src/components/desktop/telepathy-logger/build/i86'
Making install in tools
make[2]: Entering directory '/ws/userland/src/components/desktop/telepathy-logger/build/i86/tools'
make[3]: Entering directory '/ws/userland/src/components/desktop/telepathy-logger/build/i86/tools'
make[3]: Nothing to be done for 'install-exec-am'.
make[3]: Leaving directory '/ws/userland/src/components/desktop/telepathy-logger/build/i86/tools'
make[2]: Leaving directory '/ws/userland/src/components/desktop/telepathy-logger/build/i86/tools'
Making install in extensions
make[2]: Entering directory '/ws/userland/src/components/desktop/telepathy-logger/build/i86/extensions'
/usr/gnu/bin/make  install-am
make[3]: Entering directory '/ws/userland/src/components/desktop/telepathy-logger/build/i86/extensions'
make[4]: Entering directory '/ws/userland/src/components/desktop/telepathy-logger/build/i86/extensions'
make[4]: Leaving directory '/ws/userland/src/components/desktop/telepathy-logger/build/i86/extensions'
make[3]: Leaving directory '/ws/userland/src/components/desktop/telepathy-logger/build/i86/extensions'
make[2]: Leaving directory '/ws/userland/src/components/desktop/telepathy-logger/build/i86/extensions'
Making install in telepathy-logger
make[2]: Entering directory '/ws/userland/src/components/desktop/telepathy-logger/build/i86/telepathy-logger'
/usr/gnu/bin/make  install-am
make[3]: Entering directory '/ws/userland/src/components/desktop/telepathy-logger/build/i86/telepathy-logger'
make[4]: Entering directory '/ws/userland/src/components/desktop/telepathy-logger/build/i86/telepathy-logger'
 /usr/gnu/bin/mkdir -p '/ws/userland/src/components/desktop/telepathy-logger/build/prototype/i386/usr/lib'
 /bin/bash ../libtool   --mode=install /usr/gnu/bin/install -c   libtelepathy-logger.la '/ws/userland/src/components/desktop/telepathy-logger/build/prototype/i386/usr/lib'
libtool: install: /usr/gnu/bin/install -c .libs/libtelepathy-logger.so.3.3.0 /ws/userland/src/components/desktop/telepathy-logger/build/prototype/i386/usr/lib/libtelepathy-logger.so.3.3.0
libtool: install: (cd /ws/userland/src/components/desktop/telepathy-logger/build/prototype/i386/usr/lib && { ln -s -f libtelepathy-logger.so.3.3.0 libtelepathy-logger.so.3 || { rm -f libtelepathy-logger.so.3 && ln -s libtelepathy-logger.so.3.3.0 libtelepathy-logger.so.3; }; })
libtool: install: (cd /ws/userland/src/components/desktop/telepathy-logger/build/prototype/i386/usr/lib && { ln -s -f libtelepathy-logger.so.3.3.0 libtelepathy-logger.so || { rm -f libtelepathy-logger.so && ln -s libtelepathy-logger.so.3.3.0 libtelepathy-logger.so; }; })
libtool: install: chmod +x /ws/userland/src/components/desktop/telepathy-logger/build/prototype/i386/usr/lib/libtelepathy-logger.so.3.3.0
libtool: install: /usr/gnu/bin/install -c .libs/libtelepathy-logger.lai /ws/userland/src/components/desktop/telepathy-logger/build/prototype/i386/usr/lib/libtelepathy-logger.la
libtool: install: warning: remember to run `libtool --finish /usr/lib'
 /usr/gnu/bin/mkdir -p '/ws/userland/src/components/desktop/telepathy-logger/build/prototype/i386/usr/include/telepathy-logger-0.2/telepathy-logger'
 /usr/gnu/bin/install -c -m 644 entity.h event.h log-manager.h log-walker.h telepathy-logger.h text-event.h call-event.h '/ws/userland/src/components/desktop/telepathy-logger/build/prototype/i386/usr/include/telepathy-logger-0.2/telepathy-logger'
 /usr/gnu/bin/mkdir -p '/ws/userland/src/components/desktop/telepathy-logger/build/prototype/i386/usr/share/gir-1.0'
 /usr/gnu/bin/install -c -m 644 TelepathyLogger-0.2.gir '/ws/userland/src/components/desktop/telepathy-logger/build/prototype/i386/usr/share/gir-1.0'
 /usr/gnu/bin/mkdir -p '/ws/userland/src/components/desktop/telepathy-logger/build/prototype/i386/usr/lib/pkgconfig'
 /usr/gnu/bin/install -c -m 644 telepathy-logger-0.2.pc '/ws/userland/src/components/desktop/telepathy-logger/build/prototype/i386/usr/lib/pkgconfig'
 /usr/gnu/bin/mkdir -p '/ws/userland/src/components/desktop/telepathy-logger/build/prototype/i386/usr/lib/girepository-1.0/'
 /usr/gnu/bin/install -c -m 644 TelepathyLogger-0.2.typelib '/ws/userland/src/components/desktop/telepathy-logger/build/prototype/i386/usr/lib/girepository-1.0/'
make[4]: Leaving directory '/ws/userland/src/components/desktop/telepathy-logger/build/i86/telepathy-logger'
make[3]: Leaving directory '/ws/userland/src/components/desktop/telepathy-logger/build/i86/telepathy-logger'
make[2]: Leaving directory '/ws/userland/src/components/desktop/telepathy-logger/build/i86/telepathy-logger'
Making install in data
make[2]: Entering directory '/ws/userland/src/components/desktop/telepathy-logger/build/i86/data'
make[3]: Entering directory '/ws/userland/src/components/desktop/telepathy-logger/build/i86/data'
make[3]: Nothing to be done for 'install-exec-am'.
 /usr/gnu/bin/mkdir -p '/ws/userland/src/components/desktop/telepathy-logger/build/prototype/i386/usr/share/telepathy/clients'
 /usr/gnu/bin/install -c -m 644 Logger.client '/ws/userland/src/components/desktop/telepathy-logger/build/prototype/i386/usr/share/telepathy/clients'
 /usr/gnu/bin/mkdir -p '/ws/userland/src/components/desktop/telepathy-logger/build/prototype/i386/usr/share/dbus-1/services'
 /usr/gnu/bin/install -c -m 644 org.freedesktop.Telepathy.Client.Logger.service org.freedesktop.Telepathy.Logger.service '/ws/userland/src/components/desktop/telepathy-logger/build/prototype/i386/usr/share/dbus-1/services'
test -z "/usr/share/glib-2.0/schemas" || /usr/gnu/bin/mkdir -p "/ws/userland/src/components/desktop/telepathy-logger/build/prototype/i386/usr/share/glib-2.0/schemas"
test -n "/ws/userland/src/components/desktop/telepathy-logger/build/prototype/i386" || glib-compile-schemas /usr/share/glib-2.0/schemas
make[3]: Leaving directory '/ws/userland/src/components/desktop/telepathy-logger/build/i86/data'
make[2]: Leaving directory '/ws/userland/src/components/desktop/telepathy-logger/build/i86/data'
Making install in src
make[2]: Entering directory '/ws/userland/src/components/desktop/telepathy-logger/build/i86/src'
/usr/gnu/bin/make  install-am
make[3]: Entering directory '/ws/userland/src/components/desktop/telepathy-logger/build/i86/src'
make[4]: Entering directory '/ws/userland/src/components/desktop/telepathy-logger/build/i86/src'
 /usr/gnu/bin/mkdir -p '/ws/userland/src/components/desktop/telepathy-logger/build/prototype/i386/usr/lib'
  /bin/bash ../libtool   --mode=install /usr/gnu/bin/install -c telepathy-logger '/ws/userland/src/components/desktop/telepathy-logger/build/prototype/i386/usr/lib'
libtool: install: warning: `../telepathy-logger/libtelepathy-logger.la' has not been installed in `/usr/lib'
libtool: install: /usr/gnu/bin/install -c .libs/telepathy-logger /ws/userland/src/components/desktop/telepathy-logger/build/prototype/i386/usr/lib/telepathy-logger
make[4]: Nothing to be done for 'install-data-am'.
make[4]: Leaving directory '/ws/userland/src/components/desktop/telepathy-logger/build/i86/src'
make[3]: Leaving directory '/ws/userland/src/components/desktop/telepathy-logger/build/i86/src'
make[2]: Leaving directory '/ws/userland/src/components/desktop/telepathy-logger/build/i86/src'
Making install in tests
make[2]: Entering directory '/ws/userland/src/components/desktop/telepathy-logger/build/i86/tests'
Making install in suppressions
make[3]: Entering directory '/ws/userland/src/components/desktop/telepathy-logger/build/i86/tests/suppressions'
make[4]: Entering directory '/ws/userland/src/components/desktop/telepathy-logger/build/i86/tests/suppressions'
make[4]: Nothing to be done for 'install-exec-am'.
make[4]: Nothing to be done for 'install-data-am'.
make[4]: Leaving directory '/ws/userland/src/components/desktop/telepathy-logger/build/i86/tests/suppressions'
make[3]: Leaving directory '/ws/userland/src/components/desktop/telepathy-logger/build/i86/tests/suppressions'
Making install in lib
make[3]: Entering directory '/ws/userland/src/components/desktop/telepathy-logger/build/i86/tests/lib'
make[4]: Entering directory '/ws/userland/src/components/desktop/telepathy-logger/build/i86/tests/lib'
make[4]: Nothing to be done for 'install-exec-am'.
make[4]: Nothing to be done for 'install-data-am'.
make[4]: Leaving directory '/ws/userland/src/components/desktop/telepathy-logger/build/i86/tests/lib'
make[3]: Leaving directory '/ws/userland/src/components/desktop/telepathy-logger/build/i86/tests/lib'
Making install in dbus
make[3]: Entering directory '/ws/userland/src/components/desktop/telepathy-logger/build/i86/tests/dbus'
/usr/gnu/bin/make  install-am
make[4]: Entering directory '/ws/userland/src/components/desktop/telepathy-logger/build/i86/tests/dbus'
make[5]: Entering directory '/ws/userland/src/components/desktop/telepathy-logger/build/i86/tests/dbus'
make[5]: Nothing to be done for 'install-exec-am'.
make[5]: Nothing to be done for 'install-data-am'.
make[5]: Leaving directory '/ws/userland/src/components/desktop/telepathy-logger/build/i86/tests/dbus'
make[4]: Leaving directory '/ws/userland/src/components/desktop/telepathy-logger/build/i86/tests/dbus'
make[3]: Leaving directory '/ws/userland/src/components/desktop/telepathy-logger/build/i86/tests/dbus'
make[3]: Entering directory '/ws/userland/src/components/desktop/telepathy-logger/build/i86/tests'
make[4]: Entering directory '/ws/userland/src/components/desktop/telepathy-logger/build/i86/tests'
make[4]: Nothing to be done for 'install-exec-am'.
make[4]: Nothing to be done for 'install-data-am'.
make[4]: Leaving directory '/ws/userland/src/components/desktop/telepathy-logger/build/i86/tests'
make[3]: Leaving directory '/ws/userland/src/components/desktop/telepathy-logger/build/i86/tests'
make[2]: Leaving directory '/ws/userland/src/components/desktop/telepathy-logger/build/i86/tests'
Making install in doc
make[2]: Entering directory '/ws/userland/src/components/desktop/telepathy-logger/build/i86/doc'
Making install in reference
make[3]: Entering directory '/ws/userland/src/components/desktop/telepathy-logger/build/i86/doc/reference'
Making install in libtelepathy-logger
make[4]: Entering directory '/ws/userland/src/components/desktop/telepathy-logger/build/i86/doc/reference/libtelepathy-logger'
make[5]: Entering directory '/ws/userland/src/components/desktop/telepathy-logger/build/i86/doc/reference/libtelepathy-logger'
make[5]: Nothing to be done for 'install-exec-am'.
 /usr/gnu/bin/install -c -m 644 ./html/TplCallEvent.html
 /usr/gnu/bin/install -c -m 644 ./html/TplEntity.html
 /usr/gnu/bin/install -c -m 644 ./html/TplEvent.html
 /usr/gnu/bin/install -c -m 644 ./html/TplLogManager.html
 /usr/gnu/bin/install -c -m 644 ./html/TplLogWalker.html
 /usr/gnu/bin/install -c -m 644 ./html/TplTextEvent.html
 /usr/gnu/bin/install -c -m 644 ./html/ch-public.html
 /usr/gnu/bin/install -c -m 644 ./html/home.png
 /usr/gnu/bin/install -c -m 644 ./html/index.html
 /usr/gnu/bin/install -c -m 644 ./html/index.sgml
 /usr/gnu/bin/install -c -m 644 ./html/left-insensitive.png
 /usr/gnu/bin/install -c -m 644 ./html/left.png
 /usr/gnu/bin/install -c -m 644 ./html/right-insensitive.png
 /usr/gnu/bin/install -c -m 644 ./html/right.png
 /usr/gnu/bin/install -c -m 644 ./html/style.css
 /usr/gnu/bin/install -c -m 644 ./html/telepathy-logger.devhelp2
 /usr/gnu/bin/install -c -m 644 ./html/up-insensitive.png
 /usr/gnu/bin/install -c -m 644 ./html/up.png
make[5]: Leaving directory '/ws/userland/src/components/desktop/telepathy-logger/build/i86/doc/reference/libtelepathy-logger'
make[4]: Leaving directory '/ws/userland/src/components/desktop/telepathy-logger/build/i86/doc/reference/libtelepathy-logger'
make[4]: Entering directory '/ws/userland/src/components/desktop/telepathy-logger/build/i86/doc/reference'
make[5]: Entering directory '/ws/userland/src/components/desktop/telepathy-logger/build/i86/doc/reference'
make[5]: Nothing to be done for 'install-exec-am'.
make[5]: Nothing to be done for 'install-data-am'.
make[5]: Leaving directory '/ws/userland/src/components/desktop/telepathy-logger/build/i86/doc/reference'
make[4]: Leaving directory '/ws/userland/src/components/desktop/telepathy-logger/build/i86/doc/reference'
make[3]: Leaving directory '/ws/userland/src/components/desktop/telepathy-logger/build/i86/doc/reference'
make[3]: Entering directory '/ws/userland/src/components/desktop/telepathy-logger/build/i86/doc'
make[4]: Entering directory '/ws/userland/src/components/desktop/telepathy-logger/build/i86/doc'
make[4]: Nothing to be done for 'install-exec-am'.
make[4]: Nothing to be done for 'install-data-am'.
make[4]: Leaving directory '/ws/userland/src/components/desktop/telepathy-logger/build/i86/doc'
make[3]: Leaving directory '/ws/userland/src/components/desktop/telepathy-logger/build/i86/doc'
make[2]: Leaving directory '/ws/userland/src/components/desktop/telepathy-logger/build/i86/doc'
Making install in po
make[2]: Entering directory '/ws/userland/src/components/desktop/telepathy-logger/build/i86/po'
linguas=""; \
for lang in $linguas; do \
  dir=/ws/userland/src/components/desktop/telepathy-logger/build/prototype/i386/usr/share/locale/$lang/LC_MESSAGES; \
  /bin/bash /ws/userland/src/components/desktop/telepathy-logger/build/i86/install-sh -d $dir; \
  if test -r $lang.gmo; then \
    /usr/gnu/bin/install -c -m 644 $lang.gmo $dir/@GETTEXT_PACKAGE@.mo; \
    echo "installing $lang.gmo as $dir/@GETTEXT_PACKAGE@.mo"; \
  else \
    /usr/gnu/bin/install -c -m 644 /ws/userland/src/components/desktop/telepathy-logger/telepathy-logger-0.8.2/po/$lang.gmo $dir/@GETTEXT_PACKAGE@.mo; \
    echo "installing /ws/userland/src/components/desktop/telepathy-logger/telepathy-logger-0.8.2/po/$lang.gmo as" \
	 "$dir/@GETTEXT_PACKAGE@.mo"; \
  fi; \
  if test -r $lang.gmo.m; then \
    /usr/gnu/bin/install -c -m 644 $lang.gmo.m $dir/@GETTEXT_PACKAGE@.mo.m; \
    echo "installing $lang.gmo.m as $dir/@GETTEXT_PACKAGE@.mo.m"; \
  else \
    if test -r /ws/userland/src/components/desktop/telepathy-logger/telepathy-logger-0.8.2/po/$lang.gmo.m ; then \
      /usr/gnu/bin/install -c -m 644 /ws/userland/src/components/desktop/telepathy-logger/telepathy-logger-0.8.2/po/$lang.gmo.m \
	$dir/@GETTEXT_PACKAGE@.mo.m; \
      echo "installing /ws/userland/src/components/desktop/telepathy-logger/telepathy-logger-0.8.2/po/$lang.gmo.m as" \
	   "$dir/@GETTEXT_PACKAGE@.mo.m"; \
    else \
      true; \
    fi; \
  fi; \
done
make[2]: Leaving directory '/ws/userland/src/components/desktop/telepathy-logger/build/i86/po'
make[2]: Entering directory '/ws/userland/src/components/desktop/telepathy-logger/build/i86'
make[3]: Entering directory '/ws/userland/src/components/desktop/telepathy-logger/build/i86'
make[3]: Nothing to be done for 'install-exec-am'.
make[3]: Nothing to be done for 'install-data-am'.
make[3]: Leaving directory '/ws/userland/src/components/desktop/telepathy-logger/build/i86'
make[2]: Leaving directory '/ws/userland/src/components/desktop/telepathy-logger/build/i86'
make[1]: Leaving directory '/ws/userland/src/components/desktop/telepathy-logger/build/i86'
/usr/bin/touch /ws/userland/src/components/desktop/telepathy-logger/build/i86/.installed
(cd /ws/userland/src/components/desktop/telepathy-logger/build/amd64 ; /usr/bin/env LD_OPTIONS="-M /usr/lib/ld/map.noexdata -M /usr/lib/ld/map.pagealign -Bdirect -zignore -zstrip-class=comment" LD_EXEC_OPTIONS=" -zsx=aslr=enable -zsx=nxstack=enable -zsx=nxheap=enable " LD_PIE_OPTIONS="-zsx=aslr=enable -zsx=nxstack=enable -zsx=nxheap=enable "  /usr/gnu/bin/make \
		 DESTDIR=/ws/userland/src/components/desktop/telepathy-logger/build/prototype/i386 install)
make[1]: Entering directory '/ws/userland/src/components/desktop/telepathy-logger/build/amd64'
Making install in tools
make[2]: Entering directory '/ws/userland/src/components/desktop/telepathy-logger/build/amd64/tools'
make[3]: Entering directory '/ws/userland/src/components/desktop/telepathy-logger/build/amd64/tools'
make[3]: Nothing to be done for 'install-exec-am'.
make[3]: Leaving directory '/ws/userland/src/components/desktop/telepathy-logger/build/amd64/tools'
make[2]: Leaving directory '/ws/userland/src/components/desktop/telepathy-logger/build/amd64/tools'
Making install in extensions
make[2]: Entering directory '/ws/userland/src/components/desktop/telepathy-logger/build/amd64/extensions'
/usr/gnu/bin/make  install-am
make[3]: Entering directory '/ws/userland/src/components/desktop/telepathy-logger/build/amd64/extensions'
make[4]: Entering directory '/ws/userland/src/components/desktop/telepathy-logger/build/amd64/extensions'
make[4]: Leaving directory '/ws/userland/src/components/desktop/telepathy-logger/build/amd64/extensions'
make[3]: Leaving directory '/ws/userland/src/components/desktop/telepathy-logger/build/amd64/extensions'
make[2]: Leaving directory '/ws/userland/src/components/desktop/telepathy-logger/build/amd64/extensions'
Making install in telepathy-logger
make[2]: Entering directory '/ws/userland/src/components/desktop/telepathy-logger/build/amd64/telepathy-logger'
/usr/gnu/bin/make  install-am
make[3]: Entering directory '/ws/userland/src/components/desktop/telepathy-logger/build/amd64/telepathy-logger'
make[4]: Entering directory '/ws/userland/src/components/desktop/telepathy-logger/build/amd64/telepathy-logger'
 /usr/gnu/bin/mkdir -p '/ws/userland/src/components/desktop/telepathy-logger/build/prototype/i386/usr/lib/amd64'
 /bin/bash ../libtool   --mode=install /usr/gnu/bin/install -c   libtelepathy-logger.la '/ws/userland/src/components/desktop/telepathy-logger/build/prototype/i386/usr/lib/amd64'
libtool: install: /usr/gnu/bin/install -c .libs/libtelepathy-logger.so.3.3.0 /ws/userland/src/components/desktop/telepathy-logger/build/prototype/i386/usr/lib/amd64/libtelepathy-logger.so.3.3.0
libtool: install: (cd /ws/userland/src/components/desktop/telepathy-logger/build/prototype/i386/usr/lib/amd64 && { ln -s -f libtelepathy-logger.so.3.3.0 libtelepathy-logger.so.3 || { rm -f libtelepathy-logger.so.3 && ln -s libtelepathy-logger.so.3.3.0 libtelepathy-logger.so.3; }; })
libtool: install: (cd /ws/userland/src/components/desktop/telepathy-logger/build/prototype/i386/usr/lib/amd64 && { ln -s -f libtelepathy-logger.so.3.3.0 libtelepathy-logger.so || { rm -f libtelepathy-logger.so && ln -s libtelepathy-logger.so.3.3.0 libtelepathy-logger.so; }; })
libtool: install: chmod +x /ws/userland/src/components/desktop/telepathy-logger/build/prototype/i386/usr/lib/amd64/libtelepathy-logger.so.3.3.0
libtool: install: /usr/gnu/bin/install -c .libs/libtelepathy-logger.lai /ws/userland/src/components/desktop/telepathy-logger/build/prototype/i386/usr/lib/amd64/libtelepathy-logger.la
libtool: install: warning: remember to run `libtool --finish /usr/lib/amd64'
 /usr/gnu/bin/mkdir -p '/ws/userland/src/components/desktop/telepathy-logger/build/prototype/i386/usr/include/telepathy-logger-0.2/telepathy-logger'
 /usr/gnu/bin/install -c -m 644 entity.h event.h log-manager.h log-walker.h telepathy-logger.h text-event.h call-event.h '/ws/userland/src/components/desktop/telepathy-logger/build/prototype/i386/usr/include/telepathy-logger-0.2/telepathy-logger'
 /usr/gnu/bin/mkdir -p '/ws/userland/src/components/desktop/telepathy-logger/build/prototype/i386/usr/share/gir-1.0'
 /usr/gnu/bin/install -c -m 644 TelepathyLogger-0.2.gir '/ws/userland/src/components/desktop/telepathy-logger/build/prototype/i386/usr/share/gir-1.0'
 /usr/gnu/bin/mkdir -p '/ws/userland/src/components/desktop/telepathy-logger/build/prototype/i386/usr/lib/amd64/pkgconfig'
 /usr/gnu/bin/install -c -m 644 telepathy-logger-0.2.pc '/ws/userland/src/components/desktop/telepathy-logger/build/prototype/i386/usr/lib/amd64/pkgconfig'
 /usr/gnu/bin/mkdir -p '/ws/userland/src/components/desktop/telepathy-logger/build/prototype/i386/usr/lib/amd64/girepository-1.0/'
 /usr/gnu/bin/install -c -m 644 TelepathyLogger-0.2.typelib '/ws/userland/src/components/desktop/telepathy-logger/build/prototype/i386/usr/lib/amd64/girepository-1.0/'
make[4]: Leaving directory '/ws/userland/src/components/desktop/telepathy-logger/build/amd64/telepathy-logger'
make[3]: Leaving directory '/ws/userland/src/components/desktop/telepathy-logger/build/amd64/telepathy-logger'
make[2]: Leaving directory '/ws/userland/src/components/desktop/telepathy-logger/build/amd64/telepathy-logger'
Making install in data
make[2]: Entering directory '/ws/userland/src/components/desktop/telepathy-logger/build/amd64/data'
make[3]: Entering directory '/ws/userland/src/components/desktop/telepathy-logger/build/amd64/data'
make[3]: Nothing to be done for 'install-exec-am'.
 /usr/gnu/bin/mkdir -p '/ws/userland/src/components/desktop/telepathy-logger/build/prototype/i386/usr/share/telepathy/clients'
 /usr/gnu/bin/install -c -m 644 Logger.client '/ws/userland/src/components/desktop/telepathy-logger/build/prototype/i386/usr/share/telepathy/clients'
 /usr/gnu/bin/mkdir -p '/ws/userland/src/components/desktop/telepathy-logger/build/prototype/i386/usr/share/dbus-1/services'
 /usr/gnu/bin/install -c -m 644 org.freedesktop.Telepathy.Client.Logger.service org.freedesktop.Telepathy.Logger.service '/ws/userland/src/components/desktop/telepathy-logger/build/prototype/i386/usr/share/dbus-1/services'
test -z "/usr/share/glib-2.0/schemas" || /usr/gnu/bin/mkdir -p "/ws/userland/src/components/desktop/telepathy-logger/build/prototype/i386/usr/share/glib-2.0/schemas"
test -n "/ws/userland/src/components/desktop/telepathy-logger/build/prototype/i386" || glib-compile-schemas /usr/share/glib-2.0/schemas
make[3]: Leaving directory '/ws/userland/src/components/desktop/telepathy-logger/build/amd64/data'
make[2]: Leaving directory '/ws/userland/src/components/desktop/telepathy-logger/build/amd64/data'
Making install in src
make[2]: Entering directory '/ws/userland/src/components/desktop/telepathy-logger/build/amd64/src'
/usr/gnu/bin/make  install-am
make[3]: Entering directory '/ws/userland/src/components/desktop/telepathy-logger/build/amd64/src'
make[4]: Entering directory '/ws/userland/src/components/desktop/telepathy-logger/build/amd64/src'
 /usr/gnu/bin/mkdir -p '/ws/userland/src/components/desktop/telepathy-logger/build/prototype/i386/usr/lib'
  /bin/bash ../libtool   --mode=install /usr/gnu/bin/install -c telepathy-logger '/ws/userland/src/components/desktop/telepathy-logger/build/prototype/i386/usr/lib'
libtool: install: warning: `../telepathy-logger/libtelepathy-logger.la' has not been installed in `/usr/lib/amd64'
libtool: install: /usr/gnu/bin/install -c .libs/telepathy-logger /ws/userland/src/components/desktop/telepathy-logger/build/prototype/i386/usr/lib/telepathy-logger
make[4]: Nothing to be done for 'install-data-am'.
make[4]: Leaving directory '/ws/userland/src/components/desktop/telepathy-logger/build/amd64/src'
make[3]: Leaving directory '/ws/userland/src/components/desktop/telepathy-logger/build/amd64/src'
make[2]: Leaving directory '/ws/userland/src/components/desktop/telepathy-logger/build/amd64/src'
Making install in tests
make[2]: Entering directory '/ws/userland/src/components/desktop/telepathy-logger/build/amd64/tests'
Making install in suppressions
make[3]: Entering directory '/ws/userland/src/components/desktop/telepathy-logger/build/amd64/tests/suppressions'
make[4]: Entering directory '/ws/userland/src/components/desktop/telepathy-logger/build/amd64/tests/suppressions'
make[4]: Nothing to be done for 'install-exec-am'.
make[4]: Nothing to be done for 'install-data-am'.
make[4]: Leaving directory '/ws/userland/src/components/desktop/telepathy-logger/build/amd64/tests/suppressions'
make[3]: Leaving directory '/ws/userland/src/components/desktop/telepathy-logger/build/amd64/tests/suppressions'
Making install in lib
make[3]: Entering directory '/ws/userland/src/components/desktop/telepathy-logger/build/amd64/tests/lib'
make[4]: Entering directory '/ws/userland/src/components/desktop/telepathy-logger/build/amd64/tests/lib'
make[4]: Nothing to be done for 'install-exec-am'.
make[4]: Nothing to be done for 'install-data-am'.
make[4]: Leaving directory '/ws/userland/src/components/desktop/telepathy-logger/build/amd64/tests/lib'
make[3]: Leaving directory '/ws/userland/src/components/desktop/telepathy-logger/build/amd64/tests/lib'
Making install in dbus
make[3]: Entering directory '/ws/userland/src/components/desktop/telepathy-logger/build/amd64/tests/dbus'
/usr/gnu/bin/make  install-am
make[4]: Entering directory '/ws/userland/src/components/desktop/telepathy-logger/build/amd64/tests/dbus'
make[5]: Entering directory '/ws/userland/src/components/desktop/telepathy-logger/build/amd64/tests/dbus'
make[5]: Nothing to be done for 'install-exec-am'.
make[5]: Nothing to be done for 'install-data-am'.
make[5]: Leaving directory '/ws/userland/src/components/desktop/telepathy-logger/build/amd64/tests/dbus'
make[4]: Leaving directory '/ws/userland/src/components/desktop/telepathy-logger/build/amd64/tests/dbus'
make[3]: Leaving directory '/ws/userland/src/components/desktop/telepathy-logger/build/amd64/tests/dbus'
make[3]: Entering directory '/ws/userland/src/components/desktop/telepathy-logger/build/amd64/tests'
make[4]: Entering directory '/ws/userland/src/components/desktop/telepathy-logger/build/amd64/tests'
make[4]: Nothing to be done for 'install-exec-am'.
make[4]: Nothing to be done for 'install-data-am'.
make[4]: Leaving directory '/ws/userland/src/components/desktop/telepathy-logger/build/amd64/tests'
make[3]: Leaving directory '/ws/userland/src/components/desktop/telepathy-logger/build/amd64/tests'
make[2]: Leaving directory '/ws/userland/src/components/desktop/telepathy-logger/build/amd64/tests'
Making install in doc
make[2]: Entering directory '/ws/userland/src/components/desktop/telepathy-logger/build/amd64/doc'
Making install in reference
make[3]: Entering directory '/ws/userland/src/components/desktop/telepathy-logger/build/amd64/doc/reference'
Making install in libtelepathy-logger
make[4]: Entering directory '/ws/userland/src/components/desktop/telepathy-logger/build/amd64/doc/reference/libtelepathy-logger'
make[5]: Entering directory '/ws/userland/src/components/desktop/telepathy-logger/build/amd64/doc/reference/libtelepathy-logger'
make[5]: Nothing to be done for 'install-exec-am'.
 /usr/gnu/bin/install -c -m 644 ./html/TplCallEvent.html
 /usr/gnu/bin/install -c -m 644 ./html/TplEntity.html
 /usr/gnu/bin/install -c -m 644 ./html/TplEvent.html
 /usr/gnu/bin/install -c -m 644 ./html/TplLogManager.html
 /usr/gnu/bin/install -c -m 644 ./html/TplLogWalker.html
 /usr/gnu/bin/install -c -m 644 ./html/TplTextEvent.html
 /usr/gnu/bin/install -c -m 644 ./html/ch-public.html
 /usr/gnu/bin/install -c -m 644 ./html/home.png
 /usr/gnu/bin/install -c -m 644 ./html/index.html
 /usr/gnu/bin/install -c -m 644 ./html/index.sgml
 /usr/gnu/bin/install -c -m 644 ./html/left-insensitive.png
 /usr/gnu/bin/install -c -m 644 ./html/left.png
 /usr/gnu/bin/install -c -m 644 ./html/right-insensitive.png
 /usr/gnu/bin/install -c -m 644 ./html/right.png
 /usr/gnu/bin/install -c -m 644 ./html/style.css
 /usr/gnu/bin/install -c -m 644 ./html/telepathy-logger.devhelp2
 /usr/gnu/bin/install -c -m 644 ./html/up-insensitive.png
 /usr/gnu/bin/install -c -m 644 ./html/up.png
make[5]: Leaving directory '/ws/userland/src/components/desktop/telepathy-logger/build/amd64/doc/reference/libtelepathy-logger'
make[4]: Leaving directory '/ws/userland/src/components/desktop/telepathy-logger/build/amd64/doc/reference/libtelepathy-logger'
make[4]: Entering directory '/ws/userland/src/components/desktop/telepathy-logger/build/amd64/doc/reference'
make[5]: Entering directory '/ws/userland/src/components/desktop/telepathy-logger/build/amd64/doc/reference'
make[5]: Nothing to be done for 'install-exec-am'.
make[5]: Nothing to be done for 'install-data-am'.
make[5]: Leaving directory '/ws/userland/src/components/desktop/telepathy-logger/build/amd64/doc/reference'
make[4]: Leaving directory '/ws/userland/src/components/desktop/telepathy-logger/build/amd64/doc/reference'
make[3]: Leaving directory '/ws/userland/src/components/desktop/telepathy-logger/build/amd64/doc/reference'
make[3]: Entering directory '/ws/userland/src/components/desktop/telepathy-logger/build/amd64/doc'
make[4]: Entering directory '/ws/userland/src/components/desktop/telepathy-logger/build/amd64/doc'
make[4]: Nothing to be done for 'install-exec-am'.
make[4]: Nothing to be done for 'install-data-am'.
make[4]: Leaving directory '/ws/userland/src/components/desktop/telepathy-logger/build/amd64/doc'
make[3]: Leaving directory '/ws/userland/src/components/desktop/telepathy-logger/build/amd64/doc'
make[2]: Leaving directory '/ws/userland/src/components/desktop/telepathy-logger/build/amd64/doc'
Making install in po
make[2]: Entering directory '/ws/userland/src/components/desktop/telepathy-logger/build/amd64/po'
linguas=""; \
for lang in $linguas; do \
  dir=/ws/userland/src/components/desktop/telepathy-logger/build/prototype/i386/usr/share/locale/$lang/LC_MESSAGES; \
  /bin/bash /ws/userland/src/components/desktop/telepathy-logger/build/amd64/install-sh -d $dir; \
  if test -r $lang.gmo; then \
    /usr/gnu/bin/install -c -m 644 $lang.gmo $dir/@GETTEXT_PACKAGE@.mo; \
    echo "installing $lang.gmo as $dir/@GETTEXT_PACKAGE@.mo"; \
  else \
    /usr/gnu/bin/install -c -m 644 /ws/userland/src/components/desktop/telepathy-logger/telepathy-logger-0.8.2/po/$lang.gmo $dir/@GETTEXT_PACKAGE@.mo; \
    echo "installing /ws/userland/src/components/desktop/telepathy-logger/telepathy-logger-0.8.2/po/$lang.gmo as" \
	 "$dir/@GETTEXT_PACKAGE@.mo"; \
  fi; \
  if test -r $lang.gmo.m; then \
    /usr/gnu/bin/install -c -m 644 $lang.gmo.m $dir/@GETTEXT_PACKAGE@.mo.m; \
    echo "installing $lang.gmo.m as $dir/@GETTEXT_PACKAGE@.mo.m"; \
  else \
    if test -r /ws/userland/src/components/desktop/telepathy-logger/telepathy-logger-0.8.2/po/$lang.gmo.m ; then \
      /usr/gnu/bin/install -c -m 644 /ws/userland/src/components/desktop/telepathy-logger/telepathy-logger-0.8.2/po/$lang.gmo.m \
	$dir/@GETTEXT_PACKAGE@.mo.m; \
      echo "installing /ws/userland/src/components/desktop/telepathy-logger/telepathy-logger-0.8.2/po/$lang.gmo.m as" \
	   "$dir/@GETTEXT_PACKAGE@.mo.m"; \
    else \
      true; \
    fi; \
  fi; \
done
make[2]: Leaving directory '/ws/userland/src/components/desktop/telepathy-logger/build/amd64/po'
make[2]: Entering directory '/ws/userland/src/components/desktop/telepathy-logger/build/amd64'
make[3]: Entering directory '/ws/userland/src/components/desktop/telepathy-logger/build/amd64'
make[3]: Nothing to be done for 'install-exec-am'.
make[3]: Nothing to be done for 'install-data-am'.
make[3]: Leaving directory '/ws/userland/src/components/desktop/telepathy-logger/build/amd64'
make[2]: Leaving directory '/ws/userland/src/components/desktop/telepathy-logger/build/amd64'
make[1]: Leaving directory '/ws/userland/src/components/desktop/telepathy-logger/build/amd64'
/usr/bin/touch /ws/userland/src/components/desktop/telepathy-logger/build/amd64/.installed
abort: there is no Mercurial repository here (.hg not found)
/usr/bin/pkgfmt -c -fv2 telepathy-logger.p5m
/usr/bin/pkgmogrify -D PERL_ARCH=i86pc-solaris-thread-multi-64 -D PERL_VERSION=5.22 -D IPS_COMPONENT_RE_VERSION=0\\.8\\.2 -D COMPONENT_RE_VERSION=0\\.8\\.2 -D PYTHON_2.7_ONLY=# -D PYTHON_3.4_ONLY=# -D PYTHON_3.5_ONLY=# -D SQ=\' -D DQ=\" -D Q=\" -I/ws/userland/src/components/desktop/telepathy-logger -D SOLARIS_11_3_ONLY="#" -D SOLARIS_11_5_ONLY="#" -D SOLARIS_11_3_4_ONLY="" -D SOLARIS_11_4_5_ONLY="" -D SOLARIS_11_4_ONLY="" -D ARC_CASE="" -D TPNO="25836" -D BUILD_VERSION="5.11-11.4.0.0.1.14.0" -D OS_RELEASE="5.11" -D SOLARIS_VERSION="2.11" -D PKG_SOLARIS_VERSION="11.4" -D CONSOLIDATION="userland" -D CONSOLIDATION_CHANGESET="" -D CONSOLIDATION_REPOSITORY_URL="https://github.com/oracle/solaris-userland.git" -D COMPONENT_VERSION="0.8.2" -D IPS_COMPONENT_VERSION="0.8.2" -D HUMAN_VERSION="" -D COMPONENT_ARCHIVE_URL="https://telepathy.freedesktop.org/releases/telepathy-logger/telepathy-logger-0.8.2.tar.bz2" -D COMPONENT_PROJECT_URL="https://telepathy.freedesktop.org" -D COMPONENT_NAME="telepathy-logger" -D HG_REPO="" -D HG_REV="" -D HG_URL="" -D GIT_COMMIT_ID="" -D GIT_REPO="" -D GIT_TAG="" -D MACH="i386" -D MACH32="i86" -D MACH64="amd64" -D PUBLISHER="nightly" -D PUBLISHER_LOCALIZABLE="userland-localizable" telepathy-logger.p5m \
	/ws/userland/src/transforms/license-changes /ws/userland/src/transforms/variant-cleanup /ws/userland/src/transforms/autopyc /ws/userland/src/transforms/defaults /ws/userland/src/transforms/actuators /ws/userland/src/transforms/depends /ws/userland/src/transforms/devel /ws/userland/src/transforms/docs /ws/userland/src/transforms/locale /ws/userland/src/transforms/standard-python-libraries /ws/userland/src/transforms/python-rename /ws/userland/src/transforms/python-3-groups /ws/userland/src/transforms/python-3-soabi /ws/userland/src/transforms/python-3-no-32bit /ws/userland/src/transforms/ruby-tests /ws/userland/src/transforms/puppet /ws/userland/src/transforms/libtool-drop /ws/userland/src/transforms/incorporate /ws/userland/src/transforms/publish-cleanup | \
	sed -e '/^$/d' -e '/^#.*$/d' | uniq >/ws/userland/src/components/desktop/telepathy-logger/build/manifest-i386-telepathy-logger.mogrified
/bin/mkdir -p /ws/userland/src/components/desktop/telepathy-logger/build/prototype/i386/mangled
/ws/userland/src/tools/userland-mangler -D /ws/userland/src/components/desktop/telepathy-logger/build/prototype/i386/mangled -d /ws/userland/src/components/desktop/telepathy-logger/build/prototype/i386/mangled -d /ws/userland/src/components/desktop/telepathy-logger/build/prototype/i386 -d /ws/userland/src/components/desktop/telepathy-logger/build -d /ws/userland/src/components/desktop/telepathy-logger -d telepathy-logger-0.8.2 -d /ws/userland/src/licenses -m /ws/userland/src/components/desktop/telepathy-logger/build/manifest-i386-telepathy-logger.mogrified >/ws/userland/src/components/desktop/telepathy-logger/build/manifest-i386-telepathy-logger.mangled
/usr/bin/env  /usr/bin/pkgdepend generate \
    -m -d /ws/userland/src/components/desktop/telepathy-logger/build/prototype/i386/mangled -d /ws/userland/src/components/desktop/telepathy-logger/build/prototype/i386 -d /ws/userland/src/components/desktop/telepathy-logger/build -d /ws/userland/src/components/desktop/telepathy-logger -d telepathy-logger-0.8.2 -d /ws/userland/src/licenses /ws/userland/src/components/desktop/telepathy-logger/build/manifest-i386-telepathy-logger.mangled >/ws/userland/src/components/desktop/telepathy-logger/build/manifest-i386-telepathy-logger.depend
/usr/bin/pkgdepend resolve -e /ws/userland/src/components/desktop/telepathy-logger/build/resolve.deps -m /ws/userland/src/components/desktop/telepathy-logger/build/manifest-i386-telepathy-logger.depend
/usr/bin/touch /ws/userland/src/components/desktop/telepathy-logger/build/.resolved-i386
VALIDATING MANIFEST CONTENT: /ws/userland/src/components/desktop/telepathy-logger/build/manifest-i386-telepathy-logger.depend.res
/usr/bin/env PYTHONPATH=/ws/userland/src/tools/python PROTO_PATH="/ws/userland/src/components/desktop/telepathy-logger/build/prototype/i386/mangled /ws/userland/src/components/desktop/telepathy-logger/build/prototype/i386 /ws/userland/src/components/desktop/telepathy-logger/build /ws/userland/src/components/desktop/telepathy-logger telepathy-logger-0.8.2 /ws/userland/src/licenses"\
	SOLARIS_VERSION=2.11\
	/bin/true -c /ws/userland/src/i386/pkglint-cache \
		-f /ws/userland/src/tools/pkglintrc /ws/userland/src/components/desktop/telepathy-logger/build/manifest-i386-telepathy-logger.depend.res
/usr/bin/touch /ws/userland/src/components/desktop/telepathy-logger/build/.linted-i386
/usr/bin/pkgsend -s file:/ws/userland/src/i386/repo publish --fmri-in-manifest --no-catalog -d /ws/userland/src/components/desktop/telepathy-logger/build/prototype/i386/mangled -d /ws/userland/src/components/desktop/telepathy-logger/build/prototype/i386 -d /ws/userland/src/components/desktop/telepathy-logger/build -d /ws/userland/src/components/desktop/telepathy-logger -d telepathy-logger-0.8.2 -d /ws/userland/src/licenses -T \*.py /ws/userland/src/components/desktop/telepathy-logger/build/manifest-i386-telepathy-logger.depend.res
pkg://nightly/library/telepathy-logger@0.8.2,5.11-11.4.0.0.1.14.0:20190727T230202Z
PUBLISHED
/usr/bin/pkgfmt </ws/userland/src/components/desktop/telepathy-logger/build/manifest-i386-telepathy-logger.depend.res >/ws/userland/src/components/desktop/telepathy-logger/build/manifest-i386-telepathy-logger.published
/usr/bin/touch /ws/userland/src/components/desktop/telepathy-logger/build/.published-i386
gmake: Leaving directory '/ws/userland/src/components/desktop/telepathy-logger'

real     1:54.9
user       40.3
sys        29.8
