gmake: Entering directory '/ws/userland/src/components/desktop/libjpeg'
/bin/rm -f -r /ws/userland/src/components/desktop/libjpeg/jpeg-6b2
/usr/bin/env RUBY_VERSION=2.1 /ws/userland/src/tools/userland-unpack  jpegsrc.v6b2.tar.gz
/usr/bin/touch /ws/userland/src/components/desktop/libjpeg/jpeg-6b2/.unpacked
/usr/bin/touch /ws/userland/src/components/desktop/libjpeg/jpeg-6b2/.prep
(/bin/rm -f -rf /ws/userland/src/components/desktop/libjpeg/build/i86 ; /bin/mkdir -p /ws/userland/src/components/desktop/libjpeg/build/i86)
(cd /ws/userland/src/components/desktop/libjpeg/build/i86 ; /usr/bin/env CONFIG_SHELL="/bin/bash" PKG_CONFIG_PATH="/usr/lib/pkgconfig" CC="/usr/gcc/7/bin/gcc" CXX="/usr/gcc/7/bin/g++"  CC_FOR_BUILD="/usr/gcc/7/bin/gcc -m32" CXX_FOR_BUILD="/usr/gcc/7/bin/g++ -m32" CPPFLAGS="-m32" "ac_cv_func_realloc_0_nonnull=yes" "NM=/usr/gnu/bin/nm" INTLTOOL_PERL="/usr/perl5/5.22/bin/perl" CFLAGS="-m32 -O3 -mincoming-stack-boundary=2" CXXFLAGS="-m32 -O3 -mincoming-stack-boundary=2" LDFLAGS="-m32" INSTALL="/usr/bin/ginstall -D" /bin/bash \
	/ws/userland/src/components/desktop/libjpeg/jpeg-6b2/configure --prefix=/usr --mandir=/usr/share/man --bindir=/usr/bin/i86 --sbindir=/usr/sbin/i86 --libdir=/usr/lib    --enable-shared)
checking build system type... i386-pc-solaris2.11
checking host system type... i386-pc-solaris2.11
checking target system type... i386-pc-solaris2.11
checking for a BSD-compatible install... /usr/bin/ginstall -D
checking whether build environment is sane... yes
checking for a thread-safe mkdir -p... /usr/bin/gmkdir -p
checking for gawk... gawk
checking whether make sets $(MAKE)... yes
checking for style of include used by make... GNU
checking for gcc... /usr/gcc/7/bin/gcc
checking whether the C compiler works... yes
checking for C compiler default output file name... a.out
checking for suffix of executables... 
checking whether we are cross compiling... no
checking for suffix of object files... o
checking whether we are using the GNU C compiler... yes
checking whether /usr/gcc/7/bin/gcc accepts -g... yes
checking for /usr/gcc/7/bin/gcc option to accept ISO C89... none needed
checking dependency style of /usr/gcc/7/bin/gcc... gcc3
checking for function prototypes... yes
checking how to run the C preprocessor... /usr/gcc/7/bin/gcc -E
checking for grep that handles long lines and -e... /usr/bin/ggrep
checking for egrep... /usr/bin/ggrep -E
checking for ANSI C header files... yes
checking for sys/types.h... yes
checking for sys/stat.h... yes
checking for stdlib.h... yes
checking for string.h... yes
checking for memory.h... yes
checking for strings.h... yes
checking for inttypes.h... yes
checking for stdint.h... yes
checking for unistd.h... yes
checking for string.h... (cached) yes
checking whether to enable maintainer-specific portions of Makefiles... no
checking for gcc... (cached) /usr/gcc/7/bin/gcc
checking whether we are using the GNU C compiler... (cached) yes
checking whether /usr/gcc/7/bin/gcc accepts -g... (cached) yes
checking for /usr/gcc/7/bin/gcc option to accept ISO C89... (cached) none needed
checking dependency style of /usr/gcc/7/bin/gcc... (cached) gcc3
checking for /usr/gcc/7/bin/gcc option to accept ISO C99... none needed
checking for /usr/gcc/7/bin/gcc option to accept ISO Standard C... (cached) none needed
checking how to run the C preprocessor... /usr/gcc/7/bin/gcc -E
checking whether make sets $(MAKE)... (cached) yes
checking whether ln -s works... yes
checking if LD -Wl,--version-script works... no
checking for function prototypes... yes
checking stddef.h usability... yes
checking stddef.h presence... yes
checking for stddef.h... yes
checking for stdlib.h... (cached) yes
checking locale.h usability... yes
checking locale.h presence... yes
checking for locale.h... yes
checking for string.h... (cached) yes
checking for size_t... yes
checking for type unsigned char... yes
checking for type unsigned short... yes
checking for type void... yes
checking for an ANSI C-conforming const... yes
checking for inline... __inline__
checking for broken incomplete types... ok
checking for short external names... ok
checking to see if char is signed... yes
checking to see if right shift is signed... yes
checking to see if fopen accepts b spec... yes
checking for a sed that does not truncate output... /usr/bin/gsed
checking for fgrep... /usr/bin/ggrep -F
checking for ld used by /usr/gcc/7/bin/gcc... /usr/bin/ld
checking if the linker (/usr/bin/ld) is GNU ld... no
checking for BSD- or MS-compatible name lister (nm)... /usr/gnu/bin/nm
checking the name lister (/usr/gnu/bin/nm) interface... BSD nm
checking the maximum length of command line arguments... 1572480
checking whether the shell understands some XSI constructs... yes
checking whether the shell understands "+="... yes
checking for /usr/bin/ld option to reload object files... -r
checking for objdump... objdump
checking how to recognize dependent libraries... pass_all
checking for ar... ar
checking for strip... strip
checking for ranlib... ranlib
checking command to parse /usr/gnu/bin/nm output from /usr/gcc/7/bin/gcc object... ok
checking for dlfcn.h... yes
checking for objdir... .libs
checking if /usr/gcc/7/bin/gcc supports -fno-rtti -fno-exceptions... no
checking for /usr/gcc/7/bin/gcc option to produce PIC... -fPIC -DPIC
checking if /usr/gcc/7/bin/gcc PIC flag -fPIC -DPIC works... yes
checking if /usr/gcc/7/bin/gcc static flag -static works... no
checking if /usr/gcc/7/bin/gcc supports -c -o file.o... yes
checking if /usr/gcc/7/bin/gcc supports -c -o file.o... (cached) yes
checking whether the /usr/gcc/7/bin/gcc linker (/usr/bin/ld) supports shared libraries... yes
checking whether -lc should be explicitly linked in... no
checking dynamic linker characteristics... solaris2.11 ld.so
checking how to hardcode library paths into programs... immediate
checking whether stripping libraries is possible... no
checking if libtool supports shared libraries... yes
checking whether to build shared libraries... yes
checking whether to build static libraries... yes
checking libjpeg version number... 62
configure: creating ./config.status
config.status: creating Makefile
config.status: creating jconfig.h
config.status: executing depfiles commands
config.status: executing libtool commands
/usr/gnu/bin/sed -i -e 's/hardcode_into_libs=yes/hardcode_into_libs=no/' /ws/userland/src/components/desktop/libjpeg/build/i86/libtool; /usr/gnu/bin/sed -i -e 's/hardcode_libdir_flag_spec=.*/hardcode_libdir_flag_spec=""/' /ws/userland/src/components/desktop/libjpeg/build/i86/libtool;
/usr/bin/touch /ws/userland/src/components/desktop/libjpeg/build/i86/.configured
(cd /ws/userland/src/components/desktop/libjpeg/build/i86 ; /usr/bin/env LD_OPTIONS="-M /usr/lib/ld/map.noexdata -M /usr/lib/ld/map.pagealign -Bdirect -zignore -zstrip-class=comment" LD_EXEC_OPTIONS=" -zsx=aslr=enable -zsx=nxstack=enable -zsx=nxheap=enable " LD_PIE_OPTIONS="-zsx=aslr=enable -zsx=nxstack=enable -zsx=nxheap=enable "  PKG_CONFIG_PATH="/usr/lib/pkgconfig" "ac_cv_func_realloc_0_nonnull=yes" INTLTOOL_PERL="/usr/perl5/5.22/bin/perl" \
	/usr/gnu/bin/make  )
make[1]: Entering directory '/ws/userland/src/components/desktop/libjpeg/build/i86'
/usr/gnu/bin/make  all-am
make[2]: Entering directory '/ws/userland/src/components/desktop/libjpeg/build/i86'
  CC     jcapimin.lo
  CC     jcapistd.lo
  CC     jccoefct.lo
  CC     jccolor.lo
  CC     jcdctmgr.lo
  CC     jchuff.lo
  CC     jcinit.lo
  CC     jcmainct.lo
  CC     jcmarker.lo
  CC     jcmaster.lo
  CC     jcomapi.lo
  CC     jcparam.lo
  CC     jcphuff.lo
  CC     jcprepct.lo
  CC     jcsample.lo
  CC     jctrans.lo
  CC     jdapimin.lo
  CC     jdapistd.lo
  CC     jdatadst.lo
  CC     jdatasrc.lo
  CC     jdcoefct.lo
  CC     jdcolor.lo
  CC     jddctmgr.lo
  CC     jdhuff.lo
  CC     jdinput.lo
  CC     jdmainct.lo
  CC     jdmarker.lo
  CC     jdmaster.lo
  CC     jdmerge.lo
  CC     jdphuff.lo
  CC     jdpostct.lo
  CC     jdsample.lo
  CC     jdtrans.lo
  CC     jerror.lo
  CC     jfdctflt.lo
  CC     jfdctfst.lo
  CC     jfdctint.lo
  CC     jidctflt.lo
  CC     jidctfst.lo
  CC     jidctint.lo
  CC     jidctred.lo
  CC     jquant1.lo
  CC     jquant2.lo
  CC     jutils.lo
  CC     jmemmgr.lo
  CC     jmemnobs.lo
  CCLD   libjpeg.la
  CC     cjpeg.o
  CC     rdppm.o
  CC     rdgif.o
  CC     rdtarga.o
  CC     rdrle.o
  CC     rdbmp.o
  CC     rdswitch.o
  CC     cdjpeg.o
  CCLD   cjpeg
  CC     djpeg.o
  CC     wrppm.o
  CC     wrgif.o
  CC     wrtarga.o
  CC     wrrle.o
  CC     wrbmp.o
  CC     rdcolmap.o
  CCLD   djpeg
  CC     jpegtran.o
  CC     transupp.o
  CCLD   jpegtran
  CC     rdjpgcom.o
  CCLD   rdjpgcom
  CC     wrjpgcom.o
  CCLD   wrjpgcom
make[2]: Leaving directory '/ws/userland/src/components/desktop/libjpeg/build/i86'
make[1]: Leaving directory '/ws/userland/src/components/desktop/libjpeg/build/i86'
/usr/bin/touch /ws/userland/src/components/desktop/libjpeg/build/i86/.built
(/bin/rm -f -rf /ws/userland/src/components/desktop/libjpeg/build/amd64 ; /bin/mkdir -p /ws/userland/src/components/desktop/libjpeg/build/amd64)
(cd /ws/userland/src/components/desktop/libjpeg/build/amd64 ; /usr/bin/env CONFIG_SHELL="/bin/bash" PKG_CONFIG_PATH="/usr/lib/amd64/pkgconfig" CC="/usr/gcc/7/bin/gcc" CXX="/usr/gcc/7/bin/g++" PATH="/usr/bin/amd64:/usr/bin:/usr/gnu/bin" CC_FOR_BUILD="/usr/gcc/7/bin/gcc -m64" CXX_FOR_BUILD="/usr/gcc/7/bin/g++ -m64" CPPFLAGS="-m64" "ac_cv_func_realloc_0_nonnull=yes" "NM=/usr/gnu/bin/nm" INTLTOOL_PERL="/usr/perl5/5.22/bin/perl" CFLAGS="-m64 -O3" CXXFLAGS="-m64 -O3" LDFLAGS="-m64" INSTALL="/usr/bin/ginstall -D" /bin/bash \
	/ws/userland/src/components/desktop/libjpeg/jpeg-6b2/configure --prefix=/usr --mandir=/usr/share/man --bindir=/usr/bin --sbindir=/usr/sbin --libdir=/usr/lib/amd64    --enable-shared)
checking build system type... x86_64-pc-solaris2.11
checking host system type... x86_64-pc-solaris2.11
checking target system type... x86_64-pc-solaris2.11
checking for a BSD-compatible install... /usr/bin/ginstall -D
checking whether build environment is sane... yes
checking for a thread-safe mkdir -p... /usr/bin/gmkdir -p
checking for gawk... gawk
checking whether make sets $(MAKE)... yes
checking for style of include used by make... GNU
checking for gcc... /usr/gcc/7/bin/gcc
checking whether the C compiler works... yes
checking for C compiler default output file name... a.out
checking for suffix of executables... 
checking whether we are cross compiling... no
checking for suffix of object files... o
checking whether we are using the GNU C compiler... yes
checking whether /usr/gcc/7/bin/gcc accepts -g... yes
checking for /usr/gcc/7/bin/gcc option to accept ISO C89... none needed
checking dependency style of /usr/gcc/7/bin/gcc... gcc3
checking for function prototypes... yes
checking how to run the C preprocessor... /usr/gcc/7/bin/gcc -E
checking for grep that handles long lines and -e... /usr/bin/ggrep
checking for egrep... /usr/bin/ggrep -E
checking for ANSI C header files... yes
checking for sys/types.h... yes
checking for sys/stat.h... yes
checking for stdlib.h... yes
checking for string.h... yes
checking for memory.h... yes
checking for strings.h... yes
checking for inttypes.h... yes
checking for stdint.h... yes
checking for unistd.h... yes
checking for string.h... (cached) yes
checking whether to enable maintainer-specific portions of Makefiles... no
checking for gcc... (cached) /usr/gcc/7/bin/gcc
checking whether we are using the GNU C compiler... (cached) yes
checking whether /usr/gcc/7/bin/gcc accepts -g... (cached) yes
checking for /usr/gcc/7/bin/gcc option to accept ISO C89... (cached) none needed
checking dependency style of /usr/gcc/7/bin/gcc... (cached) gcc3
checking for /usr/gcc/7/bin/gcc option to accept ISO C99... none needed
checking for /usr/gcc/7/bin/gcc option to accept ISO Standard C... (cached) none needed
checking how to run the C preprocessor... /usr/gcc/7/bin/gcc -E
checking whether make sets $(MAKE)... (cached) yes
checking whether ln -s works... yes
checking if LD -Wl,--version-script works... no
checking for function prototypes... yes
checking stddef.h usability... yes
checking stddef.h presence... yes
checking for stddef.h... yes
checking for stdlib.h... (cached) yes
checking locale.h usability... yes
checking locale.h presence... yes
checking for locale.h... yes
checking for string.h... (cached) yes
checking for size_t... yes
checking for type unsigned char... yes
checking for type unsigned short... yes
checking for type void... yes
checking for an ANSI C-conforming const... yes
checking for inline... __inline__
checking for broken incomplete types... ok
checking for short external names... ok
checking to see if char is signed... yes
checking to see if right shift is signed... yes
checking to see if fopen accepts b spec... yes
checking for a sed that does not truncate output... /usr/bin/gsed
checking for fgrep... /usr/bin/ggrep -F
checking for ld used by /usr/gcc/7/bin/gcc... /usr/bin/ld
checking if the linker (/usr/bin/ld) is GNU ld... no
checking for BSD- or MS-compatible name lister (nm)... /usr/gnu/bin/nm
checking the name lister (/usr/gnu/bin/nm) interface... BSD nm
checking the maximum length of command line arguments... 1572480
checking whether the shell understands some XSI constructs... yes
checking whether the shell understands "+="... yes
checking for /usr/bin/ld option to reload object files... -r
checking for objdump... objdump
checking how to recognize dependent libraries... pass_all
checking for ar... ar
checking for strip... strip
checking for ranlib... ranlib
checking command to parse /usr/gnu/bin/nm output from /usr/gcc/7/bin/gcc object... ok
checking for dlfcn.h... yes
checking for objdir... .libs
checking if /usr/gcc/7/bin/gcc supports -fno-rtti -fno-exceptions... no
checking for /usr/gcc/7/bin/gcc option to produce PIC... -fPIC -DPIC
checking if /usr/gcc/7/bin/gcc PIC flag -fPIC -DPIC works... yes
checking if /usr/gcc/7/bin/gcc static flag -static works... no
checking if /usr/gcc/7/bin/gcc supports -c -o file.o... yes
checking if /usr/gcc/7/bin/gcc supports -c -o file.o... (cached) yes
checking whether the /usr/gcc/7/bin/gcc linker (/usr/bin/ld) supports shared libraries... yes
checking whether -lc should be explicitly linked in... no
checking dynamic linker characteristics... solaris2.11 ld.so
checking how to hardcode library paths into programs... immediate
checking whether stripping libraries is possible... no
checking if libtool supports shared libraries... yes
checking whether to build shared libraries... yes
checking whether to build static libraries... yes
checking libjpeg version number... 62
configure: creating ./config.status
config.status: creating Makefile
config.status: creating jconfig.h
config.status: executing depfiles commands
config.status: executing libtool commands
/usr/gnu/bin/sed -i -e 's/hardcode_into_libs=yes/hardcode_into_libs=no/' /ws/userland/src/components/desktop/libjpeg/build/amd64/libtool; /usr/gnu/bin/sed -i -e 's/hardcode_libdir_flag_spec=.*/hardcode_libdir_flag_spec=""/' /ws/userland/src/components/desktop/libjpeg/build/amd64/libtool;
/usr/bin/touch /ws/userland/src/components/desktop/libjpeg/build/amd64/.configured
(cd /ws/userland/src/components/desktop/libjpeg/build/amd64 ; /usr/bin/env LD_OPTIONS="-M /usr/lib/ld/map.noexdata -M /usr/lib/ld/map.pagealign -Bdirect -zignore -zstrip-class=comment" LD_EXEC_OPTIONS=" -zsx=aslr=enable -zsx=nxstack=enable -zsx=nxheap=enable " LD_PIE_OPTIONS="-zsx=aslr=enable -zsx=nxstack=enable -zsx=nxheap=enable "  PKG_CONFIG_PATH="/usr/lib/amd64/pkgconfig" "ac_cv_func_realloc_0_nonnull=yes" INTLTOOL_PERL="/usr/perl5/5.22/bin/perl" \
	/usr/gnu/bin/make  )
make[1]: Entering directory '/ws/userland/src/components/desktop/libjpeg/build/amd64'
/usr/gnu/bin/make  all-am
make[2]: Entering directory '/ws/userland/src/components/desktop/libjpeg/build/amd64'
  CC     jcapimin.lo
  CC     jcapistd.lo
  CC     jccoefct.lo
  CC     jccolor.lo
  CC     jcdctmgr.lo
  CC     jchuff.lo
  CC     jcinit.lo
  CC     jcmainct.lo
  CC     jcmarker.lo
  CC     jcmaster.lo
  CC     jcomapi.lo
  CC     jcparam.lo
  CC     jcphuff.lo
  CC     jcprepct.lo
  CC     jcsample.lo
  CC     jctrans.lo
  CC     jdapimin.lo
  CC     jdapistd.lo
  CC     jdatadst.lo
  CC     jdatasrc.lo
  CC     jdcoefct.lo
  CC     jdcolor.lo
  CC     jddctmgr.lo
  CC     jdhuff.lo
  CC     jdinput.lo
  CC     jdmainct.lo
  CC     jdmarker.lo
  CC     jdmaster.lo
  CC     jdmerge.lo
  CC     jdphuff.lo
  CC     jdpostct.lo
  CC     jdsample.lo
  CC     jdtrans.lo
  CC     jerror.lo
  CC     jfdctflt.lo
  CC     jfdctfst.lo
  CC     jfdctint.lo
  CC     jidctflt.lo
  CC     jidctfst.lo
  CC     jidctint.lo
  CC     jidctred.lo
  CC     jquant1.lo
  CC     jquant2.lo
  CC     jutils.lo
  CC     jmemmgr.lo
  CC     jmemnobs.lo
  CCLD   libjpeg.la
  CC     cjpeg.o
  CC     rdppm.o
  CC     rdgif.o
  CC     rdtarga.o
  CC     rdrle.o
  CC     rdbmp.o
  CC     rdswitch.o
  CC     cdjpeg.o
  CCLD   cjpeg
  CC     djpeg.o
  CC     wrppm.o
  CC     wrgif.o
  CC     wrtarga.o
  CC     wrrle.o
  CC     wrbmp.o
  CC     rdcolmap.o
  CCLD   djpeg
  CC     jpegtran.o
  CC     transupp.o
  CCLD   jpegtran
  CC     rdjpgcom.o
  CCLD   rdjpgcom
  CC     wrjpgcom.o
  CCLD   wrjpgcom
make[2]: Leaving directory '/ws/userland/src/components/desktop/libjpeg/build/amd64'
make[1]: Leaving directory '/ws/userland/src/components/desktop/libjpeg/build/amd64'
/usr/bin/touch /ws/userland/src/components/desktop/libjpeg/build/amd64/.built
(cd /ws/userland/src/components/desktop/libjpeg/build/i86 ; /usr/bin/env LD_OPTIONS="-M /usr/lib/ld/map.noexdata -M /usr/lib/ld/map.pagealign -Bdirect -zignore -zstrip-class=comment" LD_EXEC_OPTIONS=" -zsx=aslr=enable -zsx=nxstack=enable -zsx=nxheap=enable " LD_PIE_OPTIONS="-zsx=aslr=enable -zsx=nxstack=enable -zsx=nxheap=enable "  /usr/gnu/bin/make \
		 DESTDIR=/ws/userland/src/components/desktop/libjpeg/build/prototype/i386 install)
make[1]: Entering directory '/ws/userland/src/components/desktop/libjpeg/build/i86'
make[2]: Entering directory '/ws/userland/src/components/desktop/libjpeg/build/i86'
test -z "/usr/lib" || /usr/bin/gmkdir -p "/ws/userland/src/components/desktop/libjpeg/build/prototype/i386/usr/lib"
 /bin/bash ./libtool   --mode=install /usr/bin/ginstall -D   libjpeg.la '/ws/userland/src/components/desktop/libjpeg/build/prototype/i386/usr/lib'
libtool: install: /usr/bin/ginstall -D .libs/libjpeg.so.62.0.0 /ws/userland/src/components/desktop/libjpeg/build/prototype/i386/usr/lib/libjpeg.so.62.0.0
libtool: install: (cd /ws/userland/src/components/desktop/libjpeg/build/prototype/i386/usr/lib && { ln -s -f libjpeg.so.62.0.0 libjpeg.so.62 || { rm -f libjpeg.so.62 && ln -s libjpeg.so.62.0.0 libjpeg.so.62; }; })
libtool: install: (cd /ws/userland/src/components/desktop/libjpeg/build/prototype/i386/usr/lib && { ln -s -f libjpeg.so.62.0.0 libjpeg.so || { rm -f libjpeg.so && ln -s libjpeg.so.62.0.0 libjpeg.so; }; })
libtool: install: chmod +x /ws/userland/src/components/desktop/libjpeg/build/prototype/i386/usr/lib/libjpeg.so.62.0.0
libtool: install: /usr/bin/ginstall -D .libs/libjpeg.lai /ws/userland/src/components/desktop/libjpeg/build/prototype/i386/usr/lib/libjpeg.la
libtool: install: /usr/bin/ginstall -D .libs/libjpeg.a /ws/userland/src/components/desktop/libjpeg/build/prototype/i386/usr/lib/libjpeg.a
libtool: install: chmod 644 /ws/userland/src/components/desktop/libjpeg/build/prototype/i386/usr/lib/libjpeg.a
libtool: install: ranlib /ws/userland/src/components/desktop/libjpeg/build/prototype/i386/usr/lib/libjpeg.a
libtool: install: warning: remember to run `libtool --finish /usr/lib'
test -z "/usr/bin/i86" || /usr/bin/gmkdir -p "/ws/userland/src/components/desktop/libjpeg/build/prototype/i386/usr/bin/i86"
  /bin/bash ./libtool   --mode=install /usr/bin/ginstall -D cjpeg djpeg jpegtran rdjpgcom wrjpgcom '/ws/userland/src/components/desktop/libjpeg/build/prototype/i386/usr/bin/i86'
libtool: install: warning: `libjpeg.la' has not been installed in `/usr/lib'
libtool: install: /usr/bin/ginstall -D .libs/cjpeg /ws/userland/src/components/desktop/libjpeg/build/prototype/i386/usr/bin/i86/cjpeg
libtool: install: warning: `libjpeg.la' has not been installed in `/usr/lib'
libtool: install: /usr/bin/ginstall -D .libs/djpeg /ws/userland/src/components/desktop/libjpeg/build/prototype/i386/usr/bin/i86/djpeg
libtool: install: warning: `libjpeg.la' has not been installed in `/usr/lib'
libtool: install: /usr/bin/ginstall -D .libs/jpegtran /ws/userland/src/components/desktop/libjpeg/build/prototype/i386/usr/bin/i86/jpegtran
libtool: install: /usr/bin/ginstall -D rdjpgcom /ws/userland/src/components/desktop/libjpeg/build/prototype/i386/usr/bin/i86/rdjpgcom
libtool: install: /usr/bin/ginstall -D wrjpgcom /ws/userland/src/components/desktop/libjpeg/build/prototype/i386/usr/bin/i86/wrjpgcom
/bin/bash /ws/userland/src/components/desktop/libjpeg/jpeg-6b2/install-sh -d /ws/userland/src/components/desktop/libjpeg/build/prototype/i386/usr/include
/usr/bin/ginstall -D -m 644 jconfig.h /ws/userland/src/components/desktop/libjpeg/build/prototype/i386/usr/include/jconfig.h
test -z "/usr/include" || /usr/bin/gmkdir -p "/ws/userland/src/components/desktop/libjpeg/build/prototype/i386/usr/include"
 /usr/bin/ginstall -D -m 644 /ws/userland/src/components/desktop/libjpeg/jpeg-6b2/jerror.h /ws/userland/src/components/desktop/libjpeg/jpeg-6b2/jmorecfg.h /ws/userland/src/components/desktop/libjpeg/jpeg-6b2/jpeglib.h '/ws/userland/src/components/desktop/libjpeg/build/prototype/i386/usr/include'
test -z "/usr/share/man/man1" || /usr/bin/gmkdir -p "/ws/userland/src/components/desktop/libjpeg/build/prototype/i386/usr/share/man/man1"
 /usr/bin/ginstall -D -m 644 /ws/userland/src/components/desktop/libjpeg/jpeg-6b2/cjpeg.1 /ws/userland/src/components/desktop/libjpeg/jpeg-6b2/djpeg.1 /ws/userland/src/components/desktop/libjpeg/jpeg-6b2/jpegtran.1 /ws/userland/src/components/desktop/libjpeg/jpeg-6b2/rdjpgcom.1 /ws/userland/src/components/desktop/libjpeg/jpeg-6b2/wrjpgcom.1 '/ws/userland/src/components/desktop/libjpeg/build/prototype/i386/usr/share/man/man1'
make[2]: Leaving directory '/ws/userland/src/components/desktop/libjpeg/build/i86'
make[1]: Leaving directory '/ws/userland/src/components/desktop/libjpeg/build/i86'
/bin/mkdir -p /ws/userland/src/components/desktop/libjpeg/build/prototype/i386/usr/lib/amd64/pkgconfig/ /ws/userland/src/components/desktop/libjpeg/build/prototype/i386/usr/lib/pkgconfig/ ; sed -e 's/PROJECT_VERSION/6b2/' < /ws/userland/src/components/desktop/libjpeg/files/libjpeg.pc | /usr/bin/tee /ws/userland/src/components/desktop/libjpeg/build/prototype/i386/usr/lib/amd64/pkgconfig/libjpeg.pc > /ws/userland/src/components/desktop/libjpeg/build/prototype/i386/usr/lib/pkgconfig/libjpeg.pc ;
/usr/bin/touch /ws/userland/src/components/desktop/libjpeg/build/i86/.installed
(cd /ws/userland/src/components/desktop/libjpeg/build/amd64 ; /usr/bin/env LD_OPTIONS="-M /usr/lib/ld/map.noexdata -M /usr/lib/ld/map.pagealign -Bdirect -zignore -zstrip-class=comment" LD_EXEC_OPTIONS=" -zsx=aslr=enable -zsx=nxstack=enable -zsx=nxheap=enable " LD_PIE_OPTIONS="-zsx=aslr=enable -zsx=nxstack=enable -zsx=nxheap=enable "  /usr/gnu/bin/make \
		 DESTDIR=/ws/userland/src/components/desktop/libjpeg/build/prototype/i386 install)
make[1]: Entering directory '/ws/userland/src/components/desktop/libjpeg/build/amd64'
make[2]: Entering directory '/ws/userland/src/components/desktop/libjpeg/build/amd64'
test -z "/usr/lib/amd64" || /usr/bin/gmkdir -p "/ws/userland/src/components/desktop/libjpeg/build/prototype/i386/usr/lib/amd64"
 /bin/bash ./libtool   --mode=install /usr/bin/ginstall -D   libjpeg.la '/ws/userland/src/components/desktop/libjpeg/build/prototype/i386/usr/lib/amd64'
libtool: install: /usr/bin/ginstall -D .libs/libjpeg.so.62.0.0 /ws/userland/src/components/desktop/libjpeg/build/prototype/i386/usr/lib/amd64/libjpeg.so.62.0.0
libtool: install: (cd /ws/userland/src/components/desktop/libjpeg/build/prototype/i386/usr/lib/amd64 && { ln -s -f libjpeg.so.62.0.0 libjpeg.so.62 || { rm -f libjpeg.so.62 && ln -s libjpeg.so.62.0.0 libjpeg.so.62; }; })
libtool: install: (cd /ws/userland/src/components/desktop/libjpeg/build/prototype/i386/usr/lib/amd64 && { ln -s -f libjpeg.so.62.0.0 libjpeg.so || { rm -f libjpeg.so && ln -s libjpeg.so.62.0.0 libjpeg.so; }; })
libtool: install: chmod +x /ws/userland/src/components/desktop/libjpeg/build/prototype/i386/usr/lib/amd64/libjpeg.so.62.0.0
libtool: install: /usr/bin/ginstall -D .libs/libjpeg.lai /ws/userland/src/components/desktop/libjpeg/build/prototype/i386/usr/lib/amd64/libjpeg.la
libtool: install: /usr/bin/ginstall -D .libs/libjpeg.a /ws/userland/src/components/desktop/libjpeg/build/prototype/i386/usr/lib/amd64/libjpeg.a
libtool: install: chmod 644 /ws/userland/src/components/desktop/libjpeg/build/prototype/i386/usr/lib/amd64/libjpeg.a
libtool: install: ranlib /ws/userland/src/components/desktop/libjpeg/build/prototype/i386/usr/lib/amd64/libjpeg.a
libtool: install: warning: remember to run `libtool --finish /usr/lib/amd64'
test -z "/usr/bin" || /usr/bin/gmkdir -p "/ws/userland/src/components/desktop/libjpeg/build/prototype/i386/usr/bin"
  /bin/bash ./libtool   --mode=install /usr/bin/ginstall -D cjpeg djpeg jpegtran rdjpgcom wrjpgcom '/ws/userland/src/components/desktop/libjpeg/build/prototype/i386/usr/bin'
libtool: install: warning: `libjpeg.la' has not been installed in `/usr/lib/amd64'
libtool: install: /usr/bin/ginstall -D .libs/cjpeg /ws/userland/src/components/desktop/libjpeg/build/prototype/i386/usr/bin/cjpeg
libtool: install: warning: `libjpeg.la' has not been installed in `/usr/lib/amd64'
libtool: install: /usr/bin/ginstall -D .libs/djpeg /ws/userland/src/components/desktop/libjpeg/build/prototype/i386/usr/bin/djpeg
libtool: install: warning: `libjpeg.la' has not been installed in `/usr/lib/amd64'
libtool: install: /usr/bin/ginstall -D .libs/jpegtran /ws/userland/src/components/desktop/libjpeg/build/prototype/i386/usr/bin/jpegtran
libtool: install: /usr/bin/ginstall -D rdjpgcom /ws/userland/src/components/desktop/libjpeg/build/prototype/i386/usr/bin/rdjpgcom
libtool: install: /usr/bin/ginstall -D wrjpgcom /ws/userland/src/components/desktop/libjpeg/build/prototype/i386/usr/bin/wrjpgcom
/bin/bash /ws/userland/src/components/desktop/libjpeg/jpeg-6b2/install-sh -d /ws/userland/src/components/desktop/libjpeg/build/prototype/i386/usr/include
/usr/bin/ginstall -D -m 644 jconfig.h /ws/userland/src/components/desktop/libjpeg/build/prototype/i386/usr/include/jconfig.h
test -z "/usr/include" || /usr/bin/gmkdir -p "/ws/userland/src/components/desktop/libjpeg/build/prototype/i386/usr/include"
 /usr/bin/ginstall -D -m 644 /ws/userland/src/components/desktop/libjpeg/jpeg-6b2/jerror.h /ws/userland/src/components/desktop/libjpeg/jpeg-6b2/jmorecfg.h /ws/userland/src/components/desktop/libjpeg/jpeg-6b2/jpeglib.h '/ws/userland/src/components/desktop/libjpeg/build/prototype/i386/usr/include'
test -z "/usr/share/man/man1" || /usr/bin/gmkdir -p "/ws/userland/src/components/desktop/libjpeg/build/prototype/i386/usr/share/man/man1"
 /usr/bin/ginstall -D -m 644 /ws/userland/src/components/desktop/libjpeg/jpeg-6b2/cjpeg.1 /ws/userland/src/components/desktop/libjpeg/jpeg-6b2/djpeg.1 /ws/userland/src/components/desktop/libjpeg/jpeg-6b2/jpegtran.1 /ws/userland/src/components/desktop/libjpeg/jpeg-6b2/rdjpgcom.1 /ws/userland/src/components/desktop/libjpeg/jpeg-6b2/wrjpgcom.1 '/ws/userland/src/components/desktop/libjpeg/build/prototype/i386/usr/share/man/man1'
make[2]: Leaving directory '/ws/userland/src/components/desktop/libjpeg/build/amd64'
make[1]: Leaving directory '/ws/userland/src/components/desktop/libjpeg/build/amd64'
/bin/mkdir -p /ws/userland/src/components/desktop/libjpeg/build/prototype/i386/usr/lib/amd64/pkgconfig/ /ws/userland/src/components/desktop/libjpeg/build/prototype/i386/usr/lib/pkgconfig/ ; sed -e 's/PROJECT_VERSION/6b2/' < /ws/userland/src/components/desktop/libjpeg/files/libjpeg.pc | /usr/bin/tee /ws/userland/src/components/desktop/libjpeg/build/prototype/i386/usr/lib/amd64/pkgconfig/libjpeg.pc > /ws/userland/src/components/desktop/libjpeg/build/prototype/i386/usr/lib/pkgconfig/libjpeg.pc ;
/usr/bin/touch /ws/userland/src/components/desktop/libjpeg/build/amd64/.installed
abort: there is no Mercurial repository here (.hg not found)
/usr/bin/pkgfmt -c -fv2 libjpeg.p5m
/usr/bin/pkgmogrify -D PERL_ARCH=i86pc-solaris-thread-multi-64 -D PERL_VERSION=5.22 -D IPS_COMPONENT_RE_VERSION=6\\.0\\.2 -D COMPONENT_RE_VERSION=6\\.0\\.2 -D PYTHON_2.7_ONLY=# -D PYTHON_3.4_ONLY=# -D PYTHON_3.5_ONLY=# -D SQ=\' -D DQ=\" -D Q=\" -I/ws/userland/src/components/desktop/libjpeg -D SOLARIS_11_3_ONLY="#" -D SOLARIS_11_5_ONLY="#" -D SOLARIS_11_3_4_ONLY="" -D SOLARIS_11_4_5_ONLY="" -D SOLARIS_11_4_ONLY="" -D ARC_CASE="" -D TPNO="34809" -D BUILD_VERSION="5.11-11.4.0.0.1.14.0" -D OS_RELEASE="5.11" -D SOLARIS_VERSION="2.11" -D PKG_SOLARIS_VERSION="11.4" -D CONSOLIDATION="userland" -D CONSOLIDATION_CHANGESET="" -D CONSOLIDATION_REPOSITORY_URL="https://github.com/oracle/solaris-userland.git" -D COMPONENT_VERSION="6.0.2" -D IPS_COMPONENT_VERSION="6.0.2" -D HUMAN_VERSION="v6b2" -D COMPONENT_ARCHIVE_URL="http://jpegclub.org/support/files/jpegsrc.v6b2.tar.gz" -D COMPONENT_PROJECT_URL="https://sourceforge.net/projects/libjpeg/" -D COMPONENT_NAME="jpeg" -D HG_REPO="" -D HG_REV="" -D HG_URL="" -D GIT_COMMIT_ID="" -D GIT_REPO="" -D GIT_TAG="" -D MACH="i386" -D MACH32="i86" -D MACH64="amd64" -D PUBLISHER="nightly" -D PUBLISHER_LOCALIZABLE="userland-localizable" libjpeg.p5m \
	/ws/userland/src/transforms/license-changes /ws/userland/src/transforms/variant-cleanup /ws/userland/src/transforms/autopyc /ws/userland/src/transforms/defaults /ws/userland/src/transforms/actuators /ws/userland/src/transforms/depends /ws/userland/src/transforms/devel /ws/userland/src/transforms/docs /ws/userland/src/transforms/locale /ws/userland/src/transforms/standard-python-libraries /ws/userland/src/transforms/python-rename /ws/userland/src/transforms/python-3-groups /ws/userland/src/transforms/python-3-soabi /ws/userland/src/transforms/python-3-no-32bit /ws/userland/src/transforms/ruby-tests /ws/userland/src/transforms/puppet /ws/userland/src/transforms/libtool-drop /ws/userland/src/transforms/incorporate /ws/userland/src/transforms/publish-cleanup | \
	sed -e '/^$/d' -e '/^#.*$/d' | uniq >/ws/userland/src/components/desktop/libjpeg/build/manifest-i386-libjpeg.mogrified
/bin/mkdir -p /ws/userland/src/components/desktop/libjpeg/build/prototype/i386/mangled
/ws/userland/src/tools/userland-mangler -D /ws/userland/src/components/desktop/libjpeg/build/prototype/i386/mangled -d /ws/userland/src/components/desktop/libjpeg/build/prototype/i386/mangled -d /ws/userland/src/components/desktop/libjpeg/build/prototype/i386 -d /ws/userland/src/components/desktop/libjpeg/build -d /ws/userland/src/components/desktop/libjpeg -d jpeg-6b2 -d /ws/userland/src/licenses -d /ws/userland/src/components/desktop/libjpeg/files -m /ws/userland/src/components/desktop/libjpeg/build/manifest-i386-libjpeg.mogrified >/ws/userland/src/components/desktop/libjpeg/build/manifest-i386-libjpeg.mangled
/usr/bin/env  /usr/bin/pkgdepend generate \
    -m -d /ws/userland/src/components/desktop/libjpeg/build/prototype/i386/mangled -d /ws/userland/src/components/desktop/libjpeg/build/prototype/i386 -d /ws/userland/src/components/desktop/libjpeg/build -d /ws/userland/src/components/desktop/libjpeg -d jpeg-6b2 -d /ws/userland/src/licenses -d /ws/userland/src/components/desktop/libjpeg/files /ws/userland/src/components/desktop/libjpeg/build/manifest-i386-libjpeg.mangled >/ws/userland/src/components/desktop/libjpeg/build/manifest-i386-libjpeg.depend
/usr/bin/pkgdepend resolve -e /ws/userland/src/components/desktop/libjpeg/build/resolve.deps -m /ws/userland/src/components/desktop/libjpeg/build/manifest-i386-libjpeg.depend
/usr/bin/touch /ws/userland/src/components/desktop/libjpeg/build/.resolved-i386
VALIDATING MANIFEST CONTENT: /ws/userland/src/components/desktop/libjpeg/build/manifest-i386-libjpeg.depend.res
/usr/bin/env PYTHONPATH=/ws/userland/src/tools/python PROTO_PATH="/ws/userland/src/components/desktop/libjpeg/build/prototype/i386/mangled /ws/userland/src/components/desktop/libjpeg/build/prototype/i386 /ws/userland/src/components/desktop/libjpeg/build /ws/userland/src/components/desktop/libjpeg jpeg-6b2 /ws/userland/src/licenses /ws/userland/src/components/desktop/libjpeg/files"\
	SOLARIS_VERSION=2.11\
	/bin/true -c /ws/userland/src/i386/pkglint-cache \
		-f /ws/userland/src/tools/pkglintrc /ws/userland/src/components/desktop/libjpeg/build/manifest-i386-libjpeg.depend.res
/usr/bin/touch /ws/userland/src/components/desktop/libjpeg/build/.linted-i386
/usr/bin/pkgsend -s file:/ws/userland/src/i386/repo publish --fmri-in-manifest --no-catalog -d /ws/userland/src/components/desktop/libjpeg/build/prototype/i386/mangled -d /ws/userland/src/components/desktop/libjpeg/build/prototype/i386 -d /ws/userland/src/components/desktop/libjpeg/build -d /ws/userland/src/components/desktop/libjpeg -d jpeg-6b2 -d /ws/userland/src/licenses -d /ws/userland/src/components/desktop/libjpeg/files -T \*.py /ws/userland/src/components/desktop/libjpeg/build/manifest-i386-libjpeg.depend.res
pkg://nightly/image/library/libjpeg@6.0.2,5.11-11.4.0.0.1.14.0:20190727T212110Z
PUBLISHED
/usr/bin/pkgfmt </ws/userland/src/components/desktop/libjpeg/build/manifest-i386-libjpeg.depend.res >/ws/userland/src/components/desktop/libjpeg/build/manifest-i386-libjpeg.published
/usr/bin/touch /ws/userland/src/components/desktop/libjpeg/build/.published-i386
gmake: Leaving directory '/ws/userland/src/components/desktop/libjpeg'

real     1:13.8
user       33.1
sys         6.8
