gmake: Entering directory '/ws/userland/src/components/desktop/libogg'
/bin/rm -f -r /ws/userland/src/components/desktop/libogg/libogg-1.2.2
/usr/bin/env RUBY_VERSION=2.1 /ws/userland/src/tools/userland-unpack  libogg-1.2.2.tar.gz
/usr/bin/touch /ws/userland/src/components/desktop/libogg/libogg-1.2.2/.unpacked
/usr/bin/touch /ws/userland/src/components/desktop/libogg/libogg-1.2.2/.prep
(/bin/rm -f -rf /ws/userland/src/components/desktop/libogg/build/i86 ; /bin/mkdir -p /ws/userland/src/components/desktop/libogg/build/i86)
(cd /ws/userland/src/components/desktop/libogg/build/i86 ; /usr/bin/env CONFIG_SHELL="/bin/bash" PKG_CONFIG_PATH="/usr/lib/pkgconfig" CC="/usr/gcc/7/bin/gcc" CXX="/usr/gcc/7/bin/g++"  CC_FOR_BUILD="/usr/gcc/7/bin/gcc -m32" CXX_FOR_BUILD="/usr/gcc/7/bin/g++ -m32" CPPFLAGS="-m32" "ac_cv_func_realloc_0_nonnull=yes" "NM=/usr/gnu/bin/nm" INTLTOOL_PERL="/usr/perl5/5.22/bin/perl" CFLAGS="-m32 -O3 -mincoming-stack-boundary=2" CXXFLAGS="-m32 -O3 -mincoming-stack-boundary=2" LDFLAGS="" PATH="/usr/gnu/bin:/usr/bin:/usr/gnu/bin" /bin/bash \
	/ws/userland/src/components/desktop/libogg/libogg-1.2.2/configure --prefix=/usr --mandir=/usr/share/man --bindir=/usr/bin --sbindir=/usr/sbin --libdir=/usr/lib   )
checking for a BSD-compatible install... /usr/gnu/bin/install -c
checking whether build environment is sane... yes
checking for a thread-safe mkdir -p... /usr/gnu/bin/mkdir -p
checking for gawk... gawk
checking whether make sets $(MAKE)... yes
checking whether to enable maintainer-specific portions of Makefiles... no
checking for gcc... /usr/gcc/7/bin/gcc
checking whether the C compiler works... yes
checking for C compiler default output file name... a.out
checking for suffix of executables... 
checking whether we are cross compiling... no
checking for suffix of object files... o
checking whether we are using the GNU C compiler... yes
checking whether /usr/gcc/7/bin/gcc accepts -g... yes
checking for /usr/gcc/7/bin/gcc option to accept ISO C89... none needed
checking for style of include used by make... GNU
checking dependency style of /usr/gcc/7/bin/gcc... gcc3
checking build system type... i386-pc-solaris2.11
checking host system type... i386-pc-solaris2.11
checking for a sed that does not truncate output... /usr/gnu/bin/sed
checking for grep that handles long lines and -e... /usr/gnu/bin/grep
checking for egrep... /usr/gnu/bin/grep -E
checking for fgrep... /usr/gnu/bin/grep -F
checking for ld used by /usr/gcc/7/bin/gcc... /usr/bin/ld
checking if the linker (/usr/bin/ld) is GNU ld... no
checking for BSD- or MS-compatible name lister (nm)... /usr/gnu/bin/nm
checking the name lister (/usr/gnu/bin/nm) interface... BSD nm
checking whether ln -s works... yes
checking the maximum length of command line arguments... 1572480
checking whether the shell understands some XSI constructs... yes
checking whether the shell understands "+="... yes
checking for /usr/bin/ld option to reload object files... -r
checking for objdump... objdump
checking how to recognize dependent libraries... pass_all
checking for ar... ar
checking for strip... strip
checking for ranlib... ranlib
checking command to parse /usr/gnu/bin/nm output from /usr/gcc/7/bin/gcc object... ok
checking how to run the C preprocessor... /usr/gcc/7/bin/gcc -E
checking for ANSI C header files... yes
checking for sys/types.h... yes
checking for sys/stat.h... yes
checking for stdlib.h... yes
checking for string.h... yes
checking for memory.h... yes
checking for strings.h... yes
checking for inttypes.h... yes
checking for stdint.h... yes
checking for unistd.h... yes
checking for dlfcn.h... yes
checking for objdir... .libs
checking if /usr/gcc/7/bin/gcc supports -fno-rtti -fno-exceptions... no
checking for /usr/gcc/7/bin/gcc option to produce PIC... -fPIC -DPIC
checking if /usr/gcc/7/bin/gcc PIC flag -fPIC -DPIC works... yes
checking if /usr/gcc/7/bin/gcc static flag -static works... no
checking if /usr/gcc/7/bin/gcc supports -c -o file.o... yes
checking if /usr/gcc/7/bin/gcc supports -c -o file.o... (cached) yes
checking whether the /usr/gcc/7/bin/gcc linker (/usr/bin/ld) supports shared libraries... yes
checking whether -lc should be explicitly linked in... no
checking dynamic linker characteristics... solaris2.11 ld.so
checking how to hardcode library paths into programs... immediate
checking whether stripping libraries is possible... no
checking if libtool supports shared libraries... yes
checking whether to build shared libraries... yes
checking whether to build static libraries... yes
checking whether /usr/gcc/7/bin/gcc and cc understand -c and -o together... yes
checking for ANSI C header files... (cached) yes
checking for inttypes.h... (cached) yes
checking for stdint.h... (cached) yes
checking for sys/types.h... (cached) yes
checking for an ANSI C-conforming const... yes
checking size of int16_t... 2
checking size of uint16_t... 2
checking size of u_int16_t... 0
checking size of int32_t... 4
checking size of uint32_t... 4
checking size of u_int32_t... 0
checking size of int64_t... 8
checking size of short... 2
checking size of int... 4
checking size of long... 4
checking size of long long... 8
checking for working memcmp... yes
configure: creating ./config.status
config.status: creating Makefile
config.status: creating src/Makefile
config.status: creating doc/Makefile
config.status: creating doc/libogg/Makefile
config.status: creating include/Makefile
config.status: creating include/ogg/Makefile
config.status: creating include/ogg/config_types.h
config.status: creating libogg.spec
config.status: creating ogg.pc
config.status: creating ogg-uninstalled.pc
config.status: creating config.h
config.status: executing depfiles commands
config.status: executing libtool commands
/usr/bin/touch /ws/userland/src/components/desktop/libogg/build/i86/.configured
(cd /ws/userland/src/components/desktop/libogg/build/i86 ; /usr/bin/env LD_OPTIONS="-M /usr/lib/ld/map.noexdata -M /usr/lib/ld/map.pagealign -Bdirect -zignore -zstrip-class=comment" LD_EXEC_OPTIONS=" -zsx=aslr=enable -zsx=nxstack=enable -zsx=nxheap=enable " LD_PIE_OPTIONS="-zsx=aslr=enable -zsx=nxstack=enable -zsx=nxheap=enable "  PKG_CONFIG_PATH="/usr/lib/pkgconfig" "ac_cv_func_realloc_0_nonnull=yes" INTLTOOL_PERL="/usr/perl5/5.22/bin/perl" \
	/usr/gnu/bin/make  )
make[1]: Entering directory '/ws/userland/src/components/desktop/libogg/build/i86'
/usr/gnu/bin/make  all-recursive
make[2]: Entering directory '/ws/userland/src/components/desktop/libogg/build/i86'
Making all in src
make[3]: Entering directory '/ws/userland/src/components/desktop/libogg/build/i86/src'
/bin/bash ../libtool --tag=CC   --mode=compile /usr/gcc/7/bin/gcc -DHAVE_CONFIG_H -I. -I/ws/userland/src/components/desktop/libogg/libogg-1.2.2/src -I.. -I/ws/userland/src/components/desktop/libogg/libogg-1.2.2/include -I../include  -m32  -O20 -fsigned-char -m32 -O3 -mincoming-stack-boundary=2 -MT framing.lo -MD -MP -MF .deps/framing.Tpo -c -o framing.lo /ws/userland/src/components/desktop/libogg/libogg-1.2.2/src/framing.c
libtool: compile:  /usr/gcc/7/bin/gcc -DHAVE_CONFIG_H -I. -I/ws/userland/src/components/desktop/libogg/libogg-1.2.2/src -I.. -I/ws/userland/src/components/desktop/libogg/libogg-1.2.2/include -I../include -m32 -O20 -fsigned-char -m32 -O3 -mincoming-stack-boundary=2 -MT framing.lo -MD -MP -MF .deps/framing.Tpo -c /ws/userland/src/components/desktop/libogg/libogg-1.2.2/src/framing.c  -fPIC -DPIC -o .libs/framing.o
libtool: compile:  /usr/gcc/7/bin/gcc -DHAVE_CONFIG_H -I. -I/ws/userland/src/components/desktop/libogg/libogg-1.2.2/src -I.. -I/ws/userland/src/components/desktop/libogg/libogg-1.2.2/include -I../include -m32 -O20 -fsigned-char -m32 -O3 -mincoming-stack-boundary=2 -MT framing.lo -MD -MP -MF .deps/framing.Tpo -c /ws/userland/src/components/desktop/libogg/libogg-1.2.2/src/framing.c -o framing.o >/dev/null 2>&1
mv -f .deps/framing.Tpo .deps/framing.Plo
/bin/bash ../libtool --tag=CC   --mode=compile /usr/gcc/7/bin/gcc -DHAVE_CONFIG_H -I. -I/ws/userland/src/components/desktop/libogg/libogg-1.2.2/src -I.. -I/ws/userland/src/components/desktop/libogg/libogg-1.2.2/include -I../include  -m32  -O20 -fsigned-char -m32 -O3 -mincoming-stack-boundary=2 -MT bitwise.lo -MD -MP -MF .deps/bitwise.Tpo -c -o bitwise.lo /ws/userland/src/components/desktop/libogg/libogg-1.2.2/src/bitwise.c
libtool: compile:  /usr/gcc/7/bin/gcc -DHAVE_CONFIG_H -I. -I/ws/userland/src/components/desktop/libogg/libogg-1.2.2/src -I.. -I/ws/userland/src/components/desktop/libogg/libogg-1.2.2/include -I../include -m32 -O20 -fsigned-char -m32 -O3 -mincoming-stack-boundary=2 -MT bitwise.lo -MD -MP -MF .deps/bitwise.Tpo -c /ws/userland/src/components/desktop/libogg/libogg-1.2.2/src/bitwise.c  -fPIC -DPIC -o .libs/bitwise.o
libtool: compile:  /usr/gcc/7/bin/gcc -DHAVE_CONFIG_H -I. -I/ws/userland/src/components/desktop/libogg/libogg-1.2.2/src -I.. -I/ws/userland/src/components/desktop/libogg/libogg-1.2.2/include -I../include -m32 -O20 -fsigned-char -m32 -O3 -mincoming-stack-boundary=2 -MT bitwise.lo -MD -MP -MF .deps/bitwise.Tpo -c /ws/userland/src/components/desktop/libogg/libogg-1.2.2/src/bitwise.c -o bitwise.o >/dev/null 2>&1
mv -f .deps/bitwise.Tpo .deps/bitwise.Plo
/bin/bash ../libtool --tag=CC   --mode=link /usr/gcc/7/bin/gcc  -O20 -fsigned-char -m32 -O3 -mincoming-stack-boundary=2 -no-undefined -version-info 7:1:7  -o libogg.la -rpath /usr/lib framing.lo bitwise.lo  
libtool: link: /usr/gcc/7/bin/gcc -shared -Wl,-z -Wl,text -Wl,-h -Wl,libogg.so.0 -o .libs/libogg.so.0.7.1  .libs/framing.o .libs/bitwise.o    -m32 -mincoming-stack-boundary=2  
libtool: link: (cd ".libs" && rm -f "libogg.so.0" && ln -s "libogg.so.0.7.1" "libogg.so.0")
libtool: link: (cd ".libs" && rm -f "libogg.so" && ln -s "libogg.so.0.7.1" "libogg.so")
libtool: link: ar cru .libs/libogg.a  framing.o bitwise.o
libtool: link: ranlib .libs/libogg.a
libtool: link: ( cd ".libs" && rm -f "libogg.la" && ln -s "../libogg.la" "libogg.la" )
/usr/gcc/7/bin/gcc -DHAVE_CONFIG_H -I. -I/ws/userland/src/components/desktop/libogg/libogg-1.2.2/src -I.. -I/ws/userland/src/components/desktop/libogg/libogg-1.2.2/include -I../include  -m32 -D_V_SELFTEST -O20 -fsigned-char -m32 -O3 -mincoming-stack-boundary=2 -MT test_bitwise-bitwise.o -MD -MP -MF .deps/test_bitwise-bitwise.Tpo -c -o test_bitwise-bitwise.o `test -f 'bitwise.c' || echo '/ws/userland/src/components/desktop/libogg/libogg-1.2.2/src/'`bitwise.c
mv -f .deps/test_bitwise-bitwise.Tpo .deps/test_bitwise-bitwise.Po
/bin/bash ../libtool --tag=CC   --mode=link /usr/gcc/7/bin/gcc -D_V_SELFTEST -O20 -fsigned-char -m32 -O3 -mincoming-stack-boundary=2   -o test_bitwise test_bitwise-bitwise.o  
libtool: link: /usr/gcc/7/bin/gcc -D_V_SELFTEST -O20 -fsigned-char -m32 -O3 -mincoming-stack-boundary=2 -o test_bitwise test_bitwise-bitwise.o 
/usr/gcc/7/bin/gcc -DHAVE_CONFIG_H -I. -I/ws/userland/src/components/desktop/libogg/libogg-1.2.2/src -I.. -I/ws/userland/src/components/desktop/libogg/libogg-1.2.2/include -I../include  -m32 -D_V_SELFTEST -O20 -fsigned-char -m32 -O3 -mincoming-stack-boundary=2 -MT test_framing-framing.o -MD -MP -MF .deps/test_framing-framing.Tpo -c -o test_framing-framing.o `test -f 'framing.c' || echo '/ws/userland/src/components/desktop/libogg/libogg-1.2.2/src/'`framing.c
mv -f .deps/test_framing-framing.Tpo .deps/test_framing-framing.Po
/bin/bash ../libtool --tag=CC   --mode=link /usr/gcc/7/bin/gcc -D_V_SELFTEST -O20 -fsigned-char -m32 -O3 -mincoming-stack-boundary=2   -o test_framing test_framing-framing.o  
libtool: link: /usr/gcc/7/bin/gcc -D_V_SELFTEST -O20 -fsigned-char -m32 -O3 -mincoming-stack-boundary=2 -o test_framing test_framing-framing.o 
make[3]: Leaving directory '/ws/userland/src/components/desktop/libogg/build/i86/src'
Making all in include
make[3]: Entering directory '/ws/userland/src/components/desktop/libogg/build/i86/include'
Making all in ogg
make[4]: Entering directory '/ws/userland/src/components/desktop/libogg/build/i86/include/ogg'
make[4]: Nothing to be done for 'all'.
make[4]: Leaving directory '/ws/userland/src/components/desktop/libogg/build/i86/include/ogg'
make[4]: Entering directory '/ws/userland/src/components/desktop/libogg/build/i86/include'
make[4]: Nothing to be done for 'all-am'.
make[4]: Leaving directory '/ws/userland/src/components/desktop/libogg/build/i86/include'
make[3]: Leaving directory '/ws/userland/src/components/desktop/libogg/build/i86/include'
Making all in doc
make[3]: Entering directory '/ws/userland/src/components/desktop/libogg/build/i86/doc'
Making all in libogg
make[4]: Entering directory '/ws/userland/src/components/desktop/libogg/build/i86/doc/libogg'
make[4]: Nothing to be done for 'all'.
make[4]: Leaving directory '/ws/userland/src/components/desktop/libogg/build/i86/doc/libogg'
make[4]: Entering directory '/ws/userland/src/components/desktop/libogg/build/i86/doc'
make[4]: Nothing to be done for 'all-am'.
make[4]: Leaving directory '/ws/userland/src/components/desktop/libogg/build/i86/doc'
make[3]: Leaving directory '/ws/userland/src/components/desktop/libogg/build/i86/doc'
make[3]: Entering directory '/ws/userland/src/components/desktop/libogg/build/i86'
make[3]: Leaving directory '/ws/userland/src/components/desktop/libogg/build/i86'
make[2]: Leaving directory '/ws/userland/src/components/desktop/libogg/build/i86'
make[1]: Leaving directory '/ws/userland/src/components/desktop/libogg/build/i86'
/usr/bin/touch /ws/userland/src/components/desktop/libogg/build/i86/.built
(/bin/rm -f -rf /ws/userland/src/components/desktop/libogg/build/amd64 ; /bin/mkdir -p /ws/userland/src/components/desktop/libogg/build/amd64)
(cd /ws/userland/src/components/desktop/libogg/build/amd64 ; /usr/bin/env CONFIG_SHELL="/bin/bash" PKG_CONFIG_PATH="/usr/lib/amd64/pkgconfig" CC="/usr/gcc/7/bin/gcc" CXX="/usr/gcc/7/bin/g++" PATH="/usr/bin/amd64:/usr/bin:/usr/gnu/bin" CC_FOR_BUILD="/usr/gcc/7/bin/gcc -m64" CXX_FOR_BUILD="/usr/gcc/7/bin/g++ -m64" CPPFLAGS="-m64" "ac_cv_func_realloc_0_nonnull=yes" "NM=/usr/gnu/bin/nm" INTLTOOL_PERL="/usr/perl5/5.22/bin/perl" CFLAGS="-m64 -O3" CXXFLAGS="-m64 -O3" LDFLAGS="" PATH="/usr/gnu/bin:/usr/bin:/usr/gnu/bin" /bin/bash \
	/ws/userland/src/components/desktop/libogg/libogg-1.2.2/configure --prefix=/usr --mandir=/usr/share/man --bindir=/usr/bin/amd64 --sbindir=/usr/sbin/amd64 --libdir=/usr/lib/amd64   )
checking for a BSD-compatible install... /usr/gnu/bin/install -c
checking whether build environment is sane... yes
checking for a thread-safe mkdir -p... /usr/gnu/bin/mkdir -p
checking for gawk... gawk
checking whether make sets $(MAKE)... yes
checking whether to enable maintainer-specific portions of Makefiles... no
checking for gcc... /usr/gcc/7/bin/gcc
checking whether the C compiler works... yes
checking for C compiler default output file name... a.out
checking for suffix of executables... 
checking whether we are cross compiling... no
checking for suffix of object files... o
checking whether we are using the GNU C compiler... yes
checking whether /usr/gcc/7/bin/gcc accepts -g... yes
checking for /usr/gcc/7/bin/gcc option to accept ISO C89... none needed
checking for style of include used by make... GNU
checking dependency style of /usr/gcc/7/bin/gcc... gcc3
checking build system type... i386-pc-solaris2.11
checking host system type... i386-pc-solaris2.11
checking for a sed that does not truncate output... /usr/gnu/bin/sed
checking for grep that handles long lines and -e... /usr/gnu/bin/grep
checking for egrep... /usr/gnu/bin/grep -E
checking for fgrep... /usr/gnu/bin/grep -F
checking for ld used by /usr/gcc/7/bin/gcc... /usr/bin/ld
checking if the linker (/usr/bin/ld) is GNU ld... no
checking for BSD- or MS-compatible name lister (nm)... /usr/gnu/bin/nm
checking the name lister (/usr/gnu/bin/nm) interface... BSD nm
checking whether ln -s works... yes
checking the maximum length of command line arguments... 1572480
checking whether the shell understands some XSI constructs... yes
checking whether the shell understands "+="... yes
checking for /usr/bin/ld option to reload object files... -r
checking for objdump... objdump
checking how to recognize dependent libraries... pass_all
checking for ar... ar
checking for strip... strip
checking for ranlib... ranlib
checking command to parse /usr/gnu/bin/nm output from /usr/gcc/7/bin/gcc object... ok
checking how to run the C preprocessor... /usr/gcc/7/bin/gcc -E
checking for ANSI C header files... yes
checking for sys/types.h... yes
checking for sys/stat.h... yes
checking for stdlib.h... yes
checking for string.h... yes
checking for memory.h... yes
checking for strings.h... yes
checking for inttypes.h... yes
checking for stdint.h... yes
checking for unistd.h... yes
checking for dlfcn.h... yes
checking for objdir... .libs
checking if /usr/gcc/7/bin/gcc supports -fno-rtti -fno-exceptions... no
checking for /usr/gcc/7/bin/gcc option to produce PIC... -fPIC -DPIC
checking if /usr/gcc/7/bin/gcc PIC flag -fPIC -DPIC works... yes
checking if /usr/gcc/7/bin/gcc static flag -static works... no
checking if /usr/gcc/7/bin/gcc supports -c -o file.o... yes
checking if /usr/gcc/7/bin/gcc supports -c -o file.o... (cached) yes
checking whether the /usr/gcc/7/bin/gcc linker (/usr/bin/ld) supports shared libraries... yes
checking whether -lc should be explicitly linked in... no
checking dynamic linker characteristics... solaris2.11 ld.so
checking how to hardcode library paths into programs... immediate
checking whether stripping libraries is possible... no
checking if libtool supports shared libraries... yes
checking whether to build shared libraries... yes
checking whether to build static libraries... yes
checking whether /usr/gcc/7/bin/gcc and cc understand -c and -o together... yes
checking for ANSI C header files... (cached) yes
checking for inttypes.h... (cached) yes
checking for stdint.h... (cached) yes
checking for sys/types.h... (cached) yes
checking for an ANSI C-conforming const... yes
checking size of int16_t... 2
checking size of uint16_t... 2
checking size of u_int16_t... 0
checking size of int32_t... 4
checking size of uint32_t... 4
checking size of u_int32_t... 0
checking size of int64_t... 8
checking size of short... 2
checking size of int... 4
checking size of long... 8
checking size of long long... 8
checking for working memcmp... yes
configure: creating ./config.status
config.status: creating Makefile
config.status: creating src/Makefile
config.status: creating doc/Makefile
config.status: creating doc/libogg/Makefile
config.status: creating include/Makefile
config.status: creating include/ogg/Makefile
config.status: creating include/ogg/config_types.h
config.status: creating libogg.spec
config.status: creating ogg.pc
config.status: creating ogg-uninstalled.pc
config.status: creating config.h
config.status: executing depfiles commands
config.status: executing libtool commands
/usr/bin/touch /ws/userland/src/components/desktop/libogg/build/amd64/.configured
(cd /ws/userland/src/components/desktop/libogg/build/amd64 ; /usr/bin/env LD_OPTIONS="-M /usr/lib/ld/map.noexdata -M /usr/lib/ld/map.pagealign -Bdirect -zignore -zstrip-class=comment" LD_EXEC_OPTIONS=" -zsx=aslr=enable -zsx=nxstack=enable -zsx=nxheap=enable " LD_PIE_OPTIONS="-zsx=aslr=enable -zsx=nxstack=enable -zsx=nxheap=enable "  PKG_CONFIG_PATH="/usr/lib/amd64/pkgconfig" "ac_cv_func_realloc_0_nonnull=yes" INTLTOOL_PERL="/usr/perl5/5.22/bin/perl" \
	/usr/gnu/bin/make  )
make[1]: Entering directory '/ws/userland/src/components/desktop/libogg/build/amd64'
/usr/gnu/bin/make  all-recursive
make[2]: Entering directory '/ws/userland/src/components/desktop/libogg/build/amd64'
Making all in src
make[3]: Entering directory '/ws/userland/src/components/desktop/libogg/build/amd64/src'
/bin/bash ../libtool --tag=CC   --mode=compile /usr/gcc/7/bin/gcc -DHAVE_CONFIG_H -I. -I/ws/userland/src/components/desktop/libogg/libogg-1.2.2/src -I.. -I/ws/userland/src/components/desktop/libogg/libogg-1.2.2/include -I../include  -m64  -O20 -fsigned-char -m64 -O3 -MT framing.lo -MD -MP -MF .deps/framing.Tpo -c -o framing.lo /ws/userland/src/components/desktop/libogg/libogg-1.2.2/src/framing.c
libtool: compile:  /usr/gcc/7/bin/gcc -DHAVE_CONFIG_H -I. -I/ws/userland/src/components/desktop/libogg/libogg-1.2.2/src -I.. -I/ws/userland/src/components/desktop/libogg/libogg-1.2.2/include -I../include -m64 -O20 -fsigned-char -m64 -O3 -MT framing.lo -MD -MP -MF .deps/framing.Tpo -c /ws/userland/src/components/desktop/libogg/libogg-1.2.2/src/framing.c  -fPIC -DPIC -o .libs/framing.o
libtool: compile:  /usr/gcc/7/bin/gcc -DHAVE_CONFIG_H -I. -I/ws/userland/src/components/desktop/libogg/libogg-1.2.2/src -I.. -I/ws/userland/src/components/desktop/libogg/libogg-1.2.2/include -I../include -m64 -O20 -fsigned-char -m64 -O3 -MT framing.lo -MD -MP -MF .deps/framing.Tpo -c /ws/userland/src/components/desktop/libogg/libogg-1.2.2/src/framing.c -o framing.o >/dev/null 2>&1
mv -f .deps/framing.Tpo .deps/framing.Plo
/bin/bash ../libtool --tag=CC   --mode=compile /usr/gcc/7/bin/gcc -DHAVE_CONFIG_H -I. -I/ws/userland/src/components/desktop/libogg/libogg-1.2.2/src -I.. -I/ws/userland/src/components/desktop/libogg/libogg-1.2.2/include -I../include  -m64  -O20 -fsigned-char -m64 -O3 -MT bitwise.lo -MD -MP -MF .deps/bitwise.Tpo -c -o bitwise.lo /ws/userland/src/components/desktop/libogg/libogg-1.2.2/src/bitwise.c
libtool: compile:  /usr/gcc/7/bin/gcc -DHAVE_CONFIG_H -I. -I/ws/userland/src/components/desktop/libogg/libogg-1.2.2/src -I.. -I/ws/userland/src/components/desktop/libogg/libogg-1.2.2/include -I../include -m64 -O20 -fsigned-char -m64 -O3 -MT bitwise.lo -MD -MP -MF .deps/bitwise.Tpo -c /ws/userland/src/components/desktop/libogg/libogg-1.2.2/src/bitwise.c  -fPIC -DPIC -o .libs/bitwise.o
libtool: compile:  /usr/gcc/7/bin/gcc -DHAVE_CONFIG_H -I. -I/ws/userland/src/components/desktop/libogg/libogg-1.2.2/src -I.. -I/ws/userland/src/components/desktop/libogg/libogg-1.2.2/include -I../include -m64 -O20 -fsigned-char -m64 -O3 -MT bitwise.lo -MD -MP -MF .deps/bitwise.Tpo -c /ws/userland/src/components/desktop/libogg/libogg-1.2.2/src/bitwise.c -o bitwise.o >/dev/null 2>&1
mv -f .deps/bitwise.Tpo .deps/bitwise.Plo
/bin/bash ../libtool --tag=CC   --mode=link /usr/gcc/7/bin/gcc  -O20 -fsigned-char -m64 -O3 -no-undefined -version-info 7:1:7  -o libogg.la -rpath /usr/lib/amd64 framing.lo bitwise.lo  
libtool: link: /usr/gcc/7/bin/gcc -shared -Wl,-z -Wl,text -Wl,-h -Wl,libogg.so.0 -o .libs/libogg.so.0.7.1  .libs/framing.o .libs/bitwise.o    -m64  
libtool: link: (cd ".libs" && rm -f "libogg.so.0" && ln -s "libogg.so.0.7.1" "libogg.so.0")
libtool: link: (cd ".libs" && rm -f "libogg.so" && ln -s "libogg.so.0.7.1" "libogg.so")
libtool: link: ar cru .libs/libogg.a  framing.o bitwise.o
libtool: link: ranlib .libs/libogg.a
libtool: link: ( cd ".libs" && rm -f "libogg.la" && ln -s "../libogg.la" "libogg.la" )
/usr/gcc/7/bin/gcc -DHAVE_CONFIG_H -I. -I/ws/userland/src/components/desktop/libogg/libogg-1.2.2/src -I.. -I/ws/userland/src/components/desktop/libogg/libogg-1.2.2/include -I../include  -m64 -D_V_SELFTEST -O20 -fsigned-char -m64 -O3 -MT test_bitwise-bitwise.o -MD -MP -MF .deps/test_bitwise-bitwise.Tpo -c -o test_bitwise-bitwise.o `test -f 'bitwise.c' || echo '/ws/userland/src/components/desktop/libogg/libogg-1.2.2/src/'`bitwise.c
mv -f .deps/test_bitwise-bitwise.Tpo .deps/test_bitwise-bitwise.Po
/bin/bash ../libtool --tag=CC   --mode=link /usr/gcc/7/bin/gcc -D_V_SELFTEST -O20 -fsigned-char -m64 -O3   -o test_bitwise test_bitwise-bitwise.o  
libtool: link: /usr/gcc/7/bin/gcc -D_V_SELFTEST -O20 -fsigned-char -m64 -O3 -o test_bitwise test_bitwise-bitwise.o 
/usr/gcc/7/bin/gcc -DHAVE_CONFIG_H -I. -I/ws/userland/src/components/desktop/libogg/libogg-1.2.2/src -I.. -I/ws/userland/src/components/desktop/libogg/libogg-1.2.2/include -I../include  -m64 -D_V_SELFTEST -O20 -fsigned-char -m64 -O3 -MT test_framing-framing.o -MD -MP -MF .deps/test_framing-framing.Tpo -c -o test_framing-framing.o `test -f 'framing.c' || echo '/ws/userland/src/components/desktop/libogg/libogg-1.2.2/src/'`framing.c
mv -f .deps/test_framing-framing.Tpo .deps/test_framing-framing.Po
/bin/bash ../libtool --tag=CC   --mode=link /usr/gcc/7/bin/gcc -D_V_SELFTEST -O20 -fsigned-char -m64 -O3   -o test_framing test_framing-framing.o  
libtool: link: /usr/gcc/7/bin/gcc -D_V_SELFTEST -O20 -fsigned-char -m64 -O3 -o test_framing test_framing-framing.o 
make[3]: Leaving directory '/ws/userland/src/components/desktop/libogg/build/amd64/src'
Making all in include
make[3]: Entering directory '/ws/userland/src/components/desktop/libogg/build/amd64/include'
Making all in ogg
make[4]: Entering directory '/ws/userland/src/components/desktop/libogg/build/amd64/include/ogg'
make[4]: Nothing to be done for 'all'.
make[4]: Leaving directory '/ws/userland/src/components/desktop/libogg/build/amd64/include/ogg'
make[4]: Entering directory '/ws/userland/src/components/desktop/libogg/build/amd64/include'
make[4]: Nothing to be done for 'all-am'.
make[4]: Leaving directory '/ws/userland/src/components/desktop/libogg/build/amd64/include'
make[3]: Leaving directory '/ws/userland/src/components/desktop/libogg/build/amd64/include'
Making all in doc
make[3]: Entering directory '/ws/userland/src/components/desktop/libogg/build/amd64/doc'
Making all in libogg
make[4]: Entering directory '/ws/userland/src/components/desktop/libogg/build/amd64/doc/libogg'
make[4]: Nothing to be done for 'all'.
make[4]: Leaving directory '/ws/userland/src/components/desktop/libogg/build/amd64/doc/libogg'
make[4]: Entering directory '/ws/userland/src/components/desktop/libogg/build/amd64/doc'
make[4]: Nothing to be done for 'all-am'.
make[4]: Leaving directory '/ws/userland/src/components/desktop/libogg/build/amd64/doc'
make[3]: Leaving directory '/ws/userland/src/components/desktop/libogg/build/amd64/doc'
make[3]: Entering directory '/ws/userland/src/components/desktop/libogg/build/amd64'
make[3]: Leaving directory '/ws/userland/src/components/desktop/libogg/build/amd64'
make[2]: Leaving directory '/ws/userland/src/components/desktop/libogg/build/amd64'
make[1]: Leaving directory '/ws/userland/src/components/desktop/libogg/build/amd64'
/usr/bin/touch /ws/userland/src/components/desktop/libogg/build/amd64/.built
(cd /ws/userland/src/components/desktop/libogg/build/i86 ; /usr/bin/env LD_OPTIONS="-M /usr/lib/ld/map.noexdata -M /usr/lib/ld/map.pagealign -Bdirect -zignore -zstrip-class=comment" LD_EXEC_OPTIONS=" -zsx=aslr=enable -zsx=nxstack=enable -zsx=nxheap=enable " LD_PIE_OPTIONS="-zsx=aslr=enable -zsx=nxstack=enable -zsx=nxheap=enable "  /usr/gnu/bin/make \
		 DESTDIR=/ws/userland/src/components/desktop/libogg/build/prototype/i386 install)
make[1]: Entering directory '/ws/userland/src/components/desktop/libogg/build/i86'
Making install in src
make[2]: Entering directory '/ws/userland/src/components/desktop/libogg/build/i86/src'
make[3]: Entering directory '/ws/userland/src/components/desktop/libogg/build/i86/src'
test -z "/usr/lib" || /usr/gnu/bin/mkdir -p "/ws/userland/src/components/desktop/libogg/build/prototype/i386/usr/lib"
 /bin/bash ../libtool   --mode=install /usr/gnu/bin/install -c   libogg.la '/ws/userland/src/components/desktop/libogg/build/prototype/i386/usr/lib'
libtool: install: /usr/gnu/bin/install -c .libs/libogg.so.0.7.1 /ws/userland/src/components/desktop/libogg/build/prototype/i386/usr/lib/libogg.so.0.7.1
libtool: install: (cd /ws/userland/src/components/desktop/libogg/build/prototype/i386/usr/lib && { ln -s -f libogg.so.0.7.1 libogg.so.0 || { rm -f libogg.so.0 && ln -s libogg.so.0.7.1 libogg.so.0; }; })
libtool: install: (cd /ws/userland/src/components/desktop/libogg/build/prototype/i386/usr/lib && { ln -s -f libogg.so.0.7.1 libogg.so || { rm -f libogg.so && ln -s libogg.so.0.7.1 libogg.so; }; })
libtool: install: chmod +x /ws/userland/src/components/desktop/libogg/build/prototype/i386/usr/lib/libogg.so.0.7.1
libtool: install: /usr/gnu/bin/install -c .libs/libogg.lai /ws/userland/src/components/desktop/libogg/build/prototype/i386/usr/lib/libogg.la
libtool: install: /usr/gnu/bin/install -c .libs/libogg.a /ws/userland/src/components/desktop/libogg/build/prototype/i386/usr/lib/libogg.a
libtool: install: chmod 644 /ws/userland/src/components/desktop/libogg/build/prototype/i386/usr/lib/libogg.a
libtool: install: ranlib /ws/userland/src/components/desktop/libogg/build/prototype/i386/usr/lib/libogg.a
libtool: install: warning: remember to run `libtool --finish /usr/lib'
make[3]: Nothing to be done for 'install-data-am'.
make[3]: Leaving directory '/ws/userland/src/components/desktop/libogg/build/i86/src'
make[2]: Leaving directory '/ws/userland/src/components/desktop/libogg/build/i86/src'
Making install in include
make[2]: Entering directory '/ws/userland/src/components/desktop/libogg/build/i86/include'
Making install in ogg
make[3]: Entering directory '/ws/userland/src/components/desktop/libogg/build/i86/include/ogg'
make[4]: Entering directory '/ws/userland/src/components/desktop/libogg/build/i86/include/ogg'
make[4]: Nothing to be done for 'install-exec-am'.
test -z "/usr/include/ogg" || /usr/gnu/bin/mkdir -p "/ws/userland/src/components/desktop/libogg/build/prototype/i386/usr/include/ogg"
 /usr/gnu/bin/install -c -m 644 config_types.h '/ws/userland/src/components/desktop/libogg/build/prototype/i386/usr/include/ogg'
test -z "/usr/include/ogg" || /usr/gnu/bin/mkdir -p "/ws/userland/src/components/desktop/libogg/build/prototype/i386/usr/include/ogg"
 /usr/gnu/bin/install -c -m 644 /ws/userland/src/components/desktop/libogg/libogg-1.2.2/include/ogg/ogg.h /ws/userland/src/components/desktop/libogg/libogg-1.2.2/include/ogg/os_types.h '/ws/userland/src/components/desktop/libogg/build/prototype/i386/usr/include/ogg'
make[4]: Leaving directory '/ws/userland/src/components/desktop/libogg/build/i86/include/ogg'
make[3]: Leaving directory '/ws/userland/src/components/desktop/libogg/build/i86/include/ogg'
make[3]: Entering directory '/ws/userland/src/components/desktop/libogg/build/i86/include'
make[4]: Entering directory '/ws/userland/src/components/desktop/libogg/build/i86/include'
make[4]: Nothing to be done for 'install-exec-am'.
make[4]: Nothing to be done for 'install-data-am'.
make[4]: Leaving directory '/ws/userland/src/components/desktop/libogg/build/i86/include'
make[3]: Leaving directory '/ws/userland/src/components/desktop/libogg/build/i86/include'
make[2]: Leaving directory '/ws/userland/src/components/desktop/libogg/build/i86/include'
Making install in doc
make[2]: Entering directory '/ws/userland/src/components/desktop/libogg/build/i86/doc'
Making install in libogg
make[3]: Entering directory '/ws/userland/src/components/desktop/libogg/build/i86/doc/libogg'
make[4]: Entering directory '/ws/userland/src/components/desktop/libogg/build/i86/doc/libogg'
make[4]: Nothing to be done for 'install-exec-am'.
test -z "/usr/share/doc/libogg-1.2.2/ogg" || /usr/gnu/bin/mkdir -p "/ws/userland/src/components/desktop/libogg/build/prototype/i386/usr/share/doc/libogg-1.2.2/ogg"
 /usr/gnu/bin/install -c -m 644 /ws/userland/src/components/desktop/libogg/libogg-1.2.2/doc/libogg/bitpacking.html /ws/userland/src/components/desktop/libogg/libogg-1.2.2/doc/libogg/datastructures.html /ws/userland/src/components/desktop/libogg/libogg-1.2.2/doc/libogg/decoding.html /ws/userland/src/components/desktop/libogg/libogg-1.2.2/doc/libogg/encoding.html /ws/userland/src/components/desktop/libogg/libogg-1.2.2/doc/libogg/general.html /ws/userland/src/components/desktop/libogg/libogg-1.2.2/doc/libogg/index.html /ws/userland/src/components/desktop/libogg/libogg-1.2.2/doc/libogg/ogg_packet.html /ws/userland/src/components/desktop/libogg/libogg-1.2.2/doc/libogg/ogg_packet_clear.html /ws/userland/src/components/desktop/libogg/libogg-1.2.2/doc/libogg/ogg_page.html /ws/userland/src/components/desktop/libogg/libogg-1.2.2/doc/libogg/ogg_page_bos.html /ws/userland/src/components/desktop/libogg/libogg-1.2.2/doc/libogg/ogg_page_checksum_set.html /ws/userland/src/components/desktop/libogg/libogg-1.2.2/doc/libogg/ogg_page_continued.html /ws/userland/src/components/desktop/libogg/libogg-1.2.2/doc/libogg/ogg_page_eos.html /ws/userland/src/components/desktop/libogg/libogg-1.2.2/doc/libogg/ogg_page_granulepos.html /ws/userland/src/components/desktop/libogg/libogg-1.2.2/doc/libogg/ogg_page_packets.html /ws/userland/src/components/desktop/libogg/libogg-1.2.2/doc/libogg/ogg_page_pageno.html /ws/userland/src/components/desktop/libogg/libogg-1.2.2/doc/libogg/ogg_page_serialno.html /ws/userland/src/components/desktop/libogg/libogg-1.2.2/doc/libogg/ogg_page_version.html /ws/userland/src/components/desktop/libogg/libogg-1.2.2/doc/libogg/ogg_stream_clear.html /ws/userland/src/components/desktop/libogg/libogg-1.2.2/doc/libogg/ogg_stream_destroy.html /ws/userland/src/components/desktop/libogg/libogg-1.2.2/doc/libogg/ogg_stream_eos.html /ws/userland/src/components/desktop/libogg/libogg-1.2.2/doc/libogg/ogg_stream_flush.html /ws/userland/src/components/desktop/libogg/libogg-1.2.2/doc/libogg/ogg_stream_init.html /ws/userland/src/components/desktop/libogg/libogg-1.2.2/doc/libogg/ogg_stream_packetin.html /ws/userland/src/components/desktop/libogg/libogg-1.2.2/doc/libogg/ogg_stream_packetout.html /ws/userland/src/components/desktop/libogg/libogg-1.2.2/doc/libogg/ogg_stream_packetpeek.html /ws/userland/src/components/desktop/libogg/libogg-1.2.2/doc/libogg/ogg_stream_pagein.html /ws/userland/src/components/desktop/libogg/libogg-1.2.2/doc/libogg/ogg_stream_pageout.html /ws/userland/src/components/desktop/libogg/libogg-1.2.2/doc/libogg/ogg_stream_pageout_fill.html /ws/userland/src/components/desktop/libogg/libogg-1.2.2/doc/libogg/ogg_stream_reset.html /ws/userland/src/components/desktop/libogg/libogg-1.2.2/doc/libogg/ogg_stream_reset_serialno.html /ws/userland/src/components/desktop/libogg/libogg-1.2.2/doc/libogg/ogg_stream_state.html /ws/userland/src/components/desktop/libogg/libogg-1.2.2/doc/libogg/ogg_sync_buffer.html /ws/userland/src/components/desktop/libogg/libogg-1.2.2/doc/libogg/ogg_sync_clear.html /ws/userland/src/components/desktop/libogg/libogg-1.2.2/doc/libogg/ogg_sync_destroy.html /ws/userland/src/components/desktop/libogg/libogg-1.2.2/doc/libogg/ogg_sync_init.html /ws/userland/src/components/desktop/libogg/libogg-1.2.2/doc/libogg/ogg_sync_pageout.html /ws/userland/src/components/desktop/libogg/libogg-1.2.2/doc/libogg/ogg_sync_pageseek.html /ws/userland/src/components/desktop/libogg/libogg-1.2.2/doc/libogg/ogg_sync_reset.html /ws/userland/src/components/desktop/libogg/libogg-1.2.2/doc/libogg/ogg_sync_state.html '/ws/userland/src/components/desktop/libogg/build/prototype/i386/usr/share/doc/libogg-1.2.2/ogg'
 /usr/gnu/bin/install -c -m 644 /ws/userland/src/components/desktop/libogg/libogg-1.2.2/doc/libogg/ogg_sync_wrote.html /ws/userland/src/components/desktop/libogg/libogg-1.2.2/doc/libogg/oggpack_adv.html /ws/userland/src/components/desktop/libogg/libogg-1.2.2/doc/libogg/oggpack_adv1.html /ws/userland/src/components/desktop/libogg/libogg-1.2.2/doc/libogg/oggpack_bits.html /ws/userland/src/components/desktop/libogg/libogg-1.2.2/doc/libogg/oggpack_buffer.html /ws/userland/src/components/desktop/libogg/libogg-1.2.2/doc/libogg/oggpack_bytes.html /ws/userland/src/components/desktop/libogg/libogg-1.2.2/doc/libogg/oggpack_get_buffer.html /ws/userland/src/components/desktop/libogg/libogg-1.2.2/doc/libogg/oggpack_look.html /ws/userland/src/components/desktop/libogg/libogg-1.2.2/doc/libogg/oggpack_look1.html /ws/userland/src/components/desktop/libogg/libogg-1.2.2/doc/libogg/oggpack_read.html /ws/userland/src/components/desktop/libogg/libogg-1.2.2/doc/libogg/oggpack_read1.html /ws/userland/src/components/desktop/libogg/libogg-1.2.2/doc/libogg/oggpack_readinit.html /ws/userland/src/components/desktop/libogg/libogg-1.2.2/doc/libogg/oggpack_reset.html /ws/userland/src/components/desktop/libogg/libogg-1.2.2/doc/libogg/oggpack_write.html /ws/userland/src/components/desktop/libogg/libogg-1.2.2/doc/libogg/oggpack_writealign.html /ws/userland/src/components/desktop/libogg/libogg-1.2.2/doc/libogg/oggpack_writeclear.html /ws/userland/src/components/desktop/libogg/libogg-1.2.2/doc/libogg/oggpack_writecopy.html /ws/userland/src/components/desktop/libogg/libogg-1.2.2/doc/libogg/oggpack_writeinit.html /ws/userland/src/components/desktop/libogg/libogg-1.2.2/doc/libogg/oggpack_writetrunc.html /ws/userland/src/components/desktop/libogg/libogg-1.2.2/doc/libogg/overview.html /ws/userland/src/components/desktop/libogg/libogg-1.2.2/doc/libogg/reference.html /ws/userland/src/components/desktop/libogg/libogg-1.2.2/doc/libogg/style.css '/ws/userland/src/components/desktop/libogg/build/prototype/i386/usr/share/doc/libogg-1.2.2/ogg'
make[4]: Leaving directory '/ws/userland/src/components/desktop/libogg/build/i86/doc/libogg'
make[3]: Leaving directory '/ws/userland/src/components/desktop/libogg/build/i86/doc/libogg'
make[3]: Entering directory '/ws/userland/src/components/desktop/libogg/build/i86/doc'
make[4]: Entering directory '/ws/userland/src/components/desktop/libogg/build/i86/doc'
make[4]: Nothing to be done for 'install-exec-am'.
test -z "/usr/share/doc/libogg-1.2.2" || /usr/gnu/bin/mkdir -p "/ws/userland/src/components/desktop/libogg/build/prototype/i386/usr/share/doc/libogg-1.2.2"
 /usr/gnu/bin/install -c -m 644 /ws/userland/src/components/desktop/libogg/libogg-1.2.2/doc/framing.html /ws/userland/src/components/desktop/libogg/libogg-1.2.2/doc/index.html /ws/userland/src/components/desktop/libogg/libogg-1.2.2/doc/oggstream.html /ws/userland/src/components/desktop/libogg/libogg-1.2.2/doc/ogg-multiplex.html /ws/userland/src/components/desktop/libogg/libogg-1.2.2/doc/stream.png /ws/userland/src/components/desktop/libogg/libogg-1.2.2/doc/vorbisword2.png /ws/userland/src/components/desktop/libogg/libogg-1.2.2/doc/white-ogg.png /ws/userland/src/components/desktop/libogg/libogg-1.2.2/doc/white-xifish.png /ws/userland/src/components/desktop/libogg/libogg-1.2.2/doc/rfc3533.txt /ws/userland/src/components/desktop/libogg/libogg-1.2.2/doc/rfc5334.txt /ws/userland/src/components/desktop/libogg/libogg-1.2.2/doc/skeleton.html '/ws/userland/src/components/desktop/libogg/build/prototype/i386/usr/share/doc/libogg-1.2.2'
make[4]: Leaving directory '/ws/userland/src/components/desktop/libogg/build/i86/doc'
make[3]: Leaving directory '/ws/userland/src/components/desktop/libogg/build/i86/doc'
make[2]: Leaving directory '/ws/userland/src/components/desktop/libogg/build/i86/doc'
make[2]: Entering directory '/ws/userland/src/components/desktop/libogg/build/i86'
make[3]: Entering directory '/ws/userland/src/components/desktop/libogg/build/i86'
make[3]: Nothing to be done for 'install-exec-am'.
test -z "/usr/share/aclocal" || /usr/gnu/bin/mkdir -p "/ws/userland/src/components/desktop/libogg/build/prototype/i386/usr/share/aclocal"
 /usr/gnu/bin/install -c -m 644 /ws/userland/src/components/desktop/libogg/libogg-1.2.2/ogg.m4 '/ws/userland/src/components/desktop/libogg/build/prototype/i386/usr/share/aclocal'
test -z "/usr/lib/pkgconfig" || /usr/gnu/bin/mkdir -p "/ws/userland/src/components/desktop/libogg/build/prototype/i386/usr/lib/pkgconfig"
 /usr/gnu/bin/install -c -m 644 ogg.pc '/ws/userland/src/components/desktop/libogg/build/prototype/i386/usr/lib/pkgconfig'
make[3]: Leaving directory '/ws/userland/src/components/desktop/libogg/build/i86'
make[2]: Leaving directory '/ws/userland/src/components/desktop/libogg/build/i86'
make[1]: Leaving directory '/ws/userland/src/components/desktop/libogg/build/i86'
/usr/bin/touch /ws/userland/src/components/desktop/libogg/build/i86/.installed
(cd /ws/userland/src/components/desktop/libogg/build/amd64 ; /usr/bin/env LD_OPTIONS="-M /usr/lib/ld/map.noexdata -M /usr/lib/ld/map.pagealign -Bdirect -zignore -zstrip-class=comment" LD_EXEC_OPTIONS=" -zsx=aslr=enable -zsx=nxstack=enable -zsx=nxheap=enable " LD_PIE_OPTIONS="-zsx=aslr=enable -zsx=nxstack=enable -zsx=nxheap=enable "  /usr/gnu/bin/make \
		 DESTDIR=/ws/userland/src/components/desktop/libogg/build/prototype/i386 install)
make[1]: Entering directory '/ws/userland/src/components/desktop/libogg/build/amd64'
Making install in src
make[2]: Entering directory '/ws/userland/src/components/desktop/libogg/build/amd64/src'
make[3]: Entering directory '/ws/userland/src/components/desktop/libogg/build/amd64/src'
test -z "/usr/lib/amd64" || /usr/gnu/bin/mkdir -p "/ws/userland/src/components/desktop/libogg/build/prototype/i386/usr/lib/amd64"
 /bin/bash ../libtool   --mode=install /usr/gnu/bin/install -c   libogg.la '/ws/userland/src/components/desktop/libogg/build/prototype/i386/usr/lib/amd64'
libtool: install: /usr/gnu/bin/install -c .libs/libogg.so.0.7.1 /ws/userland/src/components/desktop/libogg/build/prototype/i386/usr/lib/amd64/libogg.so.0.7.1
libtool: install: (cd /ws/userland/src/components/desktop/libogg/build/prototype/i386/usr/lib/amd64 && { ln -s -f libogg.so.0.7.1 libogg.so.0 || { rm -f libogg.so.0 && ln -s libogg.so.0.7.1 libogg.so.0; }; })
libtool: install: (cd /ws/userland/src/components/desktop/libogg/build/prototype/i386/usr/lib/amd64 && { ln -s -f libogg.so.0.7.1 libogg.so || { rm -f libogg.so && ln -s libogg.so.0.7.1 libogg.so; }; })
libtool: install: chmod +x /ws/userland/src/components/desktop/libogg/build/prototype/i386/usr/lib/amd64/libogg.so.0.7.1
libtool: install: /usr/gnu/bin/install -c .libs/libogg.lai /ws/userland/src/components/desktop/libogg/build/prototype/i386/usr/lib/amd64/libogg.la
libtool: install: /usr/gnu/bin/install -c .libs/libogg.a /ws/userland/src/components/desktop/libogg/build/prototype/i386/usr/lib/amd64/libogg.a
libtool: install: chmod 644 /ws/userland/src/components/desktop/libogg/build/prototype/i386/usr/lib/amd64/libogg.a
libtool: install: ranlib /ws/userland/src/components/desktop/libogg/build/prototype/i386/usr/lib/amd64/libogg.a
libtool: install: warning: remember to run `libtool --finish /usr/lib/amd64'
make[3]: Nothing to be done for 'install-data-am'.
make[3]: Leaving directory '/ws/userland/src/components/desktop/libogg/build/amd64/src'
make[2]: Leaving directory '/ws/userland/src/components/desktop/libogg/build/amd64/src'
Making install in include
make[2]: Entering directory '/ws/userland/src/components/desktop/libogg/build/amd64/include'
Making install in ogg
make[3]: Entering directory '/ws/userland/src/components/desktop/libogg/build/amd64/include/ogg'
make[4]: Entering directory '/ws/userland/src/components/desktop/libogg/build/amd64/include/ogg'
make[4]: Nothing to be done for 'install-exec-am'.
test -z "/usr/include/ogg" || /usr/gnu/bin/mkdir -p "/ws/userland/src/components/desktop/libogg/build/prototype/i386/usr/include/ogg"
 /usr/gnu/bin/install -c -m 644 config_types.h '/ws/userland/src/components/desktop/libogg/build/prototype/i386/usr/include/ogg'
test -z "/usr/include/ogg" || /usr/gnu/bin/mkdir -p "/ws/userland/src/components/desktop/libogg/build/prototype/i386/usr/include/ogg"
 /usr/gnu/bin/install -c -m 644 /ws/userland/src/components/desktop/libogg/libogg-1.2.2/include/ogg/ogg.h /ws/userland/src/components/desktop/libogg/libogg-1.2.2/include/ogg/os_types.h '/ws/userland/src/components/desktop/libogg/build/prototype/i386/usr/include/ogg'
make[4]: Leaving directory '/ws/userland/src/components/desktop/libogg/build/amd64/include/ogg'
make[3]: Leaving directory '/ws/userland/src/components/desktop/libogg/build/amd64/include/ogg'
make[3]: Entering directory '/ws/userland/src/components/desktop/libogg/build/amd64/include'
make[4]: Entering directory '/ws/userland/src/components/desktop/libogg/build/amd64/include'
make[4]: Nothing to be done for 'install-exec-am'.
make[4]: Nothing to be done for 'install-data-am'.
make[4]: Leaving directory '/ws/userland/src/components/desktop/libogg/build/amd64/include'
make[3]: Leaving directory '/ws/userland/src/components/desktop/libogg/build/amd64/include'
make[2]: Leaving directory '/ws/userland/src/components/desktop/libogg/build/amd64/include'
Making install in doc
make[2]: Entering directory '/ws/userland/src/components/desktop/libogg/build/amd64/doc'
Making install in libogg
make[3]: Entering directory '/ws/userland/src/components/desktop/libogg/build/amd64/doc/libogg'
make[4]: Entering directory '/ws/userland/src/components/desktop/libogg/build/amd64/doc/libogg'
make[4]: Nothing to be done for 'install-exec-am'.
test -z "/usr/share/doc/libogg-1.2.2/ogg" || /usr/gnu/bin/mkdir -p "/ws/userland/src/components/desktop/libogg/build/prototype/i386/usr/share/doc/libogg-1.2.2/ogg"
 /usr/gnu/bin/install -c -m 644 /ws/userland/src/components/desktop/libogg/libogg-1.2.2/doc/libogg/bitpacking.html /ws/userland/src/components/desktop/libogg/libogg-1.2.2/doc/libogg/datastructures.html /ws/userland/src/components/desktop/libogg/libogg-1.2.2/doc/libogg/decoding.html /ws/userland/src/components/desktop/libogg/libogg-1.2.2/doc/libogg/encoding.html /ws/userland/src/components/desktop/libogg/libogg-1.2.2/doc/libogg/general.html /ws/userland/src/components/desktop/libogg/libogg-1.2.2/doc/libogg/index.html /ws/userland/src/components/desktop/libogg/libogg-1.2.2/doc/libogg/ogg_packet.html /ws/userland/src/components/desktop/libogg/libogg-1.2.2/doc/libogg/ogg_packet_clear.html /ws/userland/src/components/desktop/libogg/libogg-1.2.2/doc/libogg/ogg_page.html /ws/userland/src/components/desktop/libogg/libogg-1.2.2/doc/libogg/ogg_page_bos.html /ws/userland/src/components/desktop/libogg/libogg-1.2.2/doc/libogg/ogg_page_checksum_set.html /ws/userland/src/components/desktop/libogg/libogg-1.2.2/doc/libogg/ogg_page_continued.html /ws/userland/src/components/desktop/libogg/libogg-1.2.2/doc/libogg/ogg_page_eos.html /ws/userland/src/components/desktop/libogg/libogg-1.2.2/doc/libogg/ogg_page_granulepos.html /ws/userland/src/components/desktop/libogg/libogg-1.2.2/doc/libogg/ogg_page_packets.html /ws/userland/src/components/desktop/libogg/libogg-1.2.2/doc/libogg/ogg_page_pageno.html /ws/userland/src/components/desktop/libogg/libogg-1.2.2/doc/libogg/ogg_page_serialno.html /ws/userland/src/components/desktop/libogg/libogg-1.2.2/doc/libogg/ogg_page_version.html /ws/userland/src/components/desktop/libogg/libogg-1.2.2/doc/libogg/ogg_stream_clear.html /ws/userland/src/components/desktop/libogg/libogg-1.2.2/doc/libogg/ogg_stream_destroy.html /ws/userland/src/components/desktop/libogg/libogg-1.2.2/doc/libogg/ogg_stream_eos.html /ws/userland/src/components/desktop/libogg/libogg-1.2.2/doc/libogg/ogg_stream_flush.html /ws/userland/src/components/desktop/libogg/libogg-1.2.2/doc/libogg/ogg_stream_init.html /ws/userland/src/components/desktop/libogg/libogg-1.2.2/doc/libogg/ogg_stream_packetin.html /ws/userland/src/components/desktop/libogg/libogg-1.2.2/doc/libogg/ogg_stream_packetout.html /ws/userland/src/components/desktop/libogg/libogg-1.2.2/doc/libogg/ogg_stream_packetpeek.html /ws/userland/src/components/desktop/libogg/libogg-1.2.2/doc/libogg/ogg_stream_pagein.html /ws/userland/src/components/desktop/libogg/libogg-1.2.2/doc/libogg/ogg_stream_pageout.html /ws/userland/src/components/desktop/libogg/libogg-1.2.2/doc/libogg/ogg_stream_pageout_fill.html /ws/userland/src/components/desktop/libogg/libogg-1.2.2/doc/libogg/ogg_stream_reset.html /ws/userland/src/components/desktop/libogg/libogg-1.2.2/doc/libogg/ogg_stream_reset_serialno.html /ws/userland/src/components/desktop/libogg/libogg-1.2.2/doc/libogg/ogg_stream_state.html /ws/userland/src/components/desktop/libogg/libogg-1.2.2/doc/libogg/ogg_sync_buffer.html /ws/userland/src/components/desktop/libogg/libogg-1.2.2/doc/libogg/ogg_sync_clear.html /ws/userland/src/components/desktop/libogg/libogg-1.2.2/doc/libogg/ogg_sync_destroy.html /ws/userland/src/components/desktop/libogg/libogg-1.2.2/doc/libogg/ogg_sync_init.html /ws/userland/src/components/desktop/libogg/libogg-1.2.2/doc/libogg/ogg_sync_pageout.html /ws/userland/src/components/desktop/libogg/libogg-1.2.2/doc/libogg/ogg_sync_pageseek.html /ws/userland/src/components/desktop/libogg/libogg-1.2.2/doc/libogg/ogg_sync_reset.html /ws/userland/src/components/desktop/libogg/libogg-1.2.2/doc/libogg/ogg_sync_state.html '/ws/userland/src/components/desktop/libogg/build/prototype/i386/usr/share/doc/libogg-1.2.2/ogg'
 /usr/gnu/bin/install -c -m 644 /ws/userland/src/components/desktop/libogg/libogg-1.2.2/doc/libogg/ogg_sync_wrote.html /ws/userland/src/components/desktop/libogg/libogg-1.2.2/doc/libogg/oggpack_adv.html /ws/userland/src/components/desktop/libogg/libogg-1.2.2/doc/libogg/oggpack_adv1.html /ws/userland/src/components/desktop/libogg/libogg-1.2.2/doc/libogg/oggpack_bits.html /ws/userland/src/components/desktop/libogg/libogg-1.2.2/doc/libogg/oggpack_buffer.html /ws/userland/src/components/desktop/libogg/libogg-1.2.2/doc/libogg/oggpack_bytes.html /ws/userland/src/components/desktop/libogg/libogg-1.2.2/doc/libogg/oggpack_get_buffer.html /ws/userland/src/components/desktop/libogg/libogg-1.2.2/doc/libogg/oggpack_look.html /ws/userland/src/components/desktop/libogg/libogg-1.2.2/doc/libogg/oggpack_look1.html /ws/userland/src/components/desktop/libogg/libogg-1.2.2/doc/libogg/oggpack_read.html /ws/userland/src/components/desktop/libogg/libogg-1.2.2/doc/libogg/oggpack_read1.html /ws/userland/src/components/desktop/libogg/libogg-1.2.2/doc/libogg/oggpack_readinit.html /ws/userland/src/components/desktop/libogg/libogg-1.2.2/doc/libogg/oggpack_reset.html /ws/userland/src/components/desktop/libogg/libogg-1.2.2/doc/libogg/oggpack_write.html /ws/userland/src/components/desktop/libogg/libogg-1.2.2/doc/libogg/oggpack_writealign.html /ws/userland/src/components/desktop/libogg/libogg-1.2.2/doc/libogg/oggpack_writeclear.html /ws/userland/src/components/desktop/libogg/libogg-1.2.2/doc/libogg/oggpack_writecopy.html /ws/userland/src/components/desktop/libogg/libogg-1.2.2/doc/libogg/oggpack_writeinit.html /ws/userland/src/components/desktop/libogg/libogg-1.2.2/doc/libogg/oggpack_writetrunc.html /ws/userland/src/components/desktop/libogg/libogg-1.2.2/doc/libogg/overview.html /ws/userland/src/components/desktop/libogg/libogg-1.2.2/doc/libogg/reference.html /ws/userland/src/components/desktop/libogg/libogg-1.2.2/doc/libogg/style.css '/ws/userland/src/components/desktop/libogg/build/prototype/i386/usr/share/doc/libogg-1.2.2/ogg'
make[4]: Leaving directory '/ws/userland/src/components/desktop/libogg/build/amd64/doc/libogg'
make[3]: Leaving directory '/ws/userland/src/components/desktop/libogg/build/amd64/doc/libogg'
make[3]: Entering directory '/ws/userland/src/components/desktop/libogg/build/amd64/doc'
make[4]: Entering directory '/ws/userland/src/components/desktop/libogg/build/amd64/doc'
make[4]: Nothing to be done for 'install-exec-am'.
test -z "/usr/share/doc/libogg-1.2.2" || /usr/gnu/bin/mkdir -p "/ws/userland/src/components/desktop/libogg/build/prototype/i386/usr/share/doc/libogg-1.2.2"
 /usr/gnu/bin/install -c -m 644 /ws/userland/src/components/desktop/libogg/libogg-1.2.2/doc/framing.html /ws/userland/src/components/desktop/libogg/libogg-1.2.2/doc/index.html /ws/userland/src/components/desktop/libogg/libogg-1.2.2/doc/oggstream.html /ws/userland/src/components/desktop/libogg/libogg-1.2.2/doc/ogg-multiplex.html /ws/userland/src/components/desktop/libogg/libogg-1.2.2/doc/stream.png /ws/userland/src/components/desktop/libogg/libogg-1.2.2/doc/vorbisword2.png /ws/userland/src/components/desktop/libogg/libogg-1.2.2/doc/white-ogg.png /ws/userland/src/components/desktop/libogg/libogg-1.2.2/doc/white-xifish.png /ws/userland/src/components/desktop/libogg/libogg-1.2.2/doc/rfc3533.txt /ws/userland/src/components/desktop/libogg/libogg-1.2.2/doc/rfc5334.txt /ws/userland/src/components/desktop/libogg/libogg-1.2.2/doc/skeleton.html '/ws/userland/src/components/desktop/libogg/build/prototype/i386/usr/share/doc/libogg-1.2.2'
make[4]: Leaving directory '/ws/userland/src/components/desktop/libogg/build/amd64/doc'
make[3]: Leaving directory '/ws/userland/src/components/desktop/libogg/build/amd64/doc'
make[2]: Leaving directory '/ws/userland/src/components/desktop/libogg/build/amd64/doc'
make[2]: Entering directory '/ws/userland/src/components/desktop/libogg/build/amd64'
make[3]: Entering directory '/ws/userland/src/components/desktop/libogg/build/amd64'
make[3]: Nothing to be done for 'install-exec-am'.
test -z "/usr/share/aclocal" || /usr/gnu/bin/mkdir -p "/ws/userland/src/components/desktop/libogg/build/prototype/i386/usr/share/aclocal"
 /usr/gnu/bin/install -c -m 644 /ws/userland/src/components/desktop/libogg/libogg-1.2.2/ogg.m4 '/ws/userland/src/components/desktop/libogg/build/prototype/i386/usr/share/aclocal'
test -z "/usr/lib/amd64/pkgconfig" || /usr/gnu/bin/mkdir -p "/ws/userland/src/components/desktop/libogg/build/prototype/i386/usr/lib/amd64/pkgconfig"
 /usr/gnu/bin/install -c -m 644 ogg.pc '/ws/userland/src/components/desktop/libogg/build/prototype/i386/usr/lib/amd64/pkgconfig'
make[3]: Leaving directory '/ws/userland/src/components/desktop/libogg/build/amd64'
make[2]: Leaving directory '/ws/userland/src/components/desktop/libogg/build/amd64'
make[1]: Leaving directory '/ws/userland/src/components/desktop/libogg/build/amd64'
/usr/bin/touch /ws/userland/src/components/desktop/libogg/build/amd64/.installed
/bin/rm -f /ws/userland/src/components/desktop/libogg/build/prototype/i386/include/ogg/config_types.h
/usr/gnu/bin/diff -D _LP64 \
    /ws/userland/src/components/desktop/libogg/build/i86/include/ogg/config_types.h /ws/userland/src/components/desktop/libogg/build/amd64/include/ogg/config_types.h \
    > /ws/userland/src/components/desktop/libogg/build/prototype/i386/usr/include/ogg/config_types.h; \
diffstatus=$? ; \
if (( $diffstatus != 1 )) ; then exit $diffstatus ; fi
abort: there is no Mercurial repository here (.hg not found)
/usr/bin/pkgfmt -c -fv2 libogg.p5m
/usr/bin/pkgmogrify -D PERL_ARCH=i86pc-solaris-thread-multi-64 -D PERL_VERSION=5.22 -D IPS_COMPONENT_RE_VERSION=1\\.2\\.2 -D COMPONENT_RE_VERSION=1\\.2\\.2 -D PYTHON_2.7_ONLY=# -D PYTHON_3.4_ONLY=# -D PYTHON_3.5_ONLY=# -D SQ=\' -D DQ=\" -D Q=\" -I/ws/userland/src/components/desktop/libogg -D SOLARIS_11_3_ONLY="#" -D SOLARIS_11_5_ONLY="#" -D SOLARIS_11_3_4_ONLY="" -D SOLARIS_11_4_5_ONLY="" -D SOLARIS_11_4_ONLY="" -D ARC_CASE="" -D TPNO="9571" -D BUILD_VERSION="5.11-11.4.0.0.1.14.0" -D OS_RELEASE="5.11" -D SOLARIS_VERSION="2.11" -D PKG_SOLARIS_VERSION="11.4" -D CONSOLIDATION="userland" -D CONSOLIDATION_CHANGESET="" -D CONSOLIDATION_REPOSITORY_URL="https://github.com/oracle/solaris-userland.git" -D COMPONENT_VERSION="1.2.2" -D IPS_COMPONENT_VERSION="1.2.2" -D HUMAN_VERSION="" -D COMPONENT_ARCHIVE_URL="http://downloads.xiph.org/releases/ogg/libogg-1.2.2.tar.gz" -D COMPONENT_PROJECT_URL="https://xiph.org/ogg/" -D COMPONENT_NAME="libogg" -D HG_REPO="" -D HG_REV="" -D HG_URL="" -D GIT_COMMIT_ID="" -D GIT_REPO="" -D GIT_TAG="" -D MACH="i386" -D MACH32="i86" -D MACH64="amd64" -D PUBLISHER="nightly" -D PUBLISHER_LOCALIZABLE="userland-localizable" libogg.p5m \
	/ws/userland/src/transforms/license-changes /ws/userland/src/transforms/variant-cleanup /ws/userland/src/transforms/autopyc /ws/userland/src/transforms/defaults /ws/userland/src/transforms/actuators /ws/userland/src/transforms/depends /ws/userland/src/transforms/devel /ws/userland/src/transforms/docs /ws/userland/src/transforms/locale /ws/userland/src/transforms/standard-python-libraries /ws/userland/src/transforms/python-rename /ws/userland/src/transforms/python-3-groups /ws/userland/src/transforms/python-3-soabi /ws/userland/src/transforms/python-3-no-32bit /ws/userland/src/transforms/ruby-tests /ws/userland/src/transforms/puppet /ws/userland/src/transforms/libtool-drop /ws/userland/src/transforms/incorporate /ws/userland/src/transforms/publish-cleanup | \
	sed -e '/^$/d' -e '/^#.*$/d' | uniq >/ws/userland/src/components/desktop/libogg/build/manifest-i386-libogg.mogrified
/bin/mkdir -p /ws/userland/src/components/desktop/libogg/build/prototype/i386/mangled
/ws/userland/src/tools/userland-mangler -D /ws/userland/src/components/desktop/libogg/build/prototype/i386/mangled -d /ws/userland/src/components/desktop/libogg/build/prototype/i386/mangled -d /ws/userland/src/components/desktop/libogg/build/prototype/i386 -d /ws/userland/src/components/desktop/libogg/build -d /ws/userland/src/components/desktop/libogg -d libogg-1.2.2 -d /ws/userland/src/licenses -d /ws/userland/src/components/desktop/libogg/files -m /ws/userland/src/components/desktop/libogg/build/manifest-i386-libogg.mogrified >/ws/userland/src/components/desktop/libogg/build/manifest-i386-libogg.mangled
/usr/bin/env  /usr/bin/pkgdepend generate \
    -m -d /ws/userland/src/components/desktop/libogg/build/prototype/i386/mangled -d /ws/userland/src/components/desktop/libogg/build/prototype/i386 -d /ws/userland/src/components/desktop/libogg/build -d /ws/userland/src/components/desktop/libogg -d libogg-1.2.2 -d /ws/userland/src/licenses -d /ws/userland/src/components/desktop/libogg/files /ws/userland/src/components/desktop/libogg/build/manifest-i386-libogg.mangled >/ws/userland/src/components/desktop/libogg/build/manifest-i386-libogg.depend
/usr/bin/pkgdepend resolve -e /ws/userland/src/components/desktop/libogg/build/resolve.deps -m /ws/userland/src/components/desktop/libogg/build/manifest-i386-libogg.depend
/usr/bin/touch /ws/userland/src/components/desktop/libogg/build/.resolved-i386
VALIDATING MANIFEST CONTENT: /ws/userland/src/components/desktop/libogg/build/manifest-i386-libogg.depend.res
/usr/bin/env PYTHONPATH=/ws/userland/src/tools/python PROTO_PATH="/ws/userland/src/components/desktop/libogg/build/prototype/i386/mangled /ws/userland/src/components/desktop/libogg/build/prototype/i386 /ws/userland/src/components/desktop/libogg/build /ws/userland/src/components/desktop/libogg libogg-1.2.2 /ws/userland/src/licenses /ws/userland/src/components/desktop/libogg/files"\
	SOLARIS_VERSION=2.11\
	/bin/true -c /ws/userland/src/i386/pkglint-cache \
		-f /ws/userland/src/tools/pkglintrc /ws/userland/src/components/desktop/libogg/build/manifest-i386-libogg.depend.res
/usr/bin/touch /ws/userland/src/components/desktop/libogg/build/.linted-i386
/usr/bin/pkgsend -s file:/ws/userland/src/i386/repo publish --fmri-in-manifest --no-catalog -d /ws/userland/src/components/desktop/libogg/build/prototype/i386/mangled -d /ws/userland/src/components/desktop/libogg/build/prototype/i386 -d /ws/userland/src/components/desktop/libogg/build -d /ws/userland/src/components/desktop/libogg -d libogg-1.2.2 -d /ws/userland/src/licenses -d /ws/userland/src/components/desktop/libogg/files -T \*.py /ws/userland/src/components/desktop/libogg/build/manifest-i386-libogg.depend.res
pkg://nightly/codec/libogg@1.2.2,5.11-11.4.0.0.1.14.0:20190727T212444Z
PUBLISHED
/usr/bin/pkgfmt </ws/userland/src/components/desktop/libogg/build/manifest-i386-libogg.depend.res >/ws/userland/src/components/desktop/libogg/build/manifest-i386-libogg.published
/usr/bin/touch /ws/userland/src/components/desktop/libogg/build/.published-i386
gmake: Leaving directory '/ws/userland/src/components/desktop/libogg'

real       31.4
user        9.4
sys         3.0
