gmake: Entering directory '/ws/userland/src/components/desktop/os-welcome'
/usr/bin/touch /ws/userland/src/components/desktop/os-welcome/files/.prep
/bin/rm -f -r /ws/userland/src/components/desktop/os-welcome/build/i386 ; /bin/mkdir -p /ws/userland/src/components/desktop/os-welcome/build/i386
/ws/userland/src/tools/cloney /ws/userland/src/components/desktop/os-welcome/files /ws/userland/src/components/desktop/os-welcome/build/i386
symlink cloning /ws/userland/src/components/desktop/os-welcome/files to /ws/userland/src/components/desktop/os-welcome/build/i386
(cd /ws/userland/src/components/desktop/os-welcome/build/i386; /usr/bin/env LD_OPTIONS="-M /usr/lib/ld/map.noexdata -M /usr/lib/ld/map.pagealign -Bdirect -zignore -zstrip-class=comment" LD_EXEC_OPTIONS=" -zsx=aslr=disable -zsx=nxstack=disable -zsx=nxheap=disable " LD_PIE_OPTIONS="-zsx=aslr=disable -zsx=nxstack=disable -zsx=nxheap=disable "  CC="/opt/solarisstudio12.4/bin/cc" CXX="/opt/solarisstudio12.4/bin/CC" CFLAGS="-m32 -xO4 -xchip=pentium -xregs=no%frameptr -mt" CXXFLAGS="-norunpath -m32 -xO4 -xchip=pentium -xregs=no%frameptr" LDFLAGS="" PATH="/usr/gnu/bin:/usr/bin:/usr/gnu/bin" /usr/gnu/bin/make  )
make[1]: Entering directory '/ws/userland/src/components/desktop/os-welcome/build/i386'
cp os-about.py os-about
cp os-next-steps.py os-next-steps
LC_ALL=C /usr/bin/intltool-merge -d -u -c ./po/.intltool-merge-cache ./po os-about.desktop.in os-about.desktop
Generating and caching the translation database
Merging translations into os-about.desktop.
LC_ALL=C /usr/bin/intltool-merge -d -u -c ./po/.intltool-merge-cache ./po os-next-steps.desktop.in os-next-steps.desktop
Found cached translation database
Merging translations into os-next-steps.desktop.
make[2]: Entering directory '/ws/userland/src/components/desktop/os-welcome/build/i386/po'
file=`echo af | sed 's,.*/,,'`.gmo \
  && rm -f $file && /usr/bin/gmsgfmt -o $file af.po
file=`echo ar | sed 's,.*/,,'`.gmo \
  && rm -f $file && /usr/bin/gmsgfmt -o $file ar.po
file=`echo az | sed 's,.*/,,'`.gmo \
  && rm -f $file && /usr/bin/gmsgfmt -o $file az.po
file=`echo be | sed 's,.*/,,'`.gmo \
  && rm -f $file && /usr/bin/gmsgfmt -o $file be.po
file=`echo be@latin | sed 's,.*/,,'`.gmo \
  && rm -f $file && /usr/bin/gmsgfmt -o $file be@latin.po
file=`echo bg | sed 's,.*/,,'`.gmo \
  && rm -f $file && /usr/bin/gmsgfmt -o $file bg.po
file=`echo bn_IN | sed 's,.*/,,'`.gmo \
  && rm -f $file && /usr/bin/gmsgfmt -o $file bn_IN.po
file=`echo br | sed 's,.*/,,'`.gmo \
  && rm -f $file && /usr/bin/gmsgfmt -o $file br.po
file=`echo ca | sed 's,.*/,,'`.gmo \
  && rm -f $file && /usr/bin/gmsgfmt -o $file ca.po
file=`echo cs | sed 's,.*/,,'`.gmo \
  && rm -f $file && /usr/bin/gmsgfmt -o $file cs.po
file=`echo cy | sed 's,.*/,,'`.gmo \
  && rm -f $file && /usr/bin/gmsgfmt -o $file cy.po
file=`echo da | sed 's,.*/,,'`.gmo \
  && rm -f $file && /usr/bin/gmsgfmt -o $file da.po
file=`echo de | sed 's,.*/,,'`.gmo \
  && rm -f $file && /usr/bin/gmsgfmt -o $file de.po
file=`echo el | sed 's,.*/,,'`.gmo \
  && rm -f $file && /usr/bin/gmsgfmt -o $file el.po
file=`echo eo | sed 's,.*/,,'`.gmo \
  && rm -f $file && /usr/bin/gmsgfmt -o $file eo.po
file=`echo es | sed 's,.*/,,'`.gmo \
  && rm -f $file && /usr/bin/gmsgfmt -o $file es.po
file=`echo fa | sed 's,.*/,,'`.gmo \
  && rm -f $file && /usr/bin/gmsgfmt -o $file fa.po
file=`echo fi | sed 's,.*/,,'`.gmo \
  && rm -f $file && /usr/bin/gmsgfmt -o $file fi.po
file=`echo fr | sed 's,.*/,,'`.gmo \
  && rm -f $file && /usr/bin/gmsgfmt -o $file fr.po
file=`echo ga | sed 's,.*/,,'`.gmo \
  && rm -f $file && /usr/bin/gmsgfmt -o $file ga.po
file=`echo gl | sed 's,.*/,,'`.gmo \
  && rm -f $file && /usr/bin/gmsgfmt -o $file gl.po
file=`echo he | sed 's,.*/,,'`.gmo \
  && rm -f $file && /usr/bin/gmsgfmt -o $file he.po
file=`echo hu | sed 's,.*/,,'`.gmo \
  && rm -f $file && /usr/bin/gmsgfmt -o $file hu.po
file=`echo id | sed 's,.*/,,'`.gmo \
  && rm -f $file && /usr/bin/gmsgfmt -o $file id.po
file=`echo is | sed 's,.*/,,'`.gmo \
  && rm -f $file && /usr/bin/gmsgfmt -o $file is.po
file=`echo it | sed 's,.*/,,'`.gmo \
  && rm -f $file && /usr/bin/gmsgfmt -o $file it.po
file=`echo ja | sed 's,.*/,,'`.gmo \
  && rm -f $file && /usr/bin/gmsgfmt -o $file ja.po
file=`echo kn | sed 's,.*/,,'`.gmo \
  && rm -f $file && /usr/bin/gmsgfmt -o $file kn.po
file=`echo ko | sed 's,.*/,,'`.gmo \
  && rm -f $file && /usr/bin/gmsgfmt -o $file ko.po
file=`echo ku | sed 's,.*/,,'`.gmo \
  && rm -f $file && /usr/bin/gmsgfmt -o $file ku.po
file=`echo ky | sed 's,.*/,,'`.gmo \
  && rm -f $file && /usr/bin/gmsgfmt -o $file ky.po
file=`echo lt | sed 's,.*/,,'`.gmo \
  && rm -f $file && /usr/bin/gmsgfmt -o $file lt.po
file=`echo lv | sed 's,.*/,,'`.gmo \
  && rm -f $file && /usr/bin/gmsgfmt -o $file lv.po
file=`echo mg | sed 's,.*/,,'`.gmo \
  && rm -f $file && /usr/bin/gmsgfmt -o $file mg.po
file=`echo mi | sed 's,.*/,,'`.gmo \
  && rm -f $file && /usr/bin/gmsgfmt -o $file mi.po
file=`echo mk | sed 's,.*/,,'`.gmo \
  && rm -f $file && /usr/bin/gmsgfmt -o $file mk.po
file=`echo mr | sed 's,.*/,,'`.gmo \
  && rm -f $file && /usr/bin/gmsgfmt -o $file mr.po
file=`echo ms | sed 's,.*/,,'`.gmo \
  && rm -f $file && /usr/bin/gmsgfmt -o $file ms.po
file=`echo nb | sed 's,.*/,,'`.gmo \
  && rm -f $file && /usr/bin/gmsgfmt -o $file nb.po
file=`echo nl | sed 's,.*/,,'`.gmo \
  && rm -f $file && /usr/bin/gmsgfmt -o $file nl.po
file=`echo nn | sed 's,.*/,,'`.gmo \
  && rm -f $file && /usr/bin/gmsgfmt -o $file nn.po
file=`echo nso | sed 's,.*/,,'`.gmo \
  && rm -f $file && /usr/bin/gmsgfmt -o $file nso.po
file=`echo oc | sed 's,.*/,,'`.gmo \
  && rm -f $file && /usr/bin/gmsgfmt -o $file oc.po
file=`echo pl | sed 's,.*/,,'`.gmo \
  && rm -f $file && /usr/bin/gmsgfmt -o $file pl.po
file=`echo pt | sed 's,.*/,,'`.gmo \
  && rm -f $file && /usr/bin/gmsgfmt -o $file pt.po
file=`echo pt_BR | sed 's,.*/,,'`.gmo \
  && rm -f $file && /usr/bin/gmsgfmt -o $file pt_BR.po
file=`echo ro | sed 's,.*/,,'`.gmo \
  && rm -f $file && /usr/bin/gmsgfmt -o $file ro.po
file=`echo ru | sed 's,.*/,,'`.gmo \
  && rm -f $file && /usr/bin/gmsgfmt -o $file ru.po
file=`echo si | sed 's,.*/,,'`.gmo \
  && rm -f $file && /usr/bin/gmsgfmt -o $file si.po
file=`echo sk | sed 's,.*/,,'`.gmo \
  && rm -f $file && /usr/bin/gmsgfmt -o $file sk.po
file=`echo sl | sed 's,.*/,,'`.gmo \
  && rm -f $file && /usr/bin/gmsgfmt -o $file sl.po
file=`echo sq | sed 's,.*/,,'`.gmo \
  && rm -f $file && /usr/bin/gmsgfmt -o $file sq.po
file=`echo sv | sed 's,.*/,,'`.gmo \
  && rm -f $file && /usr/bin/gmsgfmt -o $file sv.po
file=`echo th | sed 's,.*/,,'`.gmo \
  && rm -f $file && /usr/bin/gmsgfmt -o $file th.po
file=`echo tk | sed 's,.*/,,'`.gmo \
  && rm -f $file && /usr/bin/gmsgfmt -o $file tk.po
file=`echo tr | sed 's,.*/,,'`.gmo \
  && rm -f $file && /usr/bin/gmsgfmt -o $file tr.po
file=`echo ug | sed 's,.*/,,'`.gmo \
  && rm -f $file && /usr/bin/gmsgfmt -o $file ug.po
file=`echo uk | sed 's,.*/,,'`.gmo \
  && rm -f $file && /usr/bin/gmsgfmt -o $file uk.po
file=`echo uz@cyrillic | sed 's,.*/,,'`.gmo \
  && rm -f $file && /usr/bin/gmsgfmt -o $file uz@cyrillic.po
file=`echo vi | sed 's,.*/,,'`.gmo \
  && rm -f $file && /usr/bin/gmsgfmt -o $file vi.po
file=`echo wa | sed 's,.*/,,'`.gmo \
  && rm -f $file && /usr/bin/gmsgfmt -o $file wa.po
file=`echo yo | sed 's,.*/,,'`.gmo \
  && rm -f $file && /usr/bin/gmsgfmt -o $file yo.po
file=`echo zh_CN | sed 's,.*/,,'`.gmo \
  && rm -f $file && /usr/bin/gmsgfmt -o $file zh_CN.po
file=`echo zh_HK | sed 's,.*/,,'`.gmo \
  && rm -f $file && /usr/bin/gmsgfmt -o $file zh_HK.po
file=`echo zh_TW | sed 's,.*/,,'`.gmo \
  && rm -f $file && /usr/bin/gmsgfmt -o $file zh_TW.po
file=`echo zu | sed 's,.*/,,'`.gmo \
  && rm -f $file && /usr/bin/gmsgfmt -o $file zu.po
INTLTOOL_EXTRACT="/usr/bin/intltool-extract" XGETTEXT="/usr/bin/gxgettext" srcdir=. /usr/bin/intltool-update --gettext-package os-welcome --pot
make[2]: Leaving directory '/ws/userland/src/components/desktop/os-welcome/build/i386/po'
use make install DESTDIR=/path/to/proto to install to a proto area
make[1]: Leaving directory '/ws/userland/src/components/desktop/os-welcome/build/i386'
/usr/bin/touch /ws/userland/src/components/desktop/os-welcome/build/i386/.built
(cd /ws/userland/src/components/desktop/os-welcome/build/i386 ; /usr/bin/env LD_OPTIONS="-M /usr/lib/ld/map.noexdata -M /usr/lib/ld/map.pagealign -Bdirect -zignore -zstrip-class=comment" LD_EXEC_OPTIONS=" -zsx=aslr=disable -zsx=nxstack=disable -zsx=nxheap=disable " LD_PIE_OPTIONS="-zsx=aslr=disable -zsx=nxstack=disable -zsx=nxheap=disable "  /usr/gnu/bin/make  DESTDIR=/ws/userland/src/components/desktop/os-welcome/build/prototype/i386  install)
make[1]: Entering directory '/ws/userland/src/components/desktop/os-welcome/build/i386'
make[2]: Entering directory '/ws/userland/src/components/desktop/os-welcome/build/i386/po'
install -d -m 755 /ws/userland/src/components/desktop/os-welcome/build/prototype/i386/usr/share/locale
linguas="af ar az be be@latin bg bn_IN br ca cs cy da de el eo es fa fi fr ga gl he hu id is it ja kn ko ku ky lt lv mg mi mk mr ms nb nl nn nso oc pl pt pt_BR ro ru si sk sl sq sv th tk tr ug uk uz@cyrillic vi wa yo zh_CN zh_HK zh_TW zu "; \
for lang in $linguas; do \
  dir=/ws/userland/src/components/desktop/os-welcome/build/prototype/i386/usr/share/locale/$lang/LC_MESSAGES; \
  install -d -m 755 $dir; \
  if test -r $lang.gmo; then \
    install -c -m 644 $lang.gmo $dir/os-welcome.mo; \
    echo "installing $lang.gmo as $dir/os-welcome.mo"; \
  else \
    install -c -m 644 ./$lang.gmo $dir/os-welcome.mo; \
    echo "installing ./$lang.gmo as" \
	 "$dir/os-welcome.mo"; \
  fi; \
done
installing af.gmo as /ws/userland/src/components/desktop/os-welcome/build/prototype/i386/usr/share/locale/af/LC_MESSAGES/os-welcome.mo
installing ar.gmo as /ws/userland/src/components/desktop/os-welcome/build/prototype/i386/usr/share/locale/ar/LC_MESSAGES/os-welcome.mo
installing az.gmo as /ws/userland/src/components/desktop/os-welcome/build/prototype/i386/usr/share/locale/az/LC_MESSAGES/os-welcome.mo
installing be.gmo as /ws/userland/src/components/desktop/os-welcome/build/prototype/i386/usr/share/locale/be/LC_MESSAGES/os-welcome.mo
installing be@latin.gmo as /ws/userland/src/components/desktop/os-welcome/build/prototype/i386/usr/share/locale/be@latin/LC_MESSAGES/os-welcome.mo
installing bg.gmo as /ws/userland/src/components/desktop/os-welcome/build/prototype/i386/usr/share/locale/bg/LC_MESSAGES/os-welcome.mo
installing bn_IN.gmo as /ws/userland/src/components/desktop/os-welcome/build/prototype/i386/usr/share/locale/bn_IN/LC_MESSAGES/os-welcome.mo
installing br.gmo as /ws/userland/src/components/desktop/os-welcome/build/prototype/i386/usr/share/locale/br/LC_MESSAGES/os-welcome.mo
installing ca.gmo as /ws/userland/src/components/desktop/os-welcome/build/prototype/i386/usr/share/locale/ca/LC_MESSAGES/os-welcome.mo
installing cs.gmo as /ws/userland/src/components/desktop/os-welcome/build/prototype/i386/usr/share/locale/cs/LC_MESSAGES/os-welcome.mo
installing cy.gmo as /ws/userland/src/components/desktop/os-welcome/build/prototype/i386/usr/share/locale/cy/LC_MESSAGES/os-welcome.mo
installing da.gmo as /ws/userland/src/components/desktop/os-welcome/build/prototype/i386/usr/share/locale/da/LC_MESSAGES/os-welcome.mo
installing de.gmo as /ws/userland/src/components/desktop/os-welcome/build/prototype/i386/usr/share/locale/de/LC_MESSAGES/os-welcome.mo
installing el.gmo as /ws/userland/src/components/desktop/os-welcome/build/prototype/i386/usr/share/locale/el/LC_MESSAGES/os-welcome.mo
installing eo.gmo as /ws/userland/src/components/desktop/os-welcome/build/prototype/i386/usr/share/locale/eo/LC_MESSAGES/os-welcome.mo
installing es.gmo as /ws/userland/src/components/desktop/os-welcome/build/prototype/i386/usr/share/locale/es/LC_MESSAGES/os-welcome.mo
installing fa.gmo as /ws/userland/src/components/desktop/os-welcome/build/prototype/i386/usr/share/locale/fa/LC_MESSAGES/os-welcome.mo
installing fi.gmo as /ws/userland/src/components/desktop/os-welcome/build/prototype/i386/usr/share/locale/fi/LC_MESSAGES/os-welcome.mo
installing fr.gmo as /ws/userland/src/components/desktop/os-welcome/build/prototype/i386/usr/share/locale/fr/LC_MESSAGES/os-welcome.mo
installing ga.gmo as /ws/userland/src/components/desktop/os-welcome/build/prototype/i386/usr/share/locale/ga/LC_MESSAGES/os-welcome.mo
installing gl.gmo as /ws/userland/src/components/desktop/os-welcome/build/prototype/i386/usr/share/locale/gl/LC_MESSAGES/os-welcome.mo
installing he.gmo as /ws/userland/src/components/desktop/os-welcome/build/prototype/i386/usr/share/locale/he/LC_MESSAGES/os-welcome.mo
installing hu.gmo as /ws/userland/src/components/desktop/os-welcome/build/prototype/i386/usr/share/locale/hu/LC_MESSAGES/os-welcome.mo
installing id.gmo as /ws/userland/src/components/desktop/os-welcome/build/prototype/i386/usr/share/locale/id/LC_MESSAGES/os-welcome.mo
installing is.gmo as /ws/userland/src/components/desktop/os-welcome/build/prototype/i386/usr/share/locale/is/LC_MESSAGES/os-welcome.mo
installing it.gmo as /ws/userland/src/components/desktop/os-welcome/build/prototype/i386/usr/share/locale/it/LC_MESSAGES/os-welcome.mo
installing ja.gmo as /ws/userland/src/components/desktop/os-welcome/build/prototype/i386/usr/share/locale/ja/LC_MESSAGES/os-welcome.mo
installing kn.gmo as /ws/userland/src/components/desktop/os-welcome/build/prototype/i386/usr/share/locale/kn/LC_MESSAGES/os-welcome.mo
installing ko.gmo as /ws/userland/src/components/desktop/os-welcome/build/prototype/i386/usr/share/locale/ko/LC_MESSAGES/os-welcome.mo
installing ku.gmo as /ws/userland/src/components/desktop/os-welcome/build/prototype/i386/usr/share/locale/ku/LC_MESSAGES/os-welcome.mo
installing ky.gmo as /ws/userland/src/components/desktop/os-welcome/build/prototype/i386/usr/share/locale/ky/LC_MESSAGES/os-welcome.mo
installing lt.gmo as /ws/userland/src/components/desktop/os-welcome/build/prototype/i386/usr/share/locale/lt/LC_MESSAGES/os-welcome.mo
installing lv.gmo as /ws/userland/src/components/desktop/os-welcome/build/prototype/i386/usr/share/locale/lv/LC_MESSAGES/os-welcome.mo
installing mg.gmo as /ws/userland/src/components/desktop/os-welcome/build/prototype/i386/usr/share/locale/mg/LC_MESSAGES/os-welcome.mo
installing mi.gmo as /ws/userland/src/components/desktop/os-welcome/build/prototype/i386/usr/share/locale/mi/LC_MESSAGES/os-welcome.mo
installing mk.gmo as /ws/userland/src/components/desktop/os-welcome/build/prototype/i386/usr/share/locale/mk/LC_MESSAGES/os-welcome.mo
installing mr.gmo as /ws/userland/src/components/desktop/os-welcome/build/prototype/i386/usr/share/locale/mr/LC_MESSAGES/os-welcome.mo
installing ms.gmo as /ws/userland/src/components/desktop/os-welcome/build/prototype/i386/usr/share/locale/ms/LC_MESSAGES/os-welcome.mo
installing nb.gmo as /ws/userland/src/components/desktop/os-welcome/build/prototype/i386/usr/share/locale/nb/LC_MESSAGES/os-welcome.mo
installing nl.gmo as /ws/userland/src/components/desktop/os-welcome/build/prototype/i386/usr/share/locale/nl/LC_MESSAGES/os-welcome.mo
installing nn.gmo as /ws/userland/src/components/desktop/os-welcome/build/prototype/i386/usr/share/locale/nn/LC_MESSAGES/os-welcome.mo
installing nso.gmo as /ws/userland/src/components/desktop/os-welcome/build/prototype/i386/usr/share/locale/nso/LC_MESSAGES/os-welcome.mo
installing oc.gmo as /ws/userland/src/components/desktop/os-welcome/build/prototype/i386/usr/share/locale/oc/LC_MESSAGES/os-welcome.mo
installing pl.gmo as /ws/userland/src/components/desktop/os-welcome/build/prototype/i386/usr/share/locale/pl/LC_MESSAGES/os-welcome.mo
installing pt.gmo as /ws/userland/src/components/desktop/os-welcome/build/prototype/i386/usr/share/locale/pt/LC_MESSAGES/os-welcome.mo
installing pt_BR.gmo as /ws/userland/src/components/desktop/os-welcome/build/prototype/i386/usr/share/locale/pt_BR/LC_MESSAGES/os-welcome.mo
installing ro.gmo as /ws/userland/src/components/desktop/os-welcome/build/prototype/i386/usr/share/locale/ro/LC_MESSAGES/os-welcome.mo
installing ru.gmo as /ws/userland/src/components/desktop/os-welcome/build/prototype/i386/usr/share/locale/ru/LC_MESSAGES/os-welcome.mo
installing si.gmo as /ws/userland/src/components/desktop/os-welcome/build/prototype/i386/usr/share/locale/si/LC_MESSAGES/os-welcome.mo
installing sk.gmo as /ws/userland/src/components/desktop/os-welcome/build/prototype/i386/usr/share/locale/sk/LC_MESSAGES/os-welcome.mo
installing sl.gmo as /ws/userland/src/components/desktop/os-welcome/build/prototype/i386/usr/share/locale/sl/LC_MESSAGES/os-welcome.mo
installing sq.gmo as /ws/userland/src/components/desktop/os-welcome/build/prototype/i386/usr/share/locale/sq/LC_MESSAGES/os-welcome.mo
installing sv.gmo as /ws/userland/src/components/desktop/os-welcome/build/prototype/i386/usr/share/locale/sv/LC_MESSAGES/os-welcome.mo
installing th.gmo as /ws/userland/src/components/desktop/os-welcome/build/prototype/i386/usr/share/locale/th/LC_MESSAGES/os-welcome.mo
installing tk.gmo as /ws/userland/src/components/desktop/os-welcome/build/prototype/i386/usr/share/locale/tk/LC_MESSAGES/os-welcome.mo
installing tr.gmo as /ws/userland/src/components/desktop/os-welcome/build/prototype/i386/usr/share/locale/tr/LC_MESSAGES/os-welcome.mo
installing ug.gmo as /ws/userland/src/components/desktop/os-welcome/build/prototype/i386/usr/share/locale/ug/LC_MESSAGES/os-welcome.mo
installing uk.gmo as /ws/userland/src/components/desktop/os-welcome/build/prototype/i386/usr/share/locale/uk/LC_MESSAGES/os-welcome.mo
installing uz@cyrillic.gmo as /ws/userland/src/components/desktop/os-welcome/build/prototype/i386/usr/share/locale/uz@cyrillic/LC_MESSAGES/os-welcome.mo
installing vi.gmo as /ws/userland/src/components/desktop/os-welcome/build/prototype/i386/usr/share/locale/vi/LC_MESSAGES/os-welcome.mo
installing wa.gmo as /ws/userland/src/components/desktop/os-welcome/build/prototype/i386/usr/share/locale/wa/LC_MESSAGES/os-welcome.mo
installing yo.gmo as /ws/userland/src/components/desktop/os-welcome/build/prototype/i386/usr/share/locale/yo/LC_MESSAGES/os-welcome.mo
installing zh_CN.gmo as /ws/userland/src/components/desktop/os-welcome/build/prototype/i386/usr/share/locale/zh_CN/LC_MESSAGES/os-welcome.mo
installing zh_HK.gmo as /ws/userland/src/components/desktop/os-welcome/build/prototype/i386/usr/share/locale/zh_HK/LC_MESSAGES/os-welcome.mo
installing zh_TW.gmo as /ws/userland/src/components/desktop/os-welcome/build/prototype/i386/usr/share/locale/zh_TW/LC_MESSAGES/os-welcome.mo
installing zu.gmo as /ws/userland/src/components/desktop/os-welcome/build/prototype/i386/usr/share/locale/zu/LC_MESSAGES/os-welcome.mo
make[2]: Leaving directory '/ws/userland/src/components/desktop/os-welcome/build/i386/po'
/usr/sbin/install -d -m 755 /ws/userland/src/components/desktop/os-welcome/build/prototype/i386/usr/share/doc/os-welcome
directory /ws/userland/src/components/desktop/os-welcome/build/prototype/i386/usr/share/doc/os-welcome created
for f in  html/C/index.html  html/de/index.html  html/es/index.html  html/fr/index.html  html/it/index.html  html/ja/index.html  html/ko/index.html  html/pt_BR/index.html  html/zh_CN/index.html  html/zh_HK/index.html  html/zh_TW/index.html html/index.html html/C/images/ora_info_company.png html/C/images/ora_solaris.png  html/C/js/1p.js html/C/css/master.css ; do \
  dir=`dirname $f`; \
  echo installing $f in $dir; \
  /usr/sbin/install -d -m 755 /ws/userland/src/components/desktop/os-welcome/build/prototype/i386/usr/share/doc/os-welcome/$dir; \
  /usr/sbin/install -m 644 -f /ws/userland/src/components/desktop/os-welcome/build/prototype/i386/usr/share/doc/os-welcome/$dir $f; \
done
installing html/C/index.html in html/C
directory /ws/userland/src/components/desktop/os-welcome/build/prototype/i386/usr/share/doc/os-welcome/html/C created
html/C/index.html installed as /ws/userland/src/components/desktop/os-welcome/build/prototype/i386/usr/share/doc/os-welcome/html/C/index.html
installing html/de/index.html in html/de
directory /ws/userland/src/components/desktop/os-welcome/build/prototype/i386/usr/share/doc/os-welcome/html/de created
html/de/index.html installed as /ws/userland/src/components/desktop/os-welcome/build/prototype/i386/usr/share/doc/os-welcome/html/de/index.html
installing html/es/index.html in html/es
directory /ws/userland/src/components/desktop/os-welcome/build/prototype/i386/usr/share/doc/os-welcome/html/es created
html/es/index.html installed as /ws/userland/src/components/desktop/os-welcome/build/prototype/i386/usr/share/doc/os-welcome/html/es/index.html
installing html/fr/index.html in html/fr
directory /ws/userland/src/components/desktop/os-welcome/build/prototype/i386/usr/share/doc/os-welcome/html/fr created
html/fr/index.html installed as /ws/userland/src/components/desktop/os-welcome/build/prototype/i386/usr/share/doc/os-welcome/html/fr/index.html
installing html/it/index.html in html/it
directory /ws/userland/src/components/desktop/os-welcome/build/prototype/i386/usr/share/doc/os-welcome/html/it created
html/it/index.html installed as /ws/userland/src/components/desktop/os-welcome/build/prototype/i386/usr/share/doc/os-welcome/html/it/index.html
installing html/ja/index.html in html/ja
directory /ws/userland/src/components/desktop/os-welcome/build/prototype/i386/usr/share/doc/os-welcome/html/ja created
html/ja/index.html installed as /ws/userland/src/components/desktop/os-welcome/build/prototype/i386/usr/share/doc/os-welcome/html/ja/index.html
installing html/ko/index.html in html/ko
directory /ws/userland/src/components/desktop/os-welcome/build/prototype/i386/usr/share/doc/os-welcome/html/ko created
html/ko/index.html installed as /ws/userland/src/components/desktop/os-welcome/build/prototype/i386/usr/share/doc/os-welcome/html/ko/index.html
installing html/pt_BR/index.html in html/pt_BR
directory /ws/userland/src/components/desktop/os-welcome/build/prototype/i386/usr/share/doc/os-welcome/html/pt_BR created
html/pt_BR/index.html installed as /ws/userland/src/components/desktop/os-welcome/build/prototype/i386/usr/share/doc/os-welcome/html/pt_BR/index.html
installing html/zh_CN/index.html in html/zh_CN
directory /ws/userland/src/components/desktop/os-welcome/build/prototype/i386/usr/share/doc/os-welcome/html/zh_CN created
html/zh_CN/index.html installed as /ws/userland/src/components/desktop/os-welcome/build/prototype/i386/usr/share/doc/os-welcome/html/zh_CN/index.html
installing html/zh_HK/index.html in html/zh_HK
directory /ws/userland/src/components/desktop/os-welcome/build/prototype/i386/usr/share/doc/os-welcome/html/zh_HK created
html/zh_HK/index.html installed as /ws/userland/src/components/desktop/os-welcome/build/prototype/i386/usr/share/doc/os-welcome/html/zh_HK/index.html
installing html/zh_TW/index.html in html/zh_TW
directory /ws/userland/src/components/desktop/os-welcome/build/prototype/i386/usr/share/doc/os-welcome/html/zh_TW created
html/zh_TW/index.html installed as /ws/userland/src/components/desktop/os-welcome/build/prototype/i386/usr/share/doc/os-welcome/html/zh_TW/index.html
installing html/index.html in html
html/index.html installed as /ws/userland/src/components/desktop/os-welcome/build/prototype/i386/usr/share/doc/os-welcome/html/index.html
installing html/C/images/ora_info_company.png in html/C/images
directory /ws/userland/src/components/desktop/os-welcome/build/prototype/i386/usr/share/doc/os-welcome/html/C/images created
html/C/images/ora_info_company.png installed as /ws/userland/src/components/desktop/os-welcome/build/prototype/i386/usr/share/doc/os-welcome/html/C/images/ora_info_company.png
installing html/C/images/ora_solaris.png in html/C/images
html/C/images/ora_solaris.png installed as /ws/userland/src/components/desktop/os-welcome/build/prototype/i386/usr/share/doc/os-welcome/html/C/images/ora_solaris.png
installing html/C/js/1p.js in html/C/js
directory /ws/userland/src/components/desktop/os-welcome/build/prototype/i386/usr/share/doc/os-welcome/html/C/js created
html/C/js/1p.js installed as /ws/userland/src/components/desktop/os-welcome/build/prototype/i386/usr/share/doc/os-welcome/html/C/js/1p.js
installing html/C/css/master.css in html/C/css
directory /ws/userland/src/components/desktop/os-welcome/build/prototype/i386/usr/share/doc/os-welcome/html/C/css created
html/C/css/master.css installed as /ws/userland/src/components/desktop/os-welcome/build/prototype/i386/usr/share/doc/os-welcome/html/C/css/master.css
/usr/sbin/install -d -m 755 /ws/userland/src/components/desktop/os-welcome/build/prototype/i386/usr/share/applications
directory /ws/userland/src/components/desktop/os-welcome/build/prototype/i386/usr/share/applications created
/usr/sbin/install -m 644 -f /ws/userland/src/components/desktop/os-welcome/build/prototype/i386/usr/share/applications/$dir os-about.desktop
os-about.desktop installed as /ws/userland/src/components/desktop/os-welcome/build/prototype/i386/usr/share/applications//os-about.desktop
/usr/sbin/install -m 644 -f /ws/userland/src/components/desktop/os-welcome/build/prototype/i386/usr/share/applications/$dir os-next-steps.desktop
os-next-steps.desktop installed as /ws/userland/src/components/desktop/os-welcome/build/prototype/i386/usr/share/applications//os-next-steps.desktop
/usr/sbin/install -d -m 755 /ws/userland/src/components/desktop/os-welcome/build/prototype/i386/usr/bin
directory /ws/userland/src/components/desktop/os-welcome/build/prototype/i386/usr/bin created
/usr/sbin/install -m 755 -f /ws/userland/src/components/desktop/os-welcome/build/prototype/i386/usr/bin/$dir os-about
os-about installed as /ws/userland/src/components/desktop/os-welcome/build/prototype/i386/usr/bin//os-about
/usr/sbin/install -m 755 -f /ws/userland/src/components/desktop/os-welcome/build/prototype/i386/usr/bin/$dir os-next-steps
os-next-steps installed as /ws/userland/src/components/desktop/os-welcome/build/prototype/i386/usr/bin//os-next-steps
/usr/sbin/install -d -m 755 /ws/userland/src/components/desktop/os-welcome/build/prototype/i386/usr/lib/os-welcome
directory /ws/userland/src/components/desktop/os-welcome/build/prototype/i386/usr/lib/os-welcome created
/usr/sbin/install -m 755 -f /ws/userland/src/components/desktop/os-welcome/build/prototype/i386/usr/lib/os-welcome/$dir os-icons-copy.sh
os-icons-copy.sh installed as /ws/userland/src/components/desktop/os-welcome/build/prototype/i386/usr/lib/os-welcome//os-icons-copy.sh
/usr/sbin/install -d -m 755 /ws/userland/src/components/desktop/os-welcome/build/prototype/i386/etc/xdg/autostart
directory /ws/userland/src/components/desktop/os-welcome/build/prototype/i386/etc/xdg/autostart created
/usr/sbin/install -m 755 -f /ws/userland/src/components/desktop/os-welcome/build/prototype/i386/etc/xdg/autostart/$dir os-icons-copy.desktop
os-icons-copy.desktop installed as /ws/userland/src/components/desktop/os-welcome/build/prototype/i386/etc/xdg/autostart//os-icons-copy.desktop
/usr/sbin/install -d -m 755 /ws/userland/src/components/desktop/os-welcome/build/prototype/i386/usr/share/pixmaps
directory /ws/userland/src/components/desktop/os-welcome/build/prototype/i386/usr/share/pixmaps created
/usr/sbin/install -m 644 -f /ws/userland/src/components/desktop/os-welcome/build/prototype/i386/usr/share/pixmaps/$dir images/next-steps.png
images/next-steps.png installed as /ws/userland/src/components/desktop/os-welcome/build/prototype/i386/usr/share/pixmaps//next-steps.png
/usr/sbin/install -m 644 -f /ws/userland/src/components/desktop/os-welcome/build/prototype/i386/usr/share/pixmaps/$dir images/about-os-window-icon.png
images/about-os-window-icon.png installed as /ws/userland/src/components/desktop/os-welcome/build/prototype/i386/usr/share/pixmaps//about-os-window-icon.png
/usr/sbin/install -d -m 755 /ws/userland/src/components/desktop/os-welcome/build/prototype/i386/usr/share/os-about
directory /ws/userland/src/components/desktop/os-welcome/build/prototype/i386/usr/share/os-about created
/usr/sbin/install -m 644 -f /ws/userland/src/components/desktop/os-welcome/build/prototype/i386/usr/share/os-about/$dir images/about-os-logo.png
images/about-os-logo.png installed as /ws/userland/src/components/desktop/os-welcome/build/prototype/i386/usr/share/os-about//about-os-logo.png
/usr/sbin/install -m 644 -f /ws/userland/src/components/desktop/os-welcome/build/prototype/i386/usr/share/os-about/$dir images/about-os-window-icon.png
images/about-os-window-icon.png installed as /ws/userland/src/components/desktop/os-welcome/build/prototype/i386/usr/share/os-about//about-os-window-icon.png
/usr/sbin/install -m 644 -f /ws/userland/src/components/desktop/os-welcome/build/prototype/i386/usr/share/os-about/$dir images/about-os-background.jpg
images/about-os-background.jpg installed as /ws/userland/src/components/desktop/os-welcome/build/prototype/i386/usr/share/os-about//about-os-background.jpg
/usr/sbin/install -m 644 -f /ws/userland/src/components/desktop/os-welcome/build/prototype/i386/usr/share/os-about/$dir images/participate.png
images/participate.png installed as /ws/userland/src/components/desktop/os-welcome/build/prototype/i386/usr/share/os-about//participate.png
/usr/sbin/install -m 644 -f /ws/userland/src/components/desktop/os-welcome/build/prototype/i386/usr/share/os-about/$dir images/personalize.png
images/personalize.png installed as /ws/userland/src/components/desktop/os-welcome/build/prototype/i386/usr/share/os-about//personalize.png
/usr/sbin/install -m 644 -f /ws/userland/src/components/desktop/os-welcome/build/prototype/i386/usr/share/os-about/$dir images/resources.png
images/resources.png installed as /ws/userland/src/components/desktop/os-welcome/build/prototype/i386/usr/share/os-about//resources.png
make[1]: Leaving directory '/ws/userland/src/components/desktop/os-welcome/build/i386'
/usr/bin/touch /ws/userland/src/components/desktop/os-welcome/build/i386/.installed
abort: there is no Mercurial repository here (.hg not found)
/usr/bin/pkgfmt -c -fv2 os-welcome-message-files.p5m
/usr/bin/pkgmogrify -D PERL_ARCH=i86pc-solaris-thread-multi-64 -D PERL_VERSION=5.22 -D IPS_COMPONENT_RE_VERSION=1\\.2\\.0 -D COMPONENT_RE_VERSION=1\\.2\\.0 -D PYTHON_2.7_ONLY=# -D PYTHON_3.4_ONLY=# -D PYTHON_3.5_ONLY=# -D SQ=\' -D DQ=\" -D Q=\" -I/ws/userland/src/components/desktop/os-welcome -D SOLARIS_11_3_ONLY="#" -D SOLARIS_11_5_ONLY="#" -D SOLARIS_11_3_4_ONLY="" -D SOLARIS_11_4_5_ONLY="" -D SOLARIS_11_4_ONLY="" -D ARC_CASE="" -D TPNO="" -D BUILD_VERSION="5.11-11.4.0.0.1.14.0" -D OS_RELEASE="5.11" -D SOLARIS_VERSION="2.11" -D PKG_SOLARIS_VERSION="11.4" -D CONSOLIDATION="userland" -D CONSOLIDATION_CHANGESET="" -D CONSOLIDATION_REPOSITORY_URL="https://github.com/oracle/solaris-userland.git" -D COMPONENT_VERSION="1.2.0" -D IPS_COMPONENT_VERSION="1.2.0" -D HUMAN_VERSION="" -D COMPONENT_ARCHIVE_URL="" -D COMPONENT_PROJECT_URL="" -D COMPONENT_NAME="os-welcome" -D HG_REPO="" -D HG_REV="" -D HG_URL="" -D GIT_COMMIT_ID="" -D GIT_REPO="" -D GIT_TAG="" -D MACH="i386" -D MACH32="i86" -D MACH64="amd64" -D PUBLISHER="nightly" -D PUBLISHER_LOCALIZABLE="userland-localizable" os-welcome-message-files.p5m \
	/ws/userland/src/transforms/license-changes /ws/userland/src/transforms/variant-cleanup /ws/userland/src/transforms/autopyc /ws/userland/src/transforms/defaults /ws/userland/src/transforms/actuators /ws/userland/src/transforms/depends /ws/userland/src/transforms/devel /ws/userland/src/transforms/docs /ws/userland/src/transforms/locale /ws/userland/src/transforms/standard-python-libraries /ws/userland/src/transforms/python-rename /ws/userland/src/transforms/python-3-groups /ws/userland/src/transforms/python-3-soabi /ws/userland/src/transforms/python-3-no-32bit /ws/userland/src/transforms/ruby-tests /ws/userland/src/transforms/puppet /ws/userland/src/transforms/libtool-drop /ws/userland/src/transforms/incorporate /ws/userland/src/transforms/publish-cleanup | \
	sed -e '/^$/d' -e '/^#.*$/d' | uniq >/ws/userland/src/components/desktop/os-welcome/build/manifest-i386-os-welcome-message-files.mogrified
/bin/mkdir -p /ws/userland/src/components/desktop/os-welcome/build/prototype/i386/mangled
/ws/userland/src/tools/userland-mangler -D /ws/userland/src/components/desktop/os-welcome/build/prototype/i386/mangled -d /ws/userland/src/components/desktop/os-welcome/build/prototype/i386/mangled -d /ws/userland/src/components/desktop/os-welcome/build/prototype/i386 -d /ws/userland/src/components/desktop/os-welcome/build -d /ws/userland/src/components/desktop/os-welcome -d files -d /ws/userland/src/licenses -d /ws/userland/src/components/desktop/os-welcome/files -m /ws/userland/src/components/desktop/os-welcome/build/manifest-i386-os-welcome-message-files.mogrified >/ws/userland/src/components/desktop/os-welcome/build/manifest-i386-os-welcome-message-files.mangled
/usr/bin/env  /usr/bin/pkgdepend generate \
    -m -d /ws/userland/src/components/desktop/os-welcome/build/prototype/i386/mangled -d /ws/userland/src/components/desktop/os-welcome/build/prototype/i386 -d /ws/userland/src/components/desktop/os-welcome/build -d /ws/userland/src/components/desktop/os-welcome -d files -d /ws/userland/src/licenses -d /ws/userland/src/components/desktop/os-welcome/files /ws/userland/src/components/desktop/os-welcome/build/manifest-i386-os-welcome-message-files.mangled >/ws/userland/src/components/desktop/os-welcome/build/manifest-i386-os-welcome-message-files.depend
abort: there is no Mercurial repository here (.hg not found)
/usr/bin/pkgfmt -c -fv2 os-welcome.p5m
/usr/bin/pkgmogrify -D PERL_ARCH=i86pc-solaris-thread-multi-64 -D PERL_VERSION=5.22 -D IPS_COMPONENT_RE_VERSION=1\\.2\\.0 -D COMPONENT_RE_VERSION=1\\.2\\.0 -D PYTHON_2.7_ONLY=# -D PYTHON_3.4_ONLY=# -D PYTHON_3.5_ONLY=# -D SQ=\' -D DQ=\" -D Q=\" -I/ws/userland/src/components/desktop/os-welcome -D SOLARIS_11_3_ONLY="#" -D SOLARIS_11_5_ONLY="#" -D SOLARIS_11_3_4_ONLY="" -D SOLARIS_11_4_5_ONLY="" -D SOLARIS_11_4_ONLY="" -D ARC_CASE="" -D TPNO="" -D BUILD_VERSION="5.11-11.4.0.0.1.14.0" -D OS_RELEASE="5.11" -D SOLARIS_VERSION="2.11" -D PKG_SOLARIS_VERSION="11.4" -D CONSOLIDATION="userland" -D CONSOLIDATION_CHANGESET="" -D CONSOLIDATION_REPOSITORY_URL="https://github.com/oracle/solaris-userland.git" -D COMPONENT_VERSION="1.2.0" -D IPS_COMPONENT_VERSION="1.2.0" -D HUMAN_VERSION="" -D COMPONENT_ARCHIVE_URL="" -D COMPONENT_PROJECT_URL="" -D COMPONENT_NAME="os-welcome" -D HG_REPO="" -D HG_REV="" -D HG_URL="" -D GIT_COMMIT_ID="" -D GIT_REPO="" -D GIT_TAG="" -D MACH="i386" -D MACH32="i86" -D MACH64="amd64" -D PUBLISHER="nightly" -D PUBLISHER_LOCALIZABLE="userland-localizable" os-welcome.p5m \
	/ws/userland/src/transforms/license-changes /ws/userland/src/transforms/variant-cleanup /ws/userland/src/transforms/autopyc /ws/userland/src/transforms/defaults /ws/userland/src/transforms/actuators /ws/userland/src/transforms/depends /ws/userland/src/transforms/devel /ws/userland/src/transforms/docs /ws/userland/src/transforms/locale /ws/userland/src/transforms/standard-python-libraries /ws/userland/src/transforms/python-rename /ws/userland/src/transforms/python-3-groups /ws/userland/src/transforms/python-3-soabi /ws/userland/src/transforms/python-3-no-32bit /ws/userland/src/transforms/ruby-tests /ws/userland/src/transforms/puppet /ws/userland/src/transforms/libtool-drop /ws/userland/src/transforms/incorporate /ws/userland/src/transforms/publish-cleanup | \
	sed -e '/^$/d' -e '/^#.*$/d' | uniq >/ws/userland/src/components/desktop/os-welcome/build/manifest-i386-os-welcome.mogrified
/ws/userland/src/tools/userland-mangler -D /ws/userland/src/components/desktop/os-welcome/build/prototype/i386/mangled -d /ws/userland/src/components/desktop/os-welcome/build/prototype/i386/mangled -d /ws/userland/src/components/desktop/os-welcome/build/prototype/i386 -d /ws/userland/src/components/desktop/os-welcome/build -d /ws/userland/src/components/desktop/os-welcome -d files -d /ws/userland/src/licenses -d /ws/userland/src/components/desktop/os-welcome/files -m /ws/userland/src/components/desktop/os-welcome/build/manifest-i386-os-welcome.mogrified >/ws/userland/src/components/desktop/os-welcome/build/manifest-i386-os-welcome.mangled
/usr/bin/env  /usr/bin/pkgdepend generate \
    -m -d /ws/userland/src/components/desktop/os-welcome/build/prototype/i386/mangled -d /ws/userland/src/components/desktop/os-welcome/build/prototype/i386 -d /ws/userland/src/components/desktop/os-welcome/build -d /ws/userland/src/components/desktop/os-welcome -d files -d /ws/userland/src/licenses -d /ws/userland/src/components/desktop/os-welcome/files /ws/userland/src/components/desktop/os-welcome/build/manifest-i386-os-welcome.mangled >/ws/userland/src/components/desktop/os-welcome/build/manifest-i386-os-welcome.depend
/usr/bin/pkgdepend resolve -e /ws/userland/src/components/desktop/os-welcome/build/resolve.deps -m /ws/userland/src/components/desktop/os-welcome/build/manifest-i386-os-welcome-message-files.depend /ws/userland/src/components/desktop/os-welcome/build/manifest-i386-os-welcome.depend
/usr/bin/touch /ws/userland/src/components/desktop/os-welcome/build/.resolved-i386
VALIDATING MANIFEST CONTENT: /ws/userland/src/components/desktop/os-welcome/build/manifest-i386-os-welcome-message-files.depend.res /ws/userland/src/components/desktop/os-welcome/build/manifest-i386-os-welcome.depend.res
/usr/bin/env PYTHONPATH=/ws/userland/src/tools/python PROTO_PATH="/ws/userland/src/components/desktop/os-welcome/build/prototype/i386/mangled /ws/userland/src/components/desktop/os-welcome/build/prototype/i386 /ws/userland/src/components/desktop/os-welcome/build /ws/userland/src/components/desktop/os-welcome files /ws/userland/src/licenses /ws/userland/src/components/desktop/os-welcome/files"\
	SOLARIS_VERSION=2.11\
	/bin/true -c /ws/userland/src/i386/pkglint-cache \
		-f /ws/userland/src/tools/pkglintrc /ws/userland/src/components/desktop/os-welcome/build/manifest-i386-os-welcome-message-files.depend.res /ws/userland/src/components/desktop/os-welcome/build/manifest-i386-os-welcome.depend.res
/usr/bin/touch /ws/userland/src/components/desktop/os-welcome/build/.linted-i386
/usr/bin/pkgsend -s file:/ws/userland/src/i386/repo publish --fmri-in-manifest --no-catalog -d /ws/userland/src/components/desktop/os-welcome/build/prototype/i386/mangled -d /ws/userland/src/components/desktop/os-welcome/build/prototype/i386 -d /ws/userland/src/components/desktop/os-welcome/build -d /ws/userland/src/components/desktop/os-welcome -d files -d /ws/userland/src/licenses -d /ws/userland/src/components/desktop/os-welcome/files -T \*.py /ws/userland/src/components/desktop/os-welcome/build/manifest-i386-os-welcome-message-files.depend.res
pkg://userland-localizable/release/os-welcome-message-files@1.2.0,5.11-11.4.0.0.1.14.0:20190727T220302Z
PUBLISHED
/usr/bin/pkgfmt </ws/userland/src/components/desktop/os-welcome/build/manifest-i386-os-welcome-message-files.depend.res >/ws/userland/src/components/desktop/os-welcome/build/manifest-i386-os-welcome-message-files.published
/usr/bin/pkgsend -s file:/ws/userland/src/i386/repo publish --fmri-in-manifest --no-catalog -d /ws/userland/src/components/desktop/os-welcome/build/prototype/i386/mangled -d /ws/userland/src/components/desktop/os-welcome/build/prototype/i386 -d /ws/userland/src/components/desktop/os-welcome/build -d /ws/userland/src/components/desktop/os-welcome -d files -d /ws/userland/src/licenses -d /ws/userland/src/components/desktop/os-welcome/files -T \*.py /ws/userland/src/components/desktop/os-welcome/build/manifest-i386-os-welcome.depend.res
pkg://nightly/release/os-welcome@1.2.0,5.11-11.4.0.0.1.14.0:20190727T220303Z
PUBLISHED
/usr/bin/pkgfmt </ws/userland/src/components/desktop/os-welcome/build/manifest-i386-os-welcome.depend.res >/ws/userland/src/components/desktop/os-welcome/build/manifest-i386-os-welcome.published
/usr/bin/touch /ws/userland/src/components/desktop/os-welcome/build/.published-i386
gmake: Leaving directory '/ws/userland/src/components/desktop/os-welcome'

real       10.9
user        3.8
sys         2.0
