gmake: Entering directory '/ws/userland/src/components/desktop/shared-mime-info'
/bin/rm -f -r /ws/userland/src/components/desktop/shared-mime-info/shared-mime-info-1.8
/usr/bin/env RUBY_VERSION=2.1 /ws/userland/src/tools/userland-unpack  shared-mime-info-1.8.tar.xz
/usr/bin/touch /ws/userland/src/components/desktop/shared-mime-info/shared-mime-info-1.8/.unpacked
/usr/bin/touch /ws/userland/src/components/desktop/shared-mime-info/shared-mime-info-1.8/.prep
(/bin/rm -f -rf /ws/userland/src/components/desktop/shared-mime-info/build/amd64 ; /bin/mkdir -p /ws/userland/src/components/desktop/shared-mime-info/build/amd64)
(cd /ws/userland/src/components/desktop/shared-mime-info/build/amd64 ; /usr/bin/env CONFIG_SHELL="/bin/bash" PKG_CONFIG_PATH="/usr/lib/amd64/pkgconfig" CC="/opt/solarisstudio12.4/bin/cc" CXX="/opt/solarisstudio12.4/bin/CC" PATH="/usr/bin/amd64:/usr/bin:/usr/gnu/bin" CC_FOR_BUILD="/opt/solarisstudio12.4/bin/cc -m64" CXX_FOR_BUILD="/opt/solarisstudio12.4/bin/CC -m64" CPPFLAGS="-m64" "ac_cv_func_realloc_0_nonnull=yes" "NM=/usr/gnu/bin/nm" INTLTOOL_PERL="/usr/perl5/5.22/bin/perl" CFLAGS="-m64 -xO4 -xchip=generic -Ui386 -U__i386 -xregs=no%frameptr -mt" CXXFLAGS="-norunpath -m64 -xO4 -xchip=generic -Ui386 -U__i386 -xregs=no%frameptr" LDFLAGS="" PATH="/usr/gnu/bin:/usr/bin:/usr/gnu/bin" /bin/bash \
	/ws/userland/src/components/desktop/shared-mime-info/shared-mime-info-1.8/configure --prefix=/usr --mandir=/usr/share/man --bindir=/usr/bin --sbindir=/usr/sbin --libdir=/usr/lib/amd64    --disable-update-mimedb)
checking for a BSD-compatible install... /usr/gnu/bin/install -c
checking whether build environment is sane... yes
checking for a thread-safe mkdir -p... /usr/gnu/bin/mkdir -p
checking for gawk... gawk
checking whether make sets $(MAKE)... yes
checking whether make supports nested variables... yes
checking whether make supports nested variables... (cached) yes
checking for gcc... /opt/solarisstudio12.4/bin/cc
checking whether the C compiler works... yes
checking for C compiler default output file name... a.out
checking for suffix of executables... 
checking whether we are cross compiling... no
checking for suffix of object files... o
checking whether we are using the GNU C compiler... no
checking whether /opt/solarisstudio12.4/bin/cc accepts -g... yes
checking for /opt/solarisstudio12.4/bin/cc option to accept ISO C89... none needed
checking whether /opt/solarisstudio12.4/bin/cc understands -c and -o together... yes
checking for style of include used by make... GNU
checking dependency style of /opt/solarisstudio12.4/bin/cc... none
checking for an ANSI C-conforming const... yes
checking whether NLS is requested... yes
checking for intltool >= 0.35.0... 0.51.0 found
checking for intltool-update... /usr/bin/intltool-update
checking for intltool-merge... /usr/bin/intltool-merge
checking for intltool-extract... /usr/bin/intltool-extract
checking for xgettext... /usr/gnu/bin/xgettext
checking for msgmerge... /usr/bin/msgmerge
checking for msgfmt... /usr/gnu/bin/msgfmt
checking for gmsgfmt... /usr/bin/gmsgfmt
checking for perl... /usr/perl5/5.22/bin/perl
checking for perl >= 5.8.1... 5.22.1
checking for XML::Parser... ok
checking how to run the C preprocessor... /opt/solarisstudio12.4/bin/cc -E
checking for grep that handles long lines and -e... /usr/gnu/bin/grep
checking for egrep... /usr/gnu/bin/grep -E
checking for ANSI C header files... yes
checking for sys/types.h... yes
checking for sys/stat.h... yes
checking for stdlib.h... yes
checking for string.h... yes
checking for memory.h... yes
checking for strings.h... yes
checking for inttypes.h... yes
checking for stdint.h... yes
checking for unistd.h... yes
checking locale.h usability... yes
checking locale.h presence... yes
checking for locale.h... yes
checking for LC_MESSAGES... yes
checking libintl.h usability... yes
checking libintl.h presence... yes
checking for libintl.h... yes
checking for ngettext in libc... yes
checking for dgettext in libc... yes
checking for bind_textdomain_codeset... yes
checking for msgfmt... (cached) /usr/gnu/bin/msgfmt
checking for dcgettext... yes
checking if msgfmt accepts -c... yes
checking for gmsgfmt... (cached) /usr/bin/gmsgfmt
checking for xgettext... (cached) /usr/gnu/bin/xgettext
checking for fdatasync... yes
checking for pkg-config... /usr/bin/pkg-config
checking pkg-config is at least version 0.9.0... yes
checking for ALL... yes
checking for GIO... yes
checking for xmllint... /usr/bin/xmllint
checking that generated files are newer than configure... done
configure: creating ./config.status
config.status: creating Makefile
config.status: creating shared-mime-info.pc
config.status: creating po/Makefile.in
config.status: creating config.h
config.status: executing depfiles commands
config.status: executing default-1 commands
config.status: executing po/stamp-it commands
/usr/bin/touch /ws/userland/src/components/desktop/shared-mime-info/build/amd64/.configured
(cd /ws/userland/src/components/desktop/shared-mime-info/build/amd64 ; /usr/bin/env LD_OPTIONS="-M /usr/lib/ld/map.noexdata -M /usr/lib/ld/map.pagealign -Bdirect -zignore -zstrip-class=comment" LD_EXEC_OPTIONS=" -zsx=aslr=enable -zsx=nxstack=enable -zsx=nxheap=enable " LD_PIE_OPTIONS="-zsx=aslr=enable -zsx=nxstack=enable -zsx=nxheap=enable "  PKG_CONFIG_PATH="/usr/lib/amd64/pkgconfig" "ac_cv_func_realloc_0_nonnull=yes" INTLTOOL_PERL="/usr/perl5/5.22/bin/perl" \
	/usr/gnu/bin/make  )
make[1]: Entering directory '/ws/userland/src/components/desktop/shared-mime-info/build/amd64'
  GEN      create-pot
make[2]: Entering directory '/ws/userland/src/components/desktop/shared-mime-info/build/amd64/po'
make[2]: '/ws/userland/src/components/desktop/shared-mime-info/shared-mime-info-1.8/po/shared-mime-info.pot' is up to date.
make[2]: Leaving directory '/ws/userland/src/components/desktop/shared-mime-info/build/amd64/po'
  ITMRG  freedesktop.org.xml
  CC       update_mime_database-update-mime-database.o
  CCLD     update-mime-database
Making check in .
make[2]: Entering directory '/ws/userland/src/components/desktop/shared-mime-info/build/amd64'
  CC       test_subclassing-test-subclassing.o
  CCLD     test-subclassing
  CC       test_tree_magic-test-tree-magic.o
  CCLD     test-tree-magic
make[2]: Leaving directory '/ws/userland/src/components/desktop/shared-mime-info/build/amd64'
Making check in po
make[2]: Entering directory '/ws/userland/src/components/desktop/shared-mime-info/build/amd64/po'
  MSGFMT ar.gmo
  MSGFMT as.gmo
  MSGFMT az.gmo
  MSGFMT be@latin.gmo
  MSGFMT bg.gmo
  MSGFMT bg_BG.gmo
  MSGFMT bn_IN.gmo
  MSGFMT ca.gmo
  MSGFMT ca@valencia.gmo
  MSGFMT cs.gmo
  MSGFMT cy.gmo
  MSGFMT da.gmo
  MSGFMT de.gmo
  MSGFMT el.gmo
  MSGFMT en_GB.gmo
  MSGFMT eo.gmo
  MSGFMT es.gmo
  MSGFMT et.gmo
  MSGFMT eu.gmo
  MSGFMT fa.gmo
  MSGFMT fa_IR.gmo
  MSGFMT fi.gmo
  MSGFMT fr.gmo
  MSGFMT fo.gmo
  MSGFMT ga.gmo
  MSGFMT gl.gmo
  MSGFMT gu.gmo
  MSGFMT he.gmo
  MSGFMT hi.gmo
  MSGFMT hr.gmo
  MSGFMT hu.gmo
  MSGFMT ia.gmo
  MSGFMT id.gmo
  MSGFMT it.gmo
  MSGFMT ja.gmo
  MSGFMT ka.gmo
  MSGFMT kk.gmo
  MSGFMT kn.gmo
  MSGFMT ko.gmo
  MSGFMT lt.gmo
  MSGFMT lv.gmo
  MSGFMT ml.gmo
  MSGFMT mr.gmo
  MSGFMT ms.gmo
  MSGFMT nb.gmo
  MSGFMT nl.gmo
  MSGFMT nn.gmo
  MSGFMT oc.gmo
  MSGFMT or.gmo
  MSGFMT pa.gmo
  MSGFMT pl.gmo
  MSGFMT pt.gmo
  MSGFMT pt_BR.gmo
  MSGFMT ro.gmo
  MSGFMT ru.gmo
  MSGFMT ru_RU.gmo
  MSGFMT rw.gmo
  MSGFMT sk.gmo
  MSGFMT sl.gmo
  MSGFMT sq.gmo
  MSGFMT sr.gmo
  MSGFMT sr@latin.gmo
  MSGFMT sv.gmo
  MSGFMT ta.gmo
  MSGFMT te.gmo
  MSGFMT th.gmo
  MSGFMT tr.gmo
  MSGFMT uk.gmo
  MSGFMT vi.gmo
  MSGFMT wa.gmo
  MSGFMT zh_CN.gmo
  MSGFMT zh_HK.gmo
  MSGFMT zh_TW.gmo
rm -f missing notexist
srcdir=/ws/userland/src/components/desktop/shared-mime-info/shared-mime-info-1.8/po /usr/bin/intltool-update -m
if [ -r missing -o -r notexist ]; then \
  exit 1; \
fi
make[2]: Leaving directory '/ws/userland/src/components/desktop/shared-mime-info/build/amd64/po'
if test -e ./freedesktop.org.xml; then \
	xmllint --noout --valid ./freedesktop.org.xml || exit 1;	\
else \
	xmllint --noout --valid /ws/userland/src/components/desktop/shared-mime-info/shared-mime-info-1.8/freedesktop.org.xml || exit 1;	\
fi; \
if test -d .git/ && test -x ./update-mime-database && test -d /ws/userland/src/components/desktop/shared-mime-info/shared-mime-info-1.8/mime-db-tests ; then \
	./update-mime-database mime-db-tests/ ; \
fi
Number of mime-types that might need generic-icon: 467
Number of mime-types with a generic icon: 372
/usr/gnu/bin/make  all-recursive
make[2]: Entering directory '/ws/userland/src/components/desktop/shared-mime-info/build/amd64'
Making all in .
make[3]: Entering directory '/ws/userland/src/components/desktop/shared-mime-info/build/amd64'
make[3]: Leaving directory '/ws/userland/src/components/desktop/shared-mime-info/build/amd64'
Making all in po
make[3]: Entering directory '/ws/userland/src/components/desktop/shared-mime-info/build/amd64/po'
make[3]: Nothing to be done for 'all'.
make[3]: Leaving directory '/ws/userland/src/components/desktop/shared-mime-info/build/amd64/po'
make[2]: Leaving directory '/ws/userland/src/components/desktop/shared-mime-info/build/amd64'
make[1]: Leaving directory '/ws/userland/src/components/desktop/shared-mime-info/build/amd64'
/usr/bin/touch /ws/userland/src/components/desktop/shared-mime-info/build/amd64/.built
(cd /ws/userland/src/components/desktop/shared-mime-info/build/amd64 ; /usr/bin/env LD_OPTIONS="-M /usr/lib/ld/map.noexdata -M /usr/lib/ld/map.pagealign -Bdirect -zignore -zstrip-class=comment" LD_EXEC_OPTIONS=" -zsx=aslr=enable -zsx=nxstack=enable -zsx=nxheap=enable " LD_PIE_OPTIONS="-zsx=aslr=enable -zsx=nxstack=enable -zsx=nxheap=enable "  /usr/gnu/bin/make \
		 DESTDIR=/ws/userland/src/components/desktop/shared-mime-info/build/prototype/i386 install)
make[1]: Entering directory '/ws/userland/src/components/desktop/shared-mime-info/build/amd64'
Making install in .
make[2]: Entering directory '/ws/userland/src/components/desktop/shared-mime-info/build/amd64'
make[3]: Entering directory '/ws/userland/src/components/desktop/shared-mime-info/build/amd64'
 /usr/gnu/bin/mkdir -p '/ws/userland/src/components/desktop/shared-mime-info/build/prototype/i386/usr/bin'
  /usr/gnu/bin/install -c update-mime-database '/ws/userland/src/components/desktop/shared-mime-info/build/prototype/i386/usr/bin'
 /usr/gnu/bin/mkdir -p '/ws/userland/src/components/desktop/shared-mime-info/build/prototype/i386/usr/share/man/man1'
 /usr/gnu/bin/install -c -m 644 /ws/userland/src/components/desktop/shared-mime-info/shared-mime-info-1.8/update-mime-database.1 '/ws/userland/src/components/desktop/shared-mime-info/build/prototype/i386/usr/share/man/man1'
 /usr/gnu/bin/mkdir -p '/ws/userland/src/components/desktop/shared-mime-info/build/prototype/i386/usr/share/mime/packages'
 /usr/gnu/bin/install -c -m 644 freedesktop.org.xml '/ws/userland/src/components/desktop/shared-mime-info/build/prototype/i386/usr/share/mime/packages'
 /usr/gnu/bin/mkdir -p '/ws/userland/src/components/desktop/shared-mime-info/build/prototype/i386/usr/share/pkgconfig'
 /usr/gnu/bin/install -c -m 644 shared-mime-info.pc '/ws/userland/src/components/desktop/shared-mime-info/build/prototype/i386/usr/share/pkgconfig'
/usr/gnu/bin/make  install-data-hook
make[4]: Entering directory '/ws/userland/src/components/desktop/shared-mime-info/build/amd64'
 /usr/gnu/bin/mkdir -p '/ws/userland/src/components/desktop/shared-mime-info/build/prototype/i386/usr/bin'
  /usr/gnu/bin/install -c update-mime-database '/ws/userland/src/components/desktop/shared-mime-info/build/prototype/i386/usr/bin'
make[4]: Leaving directory '/ws/userland/src/components/desktop/shared-mime-info/build/amd64'
make[3]: Leaving directory '/ws/userland/src/components/desktop/shared-mime-info/build/amd64'
make[2]: Leaving directory '/ws/userland/src/components/desktop/shared-mime-info/build/amd64'
Making install in po
make[2]: Entering directory '/ws/userland/src/components/desktop/shared-mime-info/build/amd64/po'
linguas="ar as az be@latin bg bg_BG bn_IN ca ca@valencia cs cy da de el en_GB eo es et eu fa fa_IR fi fr fo ga gl gu he hi hr hu ia id it ja ka kk kn ko lt lv ml mr ms nb nl nn oc or pa pl pt pt_BR ro ru ru_RU rw sk sl sq sr sr@latin sv ta te th tr uk vi wa zh_CN zh_HK zh_TW "; \
for lang in $linguas; do \
  dir=/ws/userland/src/components/desktop/shared-mime-info/build/prototype/i386/usr/share/locale/$lang/LC_MESSAGES; \
  /bin/bash /ws/userland/src/components/desktop/shared-mime-info/shared-mime-info-1.8/install-sh -d $dir; \
  if test -r $lang.gmo; then \
    /usr/gnu/bin/install -c -m 644 $lang.gmo $dir/shared-mime-info.mo; \
    echo "installing $lang.gmo as $dir/shared-mime-info.mo"; \
  else \
    /usr/gnu/bin/install -c -m 644 /ws/userland/src/components/desktop/shared-mime-info/shared-mime-info-1.8/po/$lang.gmo $dir/shared-mime-info.mo; \
    echo "installing /ws/userland/src/components/desktop/shared-mime-info/shared-mime-info-1.8/po/$lang.gmo as" \
	 "$dir/shared-mime-info.mo"; \
  fi; \
  if test -r $lang.gmo.m; then \
    /usr/gnu/bin/install -c -m 644 $lang.gmo.m $dir/shared-mime-info.mo.m; \
    echo "installing $lang.gmo.m as $dir/shared-mime-info.mo.m"; \
  else \
    if test -r /ws/userland/src/components/desktop/shared-mime-info/shared-mime-info-1.8/po/$lang.gmo.m ; then \
      /usr/gnu/bin/install -c -m 644 /ws/userland/src/components/desktop/shared-mime-info/shared-mime-info-1.8/po/$lang.gmo.m \
	$dir/shared-mime-info.mo.m; \
      echo "installing /ws/userland/src/components/desktop/shared-mime-info/shared-mime-info-1.8/po/$lang.gmo.m as" \
	   "$dir/shared-mime-info.mo.m"; \
    else \
      true; \
    fi; \
  fi; \
done
installing ar.gmo as /ws/userland/src/components/desktop/shared-mime-info/build/prototype/i386/usr/share/locale/ar/LC_MESSAGES/shared-mime-info.mo
installing as.gmo as /ws/userland/src/components/desktop/shared-mime-info/build/prototype/i386/usr/share/locale/as/LC_MESSAGES/shared-mime-info.mo
installing az.gmo as /ws/userland/src/components/desktop/shared-mime-info/build/prototype/i386/usr/share/locale/az/LC_MESSAGES/shared-mime-info.mo
installing be@latin.gmo as /ws/userland/src/components/desktop/shared-mime-info/build/prototype/i386/usr/share/locale/be@latin/LC_MESSAGES/shared-mime-info.mo
installing bg.gmo as /ws/userland/src/components/desktop/shared-mime-info/build/prototype/i386/usr/share/locale/bg/LC_MESSAGES/shared-mime-info.mo
installing bg_BG.gmo as /ws/userland/src/components/desktop/shared-mime-info/build/prototype/i386/usr/share/locale/bg_BG/LC_MESSAGES/shared-mime-info.mo
installing bn_IN.gmo as /ws/userland/src/components/desktop/shared-mime-info/build/prototype/i386/usr/share/locale/bn_IN/LC_MESSAGES/shared-mime-info.mo
installing ca.gmo as /ws/userland/src/components/desktop/shared-mime-info/build/prototype/i386/usr/share/locale/ca/LC_MESSAGES/shared-mime-info.mo
installing ca@valencia.gmo as /ws/userland/src/components/desktop/shared-mime-info/build/prototype/i386/usr/share/locale/ca@valencia/LC_MESSAGES/shared-mime-info.mo
installing cs.gmo as /ws/userland/src/components/desktop/shared-mime-info/build/prototype/i386/usr/share/locale/cs/LC_MESSAGES/shared-mime-info.mo
installing cy.gmo as /ws/userland/src/components/desktop/shared-mime-info/build/prototype/i386/usr/share/locale/cy/LC_MESSAGES/shared-mime-info.mo
installing da.gmo as /ws/userland/src/components/desktop/shared-mime-info/build/prototype/i386/usr/share/locale/da/LC_MESSAGES/shared-mime-info.mo
installing de.gmo as /ws/userland/src/components/desktop/shared-mime-info/build/prototype/i386/usr/share/locale/de/LC_MESSAGES/shared-mime-info.mo
installing el.gmo as /ws/userland/src/components/desktop/shared-mime-info/build/prototype/i386/usr/share/locale/el/LC_MESSAGES/shared-mime-info.mo
installing en_GB.gmo as /ws/userland/src/components/desktop/shared-mime-info/build/prototype/i386/usr/share/locale/en_GB/LC_MESSAGES/shared-mime-info.mo
installing eo.gmo as /ws/userland/src/components/desktop/shared-mime-info/build/prototype/i386/usr/share/locale/eo/LC_MESSAGES/shared-mime-info.mo
installing es.gmo as /ws/userland/src/components/desktop/shared-mime-info/build/prototype/i386/usr/share/locale/es/LC_MESSAGES/shared-mime-info.mo
installing et.gmo as /ws/userland/src/components/desktop/shared-mime-info/build/prototype/i386/usr/share/locale/et/LC_MESSAGES/shared-mime-info.mo
installing eu.gmo as /ws/userland/src/components/desktop/shared-mime-info/build/prototype/i386/usr/share/locale/eu/LC_MESSAGES/shared-mime-info.mo
installing fa.gmo as /ws/userland/src/components/desktop/shared-mime-info/build/prototype/i386/usr/share/locale/fa/LC_MESSAGES/shared-mime-info.mo
installing fa_IR.gmo as /ws/userland/src/components/desktop/shared-mime-info/build/prototype/i386/usr/share/locale/fa_IR/LC_MESSAGES/shared-mime-info.mo
installing fi.gmo as /ws/userland/src/components/desktop/shared-mime-info/build/prototype/i386/usr/share/locale/fi/LC_MESSAGES/shared-mime-info.mo
installing fr.gmo as /ws/userland/src/components/desktop/shared-mime-info/build/prototype/i386/usr/share/locale/fr/LC_MESSAGES/shared-mime-info.mo
installing fo.gmo as /ws/userland/src/components/desktop/shared-mime-info/build/prototype/i386/usr/share/locale/fo/LC_MESSAGES/shared-mime-info.mo
installing ga.gmo as /ws/userland/src/components/desktop/shared-mime-info/build/prototype/i386/usr/share/locale/ga/LC_MESSAGES/shared-mime-info.mo
installing gl.gmo as /ws/userland/src/components/desktop/shared-mime-info/build/prototype/i386/usr/share/locale/gl/LC_MESSAGES/shared-mime-info.mo
installing gu.gmo as /ws/userland/src/components/desktop/shared-mime-info/build/prototype/i386/usr/share/locale/gu/LC_MESSAGES/shared-mime-info.mo
installing he.gmo as /ws/userland/src/components/desktop/shared-mime-info/build/prototype/i386/usr/share/locale/he/LC_MESSAGES/shared-mime-info.mo
installing hi.gmo as /ws/userland/src/components/desktop/shared-mime-info/build/prototype/i386/usr/share/locale/hi/LC_MESSAGES/shared-mime-info.mo
installing hr.gmo as /ws/userland/src/components/desktop/shared-mime-info/build/prototype/i386/usr/share/locale/hr/LC_MESSAGES/shared-mime-info.mo
installing hu.gmo as /ws/userland/src/components/desktop/shared-mime-info/build/prototype/i386/usr/share/locale/hu/LC_MESSAGES/shared-mime-info.mo
installing ia.gmo as /ws/userland/src/components/desktop/shared-mime-info/build/prototype/i386/usr/share/locale/ia/LC_MESSAGES/shared-mime-info.mo
installing id.gmo as /ws/userland/src/components/desktop/shared-mime-info/build/prototype/i386/usr/share/locale/id/LC_MESSAGES/shared-mime-info.mo
installing it.gmo as /ws/userland/src/components/desktop/shared-mime-info/build/prototype/i386/usr/share/locale/it/LC_MESSAGES/shared-mime-info.mo
installing ja.gmo as /ws/userland/src/components/desktop/shared-mime-info/build/prototype/i386/usr/share/locale/ja/LC_MESSAGES/shared-mime-info.mo
installing ka.gmo as /ws/userland/src/components/desktop/shared-mime-info/build/prototype/i386/usr/share/locale/ka/LC_MESSAGES/shared-mime-info.mo
installing kk.gmo as /ws/userland/src/components/desktop/shared-mime-info/build/prototype/i386/usr/share/locale/kk/LC_MESSAGES/shared-mime-info.mo
installing kn.gmo as /ws/userland/src/components/desktop/shared-mime-info/build/prototype/i386/usr/share/locale/kn/LC_MESSAGES/shared-mime-info.mo
installing ko.gmo as /ws/userland/src/components/desktop/shared-mime-info/build/prototype/i386/usr/share/locale/ko/LC_MESSAGES/shared-mime-info.mo
installing lt.gmo as /ws/userland/src/components/desktop/shared-mime-info/build/prototype/i386/usr/share/locale/lt/LC_MESSAGES/shared-mime-info.mo
installing lv.gmo as /ws/userland/src/components/desktop/shared-mime-info/build/prototype/i386/usr/share/locale/lv/LC_MESSAGES/shared-mime-info.mo
installing ml.gmo as /ws/userland/src/components/desktop/shared-mime-info/build/prototype/i386/usr/share/locale/ml/LC_MESSAGES/shared-mime-info.mo
installing mr.gmo as /ws/userland/src/components/desktop/shared-mime-info/build/prototype/i386/usr/share/locale/mr/LC_MESSAGES/shared-mime-info.mo
installing ms.gmo as /ws/userland/src/components/desktop/shared-mime-info/build/prototype/i386/usr/share/locale/ms/LC_MESSAGES/shared-mime-info.mo
installing nb.gmo as /ws/userland/src/components/desktop/shared-mime-info/build/prototype/i386/usr/share/locale/nb/LC_MESSAGES/shared-mime-info.mo
installing nl.gmo as /ws/userland/src/components/desktop/shared-mime-info/build/prototype/i386/usr/share/locale/nl/LC_MESSAGES/shared-mime-info.mo
installing nn.gmo as /ws/userland/src/components/desktop/shared-mime-info/build/prototype/i386/usr/share/locale/nn/LC_MESSAGES/shared-mime-info.mo
installing oc.gmo as /ws/userland/src/components/desktop/shared-mime-info/build/prototype/i386/usr/share/locale/oc/LC_MESSAGES/shared-mime-info.mo
installing or.gmo as /ws/userland/src/components/desktop/shared-mime-info/build/prototype/i386/usr/share/locale/or/LC_MESSAGES/shared-mime-info.mo
installing pa.gmo as /ws/userland/src/components/desktop/shared-mime-info/build/prototype/i386/usr/share/locale/pa/LC_MESSAGES/shared-mime-info.mo
installing pl.gmo as /ws/userland/src/components/desktop/shared-mime-info/build/prototype/i386/usr/share/locale/pl/LC_MESSAGES/shared-mime-info.mo
installing pt.gmo as /ws/userland/src/components/desktop/shared-mime-info/build/prototype/i386/usr/share/locale/pt/LC_MESSAGES/shared-mime-info.mo
installing pt_BR.gmo as /ws/userland/src/components/desktop/shared-mime-info/build/prototype/i386/usr/share/locale/pt_BR/LC_MESSAGES/shared-mime-info.mo
installing ro.gmo as /ws/userland/src/components/desktop/shared-mime-info/build/prototype/i386/usr/share/locale/ro/LC_MESSAGES/shared-mime-info.mo
installing ru.gmo as /ws/userland/src/components/desktop/shared-mime-info/build/prototype/i386/usr/share/locale/ru/LC_MESSAGES/shared-mime-info.mo
installing ru_RU.gmo as /ws/userland/src/components/desktop/shared-mime-info/build/prototype/i386/usr/share/locale/ru_RU/LC_MESSAGES/shared-mime-info.mo
installing rw.gmo as /ws/userland/src/components/desktop/shared-mime-info/build/prototype/i386/usr/share/locale/rw/LC_MESSAGES/shared-mime-info.mo
installing sk.gmo as /ws/userland/src/components/desktop/shared-mime-info/build/prototype/i386/usr/share/locale/sk/LC_MESSAGES/shared-mime-info.mo
installing sl.gmo as /ws/userland/src/components/desktop/shared-mime-info/build/prototype/i386/usr/share/locale/sl/LC_MESSAGES/shared-mime-info.mo
installing sq.gmo as /ws/userland/src/components/desktop/shared-mime-info/build/prototype/i386/usr/share/locale/sq/LC_MESSAGES/shared-mime-info.mo
installing sr.gmo as /ws/userland/src/components/desktop/shared-mime-info/build/prototype/i386/usr/share/locale/sr/LC_MESSAGES/shared-mime-info.mo
installing sr@latin.gmo as /ws/userland/src/components/desktop/shared-mime-info/build/prototype/i386/usr/share/locale/sr@latin/LC_MESSAGES/shared-mime-info.mo
installing sv.gmo as /ws/userland/src/components/desktop/shared-mime-info/build/prototype/i386/usr/share/locale/sv/LC_MESSAGES/shared-mime-info.mo
installing ta.gmo as /ws/userland/src/components/desktop/shared-mime-info/build/prototype/i386/usr/share/locale/ta/LC_MESSAGES/shared-mime-info.mo
installing te.gmo as /ws/userland/src/components/desktop/shared-mime-info/build/prototype/i386/usr/share/locale/te/LC_MESSAGES/shared-mime-info.mo
installing th.gmo as /ws/userland/src/components/desktop/shared-mime-info/build/prototype/i386/usr/share/locale/th/LC_MESSAGES/shared-mime-info.mo
installing tr.gmo as /ws/userland/src/components/desktop/shared-mime-info/build/prototype/i386/usr/share/locale/tr/LC_MESSAGES/shared-mime-info.mo
installing uk.gmo as /ws/userland/src/components/desktop/shared-mime-info/build/prototype/i386/usr/share/locale/uk/LC_MESSAGES/shared-mime-info.mo
installing vi.gmo as /ws/userland/src/components/desktop/shared-mime-info/build/prototype/i386/usr/share/locale/vi/LC_MESSAGES/shared-mime-info.mo
installing wa.gmo as /ws/userland/src/components/desktop/shared-mime-info/build/prototype/i386/usr/share/locale/wa/LC_MESSAGES/shared-mime-info.mo
installing zh_CN.gmo as /ws/userland/src/components/desktop/shared-mime-info/build/prototype/i386/usr/share/locale/zh_CN/LC_MESSAGES/shared-mime-info.mo
installing zh_HK.gmo as /ws/userland/src/components/desktop/shared-mime-info/build/prototype/i386/usr/share/locale/zh_HK/LC_MESSAGES/shared-mime-info.mo
installing zh_TW.gmo as /ws/userland/src/components/desktop/shared-mime-info/build/prototype/i386/usr/share/locale/zh_TW/LC_MESSAGES/shared-mime-info.mo
make[2]: Leaving directory '/ws/userland/src/components/desktop/shared-mime-info/build/amd64/po'
make[1]: Leaving directory '/ws/userland/src/components/desktop/shared-mime-info/build/amd64'
/usr/bin/touch /ws/userland/src/components/desktop/shared-mime-info/build/amd64/.installed
abort: there is no Mercurial repository here (.hg not found)
/usr/bin/pkgfmt -c -fv2 shared-mime-info.p5m
/usr/bin/pkgmogrify -D PERL_ARCH=i86pc-solaris-thread-multi-64 -D PERL_VERSION=5.22 -D IPS_COMPONENT_RE_VERSION=1\\.8 -D COMPONENT_RE_VERSION=1\\.8 -D PYTHON_2.7_ONLY=# -D PYTHON_3.4_ONLY=# -D PYTHON_3.5_ONLY=# -D SQ=\' -D DQ=\" -D Q=\" -I/ws/userland/src/components/desktop/shared-mime-info -D SOLARIS_11_3_ONLY="#" -D SOLARIS_11_5_ONLY="#" -D SOLARIS_11_3_4_ONLY="" -D SOLARIS_11_4_5_ONLY="" -D SOLARIS_11_4_ONLY="" -D ARC_CASE="" -D TPNO="37223" -D BUILD_VERSION="5.11-11.4.0.0.1.14.0" -D OS_RELEASE="5.11" -D SOLARIS_VERSION="2.11" -D PKG_SOLARIS_VERSION="11.4" -D CONSOLIDATION="userland" -D CONSOLIDATION_CHANGESET="" -D CONSOLIDATION_REPOSITORY_URL="https://github.com/oracle/solaris-userland.git" -D COMPONENT_VERSION="1.8" -D IPS_COMPONENT_VERSION="1.8" -D HUMAN_VERSION="" -D COMPONENT_ARCHIVE_URL="http://freedesktop.org/~hadess/shared-mime-info-1.8.tar.xz" -D COMPONENT_PROJECT_URL="https://freedesktop.org/wiki/Software/shared-mime-info/" -D COMPONENT_NAME="shared-mime-info" -D HG_REPO="" -D HG_REV="" -D HG_URL="" -D GIT_COMMIT_ID="" -D GIT_REPO="" -D GIT_TAG="" -D MACH="i386" -D MACH32="i86" -D MACH64="amd64" -D PUBLISHER="nightly" -D PUBLISHER_LOCALIZABLE="userland-localizable" shared-mime-info.p5m \
	/ws/userland/src/transforms/license-changes /ws/userland/src/transforms/variant-cleanup /ws/userland/src/transforms/autopyc /ws/userland/src/transforms/defaults /ws/userland/src/transforms/actuators /ws/userland/src/transforms/depends /ws/userland/src/transforms/devel /ws/userland/src/transforms/docs /ws/userland/src/transforms/locale /ws/userland/src/transforms/standard-python-libraries /ws/userland/src/transforms/python-rename /ws/userland/src/transforms/python-3-groups /ws/userland/src/transforms/python-3-soabi /ws/userland/src/transforms/python-3-no-32bit /ws/userland/src/transforms/ruby-tests /ws/userland/src/transforms/puppet /ws/userland/src/transforms/libtool-drop /ws/userland/src/transforms/incorporate /ws/userland/src/transforms/publish-cleanup | \
	sed -e '/^$/d' -e '/^#.*$/d' | uniq >/ws/userland/src/components/desktop/shared-mime-info/build/manifest-i386-shared-mime-info.mogrified
/bin/mkdir -p /ws/userland/src/components/desktop/shared-mime-info/build/prototype/i386/mangled
/ws/userland/src/tools/userland-mangler -D /ws/userland/src/components/desktop/shared-mime-info/build/prototype/i386/mangled -d /ws/userland/src/components/desktop/shared-mime-info/build/prototype/i386/mangled -d /ws/userland/src/components/desktop/shared-mime-info/build/prototype/i386 -d /ws/userland/src/components/desktop/shared-mime-info/build -d /ws/userland/src/components/desktop/shared-mime-info -d shared-mime-info-1.8 -d /ws/userland/src/licenses -d /ws/userland/src/components/desktop/shared-mime-info/files -m /ws/userland/src/components/desktop/shared-mime-info/build/manifest-i386-shared-mime-info.mogrified >/ws/userland/src/components/desktop/shared-mime-info/build/manifest-i386-shared-mime-info.mangled
/usr/bin/env  /usr/bin/pkgdepend generate \
    -m -d /ws/userland/src/components/desktop/shared-mime-info/build/prototype/i386/mangled -d /ws/userland/src/components/desktop/shared-mime-info/build/prototype/i386 -d /ws/userland/src/components/desktop/shared-mime-info/build -d /ws/userland/src/components/desktop/shared-mime-info -d shared-mime-info-1.8 -d /ws/userland/src/licenses -d /ws/userland/src/components/desktop/shared-mime-info/files /ws/userland/src/components/desktop/shared-mime-info/build/manifest-i386-shared-mime-info.mangled >/ws/userland/src/components/desktop/shared-mime-info/build/manifest-i386-shared-mime-info.depend
/usr/bin/pkgdepend resolve -e /ws/userland/src/components/desktop/shared-mime-info/build/resolve.deps -m /ws/userland/src/components/desktop/shared-mime-info/build/manifest-i386-shared-mime-info.depend
/usr/bin/touch /ws/userland/src/components/desktop/shared-mime-info/build/.resolved-i386
VALIDATING MANIFEST CONTENT: /ws/userland/src/components/desktop/shared-mime-info/build/manifest-i386-shared-mime-info.depend.res
/usr/bin/env PYTHONPATH=/ws/userland/src/tools/python PROTO_PATH="/ws/userland/src/components/desktop/shared-mime-info/build/prototype/i386/mangled /ws/userland/src/components/desktop/shared-mime-info/build/prototype/i386 /ws/userland/src/components/desktop/shared-mime-info/build /ws/userland/src/components/desktop/shared-mime-info shared-mime-info-1.8 /ws/userland/src/licenses /ws/userland/src/components/desktop/shared-mime-info/files"\
	SOLARIS_VERSION=2.11\
	/bin/true -c /ws/userland/src/i386/pkglint-cache \
		-f /ws/userland/src/tools/pkglintrc /ws/userland/src/components/desktop/shared-mime-info/build/manifest-i386-shared-mime-info.depend.res
/usr/bin/touch /ws/userland/src/components/desktop/shared-mime-info/build/.linted-i386
/usr/bin/pkgsend -s file:/ws/userland/src/i386/repo publish --fmri-in-manifest --no-catalog -d /ws/userland/src/components/desktop/shared-mime-info/build/prototype/i386/mangled -d /ws/userland/src/components/desktop/shared-mime-info/build/prototype/i386 -d /ws/userland/src/components/desktop/shared-mime-info/build -d /ws/userland/src/components/desktop/shared-mime-info -d shared-mime-info-1.8 -d /ws/userland/src/licenses -d /ws/userland/src/components/desktop/shared-mime-info/files -T \*.py /ws/userland/src/components/desktop/shared-mime-info/build/manifest-i386-shared-mime-info.depend.res
pkg://nightly/data/shared-mime-info@1.8,5.11-11.4.0.0.1.14.0:20190727T224608Z
PUBLISHED
/usr/bin/pkgfmt </ws/userland/src/components/desktop/shared-mime-info/build/manifest-i386-shared-mime-info.depend.res >/ws/userland/src/components/desktop/shared-mime-info/build/manifest-i386-shared-mime-info.published
/usr/bin/touch /ws/userland/src/components/desktop/shared-mime-info/build/.published-i386
gmake: Leaving directory '/ws/userland/src/components/desktop/shared-mime-info'

real       26.7
user       13.4
sys         2.6
