gmake: Entering directory '/ws/userland/src/components/desktop/colord-gtk'
/bin/rm -f -r /ws/userland/src/components/desktop/colord-gtk/colord-gtk-0.1.26
/usr/bin/env RUBY_VERSION=2.1 /ws/userland/src/tools/userland-unpack  colord-gtk-0.1.26.tar.xz
/usr/bin/touch /ws/userland/src/components/desktop/colord-gtk/colord-gtk-0.1.26/.unpacked
/usr/bin/touch /ws/userland/src/components/desktop/colord-gtk/colord-gtk-0.1.26/.prep
(/bin/rm -f -rf /ws/userland/src/components/desktop/colord-gtk/build/i86 ; /bin/mkdir -p /ws/userland/src/components/desktop/colord-gtk/build/i86)
(cd /ws/userland/src/components/desktop/colord-gtk/build/i86 ; /usr/bin/env CONFIG_SHELL="/bin/bash" PKG_CONFIG_PATH="/usr/lib/pkgconfig" CC="/usr/gcc/7/bin/gcc" CXX="/usr/gcc/7/bin/g++"  CC_FOR_BUILD="/usr/gcc/7/bin/gcc -m32" CXX_FOR_BUILD="/usr/gcc/7/bin/g++ -m32" CPPFLAGS="-m32" "ac_cv_func_realloc_0_nonnull=yes" "NM=/usr/gnu/bin/nm" INTLTOOL_PERL="/usr/perl5/5.22/bin/perl" CFLAGS="-m32 -O3 -mincoming-stack-boundary=2" CXXFLAGS="-m32 -O3 -mincoming-stack-boundary=2" LDFLAGS="" PATH=/usr/gnu/bin:/usr/bin:/usr/gnu/bin /bin/bash \
	/ws/userland/src/components/desktop/colord-gtk/colord-gtk-0.1.26/configure --prefix=/usr --mandir=/usr/share/man --bindir=/usr/bin/i86 --sbindir=/usr/sbin/i86 --libdir=/usr/lib    --disable-gtk2 --disable-gtk-doc --disable-schemas-compile --disable-static --enable-introspection --enable-shared --enable-vala --with-pic)
checking for a BSD-compatible install... /usr/gnu/bin/install -c
checking whether build environment is sane... yes
checking for a thread-safe mkdir -p... /usr/gnu/bin/mkdir -p
checking for gawk... gawk
checking whether make sets $(MAKE)... yes
checking whether make supports nested variables... yes
checking whether UID '100' is supported by ustar format... yes
checking whether GID '10' is supported by ustar format... yes
checking how to create a ustar tar archive... gnutar
checking build system type... i386-pc-solaris2.11
checking host system type... i386-pc-solaris2.11
checking how to print strings... print -r
checking for style of include used by make... GNU
checking for gcc... /usr/gcc/7/bin/gcc
checking whether the C compiler works... yes
checking for C compiler default output file name... a.out
checking for suffix of executables... 
checking whether we are cross compiling... no
checking for suffix of object files... o
checking whether we are using the GNU C compiler... yes
checking whether /usr/gcc/7/bin/gcc accepts -g... yes
checking for /usr/gcc/7/bin/gcc option to accept ISO C89... none needed
checking whether /usr/gcc/7/bin/gcc understands -c and -o together... yes
checking dependency style of /usr/gcc/7/bin/gcc... gcc3
checking for a sed that does not truncate output... /usr/gnu/bin/sed
checking for grep that handles long lines and -e... /usr/gnu/bin/grep
checking for egrep... /usr/gnu/bin/grep -E
checking for fgrep... /usr/gnu/bin/grep -F
checking for ld used by /usr/gcc/7/bin/gcc... /usr/bin/ld
checking if the linker (/usr/bin/ld) is GNU ld... no
checking for BSD- or MS-compatible name lister (nm)... /usr/gnu/bin/nm
checking the name lister (/usr/gnu/bin/nm) interface... BSD nm
checking whether ln -s works... yes
checking the maximum length of command line arguments... 1572480
checking whether the shell understands some XSI constructs... yes
checking whether the shell understands "+="... yes
checking how to convert i386-pc-solaris2.11 file names to i386-pc-solaris2.11 format... func_convert_file_noop
checking how to convert i386-pc-solaris2.11 file names to toolchain format... func_convert_file_noop
checking for /usr/bin/ld option to reload object files... -r
checking for objdump... objdump
checking how to recognize dependent libraries... pass_all
checking for dlltool... no
checking how to associate runtime and link libraries... print -r --
checking for ar... ar
checking for archiver @FILE support... @
checking for strip... strip
checking for ranlib... ranlib
checking command to parse /usr/gnu/bin/nm output from /usr/gcc/7/bin/gcc object... ok
checking for sysroot... no
checking for mt... mt
checking if mt is a manifest tool... no
checking how to run the C preprocessor... /usr/gcc/7/bin/gcc -E
checking for ANSI C header files... yes
checking for sys/types.h... yes
checking for sys/stat.h... yes
checking for stdlib.h... yes
checking for string.h... yes
checking for memory.h... yes
checking for strings.h... yes
checking for inttypes.h... yes
checking for stdint.h... yes
checking for unistd.h... yes
checking for dlfcn.h... yes
checking for objdir... .libs
checking if /usr/gcc/7/bin/gcc supports -fno-rtti -fno-exceptions... no
checking for /usr/gcc/7/bin/gcc option to produce PIC... -fPIC -DPIC
checking if /usr/gcc/7/bin/gcc PIC flag -fPIC -DPIC works... yes
checking if /usr/gcc/7/bin/gcc static flag -static works... no
checking if /usr/gcc/7/bin/gcc supports -c -o file.o... yes
checking if /usr/gcc/7/bin/gcc supports -c -o file.o... (cached) yes
checking whether the /usr/gcc/7/bin/gcc linker (/usr/bin/ld) supports shared libraries... yes
checking whether -lc should be explicitly linked in... no
checking dynamic linker characteristics... solaris2.11 ld.so
checking how to hardcode library paths into programs... immediate
checking whether stripping libraries is possible... no
checking if libtool supports shared libraries... yes
checking whether to build shared libraries... yes
checking whether to build static libraries... no
checking for pkg-config... /usr/bin/pkg-config
checking pkg-config is at least version 0.9.0... yes
checking for gobject-introspection... yes
checking for gtk-doc... yes
checking for gtkdoc-check... gtkdoc-check.test
checking for gtkdoc-check... /usr/bin/gtkdoc-check
checking for gtkdoc-rebase... /usr/bin/gtkdoc-rebase
checking for gtkdoc-mkpdf... /usr/bin/gtkdoc-mkpdf
checking whether to build gtk-doc documentation... no
checking for GTKDOC_DEPS... yes
checking whether make supports nested variables... (cached) yes
checking for linguas... en_GB 
checking for gcc... (cached) /usr/gcc/7/bin/gcc
checking whether we are using the GNU C compiler... (cached) yes
checking whether /usr/gcc/7/bin/gcc accepts -g... (cached) yes
checking for /usr/gcc/7/bin/gcc option to accept ISO C89... (cached) none needed
checking whether /usr/gcc/7/bin/gcc understands -c and -o together... (cached) yes
checking dependency style of /usr/gcc/7/bin/gcc... (cached) gcc3
checking whether NLS is requested... yes
checking for intltool >= 0.35.0... 0.51.0 found
checking for intltool-update... /usr/bin/intltool-update
checking for intltool-merge... /usr/bin/intltool-merge
checking for intltool-extract... /usr/bin/intltool-extract
checking for xgettext... /usr/gnu/bin/xgettext
checking for msgmerge... /usr/bin/msgmerge
checking for msgfmt... /usr/gnu/bin/msgfmt
checking for gmsgfmt... /usr/bin/gmsgfmt
checking for perl... /usr/perl5/5.22/bin/perl
checking for perl >= 5.8.1... 5.22.1
checking for XML::Parser... ok
checking for xsltproc... /usr/bin/xsltproc
checking for msgfmt... (cached) /usr/gnu/bin/msgfmt
checking for gmsgfmt... (cached) /usr/bin/gmsgfmt
checking for xgettext... (cached) /usr/gnu/bin/xgettext
checking for msgmerge... (cached) /usr/bin/msgmerge
checking for ld used by GCC... /usr/bin/ld
checking if the linker (/usr/bin/ld) is GNU ld... no
checking for shared library run path origin... done
checking for CFPreferencesCopyAppValue... no
checking for CFLocaleCopyCurrent... no
checking for GNU gettext in libc... yes
checking whether to use NLS... yes
checking where the gettext function comes from... libc
checking for pkg-config... (cached) /usr/bin/pkg-config
checking pkg-config is at least version 0.16... yes
checking for GLIB... yes
checking for GTK3... yes
checking for COLORD... yes
checking for LCMS... yes
checking for vapigen... /usr/bin/vapigen
checking for docbook2man... no
configure: WARNING: docbook2man not found, will not be able to build man documentation (if tarball, pre-generated documentation will be installed)
checking that generated files are newer than configure... done
configure: creating ./config.status
config.status: creating Makefile
config.status: creating contrib/Makefile
config.status: creating doc/Makefile
config.status: creating doc/api/Makefile
config.status: creating doc/api/version.xml
config.status: creating man/Makefile
config.status: creating po/Makefile.in
config.status: creating client/Makefile
config.status: creating libcolord-gtk/cd-version.h
config.status: creating libcolord-gtk/colord-gtk.pc
config.status: creating libcolord-gtk/colord-gtk2.pc
config.status: creating libcolord-gtk/Makefile
config.status: creating config.h
config.status: executing depfiles commands
config.status: executing libtool commands
config.status: executing po-directories commands
config.status: creating po/POTFILES
config.status: creating po/Makefile
config.status: executing po/stamp-it commands

                    colord-gtk 0.1.26
                  ===================

        prefix:                    /usr
        datadir:                   ${datarootdir}
        compiler:                  /usr/gcc/7/bin/gcc
        cflags:                    -m32 -O3 -mincoming-stack-boundary=2
        cppflags:                  -m32
        gobject-introspection:     yes
        Vala API generator:        yes
        Additional Gtk+2 support:  no

/usr/bin/touch /ws/userland/src/components/desktop/colord-gtk/build/i86/.configured
(cd /ws/userland/src/components/desktop/colord-gtk/build/i86 ; /usr/bin/env LD_OPTIONS="-M /usr/lib/ld/map.noexdata -M /usr/lib/ld/map.pagealign -Bdirect -zignore -zstrip-class=comment" LD_EXEC_OPTIONS=" -zsx=aslr=enable -zsx=nxstack=enable -zsx=nxheap=enable " LD_PIE_OPTIONS="-zsx=aslr=enable -zsx=nxstack=enable -zsx=nxheap=enable "  PKG_CONFIG_PATH="/usr/lib/pkgconfig" "ac_cv_func_realloc_0_nonnull=yes" INTLTOOL_PERL="/usr/perl5/5.22/bin/perl" XDG_DATA_DIRS="/ws/userland/src/components/desktop/colord/build/prototype/i386/usr/share:/usr/share" \
	/usr/gnu/bin/make  )
make[1]: Entering directory '/ws/userland/src/components/desktop/colord-gtk/build/i86'
/usr/gnu/bin/make  all-recursive
make[2]: Entering directory '/ws/userland/src/components/desktop/colord-gtk/build/i86'
Making all in man
make[3]: Entering directory '/ws/userland/src/components/desktop/colord-gtk/build/i86/man'
make[3]: Nothing to be done for 'all'.
make[3]: Leaving directory '/ws/userland/src/components/desktop/colord-gtk/build/i86/man'
Making all in contrib
make[3]: Entering directory '/ws/userland/src/components/desktop/colord-gtk/build/i86/contrib'
make[3]: Nothing to be done for 'all'.
make[3]: Leaving directory '/ws/userland/src/components/desktop/colord-gtk/build/i86/contrib'
Making all in libcolord-gtk
make[3]: Entering directory '/ws/userland/src/components/desktop/colord-gtk/build/i86/libcolord-gtk'
  CC       libcolord_gtk_la-cd-sample-widget.lo
/ws/userland/src/components/desktop/colord-gtk/colord-gtk-0.1.26/libcolord-gtk/cd-sample-widget.c: In function 'cd_sample_window_enter_notify_event_cb':
/ws/userland/src/components/desktop/colord-gtk/colord-gtk-0.1.26/libcolord-gtk/cd-sample-widget.c:152:2: warning: 'gdk_cursor_new' is deprecated [-Wdeprecated-declarations]
  cursor = gdk_cursor_new (GDK_BLANK_CURSOR);
  ^~~~~~
In file included from /usr/include/gtk-3.0/gdk/gdk.h:34:0,
                 from /usr/include/gtk-3.0/gtk/gtk.h:30,
                 from /ws/userland/src/components/desktop/colord-gtk/colord-gtk-0.1.26/libcolord-gtk/cd-sample-widget.c:24:
/usr/include/gtk-3.0/gdk/gdkcursor.h:228:12: note: declared here
 GdkCursor* gdk_cursor_new   (GdkCursorType    cursor_type);
            ^~~~~~~~~~~~~~
/ws/userland/src/components/desktop/colord-gtk/colord-gtk-0.1.26/libcolord-gtk/cd-sample-widget.c: In function 'cd_sample_window_leave_notify_event_cb':
/ws/userland/src/components/desktop/colord-gtk/colord-gtk-0.1.26/libcolord-gtk/cd-sample-widget.c:170:2: warning: 'gdk_cursor_new' is deprecated [-Wdeprecated-declarations]
  cursor = gdk_cursor_new (GDK_ARROW);
  ^~~~~~
In file included from /usr/include/gtk-3.0/gdk/gdk.h:34:0,
                 from /usr/include/gtk-3.0/gtk/gtk.h:30,
                 from /ws/userland/src/components/desktop/colord-gtk/colord-gtk-0.1.26/libcolord-gtk/cd-sample-widget.c:24:
/usr/include/gtk-3.0/gdk/gdkcursor.h:228:12: note: declared here
 GdkCursor* gdk_cursor_new   (GdkCursorType    cursor_type);
            ^~~~~~~~~~~~~~
  CC       libcolord_gtk_la-cd-sample-window.lo
  CC       libcolord_gtk_la-cd-window.lo
/ws/userland/src/components/desktop/colord-gtk/colord-gtk-0.1.26/libcolord-gtk/cd-window.c: In function 'cd_window_get_profile_finish':
/ws/userland/src/components/desktop/colord-gtk/colord-gtk-0.1.26/libcolord-gtk/cd-window.c:142:2: warning: 'g_simple_async_result_propagate_error' is deprecated [-Wdeprecated-declarations]
  if (g_simple_async_result_propagate_error (simple, error))
  ^~
In file included from /usr/include/glib-2.0/gio/gio.h:117:0,
                 from /ws/userland/src/components/desktop/colord-gtk/colord-gtk-0.1.26/libcolord-gtk/cd-window.c:34:
/usr/include/glib-2.0/gio/gsimpleasyncresult.h:119:21: note: declared here
 gboolean            g_simple_async_result_propagate_error  (GSimpleAsyncResult      *simple,
                     ^~~~~~~~~~~~~~~~~~~~~~~~~~~~~~~~~~~~~
/ws/userland/src/components/desktop/colord-gtk/colord-gtk-0.1.26/libcolord-gtk/cd-window.c:145:2: warning: 'g_simple_async_result_get_op_res_gpointer' is deprecated [-Wdeprecated-declarations]
  return g_object_ref (g_simple_async_result_get_op_res_gpointer (simple));
  ^~~~~~
In file included from /usr/include/glib-2.0/gio/gio.h:117:0,
                 from /ws/userland/src/components/desktop/colord-gtk/colord-gtk-0.1.26/libcolord-gtk/cd-window.c:34:
/usr/include/glib-2.0/gio/gsimpleasyncresult.h:79:21: note: declared here
 gpointer            g_simple_async_result_get_op_res_gpointer (GSimpleAsyncResult      *simple);
                     ^~~~~~~~~~~~~~~~~~~~~~~~~~~~~~~~~~~~~~~~~
/ws/userland/src/components/desktop/colord-gtk/colord-gtk-0.1.26/libcolord-gtk/cd-window.c: In function 'cd_window_get_profile_client_connect_cb':
/ws/userland/src/components/desktop/colord-gtk/colord-gtk-0.1.26/libcolord-gtk/cd-window.c:172:3: warning: 'g_simple_async_result_set_error' is deprecated [-Wdeprecated-declarations]
   g_simple_async_result_set_error (helper->res,
   ^~~~~~~~~~~~~~~~~~~~~~~~~~~~~~~
In file included from /usr/include/glib-2.0/gio/gio.h:117:0,
                 from /ws/userland/src/components/desktop/colord-gtk/colord-gtk-0.1.26/libcolord-gtk/cd-window.c:34:
/usr/include/glib-2.0/gio/gsimpleasyncresult.h:122:21: note: declared here
 void                g_simple_async_result_set_error        (GSimpleAsyncResult      *simple,
                     ^~~~~~~~~~~~~~~~~~~~~~~~~~~~~~~
/ws/userland/src/components/desktop/colord-gtk/colord-gtk-0.1.26/libcolord-gtk/cd-window.c:177:3: warning: 'g_simple_async_result_complete_in_idle' is deprecated [-Wdeprecated-declarations]
   g_simple_async_result_complete_in_idle (helper->res);
   ^~~~~~~~~~~~~~~~~~~~~~~~~~~~~~~~~~~~~~
In file included from /usr/include/glib-2.0/gio/gio.h:117:0,
                 from /ws/userland/src/components/desktop/colord-gtk/colord-gtk-0.1.26/libcolord-gtk/cd-window.c:34:
/usr/include/glib-2.0/gio/gsimpleasyncresult.h:106:21: note: declared here
 void                g_simple_async_result_complete_in_idle (GSimpleAsyncResult      *simple);
                     ^~~~~~~~~~~~~~~~~~~~~~~~~~~~~~~~~~~~~~
/ws/userland/src/components/desktop/colord-gtk/colord-gtk-0.1.26/libcolord-gtk/cd-window.c: In function 'cd_window_get_profile_device_connect_cb':
/ws/userland/src/components/desktop/colord-gtk/colord-gtk-0.1.26/libcolord-gtk/cd-window.c:198:3: warning: 'g_simple_async_result_set_error' is deprecated [-Wdeprecated-declarations]
   g_simple_async_result_set_error (helper->res,
   ^~~~~~~~~~~~~~~~~~~~~~~~~~~~~~~
In file included from /usr/include/glib-2.0/gio/gio.h:117:0,
                 from /ws/userland/src/components/desktop/colord-gtk/colord-gtk-0.1.26/libcolord-gtk/cd-window.c:34:
/usr/include/glib-2.0/gio/gsimpleasyncresult.h:122:21: note: declared here
 void                g_simple_async_result_set_error        (GSimpleAsyncResult      *simple,
                     ^~~~~~~~~~~~~~~~~~~~~~~~~~~~~~~
/ws/userland/src/components/desktop/colord-gtk/colord-gtk-0.1.26/libcolord-gtk/cd-window.c:203:3: warning: 'g_simple_async_result_complete_in_idle' is deprecated [-Wdeprecated-declarations]
   g_simple_async_result_complete_in_idle (helper->res);
   ^~~~~~~~~~~~~~~~~~~~~~~~~~~~~~~~~~~~~~
In file included from /usr/include/glib-2.0/gio/gio.h:117:0,
                 from /ws/userland/src/components/desktop/colord-gtk/colord-gtk-0.1.26/libcolord-gtk/cd-window.c:34:
/usr/include/glib-2.0/gio/gsimpleasyncresult.h:106:21: note: declared here
 void                g_simple_async_result_complete_in_idle (GSimpleAsyncResult      *simple);
                     ^~~~~~~~~~~~~~~~~~~~~~~~~~~~~~~~~~~~~~
/ws/userland/src/components/desktop/colord-gtk/colord-gtk-0.1.26/libcolord-gtk/cd-window.c:212:3: warning: 'g_simple_async_result_set_error' is deprecated [-Wdeprecated-declarations]
   g_simple_async_result_set_error (helper->res,
   ^~~~~~~~~~~~~~~~~~~~~~~~~~~~~~~
In file included from /usr/include/glib-2.0/gio/gio.h:117:0,
                 from /ws/userland/src/components/desktop/colord-gtk/colord-gtk-0.1.26/libcolord-gtk/cd-window.c:34:
/usr/include/glib-2.0/gio/gsimpleasyncresult.h:122:21: note: declared here
 void                g_simple_async_result_set_error        (GSimpleAsyncResult      *simple,
                     ^~~~~~~~~~~~~~~~~~~~~~~~~~~~~~~
/ws/userland/src/components/desktop/colord-gtk/colord-gtk-0.1.26/libcolord-gtk/cd-window.c:217:3: warning: 'g_simple_async_result_complete_in_idle' is deprecated [-Wdeprecated-declarations]
   g_simple_async_result_complete_in_idle (helper->res);
   ^~~~~~~~~~~~~~~~~~~~~~~~~~~~~~~~~~~~~~
In file included from /usr/include/glib-2.0/gio/gio.h:117:0,
                 from /ws/userland/src/components/desktop/colord-gtk/colord-gtk-0.1.26/libcolord-gtk/cd-window.c:34:
/usr/include/glib-2.0/gio/gsimpleasyncresult.h:106:21: note: declared here
 void                g_simple_async_result_complete_in_idle (GSimpleAsyncResult      *simple);
                     ^~~~~~~~~~~~~~~~~~~~~~~~~~~~~~~~~~~~~~
/ws/userland/src/components/desktop/colord-gtk/colord-gtk-0.1.26/libcolord-gtk/cd-window.c: In function 'cd_window_get_profile_profile_connect_cb':
/ws/userland/src/components/desktop/colord-gtk/colord-gtk-0.1.26/libcolord-gtk/cd-window.c:239:3: warning: 'g_simple_async_result_set_error' is deprecated [-Wdeprecated-declarations]
   g_simple_async_result_set_error (helper->res,
   ^~~~~~~~~~~~~~~~~~~~~~~~~~~~~~~
In file included from /usr/include/glib-2.0/gio/gio.h:117:0,
                 from /ws/userland/src/components/desktop/colord-gtk/colord-gtk-0.1.26/libcolord-gtk/cd-window.c:34:
/usr/include/glib-2.0/gio/gsimpleasyncresult.h:122:21: note: declared here
 void                g_simple_async_result_set_error        (GSimpleAsyncResult      *simple,
                     ^~~~~~~~~~~~~~~~~~~~~~~~~~~~~~~
/ws/userland/src/components/desktop/colord-gtk/colord-gtk-0.1.26/libcolord-gtk/cd-window.c:244:3: warning: 'g_simple_async_result_complete_in_idle' is deprecated [-Wdeprecated-declarations]
   g_simple_async_result_complete_in_idle (helper->res);
   ^~~~~~~~~~~~~~~~~~~~~~~~~~~~~~~~~~~~~~
In file included from /usr/include/glib-2.0/gio/gio.h:117:0,
                 from /ws/userland/src/components/desktop/colord-gtk/colord-gtk-0.1.26/libcolord-gtk/cd-window.c:34:
/usr/include/glib-2.0/gio/gsimpleasyncresult.h:106:21: note: declared here
 void                g_simple_async_result_complete_in_idle (GSimpleAsyncResult      *simple);
                     ^~~~~~~~~~~~~~~~~~~~~~~~~~~~~~~~~~~~~~
/ws/userland/src/components/desktop/colord-gtk/colord-gtk-0.1.26/libcolord-gtk/cd-window.c:253:3: warning: 'g_simple_async_result_set_error' is deprecated [-Wdeprecated-declarations]
   g_simple_async_result_set_error (helper->res,
   ^~~~~~~~~~~~~~~~~~~~~~~~~~~~~~~
In file included from /usr/include/glib-2.0/gio/gio.h:117:0,
                 from /ws/userland/src/components/desktop/colord-gtk/colord-gtk-0.1.26/libcolord-gtk/cd-window.c:34:
/usr/include/glib-2.0/gio/gsimpleasyncresult.h:122:21: note: declared here
 void                g_simple_async_result_set_error        (GSimpleAsyncResult      *simple,
                     ^~~~~~~~~~~~~~~~~~~~~~~~~~~~~~~
/ws/userland/src/components/desktop/colord-gtk/colord-gtk-0.1.26/libcolord-gtk/cd-window.c:257:3: warning: 'g_simple_async_result_complete_in_idle' is deprecated [-Wdeprecated-declarations]
   g_simple_async_result_complete_in_idle (helper->res);
   ^~~~~~~~~~~~~~~~~~~~~~~~~~~~~~~~~~~~~~
In file included from /usr/include/glib-2.0/gio/gio.h:117:0,
                 from /ws/userland/src/components/desktop/colord-gtk/colord-gtk-0.1.26/libcolord-gtk/cd-window.c:34:
/usr/include/glib-2.0/gio/gsimpleasyncresult.h:106:21: note: declared here
 void                g_simple_async_result_complete_in_idle (GSimpleAsyncResult      *simple);
                     ^~~~~~~~~~~~~~~~~~~~~~~~~~~~~~~~~~~~~~
/ws/userland/src/components/desktop/colord-gtk/colord-gtk-0.1.26/libcolord-gtk/cd-window.c:263:2: warning: 'g_simple_async_result_set_op_res_gpointer' is deprecated [-Wdeprecated-declarations]
  g_simple_async_result_set_op_res_gpointer (helper->res,
  ^~~~~~~~~~~~~~~~~~~~~~~~~~~~~~~~~~~~~~~~~
In file included from /usr/include/glib-2.0/gio/gio.h:117:0,
                 from /ws/userland/src/components/desktop/colord-gtk/colord-gtk-0.1.26/libcolord-gtk/cd-window.c:34:
/usr/include/glib-2.0/gio/gsimpleasyncresult.h:75:21: note: declared here
 void                g_simple_async_result_set_op_res_gpointer (GSimpleAsyncResult      *simple,
                     ^~~~~~~~~~~~~~~~~~~~~~~~~~~~~~~~~~~~~~~~~
/ws/userland/src/components/desktop/colord-gtk/colord-gtk-0.1.26/libcolord-gtk/cd-window.c:266:2: warning: 'g_simple_async_result_complete_in_idle' is deprecated [-Wdeprecated-declarations]
  g_simple_async_result_complete_in_idle (helper->res);
  ^~~~~~~~~~~~~~~~~~~~~~~~~~~~~~~~~~~~~~
In file included from /usr/include/glib-2.0/gio/gio.h:117:0,
                 from /ws/userland/src/components/desktop/colord-gtk/colord-gtk-0.1.26/libcolord-gtk/cd-window.c:34:
/usr/include/glib-2.0/gio/gsimpleasyncresult.h:106:21: note: declared here
 void                g_simple_async_result_complete_in_idle (GSimpleAsyncResult      *simple);
                     ^~~~~~~~~~~~~~~~~~~~~~~~~~~~~~~~~~~~~~
/ws/userland/src/components/desktop/colord-gtk/colord-gtk-0.1.26/libcolord-gtk/cd-window.c: In function 'cd_window_get_profile_device_find_cb':
/ws/userland/src/components/desktop/colord-gtk/colord-gtk-0.1.26/libcolord-gtk/cd-window.c:284:3: warning: 'g_simple_async_result_set_error' is deprecated [-Wdeprecated-declarations]
   g_simple_async_result_set_error (helper->res,
   ^~~~~~~~~~~~~~~~~~~~~~~~~~~~~~~
In file included from /usr/include/glib-2.0/gio/gio.h:117:0,
                 from /ws/userland/src/components/desktop/colord-gtk/colord-gtk-0.1.26/libcolord-gtk/cd-window.c:34:
/usr/include/glib-2.0/gio/gsimpleasyncresult.h:122:21: note: declared here
 void                g_simple_async_result_set_error        (GSimpleAsyncResult      *simple,
                     ^~~~~~~~~~~~~~~~~~~~~~~~~~~~~~~
/ws/userland/src/components/desktop/colord-gtk/colord-gtk-0.1.26/libcolord-gtk/cd-window.c:289:3: warning: 'g_simple_async_result_complete_in_idle' is deprecated [-Wdeprecated-declarations]
   g_simple_async_result_complete_in_idle (helper->res);
   ^~~~~~~~~~~~~~~~~~~~~~~~~~~~~~~~~~~~~~
In file included from /usr/include/glib-2.0/gio/gio.h:117:0,
                 from /ws/userland/src/components/desktop/colord-gtk/colord-gtk-0.1.26/libcolord-gtk/cd-window.c:34:
/usr/include/glib-2.0/gio/gsimpleasyncresult.h:106:21: note: declared here
 void                g_simple_async_result_complete_in_idle (GSimpleAsyncResult      *simple);
                     ^~~~~~~~~~~~~~~~~~~~~~~~~~~~~~~~~~~~~~
/ws/userland/src/components/desktop/colord-gtk/colord-gtk-0.1.26/libcolord-gtk/cd-window.c: In function 'cd_window_update_widget_plug_name':
/ws/userland/src/components/desktop/colord-gtk/colord-gtk-0.1.26/libcolord-gtk/cd-window.c:388:2: warning: 'gdk_screen_get_monitor_at_window' is deprecated: Use 'gdk_display_get_monitor_at_window' instead [-Wdeprecated-declarations]
  monitor_num = gdk_screen_get_monitor_at_window (screen,
  ^~~~~~~~~~~
In file included from /usr/include/gtk-3.0/gdk/gdkapplaunchcontext.h:31:0,
                 from /usr/include/gtk-3.0/gdk/gdk.h:32,
                 from /usr/include/gtk-3.0/gtk/gtk.h:30,
                 from /ws/userland/src/components/desktop/colord-gtk/colord-gtk-0.1.26/libcolord-gtk/cd-window.c:36:
/usr/include/gtk-3.0/gdk/gdkscreen.h:91:15: note: declared here
 gint          gdk_screen_get_monitor_at_window (GdkScreen *screen,
               ^~~~~~~~~~~~~~~~~~~~~~~~~~~~~~~~
/ws/userland/src/components/desktop/colord-gtk/colord-gtk-0.1.26/libcolord-gtk/cd-window.c:390:2: warning: 'gdk_screen_get_monitor_plug_name' is deprecated: Use 'gdk_monitor_get_model' instead [-Wdeprecated-declarations]
  plug_name = gdk_screen_get_monitor_plug_name (screen, monitor_num);
  ^~~~~~~~~
In file included from /usr/include/gtk-3.0/gdk/gdkapplaunchcontext.h:31:0,
                 from /usr/include/gtk-3.0/gdk/gdk.h:32,
                 from /usr/include/gtk-3.0/gtk/gtk.h:30,
                 from /ws/userland/src/components/desktop/colord-gtk/colord-gtk-0.1.26/libcolord-gtk/cd-window.c:36:
/usr/include/gtk-3.0/gdk/gdkscreen.h:100:15: note: declared here
 gchar *       gdk_screen_get_monitor_plug_name (GdkScreen *screen,
               ^~~~~~~~~~~~~~~~~~~~~~~~~~~~~~~~
/ws/userland/src/components/desktop/colord-gtk/colord-gtk-0.1.26/libcolord-gtk/cd-window.c: In function 'cd_window_get_profile':
/ws/userland/src/components/desktop/colord-gtk/colord-gtk-0.1.26/libcolord-gtk/cd-window.c:443:2: warning: 'g_simple_async_result_new' is deprecated: Use 'g_task_new' instead [-Wdeprecated-declarations]
  helper->res = g_simple_async_result_new (G_OBJECT (window),
  ^~~~~~
In file included from /usr/include/glib-2.0/gio/gio.h:117:0,
                 from /ws/userland/src/components/desktop/colord-gtk/colord-gtk-0.1.26/libcolord-gtk/cd-window.c:34:
/usr/include/glib-2.0/gio/gsimpleasyncresult.h:51:21: note: declared here
 GSimpleAsyncResult *g_simple_async_result_new              (GObject                 *source_object,
                     ^~~~~~~~~~~~~~~~~~~~~~~~~
  CC       libcolord_gtk_la-cd-window-sync.lo
  CCLD     libcolord-gtk.la
  GISCAN   ColordGtk-1.0.gir
/usr/gcc/7/lib/gcc/x86_64-pc-solaris2.11/7.3.0/include/stddef.h:435: syntax error, unexpected identifier in '  __float128 __max_align_f128 __attribute__((__aligned__(__alignof(__float128))));' at '__float128'
colord-gtk-0.1.26/libcolord-gtk/cd-window.c:505: Warning: ColordGtk: incorrect number of parameters in comment block, parameter annotations will be ignored.
/usr/gnu/bin/make  ColordGtk-1.0.gir
make[4]: Entering directory '/ws/userland/src/components/desktop/colord-gtk/build/i86/libcolord-gtk'
make[4]: 'ColordGtk-1.0.gir' is up to date.
make[4]: Leaving directory '/ws/userland/src/components/desktop/colord-gtk/build/i86/libcolord-gtk'
  GEN      colord-gtk.vapi
Generation succeeded - 0 warning(s)
touch colord-gtk.vapi
  GICOMP   ColordGtk-1.0.gir
make[3]: Leaving directory '/ws/userland/src/components/desktop/colord-gtk/build/i86/libcolord-gtk'
Making all in po
make[3]: Entering directory '/ws/userland/src/components/desktop/colord-gtk/build/i86/po'
  MSGFMT en_GB.gmo
make[3]: Leaving directory '/ws/userland/src/components/desktop/colord-gtk/build/i86/po'
Making all in client
make[3]: Entering directory '/ws/userland/src/components/desktop/colord-gtk/build/i86/client'
  CC       cd_convert-cd-convert.o
  CCLD     cd-convert
make[3]: Leaving directory '/ws/userland/src/components/desktop/colord-gtk/build/i86/client'
Making all in doc
make[3]: Entering directory '/ws/userland/src/components/desktop/colord-gtk/build/i86/doc'
Making all in api
make[4]: Entering directory '/ws/userland/src/components/desktop/colord-gtk/build/i86/doc/api'
make[4]: Nothing to be done for 'all'.
make[4]: Leaving directory '/ws/userland/src/components/desktop/colord-gtk/build/i86/doc/api'
make[4]: Entering directory '/ws/userland/src/components/desktop/colord-gtk/build/i86/doc'
make[4]: Nothing to be done for 'all-am'.
make[4]: Leaving directory '/ws/userland/src/components/desktop/colord-gtk/build/i86/doc'
make[3]: Leaving directory '/ws/userland/src/components/desktop/colord-gtk/build/i86/doc'
make[3]: Entering directory '/ws/userland/src/components/desktop/colord-gtk/build/i86'
make[3]: Leaving directory '/ws/userland/src/components/desktop/colord-gtk/build/i86'
make[2]: Leaving directory '/ws/userland/src/components/desktop/colord-gtk/build/i86'
make[1]: Leaving directory '/ws/userland/src/components/desktop/colord-gtk/build/i86'
/usr/bin/touch /ws/userland/src/components/desktop/colord-gtk/build/i86/.built
(/bin/rm -f -rf /ws/userland/src/components/desktop/colord-gtk/build/amd64 ; /bin/mkdir -p /ws/userland/src/components/desktop/colord-gtk/build/amd64)
(cd /ws/userland/src/components/desktop/colord-gtk/build/amd64 ; /usr/bin/env CONFIG_SHELL="/bin/bash" PKG_CONFIG_PATH="/usr/lib/amd64/pkgconfig" CC="/usr/gcc/7/bin/gcc" CXX="/usr/gcc/7/bin/g++" PATH="/usr/bin/amd64:/usr/bin:/usr/gnu/bin" CC_FOR_BUILD="/usr/gcc/7/bin/gcc -m64" CXX_FOR_BUILD="/usr/gcc/7/bin/g++ -m64" CPPFLAGS="-m64" "ac_cv_func_realloc_0_nonnull=yes" "NM=/usr/gnu/bin/nm" INTLTOOL_PERL="/usr/perl5/5.22/bin/perl" CFLAGS="-m64 -O3" CXXFLAGS="-m64 -O3" LDFLAGS="" PATH=/usr/gnu/bin:/usr/bin:/usr/gnu/bin /bin/bash \
	/ws/userland/src/components/desktop/colord-gtk/colord-gtk-0.1.26/configure --prefix=/usr --mandir=/usr/share/man --bindir=/usr/bin --sbindir=/usr/sbin --libdir=/usr/lib/amd64    --disable-gtk2 --disable-gtk-doc --disable-schemas-compile --disable-static --enable-introspection --enable-shared --enable-vala --with-pic)
checking for a BSD-compatible install... /usr/gnu/bin/install -c
checking whether build environment is sane... yes
checking for a thread-safe mkdir -p... /usr/gnu/bin/mkdir -p
checking for gawk... gawk
checking whether make sets $(MAKE)... yes
checking whether make supports nested variables... yes
checking whether UID '100' is supported by ustar format... yes
checking whether GID '10' is supported by ustar format... yes
checking how to create a ustar tar archive... gnutar
checking build system type... x86_64-pc-solaris2.11
checking host system type... x86_64-pc-solaris2.11
checking how to print strings... print -r
checking for style of include used by make... GNU
checking for gcc... /usr/gcc/7/bin/gcc
checking whether the C compiler works... yes
checking for C compiler default output file name... a.out
checking for suffix of executables... 
checking whether we are cross compiling... no
checking for suffix of object files... o
checking whether we are using the GNU C compiler... yes
checking whether /usr/gcc/7/bin/gcc accepts -g... yes
checking for /usr/gcc/7/bin/gcc option to accept ISO C89... none needed
checking whether /usr/gcc/7/bin/gcc understands -c and -o together... yes
checking dependency style of /usr/gcc/7/bin/gcc... gcc3
checking for a sed that does not truncate output... /usr/gnu/bin/sed
checking for grep that handles long lines and -e... /usr/gnu/bin/grep
checking for egrep... /usr/gnu/bin/grep -E
checking for fgrep... /usr/gnu/bin/grep -F
checking for ld used by /usr/gcc/7/bin/gcc... /usr/bin/ld
checking if the linker (/usr/bin/ld) is GNU ld... no
checking for BSD- or MS-compatible name lister (nm)... /usr/gnu/bin/nm
checking the name lister (/usr/gnu/bin/nm) interface... BSD nm
checking whether ln -s works... yes
checking the maximum length of command line arguments... 1572480
checking whether the shell understands some XSI constructs... yes
checking whether the shell understands "+="... yes
checking how to convert x86_64-pc-solaris2.11 file names to x86_64-pc-solaris2.11 format... func_convert_file_noop
checking how to convert x86_64-pc-solaris2.11 file names to toolchain format... func_convert_file_noop
checking for /usr/bin/ld option to reload object files... -r
checking for objdump... objdump
checking how to recognize dependent libraries... pass_all
checking for dlltool... no
checking how to associate runtime and link libraries... print -r --
checking for ar... ar
checking for archiver @FILE support... @
checking for strip... strip
checking for ranlib... ranlib
checking command to parse /usr/gnu/bin/nm output from /usr/gcc/7/bin/gcc object... ok
checking for sysroot... no
checking for mt... mt
checking if mt is a manifest tool... no
checking how to run the C preprocessor... /usr/gcc/7/bin/gcc -E
checking for ANSI C header files... yes
checking for sys/types.h... yes
checking for sys/stat.h... yes
checking for stdlib.h... yes
checking for string.h... yes
checking for memory.h... yes
checking for strings.h... yes
checking for inttypes.h... yes
checking for stdint.h... yes
checking for unistd.h... yes
checking for dlfcn.h... yes
checking for objdir... .libs
checking if /usr/gcc/7/bin/gcc supports -fno-rtti -fno-exceptions... no
checking for /usr/gcc/7/bin/gcc option to produce PIC... -fPIC -DPIC
checking if /usr/gcc/7/bin/gcc PIC flag -fPIC -DPIC works... yes
checking if /usr/gcc/7/bin/gcc static flag -static works... no
checking if /usr/gcc/7/bin/gcc supports -c -o file.o... yes
checking if /usr/gcc/7/bin/gcc supports -c -o file.o... (cached) yes
checking whether the /usr/gcc/7/bin/gcc linker (/usr/bin/ld -64) supports shared libraries... yes
checking whether -lc should be explicitly linked in... no
checking dynamic linker characteristics... solaris2.11 ld.so
checking how to hardcode library paths into programs... immediate
checking whether stripping libraries is possible... no
checking if libtool supports shared libraries... yes
checking whether to build shared libraries... yes
checking whether to build static libraries... no
checking for pkg-config... /usr/bin/pkg-config
checking pkg-config is at least version 0.9.0... yes
checking for gobject-introspection... yes
checking for gtk-doc... yes
checking for gtkdoc-check... gtkdoc-check.test
checking for gtkdoc-check... /usr/bin/gtkdoc-check
checking for gtkdoc-rebase... /usr/bin/gtkdoc-rebase
checking for gtkdoc-mkpdf... /usr/bin/gtkdoc-mkpdf
checking whether to build gtk-doc documentation... no
checking for GTKDOC_DEPS... yes
checking whether make supports nested variables... (cached) yes
checking for linguas... en_GB 
checking for gcc... (cached) /usr/gcc/7/bin/gcc
checking whether we are using the GNU C compiler... (cached) yes
checking whether /usr/gcc/7/bin/gcc accepts -g... (cached) yes
checking for /usr/gcc/7/bin/gcc option to accept ISO C89... (cached) none needed
checking whether /usr/gcc/7/bin/gcc understands -c and -o together... (cached) yes
checking dependency style of /usr/gcc/7/bin/gcc... (cached) gcc3
checking whether NLS is requested... yes
checking for intltool >= 0.35.0... 0.51.0 found
checking for intltool-update... /usr/bin/intltool-update
checking for intltool-merge... /usr/bin/intltool-merge
checking for intltool-extract... /usr/bin/intltool-extract
checking for xgettext... /usr/gnu/bin/xgettext
checking for msgmerge... /usr/bin/msgmerge
checking for msgfmt... /usr/gnu/bin/msgfmt
checking for gmsgfmt... /usr/bin/gmsgfmt
checking for perl... /usr/perl5/5.22/bin/perl
checking for perl >= 5.8.1... 5.22.1
checking for XML::Parser... ok
checking for xsltproc... /usr/bin/xsltproc
checking for msgfmt... (cached) /usr/gnu/bin/msgfmt
checking for gmsgfmt... (cached) /usr/bin/gmsgfmt
checking for xgettext... (cached) /usr/gnu/bin/xgettext
checking for msgmerge... (cached) /usr/bin/msgmerge
checking for ld used by GCC... /usr/bin/ld -64
checking if the linker (/usr/bin/ld -64) is GNU ld... no
checking for shared library run path origin... done
checking for CFPreferencesCopyAppValue... no
checking for CFLocaleCopyCurrent... no
checking for GNU gettext in libc... yes
checking whether to use NLS... yes
checking where the gettext function comes from... libc
checking for pkg-config... (cached) /usr/bin/pkg-config
checking pkg-config is at least version 0.16... yes
checking for GLIB... yes
checking for GTK3... yes
checking for COLORD... yes
checking for LCMS... yes
checking for vapigen... /usr/bin/vapigen
checking for docbook2man... no
configure: WARNING: docbook2man not found, will not be able to build man documentation (if tarball, pre-generated documentation will be installed)
checking that generated files are newer than configure... done
configure: creating ./config.status
config.status: creating Makefile
config.status: creating contrib/Makefile
config.status: creating doc/Makefile
config.status: creating doc/api/Makefile
config.status: creating doc/api/version.xml
config.status: creating man/Makefile
config.status: creating po/Makefile.in
config.status: creating client/Makefile
config.status: creating libcolord-gtk/cd-version.h
config.status: creating libcolord-gtk/colord-gtk.pc
config.status: creating libcolord-gtk/colord-gtk2.pc
config.status: creating libcolord-gtk/Makefile
config.status: creating config.h
config.status: executing depfiles commands
config.status: executing libtool commands
config.status: executing po-directories commands
config.status: creating po/POTFILES
config.status: creating po/Makefile
config.status: executing po/stamp-it commands

                    colord-gtk 0.1.26
                  ===================

        prefix:                    /usr
        datadir:                   ${datarootdir}
        compiler:                  /usr/gcc/7/bin/gcc
        cflags:                    -m64 -O3
        cppflags:                  -m64
        gobject-introspection:     yes
        Vala API generator:        yes
        Additional Gtk+2 support:  no

/usr/bin/touch /ws/userland/src/components/desktop/colord-gtk/build/amd64/.configured
(cd /ws/userland/src/components/desktop/colord-gtk/build/amd64 ; /usr/bin/env LD_OPTIONS="-M /usr/lib/ld/map.noexdata -M /usr/lib/ld/map.pagealign -Bdirect -zignore -zstrip-class=comment" LD_EXEC_OPTIONS=" -zsx=aslr=enable -zsx=nxstack=enable -zsx=nxheap=enable " LD_PIE_OPTIONS="-zsx=aslr=enable -zsx=nxstack=enable -zsx=nxheap=enable "  PKG_CONFIG_PATH="/usr/lib/amd64/pkgconfig" "ac_cv_func_realloc_0_nonnull=yes" INTLTOOL_PERL="/usr/perl5/5.22/bin/perl" XDG_DATA_DIRS="/ws/userland/src/components/desktop/colord/build/prototype/i386/usr/share:/usr/share" \
	/usr/gnu/bin/make  )
make[1]: Entering directory '/ws/userland/src/components/desktop/colord-gtk/build/amd64'
/usr/gnu/bin/make  all-recursive
make[2]: Entering directory '/ws/userland/src/components/desktop/colord-gtk/build/amd64'
Making all in man
make[3]: Entering directory '/ws/userland/src/components/desktop/colord-gtk/build/amd64/man'
make[3]: Nothing to be done for 'all'.
make[3]: Leaving directory '/ws/userland/src/components/desktop/colord-gtk/build/amd64/man'
Making all in contrib
make[3]: Entering directory '/ws/userland/src/components/desktop/colord-gtk/build/amd64/contrib'
make[3]: Nothing to be done for 'all'.
make[3]: Leaving directory '/ws/userland/src/components/desktop/colord-gtk/build/amd64/contrib'
Making all in libcolord-gtk
make[3]: Entering directory '/ws/userland/src/components/desktop/colord-gtk/build/amd64/libcolord-gtk'
  CC       libcolord_gtk_la-cd-sample-widget.lo
/ws/userland/src/components/desktop/colord-gtk/colord-gtk-0.1.26/libcolord-gtk/cd-sample-widget.c: In function 'cd_sample_window_enter_notify_event_cb':
/ws/userland/src/components/desktop/colord-gtk/colord-gtk-0.1.26/libcolord-gtk/cd-sample-widget.c:152:2: warning: 'gdk_cursor_new' is deprecated [-Wdeprecated-declarations]
  cursor = gdk_cursor_new (GDK_BLANK_CURSOR);
  ^~~~~~
In file included from /usr/include/gtk-3.0/gdk/gdk.h:34:0,
                 from /usr/include/gtk-3.0/gtk/gtk.h:30,
                 from /ws/userland/src/components/desktop/colord-gtk/colord-gtk-0.1.26/libcolord-gtk/cd-sample-widget.c:24:
/usr/include/gtk-3.0/gdk/gdkcursor.h:228:12: note: declared here
 GdkCursor* gdk_cursor_new   (GdkCursorType    cursor_type);
            ^~~~~~~~~~~~~~
/ws/userland/src/components/desktop/colord-gtk/colord-gtk-0.1.26/libcolord-gtk/cd-sample-widget.c: In function 'cd_sample_window_leave_notify_event_cb':
/ws/userland/src/components/desktop/colord-gtk/colord-gtk-0.1.26/libcolord-gtk/cd-sample-widget.c:170:2: warning: 'gdk_cursor_new' is deprecated [-Wdeprecated-declarations]
  cursor = gdk_cursor_new (GDK_ARROW);
  ^~~~~~
In file included from /usr/include/gtk-3.0/gdk/gdk.h:34:0,
                 from /usr/include/gtk-3.0/gtk/gtk.h:30,
                 from /ws/userland/src/components/desktop/colord-gtk/colord-gtk-0.1.26/libcolord-gtk/cd-sample-widget.c:24:
/usr/include/gtk-3.0/gdk/gdkcursor.h:228:12: note: declared here
 GdkCursor* gdk_cursor_new   (GdkCursorType    cursor_type);
            ^~~~~~~~~~~~~~
  CC       libcolord_gtk_la-cd-sample-window.lo
  CC       libcolord_gtk_la-cd-window.lo
/ws/userland/src/components/desktop/colord-gtk/colord-gtk-0.1.26/libcolord-gtk/cd-window.c: In function 'cd_window_get_profile_finish':
/ws/userland/src/components/desktop/colord-gtk/colord-gtk-0.1.26/libcolord-gtk/cd-window.c:142:2: warning: 'g_simple_async_result_propagate_error' is deprecated [-Wdeprecated-declarations]
  if (g_simple_async_result_propagate_error (simple, error))
  ^~
In file included from /usr/include/glib-2.0/gio/gio.h:117:0,
                 from /ws/userland/src/components/desktop/colord-gtk/colord-gtk-0.1.26/libcolord-gtk/cd-window.c:34:
/usr/include/glib-2.0/gio/gsimpleasyncresult.h:119:21: note: declared here
 gboolean            g_simple_async_result_propagate_error  (GSimpleAsyncResult      *simple,
                     ^~~~~~~~~~~~~~~~~~~~~~~~~~~~~~~~~~~~~
/ws/userland/src/components/desktop/colord-gtk/colord-gtk-0.1.26/libcolord-gtk/cd-window.c:145:2: warning: 'g_simple_async_result_get_op_res_gpointer' is deprecated [-Wdeprecated-declarations]
  return g_object_ref (g_simple_async_result_get_op_res_gpointer (simple));
  ^~~~~~
In file included from /usr/include/glib-2.0/gio/gio.h:117:0,
                 from /ws/userland/src/components/desktop/colord-gtk/colord-gtk-0.1.26/libcolord-gtk/cd-window.c:34:
/usr/include/glib-2.0/gio/gsimpleasyncresult.h:79:21: note: declared here
 gpointer            g_simple_async_result_get_op_res_gpointer (GSimpleAsyncResult      *simple);
                     ^~~~~~~~~~~~~~~~~~~~~~~~~~~~~~~~~~~~~~~~~
/ws/userland/src/components/desktop/colord-gtk/colord-gtk-0.1.26/libcolord-gtk/cd-window.c: In function 'cd_window_get_profile_client_connect_cb':
/ws/userland/src/components/desktop/colord-gtk/colord-gtk-0.1.26/libcolord-gtk/cd-window.c:172:3: warning: 'g_simple_async_result_set_error' is deprecated [-Wdeprecated-declarations]
   g_simple_async_result_set_error (helper->res,
   ^~~~~~~~~~~~~~~~~~~~~~~~~~~~~~~
In file included from /usr/include/glib-2.0/gio/gio.h:117:0,
                 from /ws/userland/src/components/desktop/colord-gtk/colord-gtk-0.1.26/libcolord-gtk/cd-window.c:34:
/usr/include/glib-2.0/gio/gsimpleasyncresult.h:122:21: note: declared here
 void                g_simple_async_result_set_error        (GSimpleAsyncResult      *simple,
                     ^~~~~~~~~~~~~~~~~~~~~~~~~~~~~~~
/ws/userland/src/components/desktop/colord-gtk/colord-gtk-0.1.26/libcolord-gtk/cd-window.c:177:3: warning: 'g_simple_async_result_complete_in_idle' is deprecated [-Wdeprecated-declarations]
   g_simple_async_result_complete_in_idle (helper->res);
   ^~~~~~~~~~~~~~~~~~~~~~~~~~~~~~~~~~~~~~
In file included from /usr/include/glib-2.0/gio/gio.h:117:0,
                 from /ws/userland/src/components/desktop/colord-gtk/colord-gtk-0.1.26/libcolord-gtk/cd-window.c:34:
/usr/include/glib-2.0/gio/gsimpleasyncresult.h:106:21: note: declared here
 void                g_simple_async_result_complete_in_idle (GSimpleAsyncResult      *simple);
                     ^~~~~~~~~~~~~~~~~~~~~~~~~~~~~~~~~~~~~~
/ws/userland/src/components/desktop/colord-gtk/colord-gtk-0.1.26/libcolord-gtk/cd-window.c: In function 'cd_window_get_profile_device_connect_cb':
/ws/userland/src/components/desktop/colord-gtk/colord-gtk-0.1.26/libcolord-gtk/cd-window.c:198:3: warning: 'g_simple_async_result_set_error' is deprecated [-Wdeprecated-declarations]
   g_simple_async_result_set_error (helper->res,
   ^~~~~~~~~~~~~~~~~~~~~~~~~~~~~~~
In file included from /usr/include/glib-2.0/gio/gio.h:117:0,
                 from /ws/userland/src/components/desktop/colord-gtk/colord-gtk-0.1.26/libcolord-gtk/cd-window.c:34:
/usr/include/glib-2.0/gio/gsimpleasyncresult.h:122:21: note: declared here
 void                g_simple_async_result_set_error        (GSimpleAsyncResult      *simple,
                     ^~~~~~~~~~~~~~~~~~~~~~~~~~~~~~~
/ws/userland/src/components/desktop/colord-gtk/colord-gtk-0.1.26/libcolord-gtk/cd-window.c:203:3: warning: 'g_simple_async_result_complete_in_idle' is deprecated [-Wdeprecated-declarations]
   g_simple_async_result_complete_in_idle (helper->res);
   ^~~~~~~~~~~~~~~~~~~~~~~~~~~~~~~~~~~~~~
In file included from /usr/include/glib-2.0/gio/gio.h:117:0,
                 from /ws/userland/src/components/desktop/colord-gtk/colord-gtk-0.1.26/libcolord-gtk/cd-window.c:34:
/usr/include/glib-2.0/gio/gsimpleasyncresult.h:106:21: note: declared here
 void                g_simple_async_result_complete_in_idle (GSimpleAsyncResult      *simple);
                     ^~~~~~~~~~~~~~~~~~~~~~~~~~~~~~~~~~~~~~
/ws/userland/src/components/desktop/colord-gtk/colord-gtk-0.1.26/libcolord-gtk/cd-window.c:212:3: warning: 'g_simple_async_result_set_error' is deprecated [-Wdeprecated-declarations]
   g_simple_async_result_set_error (helper->res,
   ^~~~~~~~~~~~~~~~~~~~~~~~~~~~~~~
In file included from /usr/include/glib-2.0/gio/gio.h:117:0,
                 from /ws/userland/src/components/desktop/colord-gtk/colord-gtk-0.1.26/libcolord-gtk/cd-window.c:34:
/usr/include/glib-2.0/gio/gsimpleasyncresult.h:122:21: note: declared here
 void                g_simple_async_result_set_error        (GSimpleAsyncResult      *simple,
                     ^~~~~~~~~~~~~~~~~~~~~~~~~~~~~~~
/ws/userland/src/components/desktop/colord-gtk/colord-gtk-0.1.26/libcolord-gtk/cd-window.c:217:3: warning: 'g_simple_async_result_complete_in_idle' is deprecated [-Wdeprecated-declarations]
   g_simple_async_result_complete_in_idle (helper->res);
   ^~~~~~~~~~~~~~~~~~~~~~~~~~~~~~~~~~~~~~
In file included from /usr/include/glib-2.0/gio/gio.h:117:0,
                 from /ws/userland/src/components/desktop/colord-gtk/colord-gtk-0.1.26/libcolord-gtk/cd-window.c:34:
/usr/include/glib-2.0/gio/gsimpleasyncresult.h:106:21: note: declared here
 void                g_simple_async_result_complete_in_idle (GSimpleAsyncResult      *simple);
                     ^~~~~~~~~~~~~~~~~~~~~~~~~~~~~~~~~~~~~~
/ws/userland/src/components/desktop/colord-gtk/colord-gtk-0.1.26/libcolord-gtk/cd-window.c: In function 'cd_window_get_profile_profile_connect_cb':
/ws/userland/src/components/desktop/colord-gtk/colord-gtk-0.1.26/libcolord-gtk/cd-window.c:239:3: warning: 'g_simple_async_result_set_error' is deprecated [-Wdeprecated-declarations]
   g_simple_async_result_set_error (helper->res,
   ^~~~~~~~~~~~~~~~~~~~~~~~~~~~~~~
In file included from /usr/include/glib-2.0/gio/gio.h:117:0,
                 from /ws/userland/src/components/desktop/colord-gtk/colord-gtk-0.1.26/libcolord-gtk/cd-window.c:34:
/usr/include/glib-2.0/gio/gsimpleasyncresult.h:122:21: note: declared here
 void                g_simple_async_result_set_error        (GSimpleAsyncResult      *simple,
                     ^~~~~~~~~~~~~~~~~~~~~~~~~~~~~~~
/ws/userland/src/components/desktop/colord-gtk/colord-gtk-0.1.26/libcolord-gtk/cd-window.c:244:3: warning: 'g_simple_async_result_complete_in_idle' is deprecated [-Wdeprecated-declarations]
   g_simple_async_result_complete_in_idle (helper->res);
   ^~~~~~~~~~~~~~~~~~~~~~~~~~~~~~~~~~~~~~
In file included from /usr/include/glib-2.0/gio/gio.h:117:0,
                 from /ws/userland/src/components/desktop/colord-gtk/colord-gtk-0.1.26/libcolord-gtk/cd-window.c:34:
/usr/include/glib-2.0/gio/gsimpleasyncresult.h:106:21: note: declared here
 void                g_simple_async_result_complete_in_idle (GSimpleAsyncResult      *simple);
                     ^~~~~~~~~~~~~~~~~~~~~~~~~~~~~~~~~~~~~~
/ws/userland/src/components/desktop/colord-gtk/colord-gtk-0.1.26/libcolord-gtk/cd-window.c:253:3: warning: 'g_simple_async_result_set_error' is deprecated [-Wdeprecated-declarations]
   g_simple_async_result_set_error (helper->res,
   ^~~~~~~~~~~~~~~~~~~~~~~~~~~~~~~
In file included from /usr/include/glib-2.0/gio/gio.h:117:0,
                 from /ws/userland/src/components/desktop/colord-gtk/colord-gtk-0.1.26/libcolord-gtk/cd-window.c:34:
/usr/include/glib-2.0/gio/gsimpleasyncresult.h:122:21: note: declared here
 void                g_simple_async_result_set_error        (GSimpleAsyncResult      *simple,
                     ^~~~~~~~~~~~~~~~~~~~~~~~~~~~~~~
/ws/userland/src/components/desktop/colord-gtk/colord-gtk-0.1.26/libcolord-gtk/cd-window.c:257:3: warning: 'g_simple_async_result_complete_in_idle' is deprecated [-Wdeprecated-declarations]
   g_simple_async_result_complete_in_idle (helper->res);
   ^~~~~~~~~~~~~~~~~~~~~~~~~~~~~~~~~~~~~~
In file included from /usr/include/glib-2.0/gio/gio.h:117:0,
                 from /ws/userland/src/components/desktop/colord-gtk/colord-gtk-0.1.26/libcolord-gtk/cd-window.c:34:
/usr/include/glib-2.0/gio/gsimpleasyncresult.h:106:21: note: declared here
 void                g_simple_async_result_complete_in_idle (GSimpleAsyncResult      *simple);
                     ^~~~~~~~~~~~~~~~~~~~~~~~~~~~~~~~~~~~~~
/ws/userland/src/components/desktop/colord-gtk/colord-gtk-0.1.26/libcolord-gtk/cd-window.c:263:2: warning: 'g_simple_async_result_set_op_res_gpointer' is deprecated [-Wdeprecated-declarations]
  g_simple_async_result_set_op_res_gpointer (helper->res,
  ^~~~~~~~~~~~~~~~~~~~~~~~~~~~~~~~~~~~~~~~~
In file included from /usr/include/glib-2.0/gio/gio.h:117:0,
                 from /ws/userland/src/components/desktop/colord-gtk/colord-gtk-0.1.26/libcolord-gtk/cd-window.c:34:
/usr/include/glib-2.0/gio/gsimpleasyncresult.h:75:21: note: declared here
 void                g_simple_async_result_set_op_res_gpointer (GSimpleAsyncResult      *simple,
                     ^~~~~~~~~~~~~~~~~~~~~~~~~~~~~~~~~~~~~~~~~
/ws/userland/src/components/desktop/colord-gtk/colord-gtk-0.1.26/libcolord-gtk/cd-window.c:266:2: warning: 'g_simple_async_result_complete_in_idle' is deprecated [-Wdeprecated-declarations]
  g_simple_async_result_complete_in_idle (helper->res);
  ^~~~~~~~~~~~~~~~~~~~~~~~~~~~~~~~~~~~~~
In file included from /usr/include/glib-2.0/gio/gio.h:117:0,
                 from /ws/userland/src/components/desktop/colord-gtk/colord-gtk-0.1.26/libcolord-gtk/cd-window.c:34:
/usr/include/glib-2.0/gio/gsimpleasyncresult.h:106:21: note: declared here
 void                g_simple_async_result_complete_in_idle (GSimpleAsyncResult      *simple);
                     ^~~~~~~~~~~~~~~~~~~~~~~~~~~~~~~~~~~~~~
/ws/userland/src/components/desktop/colord-gtk/colord-gtk-0.1.26/libcolord-gtk/cd-window.c: In function 'cd_window_get_profile_device_find_cb':
/ws/userland/src/components/desktop/colord-gtk/colord-gtk-0.1.26/libcolord-gtk/cd-window.c:284:3: warning: 'g_simple_async_result_set_error' is deprecated [-Wdeprecated-declarations]
   g_simple_async_result_set_error (helper->res,
   ^~~~~~~~~~~~~~~~~~~~~~~~~~~~~~~
In file included from /usr/include/glib-2.0/gio/gio.h:117:0,
                 from /ws/userland/src/components/desktop/colord-gtk/colord-gtk-0.1.26/libcolord-gtk/cd-window.c:34:
/usr/include/glib-2.0/gio/gsimpleasyncresult.h:122:21: note: declared here
 void                g_simple_async_result_set_error        (GSimpleAsyncResult      *simple,
                     ^~~~~~~~~~~~~~~~~~~~~~~~~~~~~~~
/ws/userland/src/components/desktop/colord-gtk/colord-gtk-0.1.26/libcolord-gtk/cd-window.c:289:3: warning: 'g_simple_async_result_complete_in_idle' is deprecated [-Wdeprecated-declarations]
   g_simple_async_result_complete_in_idle (helper->res);
   ^~~~~~~~~~~~~~~~~~~~~~~~~~~~~~~~~~~~~~
In file included from /usr/include/glib-2.0/gio/gio.h:117:0,
                 from /ws/userland/src/components/desktop/colord-gtk/colord-gtk-0.1.26/libcolord-gtk/cd-window.c:34:
/usr/include/glib-2.0/gio/gsimpleasyncresult.h:106:21: note: declared here
 void                g_simple_async_result_complete_in_idle (GSimpleAsyncResult      *simple);
                     ^~~~~~~~~~~~~~~~~~~~~~~~~~~~~~~~~~~~~~
/ws/userland/src/components/desktop/colord-gtk/colord-gtk-0.1.26/libcolord-gtk/cd-window.c: In function 'cd_window_update_widget_plug_name':
/ws/userland/src/components/desktop/colord-gtk/colord-gtk-0.1.26/libcolord-gtk/cd-window.c:388:2: warning: 'gdk_screen_get_monitor_at_window' is deprecated: Use 'gdk_display_get_monitor_at_window' instead [-Wdeprecated-declarations]
  monitor_num = gdk_screen_get_monitor_at_window (screen,
  ^~~~~~~~~~~
In file included from /usr/include/gtk-3.0/gdk/gdkapplaunchcontext.h:31:0,
                 from /usr/include/gtk-3.0/gdk/gdk.h:32,
                 from /usr/include/gtk-3.0/gtk/gtk.h:30,
                 from /ws/userland/src/components/desktop/colord-gtk/colord-gtk-0.1.26/libcolord-gtk/cd-window.c:36:
/usr/include/gtk-3.0/gdk/gdkscreen.h:91:15: note: declared here
 gint          gdk_screen_get_monitor_at_window (GdkScreen *screen,
               ^~~~~~~~~~~~~~~~~~~~~~~~~~~~~~~~
/ws/userland/src/components/desktop/colord-gtk/colord-gtk-0.1.26/libcolord-gtk/cd-window.c:390:2: warning: 'gdk_screen_get_monitor_plug_name' is deprecated: Use 'gdk_monitor_get_model' instead [-Wdeprecated-declarations]
  plug_name = gdk_screen_get_monitor_plug_name (screen, monitor_num);
  ^~~~~~~~~
In file included from /usr/include/gtk-3.0/gdk/gdkapplaunchcontext.h:31:0,
                 from /usr/include/gtk-3.0/gdk/gdk.h:32,
                 from /usr/include/gtk-3.0/gtk/gtk.h:30,
                 from /ws/userland/src/components/desktop/colord-gtk/colord-gtk-0.1.26/libcolord-gtk/cd-window.c:36:
/usr/include/gtk-3.0/gdk/gdkscreen.h:100:15: note: declared here
 gchar *       gdk_screen_get_monitor_plug_name (GdkScreen *screen,
               ^~~~~~~~~~~~~~~~~~~~~~~~~~~~~~~~
/ws/userland/src/components/desktop/colord-gtk/colord-gtk-0.1.26/libcolord-gtk/cd-window.c: In function 'cd_window_get_profile':
/ws/userland/src/components/desktop/colord-gtk/colord-gtk-0.1.26/libcolord-gtk/cd-window.c:443:2: warning: 'g_simple_async_result_new' is deprecated: Use 'g_task_new' instead [-Wdeprecated-declarations]
  helper->res = g_simple_async_result_new (G_OBJECT (window),
  ^~~~~~
In file included from /usr/include/glib-2.0/gio/gio.h:117:0,
                 from /ws/userland/src/components/desktop/colord-gtk/colord-gtk-0.1.26/libcolord-gtk/cd-window.c:34:
/usr/include/glib-2.0/gio/gsimpleasyncresult.h:51:21: note: declared here
 GSimpleAsyncResult *g_simple_async_result_new              (GObject                 *source_object,
                     ^~~~~~~~~~~~~~~~~~~~~~~~~
  CC       libcolord_gtk_la-cd-window-sync.lo
  CCLD     libcolord-gtk.la
  GISCAN   ColordGtk-1.0.gir
colord-gtk-0.1.26/libcolord-gtk/cd-window.c:505: Warning: ColordGtk: incorrect number of parameters in comment block, parameter annotations will be ignored.
/usr/gnu/bin/make  ColordGtk-1.0.gir
make[4]: Entering directory '/ws/userland/src/components/desktop/colord-gtk/build/amd64/libcolord-gtk'
make[4]: 'ColordGtk-1.0.gir' is up to date.
make[4]: Leaving directory '/ws/userland/src/components/desktop/colord-gtk/build/amd64/libcolord-gtk'
  GEN      colord-gtk.vapi
Generation succeeded - 0 warning(s)
touch colord-gtk.vapi
  GICOMP   ColordGtk-1.0.gir
make[3]: Leaving directory '/ws/userland/src/components/desktop/colord-gtk/build/amd64/libcolord-gtk'
Making all in po
make[3]: Entering directory '/ws/userland/src/components/desktop/colord-gtk/build/amd64/po'
  MSGFMT en_GB.gmo
make[3]: Leaving directory '/ws/userland/src/components/desktop/colord-gtk/build/amd64/po'
Making all in client
make[3]: Entering directory '/ws/userland/src/components/desktop/colord-gtk/build/amd64/client'
  CC       cd_convert-cd-convert.o
  CCLD     cd-convert
make[3]: Leaving directory '/ws/userland/src/components/desktop/colord-gtk/build/amd64/client'
Making all in doc
make[3]: Entering directory '/ws/userland/src/components/desktop/colord-gtk/build/amd64/doc'
Making all in api
make[4]: Entering directory '/ws/userland/src/components/desktop/colord-gtk/build/amd64/doc/api'
make[4]: Nothing to be done for 'all'.
make[4]: Leaving directory '/ws/userland/src/components/desktop/colord-gtk/build/amd64/doc/api'
make[4]: Entering directory '/ws/userland/src/components/desktop/colord-gtk/build/amd64/doc'
make[4]: Nothing to be done for 'all-am'.
make[4]: Leaving directory '/ws/userland/src/components/desktop/colord-gtk/build/amd64/doc'
make[3]: Leaving directory '/ws/userland/src/components/desktop/colord-gtk/build/amd64/doc'
make[3]: Entering directory '/ws/userland/src/components/desktop/colord-gtk/build/amd64'
make[3]: Leaving directory '/ws/userland/src/components/desktop/colord-gtk/build/amd64'
make[2]: Leaving directory '/ws/userland/src/components/desktop/colord-gtk/build/amd64'
make[1]: Leaving directory '/ws/userland/src/components/desktop/colord-gtk/build/amd64'
/usr/bin/touch /ws/userland/src/components/desktop/colord-gtk/build/amd64/.built
(cd /ws/userland/src/components/desktop/colord-gtk/build/i86 ; /usr/bin/env LD_OPTIONS="-M /usr/lib/ld/map.noexdata -M /usr/lib/ld/map.pagealign -Bdirect -zignore -zstrip-class=comment" LD_EXEC_OPTIONS=" -zsx=aslr=enable -zsx=nxstack=enable -zsx=nxheap=enable " LD_PIE_OPTIONS="-zsx=aslr=enable -zsx=nxstack=enable -zsx=nxheap=enable "  /usr/gnu/bin/make \
		 DESTDIR=/ws/userland/src/components/desktop/colord-gtk/build/prototype/i386 install)
make[1]: Entering directory '/ws/userland/src/components/desktop/colord-gtk/build/i86'
Making install in man
make[2]: Entering directory '/ws/userland/src/components/desktop/colord-gtk/build/i86/man'
make[3]: Entering directory '/ws/userland/src/components/desktop/colord-gtk/build/i86/man'
make[3]: Nothing to be done for 'install-exec-am'.
make[3]: Leaving directory '/ws/userland/src/components/desktop/colord-gtk/build/i86/man'
make[2]: Leaving directory '/ws/userland/src/components/desktop/colord-gtk/build/i86/man'
Making install in contrib
make[2]: Entering directory '/ws/userland/src/components/desktop/colord-gtk/build/i86/contrib'
make[3]: Entering directory '/ws/userland/src/components/desktop/colord-gtk/build/i86/contrib'
make[3]: Nothing to be done for 'install-exec-am'.
make[3]: Nothing to be done for 'install-data-am'.
make[3]: Leaving directory '/ws/userland/src/components/desktop/colord-gtk/build/i86/contrib'
make[2]: Leaving directory '/ws/userland/src/components/desktop/colord-gtk/build/i86/contrib'
Making install in libcolord-gtk
make[2]: Entering directory '/ws/userland/src/components/desktop/colord-gtk/build/i86/libcolord-gtk'
make[3]: Entering directory '/ws/userland/src/components/desktop/colord-gtk/build/i86/libcolord-gtk'
 /usr/gnu/bin/mkdir -p '/ws/userland/src/components/desktop/colord-gtk/build/prototype/i386/usr/lib'
 /bin/bash ../libtool   --mode=install /usr/gnu/bin/install -c   libcolord-gtk.la '/ws/userland/src/components/desktop/colord-gtk/build/prototype/i386/usr/lib'
libtool: install: /usr/gnu/bin/install -c .libs/libcolord-gtk.so.1.0.3 /ws/userland/src/components/desktop/colord-gtk/build/prototype/i386/usr/lib/libcolord-gtk.so.1.0.3
libtool: install: (cd /ws/userland/src/components/desktop/colord-gtk/build/prototype/i386/usr/lib && { ln -s -f libcolord-gtk.so.1.0.3 libcolord-gtk.so.1 || { rm -f libcolord-gtk.so.1 && ln -s libcolord-gtk.so.1.0.3 libcolord-gtk.so.1; }; })
libtool: install: (cd /ws/userland/src/components/desktop/colord-gtk/build/prototype/i386/usr/lib && { ln -s -f libcolord-gtk.so.1.0.3 libcolord-gtk.so || { rm -f libcolord-gtk.so && ln -s libcolord-gtk.so.1.0.3 libcolord-gtk.so; }; })
libtool: install: chmod +x /ws/userland/src/components/desktop/colord-gtk/build/prototype/i386/usr/lib/libcolord-gtk.so.1.0.3
libtool: install: /usr/gnu/bin/install -c .libs/libcolord-gtk.lai /ws/userland/src/components/desktop/colord-gtk/build/prototype/i386/usr/lib/libcolord-gtk.la
libtool: install: warning: remember to run `libtool --finish /usr/lib'
 /usr/gnu/bin/mkdir -p '/ws/userland/src/components/desktop/colord-gtk/build/prototype/i386/usr/share/vala/vapi'
 /usr/gnu/bin/install -c -m 644 colord-gtk.vapi '/ws/userland/src/components/desktop/colord-gtk/build/prototype/i386/usr/share/vala/vapi'
 /usr/gnu/bin/mkdir -p '/ws/userland/src/components/desktop/colord-gtk/build/prototype/i386/usr/share/gir-1.0'
 /usr/gnu/bin/install -c -m 644 ColordGtk-1.0.gir '/ws/userland/src/components/desktop/colord-gtk/build/prototype/i386/usr/share/gir-1.0'
 /usr/gnu/bin/mkdir -p '/ws/userland/src/components/desktop/colord-gtk/build/prototype/i386/usr/include/colord-1'
 /usr/gnu/bin/install -c -m 644 /ws/userland/src/components/desktop/colord-gtk/colord-gtk-0.1.26/libcolord-gtk/colord-gtk.h '/ws/userland/src/components/desktop/colord-gtk/build/prototype/i386/usr/include/colord-1'
 /usr/gnu/bin/mkdir -p '/ws/userland/src/components/desktop/colord-gtk/build/prototype/i386/usr/include/colord-1/colord-gtk'
 /usr/gnu/bin/install -c -m 644 cd-version.h /ws/userland/src/components/desktop/colord-gtk/colord-gtk-0.1.26/libcolord-gtk/cd-sample-widget.h /ws/userland/src/components/desktop/colord-gtk/colord-gtk-0.1.26/libcolord-gtk/cd-sample-window.h /ws/userland/src/components/desktop/colord-gtk/colord-gtk-0.1.26/libcolord-gtk/cd-window.h /ws/userland/src/components/desktop/colord-gtk/colord-gtk-0.1.26/libcolord-gtk/cd-window-sync.h '/ws/userland/src/components/desktop/colord-gtk/build/prototype/i386/usr/include/colord-1/colord-gtk'
 /usr/gnu/bin/mkdir -p '/ws/userland/src/components/desktop/colord-gtk/build/prototype/i386/usr/lib/pkgconfig'
 /usr/gnu/bin/install -c -m 644 colord-gtk.pc '/ws/userland/src/components/desktop/colord-gtk/build/prototype/i386/usr/lib/pkgconfig'
 /usr/gnu/bin/mkdir -p '/ws/userland/src/components/desktop/colord-gtk/build/prototype/i386/usr/lib/girepository-1.0'
 /usr/gnu/bin/install -c -m 644 ColordGtk-1.0.typelib '/ws/userland/src/components/desktop/colord-gtk/build/prototype/i386/usr/lib/girepository-1.0'
make[3]: Leaving directory '/ws/userland/src/components/desktop/colord-gtk/build/i86/libcolord-gtk'
make[2]: Leaving directory '/ws/userland/src/components/desktop/colord-gtk/build/i86/libcolord-gtk'
Making install in po
make[2]: Entering directory '/ws/userland/src/components/desktop/colord-gtk/build/i86/po'
linguas="en_GB "; \
for lang in $linguas; do \
  dir=/ws/userland/src/components/desktop/colord-gtk/build/prototype/i386/usr/share/locale/$lang/LC_MESSAGES; \
  /bin/bash /ws/userland/src/components/desktop/colord-gtk/colord-gtk-0.1.26/install-sh -d $dir; \
  if test -r $lang.gmo; then \
    /usr/gnu/bin/install -c -m 644 $lang.gmo $dir/colord-gtk.mo; \
    echo "installing $lang.gmo as $dir/colord-gtk.mo"; \
  else \
    /usr/gnu/bin/install -c -m 644 /ws/userland/src/components/desktop/colord-gtk/colord-gtk-0.1.26/po/$lang.gmo $dir/colord-gtk.mo; \
    echo "installing /ws/userland/src/components/desktop/colord-gtk/colord-gtk-0.1.26/po/$lang.gmo as" \
	 "$dir/colord-gtk.mo"; \
  fi; \
  if test -r $lang.gmo.m; then \
    /usr/gnu/bin/install -c -m 644 $lang.gmo.m $dir/colord-gtk.mo.m; \
    echo "installing $lang.gmo.m as $dir/colord-gtk.mo.m"; \
  else \
    if test -r /ws/userland/src/components/desktop/colord-gtk/colord-gtk-0.1.26/po/$lang.gmo.m ; then \
      /usr/gnu/bin/install -c -m 644 /ws/userland/src/components/desktop/colord-gtk/colord-gtk-0.1.26/po/$lang.gmo.m \
	$dir/colord-gtk.mo.m; \
      echo "installing /ws/userland/src/components/desktop/colord-gtk/colord-gtk-0.1.26/po/$lang.gmo.m as" \
	   "$dir/colord-gtk.mo.m"; \
    else \
      true; \
    fi; \
  fi; \
done
installing en_GB.gmo as /ws/userland/src/components/desktop/colord-gtk/build/prototype/i386/usr/share/locale/en_GB/LC_MESSAGES/colord-gtk.mo
make[2]: Leaving directory '/ws/userland/src/components/desktop/colord-gtk/build/i86/po'
Making install in client
make[2]: Entering directory '/ws/userland/src/components/desktop/colord-gtk/build/i86/client'
make[3]: Entering directory '/ws/userland/src/components/desktop/colord-gtk/build/i86/client'
 /usr/gnu/bin/mkdir -p '/ws/userland/src/components/desktop/colord-gtk/build/prototype/i386/usr/bin/i86'
  /bin/bash ../libtool   --mode=install /usr/gnu/bin/install -c cd-convert '/ws/userland/src/components/desktop/colord-gtk/build/prototype/i386/usr/bin/i86'
libtool: install: warning: `../libcolord-gtk/libcolord-gtk.la' has not been installed in `/usr/lib'
libtool: install: /usr/gnu/bin/install -c .libs/cd-convert /ws/userland/src/components/desktop/colord-gtk/build/prototype/i386/usr/bin/i86/cd-convert
make[3]: Nothing to be done for 'install-data-am'.
make[3]: Leaving directory '/ws/userland/src/components/desktop/colord-gtk/build/i86/client'
make[2]: Leaving directory '/ws/userland/src/components/desktop/colord-gtk/build/i86/client'
Making install in doc
make[2]: Entering directory '/ws/userland/src/components/desktop/colord-gtk/build/i86/doc'
Making install in api
make[3]: Entering directory '/ws/userland/src/components/desktop/colord-gtk/build/i86/doc/api'
make[4]: Entering directory '/ws/userland/src/components/desktop/colord-gtk/build/i86/doc/api'
make[4]: Nothing to be done for 'install-exec-am'.
make[4]: Nothing to be done for 'install-data-am'.
make[4]: Leaving directory '/ws/userland/src/components/desktop/colord-gtk/build/i86/doc/api'
make[3]: Leaving directory '/ws/userland/src/components/desktop/colord-gtk/build/i86/doc/api'
make[3]: Entering directory '/ws/userland/src/components/desktop/colord-gtk/build/i86/doc'
make[4]: Entering directory '/ws/userland/src/components/desktop/colord-gtk/build/i86/doc'
make[4]: Nothing to be done for 'install-exec-am'.
make[4]: Nothing to be done for 'install-data-am'.
make[4]: Leaving directory '/ws/userland/src/components/desktop/colord-gtk/build/i86/doc'
make[3]: Leaving directory '/ws/userland/src/components/desktop/colord-gtk/build/i86/doc'
make[2]: Leaving directory '/ws/userland/src/components/desktop/colord-gtk/build/i86/doc'
make[2]: Entering directory '/ws/userland/src/components/desktop/colord-gtk/build/i86'
make[3]: Entering directory '/ws/userland/src/components/desktop/colord-gtk/build/i86'
make[3]: Nothing to be done for 'install-exec-am'.
make[3]: Nothing to be done for 'install-data-am'.
make[3]: Leaving directory '/ws/userland/src/components/desktop/colord-gtk/build/i86'
make[2]: Leaving directory '/ws/userland/src/components/desktop/colord-gtk/build/i86'
make[1]: Leaving directory '/ws/userland/src/components/desktop/colord-gtk/build/i86'
/usr/bin/touch /ws/userland/src/components/desktop/colord-gtk/build/i86/.installed
(cd /ws/userland/src/components/desktop/colord-gtk/build/amd64 ; /usr/bin/env LD_OPTIONS="-M /usr/lib/ld/map.noexdata -M /usr/lib/ld/map.pagealign -Bdirect -zignore -zstrip-class=comment" LD_EXEC_OPTIONS=" -zsx=aslr=enable -zsx=nxstack=enable -zsx=nxheap=enable " LD_PIE_OPTIONS="-zsx=aslr=enable -zsx=nxstack=enable -zsx=nxheap=enable "  /usr/gnu/bin/make \
		 DESTDIR=/ws/userland/src/components/desktop/colord-gtk/build/prototype/i386 install)
make[1]: Entering directory '/ws/userland/src/components/desktop/colord-gtk/build/amd64'
Making install in man
make[2]: Entering directory '/ws/userland/src/components/desktop/colord-gtk/build/amd64/man'
make[3]: Entering directory '/ws/userland/src/components/desktop/colord-gtk/build/amd64/man'
make[3]: Nothing to be done for 'install-exec-am'.
make[3]: Leaving directory '/ws/userland/src/components/desktop/colord-gtk/build/amd64/man'
make[2]: Leaving directory '/ws/userland/src/components/desktop/colord-gtk/build/amd64/man'
Making install in contrib
make[2]: Entering directory '/ws/userland/src/components/desktop/colord-gtk/build/amd64/contrib'
make[3]: Entering directory '/ws/userland/src/components/desktop/colord-gtk/build/amd64/contrib'
make[3]: Nothing to be done for 'install-exec-am'.
make[3]: Nothing to be done for 'install-data-am'.
make[3]: Leaving directory '/ws/userland/src/components/desktop/colord-gtk/build/amd64/contrib'
make[2]: Leaving directory '/ws/userland/src/components/desktop/colord-gtk/build/amd64/contrib'
Making install in libcolord-gtk
make[2]: Entering directory '/ws/userland/src/components/desktop/colord-gtk/build/amd64/libcolord-gtk'
make[3]: Entering directory '/ws/userland/src/components/desktop/colord-gtk/build/amd64/libcolord-gtk'
 /usr/gnu/bin/mkdir -p '/ws/userland/src/components/desktop/colord-gtk/build/prototype/i386/usr/lib/amd64'
 /bin/bash ../libtool   --mode=install /usr/gnu/bin/install -c   libcolord-gtk.la '/ws/userland/src/components/desktop/colord-gtk/build/prototype/i386/usr/lib/amd64'
libtool: install: /usr/gnu/bin/install -c .libs/libcolord-gtk.so.1.0.3 /ws/userland/src/components/desktop/colord-gtk/build/prototype/i386/usr/lib/amd64/libcolord-gtk.so.1.0.3
libtool: install: (cd /ws/userland/src/components/desktop/colord-gtk/build/prototype/i386/usr/lib/amd64 && { ln -s -f libcolord-gtk.so.1.0.3 libcolord-gtk.so.1 || { rm -f libcolord-gtk.so.1 && ln -s libcolord-gtk.so.1.0.3 libcolord-gtk.so.1; }; })
libtool: install: (cd /ws/userland/src/components/desktop/colord-gtk/build/prototype/i386/usr/lib/amd64 && { ln -s -f libcolord-gtk.so.1.0.3 libcolord-gtk.so || { rm -f libcolord-gtk.so && ln -s libcolord-gtk.so.1.0.3 libcolord-gtk.so; }; })
libtool: install: chmod +x /ws/userland/src/components/desktop/colord-gtk/build/prototype/i386/usr/lib/amd64/libcolord-gtk.so.1.0.3
libtool: install: /usr/gnu/bin/install -c .libs/libcolord-gtk.lai /ws/userland/src/components/desktop/colord-gtk/build/prototype/i386/usr/lib/amd64/libcolord-gtk.la
libtool: install: warning: remember to run `libtool --finish /usr/lib/amd64'
 /usr/gnu/bin/mkdir -p '/ws/userland/src/components/desktop/colord-gtk/build/prototype/i386/usr/share/vala/vapi'
 /usr/gnu/bin/install -c -m 644 colord-gtk.vapi '/ws/userland/src/components/desktop/colord-gtk/build/prototype/i386/usr/share/vala/vapi'
 /usr/gnu/bin/mkdir -p '/ws/userland/src/components/desktop/colord-gtk/build/prototype/i386/usr/share/gir-1.0'
 /usr/gnu/bin/install -c -m 644 ColordGtk-1.0.gir '/ws/userland/src/components/desktop/colord-gtk/build/prototype/i386/usr/share/gir-1.0'
 /usr/gnu/bin/mkdir -p '/ws/userland/src/components/desktop/colord-gtk/build/prototype/i386/usr/include/colord-1'
 /usr/gnu/bin/install -c -m 644 /ws/userland/src/components/desktop/colord-gtk/colord-gtk-0.1.26/libcolord-gtk/colord-gtk.h '/ws/userland/src/components/desktop/colord-gtk/build/prototype/i386/usr/include/colord-1'
 /usr/gnu/bin/mkdir -p '/ws/userland/src/components/desktop/colord-gtk/build/prototype/i386/usr/include/colord-1/colord-gtk'
 /usr/gnu/bin/install -c -m 644 cd-version.h /ws/userland/src/components/desktop/colord-gtk/colord-gtk-0.1.26/libcolord-gtk/cd-sample-widget.h /ws/userland/src/components/desktop/colord-gtk/colord-gtk-0.1.26/libcolord-gtk/cd-sample-window.h /ws/userland/src/components/desktop/colord-gtk/colord-gtk-0.1.26/libcolord-gtk/cd-window.h /ws/userland/src/components/desktop/colord-gtk/colord-gtk-0.1.26/libcolord-gtk/cd-window-sync.h '/ws/userland/src/components/desktop/colord-gtk/build/prototype/i386/usr/include/colord-1/colord-gtk'
 /usr/gnu/bin/mkdir -p '/ws/userland/src/components/desktop/colord-gtk/build/prototype/i386/usr/lib/amd64/pkgconfig'
 /usr/gnu/bin/install -c -m 644 colord-gtk.pc '/ws/userland/src/components/desktop/colord-gtk/build/prototype/i386/usr/lib/amd64/pkgconfig'
 /usr/gnu/bin/mkdir -p '/ws/userland/src/components/desktop/colord-gtk/build/prototype/i386/usr/lib/amd64/girepository-1.0'
 /usr/gnu/bin/install -c -m 644 ColordGtk-1.0.typelib '/ws/userland/src/components/desktop/colord-gtk/build/prototype/i386/usr/lib/amd64/girepository-1.0'
make[3]: Leaving directory '/ws/userland/src/components/desktop/colord-gtk/build/amd64/libcolord-gtk'
make[2]: Leaving directory '/ws/userland/src/components/desktop/colord-gtk/build/amd64/libcolord-gtk'
Making install in po
make[2]: Entering directory '/ws/userland/src/components/desktop/colord-gtk/build/amd64/po'
linguas="en_GB "; \
for lang in $linguas; do \
  dir=/ws/userland/src/components/desktop/colord-gtk/build/prototype/i386/usr/share/locale/$lang/LC_MESSAGES; \
  /bin/bash /ws/userland/src/components/desktop/colord-gtk/colord-gtk-0.1.26/install-sh -d $dir; \
  if test -r $lang.gmo; then \
    /usr/gnu/bin/install -c -m 644 $lang.gmo $dir/colord-gtk.mo; \
    echo "installing $lang.gmo as $dir/colord-gtk.mo"; \
  else \
    /usr/gnu/bin/install -c -m 644 /ws/userland/src/components/desktop/colord-gtk/colord-gtk-0.1.26/po/$lang.gmo $dir/colord-gtk.mo; \
    echo "installing /ws/userland/src/components/desktop/colord-gtk/colord-gtk-0.1.26/po/$lang.gmo as" \
	 "$dir/colord-gtk.mo"; \
  fi; \
  if test -r $lang.gmo.m; then \
    /usr/gnu/bin/install -c -m 644 $lang.gmo.m $dir/colord-gtk.mo.m; \
    echo "installing $lang.gmo.m as $dir/colord-gtk.mo.m"; \
  else \
    if test -r /ws/userland/src/components/desktop/colord-gtk/colord-gtk-0.1.26/po/$lang.gmo.m ; then \
      /usr/gnu/bin/install -c -m 644 /ws/userland/src/components/desktop/colord-gtk/colord-gtk-0.1.26/po/$lang.gmo.m \
	$dir/colord-gtk.mo.m; \
      echo "installing /ws/userland/src/components/desktop/colord-gtk/colord-gtk-0.1.26/po/$lang.gmo.m as" \
	   "$dir/colord-gtk.mo.m"; \
    else \
      true; \
    fi; \
  fi; \
done
installing en_GB.gmo as /ws/userland/src/components/desktop/colord-gtk/build/prototype/i386/usr/share/locale/en_GB/LC_MESSAGES/colord-gtk.mo
make[2]: Leaving directory '/ws/userland/src/components/desktop/colord-gtk/build/amd64/po'
Making install in client
make[2]: Entering directory '/ws/userland/src/components/desktop/colord-gtk/build/amd64/client'
make[3]: Entering directory '/ws/userland/src/components/desktop/colord-gtk/build/amd64/client'
 /usr/gnu/bin/mkdir -p '/ws/userland/src/components/desktop/colord-gtk/build/prototype/i386/usr/bin'
  /bin/bash ../libtool   --mode=install /usr/gnu/bin/install -c cd-convert '/ws/userland/src/components/desktop/colord-gtk/build/prototype/i386/usr/bin'
libtool: install: warning: `../libcolord-gtk/libcolord-gtk.la' has not been installed in `/usr/lib/amd64'
libtool: install: /usr/gnu/bin/install -c .libs/cd-convert /ws/userland/src/components/desktop/colord-gtk/build/prototype/i386/usr/bin/cd-convert
make[3]: Nothing to be done for 'install-data-am'.
make[3]: Leaving directory '/ws/userland/src/components/desktop/colord-gtk/build/amd64/client'
make[2]: Leaving directory '/ws/userland/src/components/desktop/colord-gtk/build/amd64/client'
Making install in doc
make[2]: Entering directory '/ws/userland/src/components/desktop/colord-gtk/build/amd64/doc'
Making install in api
make[3]: Entering directory '/ws/userland/src/components/desktop/colord-gtk/build/amd64/doc/api'
make[4]: Entering directory '/ws/userland/src/components/desktop/colord-gtk/build/amd64/doc/api'
make[4]: Nothing to be done for 'install-exec-am'.
make[4]: Nothing to be done for 'install-data-am'.
make[4]: Leaving directory '/ws/userland/src/components/desktop/colord-gtk/build/amd64/doc/api'
make[3]: Leaving directory '/ws/userland/src/components/desktop/colord-gtk/build/amd64/doc/api'
make[3]: Entering directory '/ws/userland/src/components/desktop/colord-gtk/build/amd64/doc'
make[4]: Entering directory '/ws/userland/src/components/desktop/colord-gtk/build/amd64/doc'
make[4]: Nothing to be done for 'install-exec-am'.
make[4]: Nothing to be done for 'install-data-am'.
make[4]: Leaving directory '/ws/userland/src/components/desktop/colord-gtk/build/amd64/doc'
make[3]: Leaving directory '/ws/userland/src/components/desktop/colord-gtk/build/amd64/doc'
make[2]: Leaving directory '/ws/userland/src/components/desktop/colord-gtk/build/amd64/doc'
make[2]: Entering directory '/ws/userland/src/components/desktop/colord-gtk/build/amd64'
make[3]: Entering directory '/ws/userland/src/components/desktop/colord-gtk/build/amd64'
make[3]: Nothing to be done for 'install-exec-am'.
make[3]: Nothing to be done for 'install-data-am'.
make[3]: Leaving directory '/ws/userland/src/components/desktop/colord-gtk/build/amd64'
make[2]: Leaving directory '/ws/userland/src/components/desktop/colord-gtk/build/amd64'
make[1]: Leaving directory '/ws/userland/src/components/desktop/colord-gtk/build/amd64'
/usr/bin/touch /ws/userland/src/components/desktop/colord-gtk/build/amd64/.installed
abort: there is no Mercurial repository here (.hg not found)
/usr/bin/pkgfmt -c -fv2 colord-gtk.p5m
/usr/bin/pkgmogrify -D PERL_ARCH=i86pc-solaris-thread-multi-64 -D PERL_VERSION=5.22 -D IPS_COMPONENT_RE_VERSION=0\\.1\\.26 -D COMPONENT_RE_VERSION=0\\.1\\.26 -D PYTHON_2.7_ONLY=# -D PYTHON_3.4_ONLY=# -D PYTHON_3.5_ONLY=# -D SQ=\' -D DQ=\" -D Q=\" -I/ws/userland/src/components/desktop/colord-gtk -D SOLARIS_11_3_ONLY="#" -D SOLARIS_11_5_ONLY="#" -D SOLARIS_11_3_4_ONLY="" -D SOLARIS_11_4_5_ONLY="" -D SOLARIS_11_4_ONLY="" -D ARC_CASE="" -D TPNO="25613" -D BUILD_VERSION="5.11-11.4.0.0.1.14.0" -D OS_RELEASE="5.11" -D SOLARIS_VERSION="2.11" -D PKG_SOLARIS_VERSION="11.4" -D CONSOLIDATION="userland" -D CONSOLIDATION_CHANGESET="" -D CONSOLIDATION_REPOSITORY_URL="https://github.com/oracle/solaris-userland.git" -D COMPONENT_VERSION="0.1.26" -D IPS_COMPONENT_VERSION="0.1.26" -D HUMAN_VERSION="" -D COMPONENT_ARCHIVE_URL="https://www.freedesktop.org/software/colord//releases/colord-gtk-0.1.26.tar.xz" -D COMPONENT_PROJECT_URL="https://www.freedesktop.org/software/colord/" -D COMPONENT_NAME="colord-gtk" -D HG_REPO="" -D HG_REV="" -D HG_URL="" -D GIT_COMMIT_ID="" -D GIT_REPO="" -D GIT_TAG="" -D MACH="i386" -D MACH32="i86" -D MACH64="amd64" -D PUBLISHER="nightly" -D PUBLISHER_LOCALIZABLE="userland-localizable" colord-gtk.p5m \
	/ws/userland/src/transforms/license-changes /ws/userland/src/transforms/variant-cleanup /ws/userland/src/transforms/autopyc /ws/userland/src/transforms/defaults /ws/userland/src/transforms/actuators /ws/userland/src/transforms/depends /ws/userland/src/transforms/devel /ws/userland/src/transforms/docs /ws/userland/src/transforms/locale /ws/userland/src/transforms/standard-python-libraries /ws/userland/src/transforms/python-rename /ws/userland/src/transforms/python-3-groups /ws/userland/src/transforms/python-3-soabi /ws/userland/src/transforms/python-3-no-32bit /ws/userland/src/transforms/ruby-tests /ws/userland/src/transforms/puppet /ws/userland/src/transforms/libtool-drop /ws/userland/src/transforms/incorporate /ws/userland/src/transforms/publish-cleanup | \
	sed -e '/^$/d' -e '/^#.*$/d' | uniq >/ws/userland/src/components/desktop/colord-gtk/build/manifest-i386-colord-gtk.mogrified
/bin/mkdir -p /ws/userland/src/components/desktop/colord-gtk/build/prototype/i386/mangled
/ws/userland/src/tools/userland-mangler -D /ws/userland/src/components/desktop/colord-gtk/build/prototype/i386/mangled -d /ws/userland/src/components/desktop/colord-gtk/build/prototype/i386/mangled -d /ws/userland/src/components/desktop/colord-gtk/build/prototype/i386 -d /ws/userland/src/components/desktop/colord-gtk/build -d /ws/userland/src/components/desktop/colord-gtk -d colord-gtk-0.1.26 -d /ws/userland/src/licenses -m /ws/userland/src/components/desktop/colord-gtk/build/manifest-i386-colord-gtk.mogrified >/ws/userland/src/components/desktop/colord-gtk/build/manifest-i386-colord-gtk.mangled
/usr/bin/env  /usr/bin/pkgdepend generate \
    -m -d /ws/userland/src/components/desktop/colord-gtk/build/prototype/i386/mangled -d /ws/userland/src/components/desktop/colord-gtk/build/prototype/i386 -d /ws/userland/src/components/desktop/colord-gtk/build -d /ws/userland/src/components/desktop/colord-gtk -d colord-gtk-0.1.26 -d /ws/userland/src/licenses /ws/userland/src/components/desktop/colord-gtk/build/manifest-i386-colord-gtk.mangled >/ws/userland/src/components/desktop/colord-gtk/build/manifest-i386-colord-gtk.depend
/usr/bin/pkgdepend resolve -e /ws/userland/src/components/desktop/colord-gtk/build/resolve.deps -m /ws/userland/src/components/desktop/colord-gtk/build/manifest-i386-colord-gtk.depend
/usr/bin/touch /ws/userland/src/components/desktop/colord-gtk/build/.resolved-i386
VALIDATING MANIFEST CONTENT: /ws/userland/src/components/desktop/colord-gtk/build/manifest-i386-colord-gtk.depend.res
/usr/bin/env PYTHONPATH=/ws/userland/src/tools/python PROTO_PATH="/ws/userland/src/components/desktop/colord-gtk/build/prototype/i386/mangled /ws/userland/src/components/desktop/colord-gtk/build/prototype/i386 /ws/userland/src/components/desktop/colord-gtk/build /ws/userland/src/components/desktop/colord-gtk colord-gtk-0.1.26 /ws/userland/src/licenses"\
	SOLARIS_VERSION=2.11\
	/bin/true -c /ws/userland/src/i386/pkglint-cache \
		-f /ws/userland/src/tools/pkglintrc /ws/userland/src/components/desktop/colord-gtk/build/manifest-i386-colord-gtk.depend.res
/usr/bin/touch /ws/userland/src/components/desktop/colord-gtk/build/.linted-i386
/usr/bin/pkgsend -s file:/ws/userland/src/i386/repo publish --fmri-in-manifest --no-catalog -d /ws/userland/src/components/desktop/colord-gtk/build/prototype/i386/mangled -d /ws/userland/src/components/desktop/colord-gtk/build/prototype/i386 -d /ws/userland/src/components/desktop/colord-gtk/build -d /ws/userland/src/components/desktop/colord-gtk -d colord-gtk-0.1.26 -d /ws/userland/src/licenses -T \*.py /ws/userland/src/components/desktop/colord-gtk/build/manifest-i386-colord-gtk.depend.res
pkg://nightly/library/desktop/colord-gtk@0.1.26,5.11-11.4.0.0.1.14.0:20190727T183201Z
PUBLISHED
/usr/bin/pkgfmt </ws/userland/src/components/desktop/colord-gtk/build/manifest-i386-colord-gtk.depend.res >/ws/userland/src/components/desktop/colord-gtk/build/manifest-i386-colord-gtk.published
/usr/bin/touch /ws/userland/src/components/desktop/colord-gtk/build/.published-i386
gmake: Leaving directory '/ws/userland/src/components/desktop/colord-gtk'

real     1:05.5
user       18.9
sys        24.9
