gmake: Entering directory '/ws/userland/src/components/desktop/rdesktop'
/bin/rm -f -r /ws/userland/src/components/desktop/rdesktop/rdesktop-1.6.0
/usr/bin/env RUBY_VERSION=2.1 /ws/userland/src/tools/userland-unpack  rdesktop-1.6.0.tar.gz
/usr/bin/touch /ws/userland/src/components/desktop/rdesktop/rdesktop-1.6.0/.unpacked
/usr/bin/patch -d /ws/userland/src/components/desktop/rdesktop/rdesktop-1.6.0 --strip=1 --backup --version-control=numbered < patches/rdesktop-01-sun-keymap.patch
patching file keymaps/common
patching file keymaps/ja
/usr/bin/touch /ws/userland/src/components/desktop/rdesktop/rdesktop-1.6.0/.patched-rdesktop-01-sun-keymap.patch
/usr/bin/patch -d /ws/userland/src/components/desktop/rdesktop/rdesktop-1.6.0 --strip=1 --backup --version-control=numbered < patches/rdesktop-02-g11n-i18n-title.patch
patching file ewmhints.c
/usr/bin/touch /ws/userland/src/components/desktop/rdesktop/rdesktop-1.6.0/.patched-rdesktop-02-g11n-i18n-title.patch
/usr/bin/patch -d /ws/userland/src/components/desktop/rdesktop/rdesktop-1.6.0 --strip=1 --backup --version-control=numbered < patches/rdesktop-04-remote-file-access.patch
patching file disk.c
/usr/bin/touch /ws/userland/src/components/desktop/rdesktop/rdesktop-1.6.0/.patched-rdesktop-04-remote-file-access.patch
/usr/bin/touch /ws/userland/src/components/desktop/rdesktop/rdesktop-1.6.0/.patched
(cd /ws/userland/src/components/desktop/rdesktop/rdesktop-1.6.0; autoreconf -fiv)
autoreconf: Entering directory `.'
autoreconf: configure.ac: not using Gettext
autoreconf: running: aclocal --force 
/usr/share/aclocal/aalib.m4:12: warning: underquoted definition of AM_PATH_AALIB
/usr/share/aclocal/aalib.m4:12:   run info Automake 'Extending aclocal'
/usr/share/aclocal/aalib.m4:12:   or see http://www.gnu.org/software/automake/manual/automake.html#Extending-aclocal
configure.ac:550: warning: AC_CACHE_VAL(socklen_t_equiv, ...): suspicious cache-id, must contain _cv_ to be cached
/builds/ulhg/workspace/Solaris_11u4/Userland/full-build/02a-build-i386/components/autoconf/autoconf-2.69/lib/autoconf/general.m4:2031: AC_CACHE_VAL is expanded from...
/builds/ulhg/workspace/Solaris_11u4/Userland/full-build/02a-build-i386/components/autoconf/autoconf-2.69/lib/m4sugar/m4sh.m4:639: AS_IF is expanded from...
/builds/ulhg/workspace/Solaris_11u4/Userland/full-build/02a-build-i386/components/autoconf/autoconf-2.69/lib/autoconf/types.m4:148: _AC_CHECK_TYPE_NEW is expanded from...
/builds/ulhg/workspace/Solaris_11u4/Userland/full-build/02a-build-i386/components/autoconf/autoconf-2.69/lib/autoconf/types.m4:232: AC_CHECK_TYPE is expanded from...
configure.ac:513: TYPE_SOCKLEN_T is expanded from...
configure.ac:550: the top level
autoreconf: configure.ac: tracing
configure.ac:550: warning: AC_CACHE_VAL(socklen_t_equiv, ...): suspicious cache-id, must contain _cv_ to be cached
/builds/ulhg/workspace/Solaris_11u4/Userland/full-build/02a-build-i386/components/autoconf/autoconf-2.69/lib/autoconf/general.m4:2031: AC_CACHE_VAL is expanded from...
/builds/ulhg/workspace/Solaris_11u4/Userland/full-build/02a-build-i386/components/autoconf/autoconf-2.69/lib/m4sugar/m4sh.m4:639: AS_IF is expanded from...
/builds/ulhg/workspace/Solaris_11u4/Userland/full-build/02a-build-i386/components/autoconf/autoconf-2.69/lib/autoconf/types.m4:148: _AC_CHECK_TYPE_NEW is expanded from...
/builds/ulhg/workspace/Solaris_11u4/Userland/full-build/02a-build-i386/components/autoconf/autoconf-2.69/lib/autoconf/types.m4:232: AC_CHECK_TYPE is expanded from...
configure.ac:513: TYPE_SOCKLEN_T is expanded from...
configure.ac:550: the top level
autoreconf: configure.ac: not using Libtool
autoreconf: running: /usr/bin/autoconf --force
configure.ac:550: warning: AC_CACHE_VAL(socklen_t_equiv, ...): suspicious cache-id, must contain _cv_ to be cached
/builds/ulhg/workspace/Solaris_11u4/Userland/full-build/02a-build-i386/components/autoconf/autoconf-2.69/lib/autoconf/general.m4:2031: AC_CACHE_VAL is expanded from...
/builds/ulhg/workspace/Solaris_11u4/Userland/full-build/02a-build-i386/components/autoconf/autoconf-2.69/lib/m4sugar/m4sh.m4:639: AS_IF is expanded from...
/builds/ulhg/workspace/Solaris_11u4/Userland/full-build/02a-build-i386/components/autoconf/autoconf-2.69/lib/autoconf/types.m4:148: _AC_CHECK_TYPE_NEW is expanded from...
/builds/ulhg/workspace/Solaris_11u4/Userland/full-build/02a-build-i386/components/autoconf/autoconf-2.69/lib/autoconf/types.m4:232: AC_CHECK_TYPE is expanded from...
configure.ac:513: TYPE_SOCKLEN_T is expanded from...
configure.ac:550: the top level
autoreconf: configure.ac: not using Autoheader
autoreconf: configure.ac: not using Automake
autoreconf: Leaving directory `.'
/usr/bin/touch /ws/userland/src/components/desktop/rdesktop/rdesktop-1.6.0/.prep
(/bin/rm -f -rf /ws/userland/src/components/desktop/rdesktop/build/amd64 ; /bin/mkdir -p /ws/userland/src/components/desktop/rdesktop/build/amd64)
(/ws/userland/src/tools/cloney /ws/userland/src/components/desktop/rdesktop/rdesktop-1.6.0 /ws/userland/src/components/desktop/rdesktop/build/amd64)
symlink cloning /ws/userland/src/components/desktop/rdesktop/rdesktop-1.6.0 to /ws/userland/src/components/desktop/rdesktop/build/amd64
(cd /ws/userland/src/components/desktop/rdesktop/build/amd64 ; /usr/bin/env CONFIG_SHELL="/bin/bash" PKG_CONFIG_PATH="/usr/lib/amd64/pkgconfig" CC="/usr/gcc/7/bin/gcc" CXX="/usr/gcc/7/bin/g++" PATH="/usr/bin/amd64:/usr/bin:/usr/gnu/bin" CC_FOR_BUILD="/usr/gcc/7/bin/gcc -m64" CXX_FOR_BUILD="/usr/gcc/7/bin/g++ -m64" CPPFLAGS="-m64" "ac_cv_func_realloc_0_nonnull=yes" "NM=/usr/gnu/bin/nm" INTLTOOL_PERL="/usr/perl5/5.22/bin/perl" CFLAGS="-m64 -O3" CXXFLAGS="-m64 -O3" LDFLAGS="" /bin/bash \
	/ws/userland/src/components/desktop/rdesktop/rdesktop-1.6.0/configure --prefix=/usr --mandir=/usr/share/man --bindir=/usr/bin --sbindir=/usr/sbin --libdir=/usr/lib/amd64    --with-ipv6 --with-openssl=/usr --x-includes="" --x-libraries="")
checking for gcc... /usr/gcc/7/bin/gcc
checking whether the C compiler works... yes
checking for C compiler default output file name... a.out
checking for suffix of executables... 
checking whether we are cross compiling... no
checking for suffix of object files... o
checking whether we are using the GNU C compiler... yes
checking whether /usr/gcc/7/bin/gcc accepts -g... yes
checking for /usr/gcc/7/bin/gcc option to accept ISO C89... none needed
checking for a BSD-compatible install... /usr/bin/ginstall -c
checking how to run the C preprocessor... /usr/gcc/7/bin/gcc -E
checking for grep that handles long lines and -e... /usr/bin/ggrep
checking for egrep... /usr/bin/ggrep -E
checking for ANSI C header files... yes
checking for sys/types.h... yes
checking for sys/stat.h... yes
checking for stdlib.h... yes
checking for string.h... yes
checking for memory.h... yes
checking for strings.h... yes
checking for inttypes.h... yes
checking for stdint.h... yes
checking for unistd.h... yes
checking whether byte ordering is bigendian... no
checking for X... libraries , headers 
checking for gethostbyname... yes
checking for connect... yes
checking for remove... yes
checking for shmat... yes
checking for IceConnectionNumber in -lICE... yes
checking for pkg-config... /usr/bin/pkg-config
checking for library containing socket... none required
checking for library containing inet_aton... none required
checking sys/select.h usability... yes
checking sys/select.h presence... yes
checking for sys/select.h... yes
checking sys/modem.h usability... no
checking sys/modem.h presence... no
checking for sys/modem.h... no
checking sys/filio.h usability... yes
checking sys/filio.h presence... yes
checking for sys/filio.h... yes
checking sys/strtio.h usability... no
checking sys/strtio.h presence... no
checking for sys/strtio.h... no
checking locale.h usability... yes
checking locale.h presence... yes
checking for locale.h... yes
checking langinfo.h usability... yes
checking langinfo.h presence... yes
checking for langinfo.h... yes
checking for strip... strip
checking for OpenSSL directory... /usr
checking pkg-config is at least version 0.9.0... yes
checking if architecture needs alignment... no
checking sys/soundcard.h usability... yes
checking sys/soundcard.h presence... yes
checking for sys/soundcard.h... yes
checking dmedia/audio.h usability... no
checking dmedia/audio.h presence... no
checking for dmedia/audio.h... no
checking sys/audioio.h usability... yes
checking sys/audioio.h presence... yes
checking for sys/audioio.h... yes
checking for LIBAO... no
checking for ALSA... no
checking for LIBSAMPLERATE... no
checking for dirent.h that defines DIR... yes
checking for library containing opendir... none required
checking for dirfd... yes
checking whether dirfd is declared... yes
checking whether dirfd is a macro... no
checking iconv.h usability... yes
checking iconv.h presence... yes
checking for iconv.h... yes
checking for iconv... yes
checking for iconv declaration... 
         extern size_t iconv (iconv_t cd, char * *inbuf, size_t *inbytesleft, char * *outbuf, size_t *outbytesleft);
checking for socklen_t... yes
checking sys/vfs.h usability... yes
checking sys/vfs.h presence... yes
checking for sys/vfs.h... yes
checking sys/statvfs.h usability... yes
checking sys/statvfs.h presence... yes
checking for sys/statvfs.h... yes
checking sys/statfs.h usability... yes
checking sys/statfs.h presence... yes
checking for sys/statfs.h... yes
checking sys/param.h usability... yes
checking sys/param.h presence... yes
checking for sys/param.h... yes
checking for sys/mount.h... yes
configure: checking how to get filesystem space usage...
checking statvfs64 function (SVR4)... yes
checking for struct statfs.f_namemax... no
checking for struct statvfs.f_namemax... yes
checking for struct statfs.f_namelen... no
checking for struct statvfs.f_namelen... no
checking for special C compiler options needed for large files... no
checking for _FILE_OFFSET_BITS value needed for large files... no
checking mntent.h usability... no
checking mntent.h presence... no
checking for mntent.h... no
checking for setmntent... no
checking build system type... i386-pc-solaris2.11
checking host system type... i386-pc-solaris2.11
configure: creating ./config.status
config.status: creating Makefile
/usr/bin/touch /ws/userland/src/components/desktop/rdesktop/build/amd64/.configured
(cd /ws/userland/src/components/desktop/rdesktop/build/amd64 ; /usr/bin/env LD_OPTIONS="-M /usr/lib/ld/map.noexdata -M /usr/lib/ld/map.pagealign -Bdirect -zignore -zstrip-class=comment" LD_EXEC_OPTIONS=" -zsx=aslr=enable -zsx=nxstack=enable -zsx=nxheap=enable " LD_PIE_OPTIONS="-zsx=aslr=enable -zsx=nxstack=enable -zsx=nxheap=enable "  PKG_CONFIG_PATH="/usr/lib/amd64/pkgconfig" "ac_cv_func_realloc_0_nonnull=yes" INTLTOOL_PERL="/usr/perl5/5.22/bin/perl" \
	/usr/gnu/bin/make  LDFLAGS="-lcrypto " )
make[1]: Entering directory '/ws/userland/src/components/desktop/rdesktop/build/amd64'
/usr/gcc/7/bin/gcc -m64 -O3 -Wall -I/usr/include   -DPACKAGE_NAME=\"rdesktop\" -DPACKAGE_TARNAME=\"rdesktop\" -DPACKAGE_VERSION=\"1.6.0\" -DPACKAGE_STRING=\"rdesktop\ 1.6.0\" -DPACKAGE_BUGREPORT=\"\" -DPACKAGE_URL=\"\" -DSTDC_HEADERS=1 -DHAVE_SYS_TYPES_H=1 -DHAVE_SYS_STAT_H=1 -DHAVE_STDLIB_H=1 -DHAVE_STRING_H=1 -DHAVE_MEMORY_H=1 -DHAVE_STRINGS_H=1 -DHAVE_INTTYPES_H=1 -DHAVE_STDINT_H=1 -DHAVE_UNISTD_H=1 -DL_ENDIAN=1 -DHAVE_SYS_SELECT_H=1 -DHAVE_SYS_FILIO_H=1 -DHAVE_LOCALE_H=1 -DHAVE_LANGINFO_H=1 -Dssldir=\"/usr\" -DEGD_SOCKET=\"/var/run/egd-pool\" -DWITH_RDPSND=1 -DRDPSND_OSS=1 -DRDPSND_SUN=1 -DHAVE_DIRENT_H=1 -DHAVE_DIRFD=1 -DHAVE_DECL_DIRFD=1 -DHAVE_ICONV_H=1 -DHAVE_ICONV=1 -DICONV_CONST= -DHAVE_SYS_VFS_H=1 -DHAVE_SYS_STATVFS_H=1 -DHAVE_SYS_STATFS_H=1 -DHAVE_SYS_PARAM_H=1 -DHAVE_SYS_MOUNT_H=1 -DSTAT_STATVFS64=1 -DHAVE_STRUCT_STATVFS_F_NAMEMAX=1 -DIPv6=1 -DKEYMAP_PATH=\"/usr/share/rdesktop/keymaps/\" -o rdesktop.o -c rdesktop.c
/usr/gcc/7/bin/gcc -m64 -O3 -Wall -I/usr/include   -DPACKAGE_NAME=\"rdesktop\" -DPACKAGE_TARNAME=\"rdesktop\" -DPACKAGE_VERSION=\"1.6.0\" -DPACKAGE_STRING=\"rdesktop\ 1.6.0\" -DPACKAGE_BUGREPORT=\"\" -DPACKAGE_URL=\"\" -DSTDC_HEADERS=1 -DHAVE_SYS_TYPES_H=1 -DHAVE_SYS_STAT_H=1 -DHAVE_STDLIB_H=1 -DHAVE_STRING_H=1 -DHAVE_MEMORY_H=1 -DHAVE_STRINGS_H=1 -DHAVE_INTTYPES_H=1 -DHAVE_STDINT_H=1 -DHAVE_UNISTD_H=1 -DL_ENDIAN=1 -DHAVE_SYS_SELECT_H=1 -DHAVE_SYS_FILIO_H=1 -DHAVE_LOCALE_H=1 -DHAVE_LANGINFO_H=1 -Dssldir=\"/usr\" -DEGD_SOCKET=\"/var/run/egd-pool\" -DWITH_RDPSND=1 -DRDPSND_OSS=1 -DRDPSND_SUN=1 -DHAVE_DIRENT_H=1 -DHAVE_DIRFD=1 -DHAVE_DECL_DIRFD=1 -DHAVE_ICONV_H=1 -DHAVE_ICONV=1 -DICONV_CONST= -DHAVE_SYS_VFS_H=1 -DHAVE_SYS_STATVFS_H=1 -DHAVE_SYS_STATFS_H=1 -DHAVE_SYS_PARAM_H=1 -DHAVE_SYS_MOUNT_H=1 -DSTAT_STATVFS64=1 -DHAVE_STRUCT_STATVFS_F_NAMEMAX=1 -DIPv6=1 -DKEYMAP_PATH=\"/usr/share/rdesktop/keymaps/\" -o xwin.o -c xwin.c
/usr/gcc/7/bin/gcc -m64 -O3 -Wall -I/usr/include   -DPACKAGE_NAME=\"rdesktop\" -DPACKAGE_TARNAME=\"rdesktop\" -DPACKAGE_VERSION=\"1.6.0\" -DPACKAGE_STRING=\"rdesktop\ 1.6.0\" -DPACKAGE_BUGREPORT=\"\" -DPACKAGE_URL=\"\" -DSTDC_HEADERS=1 -DHAVE_SYS_TYPES_H=1 -DHAVE_SYS_STAT_H=1 -DHAVE_STDLIB_H=1 -DHAVE_STRING_H=1 -DHAVE_MEMORY_H=1 -DHAVE_STRINGS_H=1 -DHAVE_INTTYPES_H=1 -DHAVE_STDINT_H=1 -DHAVE_UNISTD_H=1 -DL_ENDIAN=1 -DHAVE_SYS_SELECT_H=1 -DHAVE_SYS_FILIO_H=1 -DHAVE_LOCALE_H=1 -DHAVE_LANGINFO_H=1 -Dssldir=\"/usr\" -DEGD_SOCKET=\"/var/run/egd-pool\" -DWITH_RDPSND=1 -DRDPSND_OSS=1 -DRDPSND_SUN=1 -DHAVE_DIRENT_H=1 -DHAVE_DIRFD=1 -DHAVE_DECL_DIRFD=1 -DHAVE_ICONV_H=1 -DHAVE_ICONV=1 -DICONV_CONST= -DHAVE_SYS_VFS_H=1 -DHAVE_SYS_STATVFS_H=1 -DHAVE_SYS_STATFS_H=1 -DHAVE_SYS_PARAM_H=1 -DHAVE_SYS_MOUNT_H=1 -DSTAT_STATVFS64=1 -DHAVE_STRUCT_STATVFS_F_NAMEMAX=1 -DIPv6=1 -DKEYMAP_PATH=\"/usr/share/rdesktop/keymaps/\" -o xkeymap.o -c xkeymap.c
/usr/gcc/7/bin/gcc -m64 -O3 -Wall -I/usr/include   -DPACKAGE_NAME=\"rdesktop\" -DPACKAGE_TARNAME=\"rdesktop\" -DPACKAGE_VERSION=\"1.6.0\" -DPACKAGE_STRING=\"rdesktop\ 1.6.0\" -DPACKAGE_BUGREPORT=\"\" -DPACKAGE_URL=\"\" -DSTDC_HEADERS=1 -DHAVE_SYS_TYPES_H=1 -DHAVE_SYS_STAT_H=1 -DHAVE_STDLIB_H=1 -DHAVE_STRING_H=1 -DHAVE_MEMORY_H=1 -DHAVE_STRINGS_H=1 -DHAVE_INTTYPES_H=1 -DHAVE_STDINT_H=1 -DHAVE_UNISTD_H=1 -DL_ENDIAN=1 -DHAVE_SYS_SELECT_H=1 -DHAVE_SYS_FILIO_H=1 -DHAVE_LOCALE_H=1 -DHAVE_LANGINFO_H=1 -Dssldir=\"/usr\" -DEGD_SOCKET=\"/var/run/egd-pool\" -DWITH_RDPSND=1 -DRDPSND_OSS=1 -DRDPSND_SUN=1 -DHAVE_DIRENT_H=1 -DHAVE_DIRFD=1 -DHAVE_DECL_DIRFD=1 -DHAVE_ICONV_H=1 -DHAVE_ICONV=1 -DICONV_CONST= -DHAVE_SYS_VFS_H=1 -DHAVE_SYS_STATVFS_H=1 -DHAVE_SYS_STATFS_H=1 -DHAVE_SYS_PARAM_H=1 -DHAVE_SYS_MOUNT_H=1 -DSTAT_STATVFS64=1 -DHAVE_STRUCT_STATVFS_F_NAMEMAX=1 -DIPv6=1 -DKEYMAP_PATH=\"/usr/share/rdesktop/keymaps/\" -o ewmhints.o -c ewmhints.c
/usr/gcc/7/bin/gcc -m64 -O3 -Wall -I/usr/include   -DPACKAGE_NAME=\"rdesktop\" -DPACKAGE_TARNAME=\"rdesktop\" -DPACKAGE_VERSION=\"1.6.0\" -DPACKAGE_STRING=\"rdesktop\ 1.6.0\" -DPACKAGE_BUGREPORT=\"\" -DPACKAGE_URL=\"\" -DSTDC_HEADERS=1 -DHAVE_SYS_TYPES_H=1 -DHAVE_SYS_STAT_H=1 -DHAVE_STDLIB_H=1 -DHAVE_STRING_H=1 -DHAVE_MEMORY_H=1 -DHAVE_STRINGS_H=1 -DHAVE_INTTYPES_H=1 -DHAVE_STDINT_H=1 -DHAVE_UNISTD_H=1 -DL_ENDIAN=1 -DHAVE_SYS_SELECT_H=1 -DHAVE_SYS_FILIO_H=1 -DHAVE_LOCALE_H=1 -DHAVE_LANGINFO_H=1 -Dssldir=\"/usr\" -DEGD_SOCKET=\"/var/run/egd-pool\" -DWITH_RDPSND=1 -DRDPSND_OSS=1 -DRDPSND_SUN=1 -DHAVE_DIRENT_H=1 -DHAVE_DIRFD=1 -DHAVE_DECL_DIRFD=1 -DHAVE_ICONV_H=1 -DHAVE_ICONV=1 -DICONV_CONST= -DHAVE_SYS_VFS_H=1 -DHAVE_SYS_STATVFS_H=1 -DHAVE_SYS_STATFS_H=1 -DHAVE_SYS_PARAM_H=1 -DHAVE_SYS_MOUNT_H=1 -DSTAT_STATVFS64=1 -DHAVE_STRUCT_STATVFS_F_NAMEMAX=1 -DIPv6=1 -DKEYMAP_PATH=\"/usr/share/rdesktop/keymaps/\" -o xclip.o -c xclip.c
/usr/gcc/7/bin/gcc -m64 -O3 -Wall -I/usr/include   -DPACKAGE_NAME=\"rdesktop\" -DPACKAGE_TARNAME=\"rdesktop\" -DPACKAGE_VERSION=\"1.6.0\" -DPACKAGE_STRING=\"rdesktop\ 1.6.0\" -DPACKAGE_BUGREPORT=\"\" -DPACKAGE_URL=\"\" -DSTDC_HEADERS=1 -DHAVE_SYS_TYPES_H=1 -DHAVE_SYS_STAT_H=1 -DHAVE_STDLIB_H=1 -DHAVE_STRING_H=1 -DHAVE_MEMORY_H=1 -DHAVE_STRINGS_H=1 -DHAVE_INTTYPES_H=1 -DHAVE_STDINT_H=1 -DHAVE_UNISTD_H=1 -DL_ENDIAN=1 -DHAVE_SYS_SELECT_H=1 -DHAVE_SYS_FILIO_H=1 -DHAVE_LOCALE_H=1 -DHAVE_LANGINFO_H=1 -Dssldir=\"/usr\" -DEGD_SOCKET=\"/var/run/egd-pool\" -DWITH_RDPSND=1 -DRDPSND_OSS=1 -DRDPSND_SUN=1 -DHAVE_DIRENT_H=1 -DHAVE_DIRFD=1 -DHAVE_DECL_DIRFD=1 -DHAVE_ICONV_H=1 -DHAVE_ICONV=1 -DICONV_CONST= -DHAVE_SYS_VFS_H=1 -DHAVE_SYS_STATVFS_H=1 -DHAVE_SYS_STATFS_H=1 -DHAVE_SYS_PARAM_H=1 -DHAVE_SYS_MOUNT_H=1 -DSTAT_STATVFS64=1 -DHAVE_STRUCT_STATVFS_F_NAMEMAX=1 -DIPv6=1 -DKEYMAP_PATH=\"/usr/share/rdesktop/keymaps/\" -o cliprdr.o -c cliprdr.c
/usr/gcc/7/bin/gcc -m64 -O3 -Wall -I/usr/include   -DPACKAGE_NAME=\"rdesktop\" -DPACKAGE_TARNAME=\"rdesktop\" -DPACKAGE_VERSION=\"1.6.0\" -DPACKAGE_STRING=\"rdesktop\ 1.6.0\" -DPACKAGE_BUGREPORT=\"\" -DPACKAGE_URL=\"\" -DSTDC_HEADERS=1 -DHAVE_SYS_TYPES_H=1 -DHAVE_SYS_STAT_H=1 -DHAVE_STDLIB_H=1 -DHAVE_STRING_H=1 -DHAVE_MEMORY_H=1 -DHAVE_STRINGS_H=1 -DHAVE_INTTYPES_H=1 -DHAVE_STDINT_H=1 -DHAVE_UNISTD_H=1 -DL_ENDIAN=1 -DHAVE_SYS_SELECT_H=1 -DHAVE_SYS_FILIO_H=1 -DHAVE_LOCALE_H=1 -DHAVE_LANGINFO_H=1 -Dssldir=\"/usr\" -DEGD_SOCKET=\"/var/run/egd-pool\" -DWITH_RDPSND=1 -DRDPSND_OSS=1 -DRDPSND_SUN=1 -DHAVE_DIRENT_H=1 -DHAVE_DIRFD=1 -DHAVE_DECL_DIRFD=1 -DHAVE_ICONV_H=1 -DHAVE_ICONV=1 -DICONV_CONST= -DHAVE_SYS_VFS_H=1 -DHAVE_SYS_STATVFS_H=1 -DHAVE_SYS_STATFS_H=1 -DHAVE_SYS_PARAM_H=1 -DHAVE_SYS_MOUNT_H=1 -DSTAT_STATVFS64=1 -DHAVE_STRUCT_STATVFS_F_NAMEMAX=1 -DIPv6=1 -DKEYMAP_PATH=\"/usr/share/rdesktop/keymaps/\" -o rdpsnd.o -c rdpsnd.c
rdpsnd.c: In function 'rdpsnd_process_negotiate':
rdpsnd.c:221:9: warning: variable 'version' set but not used [-Wunused-but-set-variable]
  uint16 version;
         ^~~~~~~
rdpsnd.c:220:8: warning: variable 'pad' set but not used [-Wunused-but-set-variable]
  uint8 pad;
        ^~~
rdpsnd.c: In function 'rdpsnd_process_rec_negotiate':
rdpsnd.c:335:9: warning: variable 'version' set but not used [-Wunused-but-set-variable]
  uint16 version;
         ^~~~~~~
/usr/gcc/7/bin/gcc -m64 -O3 -Wall -I/usr/include   -DPACKAGE_NAME=\"rdesktop\" -DPACKAGE_TARNAME=\"rdesktop\" -DPACKAGE_VERSION=\"1.6.0\" -DPACKAGE_STRING=\"rdesktop\ 1.6.0\" -DPACKAGE_BUGREPORT=\"\" -DPACKAGE_URL=\"\" -DSTDC_HEADERS=1 -DHAVE_SYS_TYPES_H=1 -DHAVE_SYS_STAT_H=1 -DHAVE_STDLIB_H=1 -DHAVE_STRING_H=1 -DHAVE_MEMORY_H=1 -DHAVE_STRINGS_H=1 -DHAVE_INTTYPES_H=1 -DHAVE_STDINT_H=1 -DHAVE_UNISTD_H=1 -DL_ENDIAN=1 -DHAVE_SYS_SELECT_H=1 -DHAVE_SYS_FILIO_H=1 -DHAVE_LOCALE_H=1 -DHAVE_LANGINFO_H=1 -Dssldir=\"/usr\" -DEGD_SOCKET=\"/var/run/egd-pool\" -DWITH_RDPSND=1 -DRDPSND_OSS=1 -DRDPSND_SUN=1 -DHAVE_DIRENT_H=1 -DHAVE_DIRFD=1 -DHAVE_DECL_DIRFD=1 -DHAVE_ICONV_H=1 -DHAVE_ICONV=1 -DICONV_CONST= -DHAVE_SYS_VFS_H=1 -DHAVE_SYS_STATVFS_H=1 -DHAVE_SYS_STATFS_H=1 -DHAVE_SYS_PARAM_H=1 -DHAVE_SYS_MOUNT_H=1 -DSTAT_STATVFS64=1 -DHAVE_STRUCT_STATVFS_F_NAMEMAX=1 -DIPv6=1 -DKEYMAP_PATH=\"/usr/share/rdesktop/keymaps/\" -o rdpsnd_dsp.o -c rdpsnd_dsp.c
/usr/gcc/7/bin/gcc -m64 -O3 -Wall -I/usr/include   -DPACKAGE_NAME=\"rdesktop\" -DPACKAGE_TARNAME=\"rdesktop\" -DPACKAGE_VERSION=\"1.6.0\" -DPACKAGE_STRING=\"rdesktop\ 1.6.0\" -DPACKAGE_BUGREPORT=\"\" -DPACKAGE_URL=\"\" -DSTDC_HEADERS=1 -DHAVE_SYS_TYPES_H=1 -DHAVE_SYS_STAT_H=1 -DHAVE_STDLIB_H=1 -DHAVE_STRING_H=1 -DHAVE_MEMORY_H=1 -DHAVE_STRINGS_H=1 -DHAVE_INTTYPES_H=1 -DHAVE_STDINT_H=1 -DHAVE_UNISTD_H=1 -DL_ENDIAN=1 -DHAVE_SYS_SELECT_H=1 -DHAVE_SYS_FILIO_H=1 -DHAVE_LOCALE_H=1 -DHAVE_LANGINFO_H=1 -Dssldir=\"/usr\" -DEGD_SOCKET=\"/var/run/egd-pool\" -DWITH_RDPSND=1 -DRDPSND_OSS=1 -DRDPSND_SUN=1 -DHAVE_DIRENT_H=1 -DHAVE_DIRFD=1 -DHAVE_DECL_DIRFD=1 -DHAVE_ICONV_H=1 -DHAVE_ICONV=1 -DICONV_CONST= -DHAVE_SYS_VFS_H=1 -DHAVE_SYS_STATVFS_H=1 -DHAVE_SYS_STATFS_H=1 -DHAVE_SYS_PARAM_H=1 -DHAVE_SYS_MOUNT_H=1 -DSTAT_STATVFS64=1 -DHAVE_STRUCT_STATVFS_F_NAMEMAX=1 -DIPv6=1 -DKEYMAP_PATH=\"/usr/share/rdesktop/keymaps/\" -o rdpsnd_oss.o -c rdpsnd_oss.c
/usr/gcc/7/bin/gcc -m64 -O3 -Wall -I/usr/include   -DPACKAGE_NAME=\"rdesktop\" -DPACKAGE_TARNAME=\"rdesktop\" -DPACKAGE_VERSION=\"1.6.0\" -DPACKAGE_STRING=\"rdesktop\ 1.6.0\" -DPACKAGE_BUGREPORT=\"\" -DPACKAGE_URL=\"\" -DSTDC_HEADERS=1 -DHAVE_SYS_TYPES_H=1 -DHAVE_SYS_STAT_H=1 -DHAVE_STDLIB_H=1 -DHAVE_STRING_H=1 -DHAVE_MEMORY_H=1 -DHAVE_STRINGS_H=1 -DHAVE_INTTYPES_H=1 -DHAVE_STDINT_H=1 -DHAVE_UNISTD_H=1 -DL_ENDIAN=1 -DHAVE_SYS_SELECT_H=1 -DHAVE_SYS_FILIO_H=1 -DHAVE_LOCALE_H=1 -DHAVE_LANGINFO_H=1 -Dssldir=\"/usr\" -DEGD_SOCKET=\"/var/run/egd-pool\" -DWITH_RDPSND=1 -DRDPSND_OSS=1 -DRDPSND_SUN=1 -DHAVE_DIRENT_H=1 -DHAVE_DIRFD=1 -DHAVE_DECL_DIRFD=1 -DHAVE_ICONV_H=1 -DHAVE_ICONV=1 -DICONV_CONST= -DHAVE_SYS_VFS_H=1 -DHAVE_SYS_STATVFS_H=1 -DHAVE_SYS_STATFS_H=1 -DHAVE_SYS_PARAM_H=1 -DHAVE_SYS_MOUNT_H=1 -DSTAT_STATVFS64=1 -DHAVE_STRUCT_STATVFS_F_NAMEMAX=1 -DIPv6=1 -DKEYMAP_PATH=\"/usr/share/rdesktop/keymaps/\" -o rdpsnd_sun.o -c rdpsnd_sun.c
/usr/gcc/7/bin/gcc -m64 -O3 -Wall -I/usr/include   -DPACKAGE_NAME=\"rdesktop\" -DPACKAGE_TARNAME=\"rdesktop\" -DPACKAGE_VERSION=\"1.6.0\" -DPACKAGE_STRING=\"rdesktop\ 1.6.0\" -DPACKAGE_BUGREPORT=\"\" -DPACKAGE_URL=\"\" -DSTDC_HEADERS=1 -DHAVE_SYS_TYPES_H=1 -DHAVE_SYS_STAT_H=1 -DHAVE_STDLIB_H=1 -DHAVE_STRING_H=1 -DHAVE_MEMORY_H=1 -DHAVE_STRINGS_H=1 -DHAVE_INTTYPES_H=1 -DHAVE_STDINT_H=1 -DHAVE_UNISTD_H=1 -DL_ENDIAN=1 -DHAVE_SYS_SELECT_H=1 -DHAVE_SYS_FILIO_H=1 -DHAVE_LOCALE_H=1 -DHAVE_LANGINFO_H=1 -Dssldir=\"/usr\" -DEGD_SOCKET=\"/var/run/egd-pool\" -DWITH_RDPSND=1 -DRDPSND_OSS=1 -DRDPSND_SUN=1 -DHAVE_DIRENT_H=1 -DHAVE_DIRFD=1 -DHAVE_DECL_DIRFD=1 -DHAVE_ICONV_H=1 -DHAVE_ICONV=1 -DICONV_CONST= -DHAVE_SYS_VFS_H=1 -DHAVE_SYS_STATVFS_H=1 -DHAVE_SYS_STATFS_H=1 -DHAVE_SYS_PARAM_H=1 -DHAVE_SYS_MOUNT_H=1 -DSTAT_STATVFS64=1 -DHAVE_STRUCT_STATVFS_F_NAMEMAX=1 -DIPv6=1 -DKEYMAP_PATH=\"/usr/share/rdesktop/keymaps/\" -o tcp.o -c tcp.c
/usr/gcc/7/bin/gcc -m64 -O3 -Wall -I/usr/include   -DPACKAGE_NAME=\"rdesktop\" -DPACKAGE_TARNAME=\"rdesktop\" -DPACKAGE_VERSION=\"1.6.0\" -DPACKAGE_STRING=\"rdesktop\ 1.6.0\" -DPACKAGE_BUGREPORT=\"\" -DPACKAGE_URL=\"\" -DSTDC_HEADERS=1 -DHAVE_SYS_TYPES_H=1 -DHAVE_SYS_STAT_H=1 -DHAVE_STDLIB_H=1 -DHAVE_STRING_H=1 -DHAVE_MEMORY_H=1 -DHAVE_STRINGS_H=1 -DHAVE_INTTYPES_H=1 -DHAVE_STDINT_H=1 -DHAVE_UNISTD_H=1 -DL_ENDIAN=1 -DHAVE_SYS_SELECT_H=1 -DHAVE_SYS_FILIO_H=1 -DHAVE_LOCALE_H=1 -DHAVE_LANGINFO_H=1 -Dssldir=\"/usr\" -DEGD_SOCKET=\"/var/run/egd-pool\" -DWITH_RDPSND=1 -DRDPSND_OSS=1 -DRDPSND_SUN=1 -DHAVE_DIRENT_H=1 -DHAVE_DIRFD=1 -DHAVE_DECL_DIRFD=1 -DHAVE_ICONV_H=1 -DHAVE_ICONV=1 -DICONV_CONST= -DHAVE_SYS_VFS_H=1 -DHAVE_SYS_STATVFS_H=1 -DHAVE_SYS_STATFS_H=1 -DHAVE_SYS_PARAM_H=1 -DHAVE_SYS_MOUNT_H=1 -DSTAT_STATVFS64=1 -DHAVE_STRUCT_STATVFS_F_NAMEMAX=1 -DIPv6=1 -DKEYMAP_PATH=\"/usr/share/rdesktop/keymaps/\" -o iso.o -c iso.c
/usr/gcc/7/bin/gcc -m64 -O3 -Wall -I/usr/include   -DPACKAGE_NAME=\"rdesktop\" -DPACKAGE_TARNAME=\"rdesktop\" -DPACKAGE_VERSION=\"1.6.0\" -DPACKAGE_STRING=\"rdesktop\ 1.6.0\" -DPACKAGE_BUGREPORT=\"\" -DPACKAGE_URL=\"\" -DSTDC_HEADERS=1 -DHAVE_SYS_TYPES_H=1 -DHAVE_SYS_STAT_H=1 -DHAVE_STDLIB_H=1 -DHAVE_STRING_H=1 -DHAVE_MEMORY_H=1 -DHAVE_STRINGS_H=1 -DHAVE_INTTYPES_H=1 -DHAVE_STDINT_H=1 -DHAVE_UNISTD_H=1 -DL_ENDIAN=1 -DHAVE_SYS_SELECT_H=1 -DHAVE_SYS_FILIO_H=1 -DHAVE_LOCALE_H=1 -DHAVE_LANGINFO_H=1 -Dssldir=\"/usr\" -DEGD_SOCKET=\"/var/run/egd-pool\" -DWITH_RDPSND=1 -DRDPSND_OSS=1 -DRDPSND_SUN=1 -DHAVE_DIRENT_H=1 -DHAVE_DIRFD=1 -DHAVE_DECL_DIRFD=1 -DHAVE_ICONV_H=1 -DHAVE_ICONV=1 -DICONV_CONST= -DHAVE_SYS_VFS_H=1 -DHAVE_SYS_STATVFS_H=1 -DHAVE_SYS_STATFS_H=1 -DHAVE_SYS_PARAM_H=1 -DHAVE_SYS_MOUNT_H=1 -DSTAT_STATVFS64=1 -DHAVE_STRUCT_STATVFS_F_NAMEMAX=1 -DIPv6=1 -DKEYMAP_PATH=\"/usr/share/rdesktop/keymaps/\" -o mcs.o -c mcs.c
mcs.c: In function 'mcs_recv_connect_response.isra.5':
mcs.c:112:6: warning: 'length' may be used uninitialized in this function [-Wmaybe-uninitialized]
  int length;
      ^~~~~~
mcs.c:155:6: warning: 'length' may be used uninitialized in this function [-Wmaybe-uninitialized]
  int length;
      ^~~~~~
/usr/gcc/7/bin/gcc -m64 -O3 -Wall -I/usr/include   -DPACKAGE_NAME=\"rdesktop\" -DPACKAGE_TARNAME=\"rdesktop\" -DPACKAGE_VERSION=\"1.6.0\" -DPACKAGE_STRING=\"rdesktop\ 1.6.0\" -DPACKAGE_BUGREPORT=\"\" -DPACKAGE_URL=\"\" -DSTDC_HEADERS=1 -DHAVE_SYS_TYPES_H=1 -DHAVE_SYS_STAT_H=1 -DHAVE_STDLIB_H=1 -DHAVE_STRING_H=1 -DHAVE_MEMORY_H=1 -DHAVE_STRINGS_H=1 -DHAVE_INTTYPES_H=1 -DHAVE_STDINT_H=1 -DHAVE_UNISTD_H=1 -DL_ENDIAN=1 -DHAVE_SYS_SELECT_H=1 -DHAVE_SYS_FILIO_H=1 -DHAVE_LOCALE_H=1 -DHAVE_LANGINFO_H=1 -Dssldir=\"/usr\" -DEGD_SOCKET=\"/var/run/egd-pool\" -DWITH_RDPSND=1 -DRDPSND_OSS=1 -DRDPSND_SUN=1 -DHAVE_DIRENT_H=1 -DHAVE_DIRFD=1 -DHAVE_DECL_DIRFD=1 -DHAVE_ICONV_H=1 -DHAVE_ICONV=1 -DICONV_CONST= -DHAVE_SYS_VFS_H=1 -DHAVE_SYS_STATVFS_H=1 -DHAVE_SYS_STATFS_H=1 -DHAVE_SYS_PARAM_H=1 -DHAVE_SYS_MOUNT_H=1 -DSTAT_STATVFS64=1 -DHAVE_STRUCT_STATVFS_F_NAMEMAX=1 -DIPv6=1 -DKEYMAP_PATH=\"/usr/share/rdesktop/keymaps/\" -o secure.o -c secure.c
/usr/gcc/7/bin/gcc -m64 -O3 -Wall -I/usr/include   -DPACKAGE_NAME=\"rdesktop\" -DPACKAGE_TARNAME=\"rdesktop\" -DPACKAGE_VERSION=\"1.6.0\" -DPACKAGE_STRING=\"rdesktop\ 1.6.0\" -DPACKAGE_BUGREPORT=\"\" -DPACKAGE_URL=\"\" -DSTDC_HEADERS=1 -DHAVE_SYS_TYPES_H=1 -DHAVE_SYS_STAT_H=1 -DHAVE_STDLIB_H=1 -DHAVE_STRING_H=1 -DHAVE_MEMORY_H=1 -DHAVE_STRINGS_H=1 -DHAVE_INTTYPES_H=1 -DHAVE_STDINT_H=1 -DHAVE_UNISTD_H=1 -DL_ENDIAN=1 -DHAVE_SYS_SELECT_H=1 -DHAVE_SYS_FILIO_H=1 -DHAVE_LOCALE_H=1 -DHAVE_LANGINFO_H=1 -Dssldir=\"/usr\" -DEGD_SOCKET=\"/var/run/egd-pool\" -DWITH_RDPSND=1 -DRDPSND_OSS=1 -DRDPSND_SUN=1 -DHAVE_DIRENT_H=1 -DHAVE_DIRFD=1 -DHAVE_DECL_DIRFD=1 -DHAVE_ICONV_H=1 -DHAVE_ICONV=1 -DICONV_CONST= -DHAVE_SYS_VFS_H=1 -DHAVE_SYS_STATVFS_H=1 -DHAVE_SYS_STATFS_H=1 -DHAVE_SYS_PARAM_H=1 -DHAVE_SYS_MOUNT_H=1 -DSTAT_STATVFS64=1 -DHAVE_STRUCT_STATVFS_F_NAMEMAX=1 -DIPv6=1 -DKEYMAP_PATH=\"/usr/share/rdesktop/keymaps/\" -o licence.o -c licence.c
/usr/gcc/7/bin/gcc -m64 -O3 -Wall -I/usr/include   -DPACKAGE_NAME=\"rdesktop\" -DPACKAGE_TARNAME=\"rdesktop\" -DPACKAGE_VERSION=\"1.6.0\" -DPACKAGE_STRING=\"rdesktop\ 1.6.0\" -DPACKAGE_BUGREPORT=\"\" -DPACKAGE_URL=\"\" -DSTDC_HEADERS=1 -DHAVE_SYS_TYPES_H=1 -DHAVE_SYS_STAT_H=1 -DHAVE_STDLIB_H=1 -DHAVE_STRING_H=1 -DHAVE_MEMORY_H=1 -DHAVE_STRINGS_H=1 -DHAVE_INTTYPES_H=1 -DHAVE_STDINT_H=1 -DHAVE_UNISTD_H=1 -DL_ENDIAN=1 -DHAVE_SYS_SELECT_H=1 -DHAVE_SYS_FILIO_H=1 -DHAVE_LOCALE_H=1 -DHAVE_LANGINFO_H=1 -Dssldir=\"/usr\" -DEGD_SOCKET=\"/var/run/egd-pool\" -DWITH_RDPSND=1 -DRDPSND_OSS=1 -DRDPSND_SUN=1 -DHAVE_DIRENT_H=1 -DHAVE_DIRFD=1 -DHAVE_DECL_DIRFD=1 -DHAVE_ICONV_H=1 -DHAVE_ICONV=1 -DICONV_CONST= -DHAVE_SYS_VFS_H=1 -DHAVE_SYS_STATVFS_H=1 -DHAVE_SYS_STATFS_H=1 -DHAVE_SYS_PARAM_H=1 -DHAVE_SYS_MOUNT_H=1 -DSTAT_STATVFS64=1 -DHAVE_STRUCT_STATVFS_F_NAMEMAX=1 -DIPv6=1 -DKEYMAP_PATH=\"/usr/share/rdesktop/keymaps/\" -o rdp.o -c rdp.c
/usr/gcc/7/bin/gcc -m64 -O3 -Wall -I/usr/include   -DPACKAGE_NAME=\"rdesktop\" -DPACKAGE_TARNAME=\"rdesktop\" -DPACKAGE_VERSION=\"1.6.0\" -DPACKAGE_STRING=\"rdesktop\ 1.6.0\" -DPACKAGE_BUGREPORT=\"\" -DPACKAGE_URL=\"\" -DSTDC_HEADERS=1 -DHAVE_SYS_TYPES_H=1 -DHAVE_SYS_STAT_H=1 -DHAVE_STDLIB_H=1 -DHAVE_STRING_H=1 -DHAVE_MEMORY_H=1 -DHAVE_STRINGS_H=1 -DHAVE_INTTYPES_H=1 -DHAVE_STDINT_H=1 -DHAVE_UNISTD_H=1 -DL_ENDIAN=1 -DHAVE_SYS_SELECT_H=1 -DHAVE_SYS_FILIO_H=1 -DHAVE_LOCALE_H=1 -DHAVE_LANGINFO_H=1 -Dssldir=\"/usr\" -DEGD_SOCKET=\"/var/run/egd-pool\" -DWITH_RDPSND=1 -DRDPSND_OSS=1 -DRDPSND_SUN=1 -DHAVE_DIRENT_H=1 -DHAVE_DIRFD=1 -DHAVE_DECL_DIRFD=1 -DHAVE_ICONV_H=1 -DHAVE_ICONV=1 -DICONV_CONST= -DHAVE_SYS_VFS_H=1 -DHAVE_SYS_STATVFS_H=1 -DHAVE_SYS_STATFS_H=1 -DHAVE_SYS_PARAM_H=1 -DHAVE_SYS_MOUNT_H=1 -DSTAT_STATVFS64=1 -DHAVE_STRUCT_STATVFS_F_NAMEMAX=1 -DIPv6=1 -DKEYMAP_PATH=\"/usr/share/rdesktop/keymaps/\" -o orders.o -c orders.c
orders.c: In function 'process_bmpcache':
orders.c:915:8: warning: variable 'pad1' set but not used [-Wunused-but-set-variable]
  uint8 pad1;
        ^~~~
orders.c:914:18: warning: variable 'pad2' set but not used [-Wunused-but-set-variable]
  uint16 bufsize, pad2, row_size, final_size;
                  ^~~~
/usr/gcc/7/bin/gcc -m64 -O3 -Wall -I/usr/include   -DPACKAGE_NAME=\"rdesktop\" -DPACKAGE_TARNAME=\"rdesktop\" -DPACKAGE_VERSION=\"1.6.0\" -DPACKAGE_STRING=\"rdesktop\ 1.6.0\" -DPACKAGE_BUGREPORT=\"\" -DPACKAGE_URL=\"\" -DSTDC_HEADERS=1 -DHAVE_SYS_TYPES_H=1 -DHAVE_SYS_STAT_H=1 -DHAVE_STDLIB_H=1 -DHAVE_STRING_H=1 -DHAVE_MEMORY_H=1 -DHAVE_STRINGS_H=1 -DHAVE_INTTYPES_H=1 -DHAVE_STDINT_H=1 -DHAVE_UNISTD_H=1 -DL_ENDIAN=1 -DHAVE_SYS_SELECT_H=1 -DHAVE_SYS_FILIO_H=1 -DHAVE_LOCALE_H=1 -DHAVE_LANGINFO_H=1 -Dssldir=\"/usr\" -DEGD_SOCKET=\"/var/run/egd-pool\" -DWITH_RDPSND=1 -DRDPSND_OSS=1 -DRDPSND_SUN=1 -DHAVE_DIRENT_H=1 -DHAVE_DIRFD=1 -DHAVE_DECL_DIRFD=1 -DHAVE_ICONV_H=1 -DHAVE_ICONV=1 -DICONV_CONST= -DHAVE_SYS_VFS_H=1 -DHAVE_SYS_STATVFS_H=1 -DHAVE_SYS_STATFS_H=1 -DHAVE_SYS_PARAM_H=1 -DHAVE_SYS_MOUNT_H=1 -DSTAT_STATVFS64=1 -DHAVE_STRUCT_STATVFS_F_NAMEMAX=1 -DIPv6=1 -DKEYMAP_PATH=\"/usr/share/rdesktop/keymaps/\" -o bitmap.o -c bitmap.c
/usr/gcc/7/bin/gcc -m64 -O3 -Wall -I/usr/include   -DPACKAGE_NAME=\"rdesktop\" -DPACKAGE_TARNAME=\"rdesktop\" -DPACKAGE_VERSION=\"1.6.0\" -DPACKAGE_STRING=\"rdesktop\ 1.6.0\" -DPACKAGE_BUGREPORT=\"\" -DPACKAGE_URL=\"\" -DSTDC_HEADERS=1 -DHAVE_SYS_TYPES_H=1 -DHAVE_SYS_STAT_H=1 -DHAVE_STDLIB_H=1 -DHAVE_STRING_H=1 -DHAVE_MEMORY_H=1 -DHAVE_STRINGS_H=1 -DHAVE_INTTYPES_H=1 -DHAVE_STDINT_H=1 -DHAVE_UNISTD_H=1 -DL_ENDIAN=1 -DHAVE_SYS_SELECT_H=1 -DHAVE_SYS_FILIO_H=1 -DHAVE_LOCALE_H=1 -DHAVE_LANGINFO_H=1 -Dssldir=\"/usr\" -DEGD_SOCKET=\"/var/run/egd-pool\" -DWITH_RDPSND=1 -DRDPSND_OSS=1 -DRDPSND_SUN=1 -DHAVE_DIRENT_H=1 -DHAVE_DIRFD=1 -DHAVE_DECL_DIRFD=1 -DHAVE_ICONV_H=1 -DHAVE_ICONV=1 -DICONV_CONST= -DHAVE_SYS_VFS_H=1 -DHAVE_SYS_STATVFS_H=1 -DHAVE_SYS_STATFS_H=1 -DHAVE_SYS_PARAM_H=1 -DHAVE_SYS_MOUNT_H=1 -DSTAT_STATVFS64=1 -DHAVE_STRUCT_STATVFS_F_NAMEMAX=1 -DIPv6=1 -DKEYMAP_PATH=\"/usr/share/rdesktop/keymaps/\" -o cache.o -c cache.c
/usr/gcc/7/bin/gcc -m64 -O3 -Wall -I/usr/include   -DPACKAGE_NAME=\"rdesktop\" -DPACKAGE_TARNAME=\"rdesktop\" -DPACKAGE_VERSION=\"1.6.0\" -DPACKAGE_STRING=\"rdesktop\ 1.6.0\" -DPACKAGE_BUGREPORT=\"\" -DPACKAGE_URL=\"\" -DSTDC_HEADERS=1 -DHAVE_SYS_TYPES_H=1 -DHAVE_SYS_STAT_H=1 -DHAVE_STDLIB_H=1 -DHAVE_STRING_H=1 -DHAVE_MEMORY_H=1 -DHAVE_STRINGS_H=1 -DHAVE_INTTYPES_H=1 -DHAVE_STDINT_H=1 -DHAVE_UNISTD_H=1 -DL_ENDIAN=1 -DHAVE_SYS_SELECT_H=1 -DHAVE_SYS_FILIO_H=1 -DHAVE_LOCALE_H=1 -DHAVE_LANGINFO_H=1 -Dssldir=\"/usr\" -DEGD_SOCKET=\"/var/run/egd-pool\" -DWITH_RDPSND=1 -DRDPSND_OSS=1 -DRDPSND_SUN=1 -DHAVE_DIRENT_H=1 -DHAVE_DIRFD=1 -DHAVE_DECL_DIRFD=1 -DHAVE_ICONV_H=1 -DHAVE_ICONV=1 -DICONV_CONST= -DHAVE_SYS_VFS_H=1 -DHAVE_SYS_STATVFS_H=1 -DHAVE_SYS_STATFS_H=1 -DHAVE_SYS_PARAM_H=1 -DHAVE_SYS_MOUNT_H=1 -DSTAT_STATVFS64=1 -DHAVE_STRUCT_STATVFS_F_NAMEMAX=1 -DIPv6=1 -DKEYMAP_PATH=\"/usr/share/rdesktop/keymaps/\" -o rdp5.o -c rdp5.c
/usr/gcc/7/bin/gcc -m64 -O3 -Wall -I/usr/include   -DPACKAGE_NAME=\"rdesktop\" -DPACKAGE_TARNAME=\"rdesktop\" -DPACKAGE_VERSION=\"1.6.0\" -DPACKAGE_STRING=\"rdesktop\ 1.6.0\" -DPACKAGE_BUGREPORT=\"\" -DPACKAGE_URL=\"\" -DSTDC_HEADERS=1 -DHAVE_SYS_TYPES_H=1 -DHAVE_SYS_STAT_H=1 -DHAVE_STDLIB_H=1 -DHAVE_STRING_H=1 -DHAVE_MEMORY_H=1 -DHAVE_STRINGS_H=1 -DHAVE_INTTYPES_H=1 -DHAVE_STDINT_H=1 -DHAVE_UNISTD_H=1 -DL_ENDIAN=1 -DHAVE_SYS_SELECT_H=1 -DHAVE_SYS_FILIO_H=1 -DHAVE_LOCALE_H=1 -DHAVE_LANGINFO_H=1 -Dssldir=\"/usr\" -DEGD_SOCKET=\"/var/run/egd-pool\" -DWITH_RDPSND=1 -DRDPSND_OSS=1 -DRDPSND_SUN=1 -DHAVE_DIRENT_H=1 -DHAVE_DIRFD=1 -DHAVE_DECL_DIRFD=1 -DHAVE_ICONV_H=1 -DHAVE_ICONV=1 -DICONV_CONST= -DHAVE_SYS_VFS_H=1 -DHAVE_SYS_STATVFS_H=1 -DHAVE_SYS_STATFS_H=1 -DHAVE_SYS_PARAM_H=1 -DHAVE_SYS_MOUNT_H=1 -DSTAT_STATVFS64=1 -DHAVE_STRUCT_STATVFS_F_NAMEMAX=1 -DIPv6=1 -DKEYMAP_PATH=\"/usr/share/rdesktop/keymaps/\" -o channels.o -c channels.c
/usr/gcc/7/bin/gcc -m64 -O3 -Wall -I/usr/include   -DPACKAGE_NAME=\"rdesktop\" -DPACKAGE_TARNAME=\"rdesktop\" -DPACKAGE_VERSION=\"1.6.0\" -DPACKAGE_STRING=\"rdesktop\ 1.6.0\" -DPACKAGE_BUGREPORT=\"\" -DPACKAGE_URL=\"\" -DSTDC_HEADERS=1 -DHAVE_SYS_TYPES_H=1 -DHAVE_SYS_STAT_H=1 -DHAVE_STDLIB_H=1 -DHAVE_STRING_H=1 -DHAVE_MEMORY_H=1 -DHAVE_STRINGS_H=1 -DHAVE_INTTYPES_H=1 -DHAVE_STDINT_H=1 -DHAVE_UNISTD_H=1 -DL_ENDIAN=1 -DHAVE_SYS_SELECT_H=1 -DHAVE_SYS_FILIO_H=1 -DHAVE_LOCALE_H=1 -DHAVE_LANGINFO_H=1 -Dssldir=\"/usr\" -DEGD_SOCKET=\"/var/run/egd-pool\" -DWITH_RDPSND=1 -DRDPSND_OSS=1 -DRDPSND_SUN=1 -DHAVE_DIRENT_H=1 -DHAVE_DIRFD=1 -DHAVE_DECL_DIRFD=1 -DHAVE_ICONV_H=1 -DHAVE_ICONV=1 -DICONV_CONST= -DHAVE_SYS_VFS_H=1 -DHAVE_SYS_STATVFS_H=1 -DHAVE_SYS_STATFS_H=1 -DHAVE_SYS_PARAM_H=1 -DHAVE_SYS_MOUNT_H=1 -DSTAT_STATVFS64=1 -DHAVE_STRUCT_STATVFS_F_NAMEMAX=1 -DIPv6=1 -DKEYMAP_PATH=\"/usr/share/rdesktop/keymaps/\" -o rdpdr.o -c rdpdr.c
rdpdr.c: In function 'rdpdr_process_irp':
rdpdr.c:361:3: warning: variable 'error_mode' set but not used [-Wunused-but-set-variable]
   error_mode,
   ^~~~~~~~~~
rdpdr.c:359:3: warning: variable 'bytes_in' set but not used [-Wunused-but-set-variable]
   bytes_in,
   ^~~~~~~~
rdpdr.c: In function 'rdpdr_process':
rdpdr.c:786:9: warning: variable 'handle' set but not used [-Wunused-but-set-variable]
  uint32 handle;
         ^~~~~~
/usr/gcc/7/bin/gcc -m64 -O3 -Wall -I/usr/include   -DPACKAGE_NAME=\"rdesktop\" -DPACKAGE_TARNAME=\"rdesktop\" -DPACKAGE_VERSION=\"1.6.0\" -DPACKAGE_STRING=\"rdesktop\ 1.6.0\" -DPACKAGE_BUGREPORT=\"\" -DPACKAGE_URL=\"\" -DSTDC_HEADERS=1 -DHAVE_SYS_TYPES_H=1 -DHAVE_SYS_STAT_H=1 -DHAVE_STDLIB_H=1 -DHAVE_STRING_H=1 -DHAVE_MEMORY_H=1 -DHAVE_STRINGS_H=1 -DHAVE_INTTYPES_H=1 -DHAVE_STDINT_H=1 -DHAVE_UNISTD_H=1 -DL_ENDIAN=1 -DHAVE_SYS_SELECT_H=1 -DHAVE_SYS_FILIO_H=1 -DHAVE_LOCALE_H=1 -DHAVE_LANGINFO_H=1 -Dssldir=\"/usr\" -DEGD_SOCKET=\"/var/run/egd-pool\" -DWITH_RDPSND=1 -DRDPSND_OSS=1 -DRDPSND_SUN=1 -DHAVE_DIRENT_H=1 -DHAVE_DIRFD=1 -DHAVE_DECL_DIRFD=1 -DHAVE_ICONV_H=1 -DHAVE_ICONV=1 -DICONV_CONST= -DHAVE_SYS_VFS_H=1 -DHAVE_SYS_STATVFS_H=1 -DHAVE_SYS_STATFS_H=1 -DHAVE_SYS_PARAM_H=1 -DHAVE_SYS_MOUNT_H=1 -DSTAT_STATVFS64=1 -DHAVE_STRUCT_STATVFS_F_NAMEMAX=1 -DIPv6=1 -DKEYMAP_PATH=\"/usr/share/rdesktop/keymaps/\" -o serial.o -c serial.c
serial.c: In function 'serial_create':
serial.c:562:18: warning: variable 'ptermios' set but not used [-Wunused-but-set-variable]
  struct termios *ptermios;
                  ^~~~~~~~
serial.c: In function 'serial_device_control':
serial.c:708:18: warning: variable 'ptermios' set but not used [-Wunused-but-set-variable]
  struct termios *ptermios;
                  ^~~~~~~~
/usr/gcc/7/bin/gcc -m64 -O3 -Wall -I/usr/include   -DPACKAGE_NAME=\"rdesktop\" -DPACKAGE_TARNAME=\"rdesktop\" -DPACKAGE_VERSION=\"1.6.0\" -DPACKAGE_STRING=\"rdesktop\ 1.6.0\" -DPACKAGE_BUGREPORT=\"\" -DPACKAGE_URL=\"\" -DSTDC_HEADERS=1 -DHAVE_SYS_TYPES_H=1 -DHAVE_SYS_STAT_H=1 -DHAVE_STDLIB_H=1 -DHAVE_STRING_H=1 -DHAVE_MEMORY_H=1 -DHAVE_STRINGS_H=1 -DHAVE_INTTYPES_H=1 -DHAVE_STDINT_H=1 -DHAVE_UNISTD_H=1 -DL_ENDIAN=1 -DHAVE_SYS_SELECT_H=1 -DHAVE_SYS_FILIO_H=1 -DHAVE_LOCALE_H=1 -DHAVE_LANGINFO_H=1 -Dssldir=\"/usr\" -DEGD_SOCKET=\"/var/run/egd-pool\" -DWITH_RDPSND=1 -DRDPSND_OSS=1 -DRDPSND_SUN=1 -DHAVE_DIRENT_H=1 -DHAVE_DIRFD=1 -DHAVE_DECL_DIRFD=1 -DHAVE_ICONV_H=1 -DHAVE_ICONV=1 -DICONV_CONST= -DHAVE_SYS_VFS_H=1 -DHAVE_SYS_STATVFS_H=1 -DHAVE_SYS_STATFS_H=1 -DHAVE_SYS_PARAM_H=1 -DHAVE_SYS_MOUNT_H=1 -DSTAT_STATVFS64=1 -DHAVE_STRUCT_STATVFS_F_NAMEMAX=1 -DIPv6=1 -DKEYMAP_PATH=\"/usr/share/rdesktop/keymaps/\" -o printer.o -c printer.c
printer.c: In function 'printer_create':
printer.c:113:29: warning: comparison with string literal results in unspecified behavior [-Waddress]
  if (pprinter_data->printer == "mydeskjet")
                             ^~
/usr/gcc/7/bin/gcc -m64 -O3 -Wall -I/usr/include   -DPACKAGE_NAME=\"rdesktop\" -DPACKAGE_TARNAME=\"rdesktop\" -DPACKAGE_VERSION=\"1.6.0\" -DPACKAGE_STRING=\"rdesktop\ 1.6.0\" -DPACKAGE_BUGREPORT=\"\" -DPACKAGE_URL=\"\" -DSTDC_HEADERS=1 -DHAVE_SYS_TYPES_H=1 -DHAVE_SYS_STAT_H=1 -DHAVE_STDLIB_H=1 -DHAVE_STRING_H=1 -DHAVE_MEMORY_H=1 -DHAVE_STRINGS_H=1 -DHAVE_INTTYPES_H=1 -DHAVE_STDINT_H=1 -DHAVE_UNISTD_H=1 -DL_ENDIAN=1 -DHAVE_SYS_SELECT_H=1 -DHAVE_SYS_FILIO_H=1 -DHAVE_LOCALE_H=1 -DHAVE_LANGINFO_H=1 -Dssldir=\"/usr\" -DEGD_SOCKET=\"/var/run/egd-pool\" -DWITH_RDPSND=1 -DRDPSND_OSS=1 -DRDPSND_SUN=1 -DHAVE_DIRENT_H=1 -DHAVE_DIRFD=1 -DHAVE_DECL_DIRFD=1 -DHAVE_ICONV_H=1 -DHAVE_ICONV=1 -DICONV_CONST= -DHAVE_SYS_VFS_H=1 -DHAVE_SYS_STATVFS_H=1 -DHAVE_SYS_STATFS_H=1 -DHAVE_SYS_PARAM_H=1 -DHAVE_SYS_MOUNT_H=1 -DSTAT_STATVFS64=1 -DHAVE_STRUCT_STATVFS_F_NAMEMAX=1 -DIPv6=1 -DKEYMAP_PATH=\"/usr/share/rdesktop/keymaps/\" -o disk.o -c disk.c
/usr/gcc/7/bin/gcc -m64 -O3 -Wall -I/usr/include   -DPACKAGE_NAME=\"rdesktop\" -DPACKAGE_TARNAME=\"rdesktop\" -DPACKAGE_VERSION=\"1.6.0\" -DPACKAGE_STRING=\"rdesktop\ 1.6.0\" -DPACKAGE_BUGREPORT=\"\" -DPACKAGE_URL=\"\" -DSTDC_HEADERS=1 -DHAVE_SYS_TYPES_H=1 -DHAVE_SYS_STAT_H=1 -DHAVE_STDLIB_H=1 -DHAVE_STRING_H=1 -DHAVE_MEMORY_H=1 -DHAVE_STRINGS_H=1 -DHAVE_INTTYPES_H=1 -DHAVE_STDINT_H=1 -DHAVE_UNISTD_H=1 -DL_ENDIAN=1 -DHAVE_SYS_SELECT_H=1 -DHAVE_SYS_FILIO_H=1 -DHAVE_LOCALE_H=1 -DHAVE_LANGINFO_H=1 -Dssldir=\"/usr\" -DEGD_SOCKET=\"/var/run/egd-pool\" -DWITH_RDPSND=1 -DRDPSND_OSS=1 -DRDPSND_SUN=1 -DHAVE_DIRENT_H=1 -DHAVE_DIRFD=1 -DHAVE_DECL_DIRFD=1 -DHAVE_ICONV_H=1 -DHAVE_ICONV=1 -DICONV_CONST= -DHAVE_SYS_VFS_H=1 -DHAVE_SYS_STATVFS_H=1 -DHAVE_SYS_STATFS_H=1 -DHAVE_SYS_PARAM_H=1 -DHAVE_SYS_MOUNT_H=1 -DSTAT_STATVFS64=1 -DHAVE_STRUCT_STATVFS_F_NAMEMAX=1 -DIPv6=1 -DKEYMAP_PATH=\"/usr/share/rdesktop/keymaps/\" -o parallel.o -c parallel.c
/usr/gcc/7/bin/gcc -m64 -O3 -Wall -I/usr/include   -DPACKAGE_NAME=\"rdesktop\" -DPACKAGE_TARNAME=\"rdesktop\" -DPACKAGE_VERSION=\"1.6.0\" -DPACKAGE_STRING=\"rdesktop\ 1.6.0\" -DPACKAGE_BUGREPORT=\"\" -DPACKAGE_URL=\"\" -DSTDC_HEADERS=1 -DHAVE_SYS_TYPES_H=1 -DHAVE_SYS_STAT_H=1 -DHAVE_STDLIB_H=1 -DHAVE_STRING_H=1 -DHAVE_MEMORY_H=1 -DHAVE_STRINGS_H=1 -DHAVE_INTTYPES_H=1 -DHAVE_STDINT_H=1 -DHAVE_UNISTD_H=1 -DL_ENDIAN=1 -DHAVE_SYS_SELECT_H=1 -DHAVE_SYS_FILIO_H=1 -DHAVE_LOCALE_H=1 -DHAVE_LANGINFO_H=1 -Dssldir=\"/usr\" -DEGD_SOCKET=\"/var/run/egd-pool\" -DWITH_RDPSND=1 -DRDPSND_OSS=1 -DRDPSND_SUN=1 -DHAVE_DIRENT_H=1 -DHAVE_DIRFD=1 -DHAVE_DECL_DIRFD=1 -DHAVE_ICONV_H=1 -DHAVE_ICONV=1 -DICONV_CONST= -DHAVE_SYS_VFS_H=1 -DHAVE_SYS_STATVFS_H=1 -DHAVE_SYS_STATFS_H=1 -DHAVE_SYS_PARAM_H=1 -DHAVE_SYS_MOUNT_H=1 -DSTAT_STATVFS64=1 -DHAVE_STRUCT_STATVFS_F_NAMEMAX=1 -DIPv6=1 -DKEYMAP_PATH=\"/usr/share/rdesktop/keymaps/\" -o printercache.o -c printercache.c
/usr/gcc/7/bin/gcc -m64 -O3 -Wall -I/usr/include   -DPACKAGE_NAME=\"rdesktop\" -DPACKAGE_TARNAME=\"rdesktop\" -DPACKAGE_VERSION=\"1.6.0\" -DPACKAGE_STRING=\"rdesktop\ 1.6.0\" -DPACKAGE_BUGREPORT=\"\" -DPACKAGE_URL=\"\" -DSTDC_HEADERS=1 -DHAVE_SYS_TYPES_H=1 -DHAVE_SYS_STAT_H=1 -DHAVE_STDLIB_H=1 -DHAVE_STRING_H=1 -DHAVE_MEMORY_H=1 -DHAVE_STRINGS_H=1 -DHAVE_INTTYPES_H=1 -DHAVE_STDINT_H=1 -DHAVE_UNISTD_H=1 -DL_ENDIAN=1 -DHAVE_SYS_SELECT_H=1 -DHAVE_SYS_FILIO_H=1 -DHAVE_LOCALE_H=1 -DHAVE_LANGINFO_H=1 -Dssldir=\"/usr\" -DEGD_SOCKET=\"/var/run/egd-pool\" -DWITH_RDPSND=1 -DRDPSND_OSS=1 -DRDPSND_SUN=1 -DHAVE_DIRENT_H=1 -DHAVE_DIRFD=1 -DHAVE_DECL_DIRFD=1 -DHAVE_ICONV_H=1 -DHAVE_ICONV=1 -DICONV_CONST= -DHAVE_SYS_VFS_H=1 -DHAVE_SYS_STATVFS_H=1 -DHAVE_SYS_STATFS_H=1 -DHAVE_SYS_PARAM_H=1 -DHAVE_SYS_MOUNT_H=1 -DSTAT_STATVFS64=1 -DHAVE_STRUCT_STATVFS_F_NAMEMAX=1 -DIPv6=1 -DKEYMAP_PATH=\"/usr/share/rdesktop/keymaps/\" -o mppc.o -c mppc.c
/usr/gcc/7/bin/gcc -m64 -O3 -Wall -I/usr/include   -DPACKAGE_NAME=\"rdesktop\" -DPACKAGE_TARNAME=\"rdesktop\" -DPACKAGE_VERSION=\"1.6.0\" -DPACKAGE_STRING=\"rdesktop\ 1.6.0\" -DPACKAGE_BUGREPORT=\"\" -DPACKAGE_URL=\"\" -DSTDC_HEADERS=1 -DHAVE_SYS_TYPES_H=1 -DHAVE_SYS_STAT_H=1 -DHAVE_STDLIB_H=1 -DHAVE_STRING_H=1 -DHAVE_MEMORY_H=1 -DHAVE_STRINGS_H=1 -DHAVE_INTTYPES_H=1 -DHAVE_STDINT_H=1 -DHAVE_UNISTD_H=1 -DL_ENDIAN=1 -DHAVE_SYS_SELECT_H=1 -DHAVE_SYS_FILIO_H=1 -DHAVE_LOCALE_H=1 -DHAVE_LANGINFO_H=1 -Dssldir=\"/usr\" -DEGD_SOCKET=\"/var/run/egd-pool\" -DWITH_RDPSND=1 -DRDPSND_OSS=1 -DRDPSND_SUN=1 -DHAVE_DIRENT_H=1 -DHAVE_DIRFD=1 -DHAVE_DECL_DIRFD=1 -DHAVE_ICONV_H=1 -DHAVE_ICONV=1 -DICONV_CONST= -DHAVE_SYS_VFS_H=1 -DHAVE_SYS_STATVFS_H=1 -DHAVE_SYS_STATFS_H=1 -DHAVE_SYS_PARAM_H=1 -DHAVE_SYS_MOUNT_H=1 -DSTAT_STATVFS64=1 -DHAVE_STRUCT_STATVFS_F_NAMEMAX=1 -DIPv6=1 -DKEYMAP_PATH=\"/usr/share/rdesktop/keymaps/\" -o pstcache.o -c pstcache.c
/usr/gcc/7/bin/gcc -m64 -O3 -Wall -I/usr/include   -DPACKAGE_NAME=\"rdesktop\" -DPACKAGE_TARNAME=\"rdesktop\" -DPACKAGE_VERSION=\"1.6.0\" -DPACKAGE_STRING=\"rdesktop\ 1.6.0\" -DPACKAGE_BUGREPORT=\"\" -DPACKAGE_URL=\"\" -DSTDC_HEADERS=1 -DHAVE_SYS_TYPES_H=1 -DHAVE_SYS_STAT_H=1 -DHAVE_STDLIB_H=1 -DHAVE_STRING_H=1 -DHAVE_MEMORY_H=1 -DHAVE_STRINGS_H=1 -DHAVE_INTTYPES_H=1 -DHAVE_STDINT_H=1 -DHAVE_UNISTD_H=1 -DL_ENDIAN=1 -DHAVE_SYS_SELECT_H=1 -DHAVE_SYS_FILIO_H=1 -DHAVE_LOCALE_H=1 -DHAVE_LANGINFO_H=1 -Dssldir=\"/usr\" -DEGD_SOCKET=\"/var/run/egd-pool\" -DWITH_RDPSND=1 -DRDPSND_OSS=1 -DRDPSND_SUN=1 -DHAVE_DIRENT_H=1 -DHAVE_DIRFD=1 -DHAVE_DECL_DIRFD=1 -DHAVE_ICONV_H=1 -DHAVE_ICONV=1 -DICONV_CONST= -DHAVE_SYS_VFS_H=1 -DHAVE_SYS_STATVFS_H=1 -DHAVE_SYS_STATFS_H=1 -DHAVE_SYS_PARAM_H=1 -DHAVE_SYS_MOUNT_H=1 -DSTAT_STATVFS64=1 -DHAVE_STRUCT_STATVFS_F_NAMEMAX=1 -DIPv6=1 -DKEYMAP_PATH=\"/usr/share/rdesktop/keymaps/\" -o lspci.o -c lspci.c
/usr/gcc/7/bin/gcc -m64 -O3 -Wall -I/usr/include   -DPACKAGE_NAME=\"rdesktop\" -DPACKAGE_TARNAME=\"rdesktop\" -DPACKAGE_VERSION=\"1.6.0\" -DPACKAGE_STRING=\"rdesktop\ 1.6.0\" -DPACKAGE_BUGREPORT=\"\" -DPACKAGE_URL=\"\" -DSTDC_HEADERS=1 -DHAVE_SYS_TYPES_H=1 -DHAVE_SYS_STAT_H=1 -DHAVE_STDLIB_H=1 -DHAVE_STRING_H=1 -DHAVE_MEMORY_H=1 -DHAVE_STRINGS_H=1 -DHAVE_INTTYPES_H=1 -DHAVE_STDINT_H=1 -DHAVE_UNISTD_H=1 -DL_ENDIAN=1 -DHAVE_SYS_SELECT_H=1 -DHAVE_SYS_FILIO_H=1 -DHAVE_LOCALE_H=1 -DHAVE_LANGINFO_H=1 -Dssldir=\"/usr\" -DEGD_SOCKET=\"/var/run/egd-pool\" -DWITH_RDPSND=1 -DRDPSND_OSS=1 -DRDPSND_SUN=1 -DHAVE_DIRENT_H=1 -DHAVE_DIRFD=1 -DHAVE_DECL_DIRFD=1 -DHAVE_ICONV_H=1 -DHAVE_ICONV=1 -DICONV_CONST= -DHAVE_SYS_VFS_H=1 -DHAVE_SYS_STATVFS_H=1 -DHAVE_SYS_STATFS_H=1 -DHAVE_SYS_PARAM_H=1 -DHAVE_SYS_MOUNT_H=1 -DSTAT_STATVFS64=1 -DHAVE_STRUCT_STATVFS_F_NAMEMAX=1 -DIPv6=1 -DKEYMAP_PATH=\"/usr/share/rdesktop/keymaps/\" -o seamless.o -c seamless.c
seamless.c: In function 'seamless_process_line':
seamless.c:65:15: warning: variable 'tok2' set but not used [-Wunused-but-set-variable]
  char *tok1, *tok2, *tok3, *tok4, *tok5, *tok6, *tok7, *tok8;
               ^~~~
/usr/gcc/7/bin/gcc -m64 -O3 -Wall -I/usr/include   -DPACKAGE_NAME=\"rdesktop\" -DPACKAGE_TARNAME=\"rdesktop\" -DPACKAGE_VERSION=\"1.6.0\" -DPACKAGE_STRING=\"rdesktop\ 1.6.0\" -DPACKAGE_BUGREPORT=\"\" -DPACKAGE_URL=\"\" -DSTDC_HEADERS=1 -DHAVE_SYS_TYPES_H=1 -DHAVE_SYS_STAT_H=1 -DHAVE_STDLIB_H=1 -DHAVE_STRING_H=1 -DHAVE_MEMORY_H=1 -DHAVE_STRINGS_H=1 -DHAVE_INTTYPES_H=1 -DHAVE_STDINT_H=1 -DHAVE_UNISTD_H=1 -DL_ENDIAN=1 -DHAVE_SYS_SELECT_H=1 -DHAVE_SYS_FILIO_H=1 -DHAVE_LOCALE_H=1 -DHAVE_LANGINFO_H=1 -Dssldir=\"/usr\" -DEGD_SOCKET=\"/var/run/egd-pool\" -DWITH_RDPSND=1 -DRDPSND_OSS=1 -DRDPSND_SUN=1 -DHAVE_DIRENT_H=1 -DHAVE_DIRFD=1 -DHAVE_DECL_DIRFD=1 -DHAVE_ICONV_H=1 -DHAVE_ICONV=1 -DICONV_CONST= -DHAVE_SYS_VFS_H=1 -DHAVE_SYS_STATVFS_H=1 -DHAVE_SYS_STATFS_H=1 -DHAVE_SYS_PARAM_H=1 -DHAVE_SYS_MOUNT_H=1 -DSTAT_STATVFS64=1 -DHAVE_STRUCT_STATVFS_F_NAMEMAX=1 -DIPv6=1 -DKEYMAP_PATH=\"/usr/share/rdesktop/keymaps/\" -o ssl.o -c ssl.c
ssl.c: In function 'ssl_md5_init':
ssl.c:46:2: warning: 'MD5_Init' is deprecated [-Wdeprecated-declarations]
  MD5_Init(md5);
  ^~~~~~~~
In file included from ssl.h:26:0,
                 from ssl.c:23:
/usr/include/openssl/md5.h:124:16: note: declared here
 DEPRECATED int MD5_Init(MD5_CTX *c);
                ^~~~~~~~
ssl.c: In function 'ssl_md5_update':
ssl.c:52:2: warning: 'MD5_Update' is deprecated [-Wdeprecated-declarations]
  MD5_Update(md5, data, len);
  ^~~~~~~~~~
In file included from ssl.h:26:0,
                 from ssl.c:23:
/usr/include/openssl/md5.h:125:16: note: declared here
 DEPRECATED int MD5_Update(MD5_CTX *c, const void *data, size_t len);
                ^~~~~~~~~~
ssl.c: In function 'ssl_md5_final':
ssl.c:58:2: warning: 'MD5_Final' is deprecated [-Wdeprecated-declarations]
  MD5_Final(out_data, md5);
  ^~~~~~~~~
In file included from ssl.h:26:0,
                 from ssl.c:23:
/usr/include/openssl/md5.h:126:16: note: declared here
 DEPRECATED int MD5_Final(unsigned char *md, MD5_CTX *c);
                ^~~~~~~~~
ssl.c: In function 'ssl_rc4_set_key':
ssl.c:64:2: warning: 'RC4_set_key' is deprecated [-Wdeprecated-declarations]
  RC4_set_key(rc4, len, key);
  ^~~~~~~~~~~
In file included from ssl.h:25:0,
                 from ssl.c:23:
/usr/include/openssl/rc4.h:92:17: note: declared here
 DEPRECATED void RC4_set_key(RC4_KEY *key, int len, const unsigned char *data);
                 ^~~~~~~~~~~
ssl.c: In function 'ssl_rc4_crypt':
ssl.c:70:2: warning: 'RC4' is deprecated [-Wdeprecated-declarations]
  RC4(rc4, len, in_data, out_data);
  ^~~
In file included from ssl.h:25:0,
                 from ssl.c:23:
/usr/include/openssl/rc4.h:94:17: note: declared here
 DEPRECATED void RC4(RC4_KEY *key, size_t len, const unsigned char *indata,
                 ^~~
/usr/gcc/7/bin/gcc -m64 -O3 -Wall -I/usr/include   -DPACKAGE_NAME=\"rdesktop\" -DPACKAGE_TARNAME=\"rdesktop\" -DPACKAGE_VERSION=\"1.6.0\" -DPACKAGE_STRING=\"rdesktop\ 1.6.0\" -DPACKAGE_BUGREPORT=\"\" -DPACKAGE_URL=\"\" -DSTDC_HEADERS=1 -DHAVE_SYS_TYPES_H=1 -DHAVE_SYS_STAT_H=1 -DHAVE_STDLIB_H=1 -DHAVE_STRING_H=1 -DHAVE_MEMORY_H=1 -DHAVE_STRINGS_H=1 -DHAVE_INTTYPES_H=1 -DHAVE_STDINT_H=1 -DHAVE_UNISTD_H=1 -DL_ENDIAN=1 -DHAVE_SYS_SELECT_H=1 -DHAVE_SYS_FILIO_H=1 -DHAVE_LOCALE_H=1 -DHAVE_LANGINFO_H=1 -Dssldir=\"/usr\" -DEGD_SOCKET=\"/var/run/egd-pool\" -DWITH_RDPSND=1 -DRDPSND_OSS=1 -DRDPSND_SUN=1 -DHAVE_DIRENT_H=1 -DHAVE_DIRFD=1 -DHAVE_DECL_DIRFD=1 -DHAVE_ICONV_H=1 -DHAVE_ICONV=1 -DICONV_CONST= -DHAVE_SYS_VFS_H=1 -DHAVE_SYS_STATVFS_H=1 -DHAVE_SYS_STATFS_H=1 -DHAVE_SYS_PARAM_H=1 -DHAVE_SYS_MOUNT_H=1 -DSTAT_STATVFS64=1 -DHAVE_STRUCT_STATVFS_F_NAMEMAX=1 -DIPv6=1 -DKEYMAP_PATH=\"/usr/share/rdesktop/keymaps/\" -o rdesktop rdesktop.o xwin.o xkeymap.o ewmhints.o xclip.o cliprdr.o rdpsnd.o rdpsnd_dsp.o rdpsnd_oss.o rdpsnd_sun.o tcp.o iso.o mcs.o secure.o licence.o rdp.o orders.o bitmap.o cache.o rdp5.o channels.o rdpdr.o serial.o printer.o disk.o parallel.o printercache.o mppc.o pstcache.o lspci.o seamless.o ssl.o  -lcrypto  -lX11
make[1]: Leaving directory '/ws/userland/src/components/desktop/rdesktop/build/amd64'
/usr/bin/touch /ws/userland/src/components/desktop/rdesktop/build/amd64/.built
(cd /ws/userland/src/components/desktop/rdesktop/build/amd64 ; /usr/bin/env LD_OPTIONS="-M /usr/lib/ld/map.noexdata -M /usr/lib/ld/map.pagealign -Bdirect -zignore -zstrip-class=comment" LD_EXEC_OPTIONS=" -zsx=aslr=enable -zsx=nxstack=enable -zsx=nxheap=enable " LD_PIE_OPTIONS="-zsx=aslr=enable -zsx=nxstack=enable -zsx=nxheap=enable "  /usr/gnu/bin/make \
		 DESTDIR=/ws/userland/src/components/desktop/rdesktop/build/prototype/i386 install)
make[1]: Entering directory '/ws/userland/src/components/desktop/rdesktop/build/amd64'
mkdir -p /ws/userland/src/components/desktop/rdesktop/build/prototype/i386/usr/bin
/usr/bin/ginstall -c rdesktop /ws/userland/src/components/desktop/rdesktop/build/prototype/i386/usr/bin
strip /ws/userland/src/components/desktop/rdesktop/build/prototype/i386/usr/bin/rdesktop
chmod 755 /ws/userland/src/components/desktop/rdesktop/build/prototype/i386/usr/bin/rdesktop
mkdir -p /ws/userland/src/components/desktop/rdesktop/build/prototype/i386/usr/share/rdesktop/keymaps/
cp keymaps/?? keymaps/??-?? /ws/userland/src/components/desktop/rdesktop/build/prototype/i386/usr/share/rdesktop/keymaps/
cp keymaps/common /ws/userland/src/components/desktop/rdesktop/build/prototype/i386/usr/share/rdesktop/keymaps/
cp keymaps/modifiers /ws/userland/src/components/desktop/rdesktop/build/prototype/i386/usr/share/rdesktop/keymaps/
chmod 644 /ws/userland/src/components/desktop/rdesktop/build/prototype/i386/usr/share/rdesktop/keymaps//*
mkdir -p /ws/userland/src/components/desktop/rdesktop/build/prototype/i386/usr/share/man/man1
cp doc/rdesktop.1 /ws/userland/src/components/desktop/rdesktop/build/prototype/i386/usr/share/man/man1
chmod 644 /ws/userland/src/components/desktop/rdesktop/build/prototype/i386/usr/share/man/man1/rdesktop.1
make[1]: Leaving directory '/ws/userland/src/components/desktop/rdesktop/build/amd64'
/usr/bin/touch /ws/userland/src/components/desktop/rdesktop/build/amd64/.installed
abort: there is no Mercurial repository here (.hg not found)
/usr/bin/pkgfmt -c -fv2 rdesktop.p5m
/usr/bin/pkgmogrify -D PERL_ARCH=i86pc-solaris-thread-multi-64 -D PERL_VERSION=5.22 -D IPS_COMPONENT_RE_VERSION=1\\.6\\.0 -D COMPONENT_RE_VERSION=1\\.6\\.0 -D PYTHON_2.7_ONLY=# -D PYTHON_3.4_ONLY=# -D PYTHON_3.5_ONLY=# -D SQ=\' -D DQ=\" -D Q=\" -I/ws/userland/src/components/desktop/rdesktop -D SOLARIS_11_3_ONLY="#" -D SOLARIS_11_5_ONLY="#" -D SOLARIS_11_3_4_ONLY="" -D SOLARIS_11_4_5_ONLY="" -D SOLARIS_11_4_ONLY="" -D ARC_CASE="" -D TPNO="26597" -D BUILD_VERSION="5.11-11.4.0.0.1.14.0" -D OS_RELEASE="5.11" -D SOLARIS_VERSION="2.11" -D PKG_SOLARIS_VERSION="11.4" -D CONSOLIDATION="userland" -D CONSOLIDATION_CHANGESET="" -D CONSOLIDATION_REPOSITORY_URL="https://github.com/oracle/solaris-userland.git" -D COMPONENT_VERSION="1.6.0" -D IPS_COMPONENT_VERSION="1.6.0" -D HUMAN_VERSION="" -D COMPONENT_ARCHIVE_URL="https://github.com/rdesktop/rdesktop/archive/v1.6.0.tar.gz" -D COMPONENT_PROJECT_URL="http://www.rdesktop.org/" -D COMPONENT_NAME="rdesktop" -D HG_REPO="" -D HG_REV="" -D HG_URL="" -D GIT_COMMIT_ID="" -D GIT_REPO="" -D GIT_TAG="" -D MACH="i386" -D MACH32="i86" -D MACH64="amd64" -D PUBLISHER="nightly" -D PUBLISHER_LOCALIZABLE="userland-localizable" rdesktop.p5m \
	/ws/userland/src/transforms/license-changes /ws/userland/src/transforms/variant-cleanup /ws/userland/src/transforms/autopyc /ws/userland/src/transforms/defaults /ws/userland/src/transforms/actuators /ws/userland/src/transforms/depends /ws/userland/src/transforms/devel /ws/userland/src/transforms/docs /ws/userland/src/transforms/locale /ws/userland/src/transforms/standard-python-libraries /ws/userland/src/transforms/python-rename /ws/userland/src/transforms/python-3-groups /ws/userland/src/transforms/python-3-soabi /ws/userland/src/transforms/python-3-no-32bit /ws/userland/src/transforms/ruby-tests /ws/userland/src/transforms/puppet /ws/userland/src/transforms/libtool-drop /ws/userland/src/transforms/incorporate /ws/userland/src/transforms/publish-cleanup | \
	sed -e '/^$/d' -e '/^#.*$/d' | uniq >/ws/userland/src/components/desktop/rdesktop/build/manifest-i386-rdesktop.mogrified
/bin/mkdir -p /ws/userland/src/components/desktop/rdesktop/build/prototype/i386/mangled
/ws/userland/src/tools/userland-mangler -D /ws/userland/src/components/desktop/rdesktop/build/prototype/i386/mangled -d /ws/userland/src/components/desktop/rdesktop/build/prototype/i386/mangled -d /ws/userland/src/components/desktop/rdesktop/build/prototype/i386 -d /ws/userland/src/components/desktop/rdesktop/build -d /ws/userland/src/components/desktop/rdesktop -d rdesktop-1.6.0 -d /ws/userland/src/licenses -m /ws/userland/src/components/desktop/rdesktop/build/manifest-i386-rdesktop.mogrified >/ws/userland/src/components/desktop/rdesktop/build/manifest-i386-rdesktop.mangled
/usr/bin/env  /usr/bin/pkgdepend generate \
    -m -d /ws/userland/src/components/desktop/rdesktop/build/prototype/i386/mangled -d /ws/userland/src/components/desktop/rdesktop/build/prototype/i386 -d /ws/userland/src/components/desktop/rdesktop/build -d /ws/userland/src/components/desktop/rdesktop -d rdesktop-1.6.0 -d /ws/userland/src/licenses /ws/userland/src/components/desktop/rdesktop/build/manifest-i386-rdesktop.mangled >/ws/userland/src/components/desktop/rdesktop/build/manifest-i386-rdesktop.depend
/usr/bin/pkgdepend resolve -e /ws/userland/src/components/desktop/rdesktop/build/resolve.deps -m /ws/userland/src/components/desktop/rdesktop/build/manifest-i386-rdesktop.depend
/usr/bin/touch /ws/userland/src/components/desktop/rdesktop/build/.resolved-i386
VALIDATING MANIFEST CONTENT: /ws/userland/src/components/desktop/rdesktop/build/manifest-i386-rdesktop.depend.res
/usr/bin/env PYTHONPATH=/ws/userland/src/tools/python PROTO_PATH="/ws/userland/src/components/desktop/rdesktop/build/prototype/i386/mangled /ws/userland/src/components/desktop/rdesktop/build/prototype/i386 /ws/userland/src/components/desktop/rdesktop/build /ws/userland/src/components/desktop/rdesktop rdesktop-1.6.0 /ws/userland/src/licenses"\
	SOLARIS_VERSION=2.11\
	/bin/true -c /ws/userland/src/i386/pkglint-cache \
		-f /ws/userland/src/tools/pkglintrc /ws/userland/src/components/desktop/rdesktop/build/manifest-i386-rdesktop.depend.res
/usr/bin/touch /ws/userland/src/components/desktop/rdesktop/build/.linted-i386
/usr/bin/pkgsend -s file:/ws/userland/src/i386/repo publish --fmri-in-manifest --no-catalog -d /ws/userland/src/components/desktop/rdesktop/build/prototype/i386/mangled -d /ws/userland/src/components/desktop/rdesktop/build/prototype/i386 -d /ws/userland/src/components/desktop/rdesktop/build -d /ws/userland/src/components/desktop/rdesktop -d rdesktop-1.6.0 -d /ws/userland/src/licenses -T \*.py /ws/userland/src/components/desktop/rdesktop/build/manifest-i386-rdesktop.depend.res
pkg://nightly/desktop/remote-desktop/rdesktop@1.6.0,5.11-11.4.0.0.1.14.0:20190727T224541Z
PUBLISHED
/usr/bin/pkgfmt </ws/userland/src/components/desktop/rdesktop/build/manifest-i386-rdesktop.depend.res >/ws/userland/src/components/desktop/rdesktop/build/manifest-i386-rdesktop.published
/usr/bin/touch /ws/userland/src/components/desktop/rdesktop/build/.published-i386
gmake: Leaving directory '/ws/userland/src/components/desktop/rdesktop'

real       27.0
user       12.8
sys         2.9
