gmake: Entering directory '/ws/userland/src/components/desktop/intltool'
/bin/rm -f -r /ws/userland/src/components/desktop/intltool/intltool-0.51.0
/usr/bin/env RUBY_VERSION=2.1 /ws/userland/src/tools/userland-unpack  intltool-0.51.0.tar.gz
/usr/bin/touch /ws/userland/src/components/desktop/intltool/intltool-0.51.0/.unpacked
/usr/bin/patch -d /ws/userland/src/components/desktop/intltool/intltool-0.51.0 --strip=1 --backup --version-control=numbered < patches/01-perl-5.22.patch
patching file intltool-update.in
/usr/bin/touch /ws/userland/src/components/desktop/intltool/intltool-0.51.0/.patched-01-perl-5.22.patch
/usr/bin/touch /ws/userland/src/components/desktop/intltool/intltool-0.51.0/.patched
/usr/bin/touch /ws/userland/src/components/desktop/intltool/intltool-0.51.0/.prep
(/bin/rm -f -rf /ws/userland/src/components/desktop/intltool/build/i386 ; /bin/mkdir -p /ws/userland/src/components/desktop/intltool/build/i386)
(cd /ws/userland/src/components/desktop/intltool/build/i386 ; /usr/bin/env CONFIG_SHELL="/bin/bash" PKG_CONFIG_PATH="/usr/lib/pkgconfig" CC="/opt/solarisstudio12.4/bin/cc" CXX="/opt/solarisstudio12.4/bin/CC"  CC_FOR_BUILD="/opt/solarisstudio12.4/bin/cc -m32" CXX_FOR_BUILD="/opt/solarisstudio12.4/bin/CC -m32" CPPFLAGS="-m32" "ac_cv_func_realloc_0_nonnull=yes" "NM=/usr/gnu/bin/nm" INTLTOOL_PERL="/usr/perl5/5.22/bin/perl" CFLAGS="-m32 -xO4 -xchip=pentium -xregs=no%frameptr -mt" CXXFLAGS="-norunpath -m32 -xO4 -xchip=pentium -xregs=no%frameptr" LDFLAGS="" PERL="/usr/perl5/5.22/bin/perl" /bin/bash \
	/ws/userland/src/components/desktop/intltool/intltool-0.51.0/configure --prefix=/usr --mandir=/usr/share/man --bindir=/usr/bin --sbindir=/usr/sbin --libdir=/usr/lib   )
checking for a BSD-compatible install... /usr/bin/ginstall -c
checking whether build environment is sane... yes
checking for a thread-safe mkdir -p... /usr/bin/gmkdir -p
checking for gawk... gawk
checking whether make sets $(MAKE)... yes
checking whether make supports nested variables... yes
checking for perl... /usr/perl5/5.22/bin/perl
checking for perl >= 5.8.1... 5.22.1
checking for XML::Parser... ok
checking for bzr... no
checking that generated files are newer than configure... done
configure: creating ./config.status
config.status: creating Makefile
config.status: creating doc/Makefile
config.status: creating intltoolize
config.status: creating tests/Makefile
config.status: creating tests/cases/Makefile
config.status: creating tests/results/Makefile
config.status: creating tests/selftest.pl
/usr/bin/touch /ws/userland/src/components/desktop/intltool/build/i386/.configured
(cd /ws/userland/src/components/desktop/intltool/build/i386 ; /usr/bin/env LD_OPTIONS="-M /usr/lib/ld/map.noexdata -M /usr/lib/ld/map.pagealign -Bdirect -zignore -zstrip-class=comment" LD_EXEC_OPTIONS=" -zsx=aslr=disable -zsx=nxstack=disable -zsx=nxheap=disable " LD_PIE_OPTIONS="-zsx=aslr=disable -zsx=nxstack=disable -zsx=nxheap=disable "  PKG_CONFIG_PATH="/usr/lib/pkgconfig" "ac_cv_func_realloc_0_nonnull=yes" INTLTOOL_PERL="/usr/perl5/5.22/bin/perl" \
	/usr/gnu/bin/make  )
make[1]: Entering directory '/ws/userland/src/components/desktop/intltool/build/i386'
Making all in tests
make[2]: Entering directory '/ws/userland/src/components/desktop/intltool/build/i386/tests'
Making all in cases
make[3]: Entering directory '/ws/userland/src/components/desktop/intltool/build/i386/tests/cases'
make[3]: Nothing to be done for 'all'.
make[3]: Leaving directory '/ws/userland/src/components/desktop/intltool/build/i386/tests/cases'
Making all in results
make[3]: Entering directory '/ws/userland/src/components/desktop/intltool/build/i386/tests/results'
make[3]: Nothing to be done for 'all'.
make[3]: Leaving directory '/ws/userland/src/components/desktop/intltool/build/i386/tests/results'
make[3]: Entering directory '/ws/userland/src/components/desktop/intltool/build/i386/tests'
make[3]: Nothing to be done for 'all-am'.
make[3]: Leaving directory '/ws/userland/src/components/desktop/intltool/build/i386/tests'
make[2]: Leaving directory '/ws/userland/src/components/desktop/intltool/build/i386/tests'
Making all in doc
make[2]: Entering directory '/ws/userland/src/components/desktop/intltool/build/i386/doc'
make[2]: Nothing to be done for 'all'.
make[2]: Leaving directory '/ws/userland/src/components/desktop/intltool/build/i386/doc'
make[2]: Entering directory '/ws/userland/src/components/desktop/intltool/build/i386'
sed -e 's|[@]PACKAGE@|intltool|g' -e 's|[@]VERSION@|0.51.0|g' -e "s|[@]INTLTOOL_PERL@|/usr/perl5/5.22/bin/perl|g" -e "s|[@]INTLTOOL_LIBDIR@|/usr/lib|g" < /ws/userland/src/components/desktop/intltool/intltool-0.51.0/intltool-extract.in > intltool-extract
chmod +x intltool-extract
sed -e 's|[@]PACKAGE@|intltool|g' -e 's|[@]VERSION@|0.51.0|g' -e "s|[@]INTLTOOL_PERL@|/usr/perl5/5.22/bin/perl|g" -e "s|[@]INTLTOOL_LIBDIR@|/usr/lib|g" < /ws/userland/src/components/desktop/intltool/intltool-0.51.0/intltool-merge.in > intltool-merge
chmod +x intltool-merge
sed -e 's|[@]PACKAGE@|intltool|g' -e 's|[@]VERSION@|0.51.0|g' -e "s|[@]INTLTOOL_PERL@|/usr/perl5/5.22/bin/perl|g" -e "s|[@]INTLTOOL_LIBDIR@|/usr/lib|g" < /ws/userland/src/components/desktop/intltool/intltool-0.51.0/intltool-update.in > intltool-update
chmod +x intltool-update
sed -e 's|[@]PACKAGE@|intltool|g' -e 's|[@]VERSION@|0.51.0|g' -e "s|[@]INTLTOOL_PERL@|/usr/perl5/5.22/bin/perl|g" -e "s|[@]INTLTOOL_LIBDIR@|/usr/lib|g" < /ws/userland/src/components/desktop/intltool/intltool-0.51.0/intltool-prepare.in > intltool-prepare
chmod +x intltool-prepare
make[2]: Leaving directory '/ws/userland/src/components/desktop/intltool/build/i386'
make[1]: Leaving directory '/ws/userland/src/components/desktop/intltool/build/i386'
/usr/bin/touch /ws/userland/src/components/desktop/intltool/build/i386/.built
(cd /ws/userland/src/components/desktop/intltool/build/i386 ; /usr/bin/env LD_OPTIONS="-M /usr/lib/ld/map.noexdata -M /usr/lib/ld/map.pagealign -Bdirect -zignore -zstrip-class=comment" LD_EXEC_OPTIONS=" -zsx=aslr=disable -zsx=nxstack=disable -zsx=nxheap=disable " LD_PIE_OPTIONS="-zsx=aslr=disable -zsx=nxstack=disable -zsx=nxheap=disable "  /usr/gnu/bin/make \
		 DESTDIR=/ws/userland/src/components/desktop/intltool/build/prototype/i386 install)
make[1]: Entering directory '/ws/userland/src/components/desktop/intltool/build/i386'
Making install in tests
make[2]: Entering directory '/ws/userland/src/components/desktop/intltool/build/i386/tests'
Making install in cases
make[3]: Entering directory '/ws/userland/src/components/desktop/intltool/build/i386/tests/cases'
make[4]: Entering directory '/ws/userland/src/components/desktop/intltool/build/i386/tests/cases'
make[4]: Nothing to be done for 'install-exec-am'.
make[4]: Nothing to be done for 'install-data-am'.
make[4]: Leaving directory '/ws/userland/src/components/desktop/intltool/build/i386/tests/cases'
make[3]: Leaving directory '/ws/userland/src/components/desktop/intltool/build/i386/tests/cases'
Making install in results
make[3]: Entering directory '/ws/userland/src/components/desktop/intltool/build/i386/tests/results'
make[4]: Entering directory '/ws/userland/src/components/desktop/intltool/build/i386/tests/results'
make[4]: Nothing to be done for 'install-exec-am'.
make[4]: Nothing to be done for 'install-data-am'.
make[4]: Leaving directory '/ws/userland/src/components/desktop/intltool/build/i386/tests/results'
make[3]: Leaving directory '/ws/userland/src/components/desktop/intltool/build/i386/tests/results'
make[3]: Entering directory '/ws/userland/src/components/desktop/intltool/build/i386/tests'
make[4]: Entering directory '/ws/userland/src/components/desktop/intltool/build/i386/tests'
make[4]: Nothing to be done for 'install-exec-am'.
make[4]: Nothing to be done for 'install-data-am'.
make[4]: Leaving directory '/ws/userland/src/components/desktop/intltool/build/i386/tests'
make[3]: Leaving directory '/ws/userland/src/components/desktop/intltool/build/i386/tests'
make[2]: Leaving directory '/ws/userland/src/components/desktop/intltool/build/i386/tests'
Making install in doc
make[2]: Entering directory '/ws/userland/src/components/desktop/intltool/build/i386/doc'
make[3]: Entering directory '/ws/userland/src/components/desktop/intltool/build/i386/doc'
make[3]: Nothing to be done for 'install-exec-am'.
 /usr/bin/gmkdir -p '/ws/userland/src/components/desktop/intltool/build/prototype/i386/usr/share/man/man8'
 /usr/bin/ginstall -c -m 644 /ws/userland/src/components/desktop/intltool/intltool-0.51.0/doc/intltoolize.8 /ws/userland/src/components/desktop/intltool/intltool-0.51.0/doc/intltool-extract.8 /ws/userland/src/components/desktop/intltool/intltool-0.51.0/doc/intltool-merge.8 /ws/userland/src/components/desktop/intltool/intltool-0.51.0/doc/intltool-prepare.8 /ws/userland/src/components/desktop/intltool/intltool-0.51.0/doc/intltool-update.8 '/ws/userland/src/components/desktop/intltool/build/prototype/i386/usr/share/man/man8'
make[3]: Leaving directory '/ws/userland/src/components/desktop/intltool/build/i386/doc'
make[2]: Leaving directory '/ws/userland/src/components/desktop/intltool/build/i386/doc'
make[2]: Entering directory '/ws/userland/src/components/desktop/intltool/build/i386'
make[3]: Entering directory '/ws/userland/src/components/desktop/intltool/build/i386'
 /usr/bin/gmkdir -p '/ws/userland/src/components/desktop/intltool/build/prototype/i386/usr/bin'
 /usr/bin/ginstall -c intltool-extract intltool-merge intltool-update intltoolize intltool-prepare '/ws/userland/src/components/desktop/intltool/build/prototype/i386/usr/bin'
 /usr/bin/gmkdir -p '/ws/userland/src/components/desktop/intltool/build/prototype/i386/usr/share/aclocal'
 /usr/bin/ginstall -c -m 644 /ws/userland/src/components/desktop/intltool/intltool-0.51.0/intltool.m4 '/ws/userland/src/components/desktop/intltool/build/prototype/i386/usr/share/aclocal'
 /usr/bin/gmkdir -p '/ws/userland/src/components/desktop/intltool/build/prototype/i386/usr/share/intltool'
 /usr/bin/ginstall -c -m 644 /ws/userland/src/components/desktop/intltool/intltool-0.51.0/Makefile.in.in '/ws/userland/src/components/desktop/intltool/build/prototype/i386/usr/share/intltool'
make[3]: Leaving directory '/ws/userland/src/components/desktop/intltool/build/i386'
make[2]: Leaving directory '/ws/userland/src/components/desktop/intltool/build/i386'
make[1]: Leaving directory '/ws/userland/src/components/desktop/intltool/build/i386'
/usr/bin/touch /ws/userland/src/components/desktop/intltool/build/i386/.installed
abort: there is no Mercurial repository here (.hg not found)
/usr/bin/pkgfmt -c -fv2 intltool.p5m
/usr/bin/pkgmogrify -D PERL_ARCH=i86pc-solaris-thread-multi-64 -D PERL_VERSION=5.22 -D IPS_COMPONENT_RE_VERSION=0\\.51\\.0 -D COMPONENT_RE_VERSION=0\\.51\\.0 -D PYTHON_2.7_ONLY=# -D PYTHON_3.4_ONLY=# -D PYTHON_3.5_ONLY=# -D SQ=\' -D DQ=\" -D Q=\" -D PERLVER="5.22" -I/ws/userland/src/components/desktop/intltool -D SOLARIS_11_3_ONLY="#" -D SOLARIS_11_5_ONLY="#" -D SOLARIS_11_3_4_ONLY="" -D SOLARIS_11_4_5_ONLY="" -D SOLARIS_11_4_ONLY="" -D ARC_CASE="" -D TPNO="25211" -D BUILD_VERSION="5.11-11.4.0.0.1.14.0" -D OS_RELEASE="5.11" -D SOLARIS_VERSION="2.11" -D PKG_SOLARIS_VERSION="11.4" -D CONSOLIDATION="userland" -D CONSOLIDATION_CHANGESET="" -D CONSOLIDATION_REPOSITORY_URL="https://github.com/oracle/solaris-userland.git" -D COMPONENT_VERSION="0.51.0" -D IPS_COMPONENT_VERSION="0.51.0" -D HUMAN_VERSION="" -D COMPONENT_ARCHIVE_URL="https://launchpad.net/intltool/trunk/0.51.0/+download/intltool-0.51.0.tar.gz" -D COMPONENT_PROJECT_URL="http://freedesktop.org/wiki/Software/intltool/" -D COMPONENT_NAME="intltool" -D HG_REPO="" -D HG_REV="" -D HG_URL="" -D GIT_COMMIT_ID="" -D GIT_REPO="" -D GIT_TAG="" -D MACH="i386" -D MACH32="i86" -D MACH64="amd64" -D PUBLISHER="nightly" -D PUBLISHER_LOCALIZABLE="userland-localizable" intltool.p5m \
	/ws/userland/src/transforms/license-changes /ws/userland/src/transforms/variant-cleanup /ws/userland/src/transforms/autopyc /ws/userland/src/transforms/defaults /ws/userland/src/transforms/actuators /ws/userland/src/transforms/depends /ws/userland/src/transforms/devel /ws/userland/src/transforms/docs /ws/userland/src/transforms/locale /ws/userland/src/transforms/standard-python-libraries /ws/userland/src/transforms/python-rename /ws/userland/src/transforms/python-3-groups /ws/userland/src/transforms/python-3-soabi /ws/userland/src/transforms/python-3-no-32bit /ws/userland/src/transforms/ruby-tests /ws/userland/src/transforms/puppet /ws/userland/src/transforms/libtool-drop /ws/userland/src/transforms/incorporate /ws/userland/src/transforms/publish-cleanup | \
	sed -e '/^$/d' -e '/^#.*$/d' | uniq >/ws/userland/src/components/desktop/intltool/build/manifest-i386-intltool.mogrified
/bin/mkdir -p /ws/userland/src/components/desktop/intltool/build/prototype/i386/mangled
/ws/userland/src/tools/userland-mangler -D /ws/userland/src/components/desktop/intltool/build/prototype/i386/mangled -d /ws/userland/src/components/desktop/intltool/build/prototype/i386/mangled -d /ws/userland/src/components/desktop/intltool/build/prototype/i386 -d /ws/userland/src/components/desktop/intltool/build -d /ws/userland/src/components/desktop/intltool -d intltool-0.51.0 -d /ws/userland/src/licenses -m /ws/userland/src/components/desktop/intltool/build/manifest-i386-intltool.mogrified >/ws/userland/src/components/desktop/intltool/build/manifest-i386-intltool.mangled
/usr/bin/env  /usr/bin/pkgdepend generate \
    -m -d /ws/userland/src/components/desktop/intltool/build/prototype/i386/mangled -d /ws/userland/src/components/desktop/intltool/build/prototype/i386 -d /ws/userland/src/components/desktop/intltool/build -d /ws/userland/src/components/desktop/intltool -d intltool-0.51.0 -d /ws/userland/src/licenses /ws/userland/src/components/desktop/intltool/build/manifest-i386-intltool.mangled >/ws/userland/src/components/desktop/intltool/build/manifest-i386-intltool.depend
/usr/bin/pkgdepend resolve -e /ws/userland/src/components/desktop/intltool/build/resolve.deps -m /ws/userland/src/components/desktop/intltool/build/manifest-i386-intltool.depend
/usr/bin/touch /ws/userland/src/components/desktop/intltool/build/.resolved-i386
VALIDATING MANIFEST CONTENT: /ws/userland/src/components/desktop/intltool/build/manifest-i386-intltool.depend.res
/usr/bin/env PYTHONPATH=/ws/userland/src/tools/python PROTO_PATH="/ws/userland/src/components/desktop/intltool/build/prototype/i386/mangled /ws/userland/src/components/desktop/intltool/build/prototype/i386 /ws/userland/src/components/desktop/intltool/build /ws/userland/src/components/desktop/intltool intltool-0.51.0 /ws/userland/src/licenses"\
	SOLARIS_VERSION=2.11\
	/bin/true -c /ws/userland/src/i386/pkglint-cache \
		-f /ws/userland/src/tools/pkglintrc /ws/userland/src/components/desktop/intltool/build/manifest-i386-intltool.depend.res
/usr/bin/touch /ws/userland/src/components/desktop/intltool/build/.linted-i386
/usr/bin/pkgsend -s file:/ws/userland/src/i386/repo publish --fmri-in-manifest --no-catalog -d /ws/userland/src/components/desktop/intltool/build/prototype/i386/mangled -d /ws/userland/src/components/desktop/intltool/build/prototype/i386 -d /ws/userland/src/components/desktop/intltool/build -d /ws/userland/src/components/desktop/intltool -d intltool-0.51.0 -d /ws/userland/src/licenses -T \*.py /ws/userland/src/components/desktop/intltool/build/manifest-i386-intltool.depend.res
pkg://nightly/developer/intltool@0.51.0,5.11-11.4.0.0.1.14.0:20190727T211526Z
PUBLISHED
/usr/bin/pkgfmt </ws/userland/src/components/desktop/intltool/build/manifest-i386-intltool.depend.res >/ws/userland/src/components/desktop/intltool/build/manifest-i386-intltool.published
/usr/bin/touch /ws/userland/src/components/desktop/intltool/build/.published-i386
gmake: Leaving directory '/ws/userland/src/components/desktop/intltool'

real        7.1
user        2.7
sys         1.3
