gmake: Entering directory '/ws/userland/src/components/desktop/dotconf'
/bin/rm -f -r /ws/userland/src/components/desktop/dotconf/dotconf-1.3
/usr/bin/env RUBY_VERSION=2.1 /ws/userland/src/tools/userland-unpack  v1.3.tar.gz
/usr/bin/touch /ws/userland/src/components/desktop/dotconf/dotconf-1.3/.unpacked
(cd /ws/userland/src/components/desktop/dotconf/dotconf-1.3; autoreconf -fiv);
autoreconf: Entering directory `.'
autoreconf: configure.ac: not using Gettext
autoreconf: running: aclocal --force 
/usr/share/aclocal/aalib.m4:12: warning: underquoted definition of AM_PATH_AALIB
/usr/share/aclocal/aalib.m4:12:   run info Automake 'Extending aclocal'
/usr/share/aclocal/aalib.m4:12:   or see http://www.gnu.org/software/automake/manual/automake.html#Extending-aclocal
autoreconf: configure.ac: tracing
autoreconf: running: libtoolize --copy --force
libtoolize: putting auxiliary files in '.'.
libtoolize: copying file './ltmain.sh'
libtoolize: Consider adding 'AC_CONFIG_MACRO_DIRS([m4])' to configure.ac,
libtoolize: and rerunning libtoolize and aclocal.
libtoolize: Consider adding '-I m4' to ACLOCAL_AMFLAGS in Makefile.am.
/usr/share/aclocal/aalib.m4:12: warning: underquoted definition of AM_PATH_AALIB
/usr/share/aclocal/aalib.m4:12:   run info Automake 'Extending aclocal'
/usr/share/aclocal/aalib.m4:12:   or see http://www.gnu.org/software/automake/manual/automake.html#Extending-aclocal
autoreconf: running: /usr/bin/autoconf --force
autoreconf: running: /usr/bin/autoheader --force
autoreconf: running: automake --add-missing --copy --force-missing
configure.ac:8: installing './compile'
configure.ac:8: installing './config.guess'
configure.ac:8: installing './config.sub'
configure.ac:6: installing './install-sh'
configure.ac:6: installing './missing'
src/Makefile.am: installing './depcomp'
autoreconf: Leaving directory `.'
/usr/bin/touch /ws/userland/src/components/desktop/dotconf/dotconf-1.3/.prep
(/bin/rm -f -rf /ws/userland/src/components/desktop/dotconf/build/amd64 ; /bin/mkdir -p /ws/userland/src/components/desktop/dotconf/build/amd64)
(cd /ws/userland/src/components/desktop/dotconf/build/amd64 ; /usr/bin/env CONFIG_SHELL="/bin/bash" PKG_CONFIG_PATH="/usr/lib/amd64/pkgconfig" CC="/usr/gcc/7/bin/gcc" CXX="/usr/gcc/7/bin/g++" PATH="/usr/bin/amd64:/usr/bin:/usr/gnu/bin" CC_FOR_BUILD="/usr/gcc/7/bin/gcc -m64" CXX_FOR_BUILD="/usr/gcc/7/bin/g++ -m64" CPPFLAGS="-m64" "ac_cv_func_realloc_0_nonnull=yes" "NM=/usr/gnu/bin/nm" INTLTOOL_PERL="/usr/perl5/5.22/bin/perl" CFLAGS="-m64 -O3" CXXFLAGS="-m64 -O3" LDFLAGS="" PATH="/usr/gnu/bin:/usr/bin:/usr/gnu/bin" /bin/bash \
	/ws/userland/src/components/desktop/dotconf/dotconf-1.3/configure --prefix=/usr --mandir=/usr/share/man --bindir=/usr/bin --sbindir=/usr/sbin --libdir=/usr/lib/amd64    --disable-static)
checking for a BSD-compatible install... /usr/gnu/bin/install -c
checking whether build environment is sane... yes
checking for a thread-safe mkdir -p... /usr/gnu/bin/mkdir -p
checking for gawk... gawk
checking whether make sets $(MAKE)... yes
checking whether make supports nested variables... yes
checking build system type... x86_64-pc-solaris2.11
checking host system type... x86_64-pc-solaris2.11
checking how to print strings... print -r
checking for style of include used by make... GNU
checking for gcc... /usr/gcc/7/bin/gcc
checking whether the C compiler works... yes
checking for C compiler default output file name... a.out
checking for suffix of executables... 
checking whether we are cross compiling... no
checking for suffix of object files... o
checking whether we are using the GNU C compiler... yes
checking whether /usr/gcc/7/bin/gcc accepts -g... yes
checking for /usr/gcc/7/bin/gcc option to accept ISO C89... none needed
checking whether /usr/gcc/7/bin/gcc understands -c and -o together... yes
checking dependency style of /usr/gcc/7/bin/gcc... gcc3
checking for a sed that does not truncate output... /usr/gnu/bin/sed
checking for grep that handles long lines and -e... /usr/gnu/bin/grep
checking for egrep... /usr/gnu/bin/grep -E
checking for fgrep... /usr/gnu/bin/grep -F
checking for ld used by /usr/gcc/7/bin/gcc... /usr/bin/ld
checking if the linker (/usr/bin/ld) is GNU ld... no
checking for BSD- or MS-compatible name lister (nm)... /usr/gnu/bin/nm
checking the name lister (/usr/gnu/bin/nm) interface... BSD nm
checking whether ln -s works... yes
checking the maximum length of command line arguments... 1572480
checking how to convert x86_64-pc-solaris2.11 file names to x86_64-pc-solaris2.11 format... func_convert_file_noop
checking how to convert x86_64-pc-solaris2.11 file names to toolchain format... func_convert_file_noop
checking for /usr/bin/ld option to reload object files... -r
checking for objdump... objdump
checking how to recognize dependent libraries... pass_all
checking for dlltool... no
checking how to associate runtime and link libraries... print -r --
checking for ar... ar
checking for archiver @FILE support... @
checking for strip... strip
checking for ranlib... ranlib
checking command to parse /usr/gnu/bin/nm output from /usr/gcc/7/bin/gcc object... ok
checking for sysroot... no
checking for a working dd... /usr/gnu/bin/dd
checking how to truncate binary pipes... /usr/gnu/bin/dd bs=4096 count=1
checking for mt... mt
checking if mt is a manifest tool... no
checking how to run the C preprocessor... /usr/gcc/7/bin/gcc -E
checking for ANSI C header files... yes
checking for sys/types.h... yes
checking for sys/stat.h... yes
checking for stdlib.h... yes
checking for string.h... yes
checking for memory.h... yes
checking for strings.h... yes
checking for inttypes.h... yes
checking for stdint.h... yes
checking for unistd.h... yes
checking for dlfcn.h... yes
checking for objdir... .libs
checking if /usr/gcc/7/bin/gcc supports -fno-rtti -fno-exceptions... no
checking for /usr/gcc/7/bin/gcc option to produce PIC... -fPIC -DPIC
checking if /usr/gcc/7/bin/gcc PIC flag -fPIC -DPIC works... yes
checking if /usr/gcc/7/bin/gcc static flag -static works... no
checking if /usr/gcc/7/bin/gcc supports -c -o file.o... yes
checking if /usr/gcc/7/bin/gcc supports -c -o file.o... (cached) yes
checking whether the /usr/gcc/7/bin/gcc linker (/usr/bin/ld -64) supports shared libraries... yes
checking whether -lc should be explicitly linked in... no
checking dynamic linker characteristics... solaris2.11 ld.so
checking how to hardcode library paths into programs... immediate
checking for shl_load... no
checking for shl_load in -ldld... no
checking for dlopen... yes
checking whether a program can dlopen itself... yes
checking whether a statically linked program can dlopen itself... yes
checking whether stripping libraries is possible... no
checking if libtool supports shared libraries... yes
checking whether to build shared libraries... yes
checking whether to build static libraries... no
checking for gcc... (cached) /usr/gcc/7/bin/gcc
checking whether we are using the GNU C compiler... (cached) yes
checking whether /usr/gcc/7/bin/gcc accepts -g... (cached) yes
checking for /usr/gcc/7/bin/gcc option to accept ISO C89... (cached) none needed
checking whether /usr/gcc/7/bin/gcc understands -c and -o together... (cached) yes
checking dependency style of /usr/gcc/7/bin/gcc... (cached) gcc3
checking whether make sets $(MAKE)... (cached) yes
checking fcntl.h usability... yes
checking fcntl.h presence... yes
checking for fcntl.h... yes
checking malloc.h usability... yes
checking malloc.h presence... yes
checking for malloc.h... yes
checking for stdlib.h... (cached) yes
checking for string.h... (cached) yes
checking for strings.h... (cached) yes
checking syslog.h usability... yes
checking syslog.h presence... yes
checking for syslog.h... yes
checking for unistd.h... (cached) yes
checking for off_t... yes
checking for size_t... yes
checking for stdlib.h... (cached) yes
checking for GNU libc compatible malloc... yes
checking for stdlib.h... (cached) yes
checking for GNU libc compatible realloc... (cached) yes
checking for working strtod... yes
checking for memset... yes
checking for strcspn... yes
checking for strdup... yes
checking for strstr... yes
checking that generated files are newer than configure... done
configure: creating ./config.status
config.status: creating Makefile
config.status: creating dotconf.pc
config.status: creating doc/Makefile
config.status: creating examples/Makefile
config.status: creating src/Makefile
config.status: creating config.h
config.status: executing depfiles commands
config.status: executing libtool commands
/usr/bin/touch /ws/userland/src/components/desktop/dotconf/build/amd64/.configured
(cd /ws/userland/src/components/desktop/dotconf/build/amd64 ; /usr/bin/env LD_OPTIONS="-M /usr/lib/ld/map.noexdata -M /usr/lib/ld/map.pagealign -Bdirect -zignore -zstrip-class=comment" LD_EXEC_OPTIONS=" -zsx=aslr=enable -zsx=nxstack=enable -zsx=nxheap=enable " LD_PIE_OPTIONS="-zsx=aslr=enable -zsx=nxstack=enable -zsx=nxheap=enable "  PKG_CONFIG_PATH="/usr/lib/amd64/pkgconfig" "ac_cv_func_realloc_0_nonnull=yes" INTLTOOL_PERL="/usr/perl5/5.22/bin/perl" \
	/usr/gnu/bin/make  )
make[1]: Entering directory '/ws/userland/src/components/desktop/dotconf/build/amd64'
/usr/gnu/bin/make  all-recursive
make[2]: Entering directory '/ws/userland/src/components/desktop/dotconf/build/amd64'
Making all in doc
make[3]: Entering directory '/ws/userland/src/components/desktop/dotconf/build/amd64/doc'
make[3]: Nothing to be done for 'all'.
make[3]: Leaving directory '/ws/userland/src/components/desktop/dotconf/build/amd64/doc'
Making all in examples
make[3]: Entering directory '/ws/userland/src/components/desktop/dotconf/build/amd64/examples'
make[3]: Nothing to be done for 'all'.
make[3]: Leaving directory '/ws/userland/src/components/desktop/dotconf/build/amd64/examples'
Making all in src
make[3]: Entering directory '/ws/userland/src/components/desktop/dotconf/build/amd64/src'
/bin/bash ../libtool  --tag=CC   --mode=compile /usr/gcc/7/bin/gcc -DHAVE_CONFIG_H -I. -I/ws/userland/src/components/desktop/dotconf/dotconf-1.3/src -I..   -m64 -Wall -m64 -O3 -MT libdotconf_la-dotconf.lo -MD -MP -MF .deps/libdotconf_la-dotconf.Tpo -c -o libdotconf_la-dotconf.lo `test -f 'dotconf.c' || echo '/ws/userland/src/components/desktop/dotconf/dotconf-1.3/src/'`dotconf.c
libtool: compile:  /usr/gcc/7/bin/gcc -DHAVE_CONFIG_H -I. -I/ws/userland/src/components/desktop/dotconf/dotconf-1.3/src -I.. -m64 -Wall -m64 -O3 -MT libdotconf_la-dotconf.lo -MD -MP -MF .deps/libdotconf_la-dotconf.Tpo -c /ws/userland/src/components/desktop/dotconf/dotconf-1.3/src/dotconf.c  -fPIC -DPIC -o .libs/libdotconf_la-dotconf.o
/ws/userland/src/components/desktop/dotconf/dotconf-1.3/src/dotconf.c: In function 'dotconf_set_command':
/ws/userland/src/components/desktop/dotconf/dotconf-1.3/src/dotconf.c:499:35: warning: pointer targets in passing argument 1 of 'strlen' differ in signedness [-Wpointer-sign]
  signed char *eob = args + strlen(args);
                                   ^~~~
In file included from /usr/include/string.h:12:0,
                 from /ws/userland/src/components/desktop/dotconf/dotconf-1.3/src/dotconf.c:26:
/usr/include/iso/string_iso.h:92:15: note: expected 'const char *' but argument is of type 'signed char *'
 extern size_t strlen(const char *);
               ^~~~~~
/ws/userland/src/components/desktop/dotconf/dotconf-1.3/src/dotconf.c:512:26: warning: pointer targets in passing argument 1 of 'strdup' differ in signedness [-Wpointer-sign]
   cmd->data.str = strdup(args);
                          ^~~~
In file included from /ws/userland/src/components/desktop/dotconf/dotconf-1.3/src/dotconf.c:26:0:
/usr/include/string.h:146:14: note: expected 'const char *' but argument is of type 'signed char *'
 extern char *strdup(const char *);
              ^~~~~~
/ws/userland/src/components/desktop/dotconf/dotconf-1.3/src/dotconf.c:519:22: warning: pointer targets in passing argument 2 of 'strncmp' differ in signedness [-Wpointer-sign]
   if (!strncmp("<<", cp, 2)) {
                      ^~
In file included from /usr/include/string.h:12:0,
                 from /ws/userland/src/components/desktop/dotconf/dotconf-1.3/src/dotconf.c:26:
/usr/include/iso/string_iso.h:94:12: note: expected 'const char *' but argument is of type 'signed char *'
 extern int strncmp(const char *, const char *, size_t);
            ^~~~~~~
/ws/userland/src/components/desktop/dotconf/dotconf-1.3/src/dotconf.c:521:46: warning: pointer targets in passing argument 2 of 'dotconf_get_here_document' differ in signedness [-Wpointer-sign]
        dotconf_get_here_document(configfile, cp + 2);
                                              ^~
/ws/userland/src/components/desktop/dotconf/dotconf-1.3/src/dotconf.c:317:7: note: expected 'const char *' but argument is of type 'signed char *'
 char *dotconf_get_here_document(configfile_t * configfile, const char *delimit)
       ^~~~~~~~~~~~~~~~~~~~~~~~~
/ws/userland/src/components/desktop/dotconf/dotconf-1.3/src/dotconf.c:542:46: warning: pointer targets in passing argument 1 of 'strdup' differ in signedness [-Wpointer-sign]
    cmd->data.list[cmd->arg_count++] = strdup(args);
                                              ^~~~
In file included from /ws/userland/src/components/desktop/dotconf/dotconf-1.3/src/dotconf.c:26:0:
/usr/include/string.h:146:14: note: expected 'const char *' but argument is of type 'signed char *'
 extern char *strdup(const char *);
              ^~~~~~
/ws/userland/src/components/desktop/dotconf/dotconf-1.3/src/dotconf.c: In function 'dotconf_handle_command':
/ws/userland/src/components/desktop/dotconf/dotconf-1.3/src/dotconf.c:642:6: warning: pointer targets in assignment differ in signedness [-Wpointer-sign]
  cp1 = buffer;
      ^
/ws/userland/src/components/desktop/dotconf/dotconf-1.3/src/dotconf.c:643:21: warning: pointer targets in passing argument 1 of 'strlen' differ in signedness [-Wpointer-sign]
  eob = cp1 + strlen(cp1);
                     ^~~
In file included from /usr/include/string.h:12:0,
                 from /ws/userland/src/components/desktop/dotconf/dotconf-1.3/src/dotconf.c:26:
/usr/include/iso/string_iso.h:92:15: note: expected 'const char *' but argument is of type 'signed char *'
 extern size_t strlen(const char *);
               ^~~~~~
/ws/userland/src/components/desktop/dotconf/dotconf-1.3/src/dotconf.c:656:6: warning: pointer targets in assignment differ in signedness [-Wpointer-sign]
  cp2 = name;
      ^
mv -f .deps/libdotconf_la-dotconf.Tpo .deps/libdotconf_la-dotconf.Plo
/bin/bash ../libtool  --tag=CC   --mode=compile /usr/gcc/7/bin/gcc -DHAVE_CONFIG_H -I. -I/ws/userland/src/components/desktop/dotconf/dotconf-1.3/src -I..   -m64 -Wall -m64 -O3 -MT libdotconf_la-readdir.lo -MD -MP -MF .deps/libdotconf_la-readdir.Tpo -c -o libdotconf_la-readdir.lo `test -f 'readdir.c' || echo '/ws/userland/src/components/desktop/dotconf/dotconf-1.3/src/'`readdir.c
libtool: compile:  /usr/gcc/7/bin/gcc -DHAVE_CONFIG_H -I. -I/ws/userland/src/components/desktop/dotconf/dotconf-1.3/src -I.. -m64 -Wall -m64 -O3 -MT libdotconf_la-readdir.lo -MD -MP -MF .deps/libdotconf_la-readdir.Tpo -c /ws/userland/src/components/desktop/dotconf/dotconf-1.3/src/readdir.c  -fPIC -DPIC -o .libs/libdotconf_la-readdir.o
mv -f .deps/libdotconf_la-readdir.Tpo .deps/libdotconf_la-readdir.Plo
/bin/bash ../libtool  --tag=CC   --mode=link /usr/gcc/7/bin/gcc -Wall -m64 -O3 -version-info 0:1:0  -o libdotconf.la -rpath /usr/lib/amd64 libdotconf_la-dotconf.lo libdotconf_la-readdir.lo  
libtool: link: /usr/gcc/7/bin/gcc -shared  -fPIC -DPIC -Wl,-z -Wl,text -Wl,-h -Wl,libdotconf.so.0 -o .libs/libdotconf.so.0.0.1  .libs/libdotconf_la-dotconf.o .libs/libdotconf_la-readdir.o    -m64 -O3  
libtool: link: (cd ".libs" && rm -f "libdotconf.so.0" && ln -s "libdotconf.so.0.0.1" "libdotconf.so.0")
libtool: link: (cd ".libs" && rm -f "libdotconf.so" && ln -s "libdotconf.so.0.0.1" "libdotconf.so")
libtool: link: ( cd ".libs" && rm -f "libdotconf.la" && ln -s "../libdotconf.la" "libdotconf.la" )
make[3]: Leaving directory '/ws/userland/src/components/desktop/dotconf/build/amd64/src'
make[3]: Entering directory '/ws/userland/src/components/desktop/dotconf/build/amd64'
make[3]: Leaving directory '/ws/userland/src/components/desktop/dotconf/build/amd64'
make[2]: Leaving directory '/ws/userland/src/components/desktop/dotconf/build/amd64'
make[1]: Leaving directory '/ws/userland/src/components/desktop/dotconf/build/amd64'
/usr/bin/touch /ws/userland/src/components/desktop/dotconf/build/amd64/.built
(cd /ws/userland/src/components/desktop/dotconf/build/amd64 ; /usr/bin/env LD_OPTIONS="-M /usr/lib/ld/map.noexdata -M /usr/lib/ld/map.pagealign -Bdirect -zignore -zstrip-class=comment" LD_EXEC_OPTIONS=" -zsx=aslr=enable -zsx=nxstack=enable -zsx=nxheap=enable " LD_PIE_OPTIONS="-zsx=aslr=enable -zsx=nxstack=enable -zsx=nxheap=enable "  /usr/gnu/bin/make \
		 DESTDIR=/ws/userland/src/components/desktop/dotconf/build/prototype/i386 install)
make[1]: Entering directory '/ws/userland/src/components/desktop/dotconf/build/amd64'
Making install in doc
make[2]: Entering directory '/ws/userland/src/components/desktop/dotconf/build/amd64/doc'
make[3]: Entering directory '/ws/userland/src/components/desktop/dotconf/build/amd64/doc'
make[3]: Nothing to be done for 'install-exec-am'.
 /usr/gnu/bin/mkdir -p '/ws/userland/src/components/desktop/dotconf/build/prototype/i386/usr/share/doc/dotconf'
 /usr/gnu/bin/install -c -m 644 /ws/userland/src/components/desktop/dotconf/dotconf-1.3/doc/dotconf-features.txt /ws/userland/src/components/desktop/dotconf/dotconf-1.3/doc/dotconf-api.txt '/ws/userland/src/components/desktop/dotconf/build/prototype/i386/usr/share/doc/dotconf'
make[3]: Leaving directory '/ws/userland/src/components/desktop/dotconf/build/amd64/doc'
make[2]: Leaving directory '/ws/userland/src/components/desktop/dotconf/build/amd64/doc'
Making install in examples
make[2]: Entering directory '/ws/userland/src/components/desktop/dotconf/build/amd64/examples'
make[3]: Entering directory '/ws/userland/src/components/desktop/dotconf/build/amd64/examples'
make[3]: Nothing to be done for 'install-exec-am'.
 /usr/gnu/bin/mkdir -p '/ws/userland/src/components/desktop/dotconf/build/prototype/i386/usr/share/doc/dotconf/examples'
 /usr/gnu/bin/mkdir -p '/ws/userland/src/components/desktop/dotconf/build/prototype/i386/usr/share/doc/dotconf/examples/modules'
 /usr/gnu/bin/install -c -m 644  /ws/userland/src/components/desktop/dotconf/dotconf-1.3/examples/modules/Makefile /ws/userland/src/components/desktop/dotconf/dotconf-1.3/examples/modules/include.conf /ws/userland/src/components/desktop/dotconf/dotconf-1.3/examples/modules/module.c /ws/userland/src/components/desktop/dotconf/dotconf-1.3/examples/modules/my_module.c /ws/userland/src/components/desktop/dotconf/dotconf-1.3/examples/modules/output /ws/userland/src/components/desktop/dotconf/dotconf-1.3/examples/modules/sample.conf '/ws/userland/src/components/desktop/dotconf/build/prototype/i386/usr/share/doc/dotconf/examples/modules'
 /usr/gnu/bin/mkdir -p '/ws/userland/src/components/desktop/dotconf/build/prototype/i386/usr/share/doc/dotconf/examples/context'
 /usr/gnu/bin/install -c -m 644  /ws/userland/src/components/desktop/dotconf/dotconf-1.3/examples/context/Makefile /ws/userland/src/components/desktop/dotconf/dotconf-1.3/examples/context/context.c /ws/userland/src/components/desktop/dotconf/dotconf-1.3/examples/context/context.conf /ws/userland/src/components/desktop/dotconf/dotconf-1.3/examples/context/output '/ws/userland/src/components/desktop/dotconf/build/prototype/i386/usr/share/doc/dotconf/examples/context'
 /usr/gnu/bin/mkdir -p '/ws/userland/src/components/desktop/dotconf/build/prototype/i386/usr/share/doc/dotconf/examples/duplicates'
 /usr/gnu/bin/install -c -m 644  /ws/userland/src/components/desktop/dotconf/dotconf-1.3/examples/duplicates/Makefile /ws/userland/src/components/desktop/dotconf/dotconf-1.3/examples/duplicates/duplicate.c /ws/userland/src/components/desktop/dotconf/dotconf-1.3/examples/duplicates/first_module.c /ws/userland/src/components/desktop/dotconf/dotconf-1.3/examples/duplicates/output /ws/userland/src/components/desktop/dotconf/dotconf-1.3/examples/duplicates/sample.conf /ws/userland/src/components/desktop/dotconf/dotconf-1.3/examples/duplicates/second_module.c '/ws/userland/src/components/desktop/dotconf/build/prototype/i386/usr/share/doc/dotconf/examples/duplicates'
 /usr/gnu/bin/mkdir -p '/ws/userland/src/components/desktop/dotconf/build/prototype/i386/usr/share/doc/dotconf/examples/argdouble'
 /usr/gnu/bin/install -c -m 644  /ws/userland/src/components/desktop/dotconf/dotconf-1.3/examples/argdouble/Makefile /ws/userland/src/components/desktop/dotconf/dotconf-1.3/examples/argdouble/argdouble.c /ws/userland/src/components/desktop/dotconf/dotconf-1.3/examples/argdouble/argdouble.conf /ws/userland/src/components/desktop/dotconf/dotconf-1.3/examples/argdouble/output '/ws/userland/src/components/desktop/dotconf/build/prototype/i386/usr/share/doc/dotconf/examples/argdouble'
 /usr/gnu/bin/mkdir -p '/ws/userland/src/components/desktop/dotconf/build/prototype/i386/usr/share/doc/dotconf/examples/libpool'
 /usr/gnu/bin/install -c -m 644  /ws/userland/src/components/desktop/dotconf/dotconf-1.3/examples/libpool/libpool.h /ws/userland/src/components/desktop/dotconf/dotconf-1.3/examples/libpool/pool.c /ws/userland/src/components/desktop/dotconf/dotconf-1.3/examples/libpool/Makefile '/ws/userland/src/components/desktop/dotconf/build/prototype/i386/usr/share/doc/dotconf/examples/libpool'
 /usr/gnu/bin/mkdir -p '/ws/userland/src/components/desktop/dotconf/build/prototype/i386/usr/share/doc/dotconf/examples/caseinsensitive'
 /usr/gnu/bin/install -c -m 644  /ws/userland/src/components/desktop/dotconf/dotconf-1.3/examples/caseinsensitive/Makefile /ws/userland/src/components/desktop/dotconf/dotconf-1.3/examples/caseinsensitive/caseinsensitive.c /ws/userland/src/components/desktop/dotconf/dotconf-1.3/examples/caseinsensitive/caseinsensitive.conf /ws/userland/src/components/desktop/dotconf/dotconf-1.3/examples/caseinsensitive/output '/ws/userland/src/components/desktop/dotconf/build/prototype/i386/usr/share/doc/dotconf/examples/caseinsensitive'
 /usr/gnu/bin/mkdir -p '/ws/userland/src/components/desktop/dotconf/build/prototype/i386/usr/share/doc/dotconf/examples/simple'
 /usr/gnu/bin/install -c -m 644  /ws/userland/src/components/desktop/dotconf/dotconf-1.3/examples/simple/Makefile /ws/userland/src/components/desktop/dotconf/dotconf-1.3/examples/simple/included.conf /ws/userland/src/components/desktop/dotconf/dotconf-1.3/examples/simple/linecat.conf /ws/userland/src/components/desktop/dotconf/dotconf-1.3/examples/simple/output /ws/userland/src/components/desktop/dotconf/dotconf-1.3/examples/simple/simple.c /ws/userland/src/components/desktop/dotconf/dotconf-1.3/examples/simple/simple.conf '/ws/userland/src/components/desktop/dotconf/build/prototype/i386/usr/share/doc/dotconf/examples/simple'
 /usr/gnu/bin/mkdir -p '/ws/userland/src/components/desktop/dotconf/build/prototype/i386/usr/share/doc/dotconf/examples/fallback'
 /usr/gnu/bin/install -c -m 644  /ws/userland/src/components/desktop/dotconf/dotconf-1.3/examples/fallback/Makefile /ws/userland/src/components/desktop/dotconf/dotconf-1.3/examples/fallback/fallback.c /ws/userland/src/components/desktop/dotconf/dotconf-1.3/examples/fallback/fallback.conf /ws/userland/src/components/desktop/dotconf/dotconf-1.3/examples/fallback/output '/ws/userland/src/components/desktop/dotconf/build/prototype/i386/usr/share/doc/dotconf/examples/fallback'
 /usr/gnu/bin/mkdir -p '/ws/userland/src/components/desktop/dotconf/build/prototype/i386/usr/share/doc/dotconf/examples/errorhandler'
 /usr/gnu/bin/install -c -m 644  /ws/userland/src/components/desktop/dotconf/dotconf-1.3/examples/errorhandler/Makefile /ws/userland/src/components/desktop/dotconf/dotconf-1.3/examples/errorhandler/errorhandler.c /ws/userland/src/components/desktop/dotconf/dotconf-1.3/examples/errorhandler/errorhandler.conf /ws/userland/src/components/desktop/dotconf/dotconf-1.3/examples/errorhandler/output '/ws/userland/src/components/desktop/dotconf/build/prototype/i386/usr/share/doc/dotconf/examples/errorhandler'
 /usr/gnu/bin/install -c -m 644  /ws/userland/src/components/desktop/dotconf/dotconf-1.3/examples/README /ws/userland/src/components/desktop/dotconf/dotconf-1.3/examples/maketest.sh '/ws/userland/src/components/desktop/dotconf/build/prototype/i386/usr/share/doc/dotconf/examples/.'
 /usr/gnu/bin/mkdir -p '/ws/userland/src/components/desktop/dotconf/build/prototype/i386/usr/share/doc/dotconf/examples/noinline'
 /usr/gnu/bin/install -c -m 644  /ws/userland/src/components/desktop/dotconf/dotconf-1.3/examples/noinline/Makefile /ws/userland/src/components/desktop/dotconf/dotconf-1.3/examples/noinline/noinline.c /ws/userland/src/components/desktop/dotconf/dotconf-1.3/examples/noinline/noinline.conf /ws/userland/src/components/desktop/dotconf/dotconf-1.3/examples/noinline/output '/ws/userland/src/components/desktop/dotconf/build/prototype/i386/usr/share/doc/dotconf/examples/noinline'
make[3]: Leaving directory '/ws/userland/src/components/desktop/dotconf/build/amd64/examples'
make[2]: Leaving directory '/ws/userland/src/components/desktop/dotconf/build/amd64/examples'
Making install in src
make[2]: Entering directory '/ws/userland/src/components/desktop/dotconf/build/amd64/src'
make[3]: Entering directory '/ws/userland/src/components/desktop/dotconf/build/amd64/src'
 /usr/gnu/bin/mkdir -p '/ws/userland/src/components/desktop/dotconf/build/prototype/i386/usr/lib/amd64'
 /bin/bash ../libtool   --mode=install /usr/gnu/bin/install -c   libdotconf.la '/ws/userland/src/components/desktop/dotconf/build/prototype/i386/usr/lib/amd64'
libtool: install: /usr/gnu/bin/install -c .libs/libdotconf.so.0.0.1 /ws/userland/src/components/desktop/dotconf/build/prototype/i386/usr/lib/amd64/libdotconf.so.0.0.1
libtool: install: (cd /ws/userland/src/components/desktop/dotconf/build/prototype/i386/usr/lib/amd64 && { ln -s -f libdotconf.so.0.0.1 libdotconf.so.0 || { rm -f libdotconf.so.0 && ln -s libdotconf.so.0.0.1 libdotconf.so.0; }; })
libtool: install: (cd /ws/userland/src/components/desktop/dotconf/build/prototype/i386/usr/lib/amd64 && { ln -s -f libdotconf.so.0.0.1 libdotconf.so || { rm -f libdotconf.so && ln -s libdotconf.so.0.0.1 libdotconf.so; }; })
libtool: install: chmod +x /ws/userland/src/components/desktop/dotconf/build/prototype/i386/usr/lib/amd64/libdotconf.so.0.0.1
libtool: install: /usr/gnu/bin/install -c .libs/libdotconf.lai /ws/userland/src/components/desktop/dotconf/build/prototype/i386/usr/lib/amd64/libdotconf.la
libtool: warning: remember to run 'libtool --finish /usr/lib/amd64'
 /usr/gnu/bin/mkdir -p '/ws/userland/src/components/desktop/dotconf/build/prototype/i386/usr/include'
 /usr/gnu/bin/install -c -m 644 /ws/userland/src/components/desktop/dotconf/dotconf-1.3/src/dotconf.h '/ws/userland/src/components/desktop/dotconf/build/prototype/i386/usr/include'
make[3]: Leaving directory '/ws/userland/src/components/desktop/dotconf/build/amd64/src'
make[2]: Leaving directory '/ws/userland/src/components/desktop/dotconf/build/amd64/src'
make[2]: Entering directory '/ws/userland/src/components/desktop/dotconf/build/amd64'
make[3]: Entering directory '/ws/userland/src/components/desktop/dotconf/build/amd64'
make[3]: Nothing to be done for 'install-exec-am'.
 /usr/gnu/bin/mkdir -p '/ws/userland/src/components/desktop/dotconf/build/prototype/i386/usr/lib/amd64/pkgconfig'
 /usr/gnu/bin/install -c -m 644 dotconf.pc '/ws/userland/src/components/desktop/dotconf/build/prototype/i386/usr/lib/amd64/pkgconfig'
make[3]: Leaving directory '/ws/userland/src/components/desktop/dotconf/build/amd64'
make[2]: Leaving directory '/ws/userland/src/components/desktop/dotconf/build/amd64'
make[1]: Leaving directory '/ws/userland/src/components/desktop/dotconf/build/amd64'
/usr/bin/touch /ws/userland/src/components/desktop/dotconf/build/amd64/.installed
abort: there is no Mercurial repository here (.hg not found)
/usr/bin/pkgfmt -c -fv2 dotconf.p5m
/usr/bin/pkgmogrify -D PERL_ARCH=i86pc-solaris-thread-multi-64 -D PERL_VERSION=5.22 -D IPS_COMPONENT_RE_VERSION=1\\.3 -D COMPONENT_RE_VERSION=1\\.3 -D PYTHON_2.7_ONLY=# -D PYTHON_3.4_ONLY=# -D PYTHON_3.5_ONLY=# -D SQ=\' -D DQ=\" -D Q=\" -I/ws/userland/src/components/desktop/dotconf -D SOLARIS_11_3_ONLY="#" -D SOLARIS_11_5_ONLY="#" -D SOLARIS_11_3_4_ONLY="" -D SOLARIS_11_4_5_ONLY="" -D SOLARIS_11_4_ONLY="" -D ARC_CASE="" -D TPNO="33293" -D BUILD_VERSION="5.11-11.4.0.0.1.14.0" -D OS_RELEASE="5.11" -D SOLARIS_VERSION="2.11" -D PKG_SOLARIS_VERSION="11.4" -D CONSOLIDATION="userland" -D CONSOLIDATION_CHANGESET="" -D CONSOLIDATION_REPOSITORY_URL="https://github.com/oracle/solaris-userland.git" -D COMPONENT_VERSION="1.3" -D IPS_COMPONENT_VERSION="1.3" -D HUMAN_VERSION="" -D COMPONENT_ARCHIVE_URL="https://github.com/williamh/dotconf/archive/v1.3.tar.gz" -D COMPONENT_PROJECT_URL="https://github.com/williamh/dotconf" -D COMPONENT_NAME="dotconf" -D HG_REPO="" -D HG_REV="" -D HG_URL="" -D GIT_COMMIT_ID="" -D GIT_REPO="" -D GIT_TAG="" -D MACH="i386" -D MACH32="i86" -D MACH64="amd64" -D PUBLISHER="nightly" -D PUBLISHER_LOCALIZABLE="userland-localizable" dotconf.p5m \
	/ws/userland/src/transforms/license-changes /ws/userland/src/transforms/variant-cleanup /ws/userland/src/transforms/autopyc /ws/userland/src/transforms/defaults /ws/userland/src/transforms/actuators /ws/userland/src/transforms/depends /ws/userland/src/transforms/devel /ws/userland/src/transforms/docs /ws/userland/src/transforms/locale /ws/userland/src/transforms/standard-python-libraries /ws/userland/src/transforms/python-rename /ws/userland/src/transforms/python-3-groups /ws/userland/src/transforms/python-3-soabi /ws/userland/src/transforms/python-3-no-32bit /ws/userland/src/transforms/ruby-tests /ws/userland/src/transforms/puppet /ws/userland/src/transforms/libtool-drop /ws/userland/src/transforms/incorporate /ws/userland/src/transforms/publish-cleanup | \
	sed -e '/^$/d' -e '/^#.*$/d' | uniq >/ws/userland/src/components/desktop/dotconf/build/manifest-i386-dotconf.mogrified
/bin/mkdir -p /ws/userland/src/components/desktop/dotconf/build/prototype/i386/mangled
/ws/userland/src/tools/userland-mangler -D /ws/userland/src/components/desktop/dotconf/build/prototype/i386/mangled -d /ws/userland/src/components/desktop/dotconf/build/prototype/i386/mangled -d /ws/userland/src/components/desktop/dotconf/build/prototype/i386 -d /ws/userland/src/components/desktop/dotconf/build -d /ws/userland/src/components/desktop/dotconf -d dotconf-1.3 -d /ws/userland/src/licenses -m /ws/userland/src/components/desktop/dotconf/build/manifest-i386-dotconf.mogrified >/ws/userland/src/components/desktop/dotconf/build/manifest-i386-dotconf.mangled
/usr/bin/env  /usr/bin/pkgdepend generate \
    -m -d /ws/userland/src/components/desktop/dotconf/build/prototype/i386/mangled -d /ws/userland/src/components/desktop/dotconf/build/prototype/i386 -d /ws/userland/src/components/desktop/dotconf/build -d /ws/userland/src/components/desktop/dotconf -d dotconf-1.3 -d /ws/userland/src/licenses /ws/userland/src/components/desktop/dotconf/build/manifest-i386-dotconf.mangled >/ws/userland/src/components/desktop/dotconf/build/manifest-i386-dotconf.depend
/usr/bin/pkgdepend resolve -e /ws/userland/src/components/desktop/dotconf/build/resolve.deps -m /ws/userland/src/components/desktop/dotconf/build/manifest-i386-dotconf.depend
/usr/bin/touch /ws/userland/src/components/desktop/dotconf/build/.resolved-i386
VALIDATING MANIFEST CONTENT: /ws/userland/src/components/desktop/dotconf/build/manifest-i386-dotconf.depend.res
/usr/bin/env PYTHONPATH=/ws/userland/src/tools/python PROTO_PATH="/ws/userland/src/components/desktop/dotconf/build/prototype/i386/mangled /ws/userland/src/components/desktop/dotconf/build/prototype/i386 /ws/userland/src/components/desktop/dotconf/build /ws/userland/src/components/desktop/dotconf dotconf-1.3 /ws/userland/src/licenses"\
	SOLARIS_VERSION=2.11\
	/bin/true -c /ws/userland/src/i386/pkglint-cache \
		-f /ws/userland/src/tools/pkglintrc /ws/userland/src/components/desktop/dotconf/build/manifest-i386-dotconf.depend.res
/usr/bin/touch /ws/userland/src/components/desktop/dotconf/build/.linted-i386
/usr/bin/pkgsend -s file:/ws/userland/src/i386/repo publish --fmri-in-manifest --no-catalog -d /ws/userland/src/components/desktop/dotconf/build/prototype/i386/mangled -d /ws/userland/src/components/desktop/dotconf/build/prototype/i386 -d /ws/userland/src/components/desktop/dotconf/build -d /ws/userland/src/components/desktop/dotconf -d dotconf-1.3 -d /ws/userland/src/licenses -T \*.py /ws/userland/src/components/desktop/dotconf/build/manifest-i386-dotconf.depend.res
pkg://nightly/library/desktop/dotconf@1.3,5.11-11.4.0.0.1.14.0:20190727T184255Z
PUBLISHED
/usr/bin/pkgfmt </ws/userland/src/components/desktop/dotconf/build/manifest-i386-dotconf.depend.res >/ws/userland/src/components/desktop/dotconf/build/manifest-i386-dotconf.published
/usr/bin/touch /ws/userland/src/components/desktop/dotconf/build/.published-i386
gmake: Leaving directory '/ws/userland/src/components/desktop/dotconf'

real       22.5
user        7.8
sys         2.5
