gmake: Entering directory '/ws/userland/src/components/desktop/pidgin-gnome-keyring'
/bin/rm -f -r /ws/userland/src/components/desktop/pidgin-gnome-keyring/pidgin-gnome-keyring-2.0
/usr/bin/env RUBY_VERSION=2.1 /ws/userland/src/tools/userland-unpack  pidgin-gnome-keyring_2.0.orig.tar.gz
/usr/bin/touch /ws/userland/src/components/desktop/pidgin-gnome-keyring/pidgin-gnome-keyring-2.0/.unpacked
/usr/bin/touch /ws/userland/src/components/desktop/pidgin-gnome-keyring/pidgin-gnome-keyring-2.0/.prep
/bin/rm -f -r /ws/userland/src/components/desktop/pidgin-gnome-keyring/build/amd64 ; /bin/mkdir -p /ws/userland/src/components/desktop/pidgin-gnome-keyring/build/amd64
/ws/userland/src/tools/cloney /ws/userland/src/components/desktop/pidgin-gnome-keyring/pidgin-gnome-keyring-2.0 /ws/userland/src/components/desktop/pidgin-gnome-keyring/build/amd64
symlink cloning /ws/userland/src/components/desktop/pidgin-gnome-keyring/pidgin-gnome-keyring-2.0 to /ws/userland/src/components/desktop/pidgin-gnome-keyring/build/amd64
echo 2.0 > /ws/userland/src/components/desktop/pidgin-gnome-keyring/build/amd64/VERSION
(cd /ws/userland/src/components/desktop/pidgin-gnome-keyring/build/amd64; /usr/bin/env LD_OPTIONS="-M /usr/lib/ld/map.noexdata -M /usr/lib/ld/map.pagealign -Bdirect -zignore -zstrip-class=comment" LD_EXEC_OPTIONS=" -zsx=aslr=enable -zsx=nxstack=enable -zsx=nxheap=enable " LD_PIE_OPTIONS="-zsx=aslr=enable -zsx=nxstack=enable -zsx=nxheap=enable "  CC="/usr/gcc/7/bin/gcc" CXX="/usr/gcc/7/bin/g++" CFLAGS="-m64 -O3" CXXFLAGS="-m64 -O3" LDFLAGS="" PKG_CONFIG_PATH="/usr/lib/amd64/pkgconfig" /usr/gnu/bin/make  )
make[1]: Entering directory '/ws/userland/src/components/desktop/pidgin-gnome-keyring/build/amd64'
/usr/gcc/7/bin/gcc -m64 -O3  -Wall -I. -g -O2 gnome-keyring.c -o gnome-keyring.so -shared -fPIC -DPIC -ggdb `pkg-config --cflags purple` `pkg-config --libs --cflags libsecret-1` -DVERSION=\"2.0\"
make[1]: Leaving directory '/ws/userland/src/components/desktop/pidgin-gnome-keyring/build/amd64'
/usr/bin/touch /ws/userland/src/components/desktop/pidgin-gnome-keyring/build/amd64/.built
abort: there is no Mercurial repository here (.hg not found)
/usr/bin/pkgfmt -c -fv2 pidgin-gnome-keyring.p5m
/usr/bin/pkgmogrify -D PERL_ARCH=i86pc-solaris-thread-multi-64 -D PERL_VERSION=5.22 -D IPS_COMPONENT_RE_VERSION=2\\.0 -D COMPONENT_RE_VERSION=2\\.0 -D PYTHON_2.7_ONLY=# -D PYTHON_3.4_ONLY=# -D PYTHON_3.5_ONLY=# -D SQ=\' -D DQ=\" -D Q=\" -I/ws/userland/src/components/desktop/pidgin-gnome-keyring -D SOLARIS_11_3_ONLY="#" -D SOLARIS_11_5_ONLY="#" -D SOLARIS_11_3_4_ONLY="" -D SOLARIS_11_4_5_ONLY="" -D SOLARIS_11_4_ONLY="" -D ARC_CASE="" -D TPNO="29496" -D BUILD_VERSION="5.11-11.4.0.0.1.14.0" -D OS_RELEASE="5.11" -D SOLARIS_VERSION="2.11" -D PKG_SOLARIS_VERSION="11.4" -D CONSOLIDATION="userland" -D CONSOLIDATION_CHANGESET="" -D CONSOLIDATION_REPOSITORY_URL="https://github.com/oracle/solaris-userland.git" -D COMPONENT_VERSION="2.0" -D IPS_COMPONENT_VERSION="2.0" -D HUMAN_VERSION="" -D COMPONENT_ARCHIVE_URL="http://archive.ubuntu.com/ubuntu/pool/universe/p/pidgin-gnome-keyring/pidgin-gnome-keyring_2.0.orig.tar.gz" -D COMPONENT_PROJECT_URL="https://github.com/aebrahim/pidgin-gnome-keyring" -D COMPONENT_NAME="pidgin-gnome-keyring" -D HG_REPO="" -D HG_REV="" -D HG_URL="" -D GIT_COMMIT_ID="" -D GIT_REPO="" -D GIT_TAG="" -D MACH="i386" -D MACH32="i86" -D MACH64="amd64" -D PUBLISHER="nightly" -D PUBLISHER_LOCALIZABLE="userland-localizable" pidgin-gnome-keyring.p5m \
	/ws/userland/src/transforms/license-changes /ws/userland/src/transforms/variant-cleanup /ws/userland/src/transforms/autopyc /ws/userland/src/transforms/defaults /ws/userland/src/transforms/actuators /ws/userland/src/transforms/depends /ws/userland/src/transforms/devel /ws/userland/src/transforms/docs /ws/userland/src/transforms/locale /ws/userland/src/transforms/standard-python-libraries /ws/userland/src/transforms/python-rename /ws/userland/src/transforms/python-3-groups /ws/userland/src/transforms/python-3-soabi /ws/userland/src/transforms/python-3-no-32bit /ws/userland/src/transforms/ruby-tests /ws/userland/src/transforms/puppet /ws/userland/src/transforms/libtool-drop /ws/userland/src/transforms/incorporate /ws/userland/src/transforms/publish-cleanup | \
	sed -e '/^$/d' -e '/^#.*$/d' | uniq >/ws/userland/src/components/desktop/pidgin-gnome-keyring/build/manifest-i386-pidgin-gnome-keyring.mogrified
/bin/mkdir -p /ws/userland/src/components/desktop/pidgin-gnome-keyring/build/prototype/i386/mangled
/ws/userland/src/tools/userland-mangler -D /ws/userland/src/components/desktop/pidgin-gnome-keyring/build/prototype/i386/mangled -d /ws/userland/src/components/desktop/pidgin-gnome-keyring/build/prototype/i386/mangled -d /ws/userland/src/components/desktop/pidgin-gnome-keyring/build/prototype/i386 -d /ws/userland/src/components/desktop/pidgin-gnome-keyring/build -d /ws/userland/src/components/desktop/pidgin-gnome-keyring -d pidgin-gnome-keyring-2.0 -d /ws/userland/src/licenses -d /ws/userland/src/components/desktop/pidgin-gnome-keyring/build/amd64 -m /ws/userland/src/components/desktop/pidgin-gnome-keyring/build/manifest-i386-pidgin-gnome-keyring.mogrified >/ws/userland/src/components/desktop/pidgin-gnome-keyring/build/manifest-i386-pidgin-gnome-keyring.mangled
/usr/bin/env  /usr/bin/pkgdepend generate \
    -m -d /ws/userland/src/components/desktop/pidgin-gnome-keyring/build/prototype/i386/mangled -d /ws/userland/src/components/desktop/pidgin-gnome-keyring/build/prototype/i386 -d /ws/userland/src/components/desktop/pidgin-gnome-keyring/build -d /ws/userland/src/components/desktop/pidgin-gnome-keyring -d pidgin-gnome-keyring-2.0 -d /ws/userland/src/licenses -d /ws/userland/src/components/desktop/pidgin-gnome-keyring/build/amd64 /ws/userland/src/components/desktop/pidgin-gnome-keyring/build/manifest-i386-pidgin-gnome-keyring.mangled >/ws/userland/src/components/desktop/pidgin-gnome-keyring/build/manifest-i386-pidgin-gnome-keyring.depend
/usr/bin/pkgdepend resolve -e /ws/userland/src/components/desktop/pidgin-gnome-keyring/build/resolve.deps -m /ws/userland/src/components/desktop/pidgin-gnome-keyring/build/manifest-i386-pidgin-gnome-keyring.depend
/usr/bin/touch /ws/userland/src/components/desktop/pidgin-gnome-keyring/build/.resolved-i386
VALIDATING MANIFEST CONTENT: /ws/userland/src/components/desktop/pidgin-gnome-keyring/build/manifest-i386-pidgin-gnome-keyring.depend.res
/usr/bin/env PYTHONPATH=/ws/userland/src/tools/python PROTO_PATH="/ws/userland/src/components/desktop/pidgin-gnome-keyring/build/prototype/i386/mangled /ws/userland/src/components/desktop/pidgin-gnome-keyring/build/prototype/i386 /ws/userland/src/components/desktop/pidgin-gnome-keyring/build /ws/userland/src/components/desktop/pidgin-gnome-keyring pidgin-gnome-keyring-2.0 /ws/userland/src/licenses /ws/userland/src/components/desktop/pidgin-gnome-keyring/build/amd64"\
	SOLARIS_VERSION=2.11\
	/bin/true -c /ws/userland/src/i386/pkglint-cache \
		-f /ws/userland/src/tools/pkglintrc /ws/userland/src/components/desktop/pidgin-gnome-keyring/build/manifest-i386-pidgin-gnome-keyring.depend.res
/usr/bin/touch /ws/userland/src/components/desktop/pidgin-gnome-keyring/build/.linted-i386
/usr/bin/pkgsend -s file:/ws/userland/src/i386/repo publish --fmri-in-manifest --no-catalog -d /ws/userland/src/components/desktop/pidgin-gnome-keyring/build/prototype/i386/mangled -d /ws/userland/src/components/desktop/pidgin-gnome-keyring/build/prototype/i386 -d /ws/userland/src/components/desktop/pidgin-gnome-keyring/build -d /ws/userland/src/components/desktop/pidgin-gnome-keyring -d pidgin-gnome-keyring-2.0 -d /ws/userland/src/licenses -d /ws/userland/src/components/desktop/pidgin-gnome-keyring/build/amd64 -T \*.py /ws/userland/src/components/desktop/pidgin-gnome-keyring/build/manifest-i386-pidgin-gnome-keyring.depend.res
pkg://nightly/communication/im/pidgin-gnome-keyring@2.0,5.11-11.4.0.0.1.14.0:20190727T221723Z
PUBLISHED
/usr/bin/pkgfmt </ws/userland/src/components/desktop/pidgin-gnome-keyring/build/manifest-i386-pidgin-gnome-keyring.depend.res >/ws/userland/src/components/desktop/pidgin-gnome-keyring/build/manifest-i386-pidgin-gnome-keyring.published
/usr/bin/touch /ws/userland/src/components/desktop/pidgin-gnome-keyring/build/.published-i386
gmake: Leaving directory '/ws/userland/src/components/desktop/pidgin-gnome-keyring'

real        5.8
user        3.1
sys         1.2
