gmake: Entering directory '/ws/userland/src/components/desktop/libpng12'
/bin/rm -f -r /ws/userland/src/components/desktop/libpng12/libpng-1.2.57
/usr/bin/env RUBY_VERSION=2.1 /ws/userland/src/tools/userland-unpack  libpng-1.2.57.tar.gz
/usr/bin/touch /ws/userland/src/components/desktop/libpng12/libpng-1.2.57/.unpacked
/usr/bin/touch /ws/userland/src/components/desktop/libpng12/libpng-1.2.57/.prep
(/bin/rm -f -rf /ws/userland/src/components/desktop/libpng12/build/i86 ; /bin/mkdir -p /ws/userland/src/components/desktop/libpng12/build/i86)
(cd /ws/userland/src/components/desktop/libpng12/build/i86 ; /usr/bin/env CONFIG_SHELL="/bin/bash" PKG_CONFIG_PATH="/usr/lib/pkgconfig" CC="/usr/gcc/7/bin/gcc" CXX="/usr/gcc/7/bin/g++"  CC_FOR_BUILD="/usr/gcc/7/bin/gcc -m32" CXX_FOR_BUILD="/usr/gcc/7/bin/g++ -m32" CPPFLAGS="-m32" "ac_cv_func_realloc_0_nonnull=yes" "NM=/usr/gnu/bin/nm" INTLTOOL_PERL="/usr/perl5/5.22/bin/perl" CFLAGS="-m32 -O3 -mincoming-stack-boundary=2" CXXFLAGS="-m32 -O3 -mincoming-stack-boundary=2" LDFLAGS="-Wl,-zgnu-version-script-compat" /bin/bash \
	/ws/userland/src/components/desktop/libpng12/libpng-1.2.57/configure --prefix=/usr --mandir=/usr/share/man --bindir=/usr/bin --sbindir=/usr/sbin --libdir=/usr/lib    --disable-static)
checking for a BSD-compatible install... /usr/bin/ginstall -c
checking whether build environment is sane... yes
checking for a thread-safe mkdir -p... /usr/bin/gmkdir -p
checking for gawk... gawk
checking whether make sets $(MAKE)... yes
checking whether make supports nested variables... yes
checking whether to enable maintainer-specific portions of Makefiles... no
checking for gcc... /usr/gcc/7/bin/gcc
checking whether the C compiler works... yes
checking for C compiler default output file name... a.out
checking for suffix of executables... 
checking whether we are cross compiling... no
checking for suffix of object files... o
checking whether we are using the GNU C compiler... yes
checking whether /usr/gcc/7/bin/gcc accepts -g... yes
checking for /usr/gcc/7/bin/gcc option to accept ISO C89... none needed
checking whether /usr/gcc/7/bin/gcc understands -c and -o together... yes
checking for style of include used by make... GNU
checking dependency style of /usr/gcc/7/bin/gcc... gcc3
checking build system type... i386-pc-solaris2.11
checking host system type... i386-pc-solaris2.11
checking for a sed that does not truncate output... /usr/bin/gsed
checking for grep that handles long lines and -e... /usr/bin/ggrep
checking for egrep... /usr/bin/ggrep -E
checking for fgrep... /usr/bin/ggrep -F
checking how to print strings... print -r
checking for ld used by /usr/gcc/7/bin/gcc... /usr/bin/ld
checking if the linker (/usr/bin/ld) is GNU ld... no
checking how to run the C preprocessor... /usr/gcc/7/bin/gcc -E
checking for sed... /usr/bin/gsed
checking whether ln -s works... yes
checking whether make sets $(MAKE)... (cached) yes
checking for BSD- or MS-compatible name lister (nm)... /usr/gnu/bin/nm
checking the name lister (/usr/gnu/bin/nm) interface... BSD nm
checking the maximum length of command line arguments... 1572480
checking how to convert i386-pc-solaris2.11 file names to i386-pc-solaris2.11 format... func_convert_file_noop
checking how to convert i386-pc-solaris2.11 file names to toolchain format... func_convert_file_noop
checking for /usr/bin/ld option to reload object files... -r
checking for objdump... objdump
checking how to recognize dependent libraries... pass_all
checking for dlltool... dlltool
checking how to associate runtime and link libraries... print -r --
checking for ar... ar
checking for archiver @FILE support... no
checking for strip... strip
checking for ranlib... ranlib
checking command to parse /usr/gnu/bin/nm output from /usr/gcc/7/bin/gcc object... ok
checking for sysroot... no
checking for a working dd... /usr/bin/dd
checking how to truncate binary pipes... /usr/bin/dd bs=4096 count=1
checking for mt... mt
checking if mt is a manifest tool... no
checking for ANSI C header files... yes
checking for sys/types.h... yes
checking for sys/stat.h... yes
checking for stdlib.h... yes
checking for string.h... yes
checking for memory.h... yes
checking for strings.h... yes
checking for inttypes.h... yes
checking for stdint.h... yes
checking for unistd.h... yes
checking for dlfcn.h... yes
checking for objdir... .libs
checking if /usr/gcc/7/bin/gcc supports -fno-rtti -fno-exceptions... no
checking for /usr/gcc/7/bin/gcc option to produce PIC... -fPIC -DPIC
checking if /usr/gcc/7/bin/gcc PIC flag -fPIC -DPIC works... yes
checking if /usr/gcc/7/bin/gcc static flag -static works... no
checking if /usr/gcc/7/bin/gcc supports -c -o file.o... yes
checking if /usr/gcc/7/bin/gcc supports -c -o file.o... (cached) yes
checking whether the /usr/gcc/7/bin/gcc linker (/usr/bin/ld) supports shared libraries... yes
checking whether -lc should be explicitly linked in... no
checking dynamic linker characteristics... solaris2.11 ld.so
checking how to hardcode library paths into programs... immediate
checking whether stripping libraries is possible... no
checking if libtool supports shared libraries... yes
checking whether to build shared libraries... yes
checking whether to build static libraries... no
checking for ANSI C header files... (cached) yes
checking malloc.h usability... yes
checking malloc.h presence... yes
checking for malloc.h... yes
checking for stdlib.h... (cached) yes
checking for string.h... (cached) yes
checking for strings.h... (cached) yes
checking for an ANSI C-conforming const... yes
checking for size_t... yes
checking whether struct tm is in sys/time.h or time.h... time.h
checking for working strtod... yes
checking for memset... yes
checking for pow... no
checking for pow in -lm... yes
checking for zlibVersion in -lz... yes
checking if assembler code in pnggccrd.c can be compiled without PNG_NO_MMX_CODE... yes
checking if libraries can be versioned... yes
checking for symbol prefix... 
configure: pkgconfig directory is ${libdir}/pkgconfig
checking that generated files are newer than configure... done
configure: creating ./config.status
config.status: creating Makefile
config.status: creating libpng.pc
config.status: creating libpng-config
config.status: creating config.h
config.status: executing depfiles commands
config.status: executing libtool commands
/usr/bin/touch /ws/userland/src/components/desktop/libpng12/build/i86/.configured
(cd /ws/userland/src/components/desktop/libpng12/build/i86 ; /usr/bin/env LD_OPTIONS="-M /usr/lib/ld/map.noexdata -M /usr/lib/ld/map.pagealign -Bdirect -zignore -zstrip-class=comment" LD_EXEC_OPTIONS=" -zsx=aslr=enable -zsx=nxstack=enable -zsx=nxheap=enable " LD_PIE_OPTIONS="-zsx=aslr=enable -zsx=nxstack=enable -zsx=nxheap=enable "  PKG_CONFIG_PATH="/usr/lib/pkgconfig" "ac_cv_func_realloc_0_nonnull=yes" INTLTOOL_PERL="/usr/perl5/5.22/bin/perl" \
	/usr/gnu/bin/make  )
make[1]: Entering directory '/ws/userland/src/components/desktop/libpng12/build/i86'
/usr/gnu/bin/make  all-am
make[2]: Entering directory '/ws/userland/src/components/desktop/libpng12/build/i86'
/bin/bash ./libtool  --tag=CC   --mode=compile /usr/gcc/7/bin/gcc -DHAVE_CONFIG_H -I. -I/ws/userland/src/components/desktop/libpng12/libpng-1.2.57  -DPNG_CONFIGURE_LIBPNG  -m32  -m32 -O3 -mincoming-stack-boundary=2 -MT libpng12_la-png.lo -MD -MP -MF .deps/libpng12_la-png.Tpo -c -o libpng12_la-png.lo `test -f 'png.c' || echo '/ws/userland/src/components/desktop/libpng12/libpng-1.2.57/'`png.c
libtool: compile:  /usr/gcc/7/bin/gcc -DHAVE_CONFIG_H -I. -I/ws/userland/src/components/desktop/libpng12/libpng-1.2.57 -DPNG_CONFIGURE_LIBPNG -m32 -m32 -O3 -mincoming-stack-boundary=2 -MT libpng12_la-png.lo -MD -MP -MF .deps/libpng12_la-png.Tpo -c /ws/userland/src/components/desktop/libpng12/libpng-1.2.57/png.c  -fPIC -DPIC -o .libs/libpng12_la-png.o
mv -f .deps/libpng12_la-png.Tpo .deps/libpng12_la-png.Plo
/bin/bash ./libtool  --tag=CC   --mode=compile /usr/gcc/7/bin/gcc -DHAVE_CONFIG_H -I. -I/ws/userland/src/components/desktop/libpng12/libpng-1.2.57  -DPNG_CONFIGURE_LIBPNG  -m32  -m32 -O3 -mincoming-stack-boundary=2 -MT libpng12_la-pngset.lo -MD -MP -MF .deps/libpng12_la-pngset.Tpo -c -o libpng12_la-pngset.lo `test -f 'pngset.c' || echo '/ws/userland/src/components/desktop/libpng12/libpng-1.2.57/'`pngset.c
libtool: compile:  /usr/gcc/7/bin/gcc -DHAVE_CONFIG_H -I. -I/ws/userland/src/components/desktop/libpng12/libpng-1.2.57 -DPNG_CONFIGURE_LIBPNG -m32 -m32 -O3 -mincoming-stack-boundary=2 -MT libpng12_la-pngset.lo -MD -MP -MF .deps/libpng12_la-pngset.Tpo -c /ws/userland/src/components/desktop/libpng12/libpng-1.2.57/pngset.c  -fPIC -DPIC -o .libs/libpng12_la-pngset.o
mv -f .deps/libpng12_la-pngset.Tpo .deps/libpng12_la-pngset.Plo
/bin/bash ./libtool  --tag=CC   --mode=compile /usr/gcc/7/bin/gcc -DHAVE_CONFIG_H -I. -I/ws/userland/src/components/desktop/libpng12/libpng-1.2.57  -DPNG_CONFIGURE_LIBPNG  -m32  -m32 -O3 -mincoming-stack-boundary=2 -MT libpng12_la-pngget.lo -MD -MP -MF .deps/libpng12_la-pngget.Tpo -c -o libpng12_la-pngget.lo `test -f 'pngget.c' || echo '/ws/userland/src/components/desktop/libpng12/libpng-1.2.57/'`pngget.c
libtool: compile:  /usr/gcc/7/bin/gcc -DHAVE_CONFIG_H -I. -I/ws/userland/src/components/desktop/libpng12/libpng-1.2.57 -DPNG_CONFIGURE_LIBPNG -m32 -m32 -O3 -mincoming-stack-boundary=2 -MT libpng12_la-pngget.lo -MD -MP -MF .deps/libpng12_la-pngget.Tpo -c /ws/userland/src/components/desktop/libpng12/libpng-1.2.57/pngget.c  -fPIC -DPIC -o .libs/libpng12_la-pngget.o
mv -f .deps/libpng12_la-pngget.Tpo .deps/libpng12_la-pngget.Plo
/bin/bash ./libtool  --tag=CC   --mode=compile /usr/gcc/7/bin/gcc -DHAVE_CONFIG_H -I. -I/ws/userland/src/components/desktop/libpng12/libpng-1.2.57  -DPNG_CONFIGURE_LIBPNG  -m32  -m32 -O3 -mincoming-stack-boundary=2 -MT libpng12_la-pngrutil.lo -MD -MP -MF .deps/libpng12_la-pngrutil.Tpo -c -o libpng12_la-pngrutil.lo `test -f 'pngrutil.c' || echo '/ws/userland/src/components/desktop/libpng12/libpng-1.2.57/'`pngrutil.c
libtool: compile:  /usr/gcc/7/bin/gcc -DHAVE_CONFIG_H -I. -I/ws/userland/src/components/desktop/libpng12/libpng-1.2.57 -DPNG_CONFIGURE_LIBPNG -m32 -m32 -O3 -mincoming-stack-boundary=2 -MT libpng12_la-pngrutil.lo -MD -MP -MF .deps/libpng12_la-pngrutil.Tpo -c /ws/userland/src/components/desktop/libpng12/libpng-1.2.57/pngrutil.c  -fPIC -DPIC -o .libs/libpng12_la-pngrutil.o
mv -f .deps/libpng12_la-pngrutil.Tpo .deps/libpng12_la-pngrutil.Plo
/bin/bash ./libtool  --tag=CC   --mode=compile /usr/gcc/7/bin/gcc -DHAVE_CONFIG_H -I. -I/ws/userland/src/components/desktop/libpng12/libpng-1.2.57  -DPNG_CONFIGURE_LIBPNG  -m32  -m32 -O3 -mincoming-stack-boundary=2 -MT libpng12_la-pngtrans.lo -MD -MP -MF .deps/libpng12_la-pngtrans.Tpo -c -o libpng12_la-pngtrans.lo `test -f 'pngtrans.c' || echo '/ws/userland/src/components/desktop/libpng12/libpng-1.2.57/'`pngtrans.c
libtool: compile:  /usr/gcc/7/bin/gcc -DHAVE_CONFIG_H -I. -I/ws/userland/src/components/desktop/libpng12/libpng-1.2.57 -DPNG_CONFIGURE_LIBPNG -m32 -m32 -O3 -mincoming-stack-boundary=2 -MT libpng12_la-pngtrans.lo -MD -MP -MF .deps/libpng12_la-pngtrans.Tpo -c /ws/userland/src/components/desktop/libpng12/libpng-1.2.57/pngtrans.c  -fPIC -DPIC -o .libs/libpng12_la-pngtrans.o
mv -f .deps/libpng12_la-pngtrans.Tpo .deps/libpng12_la-pngtrans.Plo
/bin/bash ./libtool  --tag=CC   --mode=compile /usr/gcc/7/bin/gcc -DHAVE_CONFIG_H -I. -I/ws/userland/src/components/desktop/libpng12/libpng-1.2.57  -DPNG_CONFIGURE_LIBPNG  -m32  -m32 -O3 -mincoming-stack-boundary=2 -MT libpng12_la-pngwutil.lo -MD -MP -MF .deps/libpng12_la-pngwutil.Tpo -c -o libpng12_la-pngwutil.lo `test -f 'pngwutil.c' || echo '/ws/userland/src/components/desktop/libpng12/libpng-1.2.57/'`pngwutil.c
libtool: compile:  /usr/gcc/7/bin/gcc -DHAVE_CONFIG_H -I. -I/ws/userland/src/components/desktop/libpng12/libpng-1.2.57 -DPNG_CONFIGURE_LIBPNG -m32 -m32 -O3 -mincoming-stack-boundary=2 -MT libpng12_la-pngwutil.lo -MD -MP -MF .deps/libpng12_la-pngwutil.Tpo -c /ws/userland/src/components/desktop/libpng12/libpng-1.2.57/pngwutil.c  -fPIC -DPIC -o .libs/libpng12_la-pngwutil.o
mv -f .deps/libpng12_la-pngwutil.Tpo .deps/libpng12_la-pngwutil.Plo
/bin/bash ./libtool  --tag=CC   --mode=compile /usr/gcc/7/bin/gcc -DHAVE_CONFIG_H -I. -I/ws/userland/src/components/desktop/libpng12/libpng-1.2.57  -DPNG_CONFIGURE_LIBPNG  -m32  -m32 -O3 -mincoming-stack-boundary=2 -MT libpng12_la-pngread.lo -MD -MP -MF .deps/libpng12_la-pngread.Tpo -c -o libpng12_la-pngread.lo `test -f 'pngread.c' || echo '/ws/userland/src/components/desktop/libpng12/libpng-1.2.57/'`pngread.c
libtool: compile:  /usr/gcc/7/bin/gcc -DHAVE_CONFIG_H -I. -I/ws/userland/src/components/desktop/libpng12/libpng-1.2.57 -DPNG_CONFIGURE_LIBPNG -m32 -m32 -O3 -mincoming-stack-boundary=2 -MT libpng12_la-pngread.lo -MD -MP -MF .deps/libpng12_la-pngread.Tpo -c /ws/userland/src/components/desktop/libpng12/libpng-1.2.57/pngread.c  -fPIC -DPIC -o .libs/libpng12_la-pngread.o
mv -f .deps/libpng12_la-pngread.Tpo .deps/libpng12_la-pngread.Plo
/bin/bash ./libtool  --tag=CC   --mode=compile /usr/gcc/7/bin/gcc -DHAVE_CONFIG_H -I. -I/ws/userland/src/components/desktop/libpng12/libpng-1.2.57  -DPNG_CONFIGURE_LIBPNG  -m32  -m32 -O3 -mincoming-stack-boundary=2 -MT libpng12_la-pngrio.lo -MD -MP -MF .deps/libpng12_la-pngrio.Tpo -c -o libpng12_la-pngrio.lo `test -f 'pngrio.c' || echo '/ws/userland/src/components/desktop/libpng12/libpng-1.2.57/'`pngrio.c
libtool: compile:  /usr/gcc/7/bin/gcc -DHAVE_CONFIG_H -I. -I/ws/userland/src/components/desktop/libpng12/libpng-1.2.57 -DPNG_CONFIGURE_LIBPNG -m32 -m32 -O3 -mincoming-stack-boundary=2 -MT libpng12_la-pngrio.lo -MD -MP -MF .deps/libpng12_la-pngrio.Tpo -c /ws/userland/src/components/desktop/libpng12/libpng-1.2.57/pngrio.c  -fPIC -DPIC -o .libs/libpng12_la-pngrio.o
mv -f .deps/libpng12_la-pngrio.Tpo .deps/libpng12_la-pngrio.Plo
/bin/bash ./libtool  --tag=CC   --mode=compile /usr/gcc/7/bin/gcc -DHAVE_CONFIG_H -I. -I/ws/userland/src/components/desktop/libpng12/libpng-1.2.57  -DPNG_CONFIGURE_LIBPNG  -m32  -m32 -O3 -mincoming-stack-boundary=2 -MT libpng12_la-pngwio.lo -MD -MP -MF .deps/libpng12_la-pngwio.Tpo -c -o libpng12_la-pngwio.lo `test -f 'pngwio.c' || echo '/ws/userland/src/components/desktop/libpng12/libpng-1.2.57/'`pngwio.c
libtool: compile:  /usr/gcc/7/bin/gcc -DHAVE_CONFIG_H -I. -I/ws/userland/src/components/desktop/libpng12/libpng-1.2.57 -DPNG_CONFIGURE_LIBPNG -m32 -m32 -O3 -mincoming-stack-boundary=2 -MT libpng12_la-pngwio.lo -MD -MP -MF .deps/libpng12_la-pngwio.Tpo -c /ws/userland/src/components/desktop/libpng12/libpng-1.2.57/pngwio.c  -fPIC -DPIC -o .libs/libpng12_la-pngwio.o
mv -f .deps/libpng12_la-pngwio.Tpo .deps/libpng12_la-pngwio.Plo
/bin/bash ./libtool  --tag=CC   --mode=compile /usr/gcc/7/bin/gcc -DHAVE_CONFIG_H -I. -I/ws/userland/src/components/desktop/libpng12/libpng-1.2.57  -DPNG_CONFIGURE_LIBPNG  -m32  -m32 -O3 -mincoming-stack-boundary=2 -MT libpng12_la-pngwrite.lo -MD -MP -MF .deps/libpng12_la-pngwrite.Tpo -c -o libpng12_la-pngwrite.lo `test -f 'pngwrite.c' || echo '/ws/userland/src/components/desktop/libpng12/libpng-1.2.57/'`pngwrite.c
libtool: compile:  /usr/gcc/7/bin/gcc -DHAVE_CONFIG_H -I. -I/ws/userland/src/components/desktop/libpng12/libpng-1.2.57 -DPNG_CONFIGURE_LIBPNG -m32 -m32 -O3 -mincoming-stack-boundary=2 -MT libpng12_la-pngwrite.lo -MD -MP -MF .deps/libpng12_la-pngwrite.Tpo -c /ws/userland/src/components/desktop/libpng12/libpng-1.2.57/pngwrite.c  -fPIC -DPIC -o .libs/libpng12_la-pngwrite.o
mv -f .deps/libpng12_la-pngwrite.Tpo .deps/libpng12_la-pngwrite.Plo
/bin/bash ./libtool  --tag=CC   --mode=compile /usr/gcc/7/bin/gcc -DHAVE_CONFIG_H -I. -I/ws/userland/src/components/desktop/libpng12/libpng-1.2.57  -DPNG_CONFIGURE_LIBPNG  -m32  -m32 -O3 -mincoming-stack-boundary=2 -MT libpng12_la-pngrtran.lo -MD -MP -MF .deps/libpng12_la-pngrtran.Tpo -c -o libpng12_la-pngrtran.lo `test -f 'pngrtran.c' || echo '/ws/userland/src/components/desktop/libpng12/libpng-1.2.57/'`pngrtran.c
libtool: compile:  /usr/gcc/7/bin/gcc -DHAVE_CONFIG_H -I. -I/ws/userland/src/components/desktop/libpng12/libpng-1.2.57 -DPNG_CONFIGURE_LIBPNG -m32 -m32 -O3 -mincoming-stack-boundary=2 -MT libpng12_la-pngrtran.lo -MD -MP -MF .deps/libpng12_la-pngrtran.Tpo -c /ws/userland/src/components/desktop/libpng12/libpng-1.2.57/pngrtran.c  -fPIC -DPIC -o .libs/libpng12_la-pngrtran.o
mv -f .deps/libpng12_la-pngrtran.Tpo .deps/libpng12_la-pngrtran.Plo
/bin/bash ./libtool  --tag=CC   --mode=compile /usr/gcc/7/bin/gcc -DHAVE_CONFIG_H -I. -I/ws/userland/src/components/desktop/libpng12/libpng-1.2.57  -DPNG_CONFIGURE_LIBPNG  -m32  -m32 -O3 -mincoming-stack-boundary=2 -MT libpng12_la-pngwtran.lo -MD -MP -MF .deps/libpng12_la-pngwtran.Tpo -c -o libpng12_la-pngwtran.lo `test -f 'pngwtran.c' || echo '/ws/userland/src/components/desktop/libpng12/libpng-1.2.57/'`pngwtran.c
libtool: compile:  /usr/gcc/7/bin/gcc -DHAVE_CONFIG_H -I. -I/ws/userland/src/components/desktop/libpng12/libpng-1.2.57 -DPNG_CONFIGURE_LIBPNG -m32 -m32 -O3 -mincoming-stack-boundary=2 -MT libpng12_la-pngwtran.lo -MD -MP -MF .deps/libpng12_la-pngwtran.Tpo -c /ws/userland/src/components/desktop/libpng12/libpng-1.2.57/pngwtran.c  -fPIC -DPIC -o .libs/libpng12_la-pngwtran.o
mv -f .deps/libpng12_la-pngwtran.Tpo .deps/libpng12_la-pngwtran.Plo
/bin/bash ./libtool  --tag=CC   --mode=compile /usr/gcc/7/bin/gcc -DHAVE_CONFIG_H -I. -I/ws/userland/src/components/desktop/libpng12/libpng-1.2.57  -DPNG_CONFIGURE_LIBPNG  -m32  -m32 -O3 -mincoming-stack-boundary=2 -MT libpng12_la-pngmem.lo -MD -MP -MF .deps/libpng12_la-pngmem.Tpo -c -o libpng12_la-pngmem.lo `test -f 'pngmem.c' || echo '/ws/userland/src/components/desktop/libpng12/libpng-1.2.57/'`pngmem.c
libtool: compile:  /usr/gcc/7/bin/gcc -DHAVE_CONFIG_H -I. -I/ws/userland/src/components/desktop/libpng12/libpng-1.2.57 -DPNG_CONFIGURE_LIBPNG -m32 -m32 -O3 -mincoming-stack-boundary=2 -MT libpng12_la-pngmem.lo -MD -MP -MF .deps/libpng12_la-pngmem.Tpo -c /ws/userland/src/components/desktop/libpng12/libpng-1.2.57/pngmem.c  -fPIC -DPIC -o .libs/libpng12_la-pngmem.o
mv -f .deps/libpng12_la-pngmem.Tpo .deps/libpng12_la-pngmem.Plo
/bin/bash ./libtool  --tag=CC   --mode=compile /usr/gcc/7/bin/gcc -DHAVE_CONFIG_H -I. -I/ws/userland/src/components/desktop/libpng12/libpng-1.2.57  -DPNG_CONFIGURE_LIBPNG  -m32  -m32 -O3 -mincoming-stack-boundary=2 -MT libpng12_la-pngerror.lo -MD -MP -MF .deps/libpng12_la-pngerror.Tpo -c -o libpng12_la-pngerror.lo `test -f 'pngerror.c' || echo '/ws/userland/src/components/desktop/libpng12/libpng-1.2.57/'`pngerror.c
libtool: compile:  /usr/gcc/7/bin/gcc -DHAVE_CONFIG_H -I. -I/ws/userland/src/components/desktop/libpng12/libpng-1.2.57 -DPNG_CONFIGURE_LIBPNG -m32 -m32 -O3 -mincoming-stack-boundary=2 -MT libpng12_la-pngerror.lo -MD -MP -MF .deps/libpng12_la-pngerror.Tpo -c /ws/userland/src/components/desktop/libpng12/libpng-1.2.57/pngerror.c  -fPIC -DPIC -o .libs/libpng12_la-pngerror.o
mv -f .deps/libpng12_la-pngerror.Tpo .deps/libpng12_la-pngerror.Plo
/bin/bash ./libtool  --tag=CC   --mode=compile /usr/gcc/7/bin/gcc -DHAVE_CONFIG_H -I. -I/ws/userland/src/components/desktop/libpng12/libpng-1.2.57  -DPNG_CONFIGURE_LIBPNG  -m32  -m32 -O3 -mincoming-stack-boundary=2 -MT libpng12_la-pngpread.lo -MD -MP -MF .deps/libpng12_la-pngpread.Tpo -c -o libpng12_la-pngpread.lo `test -f 'pngpread.c' || echo '/ws/userland/src/components/desktop/libpng12/libpng-1.2.57/'`pngpread.c
libtool: compile:  /usr/gcc/7/bin/gcc -DHAVE_CONFIG_H -I. -I/ws/userland/src/components/desktop/libpng12/libpng-1.2.57 -DPNG_CONFIGURE_LIBPNG -m32 -m32 -O3 -mincoming-stack-boundary=2 -MT libpng12_la-pngpread.lo -MD -MP -MF .deps/libpng12_la-pngpread.Tpo -c /ws/userland/src/components/desktop/libpng12/libpng-1.2.57/pngpread.c  -fPIC -DPIC -o .libs/libpng12_la-pngpread.o
mv -f .deps/libpng12_la-pngpread.Tpo .deps/libpng12_la-pngpread.Plo
rm -f libpng.sym libpng.sym.new
/usr/gcc/7/bin/gcc -E -DPNG_CONFIGURE_LIBPNG  -m32 -DPNG_BUILDSYMS /ws/userland/src/components/desktop/libpng12/libpng-1.2.57/png.h | \
	/usr/bin/gsed -n -e \
	's|^.*PNG_FUNCTION_EXPORT[ 	]*\(['_abcdefghijklmnopqrstuvwxyzABCDEFGHIJKLMNOPQRSTUVWXYZ0123456789']*\).*$|\1|p' \
	-e 's|^.*PNG_DATA_EXPORT[ 	]*\(['_abcdefghijklmnopqrstuvwxyzABCDEFGHIJKLMNOPQRSTUVWXYZ0123456789']*\).*$|\1|p' \
		>libpng.sym.new
mv libpng.sym.new libpng.sym
rm -f libpng.vers libpng.vers.new
echo PNG12_0 '{global:' > libpng.vers.new
/usr/bin/gsed s/$/\;/ libpng.sym >> libpng.vers.new
echo 'local: *; };' >> libpng.vers.new
mv libpng.vers.new libpng.vers
/bin/bash ./libtool  --tag=CC   --mode=link /usr/gcc/7/bin/gcc  -m32 -O3 -mincoming-stack-boundary=2 -no-undefined -export-dynamic -version-number 0:57:0 -Wl,--version-script=libpng.vers  -Wl,-zgnu-version-script-compat -o libpng12.la -rpath /usr/lib libpng12_la-png.lo libpng12_la-pngset.lo libpng12_la-pngget.lo libpng12_la-pngrutil.lo libpng12_la-pngtrans.lo libpng12_la-pngwutil.lo libpng12_la-pngread.lo libpng12_la-pngrio.lo libpng12_la-pngwio.lo libpng12_la-pngwrite.lo libpng12_la-pngrtran.lo libpng12_la-pngwtran.lo libpng12_la-pngmem.lo libpng12_la-pngerror.lo libpng12_la-pngpread.lo  -lz -lm 
libtool: link: /usr/gcc/7/bin/gcc -shared  -fPIC -DPIC -Wl,-z -Wl,text -Wl,-h -Wl,libpng12.so.0 -o .libs/libpng12.so.0.57.0  .libs/libpng12_la-png.o .libs/libpng12_la-pngset.o .libs/libpng12_la-pngget.o .libs/libpng12_la-pngrutil.o .libs/libpng12_la-pngtrans.o .libs/libpng12_la-pngwutil.o .libs/libpng12_la-pngread.o .libs/libpng12_la-pngrio.o .libs/libpng12_la-pngwio.o .libs/libpng12_la-pngwrite.o .libs/libpng12_la-pngrtran.o .libs/libpng12_la-pngwtran.o .libs/libpng12_la-pngmem.o .libs/libpng12_la-pngerror.o .libs/libpng12_la-pngpread.o   -lz -lm  -m32 -O3 -mincoming-stack-boundary=2 -Wl,--version-script=libpng.vers -Wl,-zgnu-version-script-compat  
libtool: link: (cd ".libs" && rm -f "libpng12.so.0" && ln -s "libpng12.so.0.57.0" "libpng12.so.0")
libtool: link: (cd ".libs" && rm -f "libpng12.so" && ln -s "libpng12.so.0.57.0" "libpng12.so")
libtool: link: ( cd ".libs" && rm -f "libpng12.la" && ln -s "../libpng12.la" "libpng12.la" )
/bin/bash ./libtool  --tag=CC   --mode=compile /usr/gcc/7/bin/gcc -DHAVE_CONFIG_H -I. -I/ws/userland/src/components/desktop/libpng12/libpng-1.2.57  -DPNG_CONFIGURE_LIBPNG  -m32  -m32 -O3 -mincoming-stack-boundary=2 -MT libpng_la-png.lo -MD -MP -MF .deps/libpng_la-png.Tpo -c -o libpng_la-png.lo `test -f 'png.c' || echo '/ws/userland/src/components/desktop/libpng12/libpng-1.2.57/'`png.c
libtool: compile:  /usr/gcc/7/bin/gcc -DHAVE_CONFIG_H -I. -I/ws/userland/src/components/desktop/libpng12/libpng-1.2.57 -DPNG_CONFIGURE_LIBPNG -m32 -m32 -O3 -mincoming-stack-boundary=2 -MT libpng_la-png.lo -MD -MP -MF .deps/libpng_la-png.Tpo -c /ws/userland/src/components/desktop/libpng12/libpng-1.2.57/png.c  -fPIC -DPIC -o .libs/libpng_la-png.o
mv -f .deps/libpng_la-png.Tpo .deps/libpng_la-png.Plo
/bin/bash ./libtool  --tag=CC   --mode=compile /usr/gcc/7/bin/gcc -DHAVE_CONFIG_H -I. -I/ws/userland/src/components/desktop/libpng12/libpng-1.2.57  -DPNG_CONFIGURE_LIBPNG  -m32  -m32 -O3 -mincoming-stack-boundary=2 -MT libpng_la-pngset.lo -MD -MP -MF .deps/libpng_la-pngset.Tpo -c -o libpng_la-pngset.lo `test -f 'pngset.c' || echo '/ws/userland/src/components/desktop/libpng12/libpng-1.2.57/'`pngset.c
libtool: compile:  /usr/gcc/7/bin/gcc -DHAVE_CONFIG_H -I. -I/ws/userland/src/components/desktop/libpng12/libpng-1.2.57 -DPNG_CONFIGURE_LIBPNG -m32 -m32 -O3 -mincoming-stack-boundary=2 -MT libpng_la-pngset.lo -MD -MP -MF .deps/libpng_la-pngset.Tpo -c /ws/userland/src/components/desktop/libpng12/libpng-1.2.57/pngset.c  -fPIC -DPIC -o .libs/libpng_la-pngset.o
mv -f .deps/libpng_la-pngset.Tpo .deps/libpng_la-pngset.Plo
/bin/bash ./libtool  --tag=CC   --mode=compile /usr/gcc/7/bin/gcc -DHAVE_CONFIG_H -I. -I/ws/userland/src/components/desktop/libpng12/libpng-1.2.57  -DPNG_CONFIGURE_LIBPNG  -m32  -m32 -O3 -mincoming-stack-boundary=2 -MT libpng_la-pngget.lo -MD -MP -MF .deps/libpng_la-pngget.Tpo -c -o libpng_la-pngget.lo `test -f 'pngget.c' || echo '/ws/userland/src/components/desktop/libpng12/libpng-1.2.57/'`pngget.c
libtool: compile:  /usr/gcc/7/bin/gcc -DHAVE_CONFIG_H -I. -I/ws/userland/src/components/desktop/libpng12/libpng-1.2.57 -DPNG_CONFIGURE_LIBPNG -m32 -m32 -O3 -mincoming-stack-boundary=2 -MT libpng_la-pngget.lo -MD -MP -MF .deps/libpng_la-pngget.Tpo -c /ws/userland/src/components/desktop/libpng12/libpng-1.2.57/pngget.c  -fPIC -DPIC -o .libs/libpng_la-pngget.o
mv -f .deps/libpng_la-pngget.Tpo .deps/libpng_la-pngget.Plo
/bin/bash ./libtool  --tag=CC   --mode=compile /usr/gcc/7/bin/gcc -DHAVE_CONFIG_H -I. -I/ws/userland/src/components/desktop/libpng12/libpng-1.2.57  -DPNG_CONFIGURE_LIBPNG  -m32  -m32 -O3 -mincoming-stack-boundary=2 -MT libpng_la-pngrutil.lo -MD -MP -MF .deps/libpng_la-pngrutil.Tpo -c -o libpng_la-pngrutil.lo `test -f 'pngrutil.c' || echo '/ws/userland/src/components/desktop/libpng12/libpng-1.2.57/'`pngrutil.c
libtool: compile:  /usr/gcc/7/bin/gcc -DHAVE_CONFIG_H -I. -I/ws/userland/src/components/desktop/libpng12/libpng-1.2.57 -DPNG_CONFIGURE_LIBPNG -m32 -m32 -O3 -mincoming-stack-boundary=2 -MT libpng_la-pngrutil.lo -MD -MP -MF .deps/libpng_la-pngrutil.Tpo -c /ws/userland/src/components/desktop/libpng12/libpng-1.2.57/pngrutil.c  -fPIC -DPIC -o .libs/libpng_la-pngrutil.o
mv -f .deps/libpng_la-pngrutil.Tpo .deps/libpng_la-pngrutil.Plo
/bin/bash ./libtool  --tag=CC   --mode=compile /usr/gcc/7/bin/gcc -DHAVE_CONFIG_H -I. -I/ws/userland/src/components/desktop/libpng12/libpng-1.2.57  -DPNG_CONFIGURE_LIBPNG  -m32  -m32 -O3 -mincoming-stack-boundary=2 -MT libpng_la-pngtrans.lo -MD -MP -MF .deps/libpng_la-pngtrans.Tpo -c -o libpng_la-pngtrans.lo `test -f 'pngtrans.c' || echo '/ws/userland/src/components/desktop/libpng12/libpng-1.2.57/'`pngtrans.c
libtool: compile:  /usr/gcc/7/bin/gcc -DHAVE_CONFIG_H -I. -I/ws/userland/src/components/desktop/libpng12/libpng-1.2.57 -DPNG_CONFIGURE_LIBPNG -m32 -m32 -O3 -mincoming-stack-boundary=2 -MT libpng_la-pngtrans.lo -MD -MP -MF .deps/libpng_la-pngtrans.Tpo -c /ws/userland/src/components/desktop/libpng12/libpng-1.2.57/pngtrans.c  -fPIC -DPIC -o .libs/libpng_la-pngtrans.o
mv -f .deps/libpng_la-pngtrans.Tpo .deps/libpng_la-pngtrans.Plo
/bin/bash ./libtool  --tag=CC   --mode=compile /usr/gcc/7/bin/gcc -DHAVE_CONFIG_H -I. -I/ws/userland/src/components/desktop/libpng12/libpng-1.2.57  -DPNG_CONFIGURE_LIBPNG  -m32  -m32 -O3 -mincoming-stack-boundary=2 -MT libpng_la-pngwutil.lo -MD -MP -MF .deps/libpng_la-pngwutil.Tpo -c -o libpng_la-pngwutil.lo `test -f 'pngwutil.c' || echo '/ws/userland/src/components/desktop/libpng12/libpng-1.2.57/'`pngwutil.c
libtool: compile:  /usr/gcc/7/bin/gcc -DHAVE_CONFIG_H -I. -I/ws/userland/src/components/desktop/libpng12/libpng-1.2.57 -DPNG_CONFIGURE_LIBPNG -m32 -m32 -O3 -mincoming-stack-boundary=2 -MT libpng_la-pngwutil.lo -MD -MP -MF .deps/libpng_la-pngwutil.Tpo -c /ws/userland/src/components/desktop/libpng12/libpng-1.2.57/pngwutil.c  -fPIC -DPIC -o .libs/libpng_la-pngwutil.o
mv -f .deps/libpng_la-pngwutil.Tpo .deps/libpng_la-pngwutil.Plo
/bin/bash ./libtool  --tag=CC   --mode=compile /usr/gcc/7/bin/gcc -DHAVE_CONFIG_H -I. -I/ws/userland/src/components/desktop/libpng12/libpng-1.2.57  -DPNG_CONFIGURE_LIBPNG  -m32  -m32 -O3 -mincoming-stack-boundary=2 -MT libpng_la-pngread.lo -MD -MP -MF .deps/libpng_la-pngread.Tpo -c -o libpng_la-pngread.lo `test -f 'pngread.c' || echo '/ws/userland/src/components/desktop/libpng12/libpng-1.2.57/'`pngread.c
libtool: compile:  /usr/gcc/7/bin/gcc -DHAVE_CONFIG_H -I. -I/ws/userland/src/components/desktop/libpng12/libpng-1.2.57 -DPNG_CONFIGURE_LIBPNG -m32 -m32 -O3 -mincoming-stack-boundary=2 -MT libpng_la-pngread.lo -MD -MP -MF .deps/libpng_la-pngread.Tpo -c /ws/userland/src/components/desktop/libpng12/libpng-1.2.57/pngread.c  -fPIC -DPIC -o .libs/libpng_la-pngread.o
mv -f .deps/libpng_la-pngread.Tpo .deps/libpng_la-pngread.Plo
/bin/bash ./libtool  --tag=CC   --mode=compile /usr/gcc/7/bin/gcc -DHAVE_CONFIG_H -I. -I/ws/userland/src/components/desktop/libpng12/libpng-1.2.57  -DPNG_CONFIGURE_LIBPNG  -m32  -m32 -O3 -mincoming-stack-boundary=2 -MT libpng_la-pngrio.lo -MD -MP -MF .deps/libpng_la-pngrio.Tpo -c -o libpng_la-pngrio.lo `test -f 'pngrio.c' || echo '/ws/userland/src/components/desktop/libpng12/libpng-1.2.57/'`pngrio.c
libtool: compile:  /usr/gcc/7/bin/gcc -DHAVE_CONFIG_H -I. -I/ws/userland/src/components/desktop/libpng12/libpng-1.2.57 -DPNG_CONFIGURE_LIBPNG -m32 -m32 -O3 -mincoming-stack-boundary=2 -MT libpng_la-pngrio.lo -MD -MP -MF .deps/libpng_la-pngrio.Tpo -c /ws/userland/src/components/desktop/libpng12/libpng-1.2.57/pngrio.c  -fPIC -DPIC -o .libs/libpng_la-pngrio.o
mv -f .deps/libpng_la-pngrio.Tpo .deps/libpng_la-pngrio.Plo
/bin/bash ./libtool  --tag=CC   --mode=compile /usr/gcc/7/bin/gcc -DHAVE_CONFIG_H -I. -I/ws/userland/src/components/desktop/libpng12/libpng-1.2.57  -DPNG_CONFIGURE_LIBPNG  -m32  -m32 -O3 -mincoming-stack-boundary=2 -MT libpng_la-pngwio.lo -MD -MP -MF .deps/libpng_la-pngwio.Tpo -c -o libpng_la-pngwio.lo `test -f 'pngwio.c' || echo '/ws/userland/src/components/desktop/libpng12/libpng-1.2.57/'`pngwio.c
libtool: compile:  /usr/gcc/7/bin/gcc -DHAVE_CONFIG_H -I. -I/ws/userland/src/components/desktop/libpng12/libpng-1.2.57 -DPNG_CONFIGURE_LIBPNG -m32 -m32 -O3 -mincoming-stack-boundary=2 -MT libpng_la-pngwio.lo -MD -MP -MF .deps/libpng_la-pngwio.Tpo -c /ws/userland/src/components/desktop/libpng12/libpng-1.2.57/pngwio.c  -fPIC -DPIC -o .libs/libpng_la-pngwio.o
mv -f .deps/libpng_la-pngwio.Tpo .deps/libpng_la-pngwio.Plo
/bin/bash ./libtool  --tag=CC   --mode=compile /usr/gcc/7/bin/gcc -DHAVE_CONFIG_H -I. -I/ws/userland/src/components/desktop/libpng12/libpng-1.2.57  -DPNG_CONFIGURE_LIBPNG  -m32  -m32 -O3 -mincoming-stack-boundary=2 -MT libpng_la-pngwrite.lo -MD -MP -MF .deps/libpng_la-pngwrite.Tpo -c -o libpng_la-pngwrite.lo `test -f 'pngwrite.c' || echo '/ws/userland/src/components/desktop/libpng12/libpng-1.2.57/'`pngwrite.c
libtool: compile:  /usr/gcc/7/bin/gcc -DHAVE_CONFIG_H -I. -I/ws/userland/src/components/desktop/libpng12/libpng-1.2.57 -DPNG_CONFIGURE_LIBPNG -m32 -m32 -O3 -mincoming-stack-boundary=2 -MT libpng_la-pngwrite.lo -MD -MP -MF .deps/libpng_la-pngwrite.Tpo -c /ws/userland/src/components/desktop/libpng12/libpng-1.2.57/pngwrite.c  -fPIC -DPIC -o .libs/libpng_la-pngwrite.o
mv -f .deps/libpng_la-pngwrite.Tpo .deps/libpng_la-pngwrite.Plo
/bin/bash ./libtool  --tag=CC   --mode=compile /usr/gcc/7/bin/gcc -DHAVE_CONFIG_H -I. -I/ws/userland/src/components/desktop/libpng12/libpng-1.2.57  -DPNG_CONFIGURE_LIBPNG  -m32  -m32 -O3 -mincoming-stack-boundary=2 -MT libpng_la-pngrtran.lo -MD -MP -MF .deps/libpng_la-pngrtran.Tpo -c -o libpng_la-pngrtran.lo `test -f 'pngrtran.c' || echo '/ws/userland/src/components/desktop/libpng12/libpng-1.2.57/'`pngrtran.c
libtool: compile:  /usr/gcc/7/bin/gcc -DHAVE_CONFIG_H -I. -I/ws/userland/src/components/desktop/libpng12/libpng-1.2.57 -DPNG_CONFIGURE_LIBPNG -m32 -m32 -O3 -mincoming-stack-boundary=2 -MT libpng_la-pngrtran.lo -MD -MP -MF .deps/libpng_la-pngrtran.Tpo -c /ws/userland/src/components/desktop/libpng12/libpng-1.2.57/pngrtran.c  -fPIC -DPIC -o .libs/libpng_la-pngrtran.o
mv -f .deps/libpng_la-pngrtran.Tpo .deps/libpng_la-pngrtran.Plo
/bin/bash ./libtool  --tag=CC   --mode=compile /usr/gcc/7/bin/gcc -DHAVE_CONFIG_H -I. -I/ws/userland/src/components/desktop/libpng12/libpng-1.2.57  -DPNG_CONFIGURE_LIBPNG  -m32  -m32 -O3 -mincoming-stack-boundary=2 -MT libpng_la-pngwtran.lo -MD -MP -MF .deps/libpng_la-pngwtran.Tpo -c -o libpng_la-pngwtran.lo `test -f 'pngwtran.c' || echo '/ws/userland/src/components/desktop/libpng12/libpng-1.2.57/'`pngwtran.c
libtool: compile:  /usr/gcc/7/bin/gcc -DHAVE_CONFIG_H -I. -I/ws/userland/src/components/desktop/libpng12/libpng-1.2.57 -DPNG_CONFIGURE_LIBPNG -m32 -m32 -O3 -mincoming-stack-boundary=2 -MT libpng_la-pngwtran.lo -MD -MP -MF .deps/libpng_la-pngwtran.Tpo -c /ws/userland/src/components/desktop/libpng12/libpng-1.2.57/pngwtran.c  -fPIC -DPIC -o .libs/libpng_la-pngwtran.o
mv -f .deps/libpng_la-pngwtran.Tpo .deps/libpng_la-pngwtran.Plo
/bin/bash ./libtool  --tag=CC   --mode=compile /usr/gcc/7/bin/gcc -DHAVE_CONFIG_H -I. -I/ws/userland/src/components/desktop/libpng12/libpng-1.2.57  -DPNG_CONFIGURE_LIBPNG  -m32  -m32 -O3 -mincoming-stack-boundary=2 -MT libpng_la-pngmem.lo -MD -MP -MF .deps/libpng_la-pngmem.Tpo -c -o libpng_la-pngmem.lo `test -f 'pngmem.c' || echo '/ws/userland/src/components/desktop/libpng12/libpng-1.2.57/'`pngmem.c
libtool: compile:  /usr/gcc/7/bin/gcc -DHAVE_CONFIG_H -I. -I/ws/userland/src/components/desktop/libpng12/libpng-1.2.57 -DPNG_CONFIGURE_LIBPNG -m32 -m32 -O3 -mincoming-stack-boundary=2 -MT libpng_la-pngmem.lo -MD -MP -MF .deps/libpng_la-pngmem.Tpo -c /ws/userland/src/components/desktop/libpng12/libpng-1.2.57/pngmem.c  -fPIC -DPIC -o .libs/libpng_la-pngmem.o
mv -f .deps/libpng_la-pngmem.Tpo .deps/libpng_la-pngmem.Plo
/bin/bash ./libtool  --tag=CC   --mode=compile /usr/gcc/7/bin/gcc -DHAVE_CONFIG_H -I. -I/ws/userland/src/components/desktop/libpng12/libpng-1.2.57  -DPNG_CONFIGURE_LIBPNG  -m32  -m32 -O3 -mincoming-stack-boundary=2 -MT libpng_la-pngerror.lo -MD -MP -MF .deps/libpng_la-pngerror.Tpo -c -o libpng_la-pngerror.lo `test -f 'pngerror.c' || echo '/ws/userland/src/components/desktop/libpng12/libpng-1.2.57/'`pngerror.c
libtool: compile:  /usr/gcc/7/bin/gcc -DHAVE_CONFIG_H -I. -I/ws/userland/src/components/desktop/libpng12/libpng-1.2.57 -DPNG_CONFIGURE_LIBPNG -m32 -m32 -O3 -mincoming-stack-boundary=2 -MT libpng_la-pngerror.lo -MD -MP -MF .deps/libpng_la-pngerror.Tpo -c /ws/userland/src/components/desktop/libpng12/libpng-1.2.57/pngerror.c  -fPIC -DPIC -o .libs/libpng_la-pngerror.o
mv -f .deps/libpng_la-pngerror.Tpo .deps/libpng_la-pngerror.Plo
/bin/bash ./libtool  --tag=CC   --mode=compile /usr/gcc/7/bin/gcc -DHAVE_CONFIG_H -I. -I/ws/userland/src/components/desktop/libpng12/libpng-1.2.57  -DPNG_CONFIGURE_LIBPNG  -m32  -m32 -O3 -mincoming-stack-boundary=2 -MT libpng_la-pngpread.lo -MD -MP -MF .deps/libpng_la-pngpread.Tpo -c -o libpng_la-pngpread.lo `test -f 'pngpread.c' || echo '/ws/userland/src/components/desktop/libpng12/libpng-1.2.57/'`pngpread.c
libtool: compile:  /usr/gcc/7/bin/gcc -DHAVE_CONFIG_H -I. -I/ws/userland/src/components/desktop/libpng12/libpng-1.2.57 -DPNG_CONFIGURE_LIBPNG -m32 -m32 -O3 -mincoming-stack-boundary=2 -MT libpng_la-pngpread.lo -MD -MP -MF .deps/libpng_la-pngpread.Tpo -c /ws/userland/src/components/desktop/libpng12/libpng-1.2.57/pngpread.c  -fPIC -DPIC -o .libs/libpng_la-pngpread.o
mv -f .deps/libpng_la-pngpread.Tpo .deps/libpng_la-pngpread.Plo
/bin/bash ./libtool  --tag=CC   --mode=link /usr/gcc/7/bin/gcc  -m32 -O3 -mincoming-stack-boundary=2 -rpath '/usr/lib' -no-undefined -export-dynamic -version-number 3:57:0 -Wl,-zgnu-version-script-compat -o libpng.la  libpng_la-png.lo libpng_la-pngset.lo libpng_la-pngget.lo libpng_la-pngrutil.lo libpng_la-pngtrans.lo libpng_la-pngwutil.lo libpng_la-pngread.lo libpng_la-pngrio.lo libpng_la-pngwio.lo libpng_la-pngwrite.lo libpng_la-pngrtran.lo libpng_la-pngwtran.lo libpng_la-pngmem.lo libpng_la-pngerror.lo libpng_la-pngpread.lo  -lz -lm 
libtool: link: /usr/gcc/7/bin/gcc -shared  -fPIC -DPIC -Wl,-z -Wl,text -Wl,-h -Wl,libpng.so.3 -o .libs/libpng.so.3.57.0  .libs/libpng_la-png.o .libs/libpng_la-pngset.o .libs/libpng_la-pngget.o .libs/libpng_la-pngrutil.o .libs/libpng_la-pngtrans.o .libs/libpng_la-pngwutil.o .libs/libpng_la-pngread.o .libs/libpng_la-pngrio.o .libs/libpng_la-pngwio.o .libs/libpng_la-pngwrite.o .libs/libpng_la-pngrtran.o .libs/libpng_la-pngwtran.o .libs/libpng_la-pngmem.o .libs/libpng_la-pngerror.o .libs/libpng_la-pngpread.o   -lz -lm  -m32 -O3 -mincoming-stack-boundary=2 -Wl,-zgnu-version-script-compat  
libtool: link: (cd ".libs" && rm -f "libpng.so.3" && ln -s "libpng.so.3.57.0" "libpng.so.3")
libtool: link: (cd ".libs" && rm -f "libpng.so" && ln -s "libpng.so.3.57.0" "libpng.so")
libtool: link: ( cd ".libs" && rm -f "libpng.la" && ln -s "../libpng.la" "libpng.la" )
cp libpng-config libpng12-config
cp libpng.pc libpng12.pc
make[2]: Leaving directory '/ws/userland/src/components/desktop/libpng12/build/i86'
make[1]: Leaving directory '/ws/userland/src/components/desktop/libpng12/build/i86'
/usr/bin/touch /ws/userland/src/components/desktop/libpng12/build/i86/.built
(/bin/rm -f -rf /ws/userland/src/components/desktop/libpng12/build/amd64 ; /bin/mkdir -p /ws/userland/src/components/desktop/libpng12/build/amd64)
(cd /ws/userland/src/components/desktop/libpng12/build/amd64 ; /usr/bin/env CONFIG_SHELL="/bin/bash" PKG_CONFIG_PATH="/usr/lib/amd64/pkgconfig" CC="/usr/gcc/7/bin/gcc" CXX="/usr/gcc/7/bin/g++" PATH="/usr/bin/amd64:/usr/bin:/usr/gnu/bin" CC_FOR_BUILD="/usr/gcc/7/bin/gcc -m64" CXX_FOR_BUILD="/usr/gcc/7/bin/g++ -m64" CPPFLAGS="-m64" "ac_cv_func_realloc_0_nonnull=yes" "NM=/usr/gnu/bin/nm" INTLTOOL_PERL="/usr/perl5/5.22/bin/perl" CFLAGS="-m64 -O3" CXXFLAGS="-m64 -O3" LDFLAGS="-Wl,-zgnu-version-script-compat" /bin/bash \
	/ws/userland/src/components/desktop/libpng12/libpng-1.2.57/configure --prefix=/usr --mandir=/usr/share/man --bindir=/usr/bin/amd64 --sbindir=/usr/sbin/amd64 --libdir=/usr/lib/amd64    --disable-static)
checking for a BSD-compatible install... /usr/bin/ginstall -c
checking whether build environment is sane... yes
checking for a thread-safe mkdir -p... /usr/bin/gmkdir -p
checking for gawk... gawk
checking whether make sets $(MAKE)... yes
checking whether make supports nested variables... yes
checking whether to enable maintainer-specific portions of Makefiles... no
checking for gcc... /usr/gcc/7/bin/gcc
checking whether the C compiler works... yes
checking for C compiler default output file name... a.out
checking for suffix of executables... 
checking whether we are cross compiling... no
checking for suffix of object files... o
checking whether we are using the GNU C compiler... yes
checking whether /usr/gcc/7/bin/gcc accepts -g... yes
checking for /usr/gcc/7/bin/gcc option to accept ISO C89... none needed
checking whether /usr/gcc/7/bin/gcc understands -c and -o together... yes
checking for style of include used by make... GNU
checking dependency style of /usr/gcc/7/bin/gcc... gcc3
checking build system type... x86_64-pc-solaris2.11
checking host system type... x86_64-pc-solaris2.11
checking for a sed that does not truncate output... /usr/bin/gsed
checking for grep that handles long lines and -e... /usr/bin/ggrep
checking for egrep... /usr/bin/ggrep -E
checking for fgrep... /usr/bin/ggrep -F
checking how to print strings... print -r
checking for ld used by /usr/gcc/7/bin/gcc... /usr/bin/ld
checking if the linker (/usr/bin/ld) is GNU ld... no
checking how to run the C preprocessor... /usr/gcc/7/bin/gcc -E
checking for sed... /usr/bin/gsed
checking whether ln -s works... yes
checking whether make sets $(MAKE)... (cached) yes
checking for BSD- or MS-compatible name lister (nm)... /usr/gnu/bin/nm
checking the name lister (/usr/gnu/bin/nm) interface... BSD nm
checking the maximum length of command line arguments... 1572480
checking how to convert x86_64-pc-solaris2.11 file names to x86_64-pc-solaris2.11 format... func_convert_file_noop
checking how to convert x86_64-pc-solaris2.11 file names to toolchain format... func_convert_file_noop
checking for /usr/bin/ld option to reload object files... -r
checking for objdump... objdump
checking how to recognize dependent libraries... pass_all
checking for dlltool... dlltool
checking how to associate runtime and link libraries... print -r --
checking for ar... ar
checking for archiver @FILE support... no
checking for strip... strip
checking for ranlib... ranlib
checking command to parse /usr/gnu/bin/nm output from /usr/gcc/7/bin/gcc object... ok
checking for sysroot... no
checking for a working dd... /usr/bin/dd
checking how to truncate binary pipes... /usr/bin/dd bs=4096 count=1
checking for mt... mt
checking if mt is a manifest tool... no
checking for ANSI C header files... yes
checking for sys/types.h... yes
checking for sys/stat.h... yes
checking for stdlib.h... yes
checking for string.h... yes
checking for memory.h... yes
checking for strings.h... yes
checking for inttypes.h... yes
checking for stdint.h... yes
checking for unistd.h... yes
checking for dlfcn.h... yes
checking for objdir... .libs
checking if /usr/gcc/7/bin/gcc supports -fno-rtti -fno-exceptions... no
checking for /usr/gcc/7/bin/gcc option to produce PIC... -fPIC -DPIC
checking if /usr/gcc/7/bin/gcc PIC flag -fPIC -DPIC works... yes
checking if /usr/gcc/7/bin/gcc static flag -static works... no
checking if /usr/gcc/7/bin/gcc supports -c -o file.o... yes
checking if /usr/gcc/7/bin/gcc supports -c -o file.o... (cached) yes
checking whether the /usr/gcc/7/bin/gcc linker (/usr/bin/ld -64) supports shared libraries... yes
checking whether -lc should be explicitly linked in... no
checking dynamic linker characteristics... solaris2.11 ld.so
checking how to hardcode library paths into programs... immediate
checking whether stripping libraries is possible... no
checking if libtool supports shared libraries... yes
checking whether to build shared libraries... yes
checking whether to build static libraries... no
checking for ANSI C header files... (cached) yes
checking malloc.h usability... yes
checking malloc.h presence... yes
checking for malloc.h... yes
checking for stdlib.h... (cached) yes
checking for string.h... (cached) yes
checking for strings.h... (cached) yes
checking for an ANSI C-conforming const... yes
checking for size_t... yes
checking whether struct tm is in sys/time.h or time.h... time.h
checking for working strtod... yes
checking for memset... yes
checking for pow... no
checking for pow in -lm... yes
checking for zlibVersion in -lz... yes
checking if assembler code in pnggccrd.c can be compiled without PNG_NO_MMX_CODE... yes
checking if libraries can be versioned... yes
checking for symbol prefix... 
configure: pkgconfig directory is ${libdir}/pkgconfig
checking that generated files are newer than configure... done
configure: creating ./config.status
config.status: creating Makefile
config.status: creating libpng.pc
config.status: creating libpng-config
config.status: creating config.h
config.status: executing depfiles commands
config.status: executing libtool commands
/usr/bin/touch /ws/userland/src/components/desktop/libpng12/build/amd64/.configured
(cd /ws/userland/src/components/desktop/libpng12/build/amd64 ; /usr/bin/env LD_OPTIONS="-M /usr/lib/ld/map.noexdata -M /usr/lib/ld/map.pagealign -Bdirect -zignore -zstrip-class=comment" LD_EXEC_OPTIONS=" -zsx=aslr=enable -zsx=nxstack=enable -zsx=nxheap=enable " LD_PIE_OPTIONS="-zsx=aslr=enable -zsx=nxstack=enable -zsx=nxheap=enable "  PKG_CONFIG_PATH="/usr/lib/amd64/pkgconfig" "ac_cv_func_realloc_0_nonnull=yes" INTLTOOL_PERL="/usr/perl5/5.22/bin/perl" \
	/usr/gnu/bin/make  )
make[1]: Entering directory '/ws/userland/src/components/desktop/libpng12/build/amd64'
/usr/gnu/bin/make  all-am
make[2]: Entering directory '/ws/userland/src/components/desktop/libpng12/build/amd64'
/bin/bash ./libtool  --tag=CC   --mode=compile /usr/gcc/7/bin/gcc -DHAVE_CONFIG_H -I. -I/ws/userland/src/components/desktop/libpng12/libpng-1.2.57  -DPNG_CONFIGURE_LIBPNG  -m64  -m64 -O3 -MT libpng12_la-png.lo -MD -MP -MF .deps/libpng12_la-png.Tpo -c -o libpng12_la-png.lo `test -f 'png.c' || echo '/ws/userland/src/components/desktop/libpng12/libpng-1.2.57/'`png.c
libtool: compile:  /usr/gcc/7/bin/gcc -DHAVE_CONFIG_H -I. -I/ws/userland/src/components/desktop/libpng12/libpng-1.2.57 -DPNG_CONFIGURE_LIBPNG -m64 -m64 -O3 -MT libpng12_la-png.lo -MD -MP -MF .deps/libpng12_la-png.Tpo -c /ws/userland/src/components/desktop/libpng12/libpng-1.2.57/png.c  -fPIC -DPIC -o .libs/libpng12_la-png.o
mv -f .deps/libpng12_la-png.Tpo .deps/libpng12_la-png.Plo
/bin/bash ./libtool  --tag=CC   --mode=compile /usr/gcc/7/bin/gcc -DHAVE_CONFIG_H -I. -I/ws/userland/src/components/desktop/libpng12/libpng-1.2.57  -DPNG_CONFIGURE_LIBPNG  -m64  -m64 -O3 -MT libpng12_la-pngset.lo -MD -MP -MF .deps/libpng12_la-pngset.Tpo -c -o libpng12_la-pngset.lo `test -f 'pngset.c' || echo '/ws/userland/src/components/desktop/libpng12/libpng-1.2.57/'`pngset.c
libtool: compile:  /usr/gcc/7/bin/gcc -DHAVE_CONFIG_H -I. -I/ws/userland/src/components/desktop/libpng12/libpng-1.2.57 -DPNG_CONFIGURE_LIBPNG -m64 -m64 -O3 -MT libpng12_la-pngset.lo -MD -MP -MF .deps/libpng12_la-pngset.Tpo -c /ws/userland/src/components/desktop/libpng12/libpng-1.2.57/pngset.c  -fPIC -DPIC -o .libs/libpng12_la-pngset.o
mv -f .deps/libpng12_la-pngset.Tpo .deps/libpng12_la-pngset.Plo
/bin/bash ./libtool  --tag=CC   --mode=compile /usr/gcc/7/bin/gcc -DHAVE_CONFIG_H -I. -I/ws/userland/src/components/desktop/libpng12/libpng-1.2.57  -DPNG_CONFIGURE_LIBPNG  -m64  -m64 -O3 -MT libpng12_la-pngget.lo -MD -MP -MF .deps/libpng12_la-pngget.Tpo -c -o libpng12_la-pngget.lo `test -f 'pngget.c' || echo '/ws/userland/src/components/desktop/libpng12/libpng-1.2.57/'`pngget.c
libtool: compile:  /usr/gcc/7/bin/gcc -DHAVE_CONFIG_H -I. -I/ws/userland/src/components/desktop/libpng12/libpng-1.2.57 -DPNG_CONFIGURE_LIBPNG -m64 -m64 -O3 -MT libpng12_la-pngget.lo -MD -MP -MF .deps/libpng12_la-pngget.Tpo -c /ws/userland/src/components/desktop/libpng12/libpng-1.2.57/pngget.c  -fPIC -DPIC -o .libs/libpng12_la-pngget.o
mv -f .deps/libpng12_la-pngget.Tpo .deps/libpng12_la-pngget.Plo
/bin/bash ./libtool  --tag=CC   --mode=compile /usr/gcc/7/bin/gcc -DHAVE_CONFIG_H -I. -I/ws/userland/src/components/desktop/libpng12/libpng-1.2.57  -DPNG_CONFIGURE_LIBPNG  -m64  -m64 -O3 -MT libpng12_la-pngrutil.lo -MD -MP -MF .deps/libpng12_la-pngrutil.Tpo -c -o libpng12_la-pngrutil.lo `test -f 'pngrutil.c' || echo '/ws/userland/src/components/desktop/libpng12/libpng-1.2.57/'`pngrutil.c
libtool: compile:  /usr/gcc/7/bin/gcc -DHAVE_CONFIG_H -I. -I/ws/userland/src/components/desktop/libpng12/libpng-1.2.57 -DPNG_CONFIGURE_LIBPNG -m64 -m64 -O3 -MT libpng12_la-pngrutil.lo -MD -MP -MF .deps/libpng12_la-pngrutil.Tpo -c /ws/userland/src/components/desktop/libpng12/libpng-1.2.57/pngrutil.c  -fPIC -DPIC -o .libs/libpng12_la-pngrutil.o
mv -f .deps/libpng12_la-pngrutil.Tpo .deps/libpng12_la-pngrutil.Plo
/bin/bash ./libtool  --tag=CC   --mode=compile /usr/gcc/7/bin/gcc -DHAVE_CONFIG_H -I. -I/ws/userland/src/components/desktop/libpng12/libpng-1.2.57  -DPNG_CONFIGURE_LIBPNG  -m64  -m64 -O3 -MT libpng12_la-pngtrans.lo -MD -MP -MF .deps/libpng12_la-pngtrans.Tpo -c -o libpng12_la-pngtrans.lo `test -f 'pngtrans.c' || echo '/ws/userland/src/components/desktop/libpng12/libpng-1.2.57/'`pngtrans.c
libtool: compile:  /usr/gcc/7/bin/gcc -DHAVE_CONFIG_H -I. -I/ws/userland/src/components/desktop/libpng12/libpng-1.2.57 -DPNG_CONFIGURE_LIBPNG -m64 -m64 -O3 -MT libpng12_la-pngtrans.lo -MD -MP -MF .deps/libpng12_la-pngtrans.Tpo -c /ws/userland/src/components/desktop/libpng12/libpng-1.2.57/pngtrans.c  -fPIC -DPIC -o .libs/libpng12_la-pngtrans.o
mv -f .deps/libpng12_la-pngtrans.Tpo .deps/libpng12_la-pngtrans.Plo
/bin/bash ./libtool  --tag=CC   --mode=compile /usr/gcc/7/bin/gcc -DHAVE_CONFIG_H -I. -I/ws/userland/src/components/desktop/libpng12/libpng-1.2.57  -DPNG_CONFIGURE_LIBPNG  -m64  -m64 -O3 -MT libpng12_la-pngwutil.lo -MD -MP -MF .deps/libpng12_la-pngwutil.Tpo -c -o libpng12_la-pngwutil.lo `test -f 'pngwutil.c' || echo '/ws/userland/src/components/desktop/libpng12/libpng-1.2.57/'`pngwutil.c
libtool: compile:  /usr/gcc/7/bin/gcc -DHAVE_CONFIG_H -I. -I/ws/userland/src/components/desktop/libpng12/libpng-1.2.57 -DPNG_CONFIGURE_LIBPNG -m64 -m64 -O3 -MT libpng12_la-pngwutil.lo -MD -MP -MF .deps/libpng12_la-pngwutil.Tpo -c /ws/userland/src/components/desktop/libpng12/libpng-1.2.57/pngwutil.c  -fPIC -DPIC -o .libs/libpng12_la-pngwutil.o
mv -f .deps/libpng12_la-pngwutil.Tpo .deps/libpng12_la-pngwutil.Plo
/bin/bash ./libtool  --tag=CC   --mode=compile /usr/gcc/7/bin/gcc -DHAVE_CONFIG_H -I. -I/ws/userland/src/components/desktop/libpng12/libpng-1.2.57  -DPNG_CONFIGURE_LIBPNG  -m64  -m64 -O3 -MT libpng12_la-pngread.lo -MD -MP -MF .deps/libpng12_la-pngread.Tpo -c -o libpng12_la-pngread.lo `test -f 'pngread.c' || echo '/ws/userland/src/components/desktop/libpng12/libpng-1.2.57/'`pngread.c
libtool: compile:  /usr/gcc/7/bin/gcc -DHAVE_CONFIG_H -I. -I/ws/userland/src/components/desktop/libpng12/libpng-1.2.57 -DPNG_CONFIGURE_LIBPNG -m64 -m64 -O3 -MT libpng12_la-pngread.lo -MD -MP -MF .deps/libpng12_la-pngread.Tpo -c /ws/userland/src/components/desktop/libpng12/libpng-1.2.57/pngread.c  -fPIC -DPIC -o .libs/libpng12_la-pngread.o
mv -f .deps/libpng12_la-pngread.Tpo .deps/libpng12_la-pngread.Plo
/bin/bash ./libtool  --tag=CC   --mode=compile /usr/gcc/7/bin/gcc -DHAVE_CONFIG_H -I. -I/ws/userland/src/components/desktop/libpng12/libpng-1.2.57  -DPNG_CONFIGURE_LIBPNG  -m64  -m64 -O3 -MT libpng12_la-pngrio.lo -MD -MP -MF .deps/libpng12_la-pngrio.Tpo -c -o libpng12_la-pngrio.lo `test -f 'pngrio.c' || echo '/ws/userland/src/components/desktop/libpng12/libpng-1.2.57/'`pngrio.c
libtool: compile:  /usr/gcc/7/bin/gcc -DHAVE_CONFIG_H -I. -I/ws/userland/src/components/desktop/libpng12/libpng-1.2.57 -DPNG_CONFIGURE_LIBPNG -m64 -m64 -O3 -MT libpng12_la-pngrio.lo -MD -MP -MF .deps/libpng12_la-pngrio.Tpo -c /ws/userland/src/components/desktop/libpng12/libpng-1.2.57/pngrio.c  -fPIC -DPIC -o .libs/libpng12_la-pngrio.o
mv -f .deps/libpng12_la-pngrio.Tpo .deps/libpng12_la-pngrio.Plo
/bin/bash ./libtool  --tag=CC   --mode=compile /usr/gcc/7/bin/gcc -DHAVE_CONFIG_H -I. -I/ws/userland/src/components/desktop/libpng12/libpng-1.2.57  -DPNG_CONFIGURE_LIBPNG  -m64  -m64 -O3 -MT libpng12_la-pngwio.lo -MD -MP -MF .deps/libpng12_la-pngwio.Tpo -c -o libpng12_la-pngwio.lo `test -f 'pngwio.c' || echo '/ws/userland/src/components/desktop/libpng12/libpng-1.2.57/'`pngwio.c
libtool: compile:  /usr/gcc/7/bin/gcc -DHAVE_CONFIG_H -I. -I/ws/userland/src/components/desktop/libpng12/libpng-1.2.57 -DPNG_CONFIGURE_LIBPNG -m64 -m64 -O3 -MT libpng12_la-pngwio.lo -MD -MP -MF .deps/libpng12_la-pngwio.Tpo -c /ws/userland/src/components/desktop/libpng12/libpng-1.2.57/pngwio.c  -fPIC -DPIC -o .libs/libpng12_la-pngwio.o
mv -f .deps/libpng12_la-pngwio.Tpo .deps/libpng12_la-pngwio.Plo
/bin/bash ./libtool  --tag=CC   --mode=compile /usr/gcc/7/bin/gcc -DHAVE_CONFIG_H -I. -I/ws/userland/src/components/desktop/libpng12/libpng-1.2.57  -DPNG_CONFIGURE_LIBPNG  -m64  -m64 -O3 -MT libpng12_la-pngwrite.lo -MD -MP -MF .deps/libpng12_la-pngwrite.Tpo -c -o libpng12_la-pngwrite.lo `test -f 'pngwrite.c' || echo '/ws/userland/src/components/desktop/libpng12/libpng-1.2.57/'`pngwrite.c
libtool: compile:  /usr/gcc/7/bin/gcc -DHAVE_CONFIG_H -I. -I/ws/userland/src/components/desktop/libpng12/libpng-1.2.57 -DPNG_CONFIGURE_LIBPNG -m64 -m64 -O3 -MT libpng12_la-pngwrite.lo -MD -MP -MF .deps/libpng12_la-pngwrite.Tpo -c /ws/userland/src/components/desktop/libpng12/libpng-1.2.57/pngwrite.c  -fPIC -DPIC -o .libs/libpng12_la-pngwrite.o
mv -f .deps/libpng12_la-pngwrite.Tpo .deps/libpng12_la-pngwrite.Plo
/bin/bash ./libtool  --tag=CC   --mode=compile /usr/gcc/7/bin/gcc -DHAVE_CONFIG_H -I. -I/ws/userland/src/components/desktop/libpng12/libpng-1.2.57  -DPNG_CONFIGURE_LIBPNG  -m64  -m64 -O3 -MT libpng12_la-pngrtran.lo -MD -MP -MF .deps/libpng12_la-pngrtran.Tpo -c -o libpng12_la-pngrtran.lo `test -f 'pngrtran.c' || echo '/ws/userland/src/components/desktop/libpng12/libpng-1.2.57/'`pngrtran.c
libtool: compile:  /usr/gcc/7/bin/gcc -DHAVE_CONFIG_H -I. -I/ws/userland/src/components/desktop/libpng12/libpng-1.2.57 -DPNG_CONFIGURE_LIBPNG -m64 -m64 -O3 -MT libpng12_la-pngrtran.lo -MD -MP -MF .deps/libpng12_la-pngrtran.Tpo -c /ws/userland/src/components/desktop/libpng12/libpng-1.2.57/pngrtran.c  -fPIC -DPIC -o .libs/libpng12_la-pngrtran.o
mv -f .deps/libpng12_la-pngrtran.Tpo .deps/libpng12_la-pngrtran.Plo
/bin/bash ./libtool  --tag=CC   --mode=compile /usr/gcc/7/bin/gcc -DHAVE_CONFIG_H -I. -I/ws/userland/src/components/desktop/libpng12/libpng-1.2.57  -DPNG_CONFIGURE_LIBPNG  -m64  -m64 -O3 -MT libpng12_la-pngwtran.lo -MD -MP -MF .deps/libpng12_la-pngwtran.Tpo -c -o libpng12_la-pngwtran.lo `test -f 'pngwtran.c' || echo '/ws/userland/src/components/desktop/libpng12/libpng-1.2.57/'`pngwtran.c
libtool: compile:  /usr/gcc/7/bin/gcc -DHAVE_CONFIG_H -I. -I/ws/userland/src/components/desktop/libpng12/libpng-1.2.57 -DPNG_CONFIGURE_LIBPNG -m64 -m64 -O3 -MT libpng12_la-pngwtran.lo -MD -MP -MF .deps/libpng12_la-pngwtran.Tpo -c /ws/userland/src/components/desktop/libpng12/libpng-1.2.57/pngwtran.c  -fPIC -DPIC -o .libs/libpng12_la-pngwtran.o
mv -f .deps/libpng12_la-pngwtran.Tpo .deps/libpng12_la-pngwtran.Plo
/bin/bash ./libtool  --tag=CC   --mode=compile /usr/gcc/7/bin/gcc -DHAVE_CONFIG_H -I. -I/ws/userland/src/components/desktop/libpng12/libpng-1.2.57  -DPNG_CONFIGURE_LIBPNG  -m64  -m64 -O3 -MT libpng12_la-pngmem.lo -MD -MP -MF .deps/libpng12_la-pngmem.Tpo -c -o libpng12_la-pngmem.lo `test -f 'pngmem.c' || echo '/ws/userland/src/components/desktop/libpng12/libpng-1.2.57/'`pngmem.c
libtool: compile:  /usr/gcc/7/bin/gcc -DHAVE_CONFIG_H -I. -I/ws/userland/src/components/desktop/libpng12/libpng-1.2.57 -DPNG_CONFIGURE_LIBPNG -m64 -m64 -O3 -MT libpng12_la-pngmem.lo -MD -MP -MF .deps/libpng12_la-pngmem.Tpo -c /ws/userland/src/components/desktop/libpng12/libpng-1.2.57/pngmem.c  -fPIC -DPIC -o .libs/libpng12_la-pngmem.o
mv -f .deps/libpng12_la-pngmem.Tpo .deps/libpng12_la-pngmem.Plo
/bin/bash ./libtool  --tag=CC   --mode=compile /usr/gcc/7/bin/gcc -DHAVE_CONFIG_H -I. -I/ws/userland/src/components/desktop/libpng12/libpng-1.2.57  -DPNG_CONFIGURE_LIBPNG  -m64  -m64 -O3 -MT libpng12_la-pngerror.lo -MD -MP -MF .deps/libpng12_la-pngerror.Tpo -c -o libpng12_la-pngerror.lo `test -f 'pngerror.c' || echo '/ws/userland/src/components/desktop/libpng12/libpng-1.2.57/'`pngerror.c
libtool: compile:  /usr/gcc/7/bin/gcc -DHAVE_CONFIG_H -I. -I/ws/userland/src/components/desktop/libpng12/libpng-1.2.57 -DPNG_CONFIGURE_LIBPNG -m64 -m64 -O3 -MT libpng12_la-pngerror.lo -MD -MP -MF .deps/libpng12_la-pngerror.Tpo -c /ws/userland/src/components/desktop/libpng12/libpng-1.2.57/pngerror.c  -fPIC -DPIC -o .libs/libpng12_la-pngerror.o
mv -f .deps/libpng12_la-pngerror.Tpo .deps/libpng12_la-pngerror.Plo
/bin/bash ./libtool  --tag=CC   --mode=compile /usr/gcc/7/bin/gcc -DHAVE_CONFIG_H -I. -I/ws/userland/src/components/desktop/libpng12/libpng-1.2.57  -DPNG_CONFIGURE_LIBPNG  -m64  -m64 -O3 -MT libpng12_la-pngpread.lo -MD -MP -MF .deps/libpng12_la-pngpread.Tpo -c -o libpng12_la-pngpread.lo `test -f 'pngpread.c' || echo '/ws/userland/src/components/desktop/libpng12/libpng-1.2.57/'`pngpread.c
libtool: compile:  /usr/gcc/7/bin/gcc -DHAVE_CONFIG_H -I. -I/ws/userland/src/components/desktop/libpng12/libpng-1.2.57 -DPNG_CONFIGURE_LIBPNG -m64 -m64 -O3 -MT libpng12_la-pngpread.lo -MD -MP -MF .deps/libpng12_la-pngpread.Tpo -c /ws/userland/src/components/desktop/libpng12/libpng-1.2.57/pngpread.c  -fPIC -DPIC -o .libs/libpng12_la-pngpread.o
mv -f .deps/libpng12_la-pngpread.Tpo .deps/libpng12_la-pngpread.Plo
rm -f libpng.sym libpng.sym.new
/usr/gcc/7/bin/gcc -E -DPNG_CONFIGURE_LIBPNG  -m64 -DPNG_BUILDSYMS /ws/userland/src/components/desktop/libpng12/libpng-1.2.57/png.h | \
	/usr/bin/gsed -n -e \
	's|^.*PNG_FUNCTION_EXPORT[ 	]*\(['_abcdefghijklmnopqrstuvwxyzABCDEFGHIJKLMNOPQRSTUVWXYZ0123456789']*\).*$|\1|p' \
	-e 's|^.*PNG_DATA_EXPORT[ 	]*\(['_abcdefghijklmnopqrstuvwxyzABCDEFGHIJKLMNOPQRSTUVWXYZ0123456789']*\).*$|\1|p' \
		>libpng.sym.new
mv libpng.sym.new libpng.sym
rm -f libpng.vers libpng.vers.new
echo PNG12_0 '{global:' > libpng.vers.new
/usr/bin/gsed s/$/\;/ libpng.sym >> libpng.vers.new
echo 'local: *; };' >> libpng.vers.new
mv libpng.vers.new libpng.vers
/bin/bash ./libtool  --tag=CC   --mode=link /usr/gcc/7/bin/gcc  -m64 -O3 -no-undefined -export-dynamic -version-number 0:57:0 -Wl,--version-script=libpng.vers  -Wl,-zgnu-version-script-compat -o libpng12.la -rpath /usr/lib/amd64 libpng12_la-png.lo libpng12_la-pngset.lo libpng12_la-pngget.lo libpng12_la-pngrutil.lo libpng12_la-pngtrans.lo libpng12_la-pngwutil.lo libpng12_la-pngread.lo libpng12_la-pngrio.lo libpng12_la-pngwio.lo libpng12_la-pngwrite.lo libpng12_la-pngrtran.lo libpng12_la-pngwtran.lo libpng12_la-pngmem.lo libpng12_la-pngerror.lo libpng12_la-pngpread.lo  -lz -lm 
libtool: link: /usr/gcc/7/bin/gcc -shared  -fPIC -DPIC -Wl,-z -Wl,text -Wl,-h -Wl,libpng12.so.0 -o .libs/libpng12.so.0.57.0  .libs/libpng12_la-png.o .libs/libpng12_la-pngset.o .libs/libpng12_la-pngget.o .libs/libpng12_la-pngrutil.o .libs/libpng12_la-pngtrans.o .libs/libpng12_la-pngwutil.o .libs/libpng12_la-pngread.o .libs/libpng12_la-pngrio.o .libs/libpng12_la-pngwio.o .libs/libpng12_la-pngwrite.o .libs/libpng12_la-pngrtran.o .libs/libpng12_la-pngwtran.o .libs/libpng12_la-pngmem.o .libs/libpng12_la-pngerror.o .libs/libpng12_la-pngpread.o   -lz -lm  -m64 -O3 -Wl,--version-script=libpng.vers -Wl,-zgnu-version-script-compat  
libtool: link: (cd ".libs" && rm -f "libpng12.so.0" && ln -s "libpng12.so.0.57.0" "libpng12.so.0")
libtool: link: (cd ".libs" && rm -f "libpng12.so" && ln -s "libpng12.so.0.57.0" "libpng12.so")
libtool: link: ( cd ".libs" && rm -f "libpng12.la" && ln -s "../libpng12.la" "libpng12.la" )
/bin/bash ./libtool  --tag=CC   --mode=compile /usr/gcc/7/bin/gcc -DHAVE_CONFIG_H -I. -I/ws/userland/src/components/desktop/libpng12/libpng-1.2.57  -DPNG_CONFIGURE_LIBPNG  -m64  -m64 -O3 -MT libpng_la-png.lo -MD -MP -MF .deps/libpng_la-png.Tpo -c -o libpng_la-png.lo `test -f 'png.c' || echo '/ws/userland/src/components/desktop/libpng12/libpng-1.2.57/'`png.c
libtool: compile:  /usr/gcc/7/bin/gcc -DHAVE_CONFIG_H -I. -I/ws/userland/src/components/desktop/libpng12/libpng-1.2.57 -DPNG_CONFIGURE_LIBPNG -m64 -m64 -O3 -MT libpng_la-png.lo -MD -MP -MF .deps/libpng_la-png.Tpo -c /ws/userland/src/components/desktop/libpng12/libpng-1.2.57/png.c  -fPIC -DPIC -o .libs/libpng_la-png.o
mv -f .deps/libpng_la-png.Tpo .deps/libpng_la-png.Plo
/bin/bash ./libtool  --tag=CC   --mode=compile /usr/gcc/7/bin/gcc -DHAVE_CONFIG_H -I. -I/ws/userland/src/components/desktop/libpng12/libpng-1.2.57  -DPNG_CONFIGURE_LIBPNG  -m64  -m64 -O3 -MT libpng_la-pngset.lo -MD -MP -MF .deps/libpng_la-pngset.Tpo -c -o libpng_la-pngset.lo `test -f 'pngset.c' || echo '/ws/userland/src/components/desktop/libpng12/libpng-1.2.57/'`pngset.c
libtool: compile:  /usr/gcc/7/bin/gcc -DHAVE_CONFIG_H -I. -I/ws/userland/src/components/desktop/libpng12/libpng-1.2.57 -DPNG_CONFIGURE_LIBPNG -m64 -m64 -O3 -MT libpng_la-pngset.lo -MD -MP -MF .deps/libpng_la-pngset.Tpo -c /ws/userland/src/components/desktop/libpng12/libpng-1.2.57/pngset.c  -fPIC -DPIC -o .libs/libpng_la-pngset.o
mv -f .deps/libpng_la-pngset.Tpo .deps/libpng_la-pngset.Plo
/bin/bash ./libtool  --tag=CC   --mode=compile /usr/gcc/7/bin/gcc -DHAVE_CONFIG_H -I. -I/ws/userland/src/components/desktop/libpng12/libpng-1.2.57  -DPNG_CONFIGURE_LIBPNG  -m64  -m64 -O3 -MT libpng_la-pngget.lo -MD -MP -MF .deps/libpng_la-pngget.Tpo -c -o libpng_la-pngget.lo `test -f 'pngget.c' || echo '/ws/userland/src/components/desktop/libpng12/libpng-1.2.57/'`pngget.c
libtool: compile:  /usr/gcc/7/bin/gcc -DHAVE_CONFIG_H -I. -I/ws/userland/src/components/desktop/libpng12/libpng-1.2.57 -DPNG_CONFIGURE_LIBPNG -m64 -m64 -O3 -MT libpng_la-pngget.lo -MD -MP -MF .deps/libpng_la-pngget.Tpo -c /ws/userland/src/components/desktop/libpng12/libpng-1.2.57/pngget.c  -fPIC -DPIC -o .libs/libpng_la-pngget.o
mv -f .deps/libpng_la-pngget.Tpo .deps/libpng_la-pngget.Plo
/bin/bash ./libtool  --tag=CC   --mode=compile /usr/gcc/7/bin/gcc -DHAVE_CONFIG_H -I. -I/ws/userland/src/components/desktop/libpng12/libpng-1.2.57  -DPNG_CONFIGURE_LIBPNG  -m64  -m64 -O3 -MT libpng_la-pngrutil.lo -MD -MP -MF .deps/libpng_la-pngrutil.Tpo -c -o libpng_la-pngrutil.lo `test -f 'pngrutil.c' || echo '/ws/userland/src/components/desktop/libpng12/libpng-1.2.57/'`pngrutil.c
libtool: compile:  /usr/gcc/7/bin/gcc -DHAVE_CONFIG_H -I. -I/ws/userland/src/components/desktop/libpng12/libpng-1.2.57 -DPNG_CONFIGURE_LIBPNG -m64 -m64 -O3 -MT libpng_la-pngrutil.lo -MD -MP -MF .deps/libpng_la-pngrutil.Tpo -c /ws/userland/src/components/desktop/libpng12/libpng-1.2.57/pngrutil.c  -fPIC -DPIC -o .libs/libpng_la-pngrutil.o
mv -f .deps/libpng_la-pngrutil.Tpo .deps/libpng_la-pngrutil.Plo
/bin/bash ./libtool  --tag=CC   --mode=compile /usr/gcc/7/bin/gcc -DHAVE_CONFIG_H -I. -I/ws/userland/src/components/desktop/libpng12/libpng-1.2.57  -DPNG_CONFIGURE_LIBPNG  -m64  -m64 -O3 -MT libpng_la-pngtrans.lo -MD -MP -MF .deps/libpng_la-pngtrans.Tpo -c -o libpng_la-pngtrans.lo `test -f 'pngtrans.c' || echo '/ws/userland/src/components/desktop/libpng12/libpng-1.2.57/'`pngtrans.c
libtool: compile:  /usr/gcc/7/bin/gcc -DHAVE_CONFIG_H -I. -I/ws/userland/src/components/desktop/libpng12/libpng-1.2.57 -DPNG_CONFIGURE_LIBPNG -m64 -m64 -O3 -MT libpng_la-pngtrans.lo -MD -MP -MF .deps/libpng_la-pngtrans.Tpo -c /ws/userland/src/components/desktop/libpng12/libpng-1.2.57/pngtrans.c  -fPIC -DPIC -o .libs/libpng_la-pngtrans.o
mv -f .deps/libpng_la-pngtrans.Tpo .deps/libpng_la-pngtrans.Plo
/bin/bash ./libtool  --tag=CC   --mode=compile /usr/gcc/7/bin/gcc -DHAVE_CONFIG_H -I. -I/ws/userland/src/components/desktop/libpng12/libpng-1.2.57  -DPNG_CONFIGURE_LIBPNG  -m64  -m64 -O3 -MT libpng_la-pngwutil.lo -MD -MP -MF .deps/libpng_la-pngwutil.Tpo -c -o libpng_la-pngwutil.lo `test -f 'pngwutil.c' || echo '/ws/userland/src/components/desktop/libpng12/libpng-1.2.57/'`pngwutil.c
libtool: compile:  /usr/gcc/7/bin/gcc -DHAVE_CONFIG_H -I. -I/ws/userland/src/components/desktop/libpng12/libpng-1.2.57 -DPNG_CONFIGURE_LIBPNG -m64 -m64 -O3 -MT libpng_la-pngwutil.lo -MD -MP -MF .deps/libpng_la-pngwutil.Tpo -c /ws/userland/src/components/desktop/libpng12/libpng-1.2.57/pngwutil.c  -fPIC -DPIC -o .libs/libpng_la-pngwutil.o
mv -f .deps/libpng_la-pngwutil.Tpo .deps/libpng_la-pngwutil.Plo
/bin/bash ./libtool  --tag=CC   --mode=compile /usr/gcc/7/bin/gcc -DHAVE_CONFIG_H -I. -I/ws/userland/src/components/desktop/libpng12/libpng-1.2.57  -DPNG_CONFIGURE_LIBPNG  -m64  -m64 -O3 -MT libpng_la-pngread.lo -MD -MP -MF .deps/libpng_la-pngread.Tpo -c -o libpng_la-pngread.lo `test -f 'pngread.c' || echo '/ws/userland/src/components/desktop/libpng12/libpng-1.2.57/'`pngread.c
libtool: compile:  /usr/gcc/7/bin/gcc -DHAVE_CONFIG_H -I. -I/ws/userland/src/components/desktop/libpng12/libpng-1.2.57 -DPNG_CONFIGURE_LIBPNG -m64 -m64 -O3 -MT libpng_la-pngread.lo -MD -MP -MF .deps/libpng_la-pngread.Tpo -c /ws/userland/src/components/desktop/libpng12/libpng-1.2.57/pngread.c  -fPIC -DPIC -o .libs/libpng_la-pngread.o
mv -f .deps/libpng_la-pngread.Tpo .deps/libpng_la-pngread.Plo
/bin/bash ./libtool  --tag=CC   --mode=compile /usr/gcc/7/bin/gcc -DHAVE_CONFIG_H -I. -I/ws/userland/src/components/desktop/libpng12/libpng-1.2.57  -DPNG_CONFIGURE_LIBPNG  -m64  -m64 -O3 -MT libpng_la-pngrio.lo -MD -MP -MF .deps/libpng_la-pngrio.Tpo -c -o libpng_la-pngrio.lo `test -f 'pngrio.c' || echo '/ws/userland/src/components/desktop/libpng12/libpng-1.2.57/'`pngrio.c
libtool: compile:  /usr/gcc/7/bin/gcc -DHAVE_CONFIG_H -I. -I/ws/userland/src/components/desktop/libpng12/libpng-1.2.57 -DPNG_CONFIGURE_LIBPNG -m64 -m64 -O3 -MT libpng_la-pngrio.lo -MD -MP -MF .deps/libpng_la-pngrio.Tpo -c /ws/userland/src/components/desktop/libpng12/libpng-1.2.57/pngrio.c  -fPIC -DPIC -o .libs/libpng_la-pngrio.o
mv -f .deps/libpng_la-pngrio.Tpo .deps/libpng_la-pngrio.Plo
/bin/bash ./libtool  --tag=CC   --mode=compile /usr/gcc/7/bin/gcc -DHAVE_CONFIG_H -I. -I/ws/userland/src/components/desktop/libpng12/libpng-1.2.57  -DPNG_CONFIGURE_LIBPNG  -m64  -m64 -O3 -MT libpng_la-pngwio.lo -MD -MP -MF .deps/libpng_la-pngwio.Tpo -c -o libpng_la-pngwio.lo `test -f 'pngwio.c' || echo '/ws/userland/src/components/desktop/libpng12/libpng-1.2.57/'`pngwio.c
libtool: compile:  /usr/gcc/7/bin/gcc -DHAVE_CONFIG_H -I. -I/ws/userland/src/components/desktop/libpng12/libpng-1.2.57 -DPNG_CONFIGURE_LIBPNG -m64 -m64 -O3 -MT libpng_la-pngwio.lo -MD -MP -MF .deps/libpng_la-pngwio.Tpo -c /ws/userland/src/components/desktop/libpng12/libpng-1.2.57/pngwio.c  -fPIC -DPIC -o .libs/libpng_la-pngwio.o
mv -f .deps/libpng_la-pngwio.Tpo .deps/libpng_la-pngwio.Plo
/bin/bash ./libtool  --tag=CC   --mode=compile /usr/gcc/7/bin/gcc -DHAVE_CONFIG_H -I. -I/ws/userland/src/components/desktop/libpng12/libpng-1.2.57  -DPNG_CONFIGURE_LIBPNG  -m64  -m64 -O3 -MT libpng_la-pngwrite.lo -MD -MP -MF .deps/libpng_la-pngwrite.Tpo -c -o libpng_la-pngwrite.lo `test -f 'pngwrite.c' || echo '/ws/userland/src/components/desktop/libpng12/libpng-1.2.57/'`pngwrite.c
libtool: compile:  /usr/gcc/7/bin/gcc -DHAVE_CONFIG_H -I. -I/ws/userland/src/components/desktop/libpng12/libpng-1.2.57 -DPNG_CONFIGURE_LIBPNG -m64 -m64 -O3 -MT libpng_la-pngwrite.lo -MD -MP -MF .deps/libpng_la-pngwrite.Tpo -c /ws/userland/src/components/desktop/libpng12/libpng-1.2.57/pngwrite.c  -fPIC -DPIC -o .libs/libpng_la-pngwrite.o
mv -f .deps/libpng_la-pngwrite.Tpo .deps/libpng_la-pngwrite.Plo
/bin/bash ./libtool  --tag=CC   --mode=compile /usr/gcc/7/bin/gcc -DHAVE_CONFIG_H -I. -I/ws/userland/src/components/desktop/libpng12/libpng-1.2.57  -DPNG_CONFIGURE_LIBPNG  -m64  -m64 -O3 -MT libpng_la-pngrtran.lo -MD -MP -MF .deps/libpng_la-pngrtran.Tpo -c -o libpng_la-pngrtran.lo `test -f 'pngrtran.c' || echo '/ws/userland/src/components/desktop/libpng12/libpng-1.2.57/'`pngrtran.c
libtool: compile:  /usr/gcc/7/bin/gcc -DHAVE_CONFIG_H -I. -I/ws/userland/src/components/desktop/libpng12/libpng-1.2.57 -DPNG_CONFIGURE_LIBPNG -m64 -m64 -O3 -MT libpng_la-pngrtran.lo -MD -MP -MF .deps/libpng_la-pngrtran.Tpo -c /ws/userland/src/components/desktop/libpng12/libpng-1.2.57/pngrtran.c  -fPIC -DPIC -o .libs/libpng_la-pngrtran.o
mv -f .deps/libpng_la-pngrtran.Tpo .deps/libpng_la-pngrtran.Plo
/bin/bash ./libtool  --tag=CC   --mode=compile /usr/gcc/7/bin/gcc -DHAVE_CONFIG_H -I. -I/ws/userland/src/components/desktop/libpng12/libpng-1.2.57  -DPNG_CONFIGURE_LIBPNG  -m64  -m64 -O3 -MT libpng_la-pngwtran.lo -MD -MP -MF .deps/libpng_la-pngwtran.Tpo -c -o libpng_la-pngwtran.lo `test -f 'pngwtran.c' || echo '/ws/userland/src/components/desktop/libpng12/libpng-1.2.57/'`pngwtran.c
libtool: compile:  /usr/gcc/7/bin/gcc -DHAVE_CONFIG_H -I. -I/ws/userland/src/components/desktop/libpng12/libpng-1.2.57 -DPNG_CONFIGURE_LIBPNG -m64 -m64 -O3 -MT libpng_la-pngwtran.lo -MD -MP -MF .deps/libpng_la-pngwtran.Tpo -c /ws/userland/src/components/desktop/libpng12/libpng-1.2.57/pngwtran.c  -fPIC -DPIC -o .libs/libpng_la-pngwtran.o
mv -f .deps/libpng_la-pngwtran.Tpo .deps/libpng_la-pngwtran.Plo
/bin/bash ./libtool  --tag=CC   --mode=compile /usr/gcc/7/bin/gcc -DHAVE_CONFIG_H -I. -I/ws/userland/src/components/desktop/libpng12/libpng-1.2.57  -DPNG_CONFIGURE_LIBPNG  -m64  -m64 -O3 -MT libpng_la-pngmem.lo -MD -MP -MF .deps/libpng_la-pngmem.Tpo -c -o libpng_la-pngmem.lo `test -f 'pngmem.c' || echo '/ws/userland/src/components/desktop/libpng12/libpng-1.2.57/'`pngmem.c
libtool: compile:  /usr/gcc/7/bin/gcc -DHAVE_CONFIG_H -I. -I/ws/userland/src/components/desktop/libpng12/libpng-1.2.57 -DPNG_CONFIGURE_LIBPNG -m64 -m64 -O3 -MT libpng_la-pngmem.lo -MD -MP -MF .deps/libpng_la-pngmem.Tpo -c /ws/userland/src/components/desktop/libpng12/libpng-1.2.57/pngmem.c  -fPIC -DPIC -o .libs/libpng_la-pngmem.o
mv -f .deps/libpng_la-pngmem.Tpo .deps/libpng_la-pngmem.Plo
/bin/bash ./libtool  --tag=CC   --mode=compile /usr/gcc/7/bin/gcc -DHAVE_CONFIG_H -I. -I/ws/userland/src/components/desktop/libpng12/libpng-1.2.57  -DPNG_CONFIGURE_LIBPNG  -m64  -m64 -O3 -MT libpng_la-pngerror.lo -MD -MP -MF .deps/libpng_la-pngerror.Tpo -c -o libpng_la-pngerror.lo `test -f 'pngerror.c' || echo '/ws/userland/src/components/desktop/libpng12/libpng-1.2.57/'`pngerror.c
libtool: compile:  /usr/gcc/7/bin/gcc -DHAVE_CONFIG_H -I. -I/ws/userland/src/components/desktop/libpng12/libpng-1.2.57 -DPNG_CONFIGURE_LIBPNG -m64 -m64 -O3 -MT libpng_la-pngerror.lo -MD -MP -MF .deps/libpng_la-pngerror.Tpo -c /ws/userland/src/components/desktop/libpng12/libpng-1.2.57/pngerror.c  -fPIC -DPIC -o .libs/libpng_la-pngerror.o
mv -f .deps/libpng_la-pngerror.Tpo .deps/libpng_la-pngerror.Plo
/bin/bash ./libtool  --tag=CC   --mode=compile /usr/gcc/7/bin/gcc -DHAVE_CONFIG_H -I. -I/ws/userland/src/components/desktop/libpng12/libpng-1.2.57  -DPNG_CONFIGURE_LIBPNG  -m64  -m64 -O3 -MT libpng_la-pngpread.lo -MD -MP -MF .deps/libpng_la-pngpread.Tpo -c -o libpng_la-pngpread.lo `test -f 'pngpread.c' || echo '/ws/userland/src/components/desktop/libpng12/libpng-1.2.57/'`pngpread.c
libtool: compile:  /usr/gcc/7/bin/gcc -DHAVE_CONFIG_H -I. -I/ws/userland/src/components/desktop/libpng12/libpng-1.2.57 -DPNG_CONFIGURE_LIBPNG -m64 -m64 -O3 -MT libpng_la-pngpread.lo -MD -MP -MF .deps/libpng_la-pngpread.Tpo -c /ws/userland/src/components/desktop/libpng12/libpng-1.2.57/pngpread.c  -fPIC -DPIC -o .libs/libpng_la-pngpread.o
mv -f .deps/libpng_la-pngpread.Tpo .deps/libpng_la-pngpread.Plo
/bin/bash ./libtool  --tag=CC   --mode=link /usr/gcc/7/bin/gcc  -m64 -O3 -rpath '/usr/lib/amd64' -no-undefined -export-dynamic -version-number 3:57:0 -Wl,-zgnu-version-script-compat -o libpng.la  libpng_la-png.lo libpng_la-pngset.lo libpng_la-pngget.lo libpng_la-pngrutil.lo libpng_la-pngtrans.lo libpng_la-pngwutil.lo libpng_la-pngread.lo libpng_la-pngrio.lo libpng_la-pngwio.lo libpng_la-pngwrite.lo libpng_la-pngrtran.lo libpng_la-pngwtran.lo libpng_la-pngmem.lo libpng_la-pngerror.lo libpng_la-pngpread.lo  -lz -lm 
libtool: link: /usr/gcc/7/bin/gcc -shared  -fPIC -DPIC -Wl,-z -Wl,text -Wl,-h -Wl,libpng.so.3 -o .libs/libpng.so.3.57.0  .libs/libpng_la-png.o .libs/libpng_la-pngset.o .libs/libpng_la-pngget.o .libs/libpng_la-pngrutil.o .libs/libpng_la-pngtrans.o .libs/libpng_la-pngwutil.o .libs/libpng_la-pngread.o .libs/libpng_la-pngrio.o .libs/libpng_la-pngwio.o .libs/libpng_la-pngwrite.o .libs/libpng_la-pngrtran.o .libs/libpng_la-pngwtran.o .libs/libpng_la-pngmem.o .libs/libpng_la-pngerror.o .libs/libpng_la-pngpread.o   -lz -lm  -m64 -O3 -Wl,-zgnu-version-script-compat  
libtool: link: (cd ".libs" && rm -f "libpng.so.3" && ln -s "libpng.so.3.57.0" "libpng.so.3")
libtool: link: (cd ".libs" && rm -f "libpng.so" && ln -s "libpng.so.3.57.0" "libpng.so")
libtool: link: ( cd ".libs" && rm -f "libpng.la" && ln -s "../libpng.la" "libpng.la" )
cp libpng-config libpng12-config
cp libpng.pc libpng12.pc
make[2]: Leaving directory '/ws/userland/src/components/desktop/libpng12/build/amd64'
make[1]: Leaving directory '/ws/userland/src/components/desktop/libpng12/build/amd64'
/usr/bin/touch /ws/userland/src/components/desktop/libpng12/build/amd64/.built
(cd /ws/userland/src/components/desktop/libpng12/build/i86 ; /usr/bin/env LD_OPTIONS="-M /usr/lib/ld/map.noexdata -M /usr/lib/ld/map.pagealign -Bdirect -zignore -zstrip-class=comment" LD_EXEC_OPTIONS=" -zsx=aslr=enable -zsx=nxstack=enable -zsx=nxheap=enable " LD_PIE_OPTIONS="-zsx=aslr=enable -zsx=nxstack=enable -zsx=nxheap=enable "  /usr/gnu/bin/make \
		 DESTDIR=/ws/userland/src/components/desktop/libpng12/build/prototype/i386 install)
make[1]: Entering directory '/ws/userland/src/components/desktop/libpng12/build/i86'
make[2]: Entering directory '/ws/userland/src/components/desktop/libpng12/build/i86'
 /usr/bin/gmkdir -p '/ws/userland/src/components/desktop/libpng12/build/prototype/i386/usr/bin'
 /usr/bin/ginstall -c libpng12-config '/ws/userland/src/components/desktop/libpng12/build/prototype/i386/usr/bin'
 /usr/bin/gmkdir -p '/ws/userland/src/components/desktop/libpng12/build/prototype/i386/usr/lib'
 /bin/bash ./libtool   --mode=install /usr/bin/ginstall -c   libpng12.la libpng.la '/ws/userland/src/components/desktop/libpng12/build/prototype/i386/usr/lib'
libtool: install: /usr/bin/ginstall -c .libs/libpng12.so.0.57.0 /ws/userland/src/components/desktop/libpng12/build/prototype/i386/usr/lib/libpng12.so.0.57.0
libtool: install: (cd /ws/userland/src/components/desktop/libpng12/build/prototype/i386/usr/lib && { ln -s -f libpng12.so.0.57.0 libpng12.so.0 || { rm -f libpng12.so.0 && ln -s libpng12.so.0.57.0 libpng12.so.0; }; })
libtool: install: (cd /ws/userland/src/components/desktop/libpng12/build/prototype/i386/usr/lib && { ln -s -f libpng12.so.0.57.0 libpng12.so || { rm -f libpng12.so && ln -s libpng12.so.0.57.0 libpng12.so; }; })
libtool: install: chmod +x /ws/userland/src/components/desktop/libpng12/build/prototype/i386/usr/lib/libpng12.so.0.57.0
libtool: install: /usr/bin/ginstall -c .libs/libpng12.lai /ws/userland/src/components/desktop/libpng12/build/prototype/i386/usr/lib/libpng12.la
libtool: install: /usr/bin/ginstall -c .libs/libpng.so.3.57.0 /ws/userland/src/components/desktop/libpng12/build/prototype/i386/usr/lib/libpng.so.3.57.0
libtool: install: (cd /ws/userland/src/components/desktop/libpng12/build/prototype/i386/usr/lib && { ln -s -f libpng.so.3.57.0 libpng.so.3 || { rm -f libpng.so.3 && ln -s libpng.so.3.57.0 libpng.so.3; }; })
libtool: install: (cd /ws/userland/src/components/desktop/libpng12/build/prototype/i386/usr/lib && { ln -s -f libpng.so.3.57.0 libpng.so || { rm -f libpng.so && ln -s libpng.so.3.57.0 libpng.so; }; })
libtool: install: chmod +x /ws/userland/src/components/desktop/libpng12/build/prototype/i386/usr/lib/libpng.so.3.57.0
libtool: install: /usr/bin/ginstall -c .libs/libpng.lai /ws/userland/src/components/desktop/libpng12/build/prototype/i386/usr/lib/libpng.la
libtool: warning: remember to run 'libtool --finish /usr/lib'
/usr/gnu/bin/make  install-exec-hook
make[3]: Entering directory '/ws/userland/src/components/desktop/libpng12/build/i86'
cd /ws/userland/src/components/desktop/libpng12/build/prototype/i386/usr/bin; rm -f libpng-config
cd /ws/userland/src/components/desktop/libpng12/build/prototype/i386/usr/bin; ln -s libpng12-config libpng-config
+ cd /ws/userland/src/components/desktop/libpng12/build/prototype/i386/usr/lib
+ for ext in a la so sl dylib
+ rm -f libpng.a
+ test -f libpng12.a
+ for ext in a la so sl dylib
+ rm -f libpng.la
+ test -f libpng12.la
+ ln -s libpng12.la libpng.la
+ for ext in a la so sl dylib
+ rm -f libpng.so
+ test -f libpng12.so
+ ln -s libpng12.so libpng.so
+ for ext in a la so sl dylib
+ rm -f libpng.sl
+ test -f libpng12.sl
+ for ext in a la so sl dylib
+ rm -f libpng.dylib
+ test -f libpng12.dylib
make[3]: Leaving directory '/ws/userland/src/components/desktop/libpng12/build/i86'
 /usr/bin/gmkdir -p '/ws/userland/src/components/desktop/libpng12/build/prototype/i386/usr/share/man/man3'
 /usr/bin/ginstall -c -m 644 /ws/userland/src/components/desktop/libpng12/libpng-1.2.57/libpng.3 /ws/userland/src/components/desktop/libpng12/libpng-1.2.57/libpngpf.3 '/ws/userland/src/components/desktop/libpng12/build/prototype/i386/usr/share/man/man3'
 /usr/bin/gmkdir -p '/ws/userland/src/components/desktop/libpng12/build/prototype/i386/usr/share/man/man5'
 /usr/bin/ginstall -c -m 644 /ws/userland/src/components/desktop/libpng12/libpng-1.2.57/png.5 '/ws/userland/src/components/desktop/libpng12/build/prototype/i386/usr/share/man/man5'
 /usr/bin/gmkdir -p '/ws/userland/src/components/desktop/libpng12/build/prototype/i386/usr/lib/pkgconfig'
 /usr/bin/ginstall -c -m 644 libpng12.pc '/ws/userland/src/components/desktop/libpng12/build/prototype/i386/usr/lib/pkgconfig'
 /usr/bin/gmkdir -p '/ws/userland/src/components/desktop/libpng12/build/prototype/i386/usr/include/libpng12'
 /usr/bin/ginstall -c -m 644 /ws/userland/src/components/desktop/libpng12/libpng-1.2.57/png.h /ws/userland/src/components/desktop/libpng12/libpng-1.2.57/pngconf.h '/ws/userland/src/components/desktop/libpng12/build/prototype/i386/usr/include/libpng12'
/usr/gnu/bin/make  install-data-hook
make[3]: Entering directory '/ws/userland/src/components/desktop/libpng12/build/i86'
cd /ws/userland/src/components/desktop/libpng12/build/prototype/i386/usr/include; rm -f png.h pngconf.h
cd /ws/userland/src/components/desktop/libpng12/build/prototype/i386/usr/include; ln -s libpng12/png.h png.h
cd /ws/userland/src/components/desktop/libpng12/build/prototype/i386/usr/include; ln -s libpng12/pngconf.h pngconf.h
cd /ws/userland/src/components/desktop/libpng12/build/prototype/i386/usr/lib/pkgconfig; rm -f libpng.pc
cd /ws/userland/src/components/desktop/libpng12/build/prototype/i386/usr/lib/pkgconfig; ln -s libpng12.pc libpng.pc
make[3]: Leaving directory '/ws/userland/src/components/desktop/libpng12/build/i86'
make[2]: Leaving directory '/ws/userland/src/components/desktop/libpng12/build/i86'
make[1]: Leaving directory '/ws/userland/src/components/desktop/libpng12/build/i86'
/usr/bin/touch /ws/userland/src/components/desktop/libpng12/build/i86/.installed
(cd /ws/userland/src/components/desktop/libpng12/build/amd64 ; /usr/bin/env LD_OPTIONS="-M /usr/lib/ld/map.noexdata -M /usr/lib/ld/map.pagealign -Bdirect -zignore -zstrip-class=comment" LD_EXEC_OPTIONS=" -zsx=aslr=enable -zsx=nxstack=enable -zsx=nxheap=enable " LD_PIE_OPTIONS="-zsx=aslr=enable -zsx=nxstack=enable -zsx=nxheap=enable "  /usr/gnu/bin/make \
		 DESTDIR=/ws/userland/src/components/desktop/libpng12/build/prototype/i386 install)
make[1]: Entering directory '/ws/userland/src/components/desktop/libpng12/build/amd64'
make[2]: Entering directory '/ws/userland/src/components/desktop/libpng12/build/amd64'
 /usr/bin/gmkdir -p '/ws/userland/src/components/desktop/libpng12/build/prototype/i386/usr/bin/amd64'
 /usr/bin/ginstall -c libpng12-config '/ws/userland/src/components/desktop/libpng12/build/prototype/i386/usr/bin/amd64'
 /usr/bin/gmkdir -p '/ws/userland/src/components/desktop/libpng12/build/prototype/i386/usr/lib/amd64'
 /bin/bash ./libtool   --mode=install /usr/bin/ginstall -c   libpng12.la libpng.la '/ws/userland/src/components/desktop/libpng12/build/prototype/i386/usr/lib/amd64'
libtool: install: /usr/bin/ginstall -c .libs/libpng12.so.0.57.0 /ws/userland/src/components/desktop/libpng12/build/prototype/i386/usr/lib/amd64/libpng12.so.0.57.0
libtool: install: (cd /ws/userland/src/components/desktop/libpng12/build/prototype/i386/usr/lib/amd64 && { ln -s -f libpng12.so.0.57.0 libpng12.so.0 || { rm -f libpng12.so.0 && ln -s libpng12.so.0.57.0 libpng12.so.0; }; })
libtool: install: (cd /ws/userland/src/components/desktop/libpng12/build/prototype/i386/usr/lib/amd64 && { ln -s -f libpng12.so.0.57.0 libpng12.so || { rm -f libpng12.so && ln -s libpng12.so.0.57.0 libpng12.so; }; })
libtool: install: chmod +x /ws/userland/src/components/desktop/libpng12/build/prototype/i386/usr/lib/amd64/libpng12.so.0.57.0
libtool: install: /usr/bin/ginstall -c .libs/libpng12.lai /ws/userland/src/components/desktop/libpng12/build/prototype/i386/usr/lib/amd64/libpng12.la
libtool: install: /usr/bin/ginstall -c .libs/libpng.so.3.57.0 /ws/userland/src/components/desktop/libpng12/build/prototype/i386/usr/lib/amd64/libpng.so.3.57.0
libtool: install: (cd /ws/userland/src/components/desktop/libpng12/build/prototype/i386/usr/lib/amd64 && { ln -s -f libpng.so.3.57.0 libpng.so.3 || { rm -f libpng.so.3 && ln -s libpng.so.3.57.0 libpng.so.3; }; })
libtool: install: (cd /ws/userland/src/components/desktop/libpng12/build/prototype/i386/usr/lib/amd64 && { ln -s -f libpng.so.3.57.0 libpng.so || { rm -f libpng.so && ln -s libpng.so.3.57.0 libpng.so; }; })
libtool: install: chmod +x /ws/userland/src/components/desktop/libpng12/build/prototype/i386/usr/lib/amd64/libpng.so.3.57.0
libtool: install: /usr/bin/ginstall -c .libs/libpng.lai /ws/userland/src/components/desktop/libpng12/build/prototype/i386/usr/lib/amd64/libpng.la
libtool: warning: remember to run 'libtool --finish /usr/lib/amd64'
/usr/gnu/bin/make  install-exec-hook
make[3]: Entering directory '/ws/userland/src/components/desktop/libpng12/build/amd64'
cd /ws/userland/src/components/desktop/libpng12/build/prototype/i386/usr/bin/amd64; rm -f libpng-config
cd /ws/userland/src/components/desktop/libpng12/build/prototype/i386/usr/bin/amd64; ln -s libpng12-config libpng-config
+ cd /ws/userland/src/components/desktop/libpng12/build/prototype/i386/usr/lib/amd64
+ for ext in a la so sl dylib
+ rm -f libpng.a
+ test -f libpng12.a
+ for ext in a la so sl dylib
+ rm -f libpng.la
+ test -f libpng12.la
+ ln -s libpng12.la libpng.la
+ for ext in a la so sl dylib
+ rm -f libpng.so
+ test -f libpng12.so
+ ln -s libpng12.so libpng.so
+ for ext in a la so sl dylib
+ rm -f libpng.sl
+ test -f libpng12.sl
+ for ext in a la so sl dylib
+ rm -f libpng.dylib
+ test -f libpng12.dylib
make[3]: Leaving directory '/ws/userland/src/components/desktop/libpng12/build/amd64'
 /usr/bin/gmkdir -p '/ws/userland/src/components/desktop/libpng12/build/prototype/i386/usr/share/man/man3'
 /usr/bin/ginstall -c -m 644 /ws/userland/src/components/desktop/libpng12/libpng-1.2.57/libpng.3 /ws/userland/src/components/desktop/libpng12/libpng-1.2.57/libpngpf.3 '/ws/userland/src/components/desktop/libpng12/build/prototype/i386/usr/share/man/man3'
 /usr/bin/gmkdir -p '/ws/userland/src/components/desktop/libpng12/build/prototype/i386/usr/share/man/man5'
 /usr/bin/ginstall -c -m 644 /ws/userland/src/components/desktop/libpng12/libpng-1.2.57/png.5 '/ws/userland/src/components/desktop/libpng12/build/prototype/i386/usr/share/man/man5'
 /usr/bin/gmkdir -p '/ws/userland/src/components/desktop/libpng12/build/prototype/i386/usr/lib/amd64/pkgconfig'
 /usr/bin/ginstall -c -m 644 libpng12.pc '/ws/userland/src/components/desktop/libpng12/build/prototype/i386/usr/lib/amd64/pkgconfig'
 /usr/bin/gmkdir -p '/ws/userland/src/components/desktop/libpng12/build/prototype/i386/usr/include/libpng12'
 /usr/bin/ginstall -c -m 644 /ws/userland/src/components/desktop/libpng12/libpng-1.2.57/png.h /ws/userland/src/components/desktop/libpng12/libpng-1.2.57/pngconf.h '/ws/userland/src/components/desktop/libpng12/build/prototype/i386/usr/include/libpng12'
/usr/gnu/bin/make  install-data-hook
make[3]: Entering directory '/ws/userland/src/components/desktop/libpng12/build/amd64'
cd /ws/userland/src/components/desktop/libpng12/build/prototype/i386/usr/include; rm -f png.h pngconf.h
cd /ws/userland/src/components/desktop/libpng12/build/prototype/i386/usr/include; ln -s libpng12/png.h png.h
cd /ws/userland/src/components/desktop/libpng12/build/prototype/i386/usr/include; ln -s libpng12/pngconf.h pngconf.h
cd /ws/userland/src/components/desktop/libpng12/build/prototype/i386/usr/lib/amd64/pkgconfig; rm -f libpng.pc
cd /ws/userland/src/components/desktop/libpng12/build/prototype/i386/usr/lib/amd64/pkgconfig; ln -s libpng12.pc libpng.pc
make[3]: Leaving directory '/ws/userland/src/components/desktop/libpng12/build/amd64'
make[2]: Leaving directory '/ws/userland/src/components/desktop/libpng12/build/amd64'
make[1]: Leaving directory '/ws/userland/src/components/desktop/libpng12/build/amd64'
/usr/bin/touch /ws/userland/src/components/desktop/libpng12/build/amd64/.installed
abort: there is no Mercurial repository here (.hg not found)
/usr/bin/pkgfmt -c -fv2 libpng12.p5m
/usr/bin/pkgmogrify -D PERL_ARCH=i86pc-solaris-thread-multi-64 -D PERL_VERSION=5.22 -D IPS_COMPONENT_RE_VERSION=1\\.2\\.57 -D COMPONENT_RE_VERSION=1\\.2\\.57 -D PYTHON_2.7_ONLY=# -D PYTHON_3.4_ONLY=# -D PYTHON_3.5_ONLY=# -D SQ=\' -D DQ=\" -D Q=\" -I/ws/userland/src/components/desktop/libpng12 -D SOLARIS_11_3_ONLY="#" -D SOLARIS_11_5_ONLY="#" -D SOLARIS_11_3_4_ONLY="" -D SOLARIS_11_4_5_ONLY="" -D SOLARIS_11_4_ONLY="" -D ARC_CASE="" -D TPNO="34783" -D BUILD_VERSION="5.11-11.4.0.0.1.14.0" -D OS_RELEASE="5.11" -D SOLARIS_VERSION="2.11" -D PKG_SOLARIS_VERSION="11.4" -D CONSOLIDATION="userland" -D CONSOLIDATION_CHANGESET="" -D CONSOLIDATION_REPOSITORY_URL="https://github.com/oracle/solaris-userland.git" -D COMPONENT_VERSION="1.2.57" -D IPS_COMPONENT_VERSION="1.2.57" -D HUMAN_VERSION="" -D COMPONENT_ARCHIVE_URL="https://sourceforge.net/projects/libpng/files/libpng12/older-releases/1.2.57/libpng-1.2.57.tar.gz" -D COMPONENT_PROJECT_URL="http://www.libpng.org/" -D COMPONENT_NAME="libpng" -D HG_REPO="" -D HG_REV="" -D HG_URL="" -D GIT_COMMIT_ID="" -D GIT_REPO="" -D GIT_TAG="" -D MACH="i386" -D MACH32="i86" -D MACH64="amd64" -D PUBLISHER="nightly" -D PUBLISHER_LOCALIZABLE="userland-localizable" libpng12.p5m \
	/ws/userland/src/transforms/license-changes /ws/userland/src/transforms/variant-cleanup /ws/userland/src/transforms/autopyc /ws/userland/src/transforms/defaults /ws/userland/src/transforms/actuators /ws/userland/src/transforms/depends /ws/userland/src/transforms/devel /ws/userland/src/transforms/docs /ws/userland/src/transforms/locale /ws/userland/src/transforms/standard-python-libraries /ws/userland/src/transforms/python-rename /ws/userland/src/transforms/python-3-groups /ws/userland/src/transforms/python-3-soabi /ws/userland/src/transforms/python-3-no-32bit /ws/userland/src/transforms/ruby-tests /ws/userland/src/transforms/puppet /ws/userland/src/transforms/libtool-drop /ws/userland/src/transforms/incorporate /ws/userland/src/transforms/publish-cleanup | \
	sed -e '/^$/d' -e '/^#.*$/d' | uniq >/ws/userland/src/components/desktop/libpng12/build/manifest-i386-libpng12.mogrified
/bin/mkdir -p /ws/userland/src/components/desktop/libpng12/build/prototype/i386/mangled
/ws/userland/src/tools/userland-mangler -D /ws/userland/src/components/desktop/libpng12/build/prototype/i386/mangled -d /ws/userland/src/components/desktop/libpng12/build/prototype/i386/mangled -d /ws/userland/src/components/desktop/libpng12/build/prototype/i386 -d /ws/userland/src/components/desktop/libpng12/build -d /ws/userland/src/components/desktop/libpng12 -d libpng-1.2.57 -d /ws/userland/src/licenses -m /ws/userland/src/components/desktop/libpng12/build/manifest-i386-libpng12.mogrified >/ws/userland/src/components/desktop/libpng12/build/manifest-i386-libpng12.mangled
/usr/bin/env  /usr/bin/pkgdepend generate \
    -m -d /ws/userland/src/components/desktop/libpng12/build/prototype/i386/mangled -d /ws/userland/src/components/desktop/libpng12/build/prototype/i386 -d /ws/userland/src/components/desktop/libpng12/build -d /ws/userland/src/components/desktop/libpng12 -d libpng-1.2.57 -d /ws/userland/src/licenses /ws/userland/src/components/desktop/libpng12/build/manifest-i386-libpng12.mangled >/ws/userland/src/components/desktop/libpng12/build/manifest-i386-libpng12.depend
/usr/bin/pkgdepend resolve -e /ws/userland/src/components/desktop/libpng12/build/resolve.deps -m /ws/userland/src/components/desktop/libpng12/build/manifest-i386-libpng12.depend
/usr/bin/touch /ws/userland/src/components/desktop/libpng12/build/.resolved-i386
VALIDATING MANIFEST CONTENT: /ws/userland/src/components/desktop/libpng12/build/manifest-i386-libpng12.depend.res
/usr/bin/env PYTHONPATH=/ws/userland/src/tools/python PROTO_PATH="/ws/userland/src/components/desktop/libpng12/build/prototype/i386/mangled /ws/userland/src/components/desktop/libpng12/build/prototype/i386 /ws/userland/src/components/desktop/libpng12/build /ws/userland/src/components/desktop/libpng12 libpng-1.2.57 /ws/userland/src/licenses"\
	SOLARIS_VERSION=2.11\
	/bin/true -c /ws/userland/src/i386/pkglint-cache \
		-f /ws/userland/src/tools/pkglintrc /ws/userland/src/components/desktop/libpng12/build/manifest-i386-libpng12.depend.res
/usr/bin/touch /ws/userland/src/components/desktop/libpng12/build/.linted-i386
/usr/bin/pkgsend -s file:/ws/userland/src/i386/repo publish --fmri-in-manifest --no-catalog -d /ws/userland/src/components/desktop/libpng12/build/prototype/i386/mangled -d /ws/userland/src/components/desktop/libpng12/build/prototype/i386 -d /ws/userland/src/components/desktop/libpng12/build -d /ws/userland/src/components/desktop/libpng12 -d libpng-1.2.57 -d /ws/userland/src/licenses -T \*.py /ws/userland/src/components/desktop/libpng12/build/manifest-i386-libpng12.depend.res
pkg://nightly/image/library/libpng12@1.2.57,5.11-11.4.0.0.1.14.0:20190727T212732Z
PUBLISHED
/usr/bin/pkgfmt </ws/userland/src/components/desktop/libpng12/build/manifest-i386-libpng12.depend.res >/ws/userland/src/components/desktop/libpng12/build/manifest-i386-libpng12.published
/usr/bin/touch /ws/userland/src/components/desktop/libpng12/build/.published-i386
gmake: Leaving directory '/ws/userland/src/components/desktop/libpng12'

real       53.3
user       23.9
sys         4.7
